
1 BSEC warning code : 100

1 BSEC warning code : 100

1 BSEC warning code : 100

Exception (29):
epc1=0x4022a5e5 epc2=0x00000000 epc3=0x00000000 excvaddr=0x00000010 depc=0x00000000

>>>stack>>>

ctx: cont
sp: 3ffff8d0 end: 3fffffc0 offset: 01a0
3ffffa70:  02030317 00000007 00000000 3ff00000  
3ffffa80:  00000207 00000017 00000240 3fff0c69  
3ffffa90:  3ffef802 3fff0e40 3fff0509 00000000  
3ffffaa0:  3fff54e4 3fff0509 00000207 40239040  
3ffffab0:  00000207 7fffffff 3fff0e40 3ffe8de2  
3ffffac0:  4026e808 00000002 3ffe8db0 00000005  
3ffffad0:  3fff0e40 00000207 3fff565c 40211747  
3ffffae0:  3fff0921 7fffffff 00000000 000000ff  
3ffffaf0:  0000ff00 00ff0000 ff000000 3f800000  
3ffffb00:  00000000 00000002 3ffffb30 00000005  
3ffffb10:  3ffef804 3fff0e40 3fff0e40 40215ce9  
3ffffb20:  3fff0509 7fffffff 00000200 0000ff00  
3ffffb30:  00ff0000 ff000000 3fff0509 40215e0c  
3ffffb40:  00000002 3fff0e40 40217bb4 4020531c  
3ffffb50:  401038bf 3fffabf4 3ffe8704 40229904  
3ffffb60:  3fff0c69 3fff0e40 40217bb4 3fffefa0  
3ffffb70:  00000012 40103740 3fff0921 3fff0e40  
3ffffb80:  00000002 3ffef80c 3fff0921 40205422  
3ffffb90:  00000002 3ffe8db0 3ffe8de2 3ffef7e8  
3ffffba0:  4026e808 3ffe8e05 40217bb4 3ffe8de2  
3ffffbb0:  4026e808 00000002 3ffe8db0 402075ca  
3ffffbc0:  3ffef7e8 3ffe8db0 00000000 3ff00000  
3ffffbd0:  3fff0e40 00000000 00000002 3ffe8e05  
3ffffbe0:  3f800000 00000000 c0000000 3f800000  
3ffffbf0:  00000000 00000002 3fff0e40 402090d2  
3ffffc00:  3f800000 00000002 000000bc 40239040  
3ffffc10:  00000002 f5e3bea5 f3149660 00000003  
3ffffc20:  00000000 000b7ace 3ffe8704 00000078  
3ffffc30:  00000002 3fff0e40 3fff5804 40209337  
3ffffc40:  42dedb6e 4026f9da 4026f9e8 3ffefe64  
3ffffc50:  00000078 3f800000 3ffe8de2 40205445  
3ffffc60:  3ffe8cea 3fff57d4 20000000 3f92a5df  
3ffffc70:  38000000 00000000 3fff0a1b 3fff57d4  
3ffffc80:  3ffefbd0 00000002 3fff0e40 40209571  
3ffffc90:  3f800000 3ffffcc0 3fff0cc8 40215e0c  
3ffffca0:  3fff56e4 3fff0e40 3fff0cc8 4020c4b3  
3ffffcb0:  3fff0a1b 40271390 3fff0b15 3fffff28  
3ffffcc0:  3fffff2c 3fff0cc8 3fff0e40 40209644  
3ffffcd0:  3fffff2c 3fff0cc8 3fff0e40 4020c539  
3ffffce0:  3fff0509 00000200 3fffff28 ffffffff  
3ffffcf0:  3ffefee2 3fff0e40 3fff0509 402298d0  
3ffffd00:  3fff0519 1bee1980 7fffffef ffff0208  
3ffffd10:  3fff0509 7fffffff 000001f4 4021af18  
3ffffd20:  00000000 4bc6a7f0 00354365 3fff3714  
3ffffd30:  00000000 00000000 4bc6a7f0 00000000  
3ffffd40:  3ffffd78 0035418d 40101762 72f1a9fc  
3ffffd50:  00000000 3fff556c 3ffffd70 3fff3714  
3ffffd60:  3fff3fcc 0035418d 3fff565c 40211648  
3ffffd70:  3fff54e4 3fff55bc 40217bb4 3fffefa0  
3ffffd80:  00008ca0 00008ca0 00008ca0 40229904  
3ffffd90:  00000000 3fff3fcc 3fff0e40 000001bb  
3ffffda0:  00000000 3fffff24 3fffff20 00000001  
3ffffdb0:  00000000 00000000 4bc6a7f0 00000000  
3ffffdc0:  000001bb 3fff0b15 40101762 abc6a7ef  
3ffffdd0:  00000000 3fff0e40 3fff0509 00000001  
3ffffde0:  3fff0cc8 3fff0e40 3fff0509 4020c944  
3ffffdf0:  3fffff2c 3fff0e40 00000002 3fff0b15  
3ffffe00:  3fff0a1b 3fff0509 00000200 00000000  
3ffffe10:  3ffefee2 00020005 001e000a 00050005  
3ffffe20:  40271390 0000000a 3fffff20 3fffff24  
3ffffe30:  3fffff28 00000000 f744f000 0000032a  
3ffffe40:  42d1f59c 00000101 f744f000 40271390  
3ffffe50:  3fff0cc8 3fff0b15 3fff0a1b 4020caaf  
3ffffe60:  3fffff2c 3fff0b15 000001bb 00000002  
3ffffe70:  00000000 3fff0509 00000200 3fff0a1b  
3ffffe80:  3ffefee2 00000001 3fff10c4 0000032a  
3ffffe90:  0000000a 3fffff20 3fffff24 3fffff28  
3ffffea0:  3fff0a23 00000c01 00000001 40203fbf  
3ffffeb0:  402213a8 00000000 402213a8 3fff0b15  
3ffffec0:  00000002 3fff0a1b 3ffef810 4020682d  
3ffffed0:  3fffff2c 00000002 00000000 3fff0509  
3ffffee0:  00000200 3fff0a1b 3fff0b15 3ffefee2  
3ffffef0:  3ffefee2 00000000 0000000a 00000000  
3fffff00:  00000000 00000000 00000000 40206228  
3fffff10:  3ffefee2 3fff0a1b 3ffeffdc 4020695a  
3fffff20:  00000000 40206228 00000000 40209638  
3fffff30:  00000002 40209638 3ffefc34 4022021a  
3fffff40:  00000000 00000000 00000000 3fff226c  
3fffff50:  3fffdad0 00000000 3ffeffdc 40208f4c  
3fffff60:  00000000 00000000 3ffe8704 00000000  
3fffff70:  3fffdad0 3fff226c 40217bb4 3fffefa0  
3fffff80:  00000000 00000000 3fff0c82 40217c96  
3fffff90:  3fffdad0 00000000 3fff0c82 4020b8f8  
3fffffa0:  3fffdad0 00000000 3fff223c 40217c64  
3fffffb0:  feefeffe feefeffe 3ffe8704 40101ded  
<<<stack<<<

last failed alloc call: 40238F00(576)

 ets Jan  8 2013,rst cause:1, boot mode:(3,7)

load 0x4010f000, len 1384, room 16 
tail 8
chksum 0x2d
csum 0x2d
v8b899c12
~ld


7.04
 0h00:00.283 1970/01/01T08:00:00z: SPIFFS Active
 0h00:03.956 2025/10/11T00:03:37z: 48:3f:da:26:d5:3c
 0h00:03.957 2025/10/11T00:03:37z: SSID: AkgWarmer5
1 BSEC warning code : 100

1 BSEC warning code : 100

1 BSEC warning code : 100

1 BSEC warning code : 100

1 BSEC warning code : 100

1 BSEC warning code : 100

1 BSEC warning code : 100

1 BSEC warning code : 100

1 BSEC warning code : 100

1 BSEC warning code : 100

1 BSEC warning code : 100

1 BSEC warning code : 100

1 BSEC warning code : 100

1 BSEC warning code : 100

1 BSEC warning code : 100

1 BSEC warning code : 100

1 BSEC warning code : 100

1 BSEC warning code : 100

1 BSEC warning code : 100

1 BSEC warning code : 100

1 BSEC warning code : 100

1 BSEC warning code : 100

1 BSEC warning code : 100

1 BSEC warning code : 100

1 BSEC warning code : 100

1 BSEC warning code : 100

1 BSEC warning code : 100

1 BSEC warning code : 100

1 BSEC warning code : 100

1 BSEC warning code : 100

1 BSEC warning code : 100

1 BSEC warning code : 100

1 BSEC warning code : 100

1 BSEC warning code : 100

1 BSEC warning code : 100

1 BSEC warning code : 100

1 BSEC warning code : 100

1 BSEC warning code : 100

1 BSEC warning code : 100

1 BSEC warning code : 100

1 BSEC warning code : 100

1 BSEC warning code : 100

1 BSEC warning code : 100

1 BSEC warning code : 100

1 BSEC warning code : 100

1 BSEC warning code : 100

1 BSEC warning code : 100

1 BSEC warning code : 100

1 BSEC warning code : 100

1 BSEC warning code : 100

1 BSEC warning code : 100

1 BSEC warning code : 100

1 BSEC warning code : 100

1 BSEC warning code : 100

1 BSEC warning code : 100

1 BSEC warning code : 100

1 BSEC warning code : 100

1 BSEC warning code : 100

1 BSEC warning code : 100

1 BSEC warning code : 100

1 BSEC warning code : 100

1 BSEC warning code : 100

1 BSEC warning code : 100

1 BSEC warning code : 100

1 BSEC warning code : 100

1 BSEC warning code : 100

1 BSEC warning code : 100

1 BSEC warning code : 100

 ets Jan  8 2013,rst cause:1, boot mode:(3,7)

load 0x4010f000, len 1384, room 16 
tail 8
chksum 0x2d
csum 0x2d
v8b899c12
~ld


7.04
 0h00:00.286 1970/01/01T08:00:00z: SPIFFS Active
 0h00:03.959 2025/10/11T01:27:04z: 48:3f:da:26:d5:3c
 0h00:03.961 2025/10/11T01:27:04z: SSID: AkgWarmer5
1 BSEC warning code : 100

1 BSEC warning code : 100

1 BSEC warning code : 100

1 BSEC warning code : 100

1 BSEC warning code : 100

1 BSEC warning code : 100

1 BSEC warning code : 100

1 BSEC warning code : 100

1 BSEC warning code : 100

1 BSEC warning code : 100

1 BSEC warning code : 100

1 BSEC warning code : 100

1 BSEC warning code : 100

1 BSEC warning code : 100

1 BSEC warning code : 100

1 BSEC warning code : 100

1 BSEC warning code : 100

1 BSEC warning code : 100

1 BSEC warning code : 100

1 BSEC warning code : 100

1 BSEC warning code : 100

1 BSEC warning code : 100

1 BSEC warning code : 100

1 BSEC warning code : 100

1 BSEC warning code : 100

1 BSEC warning code : 100

1 BSEC warning code : 100

1 BSEC warning code : 100

1 BSEC warning code : 100

Exception (29):
epc1=0x4022a6e2 epc2=0x00000000 epc3=0x00000000 excvaddr=0x00000004 depc=0x00000000

>>>stack>>>

ctx: cont
sp: 3ffffa00 end: 3fffffc0 offset: 01a0
3ffffba0:  3fff920c 3fff7e6c 3fffa9a4 4023d088  
3ffffbb0:  00000104 4023ce8e 00004608 000008c1  
3ffffbc0:  00000042 0002a337 4023d446 4023d1fe  
3ffffbd0:  00000040 00000082 3fffa98c 4023d391  
3ffffbe0:  00800000 00000080 00000000 00000041  
3ffffbf0:  0002a337 0000003f 3fffa95c 00000041  
3ffffc00:  3fff780c 3fffa98c 3fffa95c 3fff8674  
3ffffc10:  3fff9308 ffffffff 3fff7e6c 4023da0d  
3ffffc20:  00000040 3fff7e6c 3fffa98c 3fff7e6c  
3ffffc30:  00000040 3fff7e6c 3fffa98c 4023decb  
3ffffc40:  3fff7efc 0000003f f187a34c 00000001  
3ffffc50:  3fff7e6c 3fffa974 3fffa98c 00000001  
3ffffc60:  00000010 3fff7e6c 0000000f 4023e11c  
3ffffc70:  3fffa95c 3fff865c 0000000f 00000001  
3ffffc80:  00000001 3fffab2c 3fff5d41 4023cf34  
3ffffc90:  00000100 3fff7ecc 3fff5d3f 00000000  
3ffffca0:  00000100 3fff7ecc 3fff5d3f 4023f339  
3ffffcb0:  3ffffce0 00000000 000000d0 00000030  
3ffffcc0:  2fa7f7d7 3fff3f04 3fff5b74 00000004  
3ffffcd0:  3fff5d39 3fff3aec 3fff5d39 40239e94  
3ffffce0:  ba3f0303 22f5dc44 85b0145f 7bbad8fb  
3ffffcf0:  bf6e07be fc2a15c7 a6cf32b0 2af1fe2f  
3ffffd00:  4827d74a d227c9e1 9367c919 f7d7c94a  
3ffffd10:  3fff5d39 00000004 3fff3aec 4023a38d  
3ffffd20:  378404dd e782ab7f 34f4c3cf 40236c98  
3ffffd30:  05f3e458 00000000 3fff5a0c 402327ba  
3ffffd40:  00000004 00000000 3fff48b4 40210fce  
3ffffd50:  0000001d 00000000 00000064 40217c96  
3ffffd60:  00000000 00000020 00000027 00000004  
3ffffd70:  3fff5d39 00000004 3fff3aec 00000004  
3ffffd80:  3fff5d39 00000004 3fff3aec 40239c9c  
3ffffd90:  23c1e59e 00000000 00000000 00000028  
3ffffda0:  0000005d 3fff5d39 3fff3aec 4023a06c  
3ffffdb0:  00000011 3fff5d6c 000001f4 4021af18  
3ffffdc0:  3ffffe18 0000000e 00000010 3fff3714  
3ffffdd0:  00000000 00000000 4bc6a7f0 01000000  
3ffffde0:  3ffffe18 001e7a5c 3fff3aec 40239e04  
3ffffdf0:  00000000 402712e2 3ffffe10 3fff3714  
3ffffe00:  3fff48b4 001e7a5c 3fff3fdc 40211655  
3ffffe10:  3fff3aec 3fff5b54 00000014 4022eed2  
3ffffe20:  00008ca0 3ffffe50 3fff0e58 40211694  
3ffffe30:  00000000 00000000 3fff0e40 000001bb  
3ffffe40:  000001bb 402712e2 3fff0e40 402118a3  
3ffffe50:  00000000 00000000 4bc6a7f0 000001bb  
3ffffe60:  000001bb 402712e2 3fff0e40 4021195a  
3ffffe70:  402213a8 5321fb8e 402213a8 5321fb8e  
3ffffe80:  3fff0cc8 3fff0e40 3fff0509 4020c83a  
3ffffe90:  3fff0509 3ffffea0 00000008 40229904  
3ffffea0:  4026397a 3fff0921 3fff10c4 00000001  
3ffffeb0:  4020f9e0 3ffffee8 3fff10c4 4022651d  
3ffffec0:  40271390 0000000a 3fffff68 3fffff6c  
3ffffed0:  3fffff70 3fff42fc 00000001 40203fbf  
3ffffee0:  402213a8 00000000 402213a8 00000000  
3ffffef0:  402712e2 000001bb 3fff0921 40206605  
3fffff00:  3fffff74 402712e2 000001bb 00000001  
3fffff10:  3ffe8e05 3fff0509 00000200 00000000  
3fffff20:  3ffe8e05 00000001 3ffefd51 00000002  
3fffff30:  00000001 00000001 3ffe8e05 0000000a  
3fffff40:  7fffffff 3ffefd30 3ffefdb8 3fff226c  
3fffff50:  3fffdad0 3fff0c4b 3ffefd30 40208ec8  
3fffff60:  3ffe8e05 0000000a 00000000 4020983c  
3fffff70:  40205458 4020904c 40217bb4 3fffefa0  
3fffff80:  00000000 00000000 3fff0c82 40217c96  
3fffff90:  3fffdad0 00000000 3fff0c82 4020b8f8  
3fffffa0:  3fffdad0 00000000 3fff223c 40217c64  
3fffffb0:  feefeffe feefeffe 3ffe8704 40101ded  
<<<stack<<<

last failed alloc call: 4023CE8E(1024)

 ets Jan  8 2013,rst cause:1, boot mode:(3,7)

load 0x4010f000, len 1384, room 16 
tail 8
chksum 0x2d
csum 0x2d
v8b899c12
~ld


7.04
 0h00:00.284 1970/01/01T08:00:00z: SPIFFS Active
 0h00:03.961 2025/10/11T02:00:23z: 48:3f:da:26:d5:3c
 0h00:03.962 2025/10/11T02:00:23z: SSID: AkgWarmer5
1 BSEC warning code : 100

1 BSEC warning code : 100

1 BSEC warning code : 100

1 BSEC warning code : 100

1 BSEC warning code : 100

1 BSEC warning code : 100

1 BSEC warning code : 100

1 BSEC warning code : 100

1 BSEC warning code : 100

1 BSEC warning code : 100

1 BSEC warning code : 100

1 BSEC warning code : 100

1 BSEC warning code : 100

1 BSEC warning code : 100

1 BSEC warning code : 100

1 BSEC warning code : 100

1 BSEC warning code : 100

1 BSEC warning code : 100

1 BSEC warning code : 100

1 BSEC warning code : 100

1 BSEC warning code : 100

1 BSEC warning code : 100

1 BSEC warning code : 100

1 BSEC warning code : 100

1 BSEC warning code : 100

1 BSEC warning code : 100

1 BSEC warning code : 100

1 BSEC warning code : 100

1 BSEC warning code : 100

1 BSEC warning code : 100

1 BSEC warning code : 100

1 BSEC warning code : 100

1 BSEC warning code : 100

1 BSEC warning code : 100

1 BSEC warning code : 100

1 BSEC warning code : 100

1 BSEC warning code : 100

1 BSEC warning code : 100

1 BSEC warning code : 100

1 BSEC warning code : 100

1 BSEC warning code : 100

1 BSEC warning code : 100

1 BSEC warning code : 100

1 BSEC warning code : 100

1 BSEC warning code : 100

1 BSEC warning code : 100

1 BSEC warning code : 100

1 BSEC warning code : 100

1 BSEC warning code : 100

1 BSEC warning code : 100

1 BSEC warning code : 100

1 BSEC warning code : 100

1 BSEC warning code : 100

1 BSEC warning code : 100

1 BSEC warning code : 100

1 BSEC warning code : 100

1 BSEC warning code : 100

1 BSEC warning code : 100

1 BSEC warning code : 100

1 BSEC warning code : 100

1 BSEC warning code : 100

1 BSEC warning code : 100

1 BSEC warning code : 100

1 BSEC warning code : 100

1 BSEC warning code : 100

1 BSEC warning code : 100

1 BSEC warning code : 100

1 BSEC warning code : 100

1 BSEC warning code : 100

1 BSEC warning code : 100

1 BSEC warning code : 100

1 BSEC warning code : 100

1 BSEC warning code : 100

1 BSEC warning code : 100

1 BSEC warning code : 100

1 BSEC warning code : 100

1 BSEC warning code : 100

1 BSEC warning code : 100

1 BSEC warning code : 100

1 BSEC warning code : 100

1 BSEC warning code : 100

1 BSEC warning code : 100

1 BSEC warning code : 100

1 BSEC warning code : 100

1 BSEC warning code : 100

1 BSEC warning code : 100

1 BSEC warning code : 100

1 BSEC warning code : 100

1 BSEC warning code : 100

1 BSEC warning code : 100

1 BSEC warning code : 100

1 BSEC warning code : 100

1 BSEC warning code : 100

1 BSEC warning code : 100

1 BSEC warning code : 100

1 BSEC warning code : 100

1 BSEC warning code : 100

1 BSEC warning code : 100

1 BSEC warning code : 100

1 BSEC warning code : 100

1 BSEC warning code : 100

1 BSEC warning code : 100

1 BSEC warning code : 100

1 BSEC warning code : 100

1 BSEC warning code : 100

1 BSEC warning code : 100

1 BSEC warning code : 100

1 BSEC warning code : 100

1 BSEC warning code : 100

1 BSEC warning code : 100

1 BSEC warning code : 100

1 BSEC warning code : 100

1 BSEC warning code : 100

1 BSEC warning code : 100

1 BSEC warning code : 100

1 BSEC warning code : 100

1 BSEC warning code : 100

1 BSEC warning code : 100

1 BSEC warning code : 100

1 BSEC warning code : 100

1 BSEC warning code : 100

1 BSEC warning code : 100

1 BSEC warning code : 100

1 BSEC warning code : 100

1 BSEC warning code : 100

1 BSEC warning code : 100

1 BSEC warning code : 100

1 BSEC warning code : 100

1 BSEC warning code : 100

1 BSEC warning code : 100

1 BSEC warning code : 100

1 BSEC warning code : 100

1 BSEC warning code : 100

1 BSEC warning code : 100

1 BSEC warning code : 100

1 BSEC warning code : 100

1 BSEC warning code : 100

1 BSEC warning code : 100

1 BSEC warning code : 100

1 BSEC warning code : 100

1 BSEC warning code : 100

1 BSEC warning code : 100

1 BSEC warning code : 100

1 BSEC warning code : 100

1 BSEC warning code : 100

1 BSEC warning code : 100

1 BSEC warning code : 100

1 BSEC warning code : 100

1 BSEC warning code : 100

1 BSEC warning code : 100

1 BSEC warning code : 100

1 BSEC warning code : 100

1 BSEC warning code : 100

1 BSEC warning code : 100

1 BSEC warning code : 100

1 BSEC warning code : 100

1 BSEC warning code : 100

1 BSEC warning code : 100

1 BSEC warning code : 100

1 BSEC warning code : 100

1 BSEC warning code : 100

1 BSEC warning code : 100

1 BSEC warning code : 100

1 BSEC warning code : 100

1 BSEC warning code : 100

1 BSEC warning code : 100

1 BSEC warning code : 100

1 BSEC warning code : 100

1 BSEC warning code : 100

1 BSEC warning code : 100

1 BSEC warning code : 100

1 BSEC warning code : 100

1 BSEC warning code : 100

1 BSEC warning code : 100

1 BSEC warning code : 100

1 BSEC warning code : 100

1 BSEC warning code : 100

1 BSEC warning code : 100

1 BSEC warning code : 100

1 BSEC warning code : 100

1 BSEC warning code : 100

1 BSEC warning code : 100

1 BSEC warning code : 100

1 BSEC warning code : 100

1 BSEC warning code : 100

1 BSEC warning code : 100

1 BSEC warning code : 100

1 BSEC warning code : 100

1 BSEC warning code : 100

1 BSEC warning code : 100

1 BSEC warning code : 100

1 BSEC warning code : 100

1 BSEC warning code : 100

1 BSEC warning code : 100

1 BSEC warning code : 100

1 BSEC warning code : 100

1 BSEC warning code : 100

1 BSEC warning code : 100

1 BSEC warning code : 100

1 BSEC warning code : 100

1 BSEC warning code : 100

1 BSEC warning code : 100

1 BSEC warning code : 100

1 BSEC warning code : 100

1 BSEC warning code : 100

1 BSEC warning code : 100

1 BSEC warning code : 100

1 BSEC warning code : 100

1 BSEC warning code : 100

1 BSEC warning code : 100

1 BSEC warning code : 100

1 BSEC warning code : 100

1 BSEC warning code : 100

1 BSEC warning code : 100

1 BSEC warning code : 100

1 BSEC warning code : 100

1 BSEC warning code : 100

1 BSEC warning code : 100

1 BSEC warning code : 100

1 BSEC warning code : 100

1 BSEC warning code : 100

1 BSEC warning code : 100

1 BSEC warning code : 100

1 BSEC warning code : 100

1 BSEC warning code : 100

1 BSEC warning code : 100

1 BSEC warning code : 100

1 BSEC warning code : 100

1 BSEC warning code : 100

1 BSEC warning code : 100

1 BSEC warning code : 100

1 BSEC warning code : 100

1 BSEC warning code : 100

1 BSEC warning code : 100

1 BSEC warning code : 100

1 BSEC warning code : 100

1 BSEC warning code : 100

1 BSEC warning code : 100

1 BSEC warning code : 100

1 BSEC warning code : 100

1 BSEC warning code : 100

1 BSEC warning code : 100

1 BSEC warning code : 100

1 BSEC warning code : 100

1 BSEC warning code : 100

1 BSEC warning code : 100

1 BSEC warning code : 100

1 BSEC warning code : 100

1 BSEC warning code : 100

1 BSEC warning code : 100

1 BSEC warning code : 100

1 BSEC warning code : 100

1 BSEC warning code : 100

1 BSEC warning code : 100

1 BSEC warning code : 100

1 BSEC warning code : 100

1 BSEC warning code : 100

1 BSEC warning code : 100

1 BSEC warning code : 100

1 BSEC warning code : 100

1 BSEC warning code : 100

1 BSEC warning code : 100

1 BSEC warning code : 100

1 BSEC warning code : 100

1 BSEC warning code : 100

1 BSEC warning code : 100

1 BSEC warning code : 100

1 BSEC warning code : 100

1 BSEC warning code : 100

1 BSEC warning code : 100

1 BSEC warning code : 100

1 BSEC warning code : 100

1 BSEC warning code : 100

1 BSEC warning code : 100

1 BSEC warning code : 100

1 BSEC warning code : 100

1 BSEC warning code : 100

1 BSEC warning code : 100

1 BSEC warning code : 100

1 BSEC warning code : 100

1 BSEC warning code : 100

1 BSEC warning code : 100

1 BSEC warning code : 100

1 BSEC warning code : 100

1 BSEC warning code : 100

1 BSEC warning code : 100

1 BSEC warning code : 100

1 BSEC warning code : 100

1 BSEC warning code : 100

1 BSEC warning code : 100

1 BSEC warning code : 100

1 BSEC warning code : 100

1 BSEC warning code : 100

1 BSEC warning code : 100

1 BSEC warning code : 100

1 BSEC warning code : 100

1 BSEC warning code : 100

1 BSEC warning code : 100

1 BSEC warning code : 100

1 BSEC warning code : 100

1 BSEC warning code : 100

1 BSEC warning code : 100

1 BSEC warning code : 100

1 BSEC warning code : 100

1 BSEC warning code : 100

1 BSEC warning code : 100

1 BSEC warning code : 100

1 BSEC warning code : 100

1 BSEC warning code : 100

1 BSEC warning code : 100

1 BSEC warning code : 100

1 BSEC warning code : 100

1 BSEC warning code : 100

1 BSEC warning code : 100

1 BSEC warning code : 100

1 BSEC warning code : 100

1 BSEC warning code : 100

1 BSEC warning code : 100

1 BSEC warning code : 100

1 BSEC warning code : 100

1 BSEC warning code : 100

1 BSEC warning code : 100

1 BSEC warning code : 100

1 BSEC warning code : 100

1 BSEC warning code : 100

1 BSEC warning code : 100

1 BSEC warning code : 100

1 BSEC warning code : 100

1 BSEC warning code : 100

1 BSEC warning code : 100

1 BSEC warning code : 100

1 BSEC warning code : 100

1 BSEC warning code : 100

1 BSEC warning code : 100

1 BSEC warning code : 100

1 BSEC warning code : 100

1 BSEC warning code : 100

1 BSEC warning code : 100

1 BSEC warning code : 100

1 BSEC warning code : 100

1 BSEC warning code : 100

1 BSEC warning code : 100

1 BSEC warning code : 100

1 BSEC warning code : 100

1 BSEC warning code : 100

1 BSEC warning code : 100

1 BSEC warning code : 100

1 BSEC warning code : 100

1 BSEC warning code : 100

1 BSEC warning code : 100

1 BSEC warning code : 100

1 BSEC warning code : 100

1 BSEC warning code : 100

1 BSEC warning code : 100

1 BSEC warning code : 100

1 BSEC warning code : 100

1 BSEC warning code : 100

1 BSEC warning code : 100

1 BSEC warning code : 100

1 BSEC warning code : 100

1 BSEC warning code : 100

1 BSEC warning code : 100

1 BSEC warning code : 100

1 BSEC warning code : 100

1 BSEC warning code : 100

1 BSEC warning code : 100

1 BSEC warning code : 100

1 BSEC warning code : 100

1 BSEC warning code : 100

1 BSEC warning code : 100

1 BSEC warning code : 100

1 BSEC warning code : 100

1 BSEC warning code : 100

1 BSEC warning code : 100

1 BSEC warning code : 100

1 BSEC warning code : 100

1 BSEC warning code : 100

1 BSEC warning code : 100

1 BSEC warning code : 100

1 BSEC warning code : 100

1 BSEC warning code : 100

1 BSEC warning code : 100

1 BSEC warning code : 100

1 BSEC warning code : 100

1 BSEC warning code : 100

1 BSEC warning code : 100

1 BSEC warning code : 100

1 BSEC warning code : 100

1 BSEC warning code : 100

1 BSEC warning code : 100

1 BSEC warning code : 100

1 BSEC warning code : 100

1 BSEC warning code : 100

1 BSEC warning code : 100

1 BSEC warning code : 100

1 BSEC warning code : 100

1 BSEC warning code : 100

1 BSEC warning code : 100

1 BSEC warning code : 100

1 BSEC warning code : 100

1 BSEC warning code : 100

1 BSEC warning code : 100

1 BSEC warning code : 100

1 BSEC warning code : 100

1 BSEC warning code : 100

1 BSEC warning code : 100

1 BSEC warning code : 100

1 BSEC warning code : 100

1 BSEC warning code : 100

1 BSEC warning code : 100

1 BSEC warning code : 100

1 BSEC warning code : 100

1 BSEC warning code : 100

1 BSEC warning code : 100

1 BSEC warning code : 100

1 BSEC warning code : 100

1 BSEC warning code : 100

1 BSEC warning code : 100

1 BSEC warning code : 100

1 BSEC warning code : 100

1 BSEC warning code : 100

1 BSEC warning code : 100

1 BSEC warning code : 100

1 BSEC warning code : 100

1 BSEC warning code : 100

1 BSEC warning code : 100

1 BSEC warning code : 100

1 BSEC warning code : 100

1 BSEC warning code : 100

1 BSEC warning code : 100

1 BSEC warning code : 100

1 BSEC warning code : 100

1 BSEC warning code : 100

1 BSEC warning code : 100

1 BSEC warning code : 100

1 BSEC warning code : 100

1 BSEC warning code : 100

1 BSEC warning code : 100

1 BSEC warning code : 100

1 BSEC warning code : 100

1 BSEC warning code : 100

1 BSEC warning code : 100

1 BSEC warning code : 100

1 BSEC warning code : 100

1 BSEC warning code : 100

1 BSEC warning code : 100

1 BSEC warning code : 100

1 BSEC warning code : 100

1 BSEC warning code : 100

1 BSEC warning code : 100

1 BSEC warning code : 100

1 BSEC warning code : 100

1 BSEC warning code : 100

1 BSEC warning code : 100

1 BSEC warning code : 100

1 BSEC warning code : 100

1 BSEC warning code : 100

1 BSEC warning code : 100

1 BSEC warning code : 100

1 BSEC warning code : 100

1 BSEC warning code : 100

1 BSEC warning code : 100

1 BSEC warning code : 100

1 BSEC warning code : 100

1 BSEC warning code : 100

1 BSEC warning code : 100

1 BSEC warning code : 100

1 BSEC warning code : 100

1 BSEC warning code : 100

1 BSEC warning code : 100

1 BSEC warning code : 100

1 BSEC warning code : 100

1 BSEC warning code : 100

1 BSEC warning code : 100

1 BSEC warning code : 100

1 BSEC warning code : 100

1 BSEC warning code : 100

1 BSEC warning code : 100

1 BSEC warning code : 100

1 BSEC warning code : 100

1 BSEC warning code : 100

1 BSEC warning code : 100

1 BSEC warning code : 100

1 BSEC warning code : 100

1 BSEC warning code : 100

1 BSEC warning code : 100

1 BSEC warning code : 100

1 BSEC warning code : 100

1 BSEC warning code : 100

1 BSEC warning code : 100

1 BSEC warning code : 100

1 BSEC warning code : 100

1 BSEC warning code : 100

1 BSEC warning code : 100

1 BSEC warning code : 100

1 BSEC warning code : 100

1 BSEC warning code : 100

1 BSEC warning code : 100

1 BSEC warning code : 100

1 BSEC warning code : 100

1 BSEC warning code : 100

1 BSEC warning code : 100

1 BSEC warning code : 100

1 BSEC warning code : 100

1 BSEC warning code : 100

1 BSEC warning code : 100

1 BSEC warning code : 100

1 BSEC warning code : 100

1 BSEC warning code : 100

1 BSEC warning code : 100

1 BSEC warning code : 100

1 BSEC warning code : 100

1 BSEC warning code : 100

1 BSEC warning code : 100

1 BSEC warning code : 100

1 BSEC warning code : 100

1 BSEC warning code : 100

1 BSEC warning code : 100

1 BSEC warning code : 100

1 BSEC warning code : 100

1 BSEC warning code : 100

1 BSEC warning code : 100

1 BSEC warning code : 100

1 BSEC warning code : 100

1 BSEC warning code : 100

1 BSEC warning code : 100

1 BSEC warning code : 100

1 BSEC warning code : 100

1 BSEC warning code : 100

1 BSEC warning code : 100

1 BSEC warning code : 100

1 BSEC warning code : 100

1 BSEC warning code : 100

1 BSEC warning code : 100

1 BSEC warning code : 100

1 BSEC warning code : 100

1 BSEC warning code : 100

1 BSEC warning code : 100

1 BSEC warning code : 100

1 BSEC warning code : 100

1 BSEC warning code : 100

1 BSEC warning code : 100

1 BSEC warning code : 100

1 BSEC warning code : 100

1 BSEC warning code : 100

1 BSEC warning code : 100

1 BSEC warning code : 100

1 BSEC warning code : 100

1 BSEC warning code : 100

1 BSEC warning code : 100

1 BSEC warning code : 100

1 BSEC warning code : 100

1 BSEC warning code : 100

1 BSEC warning code : 100

1 BSEC warning code : 100

1 BSEC warning code : 100

1 BSEC warning code : 100

1 BSEC warning code : 100

1 BSEC warning code : 100

1 BSEC warning code : 100

1 BSEC warning code : 100

1 BSEC warning code : 100

1 BSEC warning code : 100

1 BSEC warning code : 100

1 BSEC warning code : 100

1 BSEC warning code : 100

1 BSEC warning code : 100

1 BSEC warning code : 100

1 BSEC warning code : 100

1 BSEC warning code : 100

1 BSEC warning code : 100

1 BSEC warning code : 100

1 BSEC warning code : 100

1 BSEC warning code : 100

1 BSEC warning code : 100

1 BSEC warning code : 100

1 BSEC warning code : 100

1 BSEC warning code : 100

1 BSEC warning code : 100

1 BSEC warning code : 100

1 BSEC warning code : 100

1 BSEC warning code : 100

1 BSEC warning code : 100

1 BSEC warning code : 100

1 BSEC warning code : 100

1 BSEC warning code : 100

1 BSEC warning code : 100

1 BSEC warning code : 100

1 BSEC warning code : 100

1 BSEC warning code : 100

1 BSEC warning code : 100

1 BSEC warning code : 100

1 BSEC warning code : 100

1 BSEC warning code : 100

1 BSEC warning code : 100

1 BSEC warning code : 100

1 BSEC warning code : 100

1 BSEC warning code : 100

1 BSEC warning code : 100

1 BSEC warning code : 100

1 BSEC warning code : 100

1 BSEC warning code : 100

1 BSEC warning code : 100

1 BSEC warning code : 100

1 BSEC warning code : 100

1 BSEC warning code : 100

1 BSEC warning code : 100

1 BSEC warning code : 100

1 BSEC warning code : 100

1 BSEC warning code : 100

1 BSEC warning code : 100

1 BSEC warning code : 100

1 BSEC warning code : 100

1 BSEC warning code : 100

1 BSEC warning code : 100

1 BSEC warning code : 100

1 BSEC warning code : 100

1 BSEC warning code : 100

1 BSEC warning code : 100

1 BSEC warning code : 100

1 BSEC warning code : 100

1 BSEC warning code : 100

1 BSEC warning code : 100

1 BSEC warning code : 100

1 BSEC warning code : 100

1 BSEC warning code : 100

1 BSEC warning code : 100

1 BSEC warning code : 100

1 BSEC warning code : 100

1 BSEC warning code : 100

1 BSEC warning code : 100

1 BSEC warning code : 100

1 BSEC warning code : 100

1 BSEC warning code : 100

1 BSEC warning code : 100

1 BSEC warning code : 100

1 BSEC warning code : 100

1 BSEC warning code : 100

1 BSEC warning code : 100

1 BSEC warning code : 100

1 BSEC warning code : 100

1 BSEC warning code : 100

1 BSEC warning code : 100

1 BSEC warning code : 100

1 BSEC warning code : 100

1 BSEC warning code : 100

1 BSEC warning code : 100

1 BSEC warning code : 100

1 BSEC warning code : 100

1 BSEC warning code : 100

1 BSEC warning code : 100

1 BSEC warning code : 100

1 BSEC warning code : 100

1 BSEC warning code : 100

1 BSEC warning code : 100

1 BSEC warning code : 100

1 BSEC warning code : 100

1 BSEC warning code : 100

1 BSEC warning code : 100

1 BSEC warning code : 100

1 BSEC warning code : 100

1 BSEC warning code : 100

1 BSEC warning code : 100

1 BSEC warning code : 100

1 BSEC warning code : 100

1 BSEC warning code : 100

1 BSEC warning code : 100

1 BSEC warning code : 100

1 BSEC warning code : 100

1 BSEC warning code : 100

1 BSEC warning code : 100

1 BSEC warning code : 100

1 BSEC warning code : 100

1 BSEC warning code : 100

1 BSEC warning code : 100

1 BSEC warning code : 100

1 BSEC warning code : 100

1 BSEC warning code : 100

1 BSEC warning code : 100

1 BSEC warning code : 100

1 BSEC warning code : 100

1 BSEC warning code : 100

1 BSEC warning code : 100

1 BSEC warning code : 100

1 BSEC warning code : 100

1 BSEC warning code : 100

1 BSEC warning code : 100

1 BSEC warning code : 100

1 BSEC warning code : 100

1 BSEC warning code : 100

1 BSEC warning code : 100

1 BSEC warning code : 100

1 BSEC warning code : 100

1 BSEC warning code : 100

1 BSEC warning code : 100

1 BSEC warning code : 100

1 BSEC warning code : 100

1 BSEC warning code : 100

1 BSEC warning code : 100

1 BSEC warning code : 100

1 BSEC warning code : 100

1 BSEC warning code : 100

1 BSEC warning code : 100

1 BSEC warning code : 100

1 BSEC warning code : 100

1 BSEC warning code : 100

1 BSEC warning code : 100

1 BSEC warning code : 100

1 BSEC warning code : 100

1 BSEC warning code : 100

1 BSEC warning code : 100

1 BSEC warning code : 100

1 BSEC warning code : 100

1 BSEC warning code : 100

1 BSEC warning code : 100

1 BSEC warning code : 100

1 BSEC warning code : 100

1 BSEC warning code : 100

1 BSEC warning code : 100

1 BSEC warning code : 100

1 BSEC warning code : 100

1 BSEC warning code : 100

1 BSEC warning code : 100

1 BSEC warning code : 100

1 BSEC warning code : 100

1 BSEC warning code : 100

1 BSEC warning code : 100

1 BSEC warning code : 100

1 BSEC warning code : 100

1 BSEC warning code : 100

1 BSEC warning code : 100

1 BSEC warning code : 100

1 BSEC warning code : 100

1 BSEC warning code : 100

1 BSEC warning code : 100

1 BSEC warning code : 100

1 BSEC warning code : 100

1 BSEC warning code : 100

1 BSEC warning code : 100

1 BSEC warning code : 100

1 BSEC warning code : 100

1 BSEC warning code : 100

1 BSEC warning code : 100

1 BSEC warning code : 100

1 BSEC warning code : 100

1 BSEC warning code : 100

1 BSEC warning code : 100

1 BSEC warning code : 100

1 BSEC warning code : 100

1 BSEC warning code : 100

1 BSEC warning code : 100

1 BSEC warning code : 100

1 BSEC warning code : 100

1 BSEC warning code : 100

1 BSEC warning code : 100

1 BSEC warning code : 100

1 BSEC warning code : 100

1 BSEC warning code : 100

1 BSEC warning code : 100

1 BSEC warning code : 100

1 BSEC warning code : 100

1 BSEC warning code : 100

1 BSEC warning code : 100

1 BSEC warning code : 100

1 BSEC warning code : 100

1 BSEC warning code : 100

1 BSEC warning code : 100

1 BSEC warning code : 100

1 BSEC warning code : 100

1 BSEC warning code : 100

1 BSEC warning code : 100

1 BSEC warning code : 100

1 BSEC warning code : 100

1 BSEC warning code : 100

1 BSEC warning code : 100

1 BSEC warning code : 100

1 BSEC warning code : 100

1 BSEC warning code : 100

1 BSEC warning code : 100

1 BSEC warning code : 100

1 BSEC warning code : 100

1 BSEC warning code : 100

1 BSEC warning code : 100

1 BSEC warning code : 100

1 BSEC warning code : 100

1 BSEC warning code : 100

1 BSEC warning code : 100

1 BSEC warning code : 100

1 BSEC warning code : 100

1 BSEC warning code : 100

1 BSEC warning code : 100

1 BSEC warning code : 100

1 BSEC warning code : 100

1 BSEC warning code : 100

1 BSEC warning code : 100

1 BSEC warning code : 100

1 BSEC warning code : 100

1 BSEC warning code : 100

1 BSEC warning code : 100

1 BSEC warning code : 100

1 BSEC warning code : 100

1 BSEC warning code : 100

1 BSEC warning code : 100

1 BSEC warning code : 100

1 BSEC warning code : 100

1 BSEC warning code : 100

1 BSEC warning code : 100

1 BSEC warning code : 100

1 BSEC warning code : 100

1 BSEC warning code : 100

1 BSEC warning code : 100

1 BSEC warning code : 100

1 BSEC warning code : 100

1 BSEC warning code : 100

1 BSEC warning code : 100

1 BSEC warning code : 100

1 BSEC warning code : 100

1 BSEC warning code : 100

1 BSEC warning code : 100

1 BSEC warning code : 100

1 BSEC warning code : 100

1 BSEC warning code : 100

1 BSEC warning code : 100

1 BSEC warning code : 100

1 BSEC warning code : 100

1 BSEC warning code : 100

1 BSEC warning code : 100

1 BSEC warning code : 100

1 BSEC warning code : 100

1 BSEC warning code : 100

1 BSEC warning code : 100

1 BSEC warning code : 100

1 BSEC warning code : 100

1 BSEC warning code : 100

1 BSEC warning code : 100

1 BSEC warning code : 100

1 BSEC warning code : 100

1 BSEC warning code : 100

1 BSEC warning code : 100

1 BSEC warning code : 100

1 BSEC warning code : 100

1 BSEC warning code : 100

1 BSEC warning code : 100

1 BSEC warning code : 100

1 BSEC warning code : 100

1 BSEC warning code : 100

1 BSEC warning code : 100

1 BSEC warning code : 100

1 BSEC warning code : 100

1 BSEC warning code : 100

1 BSEC warning code : 100

1 BSEC warning code : 100

1 BSEC warning code : 100

1 BSEC warning code : 100

1 BSEC warning code : 100

1 BSEC warning code : 100

1 BSEC warning code : 100

1 BSEC warning code : 100

1 BSEC warning code : 100

1 BSEC warning code : 100

1 BSEC warning code : 100

1 BSEC warning code : 100

1 BSEC warning code : 100

1 BSEC warning code : 100

1 BSEC warning code : 100

1 BSEC warning code : 100

1 BSEC warning code : 100

1 BSEC warning code : 100

1 BSEC warning code : 100

1 BSEC warning code : 100

1 BSEC warning code : 100

1 BSEC warning code : 100

1 BSEC warning code : 100

1 BSEC warning code : 100

1 BSEC warning code : 100

1 BSEC warning code : 100

1 BSEC warning code : 100

1 BSEC warning code : 100

1 BSEC warning code : 100

1 BSEC warning code : 100

1 BSEC warning code : 100

1 BSEC warning code : 100

1 BSEC warning code : 100

1 BSEC warning code : 100

1 BSEC warning code : 100

1 BSEC warning code : 100

1 BSEC warning code : 100

1 BSEC warning code : 100

1 BSEC warning code : 100

1 BSEC warning code : 100

1 BSEC warning code : 100

1 BSEC warning code : 100

1 BSEC warning code : 100

1 BSEC warning code : 100

1 BSEC warning code : 100

1 BSEC warning code : 100

1 BSEC warning code : 100

1 BSEC warning code : 100

1 BSEC warning code : 100

1 BSEC warning code : 100

1 BSEC warning code : 100

1 BSEC warning code : 100

1 BSEC warning code : 100

1 BSEC warning code : 100

1 BSEC warning code : 100

1 BSEC warning code : 100

1 BSEC warning code : 100

1 BSEC warning code : 100

1 BSEC warning code : 100

1 BSEC warning code : 100

1 BSEC warning code : 100

1 BSEC warning code : 100

1 BSEC warning code : 100

1 BSEC warning code : 100

1 BSEC warning code : 100

1 BSEC warning code : 100

1 BSEC warning code : 100

1 BSEC warning code : 100

1 BSEC warning code : 100

1 BSEC warning code : 100

1 BSEC warning code : 100

1 BSEC warning code : 100

1 BSEC warning code : 100

1 BSEC warning code : 100

1 BSEC warning code : 100

1 BSEC warning code : 100

1 BSEC warning code : 100

1 BSEC warning code : 100

1 BSEC warning code : 100

1 BSEC warning code : 100

1 BSEC warning code : 100

1 BSEC warning code : 100

1 BSEC warning code : 100

1 BSEC warning code : 100

1 BSEC warning code : 100

1 BSEC warning code : 100

1 BSEC warning code : 100

1 BSEC warning code : 100

1 BSEC warning code : 100

1 BSEC warning code : 100

1 BSEC warning code : 100

1 BSEC warning code : 100

1 BSEC warning code : 100

1 BSEC warning code : 100

1 BSEC warning code : 100

1 BSEC warning code : 100

1 BSEC warning code : 100

1 BSEC warning code : 100

1 BSEC warning code : 100

1 BSEC warning code : 100

1 BSEC warning code : 100

1 BSEC warning code : 100

1 BSEC warning code : 100

1 BSEC warning code : 100

1 BSEC warning code : 100

1 BSEC warning code : 100

1 BSEC warning code : 100

1 BSEC warning code : 100

1 BSEC warning code : 100

1 BSEC warning code : 100

1 BSEC warning code : 100

1 BSEC warning code : 100

1 BSEC warning code : 100

1 BSEC warning code : 100

1 BSEC warning code : 100

1 BSEC warning code : 100

1 BSEC warning code : 100

1 BSEC warning code : 100

1 BSEC warning code : 100

1 BSEC warning code : 100

1 BSEC warning code : 100

1 BSEC warning code : 100

1 BSEC warning code : 100

1 BSEC warning code : 100

1 BSEC warning code : 100

1 BSEC warning code : 100

1 BSEC warning code : 100

1 BSEC warning code : 100

1 BSEC warning code : 100

1 BSEC warning code : 100

1 BSEC warning code : 100

1 BSEC warning code : 100

1 BSEC warning code : 100

1 BSEC warning code : 100

1 BSEC warning code : 100

1 BSEC warning code : 100

1 BSEC warning code : 100

1 BSEC warning code : 100

1 BSEC warning code : 100

1 BSEC warning code : 100

1 BSEC warning code : 100

1 BSEC warning code : 100

1 BSEC warning code : 100

1 BSEC warning code : 100

1 BSEC warning code : 100

1 BSEC warning code : 100

1 BSEC warning code : 100

1 BSEC warning code : 100

1 BSEC warning code : 100

1 BSEC warning code : 100

1 BSEC warning code : 100

1 BSEC warning code : 100

1 BSEC warning code : 100

1 BSEC warning code : 100

1 BSEC warning code : 100

1 BSEC warning code : 100

1 BSEC warning code : 100

1 BSEC warning code : 100

1 BSEC warning code : 100

1 BSEC warning code : 100

1 BSEC warning code : 100

1 BSEC warning code : 100

1 BSEC warning code : 100

1 BSEC warning code : 100

1 BSEC warning code : 100

1 BSEC warning code : 100

1 BSEC warning code : 100

1 BSEC warning code : 100

1 BSEC warning code : 100

1 BSEC warning code : 100

1 BSEC warning code : 100

1 BSEC warning code : 100

1 BSEC warning code : 100

1 BSEC warning code : 100

1 BSEC warning code : 100

1 BSEC warning code : 100

1 BSEC warning code : 100

1 BSEC warning code : 100

1 BSEC warning code : 100

1 BSEC warning code : 100

1 BSEC warning code : 100

1 BSEC warning code : 100

1 BSEC warning code : 100

1 BSEC warning code : 100

1 BSEC warning code : 100

1 BSEC warning code : 100

1 BSEC warning code : 100

1 BSEC warning code : 100

1 BSEC warning code : 100

1 BSEC warning code : 100

1 BSEC warning code : 100

1 BSEC warning code : 100

1 BSEC warning code : 100

1 BSEC warning code : 100

1 BSEC warning code : 100

1 BSEC warning code : 100

1 BSEC warning code : 100

1 BSEC warning code : 100

1 BSEC warning code : 100

1 BSEC warning code : 100

1 BSEC warning code : 100

1 BSEC warning code : 100

1 BSEC warning code : 100

1 BSEC warning code : 100

1 BSEC warning code : 100

1 BSEC warning code : 100

1 BSEC warning code : 100

1 BSEC warning code : 100

1 BSEC warning code : 100

1 BSEC warning code : 100

1 BSEC warning code : 100

1 BSEC warning code : 100

1 BSEC warning code : 100

1 BSEC warning code : 100

1 BSEC warning code : 100

1 BSEC warning code : 100

1 BSEC warning code : 100

1 BSEC warning code : 100

1 BSEC warning code : 100

1 BSEC warning code : 100

1 BSEC warning code : 100

1 BSEC warning code : 100

1 BSEC warning code : 100

1 BSEC warning code : 100

1 BSEC warning code : 100

1 BSEC warning code : 100

1 BSEC warning code : 100

1 BSEC warning code : 100

1 BSEC warning code : 100

1 BSEC warning code : 100

1 BSEC warning code : 100

1 BSEC warning code : 100

1 BSEC warning code : 100

1 BSEC warning code : 100

1 BSEC warning code : 100

1 BSEC warning code : 100

1 BSEC warning code : 100

1 BSEC warning code : 100

1 BSEC warning code : 100

1 BSEC warning code : 100

1 BSEC warning code : 100

1 BSEC warning code : 100

1 BSEC warning code : 100

1 BSEC warning code : 100

1 BSEC warning code : 100

1 BSEC warning code : 100

1 BSEC warning code : 100

1 BSEC warning code : 100

1 BSEC warning code : 100

1 BSEC warning code : 100

1 BSEC warning code : 100

1 BSEC warning code : 100

1 BSEC warning code : 100

1 BSEC warning code : 100

1 BSEC warning code : 100

1 BSEC warning code : 100

1 BSEC warning code : 100

1 BSEC warning code : 100

1 BSEC warning code : 100

1 BSEC warning code : 100

1 BSEC warning code : 100

1 BSEC warning code : 100

1 BSEC warning code : 100

1 BSEC warning code : 100

1 BSEC warning code : 100

1 BSEC warning code : 100

1 BSEC warning code : 100

1 BSEC warning code : 100

1 BSEC warning code : 100

1 BSEC warning code : 100

1 BSEC warning code : 100

1 BSEC warning code : 100

1 BSEC warning code : 100

1 BSEC warning code : 100

1 BSEC warning code : 100

1 BSEC warning code : 100

1 BSEC warning code : 100

1 BSEC warning code : 100

1 BSEC warning code : 100

1 BSEC warning code : 100

1 BSEC warning code : 100

1 BSEC warning code : 100

1 BSEC warning code : 100

1 BSEC warning code : 100

1 BSEC warning code : 100

1 BSEC warning code : 100

1 BSEC warning code : 100

1 BSEC warning code : 100

1 BSEC warning code : 100

1 BSEC warning code : 100

1 BSEC warning code : 100

1 BSEC warning code : 100

1 BSEC warning code : 100

1 BSEC warning code : 100

1 BSEC warning code : 100

1 BSEC warning code : 100

1 BSEC warning code : 100

1 BSEC warning code : 100

1 BSEC warning code : 100

1 BSEC warning code : 100

1 BSEC warning code : 100

1 BSEC warning code : 100

1 BSEC warning code : 100

1 BSEC warning code : 100

1 BSEC warning code : 100

1 BSEC warning code : 100

1 BSEC warning code : 100

1 BSEC warning code : 100

1 BSEC warning code : 100

1 BSEC warning code : 100

1 BSEC warning code : 100

1 BSEC warning code : 100

1 BSEC warning code : 100

1 BSEC warning code : 100

1 BSEC warning code : 100

1 BSEC warning code : 100

1 BSEC warning code : 100

1 BSEC warning code : 100

1 BSEC warning code : 100

1 BSEC warning code : 100

1 BSEC warning code : 100

1 BSEC warning code : 100

1 BSEC warning code : 100

1 BSEC warning code : 100

1 BSEC warning code : 100

1 BSEC warning code : 100

1 BSEC warning code : 100

1 BSEC warning code : 100

1 BSEC warning code : 100

1 BSEC warning code : 100

1 BSEC warning code : 100

1 BSEC warning code : 100

1 BSEC warning code : 100

1 BSEC warning code : 100

1 BSEC warning code : 100

1 BSEC warning code : 100

1 BSEC warning code : 100

1 BSEC warning code : 100

1 BSEC warning code : 100

1 BSEC warning code : 100

1 BSEC warning code : 100

1 BSEC warning code : 100

1 BSEC warning code : 100

1 BSEC warning code : 100

1 BSEC warning code : 100

1 BSEC warning code : 100

1 BSEC warning code : 100

1 BSEC warning code : 100

1 BSEC warning code : 100

1 BSEC warning code : 100

1 BSEC warning code : 100

1 BSEC warning code : 100

1 BSEC warning code : 100

1 BSEC warning code : 100

1 BSEC warning code : 100

1 BSEC warning code : 100

Exception (29):
epc1=0x4022a5e5 epc2=0x00000000 epc3=0x00000000 excvaddr=0x00000010 depc=0x00000000

>>>stack>>>

ctx: cont
sp: 3ffff8d0 end: 3fffffc0 offset: 01a0
3ffffa70:  02030317 00000007 00000000 401e5555  
3ffffa80:  00000207 00000017 00000240 3fff0c69  
3ffffa90:  3ffef802 3fff0e40 3fff0509 00000000  
3ffffaa0:  3fff554c 3fff0509 00000207 40239040  
3ffffab0:  00000207 7fffffff 7fffffed 3ffe8de2  
3ffffac0:  4026e7f8 00000002 3ffe8db0 00000005  
3ffffad0:  3fff0e40 00000207 3fff5294 40211747  
3ffffae0:  3fff0921 7fffffff 00000000 00000022  
3ffffaf0:  3ffffb00 3fff0e40 3fff0e40 3f800000  
3ffffb00:  00000000 00000002 3ffffb30 00000005  
3ffffb10:  3ffef804 3fff0e40 3fff0e40 40215ce9  
3ffffb20:  3fff0509 7fffffff 00000200 0000ff00  
3ffffb30:  00ff0000 ff000000 3fff0509 40215e0c  
3ffffb40:  00000002 3fff0e40 40217bb4 4020531c  
3ffffb50:  40209368 4026f9e8 3ffe8704 40229904  
3ffffb60:  3fff0c69 3fff0e40 40217bb4 3fffefa0  
3ffffb70:  00000012 3fffc6fc 3fff0921 3fff0e40  
3ffffb80:  00000002 3ffef80c 3fff0921 40205422  
3ffffb90:  00000000 3ffe8db0 3ffe8de2 3ffef7e8  
3ffffba0:  4026e7f8 3ffe8e05 40217bb4 3ffe8de2  
3ffffbb0:  4026e7f8 00000002 3ffe8db0 402075ca  
3ffffbc0:  3ffef7e8 3ffe8db0 60000000 401e5555  
3ffffbd0:  3fff0e40 00000000 00000002 3ffe8e05  
3ffffbe0:  3f800000 00000000 20000000 3f800000  
3ffffbf0:  3ffe8de2 00000002 3fff0e40 40209117  
3ffffc00:  40f2aaab 00000002 000000bc 40239040  
3ffffc10:  00000002 17e6674a c0e6e169 00000003  
3ffffc20:  00000000 000791d4 3ffe8704 00000077  
3ffffc30:  00000002 3fff0e40 3fff4ff4 40209337  
3ffffc40:  40f2aaab 4026f9da 4026f9e8 3ffefe64  
3ffffc50:  00000077 3f800000 3ffe8de2 40205445  
3ffffc60:  3ffe8cea 3fff4fc4 c0000000 3f92a48b  
3ffffc70:  38000000 00000000 3fff0a1b 3fff4fc4  
3ffffc80:  3ffefbd0 00000002 3fff0e40 40209571  
3ffffc90:  3f800000 3ffffcc0 3fff0cc8 40215e0c  
3ffffca0:  3fff4ed4 3fff0e40 3fff0cc8 4020c4b3  
3ffffcb0:  3fff0a1b 40271390 3fff0b15 3fffff28  
3ffffcc0:  3fffff2c 3fff0cc8 3fff0e40 40209644  
3ffffcd0:  3fffff2c 3fff0cc8 3fff0e40 4020c539  
3ffffce0:  3fff0509 00000200 3fffff28 ffffffff  
3ffffcf0:  3ffefee2 3fff0e40 3fff0509 402298d0  
3ffffd00:  3fff0519 1b8dbf4b 7fffffef ffff0208  
3ffffd10:  3fff0509 7fffffff 000001f4 4021af18  
3ffffd20:  00000011 4bc6a7f0 001d987d 3fff6ce4  
3ffffd30:  00000011 00000000 4bc6a7f0 00000000  
3ffffd40:  3ffffd78 0477b1eb 40101762 a3126e97  
3ffffd50:  00000011 3fff5224 3ffffd70 3fff6ce4  
3ffffd60:  3fff52f4 0477b1eb 3fff5294 40211648  
3ffffd70:  3fff554c 3fff6fd4 40217bb4 3fffefa0  
3ffffd80:  00008ca0 00008ca0 00008ca0 40229904  
3ffffd90:  00000000 3fff52f4 3fff0e40 000001bb  
3ffffda0:  00000011 3fffff24 3fffff20 00000001  
3ffffdb0:  00000011 00000000 4bc6a7f0 00000000  
3ffffdc0:  000001bb 3fff0b15 40101762 dbe76c8b  
3ffffdd0:  00000011 3fff0e40 3fff0509 00000001  
3ffffde0:  3fff0cc8 3fff0e40 3fff0509 4020c944  
3ffffdf0:  3fffff2c 3fff0e40 00000002 3fff0b15  
3ffffe00:  3fff0a1b 3fff0509 00000200 00000000  
3ffffe10:  3ffefee2 00020005 001e000a 00050005  
3ffffe20:  40271390 0000000a 3fffff20 3fffff24  
3ffffe30:  3fffff28 00000000 b199e200 00004429  
3ffffe40:  42f1fabf 00010101 b199e200 40271390  
3ffffe50:  3fff0cc8 3fff0b15 3fff0a1b 4020caaf  
3ffffe60:  3fffff2c 3fff0b15 000001bb 00000002  
3ffffe70:  00000000 3fff0509 00000200 3fff0a1b  
3ffffe80:  3ffefee2 00000001 3fff10c4 00004429  
3ffffe90:  0000000a 3fffff20 3fffff24 3fffff28  
3ffffea0:  3fff0a23 00000c01 00000001 40203fbf  
3ffffeb0:  402213a8 00000000 402213a8 3fff0b15  
3ffffec0:  00000002 3fff0a1b 3ffef810 4020682d  
3ffffed0:  3fffff2c 00000002 00000000 3fff0509  
3ffffee0:  00000200 3fff0a1b 3fff0b15 3ffefee2  
3ffffef0:  3ffefee2 00000000 0000000a 00000000  
3fffff00:  00000000 00000000 00000000 40206228  
3fffff10:  3ffefee2 3fff0a1b 3ffeffdc 4020695a  
3fffff20:  00000000 40206228 00000000 40209638  
3fffff30:  00000002 40209638 3ffefc34 4022021a  
3fffff40:  00000000 00000000 00000000 3fff226c  
3fffff50:  3fffdad0 00000000 3ffeffdc 40208f4c  
3fffff60:  00000000 00000000 3ffe8704 00000000  
3fffff70:  3fffdad0 3fff226c 40217bb4 3fffefa0  
3fffff80:  00000000 00000000 3fff0c82 40217c96  
3fffff90:  3fffdad0 00000000 3fff0c82 4020b8f8  
3fffffa0:  3fffdad0 00000000 3fff223c 40217c64  
3fffffb0:  feefeffe feefeffe 3ffe8704 40101ded  
<<<stack<<<

last failed alloc call: 40238F00(576)

 ets Jan  8 2013,rst cause:1, boot mode:(3,7)

load 0x4010f000, len 1384, room 16 
tail 8
chksum 0x2d
csum 0x2d
v8b899c12
~ld


7.04
 0h00:00.287 1970/01/01T08:00:00z: SPIFFS Active
 0h00:03.964 2025/10/11T22:49:38z: 48:3f:da:26:d5:3c
 0h00:03.965 2025/10/11T22:49:38z: SSID: AkgWarmer5
1 BSEC warning code : 100

1 BSEC warning code : 100

1 BSEC warning code : 100

1 BSEC warning code : 100

1 BSEC warning code : 100

1 BSEC warning code : 100

1 BSEC warning code : 100

1 BSEC warning code : 100

1 BSEC warning code : 100

1 BSEC warning code : 100

1 BSEC warning code : 100

1 BSEC warning code : 100

1 BSEC warning code : 100

1 BSEC warning code : 100

1 BSEC warning code : 100

1 BSEC warning code : 100

1 BSEC warning code : 100

1 BSEC warning code : 100

1 BSEC warning code : 100

1 BSEC warning code : 100

1 BSEC warning code : 100

1 BSEC warning code : 100

1 BSEC warning code : 100

1 BSEC warning code : 100

1 BSEC warning code : 100

1 BSEC warning code : 100

1 BSEC warning code : 100

1 BSEC warning code : 100

1 BSEC warning code : 100

1 BSEC warning code : 100

1 BSEC warning code : 100

1 BSEC warning code : 100

1 BSEC warning code : 100

1 BSEC warning code : 100

1 BSEC warning code : 100

1 BSEC warning code : 100

1 BSEC warning code : 100

1 BSEC warning code : 100

1 BSEC warning code : 100

1 BSEC warning code : 100

1 BSEC warning code : 100

1 BSEC warning code : 100

1 BSEC warning code : 100

1 BSEC warning code : 100

1 BSEC warning code : 100

1 BSEC warning code : 100

1 BSEC warning code : 100

1 BSEC warning code : 100

1 BSEC warning code : 100

1 BSEC warning code : 100

1 BSEC warning code : 100

1 BSEC warning code : 100

1 BSEC warning code : 100

1 BSEC warning code : 100

1 BSEC warning code : 100

1 BSEC warning code : 100

1 BSEC warning code : 100

1 BSEC warning code : 100

1 BSEC warning code : 100

1 BSEC warning code : 100

Exception (29):
epc1=0x4022a5e5 epc2=0x00000000 epc3=0x00000000 excvaddr=0x00000010 depc=0x00000000

>>>stack>>>

ctx: cont
sp: 3ffff8d0 end: 3fffffc0 offset: 01a0
3ffffa70:  02030317 00000007 00000000 3ff00000  
3ffffa80:  00000207 00000017 00000240 3fff0c69  
3ffffa90:  3ffef802 3fff0e40 3fff0509 00000000  
3ffffaa0:  3fff541c 3fff0509 00000207 40239040  
3ffffab0:  00000207 7fffffff 7fffffed 3ffe8de2  
3ffffac0:  4026e808 00000002 3ffe8db0 00000005  
3ffffad0:  3fff0e40 00000207 3fff508c 40211747  
3ffffae0:  3fff0921 7fffffff 00000000 00000005  
3ffffaf0:  3ffef804 3fff0e40 3fff0e40 3f800000  
3ffffb00:  00000000 00000002 3ffffb30 00000005  
3ffffb10:  3ffef804 3fff0e40 3fff0e40 40215ce9  
3ffffb20:  3fff0509 7fffffff 00000200 0000ff00  
3ffffb30:  00ff0000 ff000000 3fff0509 40215e0c  
3ffffb40:  00000002 3fff0e40 40217bb4 4020531c  
3ffffb50:  400005e1 3fff9c3c 3ffe8704 40229904  
3ffffb60:  3fff0c69 3fff0e40 40217bb4 3fffefa0  
3ffffb70:  00000012 0000005b 3fff0921 3fff0e40  
3ffffb80:  00000002 3ffef80c 3fff0921 40205422  
3ffffb90:  0000000d 3ffe8db0 3ffe8de2 3ffef7e8  
3ffffba0:  4026e808 3ffe8e05 40217bb4 3ffe8de2  
3ffffbb0:  4026e808 00000002 3ffe8db0 402075ca  
3ffffbc0:  3ffef7e8 3ffe8db0 00000000 3ff00000  
3ffffbd0:  3fff0e40 00000000 00000002 3ffe8e05  
3ffffbe0:  3f800000 00000000 60000000 3f800000  
3ffffbf0:  00000000 00000002 3fff0e40 402090d2  
3ffffc00:  3f800000 00000002 000000bc 40239040  
3ffffc10:  00000002 4e31353b 13166dad 00000003  
3ffffc20:  00000000 0005dc8a 3ffe8704 00000081  
3ffffc30:  00000002 3fff0e40 3fff4ff4 40209337  
3ffffc40:  412c30c3 4026f9da 4026f9e8 3ffefe64  
3ffffc50:  00000081 3f800000 3ffe8de2 40205445  
3ffffc60:  3ffe8cea 3fff4fc4 20000000 3f92a34f  
3ffffc70:  38000000 00000000 3fff0a1b 3fff4fc4  
3ffffc80:  3ffefbd0 00000002 3fff0e40 40209571  
3ffffc90:  3f800000 3ffffcc0 3fff0cc8 40215e0c  
3ffffca0:  3fff4ed4 3fff0e40 3fff0cc8 4020c4b3  
3ffffcb0:  3fff0a1b 40271390 3fff0b15 3fffff28  
3ffffcc0:  3fffff2c 3fff0cc8 3fff0e40 40209644  
3ffffcd0:  3fffff2c 3fff0cc8 3fff0e40 4020c539  
3ffffce0:  3fff0509 00000200 3fffff28 ffffffff  
3ffffcf0:  3ffefee2 3fff0e40 3fff0509 402298d0  
3ffffd00:  3fff0519 23c30899 7fffffef ffff0208  
3ffffd10:  3fff0509 7fffffff 000001f4 4021af18  
3ffffd20:  00000000 4bc6a7f0 0038b877 3fff5124  
3ffffd30:  00000000 00000000 4bc6a7f0 00000000  
3ffffd40:  3ffffd78 0038b770 40101762 228f5c29  
3ffffd50:  00000000 3fff5544 3ffffd70 3fff5124  
3ffffd60:  3fff98ac 0038b770 3fff508c 40211648  
3ffffd70:  3fff541c 3fff5544 40217bb4 3fffefa0  
3ffffd80:  00008ca0 00008ca0 00008ca0 40229904  
3ffffd90:  00000000 3fff98ac 3fff0e40 000001bb  
3ffffda0:  00000000 3fffff24 3fffff20 00000001  
3ffffdb0:  00000000 00000000 4bc6a7f0 00000000  
3ffffdc0:  000001bb 3fff0b15 40101762 5b22d0e5  
3ffffdd0:  00000000 3fff0e40 3fff0509 00000001  
3ffffde0:  3fff0cc8 3fff0e40 3fff0509 4020c944  
3ffffdf0:  3fffff2c 3fff0e40 00000002 3fff0b15  
3ffffe00:  3fff0a1b 3fff0509 00000200 00000000  
3ffffe10:  3ffefee2 00020005 001e000a 00050005  
3ffffe20:  40271390 0000000a 3fffff20 3fffff24  
3ffffe30:  3fffff28 00000000 d26b6f80 00000360  
3ffffe40:  42e6804b 00010101 d26b6f80 40271390  
3ffffe50:  3fff0cc8 3fff0b15 3fff0a1b 4020caaf  
3ffffe60:  3fffff2c 3fff0b15 000001bb 00000002  
3ffffe70:  00000000 3fff0509 00000200 3fff0a1b  
3ffffe80:  3ffefee2 00000001 3fff10c4 00000360  
3ffffe90:  0000000a 3fffff20 3fffff24 3fffff28  
3ffffea0:  3fff0a23 00000c01 00000001 40203fbf  
3ffffeb0:  402213a8 00000000 402213a8 3fff0b15  
3ffffec0:  00000002 3fff0a1b 3ffef810 4020682d  
3ffffed0:  3fffff2c 00000002 00000000 3fff0509  
3ffffee0:  00000200 3fff0a1b 3fff0b15 3ffefee2  
3ffffef0:  3ffefee2 00000000 0000000a 00000000  
3fffff00:  00000000 00000000 00000000 40206228  
3fffff10:  3ffefee2 3fff0a1b 3ffeffdc 4020695a  
3fffff20:  00000000 40206228 00000000 40209638  
3fffff30:  00000002 40209638 3ffefc34 4022021a  
3fffff40:  00000000 00000000 00000000 3fff226c  
3fffff50:  3fffdad0 00000000 3ffeffdc 40208f4c  
3fffff60:  00000000 00000000 3ffe8704 00000000  
3fffff70:  3fffdad0 3fff226c 40217bb4 3fffefa0  
3fffff80:  00000000 00000000 3fff0c82 40217c96  
3fffff90:  3fffdad0 00000000 3fff0c82 4020b8f8  
3fffffa0:  3fffdad0 00000000 3fff223c 40217c64  
3fffffb0:  feefeffe feefeffe 3ffe8704 40101ded  
<<<stack<<<

last failed alloc call: 40238F00(576)

 ets Jan  8 2013,rst cause:1, boot mode:(3,7)

load 0x4010f000, len 1384, room 16 
tail 8
chksum 0x2d
csum 0x2d
v8b899c12
~ld


7.04
 0h00:00.287 1970/01/01T08:00:00z: SPIFFS Active
 0h00:03.961 2025/10/11T23:51:36z: 48:3f:da:26:d5:3c
 0h00:03.963 2025/10/11T23:51:36z: SSID: AkgWarmer5
1 BSEC warning code : 100

1 BSEC warning code : 100

1 BSEC warning code : 100

1 BSEC warning code : 100

1 BSEC warning code : 100

1 BSEC warning code : 100

1 BSEC warning code : 100

1 BSEC warning code : 100

1 BSEC warning code : 100
