
1 BSEC warning code : 100

1 BSEC warning code : 100

1 BSEC warning code : 100

1 BSEC warning code : 100

1 BSEC warning code : 100

1 BSEC warning code : 100

1 BSEC warning code : 100

1 BSEC warning code : 100

1 BSEC warning code : 100

1 BSEC warning code : 100

1 BSEC warning code : 100

1 BSEC warning code : 100

1 BSEC warning code : 100

1 BSEC warning code : 100

1 BSEC warning code : 100

1 BSEC warning code : 100

1 BSEC warning code : 100

1 BSEC warning code : 100

1 BSEC warning code : 100

1 BSEC warning code : 100

1 BSEC warning code : 100

1 BSEC warning code : 100

1 BSEC warning code : 100

1 BSEC warning code : 100

1 BSEC warning code : 100

1 BSEC warning code : 100

1 BSEC warning code : 100

1 BSEC warning code : 100

1 BSEC warning code : 100

1 BSEC warning code : 100

1 BSEC warning code : 100

1 BSEC warning code : 100

1 BSEC warning code : 100

1 BSEC warning code : 100

1 BSEC warning code : 100

1 BSEC warning code : 100

1 BSEC warning code : 100

1 BSEC warning code : 100

1 BSEC warning code : 100

1 BSEC warning code : 100

1 BSEC warning code : 100

1 BSEC warning code : 100

1 BSEC warning code : 100

1 BSEC warning code : 100

1 BSEC warning code : 100

1 BSEC warning code : 100

1 BSEC warning code : 100

1 BSEC warning code : 100

1 BSEC warning code : 100

1 BSEC warning code : 100

1 BSEC warning code : 100

1 BSEC warning code : 100

1 BSEC warning code : 100

1 BSEC warning code : 100

1 BSEC warning code : 100

1 BSEC warning code : 100

1 BSEC warning code : 100

1 BSEC warning code : 100

1 BSEC warning code : 100

1 BSEC warning code : 100

1 BSEC warning code : 100

1 BSEC warning code : 100

1 BSEC warning code : 100

1 BSEC warning code : 100

1 BSEC warning code : 100

1 BSEC warning code : 100

1 BSEC warning code : 100

1 BSEC warning code : 100

1 BSEC warning code : 100

1 BSEC warning code : 100

1 BSEC warning code : 100

1 BSEC warning code : 100

1 BSEC warning code : 100

1 BSEC warning code : 100

1 BSEC warning code : 100

1 BSEC warning code : 100

1 BSEC warning code : 100

1 BSEC warning code : 100

1 BSEC warning code : 100

1 BSEC warning code : 100

1 BSEC warning code : 100

1 BSEC warning code : 100

1 BSEC warning code : 100

1 BSEC warning code : 100

1 BSEC warning code : 100

1 BSEC warning code : 100

1 BSEC warning code : 100

1 BSEC warning code : 100

1 BSEC warning code : 100

1 BSEC warning code : 100

1 BSEC warning code : 100

1 BSEC warning code : 100

1 BSEC warning code : 100

1 BSEC warning code : 100

1 BSEC warning code : 100

1 BSEC warning code : 100

1 BSEC warning code : 100

1 BSEC warning code : 100

1 BSEC warning code : 100

1 BSEC warning code : 100

1 BSEC warning code : 100

1 BSEC warning code : 100

1 BSEC warning code : 100

1 BSEC warning code : 100

1 BSEC warning code : 100

1 BSEC warning code : 100

1 BSEC warning code : 100

1 BSEC warning code : 100

1 BSEC warning code : 100

1 BSEC warning code : 100

1 BSEC warning code : 100

1 BSEC warning code : 100

1 BSEC warning code : 100

1 BSEC warning code : 100

1 BSEC warning code : 100

1 BSEC warning code : 100

1 BSEC warning code : 100

1 BSEC warning code : 100

1 BSEC warning code : 100

1 BSEC warning code : 100

1 BSEC warning code : 100

1 BSEC warning code : 100

1 BSEC warning code : 100

1 BSEC warning code : 100

1 BSEC warning code : 100

1 BSEC warning code : 100

1 BSEC warning code : 100

1 BSEC warning code : 100

1 BSEC warning code : 100

1 BSEC warning code : 100

1 BSEC warning code : 100

1 BSEC warning code : 100

1 BSEC warning code : 100

1 BSEC warning code : 100

1 BSEC warning code : 100

1 BSEC warning code : 100

1 BSEC warning code : 100

1 BSEC warning code : 100

1 BSEC warning code : 100

1 BSEC warning code : 100

1 BSEC warning code : 100

Exception (29):
epc1=0x4022a6e2 epc2=0x00000000 epc3=0x00000000 excvaddr=0x00000004 depc=0x00000000

>>>stack>>>

ctx: cont
sp: 3ffff960 end: 3fffffc0 offset: 01a0
3ffffb00:  3fff920c 3fffa52c 3fff88ec 4023d088  
3ffffb10:  00000104 4023ce8e 00005bf0 00000b7e  
3ffffb20:  00000042 000287a1 4023d446 4023d1fe  
3ffffb30:  00000040 00000082 3fff88d4 4023d391  
3ffffb40:  00800000 00000080 00000000 00000041  
3ffffb50:  000287a1 0000003f 3fffb3ac 00000041  
3ffffb60:  3fff63cc 3fff88d4 3fffb3ac 3fff66c4  
3ffffb70:  3fff9308 ffffffff 3fffa52c 4023da0d  
3ffffb80:  00000040 3fffa52c 3fff88d4 3fffa52c  
3ffffb90:  00000040 3fffa52c 3fff88d4 4023decb  
3ffffba0:  3fff667c 0000003f 86dbf4fa 00000001  
3ffffbb0:  3fffa52c 3fffb3c4 3fff88d4 00000001  
3ffffbc0:  00000010 3fffa52c 0000000f 4023e11c  
3ffffbd0:  3fffb3ac 3fff66ac 0000000f 00000001  
3ffffbe0:  00000001 3fffb394 3fff6b13 4023cf34  
3ffffbf0:  00000100 3fff664c 3fff6aef 00000000  
3ffffc00:  00000100 3fff664c 3fff6aef 4023f339  
3ffffc10:  3ffffc40 00000000 000000d0 00000030  
3ffffc20:  e16ffe16 3fffa7c4 3fff512c 00000004  
3ffffc30:  3fff6ae9 3fffa454 3fff6ae9 40239e94  
3ffffc40:  dede0303 a349b128 6cdae920 ee038732  
3ffffc50:  9c8a2603 bbc880b4 5358bce5 f04a7e7b  
3ffffc60:  825a112c ae8e340f a11b3f8c fe16d1bc  
3ffffc70:  3fff6ae9 00000004 3fffa454 4023a38d  
3ffffc80:  6c42bbf6 f265a32c bcdcb133 40236c98  
3ffffc90:  51d3af1c 3fffc6fc 3ffe8704 402327ba  
3ffffca0:  00000004 00000000 3fff59a4 40210fce  
3ffffcb0:  0000000e 00000000 00000064 40217c96  
3ffffcc0:  00000000 00000020 0000003b 00000004  
3ffffcd0:  3fff6ae9 00000004 3fffa454 00000004  
3ffffce0:  3fff6ae9 00000004 3fffa454 40239c9c  
3ffffcf0:  22a307e3 00000483 00000483 00000036  
3ffffd00:  0000006b 3fff6ae9 3fffa454 4023a06c  
3ffffd10:  0000001f 3fff6b1c 000001f4 4021af18  
3ffffd20:  3ffffd78 0000000e 00000010 3fff61b4  
3ffffd30:  00000002 00000000 4bc6a7f0 01000000  
3ffffd40:  3ffffd78 008b16e0 3fffa454 40239e04  
3ffffd50:  00000002 3fff5a34 3ffffd70 3fff61b4  
3ffffd60:  3fff59a4 008b16e0 3fff5a4c 40211655  
3ffffd70:  3fffa454 3fff5a34 40217bb4 3fffefa0  
3ffffd80:  00008ca0 00008ca0 00008ca0 40218893  
3ffffd90:  00000000 3fff59a4 3fff0e40 000001bb  
3ffffda0:  000001bb 3fff0b15 3fff0e40 402118a3  
3ffffdb0:  00000002 00000000 4bc6a7f0 000001bb  
3ffffdc0:  000001bb 3fff0b15 3fff0e40 4021195a  
3ffffdd0:  402213a8 66dddf22 402213a8 66dddf22  
3ffffde0:  3fff0cc8 3fff0e40 3fff0509 4020c83a  
3ffffdf0:  7afcf400 0000084a 0000200f 03840140  
3ffffe00:  00640140 00640064 00c800c8 014000c8  
3ffffe10:  01400140 00020005 001e000a 00050005  
3ffffe20:  40271390 0000000a 3fffff20 3fffff24  
3ffffe30:  3fffff28 00000000 19ef2740 00000841  
3ffffe40:  42fc2543 00010101 19ef2740 40271390  
3ffffe50:  3fff0cc8 3fff0b15 3fff0a1b 4020caaf  
3ffffe60:  3fffff2c 3fff0b15 000001bb 00000002  
3ffffe70:  00000000 3fff0509 00000200 3fff0a1b  
3ffffe80:  3ffefee2 00000001 3fff10c4 00000841  
3ffffe90:  0000000a 3fffff20 3fffff24 3fffff28  
3ffffea0:  3fff0a23 00000c01 00000001 40203fbf  
3ffffeb0:  402213a8 00000000 402213a8 3fff0b15  
3ffffec0:  00000002 3fff0a1b 3ffef810 4020682d  
3ffffed0:  3fffff2c 00000002 00000000 3fff0509  
3ffffee0:  00000200 3fff0a1b 3fff0b15 3ffefee2  
3ffffef0:  3ffefee2 00000000 0000000a 00000000  
3fffff00:  00000000 00000000 00000000 40206228  
3fffff10:  3ffefee2 3fff0a1b 3ffeffdc 4020695a  
3fffff20:  00000000 40206228 00000000 40209638  
3fffff30:  00000002 40209638 3ffefc34 4022021a  
3fffff40:  00000000 00000000 00000000 3fff226c  
3fffff50:  3fffdad0 00000000 3ffeffdc 40208f4c  
3fffff60:  00000000 00000000 3ffe8704 00000000  
3fffff70:  3fffdad0 3fff226c 40217bb4 3fffefa0  
3fffff80:  00000000 00000000 3fff0c82 40217c96  
3fffff90:  3fffdad0 00000000 3fff0c82 4020b8f8  
3fffffa0:  3fffdad0 00000000 3fff223c 40217c64  
3fffffb0:  feefeffe feefeffe 3ffe8704 40101ded  
<<<stack<<<

last failed alloc call: 4023CE8E(1024)

 ets Jan  8 2013,rst cause:1, boot mode:(3,7)

load 0x4010f000, len 1384, room 16 
tail 8
chksum 0x2d
csum 0x2d
v8b899c12
~ld


7.04
 0h00:00.283 1970/01/01T08:00:00z: SPIFFS Active
 0h00:03.957 2025/10/12T02:23:32z: 48:3f:da:26:d5:3c
 0h00:03.958 2025/10/12T02:23:32z: SSID: AkgWarmer5
1 BSEC warning code : 100

1 BSEC warning code : 100

1 BSEC warning code : 100

1 BSEC warning code : 100

1 BSEC warning code : 100

1 BSEC warning code : 100

1 BSEC warning code : 100

1 BSEC warning code : 100

1 BSEC warning code : 100

1 BSEC warning code : 100

1 BSEC warning code : 100

1 BSEC warning code : 100

1 BSEC warning code : 100

1 BSEC warning code : 100

Exception (29):
epc1=0x4022a5e5 epc2=0x00000000 epc3=0x00000000 excvaddr=0x00000010 depc=0x00000000

>>>stack>>>

ctx: cont
sp: 3ffff8d0 end: 3fffffc0 offset: 01a0
3ffffa70:  02030317 00000007 00000000 3ff00000  
3ffffa80:  00000207 00000017 00000240 3fff0c69  
3ffffa90:  3ffef802 3fff0e40 3fff0509 00000000  
3ffffaa0:  3fff5804 3fff0509 00000207 40239040  
3ffffab0:  00000207 7fffffff ff000000 3ffe8de2  
3ffffac0:  4026e808 00000002 3ffe8db0 00000005  
3ffffad0:  3fff0e40 00000207 3fff5454 40211747  
3ffffae0:  3fff0921 7fffffff 00000000 00000005  
3ffffaf0:  3ffef804 3fff0e40 3fff0e40 3f800000  
3ffffb00:  00000000 00000002 3ffffb30 00000005  
3ffffb10:  3ffef804 3fff0e40 3fff0e40 40215ce9  
3ffffb20:  3fff0509 7fffffff 00000200 0000ff00  
3ffffb30:  00ff0000 ff000000 3fff0509 40215e0c  
3ffffb40:  00000002 3fff0e40 40217bb4 4020531c  
3ffffb50:  400005e1 3fff861c 3ffe8704 40229904  
3ffffb60:  3fff0c69 3fff0e40 40217bb4 3fffefa0  
3ffffb70:  00000012 0000005b 3fff0921 3fff0e40  
3ffffb80:  00000002 3ffef80c 3fff0921 40205422  
3ffffb90:  0000000d 3ffe8db0 3ffe8de2 3ffef7e8  
3ffffba0:  4026e808 3ffe8e05 40217bb4 3ffe8de2  
3ffffbb0:  4026e808 00000002 3ffe8db0 402075ca  
3ffffbc0:  3ffef7e8 3ffe8db0 00000000 3ff00000  
3ffffbd0:  3fff0e40 00000000 00000002 3ffe8e05  
3ffffbe0:  3f800000 00000000 c0000000 3f800000  
3ffffbf0:  00000000 00000002 3fff0e40 402090d2  
3ffffc00:  3f800000 00000002 000000bc 40239040  
3ffffc10:  00000002 23407970 8293d020 00000003  
3ffffc20:  00000000 0001969a 3ffe8704 00000078  
3ffffc30:  00000002 3fff0e40 3fff4ff4 40209337  
3ffffc40:  41f71111 4026f9da 4026f9e8 3ffefe64  
3ffffc50:  00000078 3f800000 3ffe8de2 40205445  
3ffffc60:  3ffe8cea 3fff4fc4 60000000 3f92a338  
3ffffc70:  38000000 00000000 3fff0a1b 3fff4fc4  
3ffffc80:  3ffefbd0 00000002 3fff0e40 40209571  
3ffffc90:  3f800000 3ffffcc0 3fff0cc8 40215e0c  
3ffffca0:  3fff4ed4 3fff0e40 3fff0cc8 4020c4b3  
3ffffcb0:  3fff0a1b 40271390 3fff0b15 3fffff28  
3ffffcc0:  3fffff2c 3fff0cc8 3fff0e40 40209644  
3ffffcd0:  3fffff2c 3fff0cc8 3fff0e40 4020c539  
3ffffce0:  3fff0509 00000200 3fffff28 ffffffff  
3ffffcf0:  3ffefee2 3fff0e40 3fff0509 402298d0  
3ffffd00:  3fff0519 d558c963 7fffffef ffff0208  
3ffffd10:  3fff0509 7fffffff 000001f4 4021af18  
3ffffd20:  00000000 4bc6a7f0 000cc5dd 3fff5184  
3ffffd30:  00000000 00000000 4bc6a7f0 00000000  
3ffffd40:  3ffffd78 000cc4b3 40101762 ac49ba5e  
3ffffd50:  00000000 3fff6554 3ffffd70 3fff5184  
3ffffd60:  3fff54ec 000cc4b3 3fff5454 40211648  
3ffffd70:  3fff5804 3fff58dc 40217bb4 3fffefa0  
3ffffd80:  00008ca0 00008ca0 00008ca0 40229904  
3ffffd90:  00000000 3fff54ec 3fff0e40 000001bb  
3ffffda0:  00000000 3fffff24 3fffff20 00000001  
3ffffdb0:  00000000 00000000 4bc6a7f0 00000000  
3ffffdc0:  000001bb 3fff0b15 40101762 e51eb851  
3ffffdd0:  00000000 3fff0e40 3fff0509 00000001  
3ffffde0:  3fff0cc8 3fff0e40 3fff0509 4020c944  
3ffffdf0:  3fffff2c 3fff0e40 00000002 3fff0b15  
3ffffe00:  3fff0a1b 3fff0509 00000200 00000000  
3ffffe10:  3ffefee2 00020005 001e000a 00050005  
3ffffe20:  40271390 0000000a 3fffff20 3fffff24  
3ffffe30:  3fffff28 00000000 cf238dc0 000000be  
3ffffe40:  42f927a9 00010101 cf238dc0 40271390  
3ffffe50:  3fff0cc8 3fff0b15 3fff0a1b 4020caaf  
3ffffe60:  3fffff2c 3fff0b15 000001bb 00000002  
3ffffe70:  00000000 3fff0509 00000200 3fff0a1b  
3ffffe80:  3ffefee2 00000001 3fff10c4 000000be  
3ffffe90:  0000000a 3fffff20 3fffff24 3fffff28  
3ffffea0:  3fff0a23 00000c01 00000001 40203fbf  
3ffffeb0:  402213a8 00000000 402213a8 3fff0b15  
3ffffec0:  00000002 3fff0a1b 3ffef810 4020682d  
3ffffed0:  3fffff2c 00000002 00000000 3fff0509  
3ffffee0:  00000200 3fff0a1b 3fff0b15 3ffefee2  
3ffffef0:  3ffefee2 00000000 0000000a 00000000  
3fffff00:  00000000 00000000 00000000 40206228  
3fffff10:  3ffefee2 3fff0a1b 3ffeffdc 4020695a  
3fffff20:  00000000 40206228 00000000 40209638  
3fffff30:  00000002 40209638 3ffefc34 4022021a  
3fffff40:  00000000 00000000 00000000 3fff226c  
3fffff50:  3fffdad0 00000000 3ffeffdc 40208f4c  
3fffff60:  00000000 00000000 3ffe8704 00000000  
3fffff70:  3fffdad0 3fff226c 40217bb4 3fffefa0  
3fffff80:  00000000 00000000 3fff0c82 40217c96  
3fffff90:  3fffdad0 00000000 3fff0c82 4020b8f8  
3fffffa0:  3fffdad0 00000000 3fff223c 40217c64  
3fffffb0:  feefeffe feefeffe 3ffe8704 40101ded  
<<<stack<<<

last failed alloc call: 40238F00(576)

 ets Jan  8 2013,rst cause:1, boot mode:(3,7)

load 0x4010f000, len 1384, room 16 
tail 8
chksum 0x2d
csum 0x2d
v8b899c12
~ld


7.04
 0h00:00.283 1970/01/01T08:00:00z: SPIFFS Active
 0h00:03.956 2025/10/12T02:37:29z: 48:3f:da:26:d5:3c
 0h00:03.958 2025/10/12T02:37:29z: SSID: AkgWarmer5
1 BSEC warning code : 100

1 BSEC warning code : 100

1 BSEC warning code : 100

1 BSEC warning code : 100

1 BSEC warning code : 100

1 BSEC warning code : 100

1 BSEC warning code : 100

1 BSEC warning code : 100

1 BSEC warning code : 100

1 BSEC warning code : 100

1 BSEC warning code : 100

1 BSEC warning code : 100

1 BSEC warning code : 100

1 BSEC warning code : 100

1 BSEC warning code : 100

1 BSEC warning code : 100

1 BSEC warning code : 100

1 BSEC warning code : 100

Exception (29):
epc1=0x4022a5e5 epc2=0x00000000 epc3=0x00000000 excvaddr=0x00000010 depc=0x00000000

>>>stack>>>

ctx: cont
sp: 3ffff8d0 end: 3fffffc0 offset: 01a0
3ffffa70:  02030317 00000007 00000000 3ff00000  
3ffffa80:  00000207 00000017 00000240 3fff0c69  
3ffffa90:  3ffef802 3fff0e40 3fff0509 00000000  
3ffffaa0:  3fff816c 3fff0509 00000207 40239040  
3ffffab0:  00000207 7fffffff 7fffffed 3ffe8de2  
3ffffac0:  4026e808 00000002 3ffe8db0 00000005  
3ffffad0:  3fff0e40 00000207 3fff513c 40211747  
3ffffae0:  3fff0921 7fffffff 00000000 0000002c  
3ffffaf0:  3fff062e 00ff0000 ff000000 3f800000  
3ffffb00:  00000000 00000002 3ffffb30 00000005  
3ffffb10:  3ffef804 3fff0e40 3fff0e40 40215ce9  
3ffffb20:  3fff0509 7fffffff 00000200 0000ff00  
3ffffb30:  00ff0000 ff000000 3fff0509 40215e0c  
3ffffb40:  00000002 3fff0e40 40217bb4 4020531c  
3ffffb50:  400005e1 3fff9f74 3ffe8704 40229904  
3ffffb60:  3fff0c69 3fff0e40 40217bb4 3fffefa0  
3ffffb70:  00000012 0000005b 3fff0921 3fff0e40  
3ffffb80:  00000002 3ffef80c 3fff0921 40205422  
3ffffb90:  0000000d 3ffe8db0 3ffe8de2 3ffef7e8  
3ffffba0:  4026e808 3ffe8e05 40217bb4 3ffe8de2  
3ffffbb0:  4026e808 00000002 3ffe8db0 402075ca  
3ffffbc0:  3ffef7e8 3ffe8db0 00000000 3ff00000  
3ffffbd0:  3fff0e40 00000000 00000002 3ffe8e05  
3ffffbe0:  3f800000 00000000 c0000000 3f800000  
3ffffbf0:  00000000 00000002 3fff0e40 402090d2  
3ffffc00:  3f800000 00000002 000000bc 40239040  
3ffffc10:  00000002 06d2ba24 7fa261da 00000003  
3ffffc20:  00000000 0001ce58 3ffe8704 00000078  
3ffffc30:  00000002 3fff0e40 3fff4ff4 40209337  
3ffffc40:  4216b6db 4026f9da 4026f9e8 3ffefe64  
3ffffc50:  00000078 3f800000 3ffe8de2 40205445  
3ffffc60:  3ffe8cea 3fff4fc4 60000000 3f92a338  
3ffffc70:  38000000 00000000 3fff0a1b 3fff4fc4  
3ffffc80:  3ffefbd0 00000002 3fff0e40 40209571  
3ffffc90:  3f800000 3ffffcc0 3fff0cc8 40215e0c  
3ffffca0:  3fff4ed4 3fff0e40 3fff0cc8 4020c4b3  
3ffffcb0:  3fff0a1b 40271390 3fff0b15 3fffff28  
3ffffcc0:  3fffff2c 3fff0cc8 3fff0e40 40209644  
3ffffcd0:  3fffff2c 3fff0cc8 3fff0e40 4020c539  
3ffffce0:  3fff0509 00000200 3fffff28 ffffffff  
3ffffcf0:  3ffefee2 3fff0e40 3fff0509 402298d0  
3ffffd00:  3fff0519 403a4082 7fffffef ffff0208  
3ffffd10:  3fff0509 7fffffff 000001f4 4021af18  
3ffffd20:  00000000 4bc6a7f0 00104ec6 3fff58c4  
3ffffd30:  00000000 00000000 4bc6a7f0 00000000  
3ffffd40:  3ffffd78 00104cc7 40101762 86e978d5  
3ffffd50:  00000000 3fff593c 3ffffd70 3fff58c4  
3ffffd60:  3fff8464 00104cc7 3fff513c 40211648  
3ffffd70:  3fff816c 3fff593c 40217bb4 3fffefa0  
3ffffd80:  00008ca0 00008ca0 00008ca0 40229904  
3ffffd90:  00000000 3fff8464 3fff0e40 000001bb  
3ffffda0:  00000000 3fffff24 3fffff20 00000001  
3ffffdb0:  00000000 00000000 4bc6a7f0 00000000  
3ffffdc0:  000001bb 3fff0b15 40101762 bfbe76c8  
3ffffdd0:  00000000 3fff0e40 3fff0509 00000001  
3ffffde0:  3fff0cc8 3fff0e40 3fff0509 4020c944  
3ffffdf0:  3fffff2c 3fff0e40 00000002 3fff0b15  
3ffffe00:  3fff0a1b 3fff0509 00000200 00000000  
3ffffe10:  3ffefee2 00020005 001e000a 00050005  
3ffffe20:  40271390 0000000a 3fffff20 3fffff24  
3ffffe30:  3fffff28 00000000 b4f6df40 000000f7  
3ffffe40:  42ed1790 00010101 b4f6df40 40271390  
3ffffe50:  3fff0cc8 3fff0b15 3fff0a1b 4020caaf  
3ffffe60:  3fffff2c 3fff0b15 000001bb 00000002  
3ffffe70:  00000000 3fff0509 00000200 3fff0a1b  
3ffffe80:  3ffefee2 00000001 3fff10c4 000000f7  
3ffffe90:  0000000a 3fffff20 3fffff24 3fffff28  
3ffffea0:  3fff0a23 00000c01 00000001 40203fbf  
3ffffeb0:  402213a8 00000000 402213a8 3fff0b15  
3ffffec0:  00000002 3fff0a1b 3ffef810 4020682d  
3ffffed0:  3fffff2c 00000002 00000000 3fff0509  
3ffffee0:  00000200 3fff0a1b 3fff0b15 3ffefee2  
3ffffef0:  3ffefee2 00000000 0000000a 00000000  
3fffff00:  00000000 00000000 00000000 40206228  
3fffff10:  3ffefee2 3fff0a1b 3ffeffdc 4020695a  
3fffff20:  00000000 40206228 00000000 40209638  
3fffff30:  00000002 40209638 3ffefc34 4022021a  
3fffff40:  00000000 00000000 00000000 3fff226c  
3fffff50:  3fffdad0 00000000 3ffeffdc 40208f4c  
3fffff60:  00000000 00000000 3ffe8704 00000000  
3fffff70:  3fffdad0 3fff226c 40217bb4 3fffefa0  
3fffff80:  00000000 00000000 3fff0c82 40217c96  
3fffff90:  3fffdad0 00000000 3fff0c82 4020b8f8  
3fffffa0:  3fffdad0 00000000 3fff223c 40217c64  
3fffffb0:  feefeffe feefeffe 3ffe8704 40101ded  
<<<stack<<<

last failed alloc call: 40238F00(576)

 ets Jan  8 2013,rst cause:1, boot mode:(3,7)

load 0x4010f000, len 1384, room 16 
tail 8
chksum 0x2d
csum 0x2d
v8b899c12
~ld


7.04
 0h00:00.284 1970/01/01T08:00:00z: SPIFFS Active
 0h00:03.959 2025/10/12T02:55:19z: 48:3f:da:26:d5:3c
 0h00:03.961 2025/10/12T02:55:19z: SSID: AkgWarmer5
1 BSEC warning code : 100

1 BSEC warning code : 100

1 BSEC warning code : 100

1 BSEC warning code : 100

1 BSEC warning code : 100

1 BSEC warning code : 100

1 BSEC warning code : 100

1 BSEC warning code : 100

1 BSEC warning code : 100

1 BSEC warning code : 100

1 BSEC warning code : 100

1 BSEC warning code : 100

1 BSEC warning code : 100

1 BSEC warning code : 100

1 BSEC warning code : 100

1 BSEC warning code : 100

1 BSEC warning code : 100

1 BSEC warning code : 100

1 BSEC warning code : 100

1 BSEC warning code : 100

1 BSEC warning code : 100

1 BSEC warning code : 100

1 BSEC warning code : 100

1 BSEC warning code : 100

1 BSEC warning code : 100

1 BSEC warning code : 100

1 BSEC warning code : 100

1 BSEC warning code : 100

1 BSEC warning code : 100

1 BSEC warning code : 100

1 BSEC warning code : 100

1 BSEC warning code : 100

1 BSEC warning code : 100

1 BSEC warning code : 100

1 BSEC warning code : 100

1 BSEC warning code : 100

1 BSEC warning code : 100

1 BSEC warning code : 100

1 BSEC warning code : 100

1 BSEC warning code : 100

1 BSEC warning code : 100

1 BSEC warning code : 100

1 BSEC warning code : 100

1 BSEC warning code : 100

1 BSEC warning code : 100

1 BSEC warning code : 100

1 BSEC warning code : 100

1 BSEC warning code : 100

1 BSEC warning code : 100

1 BSEC warning code : 100

1 BSEC warning code : 100

1 BSEC warning code : 100

1 BSEC warning code : 100

1 BSEC warning code : 100

1 BSEC warning code : 100

1 BSEC warning code : 100

1 BSEC warning code : 100

1 BSEC warning code : 100

1 BSEC warning code : 100

1 BSEC warning code : 100

1 BSEC warning code : 100

1 BSEC warning code : 100

1 BSEC warning code : 100

1 BSEC warning code : 100

1 BSEC warning code : 100

1 BSEC warning code : 100

1 BSEC warning code : 100

1 BSEC warning code : 100

1 BSEC warning code : 100

1 BSEC warning code : 100

1 BSEC warning code : 100

1 BSEC warning code : 100

1 BSEC warning code : 100

1 BSEC warning code : 100

1 BSEC warning code : 100

1 BSEC warning code : 100

1 BSEC warning code : 100

1 BSEC warning code : 100

1 BSEC warning code : 100

1 BSEC warning code : 100

1 BSEC warning code : 100

1 BSEC warning code : 100

1 BSEC warning code : 100

1 BSEC warning code : 100

1 BSEC warning code : 100

1 BSEC warning code : 100

1 BSEC warning code : 100

1 BSEC warning code : 100

1 BSEC warning code : 100

1 BSEC warning code : 100

1 BSEC warning code : 100

1 BSEC warning code : 100

1 BSEC warning code : 100

1 BSEC warning code : 100

1 BSEC warning code : 100

1 BSEC warning code : 100

1 BSEC warning code : 100

1 BSEC warning code : 100

1 BSEC warning code : 100

1 BSEC warning code : 100

1 BSEC warning code : 100

1 BSEC warning code : 100

1 BSEC warning code : 100

1 BSEC warning code : 100

1 BSEC warning code : 100

1 BSEC warning code : 100

1 BSEC warning code : 100

1 BSEC warning code : 100

1 BSEC warning code : 100

1 BSEC warning code : 100

1 BSEC warning code : 100

1 BSEC warning code : 100

1 BSEC warning code : 100

1 BSEC warning code : 100

1 BSEC warning code : 100

1 BSEC warning code : 100

1 BSEC warning code : 100

1 BSEC warning code : 100

1 BSEC warning code : 100

1 BSEC warning code : 100

1 BSEC warning code : 100

1 BSEC warning code : 100

1 BSEC warning code : 100

1 BSEC warning code : 100

1 BSEC warning code : 100

1 BSEC warning code : 100

1 BSEC warning code : 100

1 BSEC warning code : 100

1 BSEC warning code : 100

1 BSEC warning code : 100

1 BSEC warning code : 100

1 BSEC warning code : 100

1 BSEC warning code : 100

1 BSEC warning code : 100

1 BSEC warning code : 100

1 BSEC warning code : 100

1 BSEC warning code : 100

1 BSEC warning code : 100

1 BSEC warning code : 100

1 BSEC warning code : 100

1 BSEC warning code : 100

1 BSEC warning code : 100

1 BSEC warning code : 100

1 BSEC warning code : 100

1 BSEC warning code : 100

1 BSEC warning code : 100

1 BSEC warning code : 100

1 BSEC warning code : 100

1 BSEC warning code : 100

1 BSEC warning code : 100

1 BSEC warning code : 100

1 BSEC warning code : 100

1 BSEC warning code : 100

1 BSEC warning code : 100

1 BSEC warning code : 100

1 BSEC warning code : 100

1 BSEC warning code : 100

1 BSEC warning code : 100

1 BSEC warning code : 100

1 BSEC warning code : 100

1 BSEC warning code : 100

1 BSEC warning code : 100

1 BSEC warning code : 100

1 BSEC warning code : 100

1 BSEC warning code : 100

1 BSEC warning code : 100

1 BSEC warning code : 100

1 BSEC warning code : 100

1 BSEC warning code : 100

1 BSEC warning code : 100

1 BSEC warning code : 100

1 BSEC warning code : 100

1 BSEC warning code : 100

1 BSEC warning code : 100

1 BSEC warning code : 100

1 BSEC warning code : 100

1 BSEC warning code : 100

1 BSEC warning code : 100

1 BSEC warning code : 100

1 BSEC warning code : 100

1 BSEC warning code : 100

1 BSEC warning code : 100

1 BSEC warning code : 100

1 BSEC warning code : 100

1 BSEC warning code : 100

1 BSEC warning code : 100

1 BSEC warning code : 100

1 BSEC warning code : 100

1 BSEC warning code : 100

1 BSEC warning code : 100

1 BSEC warning code : 100

1 BSEC warning code : 100

1 BSEC warning code : 100

1 BSEC warning code : 100

1 BSEC warning code : 100

1 BSEC warning code : 100

1 BSEC warning code : 100

1 BSEC warning code : 100

1 BSEC warning code : 100

1 BSEC warning code : 100

1 BSEC warning code : 100

1 BSEC warning code : 100

1 BSEC warning code : 100

1 BSEC warning code : 100

1 BSEC warning code : 100

1 BSEC warning code : 100

1 BSEC warning code : 100

1 BSEC warning code : 100

1 BSEC warning code : 100

1 BSEC warning code : 100

1 BSEC warning code : 100

1 BSEC warning code : 100

1 BSEC warning code : 100

1 BSEC warning code : 100

1 BSEC warning code : 100

1 BSEC warning code : 100

1 BSEC warning code : 100

1 BSEC warning code : 100

1 BSEC warning code : 100

1 BSEC warning code : 100

1 BSEC warning code : 100

1 BSEC warning code : 100

1 BSEC warning code : 100

Exception (29):
epc1=0x4022a5e5 epc2=0x00000000 epc3=0x00000000 excvaddr=0x00000010 depc=0x00000000

>>>stack>>>

ctx: cont
sp: 3ffff8d0 end: 3fffffc0 offset: 01a0
3ffffa70:  02030317 00000007 00000000 3ff00000  
3ffffa80:  00000207 00000017 00000240 3fff0c69  
3ffffa90:  3ffef802 3fff0e40 3fff0509 00000000  
3ffffaa0:  3fff56ac 3fff0509 00000207 40239040  
3ffffab0:  00000207 7fffffff 7fffffed 3ffe8de2  
3ffffac0:  4026e808 00000002 3ffe8db0 00000005  
3ffffad0:  3fff0e40 00000207 3fff5a4c 40211747  
3ffffae0:  3fff0921 7fffffff 00000000 00000005  
3ffffaf0:  3ffef804 3fff0e40 3fff0e40 3f800000  
3ffffb00:  00000000 00000002 3ffffb30 00000005  
3ffffb10:  3ffef804 3fff0e40 3fff0e40 40215ce9  
3ffffb20:  3fff0509 7fffffff 00000200 0000ff00  
3ffffb30:  00ff0000 ff000000 3fff0509 40215e0c  
3ffffb40:  00000002 3fff0e40 40217bb4 4020531c  
3ffffb50:  400005e1 40101894 3ffe8704 40229904  
3ffffb60:  3fff0c69 3fff0e40 40217bb4 3fffefa0  
3ffffb70:  00000012 0000005b 3fff0921 3fff0e40  
3ffffb80:  00000002 3ffef80c 3fff0921 40205422  
3ffffb90:  0000000c 3ffe8db0 3ffe8de2 3ffef7e8  
3ffffba0:  4026e808 3ffe8e05 40217bb4 3ffe8de2  
3ffffbb0:  4026e808 00000002 3ffe8db0 402075ca  
3ffffbc0:  3ffef7e8 3ffe8db0 00000000 3ff00000  
3ffffbd0:  3fff0e40 00000000 00000002 3ffe8e05  
3ffffbe0:  3f800000 00000000 c0000000 3f800000  
3ffffbf0:  00000000 00000002 3fff0e40 402090d2  
3ffffc00:  3f800000 00000002 000000bc 40239040  
3ffffc10:  00000002 2b3e1549 740e5b23 00000003  
3ffffc20:  00000000 00005055 3ffe8704 00000078  
3ffffc30:  00000002 3fff0e40 3fff4ff4 40209337  
3ffffc40:  41f86666 4026f9da 4026f9e8 3ffefe64  
3ffffc50:  00000078 3f800000 3ffe8de2 40205445  
3ffffc60:  3ffe8cea 3fff4fc4 20000000 3f92a5df  
3ffffc70:  38000000 00000000 3fff0a1b 3fff4fc4  
3ffffc80:  3ffefbd0 00000002 3fff0e40 40209571  
3ffffc90:  3f800000 3ffffcc0 3fff0cc8 40215e0c  
3ffffca0:  3fff4ed4 3fff0e40 3fff0cc8 4020c4b3  
3ffffcb0:  3fff0a1b 40271390 3fff0b15 3fffff28  
3ffffcc0:  3fffff2c 3fff0cc8 3fff0e40 40209644  
3ffffcd0:  3fffff2c 3fff0cc8 3fff0e40 4020c539  
3ffffce0:  3fff0509 00000200 3fffff28 ffffffff  
3ffffcf0:  3ffefee2 3fff0509 3fff0509 40205be0  
3ffffd00:  00000003 00000000 00000000 00000010  
3ffffd10:  00000090 40275f61 00000003 3fff0509  
3ffffd20:  3fff0e40 3fff0cc8 00000001 00000030  
3ffffd30:  00000003 00000000 4bc6a7f0 00000000  
3ffffd40:  3ffffd78 00cb78b7 40101762 a45a1cac  
3ffffd50:  00000003 3fff9864 3ffffd70 3fff74cc  
3ffffd60:  3fff6884 00cb78b7 3fff5a4c 40211648  
3ffffd70:  3fff56ac 3fff67bc 40217bb4 3fffefa0  
3ffffd80:  00008ca0 00008ca0 00008ca0 40229904  
3ffffd90:  00000000 3fff6884 3fff0e40 000001bb  
3ffffda0:  00000003 3fffff24 3fffff20 00000001  
3ffffdb0:  00000003 00000000 4bc6a7f0 00000000  
3ffffdc0:  000001bb 3fff0b15 40101762 de353f7c  
3ffffdd0:  00000003 3fff0e40 3fff0509 00000001  
3ffffde0:  3fff0cc8 3fff0e40 3fff0509 4020c944  
3ffffdf0:  3fffff2c 3fff0e40 00000002 3fff0b15  
3ffffe00:  3fff0a1b 3fff0509 00000200 00000000  
3ffffe10:  3ffefee2 00020005 001e000a 00050005  
3ffffe20:  40271390 0000000a 3fffff20 3fffff24  
3ffffe30:  3fffff28 00000000 c8992840 00000c1f  
3ffffe40:  42e9b633 00010101 c8992840 40271390  
3ffffe50:  3fff0cc8 3fff0b15 3fff0a1b 4020caaf  
3ffffe60:  3fffff2c 3fff0b15 000001bb 00000002  
3ffffe70:  00000000 3fff0509 00000200 3fff0a1b  
3ffffe80:  3ffefee2 00000001 3fff10c4 00000c1f  
3ffffe90:  0000000a 3fffff20 3fffff24 3fffff28  
3ffffea0:  3fff0a23 00000c01 00000001 40203fbf  
3ffffeb0:  402213a8 00000000 402213a8 3fff0b15  
3ffffec0:  00000002 3fff0a1b 3ffef810 4020682d  
3ffffed0:  3fffff2c 00000002 00000000 3fff0509  
3ffffee0:  00000200 3fff0a1b 3fff0b15 3ffefee2  
3ffffef0:  3ffefee2 00000000 0000000a 00000000  
3fffff00:  00000000 00000000 00000000 40206228  
3fffff10:  3ffefee2 3fff0a1b 3ffeffdc 4020695a  
3fffff20:  00000000 40206228 00000000 40209638  
3fffff30:  00000002 40209638 3ffefc34 4022021a  
3fffff40:  00000000 00000000 00000000 3fff226c  
3fffff50:  3fffdad0 00000000 3ffeffdc 40208f4c  
3fffff60:  00000000 00000000 3ffe8704 00000000  
3fffff70:  3fffdad0 3fff226c 40217bb4 3fffefa0  
3fffff80:  00000000 00000000 3fff0c82 40217c96  
3fffff90:  3fffdad0 00000000 3fff0c82 4020b8f8  
3fffffa0:  3fffdad0 00000000 3fff223c 40217c64  
3fffffb0:  feefeffe feefeffe 3ffe8704 40101ded  
<<<stack<<<

last failed alloc call: 40238F00(576)

 ets Jan  8 2013,rst cause:1, boot mode:(3,7)

load 0x4010f000, len 1384, room 16 
tail 8
chksum 0x2d
csum 0x2d
v8b899c12
~ld


7.04
 0h00:00.288 1970/01/01T08:00:00z: SPIFFS Active
 0h00:03.963 2025/10/12T06:37:34z: 48:3f:da:26:d5:3c
 0h00:03.964 2025/10/12T06:37:34z: SSID: AkgWarmer5
1 BSEC warning code : 100

1 BSEC warning code : 100

1 BSEC warning code : 100

1 BSEC warning code : 100

1 BSEC warning code : 100

1 BSEC warning code : 100

1 BSEC warning code : 100

1 BSEC warning code : 100

1 BSEC warning code : 100

1 BSEC warning code : 100

1 BSEC warning code : 100

1 BSEC warning code : 100

1 BSEC warning code : 100

1 BSEC warning code : 100

1 BSEC warning code : 100

1 BSEC warning code : 100

1 BSEC warning code : 100

1 BSEC warning code : 100

1 BSEC warning code : 100

1 BSEC warning code : 100

1 BSEC warning code : 100

1 BSEC warning code : 100

1 BSEC warning code : 100

1 BSEC warning code : 100

1 BSEC warning code : 100

1 BSEC warning code : 100

1 BSEC warning code : 100

1 BSEC warning code : 100

1 BSEC warning code : 100

1 BSEC warning code : 100

1 BSEC warning code : 100

1 BSEC warning code : 100

1 BSEC warning code : 100

1 BSEC warning code : 100

1 BSEC warning code : 100

1 BSEC warning code : 100

1 BSEC warning code : 100

1 BSEC warning code : 100

1 BSEC warning code : 100

1 BSEC warning code : 100

1 BSEC warning code : 100

1 BSEC warning code : 100

1 BSEC warning code : 100

1 BSEC warning code : 100

1 BSEC warning code : 100

1 BSEC warning code : 100

1 BSEC warning code : 100

1 BSEC warning code : 100

1 BSEC warning code : 100

1 BSEC warning code : 100

1 BSEC warning code : 100

1 BSEC warning code : 100

1 BSEC warning code : 100

1 BSEC warning code : 100

1 BSEC warning code : 100

1 BSEC warning code : 100

1 BSEC warning code : 100

1 BSEC warning code : 100

1 BSEC warning code : 100

1 BSEC warning code : 100

1 BSEC warning code : 100

1 BSEC warning code : 100

1 BSEC warning code : 100

1 BSEC warning code : 100

1 BSEC warning code : 100

1 BSEC warning code : 100

1 BSEC warning code : 100

1 BSEC warning code : 100

1 BSEC warning code : 100

1 BSEC warning code : 100

1 BSEC warning code : 100

1 BSEC warning code : 100

1 BSEC warning code : 100

1 BSEC warning code : 100

1 BSEC warning code : 100

1 BSEC warning code : 100

1 BSEC warning code : 100

1 BSEC warning code : 100

1 BSEC warning code : 100

1 BSEC warning code : 100

1 BSEC warning code : 100

1 BSEC warning code : 100

1 BSEC warning code : 100

1 BSEC warning code : 100

1 BSEC warning code : 100

1 BSEC warning code : 100

1 BSEC warning code : 100

1 BSEC warning code : 100

1 BSEC warning code : 100

1 BSEC warning code : 100

1 BSEC warning code : 100

1 BSEC warning code : 100

1 BSEC warning code : 100

1 BSEC warning code : 100

1 BSEC warning code : 100

1 BSEC warning code : 100

1 BSEC warning code : 100

1 BSEC warning code : 100

1 BSEC warning code : 100

1 BSEC warning code : 100

1 BSEC warning code : 100

1 BSEC warning code : 100

1 BSEC warning code : 100

1 BSEC warning code : 100

1 BSEC warning code : 100

1 BSEC warning code : 100

1 BSEC warning code : 100

1 BSEC warning code : 100

1 BSEC warning code : 100

1 BSEC warning code : 100

1 BSEC warning code : 100

1 BSEC warning code : 100

1 BSEC warning code : 100

1 BSEC warning code : 100

1 BSEC warning code : 100

1 BSEC warning code : 100

1 BSEC warning code : 100

1 BSEC warning code : 100

1 BSEC warning code : 100

1 BSEC warning code : 100

1 BSEC warning code : 100

1 BSEC warning code : 100

1 BSEC warning code : 100

1 BSEC warning code : 100

1 BSEC warning code : 100

1 BSEC warning code : 100

1 BSEC warning code : 100

1 BSEC warning code : 100

1 BSEC warning code : 100

1 BSEC warning code : 100

1 BSEC warning code : 100

1 BSEC warning code : 100

1 BSEC warning code : 100

1 BSEC warning code : 100

1 BSEC warning code : 100

1 BSEC warning code : 100

1 BSEC warning code : 100

1 BSEC warning code : 100

1 BSEC warning code : 100

1 BSEC warning code : 100

1 BSEC warning code : 100

1 BSEC warning code : 100

1 BSEC warning code : 100

1 BSEC warning code : 100

1 BSEC warning code : 100

1 BSEC warning code : 100

1 BSEC warning code : 100

1 BSEC warning code : 100

1 BSEC warning code : 100

1 BSEC warning code : 100

1 BSEC warning code : 100

1 BSEC warning code : 100

1 BSEC warning code : 100

1 BSEC warning code : 100

1 BSEC warning code : 100

1 BSEC warning code : 100

1 BSEC warning code : 100

1 BSEC warning code : 100

1 BSEC warning code : 100

1 BSEC warning code : 100

1 BSEC warning code : 100

1 BSEC warning code : 100

1 BSEC warning code : 100

1 BSEC warning code : 100

1 BSEC warning code : 100

1 BSEC warning code : 100

1 BSEC warning code : 100

1 BSEC warning code : 100

1 BSEC warning code : 100

1 BSEC warning code : 100

1 BSEC warning code : 100

1 BSEC warning code : 100

1 BSEC warning code : 100

1 BSEC warning code : 100

1 BSEC warning code : 100

1 BSEC warning code : 100

1 BSEC warning code : 100

1 BSEC warning code : 100

1 BSEC warning code : 100

1 BSEC warning code : 100

1 BSEC warning code : 100

1 BSEC warning code : 100

1 BSEC warning code : 100

1 BSEC warning code : 100

1 BSEC warning code : 100

1 BSEC warning code : 100

1 BSEC warning code : 100

1 BSEC warning code : 100

1 BSEC warning code : 100

1 BSEC warning code : 100

1 BSEC warning code : 100

1 BSEC warning code : 100

1 BSEC warning code : 100

1 BSEC warning code : 100

1 BSEC warning code : 100

1 BSEC warning code : 100

1 BSEC warning code : 100

1 BSEC warning code : 100

1 BSEC warning code : 100

1 BSEC warning code : 100

1 BSEC warning code : 100

1 BSEC warning code : 100

1 BSEC warning code : 100

1 BSEC warning code : 100

1 BSEC warning code : 100

1 BSEC warning code : 100

1 BSEC warning code : 100

1 BSEC warning code : 100

1 BSEC warning code : 100

1 BSEC warning code : 100

1 BSEC warning code : 100

1 BSEC warning code : 100

1 BSEC warning code : 100

1 BSEC warning code : 100

1 BSEC warning code : 100

1 BSEC warning code : 100

1 BSEC warning code : 100

1 BSEC warning code : 100

1 BSEC warning code : 100

1 BSEC warning code : 100

1 BSEC warning code : 100

1 BSEC warning code : 100

1 BSEC warning code : 100

1 BSEC warning code : 100

1 BSEC warning code : 100

1 BSEC warning code : 100

1 BSEC warning code : 100

1 BSEC warning code : 100

1 BSEC warning code : 100

1 BSEC warning code : 100

1 BSEC warning code : 100

1 BSEC warning code : 100

1 BSEC warning code : 100

1 BSEC warning code : 100

1 BSEC warning code : 100

1 BSEC warning code : 100

1 BSEC warning code : 100

1 BSEC warning code : 100

1 BSEC warning code : 100

1 BSEC warning code : 100

1 BSEC warning code : 100

1 BSEC warning code : 100

1 BSEC warning code : 100

1 BSEC warning code : 100

1 BSEC warning code : 100

1 BSEC warning code : 100

1 BSEC warning code : 100

1 BSEC warning code : 100

1 BSEC warning code : 100

1 BSEC warning code : 100

1 BSEC warning code : 100

1 BSEC warning code : 100

1 BSEC warning code : 100

1 BSEC warning code : 100

1 BSEC warning code : 100

1 BSEC warning code : 100

1 BSEC warning code : 100

1 BSEC warning code : 100

1 BSEC warning code : 100

1 BSEC warning code : 100

1 BSEC warning code : 100

1 BSEC warning code : 100

1 BSEC warning code : 100

1 BSEC warning code : 100

1 BSEC warning code : 100

1 BSEC warning code : 100

1 BSEC warning code : 100

1 BSEC warning code : 100

1 BSEC warning code : 100

1 BSEC warning code : 100

1 BSEC warning code : 100

1 BSEC warning code : 100

1 BSEC warning code : 100

1 BSEC warning code : 100

1 BSEC warning code : 100

1 BSEC warning code : 100

1 BSEC warning code : 100

1 BSEC warning code : 100

1 BSEC warning code : 100

1 BSEC warning code : 100

1 BSEC warning code : 100

1 BSEC warning code : 100

1 BSEC warning code : 100

1 BSEC warning code : 100

1 BSEC warning code : 100

1 BSEC warning code : 100

1 BSEC warning code : 100

1 BSEC warning code : 100

1 BSEC warning code : 100

1 BSEC warning code : 100

1 BSEC warning code : 100

1 BSEC warning code : 100

1 BSEC warning code : 100

1 BSEC warning code : 100

1 BSEC warning code : 100

1 BSEC warning code : 100

1 BSEC warning code : 100

1 BSEC warning code : 100

1 BSEC warning code : 100

1 BSEC warning code : 100

1 BSEC warning code : 100

1 BSEC warning code : 100

1 BSEC warning code : 100

1 BSEC warning code : 100

1 BSEC warning code : 100

1 BSEC warning code : 100

1 BSEC warning code : 100

1 BSEC warning code : 100

1 BSEC warning code : 100

1 BSEC warning code : 100

1 BSEC warning code : 100

1 BSEC warning code : 100

1 BSEC warning code : 100

1 BSEC warning code : 100

1 BSEC warning code : 100

1 BSEC warning code : 100

1 BSEC warning code : 100

1 BSEC warning code : 100

1 BSEC warning code : 100

1 BSEC warning code : 100

1 BSEC warning code : 100

1 BSEC warning code : 100

1 BSEC warning code : 100

1 BSEC warning code : 100

1 BSEC warning code : 100

1 BSEC warning code : 100

1 BSEC warning code : 100

1 BSEC warning code : 100

1 BSEC warning code : 100

1 BSEC warning code : 100

1 BSEC warning code : 100

1 BSEC warning code : 100

1 BSEC warning code : 100

1 BSEC warning code : 100

1 BSEC warning code : 100

1 BSEC warning code : 100

1 BSEC warning code : 100

1 BSEC warning code : 100

1 BSEC warning code : 100

1 BSEC warning code : 100

1 BSEC warning code : 100

1 BSEC warning code : 100

1 BSEC warning code : 100

1 BSEC warning code : 100

1 BSEC warning code : 100

1 BSEC warning code : 100

1 BSEC warning code : 100

1 BSEC warning code : 100

1 BSEC warning code : 100

1 BSEC warning code : 100

1 BSEC warning code : 100

1 BSEC warning code : 100

1 BSEC warning code : 100

1 BSEC warning code : 100

1 BSEC warning code : 100

1 BSEC warning code : 100

1 BSEC warning code : 100

1 BSEC warning code : 100

1 BSEC warning code : 100

1 BSEC warning code : 100

1 BSEC warning code : 100

1 BSEC warning code : 100

1 BSEC warning code : 100

1 BSEC warning code : 100

1 BSEC warning code : 100

1 BSEC warning code : 100

1 BSEC warning code : 100

1 BSEC warning code : 100

1 BSEC warning code : 100

1 BSEC warning code : 100

1 BSEC warning code : 100

1 BSEC warning code : 100

1 BSEC warning code : 100

1 BSEC warning code : 100

1 BSEC warning code : 100

1 BSEC warning code : 100

1 BSEC warning code : 100

1 BSEC warning code : 100

1 BSEC warning code : 100

1 BSEC warning code : 100

1 BSEC warning code : 100

1 BSEC warning code : 100

1 BSEC warning code : 100

1 BSEC warning code : 100

1 BSEC warning code : 100

1 BSEC warning code : 100

1 BSEC warning code : 100

1 BSEC warning code : 100

1 BSEC warning code : 100

Exception (29):
epc1=0x4022a6fc epc2=0x00000000 epc3=0x00000000 excvaddr=0x00000404 depc=0x00000000

>>>stack>>>

ctx: cont
sp: 3ffff5d0 end: 3fffffc0 offset: 01a0
3ffff770:  3fff7dec 3fff823c 00000101 4023db7e  
3ffff780:  3fff2478 000008fd 000008fd 4021acd4  
3ffff790:  3fff826c 3fff8254 00000080 00000000  
3ffff7a0:  0000000c 3fff7d4c 00000081 00000081  
3ffff7b0:  00000000 00000001 00000001 4023d114  
3ffff7c0:  3fff8224 3fff7d4c 00000000 000000ff  
3ffff7d0:  3fff823c 00000101 3fff823c 000000ff  
3ffff7e0:  3fff823c 3fff7d4c 3fff7d4c 4023de41  
3ffff7f0:  00000002 00000001 3ffffc7c 4023cf34  
3ffff800:  00000200 00000200 3fff864c 3fff7dbc  
3ffff810:  3fffbe84 00000200 3fff7d4c 4023efed  
3ffff820:  3fff864c 3fff7d44 00000003 40242cfe  
3ffff830:  00000000 00000080 00000005 00000000  
3ffff840:  00000200 3fff63f9 3ffffc7c 4024318f  
3ffff850:  3fff7d44 3fff864c 3ffe9636 40243021  
3ffff860:  3fffbe44 0000000b 00000003 40242ec6  
3ffff870:  4023afb1 3fffbe44 3fff63f9 00000000  
3ffff880:  00000004 3fffbe44 3fff63f9 4023b099  
3ffff890:  00000300 00000000 56d43e00 deb3d18b  
3ffff8a0:  c41acc61 a766af7c 4bc6c46f 46720e31  
3ffff8b0:  5d8ea544 b523dcdc 1ea02030 1a861ca0  
3ffff8c0:  70747468 632f2f3a 696b702e 6f6f672e  
3ffff8d0:  2f722f67 632e3172 13306c72 1d550306  
3ffff8e0:  300c0420 0608300a 0c816706 80010201  
3ffff8f0:  00000000 b8170000 3f800000 00000d01  
3ffff900:  b0a5f300 000015f0 414ab8db 00000e01  
3ffff910:  b0a5f300 000015f0 42abd166 00000f01  
3ffff920:  00000000 00000000 00000000 00000000  
3ffff930:  00000000 00000000 00000000 00000000  
3ffff940:  00000000 00000000 00000000 00000000  
3ffff950:  00000000 00000000 00000000 00000000  
3ffff960:  00000000 00000000 00000000 00000000  
3ffff970:  00000000 00000000 00000000 00000000  
3ffff980:  00000000 00000000 00000000 00000000  
3ffff990:  00000000 00000000 00000000 00000000  
3ffff9a0:  00000000 00000000 00000000 00000000  
3ffff9b0:  0000000a 00000000 00000000 3fff0f88  
3ffff9c0:  40101a36 00000061 3fff48e8 00000001  
3ffff9d0:  4010091c 00001900 03f802e8 78142d00  
3ffff9e0:  06add39c 65e80012 00036740 00000022  
3ffff9f0:  3fffc200 401015ec 3fff4f64 401008dd  
3ffffa00:  40101a36 00002a01 00000020 4010092b  
3ffffa10:  4010091c 00000000 00050201 40101634  
3ffffa20:  01400001 00000384 3fffc230 4000050c  
3ffffa30:  4022869c 00000030 3fff4f64 401008dd  
3ffffa40:  40228bfd 3ffffb34 00000020 4010092b  
3ffffa50:  3ffffb34 3ffffb70 3ffffb74 40101634  
3ffffa60:  00000090 00000002 3fffc230 4000050c  
3ffffa70:  4000c688 00000030 00000002 ffffffff  
3ffffa80:  402271ec 00000000 40040000 00000000  
3ffffa90:  40000000 7ff00000 00000000 3ff00000  
3ffffaa0:  00000000 00000000 4025bd57 00000001  
3ffffab0:  ffffffff 00000000 3ffe9fe1 00000008  
3ffffac0:  4025bda6 3ffed5b0 3fff3724 00000001  
3ffffad0:  4025beb2 3ffed5b0 3fff3724 3ffed5b0  
3ffffae0:  00000002 00000000 00000020 4010267a  
3ffffaf0:  3ffe9e92 4025ae4f 3ffed5b0 3fff5634  
3ffffb00:  00000000 402479bf 3ffeeab8 00000001  
3ffffb10:  00000000 00000002 00000000 3ffed5b0  
3ffffb20:  3fff85d2 40106107 3fff5634 3fff3b1c  
3ffffb30:  3fff859c 4025ae4f 3ffed5b0 3fff5634  
3ffffb40:  00000000 4022f001 3fff24b0 3fff3b1c  
3ffffb50:  3fff85d2 00000036 00000000 3ffed5b0  
3ffffb60:  00000140 00000000 39d4a599 00fd3562  
3ffffb70:  61e046dc 38707192 1ca03f03 52c00f50  
3ffffb80:  f757a8ba 77db7281 966b25b5 45811d72  
3ffffb90:  c469866f 4c78e6e4 7fa1e631 0a7301a7  
3ffffba0:  8987ef87 c5d3cc72 0103028d 00800100  
3ffffbb0:  00000000 00000000 00000000 00000000  
3ffffbc0:  00000000 30090000 e251cb7d af593104  
3ffffbd0:  5a804545 a0f45bc2 26a0bd76 00000000  
3ffffbe0:  00000000 00000000 00000000 00000000  
3ffffbf0:  00000000 00000000 00000000 00000000  
3ffffc00:  00000000 00000000 00000000 00000000  
3ffffc10:  00000000 00000000 00000000 00000000  
3ffffc20:  00000000 3ffe0000 003ed456 8bd1b3de  
3ffffc30:  61cc1ac4 7caf66a7 6fc4c64b 310e7246  
3ffffc40:  44a58e5d dcdc23b5 00000000 40236c74  
3ffffc50:  fffffff9 9dec76c3 401039a6 3fff84bc  
3ffffc60:  3fff84c0 3fff859c 00000210 00000243  
3ffffc70:  00000000 00000002 00000566 00000316  
3ffffc80:  00000452 00000002 40217bb4 3fffefa0  
3ffffc90:  000000f0 3fff8614 00002710 40217c96  
3ffffca0:  00000000 000001fa 00000000 40217cd9  
3ffffcb0:  40238cc4 0000000c 00000a50 00000002  
3ffffcc0:  3fff8614 3fff59a9 00000a50 40238b91  
3ffffcd0:  00000faf 3fff9d74 00000fb6 3fff860c  
3ffffce0:  3fffa554 00000007 00860011 3fff9dc8  
3ffffcf0:  00000566 a2cee64a dc313955 3faa0226  
3ffffd00:  28110ff5 3fff9f04 72063452 00000fb6  
3ffffd10:  3fff59a9 00000fb6 3fff9d74 4023a2b3  
3ffffd20:  71e2c1e4 3a1c7b0f f78f4495 76df0573  
3ffffd30:  2084d578 00000000 3fff84bc 4022fa89  
3ffffd40:  0000003d 3fff6942 3fff6942 3fff9f04  
3ffffd50:  00000000 00000f5d 00000064 40217c96  
3ffffd60:  00000000 00000020 00000027 00000fb6  
3ffffd70:  3fff59a9 00000fb6 3fff9d74 00000fb6  
3ffffd80:  3fff59a9 00000fb6 3fff9d74 40239c9c  
3ffffd90:  f36a012b 00000000 00000000 00000028  
3ffffda0:  0000005d 3fff59a9 3fff9d74 4023a06c  
3ffffdb0:  00000011 3fff59dc 000001f4 4021af18  
3ffffdc0:  3ffffe18 0000000b 00000010 3fff5124  
3ffffdd0:  00000005 00000000 4bc6a7f0 01000000  
3ffffde0:  3ffffe18 01701b3c 3fff9d74 40239e04  
3ffffdf0:  00000005 402712e2 3ffffe10 3fff5124  
3ffffe00:  3fff8564 01701b3c 3fff541c 40211655  
3ffffe10:  3fff9d74 3fff5444 00000014 4022eed2  
3ffffe20:  00008ca0 3ffffe50 3fff0e58 40211694  
3ffffe30:  00000000 00000000 3fff0e40 000001bb  
3ffffe40:  000001bb 402712e2 3fff0e40 402118a3  
3ffffe50:  00000000 00000000 4bc6a7f0 000001bb  
3ffffe60:  000001bb 402712e2 3fff0e40 4021195a  
3ffffe70:  402213a8 73d9fa8e 402213a8 73d9fa8e  
3ffffe80:  3fff0cc8 3fff0e40 3fff0509 4020c83a  
3ffffe90:  3fff0509 3ffffea0 00000008 40229904  
3ffffea0:  4026397a 3fff0921 3fff10c4 00000001  
3ffffeb0:  4020f9e0 3ffffee8 3fff10c4 4022651d  
3ffffec0:  40271390 0000000a 3fffff68 3fffff6c  
3ffffed0:  3fffff70 3fff3d1c 00000001 40203fbf  
3ffffee0:  402213a8 00000000 402213a8 00000000  
3ffffef0:  402712e2 000001bb 3fff0921 40206605  
3fffff00:  3fffff74 402712e2 000001bb 00000001  
3fffff10:  3ffe8e05 3fff0509 00000200 00000000  
3fffff20:  3ffe8e05 00000001 3ffefd51 00000002  
3fffff30:  00000001 00000001 3ffe8e05 0000000a  
3fffff40:  7fffffff 3ffefd30 3ffefdb8 3fff226c  
3fffff50:  3fffdad0 3fff0c4b 3ffefd30 40208ec8  
3fffff60:  3ffe8e05 0000000a 00000000 4020983c  
3fffff70:  40205458 4020904c 40217bb4 3fffefa0  
3fffff80:  00000000 00000000 3fff0c82 40217c96  
3fffff90:  3fffdad0 00000000 3fff0c82 4020b8f8  
3fffffa0:  3fffdad0 00000000 3fff223c 40217c64  
3fffffb0:  feefeffe feefeffe 3ffe8704 40101ded  
<<<stack<<<

last failed alloc call: 4023CE8E(2056)

 ets Jan  8 2013,rst cause:1, boot mode:(3,7)

load 0x4010f000, len 1384, room 16 
tail 8
chksum 0x2d
csum 0x2d
v8b899c12
~ld


7.04
 0h00:00.282 1970/01/01T08:00:00z: SPIFFS Active
 0h00:03.956 2025/10/12T13:19:39z: 48:3f:da:26:d5:3c
 0h00:03.957 2025/10/12T13:19:39z: SSID: AkgWarmer5
1 BSEC warning code : 100

1 BSEC warning code : 100

1 BSEC warning code : 100

1 BSEC warning code : 100

1 BSEC warning code : 100

1 BSEC warning code : 100

1 BSEC warning code : 100

1 BSEC warning code : 100

1 BSEC warning code : 100

1 BSEC warning code : 100

1 BSEC warning code : 100

1 BSEC warning code : 100

1 BSEC warning code : 100

1 BSEC warning code : 100

1 BSEC warning code : 100

1 BSEC warning code : 100

1 BSEC warning code : 100

1 BSEC warning code : 100

1 BSEC warning code : 100

1 BSEC warning code : 100

1 BSEC warning code : 100

1 BSEC warning code : 100

1 BSEC warning code : 100

1 BSEC warning code : 100

1 BSEC warning code : 100

1 BSEC warning code : 100

1 BSEC warning code : 100

1 BSEC warning code : 100

1 BSEC warning code : 100

1 BSEC warning code : 100

1 BSEC warning code : 100

1 BSEC warning code : 100

1 BSEC warning code : 100

1 BSEC warning code : 100

1 BSEC warning code : 100

1 BSEC warning code : 100

1 BSEC warning code : 100

1 BSEC warning code : 100

1 BSEC warning code : 100

1 BSEC warning code : 100

1 BSEC warning code : 100

1 BSEC warning code : 100

1 BSEC warning code : 100

1 BSEC warning code : 100

1 BSEC warning code : 100

1 BSEC warning code : 100

1 BSEC warning code : 100

1 BSEC warning code : 100

1 BSEC warning code : 100

1 BSEC warning code : 100

1 BSEC warning code : 100

1 BSEC warning code : 100

1 BSEC warning code : 100

1 BSEC warning code : 100

1 BSEC warning code : 100

1 BSEC warning code : 100

1 BSEC warning code : 100

1 BSEC warning code : 100

1 BSEC warning code : 100

1 BSEC warning code : 100

1 BSEC warning code : 100

1 BSEC warning code : 100

1 BSEC warning code : 100

1 BSEC warning code : 100

1 BSEC warning code : 100

1 BSEC warning code : 100

1 BSEC warning code : 100

1 BSEC warning code : 100

1 BSEC warning code : 100

1 BSEC warning code : 100

1 BSEC warning code : 100

1 BSEC warning code : 100

1 BSEC warning code : 100

1 BSEC warning code : 100

1 BSEC warning code : 100

1 BSEC warning code : 100

1 BSEC warning code : 100

1 BSEC warning code : 100

1 BSEC warning code : 100

1 BSEC warning code : 100

1 BSEC warning code : 100

1 BSEC warning code : 100

1 BSEC warning code : 100

1 BSEC warning code : 100

1 BSEC warning code : 100

1 BSEC warning code : 100

1 BSEC warning code : 100

1 BSEC warning code : 100

1 BSEC warning code : 100

1 BSEC warning code : 100

1 BSEC warning code : 100

1 BSEC warning code : 100

1 BSEC warning code : 100

1 BSEC warning code : 100

1 BSEC warning code : 100

1 BSEC warning code : 100

1 BSEC warning code : 100

1 BSEC warning code : 100

1 BSEC warning code : 100

1 BSEC warning code : 100

1 BSEC warning code : 100

1 BSEC warning code : 100

1 BSEC warning code : 100

1 BSEC warning code : 100

1 BSEC warning code : 100

1 BSEC warning code : 100

1 BSEC warning code : 100

1 BSEC warning code : 100

1 BSEC warning code : 100

1 BSEC warning code : 100

1 BSEC warning code : 100

1 BSEC warning code : 100

1 BSEC warning code : 100

1 BSEC warning code : 100

1 BSEC warning code : 100

1 BSEC warning code : 100

1 BSEC warning code : 100

1 BSEC warning code : 100

1 BSEC warning code : 100

1 BSEC warning code : 100

1 BSEC warning code : 100

1 BSEC warning code : 100

1 BSEC warning code : 100

1 BSEC warning code : 100

1 BSEC warning code : 100

1 BSEC warning code : 100

1 BSEC warning code : 100

1 BSEC warning code : 100

1 BSEC warning code : 100

1 BSEC warning code : 100

1 BSEC warning code : 100

1 BSEC warning code : 100

1 BSEC warning code : 100

1 BSEC warning code : 100

1 BSEC warning code : 100

1 BSEC warning code : 100

1 BSEC warning code : 100

1 BSEC warning code : 100

1 BSEC warning code : 100

1 BSEC warning code : 100

1 BSEC warning code : 100

1 BSEC warning code : 100

1 BSEC warning code : 100

1 BSEC warning code : 100

1 BSEC warning code : 100

1 BSEC warning code : 100

1 BSEC warning code : 100

1 BSEC warning code : 100

1 BSEC warning code : 100

1 BSEC warning code : 100

1 BSEC warning code : 100

1 BSEC warning code : 100

1 BSEC warning code : 100

1 BSEC warning code : 100

1 BSEC warning code : 100

1 BSEC warning code : 100

1 BSEC warning code : 100

1 BSEC warning code : 100

1 BSEC warning code : 100

1 BSEC warning code : 100

1 BSEC warning code : 100

1 BSEC warning code : 100

1 BSEC warning code : 100

1 BSEC warning code : 100

1 BSEC warning code : 100

1 BSEC warning code : 100

1 BSEC warning code : 100

1 BSEC warning code : 100

1 BSEC warning code : 100

1 BSEC warning code : 100

1 BSEC warning code : 100

1 BSEC warning code : 100

1 BSEC warning code : 100

1 BSEC warning code : 100

1 BSEC warning code : 100

1 BSEC warning code : 100

1 BSEC warning code : 100

1 BSEC warning code : 100

1 BSEC warning code : 100

1 BSEC warning code : 100

1 BSEC warning code : 100

1 BSEC warning code : 100

1 BSEC warning code : 100

1 BSEC warning code : 100

1 BSEC warning code : 100

1 BSEC warning code : 100

1 BSEC warning code : 100

1 BSEC warning code : 100

1 BSEC warning code : 100

1 BSEC warning code : 100

1 BSEC warning code : 100

1 BSEC warning code : 100

1 BSEC warning code : 100

1 BSEC warning code : 100

1 BSEC warning code : 100

1 BSEC warning code : 100

1 BSEC warning code : 100

1 BSEC warning code : 100

1 BSEC warning code : 100

1 BSEC warning code : 100

1 BSEC warning code : 100

1 BSEC warning code : 100

1 BSEC warning code : 100

1 BSEC warning code : 100

1 BSEC warning code : 100

1 BSEC warning code : 100

1 BSEC warning code : 100

1 BSEC warning code : 100

1 BSEC warning code : 100

1 BSEC warning code : 100

1 BSEC warning code : 100

1 BSEC warning code : 100

1 BSEC warning code : 100

1 BSEC warning code : 100

1 BSEC warning code : 100

1 BSEC warning code : 100

1 BSEC warning code : 100

1 BSEC warning code : 100

1 BSEC warning code : 100

1 BSEC warning code : 100

1 BSEC warning code : 100

1 BSEC warning code : 100

1 BSEC warning code : 100

1 BSEC warning code : 100

1 BSEC warning code : 100

1 BSEC warning code : 100

1 BSEC warning code : 100

1 BSEC warning code : 100

1 BSEC warning code : 100

1 BSEC warning code : 100

1 BSEC warning code : 100

1 BSEC warning code : 100

1 BSEC warning code : 100

1 BSEC warning code : 100

1 BSEC warning code : 100

1 BSEC warning code : 100

1 BSEC warning code : 100

1 BSEC warning code : 100

1 BSEC warning code : 100

1 BSEC warning code : 100

1 BSEC warning code : 100

1 BSEC warning code : 100

1 BSEC warning code : 100

1 BSEC warning code : 100

1 BSEC warning code : 100

1 BSEC warning code : 100

1 BSEC warning code : 100

1 BSEC warning code : 100

1 BSEC warning code : 100

1 BSEC warning code : 100

1 BSEC warning code : 100

1 BSEC warning code : 100

1 BSEC warning code : 100

1 BSEC warning code : 100

1 BSEC warning code : 100

1 BSEC warning code : 100

1 BSEC warning code : 100

1 BSEC warning code : 100

1 BSEC warning code : 100

1 BSEC warning code : 100

1 BSEC warning code : 100

1 BSEC warning code : 100

1 BSEC warning code : 100

1 BSEC warning code : 100

1 BSEC warning code : 100

1 BSEC warning code : 100

1 BSEC warning code : 100

1 BSEC warning code : 100

1 BSEC warning code : 100

1 BSEC warning code : 100

1 BSEC warning code : 100

1 BSEC warning code : 100

1 BSEC warning code : 100

1 BSEC warning code : 100

1 BSEC warning code : 100

1 BSEC warning code : 100

1 BSEC warning code : 100

1 BSEC warning code : 100

1 BSEC warning code : 100

1 BSEC warning code : 100

1 BSEC warning code : 100

1 BSEC warning code : 100

1 BSEC warning code : 100

1 BSEC warning code : 100

1 BSEC warning code : 100

1 BSEC warning code : 100

1 BSEC warning code : 100

1 BSEC warning code : 100

1 BSEC warning code : 100

1 BSEC warning code : 100

1 BSEC warning code : 100

1 BSEC warning code : 100

1 BSEC warning code : 100

1 BSEC warning code : 100

1 BSEC warning code : 100

1 BSEC warning code : 100

1 BSEC warning code : 100

1 BSEC warning code : 100

1 BSEC warning code : 100

1 BSEC warning code : 100

1 BSEC warning code : 100

1 BSEC warning code : 100

1 BSEC warning code : 100

1 BSEC warning code : 100

1 BSEC warning code : 100

1 BSEC warning code : 100

1 BSEC warning code : 100

1 BSEC warning code : 100

1 BSEC warning code : 100

1 BSEC warning code : 100

1 BSEC warning code : 100

1 BSEC warning code : 100

1 BSEC warning code : 100

1 BSEC warning code : 100

1 BSEC warning code : 100

1 BSEC warning code : 100

1 BSEC warning code : 100

1 BSEC warning code : 100

1 BSEC warning code : 100

1 BSEC warning code : 100

1 BSEC warning code : 100

1 BSEC warning code : 100

1 BSEC warning code : 100

1 BSEC warning code : 100

1 BSEC warning code : 100

1 BSEC warning code : 100

1 BSEC warning code : 100

1 BSEC warning code : 100

1 BSEC warning code : 100

1 BSEC warning code : 100

1 BSEC warning code : 100

1 BSEC warning code : 100

1 BSEC warning code : 100

1 BSEC warning code : 100

1 BSEC warning code : 100

1 BSEC warning code : 100

1 BSEC warning code : 100

1 BSEC warning code : 100

1 BSEC warning code : 100

1 BSEC warning code : 100

1 BSEC warning code : 100

1 BSEC warning code : 100

1 BSEC warning code : 100

1 BSEC warning code : 100

1 BSEC warning code : 100

1 BSEC warning code : 100

1 BSEC warning code : 100

1 BSEC warning code : 100

1 BSEC warning code : 100

1 BSEC warning code : 100

1 BSEC warning code : 100

1 BSEC warning code : 100

1 BSEC warning code : 100

1 BSEC warning code : 100

1 BSEC warning code : 100

1 BSEC warning code : 100

1 BSEC warning code : 100

1 BSEC warning code : 100

1 BSEC warning code : 100

1 BSEC warning code : 100

1 BSEC warning code : 100

1 BSEC warning code : 100

1 BSEC warning code : 100

1 BSEC warning code : 100

1 BSEC warning code : 100

1 BSEC warning code : 100

1 BSEC warning code : 100

1 BSEC warning code : 100

1 BSEC warning code : 100

1 BSEC warning code : 100

1 BSEC warning code : 100

1 BSEC warning code : 100

1 BSEC warning code : 100

1 BSEC warning code : 100

1 BSEC warning code : 100

1 BSEC warning code : 100

1 BSEC warning code : 100

1 BSEC warning code : 100

1 BSEC warning code : 100

1 BSEC warning code : 100

1 BSEC warning code : 100

1 BSEC warning code : 100

1 BSEC warning code : 100

1 BSEC warning code : 100

1 BSEC warning code : 100

1 BSEC warning code : 100

1 BSEC warning code : 100

1 BSEC warning code : 100

1 BSEC warning code : 100

1 BSEC warning code : 100

1 BSEC warning code : 100

1 BSEC warning code : 100

1 BSEC warning code : 100

1 BSEC warning code : 100

1 BSEC warning code : 100

1 BSEC warning code : 100

1 BSEC warning code : 100

1 BSEC warning code : 100

1 BSEC warning code : 100

1 BSEC warning code : 100

1 BSEC warning code : 100

1 BSEC warning code : 100

1 BSEC warning code : 100

1 BSEC warning code : 100

1 BSEC warning code : 100

1 BSEC warning code : 100

1 BSEC warning code : 100

1 BSEC warning code : 100

1 BSEC warning code : 100

1 BSEC warning code : 100

1 BSEC warning code : 100

1 BSEC warning code : 100

1 BSEC warning code : 100

1 BSEC warning code : 100

1 BSEC warning code : 100

1 BSEC warning code : 100

1 BSEC warning code : 100

1 BSEC warning code : 100

1 BSEC warning code : 100

1 BSEC warning code : 100

1 BSEC warning code : 100

1 BSEC warning code : 100

1 BSEC warning code : 100

1 BSEC warning code : 100

1 BSEC warning code : 100

1 BSEC warning code : 100

1 BSEC warning code : 100

1 BSEC warning code : 100

1 BSEC warning code : 100

1 BSEC warning code : 100

1 BSEC warning code : 100

1 BSEC warning code : 100

1 BSEC warning code : 100

1 BSEC warning code : 100

1 BSEC warning code : 100

1 BSEC warning code : 100

1 BSEC warning code : 100

1 BSEC warning code : 100

1 BSEC warning code : 100

1 BSEC warning code : 100

1 BSEC warning code : 100

1 BSEC warning code : 100

1 BSEC warning code : 100

1 BSEC warning code : 100

1 BSEC warning code : 100

1 BSEC warning code : 100

1 BSEC warning code : 100

1 BSEC warning code : 100

1 BSEC warning code : 100

1 BSEC warning code : 100

1 BSEC warning code : 100

1 BSEC warning code : 100

1 BSEC warning code : 100

1 BSEC warning code : 100

1 BSEC warning code : 100

1 BSEC warning code : 100

1 BSEC warning code : 100

1 BSEC warning code : 100

1 BSEC warning code : 100

1 BSEC warning code : 100

1 BSEC warning code : 100

1 BSEC warning code : 100

1 BSEC warning code : 100

1 BSEC warning code : 100

1 BSEC warning code : 100

1 BSEC warning code : 100

1 BSEC warning code : 100

1 BSEC warning code : 100

1 BSEC warning code : 100

1 BSEC warning code : 100

1 BSEC warning code : 100

1 BSEC warning code : 100

1 BSEC warning code : 100

1 BSEC warning code : 100

1 BSEC warning code : 100

1 BSEC warning code : 100

1 BSEC warning code : 100

1 BSEC warning code : 100

1 BSEC warning code : 100

1 BSEC warning code : 100

1 BSEC warning code : 100

1 BSEC warning code : 100

1 BSEC warning code : 100

1 BSEC warning code : 100

1 BSEC warning code : 100

1 BSEC warning code : 100

1 BSEC warning code : 100

1 BSEC warning code : 100

1 BSEC warning code : 100

1 BSEC warning code : 100

1 BSEC warning code : 100

1 BSEC warning code : 100

1 BSEC warning code : 100

1 BSEC warning code : 100

1 BSEC warning code : 100

1 BSEC warning code : 100

1 BSEC warning code : 100

1 BSEC warning code : 100

1 BSEC warning code : 100

1 BSEC warning code : 100

1 BSEC warning code : 100

1 BSEC warning code : 100

1 BSEC warning code : 100

1 BSEC warning code : 100

1 BSEC warning code : 100

1 BSEC warning code : 100

1 BSEC warning code : 100

1 BSEC warning code : 100

1 BSEC warning code : 100

1 BSEC warning code : 100

1 BSEC warning code : 100

1 BSEC warning code : 100

1 BSEC warning code : 100

1 BSEC warning code : 100

1 BSEC warning code : 100

1 BSEC warning code : 100

1 BSEC warning code : 100

1 BSEC warning code : 100

1 BSEC warning code : 100

1 BSEC warning code : 100

1 BSEC warning code : 100

1 BSEC warning code : 100

1 BSEC warning code : 100

1 BSEC warning code : 100

1 BSEC warning code : 100

1 BSEC warning code : 100

1 BSEC warning code : 100

1 BSEC warning code : 100

1 BSEC warning code : 100

1 BSEC warning code : 100

1 BSEC warning code : 100

1 BSEC warning code : 100

1 BSEC warning code : 100

1 BSEC warning code : 100

1 BSEC warning code : 100

1 BSEC warning code : 100

1 BSEC warning code : 100

1 BSEC warning code : 100

1 BSEC warning code : 100

1 BSEC warning code : 100

1 BSEC warning code : 100

1 BSEC warning code : 100

1 BSEC warning code : 100

1 BSEC warning code : 100

1 BSEC warning code : 100

1 BSEC warning code : 100

1 BSEC warning code : 100

1 BSEC warning code : 100

1 BSEC warning code : 100

1 BSEC warning code : 100

1 BSEC warning code : 100

1 BSEC warning code : 100

1 BSEC warning code : 100

1 BSEC warning code : 100

1 BSEC warning code : 100

1 BSEC warning code : 100

1 BSEC warning code : 100

1 BSEC warning code : 100

1 BSEC warning code : 100

1 BSEC warning code : 100

1 BSEC warning code : 100

1 BSEC warning code : 100

1 BSEC warning code : 100

1 BSEC warning code : 100

1 BSEC warning code : 100

1 BSEC warning code : 100

1 BSEC warning code : 100

1 BSEC warning code : 100

1 BSEC warning code : 100

1 BSEC warning code : 100

1 BSEC warning code : 100

1 BSEC warning code : 100

1 BSEC warning code : 100

1 BSEC warning code : 100

1 BSEC warning code : 100

1 BSEC warning code : 100

1 BSEC warning code : 100

1 BSEC warning code : 100

1 BSEC warning code : 100

1 BSEC warning code : 100

1 BSEC warning code : 100

1 BSEC warning code : 100

1 BSEC warning code : 100

1 BSEC warning code : 100

1 BSEC warning code : 100

1 BSEC warning code : 100

1 BSEC warning code : 100

1 BSEC warning code : 100

1 BSEC warning code : 100

1 BSEC warning code : 100

1 BSEC warning code : 100

1 BSEC warning code : 100

1 BSEC warning code : 100

1 BSEC warning code : 100

1 BSEC warning code : 100

1 BSEC warning code : 100

1 BSEC warning code : 100

1 BSEC warning code : 100

1 BSEC warning code : 100

1 BSEC warning code : 100

1 BSEC warning code : 100

1 BSEC warning code : 100

1 BSEC warning code : 100

1 BSEC warning code : 100

1 BSEC warning code : 100

1 BSEC warning code : 100

1 BSEC warning code : 100

1 BSEC warning code : 100

1 BSEC warning code : 100

1 BSEC warning code : 100

1 BSEC warning code : 100

1 BSEC warning code : 100

1 BSEC warning code : 100

1 BSEC warning code : 100

1 BSEC warning code : 100

1 BSEC warning code : 100

1 BSEC warning code : 100

1 BSEC warning code : 100

1 BSEC warning code : 100

1 BSEC warning code : 100

1 BSEC warning code : 100

1 BSEC warning code : 100

1 BSEC warning code : 100

1 BSEC warning code : 100

1 BSEC warning code : 100

1 BSEC warning code : 100

1 BSEC warning code : 100

1 BSEC warning code : 100

1 BSEC warning code : 100

1 BSEC warning code : 100

1 BSEC warning code : 100

1 BSEC warning code : 100

1 BSEC warning code : 100

1 BSEC warning code : 100

1 BSEC warning code : 100

1 BSEC warning code : 100

1 BSEC warning code : 100

1 BSEC warning code : 100

1 BSEC warning code : 100

1 BSEC warning code : 100

1 BSEC warning code : 100

1 BSEC warning code : 100

1 BSEC warning code : 100
