
1 BSEC warning code : 100

 ets Jan  8 2013,rst cause:1, boot mode:(3,7)

load 0x4010f000, len 1384, room 16 
tail 8
chksum 0x2d
csum 0x2d
v8b899c12
~ld


7.04
 0h00:00.288 1970/01/01T08:00:00z: SPIFFS Active
 0h00:03.963 2026/01/05T00:00:14z: 48:3f:da:26:d5:3c
 0h00:03.965 2026/01/05T00:00:14z: SSID: AkgWarmer5
1 BSEC warning code : 100

1 BSEC warning code : 100

1 BSEC warning code : 100

1 BSEC warning code : 100

1 BSEC warning code : 100

1 BSEC warning code : 100

1 BSEC warning code : 100

1 BSEC warning code : 100

1 BSEC warning code : 100

 ets Jan  8 2013,rst cause:1, boot mode:(3,7)

load 0x4010f000, len 1384, room 16 
tail 8
chksum 0x2d
csum 0x2d
v8b899c12
~ld


7.04
 0h00:00.286 1970/01/01T08:00:00z: SPIFFS Active
 0h00:03.962 2026/01/05T00:19:55z: 48:3f:da:26:d5:3c
 0h00:03.963 2026/01/05T00:19:55z: SSID: AkgWarmer5
1 BSEC warning code : 100

1 BSEC warning code : 100

1 BSEC warning code : 100

1 BSEC warning code : 100

1 BSEC warning code : 100

1 BSEC warning code : 100

1 BSEC warning code : 100

1 BSEC warning code : 100

1 BSEC warning code : 100

1 BSEC warning code : 100

 ets Jan  8 2013,rst cause:1, boot mode:(3,7)

load 0x4010f000, len 1384, room 16 
tail 8
chksum 0x2d
csum 0x2d
v8b899c12
~ld


7.04
 0h00:00.286 1970/01/01T08:00:00z: SPIFFS Active
 0h00:03.963 2026/01/05T00:40:22z: 48:3f:da:26:d5:3c
 0h00:03.965 2026/01/05T00:40:22z: SSID: AkgWarmer5
1 BSEC warning code : 100

1 BSEC warning code : 100

1 BSEC warning code : 100

1 BSEC warning code : 100

1 BSEC warning code : 100

1 BSEC warning code : 100

 ets Jan  8 2013,rst cause:1, boot mode:(3,7)

load 0x4010f000, len 1384, room 16 
tail 8
chksum 0x2d
csum 0x2d
v8b899c12
~ld


7.04
 0h00:00.286 1970/01/01T08:00:00z: SPIFFS Active
 0h00:03.961 2026/01/05T01:00:44z: 48:3f:da:26:d5:3c
 0h00:03.962 2026/01/05T01:00:44z: SSID: AkgWarmer5
1 BSEC warning code : 100

1 BSEC warning code : 100

1 BSEC warning code : 100

1 BSEC warning code : 100

1 BSEC warning code : 100

1 BSEC warning code : 100

1 BSEC warning code : 100

 ets Jan  8 2013,rst cause:1, boot mode:(3,7)

load 0x4010f000, len 1384, room 16 
tail 8
chksum 0x2d
csum 0x2d
v8b899c12
~ld


7.04
 0h00:00.286 1970/01/01T08:00:00z: SPIFFS Active
 0h00:03.961 2026/01/05T01:21:17z: 48:3f:da:26:d5:3c
 0h00:03.963 2026/01/05T01:21:17z: SSID: AkgWarmer5
1 BSEC warning code : 100

1 BME68X warning code : 2

1 BSEC warning code : 100

1 BSEC warning code : 100

1 BSEC warning code : 100

 ets Jan  8 2013,rst cause:1, boot mode:(3,7)

load 0x4010f000, len 1384, room 16 
tail 8
chksum 0x2d
csum 0x2d
v8b899c12
~ld


7.04
 0h00:00.286 1970/01/01T08:00:00z: SPIFFS Active
 0h00:03.962 2026/01/05T01:40:59z: 48:3f:da:26:d5:3c
 0h00:03.964 2026/01/05T01:40:59z: SSID: AkgWarmer5
1 BSEC warning code : 100

1 BSEC warning code : 100

1 BSEC warning code : 100

1 BSEC warning code : 100

1 BSEC warning code : 100

1 BSEC warning code : 100

1 BSEC warning code : 100

 ets Jan  8 2013,rst cause:1, boot mode:(3,7)

load 0x4010f000, len 1384, room 16 
tail 8
chksum 0x2d
csum 0x2d
v8b899c12
~ld


7.04
 0h00:00.285 1970/01/01T08:00:00z: SPIFFS Active
 0h00:03.960 2026/01/05T02:00:44z: 48:3f:da:26:d5:3c
 0h00:03.961 2026/01/05T02:00:44z: SSID: AkgWarmer5
1 BSEC warning code : 100

1 BSEC warning code : 100

1 BSEC warning code : 100

1 BSEC warning code : 100

 ets Jan  8 2013,rst cause:1, boot mode:(3,7)

load 0x4010f000, len 1384, room 16 
tail 8
chksum 0x2d
csum 0x2d
v8b899c12
~ld


7.04
 0h00:00.290 1970/01/01T08:00:00z: SPIFFS Active
 0h00:03.965 2026/01/05T02:20:25z: 48:3f:da:26:d5:3c
 0h00:03.966 2026/01/05T02:20:25z: SSID: AkgWarmer5
1 BSEC warning code : 100

1 BSEC warning code : 100

1 BSEC warning code : 100

1 BSEC warning code : 100

1 BSEC warning code : 100

1 BSEC warning code : 100

 ets Jan  8 2013,rst cause:1, boot mode:(3,7)

load 0x4010f000, len 1384, room 16 
tail 8
chksum 0x2d
csum 0x2d
v8b899c12
~ld


7.04
 0h00:00.287 1970/01/01T08:00:00z: SPIFFS Active
 0h00:03.959 2026/01/05T02:40:17z: 48:3f:da:26:d5:3c
 0h00:03.961 2026/01/05T02:40:17z: SSID: AkgWarmer5
 0h00:12.484 2026/01/05T02:40:25z: PMSX003-A (1522ms)
 0h00:13.380 2026/01/05T02:40:26z: PMSX003-B (894ms)
 0h00:13.381 2026/01/05T02:40:26z: 3.0+RV3028+BME68X+PMSX003-A+PMSX003-B
 0h00:14.396 2026/01/05T02:40:27z: p:990.50 gasR:940744.12 iaq:70.63(0) T:8.54(11.54) H:91.76(51.71) sIaq:69.61(0) Stabilization:1 Run in:0
 0h00:15.072 2026/01/05T02:40:28z: DATA A(2),47,91,44,990.50,0.02,26352,0,15,5,6,6,5,6,6,25,25,1068,288,39,1,0,0,69.61
 0h00:15.395 2026/01/05T02:40:28z: p:990.61 gasR:962632.19 iaq:70.63(0) T:9.18(14.78) H:88.16(52.51) sIaq:69.61(0) Stabilization:1 Run in:0
 0h00:15.907 2026/01/05T02:40:29z: DATA A(3),48,88,44,990.61,0.02,26352,0,15,5,6,6,5,6,6,25,25,1068,288,39,1,0,0,69.61
 0h00:16.396 2026/01/05T02:40:29z: p:990.61 gasR:968092.62 iaq:70.63(0) T:9.94(15.54) H:83.30(52.62) sIaq:69.62(0) Stabilization:1 Run in:0
 0h00:16.741 2026/01/05T02:40:30z: DATA A(4),49,83,44,990.61,0.02,26352,0,16,5,6,6,5,6,6,25,25,1068,288,39,1,0,0,69.62
 0h00:17.396 2026/01/05T02:40:30z: p:990.63 gasR:974310.19 iaq:70.63(0) T:10.26(15.86) H:80.83(52.45) sIaq:69.62(0) Stabilization:1 Run in:0
 0h00:17.647 2026/01/05T02:40:31z: DATA A(5),50,80,44,990.63,0.02,26352,0,17,5,6,6,5,6,6,25,25,1092,280,39,1,0,0,69.62
 0h00:18.396 2026/01/05T02:40:31z: p:990.63 gasR:983433.38 iaq:70.63(0) T:10.45(16.05) H:79.09(52.19) sIaq:69.62(0) Stabilization:1 Run in:0
 0h00:18.482 2026/01/05T02:40:31z: DATA A(6),50,79,43,990.63,0.02,26352,0,18,5,6,6,5,6,6,25,25,1092,280,39,1,0,0,69.62
 0h00:19.396 2026/01/05T02:40:32z: p:990.64 gasR:979904.31 iaq:70.63(0) T:10.58(16.18) H:77.75(51.91) sIaq:69.62(0) Stabilization:1 Run in:0
 0h00:20.267 2026/01/05T02:40:33z: DATA B(2),51,77,44,990.64,0.02,26352,0,20,4,6,7,4,6,7,25,25,912,264,27,3,2,0,69.62
 0h00:20.396 2026/01/05T02:40:33z: p:990.64 gasR:981312.88 iaq:70.63(0) T:10.68(16.29) H:76.60(51.63) sIaq:69.62(0) Stabilization:1 Run in:0
 0h00:21.100 2026/01/05T02:40:34z: DATA B(3),51,76,43,990.64,0.02,26352,0,21,4,6,7,4,6,7,25,25,912,264,27,3,2,0,69.62
 0h00:21.395 2026/01/05T02:40:34z: p:990.65 gasR:990568.31 iaq:70.63(0) T:10.75(16.36) H:75.72(51.38) sIaq:69.62(0) Stabilization:1 Run in:0
 0h00:22.004 2026/01/05T02:40:35z: DATA B(4),51,75,43,990.65,0.02,26352,0,22,5,6,6,5,6,6,25,25,918,268,25,2,1,0,69.62
 0h00:22.396 2026/01/05T02:40:35z: p:990.66 gasR:998537.31 iaq:70.64(0) T:10.81(16.41) H:74.93(51.12) sIaq:69.62(0) Stabilization:1 Run in:0
 0h00:22.837 2026/01/05T02:40:36z: DATA B(5),51,74,43,990.66,0.02,25728,0,22,5,6,6,5,6,6,25,25,918,268,25,2,1,0,69.62
 0h00:23.396 2026/01/05T02:40:36z: p:990.64 gasR:1001467.00 iaq:70.64(0) T:10.85(16.45) H:74.30(50.87) sIaq:69.62(0) Stabilization:1 Run in:0
 0h00:23.670 2026/01/05T02:40:37z: DATA B(6),51,74,43,990.64,0.02,26352,0,23,5,6,6,5,6,6,25,25,918,268,25,2,1,0,69.62
 0h00:24.396 2026/01/05T02:40:37z: p:990.67 gasR:998537.31 iaq:70.64(0) T:10.88(16.48) H:73.75(50.66) sIaq:69.63(0) Stabilization:1 Run in:0
 0h00:25.372 2026/01/05T02:40:38z: DATA A(7),51,73,42,990.67,0.02,26352,0,25,5,6,6,5,6,6,25,25,1074,276,29,2,1,0,69.63
 0h00:25.395 2026/01/05T02:40:38z: p:990.67 gasR:1005893.94 iaq:70.64(0) T:10.92(16.52) H:73.22(50.45) sIaq:69.63(0) Stabilization:1 Run in:0
 0h00:26.207 2026/01/05T02:40:39z: DATA A(8),51,73,42,990.67,0.02,26352,0,26,5,6,6,5,6,6,25,25,1074,276,29,2,1,0,69.63
 0h00:26.395 2026/01/05T02:40:39z: p:990.67 gasR:996351.25 iaq:70.65(0) T:10.95(16.56) H:72.73(50.25) sIaq:69.63(0) Stabilization:1 Run in:0
 0h00:27.042 2026/01/05T02:40:40z: DATA A(9),51,72,42,990.67,0.02,26352,0,27,5,6,6,5,6,6,25,25,1074,276,29,2,1,0,69.63
 0h00:27.395 2026/01/05T02:40:40z: p:990.67 gasR:998537.31 iaq:70.65(0) T:10.98(16.58) H:72.38(50.11) sIaq:69.63(0) Stabilization:1 Run in:0
 0h00:27.947 2026/01/05T02:40:41z: DATA A(10),51,72,42,990.67,0.02,26352,0,27,4,5,6,4,5,6,21,21,1044,268,27,1,1,0,69.63
 0h00:28.396 2026/01/05T02:40:41z: p:990.69 gasR:1008867.00 iaq:70.65(0) T:11.01(16.61) H:71.96(49.94) sIaq:69.63(0) Stabilization:1 Run in:0
 0h00:28.782 2026/01/05T02:40:42z: DATA A(11),51,71,42,990.69,0.02,26352,0,28,4,5,6,4,5,6,21,21,1044,268,27,1,1,0,69.63
 0h00:29.396 2026/01/05T02:40:42z: p:990.67 gasR:1002938.31 iaq:70.65(0) T:11.04(16.64) H:71.63(49.81) sIaq:69.64(0) Stabilization:1 Run in:0
 0h00:30.396 2026/01/05T02:40:43z: p:990.67 gasR:1013359.75 iaq:70.66(0) T:11.06(16.66) H:71.34(49.67) sIaq:69.64(0) Stabilization:1 Run in:0
 0h00:30.545 2026/01/05T02:40:44z: DATA B(7),51,71,42,990.67,0.02,26352,0,30,5,6,6,5,6,6,25,25,966,270,20,0,0,0,69.64
 0h00:31.378 2026/01/05T02:40:44z: DATA B(8),51,71,42,990.67,0.02,26352,0,31,5,6,6,5,6,6,25,25,966,270,20,0,0,0,69.64
 0h00:31.398 2026/01/05T02:40:44z: p:990.66 gasR:1009613.00 iaq:70.66(0) T:11.10(16.68) H:71.03(49.56) sIaq:69.64(0) Stabilization:1 Run in:0
 0h00:32.282 2026/01/05T02:40:45z: DATA B(9),51,71,41,990.66,0.02,26352,0,32,5,6,6,5,6,6,25,25,1002,278,21,0,0,0,69.64
 0h00:32.398 2026/01/05T02:40:45z: p:990.66 gasR:1010360.12 iaq:70.66(0) T:11.09(16.69) H:70.93(49.45) sIaq:69.65(0) Stabilization:1 Run in:0
 0h00:33.115 2026/01/05T02:40:46z: DATA B(10),51,70,41,990.66,0.02,26352,0,33,5,6,6,5,6,6,25,25,1002,278,21,0,0,0,69.65
 0h00:33.398 2026/01/05T02:40:46z: p:990.63 gasR:1014866.19 iaq:70.66(0) T:11.14(16.74) H:70.62(49.37) sIaq:69.65(0) Stabilization:1 Run in:0
 0h00:34.397 2026/01/05T02:40:47z: p:990.64 gasR:1013359.75 iaq:70.67(0) T:11.18(16.78) H:70.39(49.30) sIaq:69.65(0) Stabilization:1 Run in:0
 0h00:34.766 2026/01/05T02:40:48z: DATA A(12),52,70,42,990.64,0.02,26352,0,34,5,6,9,5,6,9,25,25,1104,284,31,5,5,3,69.65
 0h00:35.398 2026/01/05T02:40:48z: p:990.64 gasR:1007378.25 iaq:70.67(0) T:11.21(16.81) H:70.16(49.21) sIaq:69.65(0) Stabilization:1 Run in:0
 0h00:35.672 2026/01/05T02:40:49z: DATA A(13),52,70,42,990.64,0.02,26352,0,35,5,5,9,5,5,9,21,21,1098,282,27,5,5,3,69.65
 0h00:36.398 2026/01/05T02:40:49z: p:990.64 gasR:1009613.00 iaq:70.68(0) T:11.25(16.85) H:70.02(49.20) sIaq:69.66(0) Stabilization:1 Run in:0
 0h00:36.506 2026/01/05T02:40:50z: DATA A(14),52,70,42,990.64,0.02,26352,0,36,5,5,9,5,5,9,21,21,1098,282,27,5,5,3,69.66
 0h00:37.341 2026/01/05T02:40:50z: DATA A(15),52,70,42,990.64,0.02,26352,0,37,5,5,9,5,5,9,21,21,1098,282,27,5,5,3,69.66
 0h00:37.397 2026/01/05T02:40:50z: p:990.64 gasR:1016377.19 iaq:70.68(0) T:11.28(16.88) H:69.84(49.14) sIaq:69.66(0) Stabilization:1 Run in:0
 0h00:38.246 2026/01/05T02:40:51z: DATA A(16),52,69,42,990.64,0.02,26352,0,38,5,5,9,5,5,9,21,21,1092,282,25,5,5,3,69.66
 0h00:38.397 2026/01/05T02:40:51z: p:990.65 gasR:1013359.75 iaq:70.68(0) T:11.32(16.92) H:69.67(49.10) sIaq:69.66(0) Stabilization:1 Run in:0
 0h00:39.397 2026/01/05T02:40:52z: p:990.67 gasR:1018652.06 iaq:70.68(0) T:11.35(16.95) H:69.56(49.06) sIaq:69.67(0) Stabilization:1 Run in:0
 0h00:39.990 2026/01/05T02:40:53z: DATA B(11),52,69,42,990.67,0.02,26352,0,39,5,5,6,5,5,6,21,21,954,268,16,1,1,0,69.67
 0h00:40.398 2026/01/05T02:40:53z: p:990.66 gasR:1009613.00 iaq:70.69(0) T:11.36(16.97) H:69.53(49.03) sIaq:69.67(0) Stabilization:1 Run in:0
 0h00:40.823 2026/01/05T02:40:54z: DATA B(12),52,69,42,990.66,0.02,26168,0,40,5,5,6,5,5,6,21,21,954,268,16,1,1,0,69.67
 0h00:41.398 2026/01/05T02:40:54z: p:990.67 gasR:1005893.94 iaq:70.69(0) T:11.38(16.98) H:69.46(48.98) sIaq:69.68(0) Stabilization:1 Run in:0
 0h00:41.656 2026/01/05T02:40:55z: DATA B(13),52,69,42,990.67,0.02,26352,0,41,5,5,6,5,5,6,21,21,954,268,16,1,1,0,69.68
 0h00:42.397 2026/01/05T02:40:55z: p:990.66 gasR:1021701.19 iaq:70.70(0) T:11.38(16.98) H:69.47(48.94) sIaq:69.68(0) Stabilization:1 Run in:0
 0h00:42.559 2026/01/05T02:40:56z: DATA B(14),52,69,42,990.66,0.02,26352,0,42,4,5,6,4,5,6,21,21,936,258,15,1,1,0,69.68
 0h00:43.392 2026/01/05T02:40:56z: DATA B(15),52,69,42,990.66,0.02,26352,0,43,4,5,6,4,5,6,21,21,936,258,15,1,1,0,69.68
 0h00:43.414 2026/01/05T02:40:56z: p:990.67 gasR:1020174.38 iaq:70.70(0) T:11.52(17.00) H:68.85(48.89) sIaq:69.68(0) Stabilization:1 Run in:0
 0h00:44.413 2026/01/05T02:40:57z: p:990.67 gasR:1013359.75 iaq:70.70(0) T:11.29(16.90) H:69.80(48.81) sIaq:69.69(0) Stabilization:1 Run in:0
 0h00:45.066 2026/01/05T02:40:58z: DATA A(17),52,69,42,990.67,0.02,26352,0,45,5,6,9,5,6,9,25,25,1080,298,32,5,5,3,69.69
 0h00:45.414 2026/01/05T02:40:58z: p:990.67 gasR:1014112.38 iaq:70.71(0) T:11.39(16.99) H:69.37(48.78) sIaq:69.69(0) Stabilization:1 Run in:0
 0h00:45.971 2026/01/05T02:40:59z: DATA A(18),52,69,42,990.67,0.02,26352,0,45,5,6,9,5,6,9,25,25,1086,294,35,5,5,3,69.69
 0h00:46.414 2026/01/05T02:40:59z: p:990.69 gasR:1012608.19 iaq:70.71(0) T:11.40(17.00) H:69.33(48.75) sIaq:69.69(0) Stabilization:1 Run in:0
 0h00:46.806 2026/01/05T02:41:00z: DATA A(19),52,69,42,990.69,0.02,26352,0,46,5,6,9,5,6,9,25,25,1086,294,35,5,5,3,69.69
 0h00:47.414 2026/01/05T02:41:00z: p:990.70 gasR:1014112.38 iaq:70.72(0) T:11.40(17.00) H:69.28(48.68) sIaq:69.70(0) Stabilization:1 Run in:0
 0h00:47.641 2026/01/05T02:41:01z: DATA A(20),52,69,42,990.70,0.02,26352,0,47,5,6,9,5,6,9,25,25,1086,294,35,5,5,3,69.70
 0h00:48.413 2026/01/05T02:41:01z: p:990.68 gasR:1017134.31 iaq:70.72(0) T:11.41(17.01) H:69.24(48.63) sIaq:69.70(0) Stabilization:1 Run in:0
 0h00:48.546 2026/01/05T02:41:02z: DATA A(21),52,69,42,990.68,0.02,26352,0,48,5,6,9,5,6,9,25,25,1050,286,33,5,5,3,69.70
 0h00:49.414 2026/01/05T02:41:02z: p:990.66 gasR:1015621.12 iaq:70.73(0) T:11.41(17.01) H:69.23(48.59) sIaq:69.71(0) Stabilization:1 Run in:0
 0h00:50.267 2026/01/05T02:41:03z: DATA B(16),52,69,42,990.66,0.02,26352,0,50,4,5,6,4,5,6,21,21,966,260,23,2,1,0,69.71
 0h00:50.413 2026/01/05T02:41:03z: p:990.67 gasR:1021701.19 iaq:70.73(0) T:11.42(17.02) H:69.17(48.54) sIaq:69.71(0) Stabilization:1 Run in:0
 0h00:51.100 2026/01/05T02:41:04z: DATA B(17),52,69,42,990.67,0.02,26352,0,51,4,5,6,4,5,6,21,21,966,260,23,2,1,0,69.71
 0h00:51.413 2026/01/05T02:41:04z: p:990.68 gasR:1018652.06 iaq:70.73(0) T:11.42(17.03) H:69.11(48.49) sIaq:69.71(0) Stabilization:1 Run in:0
 0h00:51.933 2026/01/05T02:41:05z: DATA B(18),52,69,42,990.68,0.02,26352,0,51,4,5,6,4,5,6,21,21,966,260,23,2,1,0,69.71
 0h00:52.414 2026/01/05T02:41:05z: p:990.68 gasR:1014112.38 iaq:70.74(0) T:11.44(17.04) H:69.01(48.43) sIaq:69.72(0) Stabilization:1 Run in:0
 0h00:52.836 2026/01/05T02:41:06z: DATA B(19),52,69,42,990.68,0.02,26352,0,52,4,5,6,4,5,6,21,21,918,254,27,2,1,0,69.72
 0h00:53.413 2026/01/05T02:41:06z: p:990.67 gasR:1016377.19 iaq:70.74(0) T:11.44(17.04) H:69.03(48.42) sIaq:69.72(0) Stabilization:1 Run in:0
 0h00:53.669 2026/01/05T02:41:07z: DATA B(20),52,69,42,990.67,0.02,26352,0,53,4,5,6,4,5,6,21,21,918,254,27,2,1,0,69.72
 0h00:54.414 2026/01/05T02:41:07z: p:990.68 gasR:1024000.00 iaq:70.75(0) T:11.45(17.06) H:68.96(48.39) sIaq:69.73(0) Stabilization:1 Run in:0
 0h00:55.366 2026/01/05T02:41:08z: DATA A(22),52,68,42,990.68,0.02,26352,0,55,5,6,10,5,6,10,25,25,1128,310,29,5,5,3,69.73
 0h00:55.413 2026/01/05T02:41:08z: p:990.67 gasR:1020937.19 iaq:70.75(0) T:11.46(17.06) H:68.96(48.37) sIaq:69.73(0) Stabilization:1 Run in:0
 0h00:56.271 2026/01/05T02:41:09z: DATA A(23),52,68,42,990.67,0.02,26352,0,56,5,6,9,5,6,9,25,25,1080,296,26,4,4,3,69.73
 0h00:56.413 2026/01/05T02:41:09z: p:990.67 gasR:1022466.31 iaq:70.75(0) T:11.46(17.07) H:68.94(48.35) sIaq:69.73(0) Stabilization:1 Run in:0
 0h00:57.106 2026/01/05T02:41:10z: DATA A(24),52,68,42,990.67,0.02,26352,0,57,5,6,9,5,6,9,25,25,1080,296,26,4,4,3,69.73
 0h00:57.413 2026/01/05T02:41:10z: p:990.67 gasR:1024000.00 iaq:70.76(0) T:11.48(17.08) H:68.91(48.32) sIaq:69.73(0) Stabilization:1 Run in:0
 0h00:57.941 2026/01/05T02:41:11z: DATA A(25),52,68,42,990.67,0.02,26352,0,57,5,6,9,5,6,9,25,25,1080,296,26,4,4,3,69.73
 0h00:58.413 2026/01/05T02:41:11z: p:990.67 gasR:1020937.19 iaq:70.76(0) T:11.46(17.07) H:68.98(48.32) sIaq:69.74(0) Stabilization:1 Run in:0
 0h00:58.846 2026/01/05T02:41:12z: DATA A(26),52,68,42,990.67,0.02,26352,0,58,5,6,7,5,6,7,25,25,1068,298,20,1,1,0,69.74
 0h00:59.414 2026/01/05T02:41:12z: p:990.67 gasR:1018652.06 iaq:70.77(0) T:11.46(17.07) H:68.93(48.26) sIaq:69.74(0) Stabilization:1 Run in:0
 0h01:00.413 2026/01/05T02:41:13z: p:990.67 gasR:1026309.19 iaq:70.77(0) T:11.46(17.06) H:68.98(48.25) sIaq:69.75(0) Stabilization:1 Run in:0
 0h01:00.544 2026/01/05T02:41:14z: DATA B(21),52,68,42,990.67,0.02,26352,0,60,5,6,6,5,6,6,25,25,984,268,28,1,0,0,69.75
 0h01:01.377 2026/01/05T02:41:14z: DATA B(22),52,68,42,990.67,0.02,26040,0,61,5,6,6,5,6,6,25,25,984,268,28,1,0,0,69.75
 0h01:01.413 2026/01/05T02:41:14z: p:990.67 gasR:1023232.56 iaq:70.77(0) T:11.44(17.05) H:69.01(48.22) sIaq:69.75(0) Stabilization:1 Run in:0
 0h01:02.210 2026/01/05T02:41:15z: DATA B(23),52,69,42,990.67,0.02,26352,0,62,5,6,6,5,6,6,25,25,984,268,28,1,0,0,69.75
 0h01:02.413 2026/01/05T02:41:15z: p:990.67 gasR:1023232.56 iaq:70.78(0) T:11.43(17.04) H:69.04(48.19) sIaq:69.75(0) Stabilization:1 Run in:0
 0h01:03.113 2026/01/05T02:41:16z: DATA B(24),52,69,42,990.67,0.02,26352,0,63,5,6,6,5,6,6,25,25,1020,284,35,1,0,0,69.75
 0h01:03.414 2026/01/05T02:41:16z: p:990.65 gasR:1023232.56 iaq:70.78(0) T:11.44(17.04) H:68.95(48.13) sIaq:69.76(0) Stabilization:1 Run in:0
 0h01:03.946 2026/01/05T02:41:17z: DATA B(25),52,68,42,990.65,0.02,26352,0,63,5,6,6,5,6,6,25,25,1020,284,35,1,0,0,69.76
 0h01:04.414 2026/01/05T02:41:17z: p:990.68 gasR:1017892.62 iaq:70.79(0) T:11.45(17.06) H:68.88(48.12) sIaq:69.77(0) Stabilization:1 Run in:0
 0h01:05.413 2026/01/05T02:41:18z: p:990.67 gasR:1025538.31 iaq:70.79(0) T:11.46(17.06) H:68.85(48.11) sIaq:69.77(0) Stabilization:1 Run in:0
 0h01:05.666 2026/01/05T02:41:19z: DATA A(27),52,68,42,990.67,0.02,26352,0,65,6,7,7,6,7,7,29,29,1194,324,22,1,1,0,69.77
 0h01:06.414 2026/01/05T02:41:19z: p:990.66 gasR:1025538.31 iaq:70.79(0) T:11.46(17.07) H:68.79(48.06) sIaq:69.77(0) Stabilization:1 Run in:0
 0h01:06.572 2026/01/05T02:41:20z: DATA A(28),52,68,42,990.66,0.02,26352,0,66,6,7,8,6,7,8,29,29,1260,338,26,1,1,0,69.77
 0h01:07.407 2026/01/05T02:41:20z: DATA A(29),52,68,42,990.66,0.02,26352,0,67,6,7,8,6,7,8,29,29,1260,338,26,1,1,0,69.77
 0h01:07.426 2026/01/05T02:41:20z: p:990.68 gasR:1031738.06 iaq:70.79(0) T:11.56(17.07) H:68.36(48.05) sIaq:69.77(0) Stabilization:1 Run in:0
 0h01:08.241 2026/01/05T02:41:21z: DATA A(30),52,68,41,990.68,0.02,26352,0,68,6,7,8,6,7,8,29,29,1260,338,26,1,1,0,69.77
 0h01:08.426 2026/01/05T02:41:21z: p:990.68 gasR:1022466.31 iaq:70.80(0) T:11.41(17.01) H:69.02(48.02) sIaq:69.78(0) Stabilization:1 Run in:0
 0h01:09.147 2026/01/05T02:41:22z: DATA A(31),52,69,42,990.68,0.02,26352,0,69,7,7,8,7,7,8,29,29,1284,348,20,1,1,0,69.78
 0h01:09.426 2026/01/05T02:41:22z: p:990.67 gasR:1034866.12 iaq:70.80(0) T:11.47(17.07) H:68.75(48.02) sIaq:69.77(0) Stabilization:1 Run in:0
 0h01:10.426 2026/01/05T02:41:23z: p:990.67 gasR:1026309.19 iaq:70.80(0) T:11.48(17.08) H:68.68(47.99) sIaq:69.78(0) Stabilization:1 Run in:0
 0h01:10.821 2026/01/05T02:41:24z: DATA B(26),52,68,42,990.67,0.02,26352,0,70,5,7,8,5,7,8,29,29,1062,296,42,5,0,0,69.78
 0h01:11.426 2026/01/05T02:41:24z: p:990.69 gasR:1015621.12 iaq:70.81(0) T:11.49(17.09) H:68.68(48.00) sIaq:69.79(0) Stabilization:1 Run in:0
 0h01:11.654 2026/01/05T02:41:25z: DATA B(27),52,68,42,990.69,0.02,26352,0,71,5,7,8,5,7,8,29,29,1062,296,42,5,0,0,69.79
 0h01:12.426 2026/01/05T02:41:25z: p:990.66 gasR:1017892.62 iaq:70.83(0) T:11.49(17.09) H:68.69(48.00) sIaq:69.80(0) Stabilization:1 Run in:0
 0h01:12.487 2026/01/05T02:41:26z: DATA B(28),52,68,42,990.66,0.02,26352,0,72,5,7,8,5,7,8,29,29,1062,296,42,5,0,0,69.80
 0h01:13.390 2026/01/05T02:41:26z: DATA B(29),52,68,42,990.66,0.02,26352,0,73,5,7,8,5,7,8,29,29,1038,294,35,5,0,0,69.80
 0h01:13.425 2026/01/05T02:41:26z: p:990.67 gasR:1017134.31 iaq:70.84(0) T:11.51(17.11) H:68.65(48.00) sIaq:69.81(0) Stabilization:1 Run in:0
 0h01:14.223 2026/01/05T02:41:27z: DATA B(30),52,68,42,990.67,0.02,26352,0,74,5,7,8,5,7,8,29,29,1038,294,35,5,0,0,69.81
 0h01:14.425 2026/01/05T02:41:27z: p:990.67 gasR:1012608.19 iaq:70.85(0) T:11.52(17.12) H:68.63(48.00) sIaq:69.83(0) Stabilization:1 Run in:0
 0h01:15.426 2026/01/05T02:41:28z: p:990.69 gasR:1014866.19 iaq:70.87(0) T:11.53(17.13) H:68.57(47.98) sIaq:69.84(0) Stabilization:1 Run in:0
 0h01:15.966 2026/01/05T02:41:29z: DATA A(32),52,68,41,990.69,0.02,26352,0,75,7,7,7,7,7,7,29,29,1308,350,18,0,0,0,69.84
 0h01:16.426 2026/01/05T02:41:29z: p:990.67 gasR:1017892.62 iaq:70.88(0) T:11.54(17.14) H:68.59(47.99) sIaq:69.85(0) Stabilization:1 Run in:0
 0h01:16.872 2026/01/05T02:41:30z: DATA A(33),52,68,41,990.67,0.02,26352,0,76,6,7,7,6,7,7,29,29,1260,336,18,0,0,0,69.85
 0h01:17.426 2026/01/05T02:41:30z: p:990.67 gasR:1022466.31 iaq:70.88(0) T:11.56(17.16) H:68.51(47.99) sIaq:69.86(0) Stabilization:1 Run in:0
 0h01:17.707 2026/01/05T02:41:31z: DATA A(34),52,68,41,990.67,0.02,26168,0,77,6,7,7,6,7,7,29,29,1260,336,18,0,0,0,69.86
 0h01:18.426 2026/01/05T02:41:31z: p:990.68 gasR:1012608.19 iaq:70.90(0) T:11.57(17.17) H:68.50(47.98) sIaq:69.87(0) Stabilization:1 Run in:0
 0h01:18.541 2026/01/05T02:41:32z: DATA A(35),52,68,41,990.68,0.02,26352,0,78,6,7,7,6,7,7,29,29,1260,336,18,0,0,0,69.87
 0h01:19.426 2026/01/05T02:41:32z: p:990.67 gasR:1010360.12 iaq:70.92(0) T:11.57(17.18) H:68.49(47.97) sIaq:69.89(0) Stabilization:1 Run in:0
 0h01:19.447 2026/01/05T02:41:32z: DATA A(36),52,68,41,990.67,0.02,26352,0,79,7,8,8,7,8,8,33,33,1344,358,19,1,0,0,69.89
 0h01:20.426 2026/01/05T02:41:33z: p:990.67 gasR:1027081.25 iaq:70.92(0) T:11.59(17.19) H:68.46(47.96) sIaq:69.89(0) Stabilization:1 Run in:0
 0h01:21.098 2026/01/05T02:41:34z: DATA B(31),52,68,41,990.67,0.02,26352,0,81,5,7,7,5,7,7,29,29,1044,294,26,4,0,0,69.89
 0h01:21.425 2026/01/05T02:41:34z: p:990.68 gasR:1022466.31 iaq:70.92(0) T:11.60(17.20) H:68.44(47.97) sIaq:69.89(0) Stabilization:1 Run in:0
 0h01:21.931 2026/01/05T02:41:35z: DATA B(32),52,68,41,990.68,0.02,26352,0,81,5,7,7,5,7,7,29,29,1044,294,26,4,0,0,69.89
 0h01:22.426 2026/01/05T02:41:35z: p:990.66 gasR:1015621.12 iaq:70.94(0) T:11.62(17.22) H:68.35(47.93) sIaq:69.91(0) Stabilization:1 Run in:0
 0h01:22.764 2026/01/05T02:41:36z: DATA B(33),52,68,41,990.66,0.02,26352,0,82,5,7,7,5,7,7,29,29,1044,294,26,4,0,0,69.91
 0h01:23.426 2026/01/05T02:41:36z: p:990.66 gasR:1011857.69 iaq:70.96(0) T:11.63(17.23) H:68.36(47.95) sIaq:69.93(0) Stabilization:1 Run in:0
 0h01:23.667 2026/01/05T02:41:37z: DATA B(34),52,68,41,990.66,0.02,26352,0,83,5,6,7,5,6,7,25,25,1020,288,28,4,0,0,69.93
 0h01:24.426 2026/01/05T02:41:37z: p:990.66 gasR:1020937.19 iaq:70.96(0) T:11.65(17.25) H:68.29(47.93) sIaq:69.93(0) Stabilization:1 Run in:0
 0h01:24.500 2026/01/05T02:41:38z: DATA B(35),52,68,41,990.66,0.02,26168,0,84,5,6,7,5,6,7,25,25,1020,288,28,4,0,0,69.93
 0h01:25.426 2026/01/05T02:41:38z: p:990.67 gasR:1010360.12 iaq:70.98(0) T:11.66(17.26) H:68.30(47.94) sIaq:69.95(0) Stabilization:1 Run in:0
 0h01:26.267 2026/01/05T02:41:39z: DATA A(37),52,68,41,990.67,0.02,26352,0,86,7,8,8,7,8,8,33,33,1398,362,28,1,0,0,69.95
 0h01:26.425 2026/01/05T02:41:39z: p:990.66 gasR:1012608.19 iaq:71.00(0) T:11.67(17.27) H:68.32(47.95) sIaq:69.97(0) Stabilization:1 Run in:0
 0h01:27.172 2026/01/05T02:41:40z: DATA A(38),53,68,42,990.66,0.02,26352,0,87,7,8,8,7,8,8,33,33,1380,356,30,1,0,0,69.97
 0h01:27.426 2026/01/05T02:41:40z: p:990.66 gasR:1019412.62 iaq:71.01(0) T:11.68(17.28) H:68.32(47.95) sIaq:69.97(0) Stabilization:1 Run in:0
 0h01:28.007 2026/01/05T02:41:41z: DATA A(39),53,68,42,990.66,0.02,26352,0,88,7,8,8,7,8,8,33,33,1380,356,30,1,0,0,69.97
 0h01:28.425 2026/01/05T02:41:41z: p:990.65 gasR:1008867.00 iaq:71.03(0) T:11.68(17.28) H:68.33(47.93) sIaq:69.99(0) Stabilization:1 Run in:0
 0h01:28.842 2026/01/05T02:41:42z: DATA A(40),53,68,42,990.65,0.02,26352,0,88,7,8,8,7,8,8,33,33,1380,356,30,1,0,0,69.99
 0h01:29.426 2026/01/05T02:41:42z: p:990.65 gasR:1019412.62 iaq:71.03(0) T:11.69(17.29) H:68.32(47.94) sIaq:70.00(0) Stabilization:1 Run in:0
 0h01:29.747 2026/01/05T02:41:43z: DATA A(41),53,68,42,990.65,0.02,26352,0,89,6,7,7,6,7,7,29,29,1296,346,27,1,0,0,70.00
 0h01:30.426 2026/01/05T02:41:43z: p:990.66 gasR:1016377.19 iaq:71.05(0) T:11.70(17.30) H:68.34(47.94) sIaq:70.01(0) Stabilization:1 Run in:0
 0h01:31.375 2026/01/05T02:41:44z: DATA B(36),53,68,42,990.66,0.02,26352,0,91,4,6,6,4,6,6,25,25,948,264,34,1,0,0,70.01
 0h01:31.426 2026/01/05T02:41:44z: p:990.67 gasR:1024000.00 iaq:71.04(0) T:11.71(17.31) H:68.31(47.93) sIaq:70.01(0) Stabilization:1 Run in:0
 0h01:32.208 2026/01/05T02:41:45z: DATA B(37),53,68,42,990.67,0.02,26352,0,92,4,6,6,4,6,6,25,25,948,264,34,1,0,0,70.01
 0h01:32.425 2026/01/05T02:41:45z: p:990.65 gasR:1014866.19 iaq:71.06(0) T:11.72(17.32) H:68.32(47.94) sIaq:70.02(0) Stabilization:1 Run in:0
 0h01:33.041 2026/01/05T02:41:46z: DATA B(38),53,68,42,990.65,0.02,26352,0,93,4,6,6,4,6,6,25,25,948,264,34,1,0,0,70.02
 0h01:33.426 2026/01/05T02:41:46z: p:990.65 gasR:1017134.31 iaq:71.07(0) T:11.73(17.33) H:68.30(47.93) sIaq:70.03(0) Stabilization:1 Run in:0
 0h01:33.944 2026/01/05T02:41:47z: DATA B(39),53,68,42,990.65,0.02,26352,0,93,5,6,7,5,6,7,25,25,954,268,36,2,0,0,70.03
 0h01:34.426 2026/01/05T02:41:47z: p:990.67 gasR:1013359.75 iaq:71.09(0) T:11.74(17.34) H:68.30(47.93) sIaq:70.05(0) Stabilization:1 Run in:0
 0h01:34.777 2026/01/05T02:41:48z: DATA B(40),53,68,42,990.67,0.02,26352,0,94,5,6,7,5,6,7,25,25,954,268,36,2,0,0,70.05
 0h01:35.426 2026/01/05T02:41:48z: p:990.65 gasR:1016377.19 iaq:71.10(0) T:11.74(17.35) H:68.30(47.92) sIaq:70.06(0) Stabilization:1 Run in:0
 0h01:36.425 2026/01/05T02:41:49z: p:990.66 gasR:1013359.75 iaq:71.12(0) T:11.75(17.35) H:68.32(47.92) sIaq:70.08(0) Stabilization:1 Run in:0
 0h01:36.566 2026/01/05T02:41:50z: DATA A(42),53,68,42,990.66,0.02,26352,0,96,6,6,6,6,6,6,25,25,1170,312,19,1,0,0,70.08
 0h01:37.425 2026/01/05T02:41:50z: p:990.66 gasR:1021701.19 iaq:71.12(0) T:11.76(17.36) H:68.29(47.91) sIaq:70.08(0) Stabilization:1 Run in:0
 0h01:37.472 2026/01/05T02:41:50z: DATA A(43),53,68,42,990.66,0.02,26352,0,97,5,6,6,5,6,6,25,25,1128,306,19,1,0,0,70.08
 0h01:38.307 2026/01/05T02:41:51z: DATA A(44),53,68,42,990.66,0.02,26352,0,98,5,6,6,5,6,6,25,25,1128,306,19,1,0,0,70.08
 0h01:38.425 2026/01/05T02:41:51z: p:990.64 gasR:1016377.19 iaq:71.13(0) T:11.76(17.36) H:68.32(47.90) sIaq:70.09(0) Stabilization:1 Run in:0
 0h01:39.141 2026/01/05T02:41:52z: DATA A(45),53,68,42,990.64,0.02,26352,0,99,5,6,6,5,6,6,25,25,1128,306,19,1,0,0,70.09
 0h01:39.425 2026/01/05T02:41:52z: p:990.62 gasR:1017134.31 iaq:71.14(0) T:11.77(17.37) H:68.31(47.89) sIaq:70.10(0) Stabilization:1 Run in:0
 0h01:40.047 2026/01/05T02:41:53z: DATA A(46),53,68,42,990.62,0.02,26352,0,100,6,6,6,6,6,6,25,25,1146,304,19,1,0,0,70.10
 0h01:40.426 2026/01/05T02:41:53z: p:990.64 gasR:1024768.56 iaq:71.14(0) T:11.77(17.37) H:68.33(47.89) sIaq:70.10(0) Stabilization:1 Run in:0
 0h01:41.425 2026/01/05T02:41:54z: p:990.65 gasR:1022466.31 iaq:71.14(0) T:11.78(17.38) H:68.30(47.86) sIaq:70.10(0) Stabilization:1 Run in:0
 0h01:41.651 2026/01/05T02:41:55z: DATA B(41),53,68,42,990.65,0.02,26352,0,101,4,7,8,4,7,8,29,29,978,270,39,4,1,1,70.10
 0h01:42.426 2026/01/05T02:41:55z: p:990.67 gasR:1014866.19 iaq:71.16(0) T:11.78(17.38) H:68.32(47.88) sIaq:70.11(0) Stabilization:1 Run in:0
 0h01:42.484 2026/01/05T02:41:56z: DATA B(42),53,68,42,990.67,0.02,26352,0,102,4,7,8,4,7,8,29,29,978,270,39,4,1,1,70.11
 0h01:43.317 2026/01/05T02:41:56z: DATA B(43),53,68,42,990.67,0.02,26352,0,103,4,7,8,4,7,8,29,29,978,270,39,4,1,1,70.11
{"SensorId":"48:3f:da:26:d5:3c","DateTime":"2026/01/05T02:41:56z","Geo":"PurpleAir-d53c","Mem":26352,"memfrag":1,"memfb":26288,"memcs":448,"Id":1,"lat":0.000000,"lon":0.000000,"Adc":"nan","loggingrate":15,"place":"outside","version":"7.04","uptime":103,"rssi":0,"period":103,"httpsuccess":0,"httpsends":0,"hardwareversion":"3.0","hardwarediscovered":"3.0+RV3028+BME68X+PMSX003-A+PMSX003-B","current_temp_f":53,"current_humidity":68,"current_dewpoint_f":42,"pressure":990.67,"current_temp_f_680":53,"current_humidity_680":68,"current_dewpoint_f_680":42,"pressure_680":990.67,"gas_680":"nan","p25aqic_b":"rgb(32,231,0)","pm2.5_aqi_b":25,"pm1_0_cf_1_b":4.63,"p_0_3_um_b":976.47,"pm2_5_cf_1_b":6.00,"p_0_5_um_b":272.88,"pm10_0_cf_1_b":6.60,"p_1_0_um_b":28.23,"pm1_0_atm_b":4.63,"p_2_5_um_b":2.30,"pm2_5_atm_b":6.00,"p_5_0_um_b":0.51,"pm10_0_atm_b":6.60,"p_10_0_um_b":0.07,"p25aqic":"rgb(36,232,0)","pm2.5_aqi":26,"pm1_0_cf_1":5.48,"p_0_3_um":1158.91,"pm2_5_cf_1":6.30,"p_0_5_um":307.96,"pm10_0_cf_1":7.48,"p_1_0_um":27.39,"pm1_0_atm":5.48,"p_2_5_um":2.13,"pm2_5_atm":6.30,"p_5_0_um":1.70,"pm10_0_atm":7.48,"p_10_0_um":0.91,"wlstate":"No SSID","status_0":0,"status_1":0,"status_2":0,"status_3":0,"status_4":2,"status_5":2,"status_7":0,"status_8":2,"status_9":2}
 0h01:43.523 2026/01/05T02:41:57z: update.purpleair.com:80/firmware/2mb/update.asp
 0h01:43.530 2026/01/05T02:41:57z: Error: -1
1 BSEC warning code : 100

UTCDateTime,mac_address,firmware_ver,hardware,current_temp_f,current_humidity,current_dewpoint_f,pressure,adc,mem,rssi,uptime,pm1_0_cf_1,pm2_5_cf_1,pm10_0_cf_1,pm1_0_atm,pm2_5_atm,pm10_0_atm,pm2.5_aqi_cf_1,pm2.5_aqi_atm,p_0_3_um,p_0_5_um,p_1_0_um,p_2_5_um,p_5_0_um,p_10_0_um,pm1_0_cf_1_b,pm2_5_cf_1_b,pm10_0_cf_1_b,pm1_0_atm_b,pm2_5_atm_b,pm10_0_atm_b,pm2.5_aqi_cf_1_b,pm2.5_aqi_atm_b,p_0_3_um_b,p_0_5_um_b,p_1_0_um_b,p_2_5_um_b,p_5_0_um_b,p_10_0_um_b,gas
2026/01/05T02:41:57z,48:3f:da:26:d5:3c,7.04,3.0+RV3028+BME68X+PMSX003-A+PMSX003-B,53,68,42,990.67,nan,26352,0,103,5.48,6.30,7.48,5.48,6.30,7.48,26,26,1158.91,307.96,27.39,2.13,1.70,0.91,4.63,6.00,6.60,4.63,6.00,6.60,25,25,976.47,272.88,28.23,2.30,0.51,0.07,nan
1 BSEC warning code : 100

1 BSEC warning code : 100

1 BSEC warning code : 100

1 BSEC warning code : 100

1 BSEC warning code : 100

1 BSEC warning code : 100

 ets Jan  8 2013,rst cause:1, boot mode:(3,7)

load 0x4010f000, len 1384, room 16 
tail 8
chksum 0x2d
csum 0x2d
v8b899c12
~ld


7.04
 0h00:00.286 1970/01/01T08:00:00z: SPIFFS Active
 0h00:03.959 2026/01/05T07:16:36z: 48:3f:da:26:d5:3c
 0h00:03.961 2026/01/05T07:16:36z: SSID: AkgWarmer5
1 BSEC warning code : 100

1 BSEC warning code : 100

1 BSEC warning code : 100

 ets Jan  8 2013,rst cause:1, boot mode:(3,7)

load 0x4010f000, len 1384, room 16 
tail 8
chksum 0x2d
csum 0x2d
v8b899c12
~ld


7.04
 0h00:00.286 1970/01/01T08:00:00z: SPIFFS Active
 0h00:03.959 2026/01/05T07:36:17z: 48:3f:da:26:d5:3c
 0h00:03.960 2026/01/05T07:36:17z: SSID: AkgWarmer5
1 BSEC warning code : 100

 ets Jan  8 2013,rst cause:1, boot mode:(3,7)

load 0x4010f000, len 1384, room 16 
tail 8
chksum 0x2d
csum 0x2d
v8b899c12
~ld


7.04
 0h00:00.284 1970/01/01T08:00:00z: SPIFFS Active
 0h00:03.958 2026/01/05T07:55:59z: 48:3f:da:26:d5:3c
 0h00:03.959 2026/01/05T07:55:59z: SSID: AkgWarmer5
 0h00:12.121 2026/01/05T07:56:07z: PMSX003-A (1164ms)
 0h00:13.644 2026/01/05T07:56:09z: PMSX003-B (1522ms)
 0h00:13.645 2026/01/05T07:56:09z: 3.0+RV3028+BME68X+PMSX003-A+PMSX003-B
 0h00:14.661 2026/01/05T07:56:10z: p:993.14 gasR:899824.25 iaq:78.27(0) T:8.54(11.54) H:83.79(47.10) sIaq:76.88(0) Stabilization:1 Run in:0
 0h00:14.709 2026/01/05T07:56:10z: DATA A(2),47,83,42,993.14,0.02,26448,-79,14,7,9,10,7,9,10,38,38,1308,358,41,8,3,1,76.88
 0h00:15.543 2026/01/05T07:56:11z: DATA A(3),47,83,42,993.14,0.02,26448,-79,15,7,9,10,7,9,10,38,38,1308,358,41,8,3,1,76.88
 0h00:15.661 2026/01/05T07:56:11z: p:993.21 gasR:910020.00 iaq:78.27(0) T:9.17(14.77) H:80.62(47.87) sIaq:76.88(0) Stabilization:1 Run in:0
 0h00:16.449 2026/01/05T07:56:12z: DATA A(4),48,80,42,993.21,0.02,26448,-79,16,6,8,9,6,8,9,33,33,1248,348,35,5,2,0,76.88
 0h00:16.661 2026/01/05T07:56:12z: p:993.25 gasR:913062.88 iaq:78.27(0) T:9.91(15.52) H:76.26(47.99) sIaq:76.88(0) Stabilization:1 Run in:0
 0h00:17.284 2026/01/05T07:56:12z: DATA A(5),49,76,41,993.25,0.02,26352,-79,17,6,8,9,6,8,9,33,33,1248,348,35,5,2,0,76.88
 0h00:17.661 2026/01/05T07:56:13z: p:993.28 gasR:923562.56 iaq:78.27(0) T:10.24(15.85) H:74.03(47.90) sIaq:76.88(0) Stabilization:1 Run in:0
 0h00:18.118 2026/01/05T07:56:13z: DATA A(6),50,74,42,993.28,0.02,26352,-79,18,6,8,9,6,8,9,33,33,1248,348,35,5,2,0,76.88
 0h00:18.661 2026/01/05T07:56:14z: p:993.25 gasR:929219.62 iaq:78.28(0) T:10.42(16.02) H:72.53(47.70) sIaq:76.88(0) Stabilization:1 Run in:0
 0h00:19.661 2026/01/05T07:56:15z: p:993.26 gasR:933029.62 iaq:78.28(0) T:10.54(16.14) H:71.33(47.46) sIaq:76.88(0) Stabilization:1 Run in:0
 0h00:20.533 2026/01/05T07:56:16z: DATA B(2),50,71,41,993.26,0.02,26352,-80,20,5,7,7,5,7,7,29,29,1074,278,29,5,1,0,76.88
 0h00:20.661 2026/01/05T07:56:16z: p:993.26 gasR:936228.56 iaq:78.28(0) T:10.64(16.24) H:70.31(47.21) sIaq:76.88(0) Stabilization:1 Run in:0
 0h00:21.366 2026/01/05T07:56:17z: DATA B(3),51,70,41,993.26,0.02,26352,-80,21,5,7,7,5,7,7,29,29,1074,278,29,5,1,0,76.88
 0h00:21.661 2026/01/05T07:56:17z: p:993.26 gasR:936228.56 iaq:78.28(0) T:10.72(16.32) H:69.47(47.00) sIaq:76.89(0) Stabilization:1 Run in:0
 0h00:22.269 2026/01/05T07:56:17z: DATA B(4),51,69,41,993.26,0.02,26352,-80,22,4,6,7,4,6,7,25,25,960,254,28,5,1,0,76.89
 0h00:22.661 2026/01/05T07:56:18z: p:993.29 gasR:936871.00 iaq:78.28(0) T:10.80(16.40) H:68.69(46.80) sIaq:76.89(0) Stabilization:1 Run in:0
 0h00:23.102 2026/01/05T07:56:18z: DATA B(5),51,68,41,993.29,0.02,26352,-80,23,4,6,7,4,6,7,25,25,960,254,28,5,1,0,76.89
 0h00:23.661 2026/01/05T07:56:19z: p:993.27 gasR:943996.31 iaq:78.29(0) T:10.85(16.45) H:68.11(46.61) sIaq:76.89(0) Stabilization:1 Run in:0
 0h00:23.935 2026/01/05T07:56:19z: DATA B(6),51,68,40,993.27,0.02,26352,-80,23,4,6,7,4,6,7,25,25,960,254,28,5,1,0,76.89
 0h00:24.661 2026/01/05T07:56:20z: p:993.28 gasR:941392.81 iaq:78.29(0) T:10.90(16.50) H:67.56(46.45) sIaq:76.89(0) Stabilization:1 Run in:0
 0h00:25.009 2026/01/05T07:56:20z: DATA A(7),51,67,40,993.28,0.02,26352,-80,25,7,8,9,7,8,9,33,33,1296,362,35,3,2,0,76.89
 0h00:25.661 2026/01/05T07:56:21z: p:993.26 gasR:940744.12 iaq:78.30(0) T:10.95(16.56) H:67.08(46.30) sIaq:76.90(0) Stabilization:1 Run in:0
 0h00:25.844 2026/01/05T07:56:21z: DATA A(8),51,67,40,993.26,0.02,26352,-80,25,7,8,9,7,8,9,33,33,1296,362,35,3,2,0,76.90
 0h00:26.661 2026/01/05T07:56:22z: p:993.27 gasR:948587.31 iaq:78.30(0) T:11.00(16.60) H:66.69(46.19) sIaq:76.90(0) Stabilization:1 Run in:0
 0h00:26.749 2026/01/05T07:56:22z: DATA A(9),51,66,40,993.27,0.02,26352,-80,26,6,8,9,6,8,9,33,33,1302,358,33,3,2,0,76.90
 0h00:27.584 2026/01/05T07:56:23z: DATA A(10),51,66,40,993.27,0.02,26352,-80,27,6,8,9,6,8,9,33,33,1302,358,33,3,2,0,76.90
 0h00:27.661 2026/01/05T07:56:23z: p:993.26 gasR:947928.75 iaq:78.30(0) T:11.04(16.65) H:66.33(46.08) sIaq:76.91(0) Stabilization:1 Run in:0
 0h00:28.419 2026/01/05T07:56:24z: DATA A(11),51,66,40,993.26,0.02,26352,-80,28,6,8,9,6,8,9,33,33,1302,358,33,3,2,0,76.91
 0h00:28.661 2026/01/05T07:56:24z: p:993.26 gasR:952558.12 iaq:78.31(0) T:11.08(16.68) H:66.06(46.00) sIaq:76.91(0) Stabilization:1 Run in:0
 0h00:29.661 2026/01/05T07:56:25z: p:993.25 gasR:954556.06 iaq:78.31(0) T:11.12(16.72) H:65.78(45.90) sIaq:76.92(0) Stabilization:1 Run in:0
 0h00:30.661 2026/01/05T07:56:26z: p:993.25 gasR:947271.06 iaq:78.32(0) T:11.16(16.76) H:65.52(45.82) sIaq:76.92(0) Stabilization:1 Run in:0
 0h00:30.810 2026/01/05T07:56:26z: DATA B(7),52,65,40,993.25,0.02,26352,-80,30,5,6,6,5,6,6,25,25,966,264,20,1,0,0,76.92
 0h00:31.643 2026/01/05T07:56:27z: DATA B(8),52,65,40,993.25,0.02,26352,-80,31,5,6,6,5,6,6,25,25,966,264,20,1,0,0,76.92
 0h00:31.663 2026/01/05T07:56:27z: p:993.26 gasR:953889.12 iaq:78.33(0) T:11.20(16.79) H:65.26(45.75) sIaq:76.93(0) Stabilization:1 Run in:0
 0h00:32.547 2026/01/05T07:56:28z: DATA B(9),52,65,40,993.26,0.02,26352,-80,32,5,6,6,5,6,6,25,25,1014,282,22,0,0,0,76.93
 0h00:32.663 2026/01/05T07:56:28z: p:993.26 gasR:956562.38 iaq:78.33(0) T:11.21(16.81) H:65.22(45.70) sIaq:76.93(0) Stabilization:1 Run in:0
 0h00:33.380 2026/01/05T07:56:29z: DATA B(10),52,65,40,993.26,0.02,26352,-80,33,5,6,6,5,6,6,25,25,1014,282,22,0,0,0,76.93
 0h00:33.662 2026/01/05T07:56:29z: p:993.25 gasR:957904.56 iaq:78.34(0) T:11.24(16.85) H:65.01(45.63) sIaq:76.94(0) Stabilization:1 Run in:0
 0h00:34.662 2026/01/05T07:56:30z: p:993.25 gasR:959925.00 iaq:78.35(0) T:11.26(16.86) H:64.95(45.59) sIaq:76.95(0) Stabilization:1 Run in:0
 0h00:35.309 2026/01/05T07:56:30z: DATA A(12),52,64,40,993.25,0.02,26352,-80,35,6,9,10,6,9,10,38,38,1278,352,44,4,2,0,76.95
 0h00:35.662 2026/01/05T07:56:31z: p:993.26 gasR:959250.56 iaq:78.35(0) T:11.27(16.87) H:64.86(45.53) sIaq:76.95(0) Stabilization:1 Run in:0
 0h00:36.144 2026/01/05T07:56:31z: DATA A(13),52,64,40,993.26,0.02,26352,-80,36,6,9,10,6,9,10,38,38,1278,352,44,4,2,0,76.95
 0h00:36.662 2026/01/05T07:56:32z: p:993.26 gasR:959250.56 iaq:78.36(0) T:11.28(16.88) H:64.83(45.52) sIaq:76.96(0) Stabilization:1 Run in:0
 0h00:37.050 2026/01/05T07:56:32z: DATA A(14),52,64,40,993.26,0.02,26352,-80,37,6,9,9,6,9,9,38,38,1314,356,40,3,1,0,76.96
 0h00:37.663 2026/01/05T07:56:33z: p:993.25 gasR:955892.62 iaq:78.37(0) T:11.29(16.89) H:64.81(45.48) sIaq:76.97(0) Stabilization:1 Run in:0
 0h00:37.884 2026/01/05T07:56:33z: DATA A(15),52,64,40,993.25,0.02,26352,-80,37,6,9,9,6,9,9,38,38,1314,356,40,3,1,0,76.97
 0h00:38.663 2026/01/05T07:56:34z: p:993.24 gasR:961954.00 iaq:78.38(0) T:11.29(16.89) H:64.78(45.45) sIaq:76.97(0) Stabilization:1 Run in:0
 0h00:38.719 2026/01/05T07:56:34z: DATA A(16),52,64,40,993.24,0.02,26352,-80,38,6,9,9,6,9,9,38,38,1314,356,40,3,1,0,76.97
 0h00:39.662 2026/01/05T07:56:35z: p:993.27 gasR:957904.56 iaq:78.38(0) T:11.30(16.90) H:64.77(45.44) sIaq:76.98(0) Stabilization:1 Run in:0
 0h00:40.255 2026/01/05T07:56:35z: DATA B(11),52,64,40,993.27,0.02,26352,-80,40,6,7,7,6,7,7,29,29,1140,326,31,0,0,0,76.98
 0h00:40.663 2026/01/05T07:56:36z: p:993.24 gasR:955892.62 iaq:78.39(0) T:11.31(16.92) H:64.73(45.42) sIaq:76.99(0) Stabilization:1 Run in:0
 0h00:41.088 2026/01/05T07:56:36z: DATA B(12),52,64,40,993.24,0.02,26352,-80,41,6,7,7,6,7,7,29,29,1140,326,31,0,0,0,76.99
 0h00:41.663 2026/01/05T07:56:37z: p:993.26 gasR:963991.50 iaq:78.40(0) T:11.32(16.92) H:64.72(45.40) sIaq:77.00(0) Stabilization:1 Run in:0
 0h00:41.921 2026/01/05T07:56:37z: DATA B(13),52,64,40,993.26,0.02,26352,-80,41,6,7,7,6,7,7,29,29,1140,326,31,0,0,0,77.00
 0h00:42.662 2026/01/05T07:56:38z: p:993.25 gasR:957904.56 iaq:78.41(0) T:11.33(16.93) H:64.74(45.40) sIaq:77.01(0) Stabilization:1 Run in:0
 0h00:42.825 2026/01/05T07:56:38z: DATA B(14),52,64,40,993.25,0.02,26352,-80,42,6,7,7,6,7,7,29,29,1116,320,34,0,0,0,77.01
 0h00:43.658 2026/01/05T07:56:39z: DATA B(15),52,64,40,993.25,0.02,26352,-80,43,6,7,7,6,7,7,29,29,1116,320,34,0,0,0,77.01
 0h00:43.677 2026/01/05T07:56:39z: p:993.26 gasR:961954.00 iaq:78.42(0) T:11.45(16.94) H:64.23(45.38) sIaq:77.02(0) Stabilization:1 Run in:0
 0h00:44.677 2026/01/05T07:56:40z: p:993.27 gasR:961954.00 iaq:78.43(0) T:11.26(16.86) H:64.99(45.34) sIaq:77.03(0) Stabilization:1 Run in:0
 0h00:45.609 2026/01/05T07:56:41z: DATA A(17),52,64,40,993.27,0.02,26352,-80,45,6,8,8,6,8,8,33,33,1236,336,42,3,0,0,77.03
 0h00:45.677 2026/01/05T07:56:41z: p:993.26 gasR:972228.81 iaq:78.43(0) T:11.36(16.96) H:64.67(45.37) sIaq:77.03(0) Stabilization:1 Run in:0
 0h00:46.444 2026/01/05T07:56:42z: DATA A(18),52,64,40,993.26,0.02,26352,-80,46,6,8,8,6,8,8,33,33,1236,336,42,3,0,0,77.03
 0h00:46.678 2026/01/05T07:56:42z: p:993.27 gasR:962632.19 iaq:78.44(0) T:11.39(17.00) H:64.55(45.36) sIaq:77.04(0) Stabilization:1 Run in:0
 0h00:47.350 2026/01/05T07:56:43z: DATA A(19),52,64,40,993.27,0.02,26352,-80,47,6,8,8,6,8,8,33,33,1242,332,44,3,0,0,77.04
 0h00:47.678 2026/01/05T07:56:43z: p:993.27 gasR:963311.38 iaq:78.45(0) T:11.42(17.03) H:64.49(45.37) sIaq:77.05(0) Stabilization:1 Run in:0
 0h00:48.185 2026/01/05T07:56:43z: DATA A(20),52,64,40,993.27,0.02,26352,-80,48,6,8,8,6,8,8,33,33,1242,332,44,3,0,0,77.05
 0h00:48.678 2026/01/05T07:56:44z: p:993.24 gasR:971537.00 iaq:78.46(0) T:11.44(17.04) H:64.46(45.36) sIaq:77.06(0) Stabilization:1 Run in:0
 0h00:49.019 2026/01/05T07:56:44z: DATA A(21),52,64,40,993.24,0.02,26352,-80,49,6,8,8,6,8,8,33,33,1242,332,44,3,0,0,77.06
 0h00:49.677 2026/01/05T07:56:45z: p:993.26 gasR:959925.00 iaq:78.47(0) T:11.46(17.07) H:64.43(45.36) sIaq:77.07(0) Stabilization:1 Run in:0
 0h00:50.533 2026/01/05T07:56:46z: DATA B(16),52,64,40,993.26,0.02,26352,-80,50,6,7,7,6,7,7,29,29,1056,306,40,0,0,0,77.07
 0h00:50.677 2026/01/05T07:56:46z: p:993.27 gasR:961954.00 iaq:78.49(0) T:11.48(17.08) H:64.41(45.35) sIaq:77.08(0) Stabilization:1 Run in:0
 0h00:51.366 2026/01/05T07:56:47z: DATA B(17),52,64,40,993.27,0.02,26352,-80,51,6,7,7,6,7,7,29,29,1056,306,40,0,0,0,77.08
 0h00:51.677 2026/01/05T07:56:47z: p:993.26 gasR:966037.75 iaq:78.50(0) T:11.51(17.11) H:64.34(45.33) sIaq:77.09(0) Stabilization:1 Run in:0
 0h00:52.199 2026/01/05T07:56:47z: DATA B(18),52,64,40,993.26,0.02,26352,-80,52,6,7,7,6,7,7,29,29,1056,306,40,0,0,0,77.09
 0h00:52.678 2026/01/05T07:56:48z: p:993.27 gasR:961954.00 iaq:78.51(0) T:11.54(17.14) H:64.29(45.34) sIaq:77.10(0) Stabilization:1 Run in:0
 0h00:53.102 2026/01/05T07:56:48z: DATA B(19),52,64,40,993.27,0.02,26352,-80,53,6,7,7,6,7,7,29,29,1068,310,32,0,0,0,77.10
 0h00:53.677 2026/01/05T07:56:49z: p:993.27 gasR:970156.31 iaq:78.52(0) T:11.55(17.16) H:64.33(45.37) sIaq:77.11(0) Stabilization:1 Run in:0
 0h00:53.935 2026/01/05T07:56:49z: DATA B(20),52,64,40,993.27,0.02,26352,-80,53,6,7,7,6,7,7,29,29,1068,310,32,0,0,0,77.11
 0h00:54.677 2026/01/05T07:56:50z: p:993.26 gasR:961954.00 iaq:78.53(0) T:11.57(17.17) H:64.30(45.34) sIaq:77.12(0) Stabilization:1 Run in:0
 0h00:55.678 2026/01/05T07:56:51z: p:993.27 gasR:964672.62 iaq:78.54(0) T:11.58(17.18) H:64.32(45.34) sIaq:77.13(0) Stabilization:1 Run in:0
 0h00:55.910 2026/01/05T07:56:51z: DATA A(22),52,64,40,993.27,0.02,26352,-80,55,6,7,7,6,7,7,29,29,1146,310,42,3,0,0,77.13
 0h00:56.677 2026/01/05T07:56:52z: p:993.27 gasR:959250.56 iaq:78.56(0) T:11.58(17.19) H:64.34(45.33) sIaq:77.15(0) Stabilization:1 Run in:0
 0h00:56.744 2026/01/05T07:56:52z: DATA A(23),52,64,40,993.27,0.02,26352,-80,56,6,7,7,6,7,7,29,29,1146,310,42,3,0,0,77.15
 0h00:57.650 2026/01/05T07:56:53z: DATA A(24),52,64,40,993.27,0.02,26352,-80,57,5,7,7,5,7,7,29,29,1122,302,36,2,0,0,77.15
 0h00:57.677 2026/01/05T07:56:53z: p:993.26 gasR:965354.69 iaq:78.57(0) T:11.60(17.20) H:64.34(45.33) sIaq:77.16(0) Stabilization:1 Run in:0
 0h00:58.485 2026/01/05T07:56:54z: DATA A(25),52,64,40,993.26,0.02,26352,-80,58,5,7,7,5,7,7,29,29,1122,302,36,2,0,0,77.16
 0h00:58.678 2026/01/05T07:56:54z: p:993.26 gasR:963311.38 iaq:78.58(0) T:11.61(17.21) H:64.36(45.34) sIaq:77.17(0) Stabilization:1 Run in:0
 0h00:59.320 2026/01/05T07:56:54z: DATA A(26),52,64,40,993.26,0.02,26352,-80,59,5,7,7,5,7,7,29,29,1122,302,36,2,0,0,77.17
 0h00:59.678 2026/01/05T07:56:55z: p:993.26 gasR:968779.56 iaq:78.59(0) T:11.62(17.23) H:64.36(45.33) sIaq:77.18(0) Stabilization:1 Run in:0
 0h01:00.677 2026/01/05T07:56:56z: p:993.27 gasR:971537.00 iaq:78.60(0) T:11.64(17.25) H:64.34(45.34) sIaq:77.19(0) Stabilization:1 Run in:0
 0h01:00.810 2026/01/05T07:56:56z: DATA B(21),52,64,40,993.27,0.02,26352,-80,60,5,6,6,5,6,6,25,25,984,272,26,2,0,0,77.19
 0h01:01.643 2026/01/05T07:56:57z: DATA B(22),52,64,40,993.27,0.02,26352,-80,61,5,6,6,5,6,6,25,25,984,272,26,2,0,0,77.19
 0h01:01.678 2026/01/05T07:56:57z: p:993.26 gasR:964672.62 iaq:78.62(0) T:11.65(17.25) H:64.38(45.34) sIaq:77.20(0) Stabilization:1 Run in:0
 0h01:02.476 2026/01/05T07:56:58z: DATA B(23),52,64,40,993.26,0.02,26352,-80,62,5,6,6,5,6,6,25,25,984,272,26,2,0,0,77.20
 0h01:02.678 2026/01/05T07:56:58z: p:993.23 gasR:967406.69 iaq:78.63(0) T:11.66(17.26) H:64.36(45.31) sIaq:77.22(0) Stabilization:1 Run in:0
 0h01:03.380 2026/01/05T07:56:59z: DATA B(24),52,64,40,993.23,0.02,26352,-80,63,5,6,6,5,6,6,25,25,960,262,22,2,0,0,77.22
 0h01:03.677 2026/01/05T07:56:59z: p:993.26 gasR:975005.94 iaq:78.64(0) T:11.67(17.27) H:64.35(45.30) sIaq:77.22(0) Stabilization:1 Run in:0
 0h01:04.212 2026/01/05T07:56:59z: DATA B(25),53,64,41,993.26,0.02,26352,-80,64,5,6,6,5,6,6,25,25,960,262,22,2,0,0,77.22
 0h01:04.678 2026/01/05T07:57:00z: p:993.26 gasR:970846.19 iaq:78.65(0) T:11.70(17.30) H:64.29(45.29) sIaq:77.23(0) Stabilization:1 Run in:0
 0h01:05.677 2026/01/05T07:57:01z: p:993.27 gasR:968779.56 iaq:78.66(0) T:11.70(17.30) H:64.35(45.30) sIaq:77.25(0) Stabilization:1 Run in:0
 0h01:06.210 2026/01/05T07:57:01z: DATA A(27),53,64,41,993.27,0.02,26352,-80,66,6,7,7,6,7,7,29,29,1146,308,37,2,0,0,77.25
 0h01:06.678 2026/01/05T07:57:02z: p:993.27 gasR:968092.62 iaq:78.67(0) T:11.72(17.32) H:64.31(45.29) sIaq:77.26(0) Stabilization:1 Run in:0
 0h01:07.046 2026/01/05T07:57:02z: DATA A(28),53,64,41,993.27,0.02,26352,-80,67,6,7,7,6,7,7,29,29,1146,308,37,2,0,0,77.26
 0h01:07.677 2026/01/05T07:57:03z: p:993.26 gasR:966037.75 iaq:78.69(0) T:11.73(17.34) H:64.26(45.26) sIaq:77.27(0) Stabilization:1 Run in:0
 0h01:07.951 2026/01/05T07:57:03z: DATA A(29),53,64,41,993.26,0.02,26352,-80,67,6,7,9,6,7,9,29,29,1176,316,43,7,3,1,77.27
 0h01:08.677 2026/01/05T07:57:04z: p:993.27 gasR:966037.75 iaq:78.71(0) T:11.75(17.35) H:64.25(45.26) sIaq:77.29(0) Stabilization:1 Run in:0
 0h01:08.785 2026/01/05T07:57:04z: DATA A(30),53,64,41,993.27,0.02,26352,-80,68,6,7,9,6,7,9,29,29,1176,316,43,7,3,1,77.29
 0h01:09.620 2026/01/05T07:57:05z: DATA A(31),53,64,41,993.27,0.02,26352,-80,69,6,7,9,6,7,9,29,29,1176,316,43,7,3,1,77.29
 0h01:09.678 2026/01/05T07:57:05z: p:993.27 gasR:968092.62 iaq:78.72(0) T:11.77(17.37) H:64.23(45.25) sIaq:77.30(0) Stabilization:1 Run in:0
 0h01:10.677 2026/01/05T07:57:06z: p:993.27 gasR:966037.75 iaq:78.74(0) T:11.78(17.38) H:64.22(45.24) sIaq:77.32(0) Stabilization:1 Run in:0
 0h01:11.087 2026/01/05T07:57:06z: DATA B(26),53,64,41,993.27,0.02,26352,-80,71,4,6,6,4,6,6,25,25,906,246,25,3,0,0,77.32
 0h01:11.678 2026/01/05T07:57:07z: p:993.26 gasR:968779.56 iaq:78.75(0) T:11.79(17.39) H:64.25(45.26) sIaq:77.33(0) Stabilization:1 Run in:0
 0h01:11.920 2026/01/05T07:57:07z: DATA B(27),53,64,41,993.26,0.02,26352,-80,71,4,6,6,4,6,6,25,25,906,246,25,3,0,0,77.33
 0h01:12.677 2026/01/05T07:57:08z: p:993.26 gasR:970846.19 iaq:78.76(0) T:11.81(17.41) H:64.18(45.22) sIaq:77.34(0) Stabilization:1 Run in:0
 0h01:12.753 2026/01/05T07:57:08z: DATA B(28),53,64,41,993.26,0.02,26352,-80,72,4,6,6,4,6,6,25,25,906,246,25,3,0,0,77.34
 0h01:13.656 2026/01/05T07:57:09z: DATA B(29),53,64,41,993.26,0.02,26168,-80,73,4,6,6,4,6,6,25,25,882,240,25,3,0,0,77.34
 0h01:13.678 2026/01/05T07:57:09z: p:993.27 gasR:964672.62 iaq:78.78(0) T:11.83(17.43) H:64.19(45.24) sIaq:77.36(0) Stabilization:1 Run in:0
 0h01:14.489 2026/01/05T07:57:10z: DATA B(30),53,64,41,993.27,0.02,26352,-80,74,4,6,6,4,6,6,25,25,882,240,25,3,0,0,77.36
 0h01:14.677 2026/01/05T07:57:10z: p:993.26 gasR:968779.56 iaq:78.80(0) T:11.84(17.44) H:64.20(45.23) sIaq:77.38(0) Stabilization:1 Run in:0
 0h01:15.678 2026/01/05T07:57:11z: p:993.28 gasR:970156.31 iaq:78.81(0) T:11.85(17.45) H:64.18(45.21) sIaq:77.39(0) Stabilization:1 Run in:0
 0h01:16.511 2026/01/05T07:57:12z: DATA A(32),53,64,41,993.28,0.02,26352,-80,76,6,8,10,6,8,10,33,33,1224,336,47,7,3,1,77.39
 0h01:16.677 2026/01/05T07:57:12z: p:993.27 gasR:970156.31 iaq:78.83(0) T:11.85(17.45) H:64.24(45.21) sIaq:77.40(0) Stabilization:1 Run in:0
 0h01:17.345 2026/01/05T07:57:13z: DATA A(33),53,64,41,993.27,0.02,26352,-80,77,6,8,10,6,8,10,33,33,1224,336,47,7,3,1,77.40
 0h01:17.677 2026/01/05T07:57:13z: p:993.27 gasR:968779.56 iaq:78.84(0) T:11.86(17.46) H:64.21(45.20) sIaq:77.42(0) Stabilization:1 Run in:0
 0h01:18.251 2026/01/05T07:57:13z: DATA A(34),53,64,41,993.27,0.02,26352,-80,78,6,7,10,6,7,10,29,29,1200,322,45,7,3,1,77.42
 0h01:18.678 2026/01/05T07:57:14z: p:993.27 gasR:968779.56 iaq:78.86(0) T:11.86(17.47) H:64.25(45.19) sIaq:77.44(0) Stabilization:1 Run in:0
 0h01:19.086 2026/01/05T07:57:14z: DATA A(35),53,64,41,993.27,0.02,26352,-80,79,6,7,10,6,7,10,29,29,1200,322,45,7,3,1,77.44
 0h01:19.678 2026/01/05T07:57:15z: p:993.28 gasR:972228.81 iaq:78.87(0) T:11.85(17.46) H:64.33(45.19) sIaq:77.45(0) Stabilization:1 Run in:0
 0h01:19.920 2026/01/05T07:57:15z: DATA A(36),53,64,41,993.28,0.02,26352,-80,79,6,7,10,6,7,10,29,29,1200,322,45,7,3,1,77.45
 0h01:20.677 2026/01/05T07:57:16z: p:993.29 gasR:967406.69 iaq:78.89(0) T:11.86(17.46) H:64.34(45.18) sIaq:77.47(0) Stabilization:1 Run in:0
 0h01:21.365 2026/01/05T07:57:17z: DATA B(31),53,64,41,993.29,0.02,26352,-80,81,4,6,6,4,6,6,25,25,936,252,27,3,0,0,77.47
 0h01:21.677 2026/01/05T07:57:17z: p:993.28 gasR:959925.00 iaq:78.92(0) T:11.85(17.46) H:64.36(45.16) sIaq:77.49(0) Stabilization:1 Run in:0
 0h01:22.198 2026/01/05T07:57:17z: DATA B(32),53,64,41,993.28,0.02,26352,-80,82,4,6,6,4,6,6,25,25,936,252,27,3,0,0,77.49
 0h01:22.678 2026/01/05T07:57:18z: p:993.28 gasR:963311.38 iaq:78.95(0) T:11.86(17.47) H:64.34(45.15) sIaq:77.52(0) Stabilization:1 Run in:0
 0h01:23.031 2026/01/05T07:57:18z: DATA B(33),53,64,41,993.28,0.02,26352,-80,83,4,6,6,4,6,6,25,25,936,252,27,3,0,0,77.52
 0h01:23.678 2026/01/05T07:57:19z: p:993.28 gasR:967406.69 iaq:78.96(0) T:11.86(17.46) H:64.38(45.14) sIaq:77.54(0) Stabilization:1 Run in:0
 0h01:23.934 2026/01/05T07:57:19z: DATA B(34),53,64,41,993.28,0.02,26352,-80,83,5,6,6,5,6,6,25,25,966,260,27,3,0,0,77.54
 0h01:24.677 2026/01/05T07:57:20z: p:993.28 gasR:967406.69 iaq:78.98(0) T:11.85(17.46) H:64.40(45.11) sIaq:77.55(0) Stabilization:1 Run in:0
 0h01:24.767 2026/01/05T07:57:20z: DATA B(35),53,64,41,993.28,0.02,26352,-80,84,5,6,6,5,6,6,25,25,966,260,27,3,0,0,77.55
 0h01:25.677 2026/01/05T07:57:21z: p:993.27 gasR:965354.69 iaq:79.01(0) T:11.83(17.44) H:64.47(45.09) sIaq:77.57(0) Stabilization:1 Run in:0
 0h01:26.677 2026/01/05T07:57:22z: p:993.26 gasR:967406.69 iaq:79.03(0) T:11.83(17.43) H:64.46(45.06) sIaq:77.59(0) Stabilization:1 Run in:0
 0h01:26.811 2026/01/05T07:57:22z: DATA A(37),53,64,41,993.26,0.02,26352,-80,86,6,7,9,6,7,9,29,29,1134,306,37,7,3,1,77.59
 0h01:27.645 2026/01/05T07:57:23z: DATA A(38),53,64,41,993.26,0.02,26352,-80,87,6,7,9,6,7,9,29,29,1134,306,37,7,3,1,77.59
 0h01:27.677 2026/01/05T07:57:23z: p:993.28 gasR:966037.75 iaq:79.05(0) T:11.84(17.45) H:64.42(45.06) sIaq:77.61(0) Stabilization:1 Run in:0
 0h01:28.551 2026/01/05T07:57:24z: DATA A(39),53,64,41,993.28,0.02,26352,-80,88,6,7,9,6,7,9,29,29,1206,330,37,7,3,1,77.61
 0h01:28.677 2026/01/05T07:57:24z: p:993.27 gasR:970846.19 iaq:79.06(0) T:11.85(17.45) H:64.36(45.02) sIaq:77.63(0) Stabilization:1 Run in:0
 0h01:29.386 2026/01/05T07:57:25z: DATA A(40),53,64,41,993.27,0.02,26352,-80,89,6,7,9,6,7,9,29,29,1206,330,37,7,3,1,77.63
 0h01:29.678 2026/01/05T07:57:25z: p:993.27 gasR:968779.56 iaq:79.08(0) T:11.85(17.46) H:64.33(45.00) sIaq:77.64(0) Stabilization:1 Run in:0
 0h01:30.221 2026/01/05T07:57:25z: DATA A(41),53,64,41,993.27,0.02,26352,-80,90,6,7,9,6,7,9,29,29,1206,330,37,7,3,1,77.64
 0h01:30.678 2026/01/05T07:57:26z: p:993.28 gasR:970156.31 iaq:79.10(0) T:11.87(17.47) H:64.22(44.95) sIaq:77.66(0) Stabilization:1 Run in:0
 0h01:31.642 2026/01/05T07:57:27z: DATA B(36),53,64,41,993.28,0.02,25856,-80,91,5,6,6,5,6,6,25,25,948,262,27,2,0,0,77.66
 0h01:31.678 2026/01/05T07:57:27z: p:993.27 gasR:972921.62 iaq:79.11(0) T:11.87(17.47) H:64.22(44.94) sIaq:77.67(0) Stabilization:1 Run in:0
 0h01:32.475 2026/01/05T07:57:28z: DATA B(37),53,64,41,993.27,0.02,26352,-80,92,5,6,6,5,6,6,25,25,948,262,27,2,0,0,77.67
 0h01:32.678 2026/01/05T07:57:28z: p:993.26 gasR:968779.56 iaq:79.13(0) T:11.88(17.48) H:64.20(44.93) sIaq:77.69(0) Stabilization:1 Run in:0
 0h01:33.308 2026/01/05T07:57:28z: DATA B(38),53,64,41,993.26,0.02,26352,-80,93,5,6,6,5,6,6,25,25,948,262,27,2,0,0,77.69
 0h01:33.677 2026/01/05T07:57:29z: p:993.28 gasR:969467.44 iaq:79.15(0) T:11.88(17.48) H:64.21(44.93) sIaq:77.71(0) Stabilization:1 Run in:0
 0h01:34.211 2026/01/05T07:57:29z: DATA B(39),53,64,41,993.28,0.02,26168,-80,94,5,6,6,5,6,6,25,25,996,276,28,2,0,0,77.71
 0h01:34.678 2026/01/05T07:57:30z: p:993.27 gasR:970156.31 iaq:79.17(0) T:11.89(17.49) H:64.14(44.89) sIaq:77.73(0) Stabilization:1 Run in:0
 0h01:35.044 2026/01/05T07:57:30z: DATA B(40),53,64,41,993.27,0.02,26352,-80,95,5,6,6,5,6,6,25,25,996,276,28,2,0,0,77.73
 0h01:35.677 2026/01/05T07:57:31z: p:993.28 gasR:968779.56 iaq:79.19(0) T:11.89(17.49) H:64.15(44.88) sIaq:77.75(0) Stabilization:1 Run in:0
 0h01:36.677 2026/01/05T07:57:32z: p:993.28 gasR:974310.19 iaq:79.20(0) T:11.90(17.50) H:64.09(44.86) sIaq:77.76(0) Stabilization:1 Run in:0
 0h01:37.111 2026/01/05T07:57:32z: DATA A(42),53,64,41,993.28,0.02,26352,-80,97,5,6,8,5,6,8,25,25,1122,312,27,4,2,1,77.76
 0h01:37.678 2026/01/05T07:57:33z: p:993.28 gasR:968092.62 iaq:79.23(0) T:11.90(17.50) H:64.09(44.85) sIaq:77.78(0) Stabilization:1 Run in:0
 0h01:37.946 2026/01/05T07:57:33z: DATA A(43),53,64,41,993.28,0.02,26352,-80,97,5,6,8,5,6,8,25,25,1122,312,27,4,2,1,77.78
 0h01:38.677 2026/01/05T07:57:34z: p:993.25 gasR:966037.75 iaq:79.25(0) T:11.90(17.50) H:64.09(44.82) sIaq:77.81(0) Stabilization:1 Run in:0
 0h01:38.851 2026/01/05T07:57:34z: DATA A(44),53,64,41,993.25,0.02,26352,-80,98,5,6,8,5,6,8,25,25,1122,314,27,4,2,1,77.81
 0h01:39.678 2026/01/05T07:57:35z: p:993.27 gasR:968779.56 iaq:79.28(0) T:11.90(17.50) H:64.10(44.82) sIaq:77.83(0) Stabilization:1 Run in:0
 0h01:39.694 2026/01/05T07:57:35z: DATA A(45),53,64,41,993.27,0.02,26352,-80,99,5,6,8,5,6,8,25,25,1122,314,27,4,2,1,77.83
 0h01:40.677 2026/01/05T07:57:36z: p:993.28 gasR:976400.50 iaq:79.29(0) T:11.89(17.49) H:64.11(44.80) sIaq:77.84(0) Stabilization:1 Run in:0
 0h01:41.678 2026/01/05T07:57:37z: p:993.28 gasR:967406.69 iaq:79.31(0) T:11.88(17.48) H:64.15(44.78) sIaq:77.87(0) Stabilization:1 Run in:0
 0h01:41.919 2026/01/05T07:57:37z: DATA B(41),53,64,41,993.28,0.02,26352,-80,101,6,7,7,6,7,7,29,29,1092,308,34,4,0,0,77.87
 0h01:42.678 2026/01/05T07:57:38z: p:993.27 gasR:972921.62 iaq:79.33(0) T:11.87(17.47) H:64.16(44.75) sIaq:77.88(0) Stabilization:1 Run in:0
 0h01:42.752 2026/01/05T07:57:38z: DATA B(42),53,64,41,993.27,0.02,26352,-80,102,6,7,7,6,7,7,29,29,1092,308,34,4,0,0,77.88
 0h01:43.585 2026/01/05T07:57:39z: DATA B(43),53,64,41,993.27,0.02,26352,-80,103,6,7,7,6,7,7,29,29,1092,308,34,4,0,0,77.88
{"SensorId":"48:3f:da:26:d5:3c","DateTime":"2026/01/05T07:57:39z","Geo":"PurpleAir-d53c","Mem":26352,"memfrag":2,"memfb":25968,"memcs":800,"Id":1,"lat":0.000000,"lon":0.000000,"Adc":"nan","loggingrate":15,"place":"outside","version":"7.04","uptime":103,"rssi":-80,"period":103,"httpsuccess":0,"httpsends":0,"hardwareversion":"3.0","hardwarediscovered":"3.0+RV3028+BME68X+PMSX003-A+PMSX003-B","current_temp_f":53,"current_humidity":64,"current_dewpoint_f":41,"pressure":993.27,"current_temp_f_680":53,"current_humidity_680":64,"current_dewpoint_f_680":41,"pressure_680":993.27,"gas_680":"nan","p25aqic_b":"rgb(40,232,0)","pm2.5_aqi_b":27,"pm1_0_cf_1_b":5.02,"p_0_3_um_b":1003.12,"pm2_5_cf_1_b":6.40,"p_0_5_um_b":277.40,"pm10_0_cf_1_b":6.49,"p_1_0_um_b":28.77,"pm1_0_atm_b":5.02,"p_2_5_um_b":2.28,"pm2_5_atm_b":6.40,"p_5_0_um_b":0.16,"pm10_0_atm_b":6.49,"p_10_0_um_b":0.00,"p25aqic":"rgb(67,235,0)","pm2.5_aqi":32,"pm1_0_cf_1":5.96,"p_0_3_um":1218.40,"pm2_5_cf_1":7.60,"p_0_5_um":332.40,"pm10_0_cf_1":8.71,"p_1_0_um":38.71,"pm1_0_atm":5.96,"p_2_5_um":4.64,"pm2_5_atm":7.60,"p_5_0_um":1.73,"pm10_0_atm":8.71,"p_10_0_um":0.44,"wlstate":"Failed","status_0":0,"status_1":0,"status_2":0,"status_3":0,"status_4":2,"status_5":2,"status_7":0,"status_8":2,"status_9":2}
 0h01:43.786 2026/01/05T07:57:39z: update.purpleair.com:80/firmware/2mb/update.asp
 0h01:43.793 2026/01/05T07:57:39z: Error: -1
1 BSEC warning code : 100

UTCDateTime,mac_address,firmware_ver,hardware,current_temp_f,current_humidity,current_dewpoint_f,pressure,adc,mem,rssi,uptime,pm1_0_cf_1,pm2_5_cf_1,pm10_0_cf_1,pm1_0_atm,pm2_5_atm,pm10_0_atm,pm2.5_aqi_cf_1,pm2.5_aqi_atm,p_0_3_um,p_0_5_um,p_1_0_um,p_2_5_um,p_5_0_um,p_10_0_um,pm1_0_cf_1_b,pm2_5_cf_1_b,pm10_0_cf_1_b,pm1_0_atm_b,pm2_5_atm_b,pm10_0_atm_b,pm2.5_aqi_cf_1_b,pm2.5_aqi_atm_b,p_0_3_um_b,p_0_5_um_b,p_1_0_um_b,p_2_5_um_b,p_5_0_um_b,p_10_0_um_b,gas
2026/01/05T07:57:39z,48:3f:da:26:d5:3c,7.04,3.0+RV3028+BME68X+PMSX003-A+PMSX003-B,53,64,41,993.27,nan,26352,-80,103,5.96,7.60,8.71,5.96,7.60,8.71,32,32,1218.40,332.40,38.71,4.64,1.73,0.44,5.02,6.40,6.49,5.02,6.40,6.49,27,27,1003.12,277.40,28.77,2.28,0.16,0.00,nan