
1 BSEC warning code : 100

1 BSEC warning code : 100

1 BSEC warning code : 100

 ets Jan  8 2013,rst cause:1, boot mode:(3,7)

load 0x4010f000, len 1384, room 16 
tail 8
chksum 0x2d
csum 0x2d
v8b899c12
~ld


7.04
 0h00:00.282 1970/01/01T08:00:00z: SPIFFS Active
 0h00:03.956 2024/12/24T00:10:45z: 48:3f:da:26:d5:2a
 0h00:03.957 2024/12/24T00:10:45z: SSID: VALIS
1 BSEC warning code : 100

1 BSEC warning code : 100

1 BSEC warning code : 100

 ets Jan  8 2013,rst cause:1, boot mode:(3,7)

load 0x4010f000, len 1384, room 16 
tail 8
chksum 0x2d
csum 0x2d
v8b899c12
~ld


7.04
 0h00:00.279 1970/01/01T08:00:00z: SPIFFS Active
 0h00:03.953 2024/12/24T00:30:27z: 48:3f:da:26:d5:2a
 0h00:03.954 2024/12/24T00:30:27z: SSID: VALIS
1 BSEC warning code : 100

1 BSEC warning code : 100

1 BSEC warning code : 100

 ets Jan  8 2013,rst cause:1, boot mode:(3,7)

load 0x4010f000, len 1384, room 16 
tail 8
chksum 0x2d
csum 0x2d
v8b899c12
~ld


7.04
 0h00:00.277 1970/01/01T08:00:00z: SPIFFS Active
 0h00:03.951 2024/12/24T00:50:09z: 48:3f:da:26:d5:2a
 0h00:03.953 2024/12/24T00:50:09z: SSID: VALIS
1 BSEC warning code : 100

1 BSEC warning code : 100

1 BSEC warning code : 100

 ets Jan  8 2013,rst cause:1, boot mode:(3,7)

load 0x4010f000, len 1384, room 16 
tail 8
chksum 0x2d
csum 0x2d
v8b899c12
~ld


7.04
 0h00:00.278 1970/01/01T08:00:00z: SPIFFS Active
 0h00:03.952 2024/12/24T01:09:51z: 48:3f:da:26:d5:2a
 0h00:03.953 2024/12/24T01:09:51z: SSID: VALIS
1 BSEC warning code : 100

1 BSEC warning code : 100

 ets Jan  8 2013,rst cause:1, boot mode:(3,7)

load 0x4010f000, len 1384, room 16 
tail 8
chksum 0x2d
csum 0x2d
v8b899c12
~ld


7.04
 0h00:00.282 1970/01/01T08:00:00z: SPIFFS Active
 0h00:03.956 2024/12/24T01:29:33z: 48:3f:da:26:d5:2a
 0h00:03.957 2024/12/24T01:29:33z: SSID: VALIS
1 BSEC warning code : 100

1 BSEC warning code : 100

 ets Jan  8 2013,rst cause:1, boot mode:(3,7)

load 0x4010f000, len 1384, room 16 
tail 8
chksum 0x2d
csum 0x2d
v8b899c12
~ld


7.04
 0h00:00.281 1970/01/01T08:00:00z: SPIFFS Active
 0h00:03.954 2024/12/24T01:49:15z: 48:3f:da:26:d5:2a
 0h00:03.956 2024/12/24T01:49:15z: SSID: VALIS
1 BSEC warning code : 100

1 BSEC warning code : 100

1 BSEC warning code : 100

 ets Jan  8 2013,rst cause:1, boot mode:(3,7)

load 0x4010f000, len 1384, room 16 
tail 8
chksum 0x2d
csum 0x2d
v8b899c12
~ld


7.04
 0h00:00.277 1970/01/01T08:00:00z: SPIFFS Active
 0h00:03.951 2024/12/24T02:08:56z: 48:3f:da:26:d5:2a
 0h00:03.953 2024/12/24T02:08:56z: SSID: VALIS
1 BSEC warning code : 100

1 BSEC warning code : 100

1 BSEC warning code : 100

 ets Jan  8 2013,rst cause:1, boot mode:(3,7)

load 0x4010f000, len 1384, room 16 
tail 8
chksum 0x2d
csum 0x2d
v8b899c12
~ld


7.04
 0h00:00.279 1970/01/01T08:00:00z: SPIFFS Active
 0h00:03.953 2024/12/24T02:28:37z: 48:3f:da:26:d5:2a
 0h00:03.954 2024/12/24T02:28:37z: SSID: VALIS
1 BSEC warning code : 100

1 BSEC warning code : 100

1 BSEC warning code : 100

 ets Jan  8 2013,rst cause:1, boot mode:(3,7)

load 0x4010f000, len 1384, room 16 
tail 8
chksum 0x2d
csum 0x2d
v8b899c12
~ld


7.04
 0h00:00.273 1970/01/01T08:00:00z: SPIFFS Active
 0h00:03.947 2024/12/24T02:48:19z: 48:3f:da:26:d5:2a
 0h00:03.949 2024/12/24T02:48:19z: SSID: VALIS
1 BSEC warning code : 100

1 BSEC warning code : 100

1 BSEC warning code : 100

 ets Jan  8 2013,rst cause:1, boot mode:(3,7)

load 0x4010f000, len 1384, room 16 
tail 8
chksum 0x2d
csum 0x2d
v8b899c12
~ld


7.04
 0h00:00.284 1970/01/01T08:00:00z: SPIFFS Active
 0h00:03.958 2024/12/24T03:08:00z: 48:3f:da:26:d5:2a
 0h00:03.960 2024/12/24T03:08:00z: SSID: VALIS
1 BSEC warning code : 100

1 BSEC warning code : 100

1 BSEC warning code : 100

 ets Jan  8 2013,rst cause:1, boot mode:(3,7)

load 0x4010f000, len 1384, room 16 
tail 8
chksum 0x2d
csum 0x2d
v8b899c12
~ld


7.04
 0h00:00.281 1970/01/01T08:00:00z: SPIFFS Active
 0h00:03.955 2024/12/24T03:27:43z: 48:3f:da:26:d5:2a
 0h00:03.956 2024/12/24T03:27:43z: SSID: VALIS
1 BSEC warning code : 100

1 BSEC warning code : 100

1 BSEC warning code : 100

 ets Jan  8 2013,rst cause:1, boot mode:(3,7)

load 0x4010f000, len 1384, room 16 
tail 8
chksum 0x2d
csum 0x2d
v8b899c12
~ld


7.04
 0h00:00.278 1970/01/01T08:00:00z: SPIFFS Active
 0h00:03.952 2024/12/24T03:47:25z: 48:3f:da:26:d5:2a
 0h00:03.954 2024/12/24T03:47:25z: SSID: VALIS
1 BSEC warning code : 100

 ets Jan  8 2013,rst cause:1, boot mode:(3,7)

load 0x4010f000, len 1384, room 16 
tail 8
chksum 0x2d
csum 0x2d
v8b899c12
~ld


7.04
 0h00:00.281 1970/01/01T08:00:00z: SPIFFS Active
 0h00:03.955 2024/12/24T04:07:07z: 48:3f:da:26:d5:2a
 0h00:03.956 2024/12/24T04:07:07z: SSID: VALIS
1 BSEC warning code : 100

 ets Jan  8 2013,rst cause:1, boot mode:(3,7)

load 0x4010f000, len 1384, room 16 
tail 8
chksum 0x2d
csum 0x2d
v8b899c12
~ld


7.04
 0h00:00.281 1970/01/01T08:00:00z: SPIFFS Active
 0h00:03.955 2024/12/24T04:26:48z: 48:3f:da:26:d5:2a
 0h00:03.957 2024/12/24T04:26:48z: SSID: VALIS
1 BSEC warning code : 100

 ets Jan  8 2013,rst cause:1, boot mode:(3,7)

load 0x4010f000, len 1384, room 16 
tail 8
chksum 0x2d
csum 0x2d
v8b899c12
~ld


7.04
 0h00:00.280 1970/01/01T08:00:00z: SPIFFS Active
 0h00:03.954 2024/12/24T04:46:30z: 48:3f:da:26:d5:2a
 0h00:03.956 2024/12/24T04:46:30z: SSID: VALIS
1 BSEC warning code : 100

1 BSEC warning code : 100

1 BSEC warning code : 100

 ets Jan  8 2013,rst cause:1, boot mode:(3,7)

load 0x4010f000, len 1384, room 16 
tail 8
chksum 0x2d
csum 0x2d
v8b899c12
~ld


7.04
 0h00:00.278 1970/01/01T08:00:00z: SPIFFS Active
 0h00:03.953 2024/12/24T05:06:13z: 48:3f:da:26:d5:2a
 0h00:03.954 2024/12/24T05:06:13z: SSID: VALIS
1 BSEC warning code : 100

1 BSEC warning code : 100

1 BSEC warning code : 100

 ets Jan  8 2013,rst cause:1, boot mode:(3,7)

load 0x4010f000, len 1384, room 16 
tail 8
chksum 0x2d
csum 0x2d
v8b899c12
~ld


7.04
 0h00:00.280 1970/01/01T08:00:00z: SPIFFS Active
 0h00:03.954 2024/12/24T05:25:55z: 48:3f:da:26:d5:2a
 0h00:03.956 2024/12/24T05:25:55z: SSID: VALIS
1 BSEC warning code : 100

1 BSEC warning code : 100

 ets Jan  8 2013,rst cause:1, boot mode:(3,7)

load 0x4010f000, len 1384, room 16 
tail 8
chksum 0x2d
csum 0x2d
v8b899c12
~ld


7.04
 0h00:00.281 1970/01/01T08:00:00z: SPIFFS Active
 0h00:03.956 2024/12/24T05:45:37z: 48:3f:da:26:d5:2a
 0h00:03.957 2024/12/24T05:45:37z: SSID: VALIS
1 BSEC warning code : 100

 ets Jan  8 2013,rst cause:1, boot mode:(3,7)

load 0x4010f000, len 1384, room 16 
tail 8
chksum 0x2d
csum 0x2d
v8b899c12
~ld


7.04
 0h00:00.275 1970/01/01T08:00:00z: SPIFFS Active
 0h00:03.949 2024/12/24T06:05:19z: 48:3f:da:26:d5:2a
 0h00:03.950 2024/12/24T06:05:19z: SSID: VALIS
1 BSEC warning code : 100

1 BSEC warning code : 100

1 BSEC warning code : 100

 ets Jan  8 2013,rst cause:1, boot mode:(3,7)

load 0x4010f000, len 1384, room 16 
tail 8
chksum 0x2d
csum 0x2d
v8b899c12
~ld


7.04
 0h00:00.277 1970/01/01T08:00:00z: SPIFFS Active
 0h00:03.952 2024/12/24T06:25:00z: 48:3f:da:26:d5:2a
 0h00:03.953 2024/12/24T06:25:00z: SSID: VALIS
1 BSEC warning code : 100

1 BSEC warning code : 100

1 BSEC warning code : 100

 ets Jan  8 2013,rst cause:1, boot mode:(3,7)

load 0x4010f000, len 1384, room 16 
tail 8
chksum 0x2d
csum 0x2d
v8b899c12
~ld


7.04
 0h00:00.275 1970/01/01T08:00:00z: SPIFFS Active
 0h00:03.949 2024/12/24T06:44:42z: 48:3f:da:26:d5:2a
 0h00:03.951 2024/12/24T06:44:42z: SSID: VALIS
1 BSEC warning code : 100

 ets Jan  8 2013,rst cause:1, boot mode:(3,7)

load 0x4010f000, len 1384, room 16 
tail 8
chksum 0x2d
csum 0x2d
v8b899c12
~ld


7.04
 0h00:00.279 1970/01/01T08:00:00z: SPIFFS Active
 0h00:03.954 2024/12/24T07:04:23z: 48:3f:da:26:d5:2a
 0h00:03.955 2024/12/24T07:04:23z: SSID: VALIS
1 BSEC warning code : 100

 ets Jan  8 2013,rst cause:1, boot mode:(3,7)

load 0x4010f000, len 1384, room 16 
tail 8
chksum 0x2d
csum 0x2d
v8b899c12
~ld


7.04
 0h00:00.281 1970/01/01T08:00:00z: SPIFFS Active
 0h00:03.955 2024/12/24T07:24:06z: 48:3f:da:26:d5:2a
 0h00:03.957 2024/12/24T07:24:06z: SSID: VALIS
1 BSEC warning code : 100

1 BSEC warning code : 100

1 BSEC warning code : 100

 ets Jan  8 2013,rst cause:1, boot mode:(3,7)

load 0x4010f000, len 1384, room 16 
tail 8
chksum 0x2d
csum 0x2d
v8b899c12
~ld


7.04
 0h00:00.279 1970/01/01T08:00:00z: SPIFFS Active
 0h00:03.954 2024/12/24T07:43:48z: 48:3f:da:26:d5:2a
 0h00:03.955 2024/12/24T07:43:48z: SSID: VALIS
1 BSEC warning code : 100

 ets Jan  8 2013,rst cause:1, boot mode:(3,7)

load 0x4010f000, len 1384, room 16 
tail 8
chksum 0x2d
csum 0x2d
v8b899c12
~ld


7.04
 0h00:00.271 1970/01/01T08:00:00z: SPIFFS Active
 0h00:03.945 2024/12/24T08:03:31z: 48:3f:da:26:d5:2a
 0h00:03.947 2024/12/24T08:03:31z: SSID: VALIS
1 BSEC warning code : 100

1 BSEC warning code : 100

1 BSEC warning code : 100

 ets Jan  8 2013,rst cause:1, boot mode:(3,7)

load 0x4010f000, len 1384, room 16 
tail 8
chksum 0x2d
csum 0x2d
v8b899c12
~ld


7.04
 0h00:00.282 1970/01/01T08:00:00z: SPIFFS Active
 0h00:03.956 2024/12/24T08:23:13z: 48:3f:da:26:d5:2a
 0h00:03.958 2024/12/24T08:23:13z: SSID: VALIS
1 BSEC warning code : 100

1 BSEC warning code : 100

1 BSEC warning code : 100

 ets Jan  8 2013,rst cause:1, boot mode:(3,7)

load 0x4010f000, len 1384, room 16 
tail 8
chksum 0x2d
csum 0x2d
v8b899c12
~ld


7.04
 0h00:00.281 1970/01/01T08:00:00z: SPIFFS Active
 0h00:03.955 2024/12/24T08:42:55z: 48:3f:da:26:d5:2a
 0h00:03.957 2024/12/24T08:42:55z: SSID: VALIS
1 BSEC warning code : 100

 ets Jan  8 2013,rst cause:1, boot mode:(3,7)

load 0x4010f000, len 1384, room 16 
tail 8
chksum 0x2d
csum 0x2d
v8b899c12
~ld


7.04
 0h00:00.277 1970/01/01T08:00:00z: SPIFFS Active
 0h00:03.951 2024/12/24T09:02:38z: 48:3f:da:26:d5:2a
 0h00:03.953 2024/12/24T09:02:38z: SSID: VALIS
1 BSEC warning code : 100

1 BSEC warning code : 100

1 BSEC warning code : 100

 ets Jan  8 2013,rst cause:1, boot mode:(3,7)

load 0x4010f000, len 1384, room 16 
tail 8
chksum 0x2d
csum 0x2d
v8b899c12
~ld


7.04
 0h00:00.275 1970/01/01T08:00:00z: SPIFFS Active
 0h00:03.949 2024/12/24T09:22:20z: 48:3f:da:26:d5:2a
 0h00:03.950 2024/12/24T09:22:20z: SSID: VALIS
1 BSEC warning code : 100

1 BSEC warning code : 100

1 BSEC warning code : 100

 ets Jan  8 2013,rst cause:1, boot mode:(3,7)

load 0x4010f000, len 1384, room 16 
tail 8
chksum 0x2d
csum 0x2d
v8b899c12
~ld


7.04
 0h00:00.278 1970/01/01T08:00:00z: SPIFFS Active
 0h00:03.952 2024/12/24T09:42:01z: 48:3f:da:26:d5:2a
 0h00:03.954 2024/12/24T09:42:01z: SSID: VALIS
1 BSEC warning code : 100

 ets Jan  8 2013,rst cause:1, boot mode:(3,7)

load 0x4010f000, len 1384, room 16 
tail 8
chksum 0x2d
csum 0x2d
v8b899c12
~ld


7.04
 0h00:00.279 1970/01/01T08:00:00z: SPIFFS Active
 0h00:03.953 2024/12/24T10:01:43z: 48:3f:da:26:d5:2a
 0h00:03.955 2024/12/24T10:01:43z: SSID: VALIS
1 BSEC warning code : 100

1 BSEC warning code : 100

 ets Jan  8 2013,rst cause:1, boot mode:(3,7)

load 0x4010f000, len 1384, room 16 
tail 8
chksum 0x2d
csum 0x2d
v8b899c12
~ld


7.04
 0h00:00.280 1970/01/01T08:00:00z: SPIFFS Active
 0h00:03.955 2024/12/24T10:21:25z: 48:3f:da:26:d5:2a
 0h00:03.956 2024/12/24T10:21:25z: SSID: VALIS
1 BSEC warning code : 100

1 BSEC warning code : 100

1 BSEC warning code : 100

 ets Jan  8 2013,rst cause:1, boot mode:(3,7)

load 0x4010f000, len 1384, room 16 
tail 8
chksum 0x2d
csum 0x2d
v8b899c12
~ld


7.04
 0h00:00.281 1970/01/01T08:00:00z: SPIFFS Active
 0h00:03.955 2024/12/24T10:41:07z: 48:3f:da:26:d5:2a
 0h00:03.957 2024/12/24T10:41:07z: SSID: VALIS
1 BSEC warning code : 100

1 BSEC warning code : 100

1 BSEC warning code : 100

 ets Jan  8 2013,rst cause:1, boot mode:(3,7)

load 0x4010f000, len 1384, room 16 
tail 8
chksum 0x2d
csum 0x2d
v8b899c12
~ld


7.04
 0h00:00.273 1970/01/01T08:00:00z: SPIFFS Active
 0h00:03.948 2024/12/24T11:00:49z: 48:3f:da:26:d5:2a
 0h00:03.949 2024/12/24T11:00:49z: SSID: VALIS
1 BSEC warning code : 100

1 BSEC warning code : 100

 ets Jan  8 2013,rst cause:1, boot mode:(3,7)

load 0x4010f000, len 1384, room 16 
tail 8
chksum 0x2d
csum 0x2d
v8b899c12
~ld


7.04
 0h00:00.279 1970/01/01T08:00:00z: SPIFFS Active
 0h00:03.954 2024/12/24T11:20:32z: 48:3f:da:26:d5:2a
 0h00:03.955 2024/12/24T11:20:32z: SSID: VALIS
1 BSEC warning code : 100

 ets Jan  8 2013,rst cause:1, boot mode:(3,7)

load 0x4010f000, len 1384, room 16 
tail 8
chksum 0x2d
csum 0x2d
v8b899c12
~ld


7.04
 0h00:00.278 1970/01/01T08:00:00z: SPIFFS Active
 0h00:03.952 2024/12/24T11:40:14z: 48:3f:da:26:d5:2a
 0h00:03.954 2024/12/24T11:40:14z: SSID: VALIS
1 BSEC warning code : 100

 ets Jan  8 2013,rst cause:1, boot mode:(3,7)

load 0x4010f000, len 1384, room 16 
tail 8
chksum 0x2d
csum 0x2d
v8b899c12
~ld


7.04
 0h00:00.278 1970/01/01T08:00:00z: SPIFFS Active
 0h00:03.953 2024/12/24T11:59:57z: 48:3f:da:26:d5:2a
 0h00:03.954 2024/12/24T11:59:57z: SSID: VALIS
1 BSEC warning code : 100

1 BSEC warning code : 100

1 BSEC warning code : 100

 ets Jan  8 2013,rst cause:1, boot mode:(3,7)

load 0x4010f000, len 1384, room 16 
tail 8
chksum 0x2d
csum 0x2d
v8b899c12
~ld


7.04
 0h00:00.278 1970/01/01T08:00:00z: SPIFFS Active
 0h00:03.953 2024/12/24T12:19:39z: 48:3f:da:26:d5:2a
 0h00:03.954 2024/12/24T12:19:39z: SSID: VALIS
1 BSEC warning code : 100

1 BSEC warning code : 100

1 BSEC warning code : 100

 ets Jan  8 2013,rst cause:1, boot mode:(3,7)

load 0x4010f000, len 1384, room 16 
tail 8
chksum 0x2d
csum 0x2d
v8b899c12
~ld


7.04
 0h00:00.281 1970/01/01T08:00:00z: SPIFFS Active
 0h00:03.955 2024/12/24T12:39:21z: 48:3f:da:26:d5:2a
 0h00:03.957 2024/12/24T12:39:21z: SSID: VALIS
1 BSEC warning code : 100

 ets Jan  8 2013,rst cause:1, boot mode:(3,7)

load 0x4010f000, len 1384, room 16 
tail 8
chksum 0x2d
csum 0x2d
v8b899c12
~ld


7.04
 0h00:00.278 1970/01/01T08:00:00z: SPIFFS Active
 0h00:03.952 2024/12/24T12:59:03z: 48:3f:da:26:d5:2a
 0h00:03.954 2024/12/24T12:59:03z: SSID: VALIS
1 BSEC warning code : 100

 ets Jan  8 2013,rst cause:1, boot mode:(3,7)

load 0x4010f000, len 1384, room 16 
tail 8
chksum 0x2d
csum 0x2d
v8b899c12
~ld


7.04
 0h00:00.277 1970/01/01T08:00:00z: SPIFFS Active
 0h00:03.951 2024/12/24T13:18:45z: 48:3f:da:26:d5:2a
 0h00:03.953 2024/12/24T13:18:45z: SSID: VALIS
1 BSEC warning code : 100

1 BSEC warning code : 100

1 BSEC warning code : 100

 ets Jan  8 2013,rst cause:1, boot mode:(3,7)

load 0x4010f000, len 1384, room 16 
tail 8
chksum 0x2d
csum 0x2d
v8b899c12
~ld


7.04
 0h00:00.276 1970/01/01T08:00:00z: SPIFFS Active
 0h00:03.951 2024/12/24T13:38:28z: 48:3f:da:26:d5:2a
 0h00:03.952 2024/12/24T13:38:28z: SSID: VALIS
1 BSEC warning code : 100

1 BSEC warning code : 100

1 BSEC warning code : 100

 ets Jan  8 2013,rst cause:1, boot mode:(3,7)

load 0x4010f000, len 1384, room 16 
tail 8
chksum 0x2d
csum 0x2d
v8b899c12
~ld


7.04
 0h00:00.281 1970/01/01T08:00:00z: SPIFFS Active
 0h00:03.955 2024/12/24T13:58:10z: 48:3f:da:26:d5:2a
 0h00:03.957 2024/12/24T13:58:10z: SSID: VALIS
1 BSEC warning code : 100

1 BSEC warning code : 100

1 BSEC warning code : 100

 ets Jan  8 2013,rst cause:1, boot mode:(3,7)

load 0x4010f000, len 1384, room 16 
tail 8
chksum 0x2d
csum 0x2d
v8b899c12
~ld


7.04
 0h00:00.280 1970/01/01T08:00:00z: SPIFFS Active
 0h00:03.955 2024/12/24T14:17:52z: 48:3f:da:26:d5:2a
 0h00:03.957 2024/12/24T14:17:52z: SSID: VALIS
1 BSEC warning code : 100

1 BSEC warning code : 100

1 BSEC warning code : 100

 ets Jan  8 2013,rst cause:1, boot mode:(3,7)

load 0x4010f000, len 1384, room 16 
tail 8
chksum 0x2d
csum 0x2d
v8b899c12
~ld


7.04
 0h00:00.282 1970/01/01T08:00:00z: SPIFFS Active
 0h00:03.957 2024/12/24T14:37:33z: 48:3f:da:26:d5:2a
 0h00:03.959 2024/12/24T14:37:33z: SSID: VALIS
1 BSEC warning code : 100

1 BSEC warning code : 100

1 BSEC warning code : 100

 ets Jan  8 2013,rst cause:1, boot mode:(3,7)

load 0x4010f000, len 1384, room 16 
tail 8
chksum 0x2d
csum 0x2d
v8b899c12
~ld


7.04
 0h00:00.282 1970/01/01T08:00:00z: SPIFFS Active
 0h00:03.957 2024/12/24T14:57:15z: 48:3f:da:26:d5:2a
 0h00:03.958 2024/12/24T14:57:15z: SSID: VALIS
1 BSEC warning code : 100

1 BSEC warning code : 100

1 BSEC warning code : 100

 ets Jan  8 2013,rst cause:1, boot mode:(3,7)

load 0x4010f000, len 1384, room 16 
tail 8
chksum 0x2d
csum 0x2d
v8b899c12
~ld


7.04
 0h00:00.282 1970/01/01T08:00:00z: SPIFFS Active
 0h00:03.957 2024/12/24T15:16:57z: 48:3f:da:26:d5:2a
 0h00:03.958 2024/12/24T15:16:57z: SSID: VALIS
1 BSEC warning code : 100

 ets Jan  8 2013,rst cause:1, boot mode:(3,7)

load 0x4010f000, len 1384, room 16 
tail 8
chksum 0x2d
csum 0x2d
v8b899c12
~ld


7.04
 0h00:00.278 1970/01/01T08:00:00z: SPIFFS Active
 0h00:03.953 2024/12/24T15:36:39z: 48:3f:da:26:d5:2a
 0h00:03.954 2024/12/24T15:36:39z: SSID: VALIS
1 BSEC warning code : 100

1 BSEC warning code : 100

 ets Jan  8 2013,rst cause:1, boot mode:(3,7)

load 0x4010f000, len 1384, room 16 
tail 8
chksum 0x2d
csum 0x2d
v8b899c12
~ld


7.04
 0h00:00.275 1970/01/01T08:00:00z: SPIFFS Active
 0h00:03.949 2024/12/24T15:56:22z: 48:3f:da:26:d5:2a
 0h00:03.951 2024/12/24T15:56:22z: SSID: VALIS
1 BSEC warning code : 100

 ets Jan  8 2013,rst cause:1, boot mode:(3,7)

load 0x4010f000, len 1384, room 16 
tail 8
chksum 0x2d
csum 0x2d
v8b899c12
~ld


7.04
 0h00:00.280 1970/01/01T08:00:00z: SPIFFS Active
 0h00:03.953 2024/12/24T16:16:05z: 48:3f:da:26:d5:2a
 0h00:03.954 2024/12/24T16:16:05z: SSID: VALIS
1 BSEC warning code : 100

 ets Jan  8 2013,rst cause:1, boot mode:(3,7)

load 0x4010f000, len 1384, room 16 
tail 8
chksum 0x2d
csum 0x2d
v8b899c12
~ld


7.04
 0h00:00.281 1970/01/01T08:00:00z: SPIFFS Active
 0h00:03.954 2024/12/24T16:35:47z: 48:3f:da:26:d5:2a
 0h00:03.955 2024/12/24T16:35:47z: SSID: VALIS
1 BSEC warning code : 100

1 BSEC warning code : 100

1 BSEC warning code : 100

 ets Jan  8 2013,rst cause:1, boot mode:(3,7)

load 0x4010f000, len 1384, room 16 
tail 8
chksum 0x2d
csum 0x2d
v8b899c12
~ld


7.04
 0h00:00.280 1970/01/01T08:00:00z: SPIFFS Active
 0h00:03.953 2024/12/24T16:55:29z: 48:3f:da:26:d5:2a
 0h00:03.955 2024/12/24T16:55:29z: SSID: VALIS
1 BSEC warning code : 100

1 BSEC warning code : 100

 ets Jan  8 2013,rst cause:1, boot mode:(3,7)

load 0x4010f000, len 1384, room 16 
tail 8
chksum 0x2d
csum 0x2d
v8b899c12
~ld


7.04
 0h00:00.276 1970/01/01T08:00:00z: SPIFFS Active
 0h00:03.949 2024/12/24T17:15:10z: 48:3f:da:26:d5:2a
 0h00:03.951 2024/12/24T17:15:10z: SSID: VALIS
1 BSEC warning code : 100

 ets Jan  8 2013,rst cause:1, boot mode:(3,7)

load 0x4010f000, len 1384, room 16 
tail 8
chksum 0x2d
csum 0x2d
v8b899c12
~ld


7.04
 0h00:00.280 1970/01/01T08:00:00z: SPIFFS Active
 0h00:03.953 2024/12/24T17:34:52z: 48:3f:da:26:d5:2a
 0h00:03.955 2024/12/24T17:34:52z: SSID: VALIS
1 BSEC warning code : 100

1 BSEC warning code : 100

1 BSEC warning code : 100

 ets Jan  8 2013,rst cause:1, boot mode:(3,7)

load 0x4010f000, len 1384, room 16 
tail 8
chksum 0x2d
csum 0x2d
v8b899c12
~ld


7.04
 0h00:00.280 1970/01/01T08:00:00z: SPIFFS Active
 0h00:03.953 2024/12/24T17:54:35z: 48:3f:da:26:d5:2a
 0h00:03.954 2024/12/24T17:54:35z: SSID: VALIS
1 BSEC warning code : 100

1 BSEC warning code : 100

1 BSEC warning code : 100

 ets Jan  8 2013,rst cause:1, boot mode:(3,7)

load 0x4010f000, len 1384, room 16 
tail 8
chksum 0x2d
csum 0x2d
v8b899c12
~ld


7.04
 0h00:00.275 1970/01/01T08:00:00z: SPIFFS Active
 0h00:03.948 2024/12/24T18:14:17z: 48:3f:da:26:d5:2a
 0h00:03.950 2024/12/24T18:14:17z: SSID: VALIS
1 BSEC warning code : 100

1 BSEC warning code : 100

 ets Jan  8 2013,rst cause:1, boot mode:(3,7)

load 0x4010f000, len 1384, room 16 
tail 8
chksum 0x2d
csum 0x2d
v8b899c12
~ld


7.04
 0h00:00.275 1970/01/01T08:00:00z: SPIFFS Active
 0h00:03.948 2024/12/24T18:33:59z: 48:3f:da:26:d5:2a
 0h00:03.950 2024/12/24T18:33:59z: SSID: VALIS
1 BSEC warning code : 100

 ets Jan  8 2013,rst cause:1, boot mode:(3,7)

load 0x4010f000, len 1384, room 16 
tail 8
chksum 0x2d
csum 0x2d
v8b899c12
~ld


7.04
 0h00:00.280 1970/01/01T08:00:00z: SPIFFS Active
 0h00:03.953 2024/12/24T18:53:41z: 48:3f:da:26:d5:2a
 0h00:03.955 2024/12/24T18:53:41z: SSID: VALIS
1 BSEC warning code : 100

1 BSEC warning code : 100

1 BSEC warning code : 100

 ets Jan  8 2013,rst cause:1, boot mode:(3,7)

load 0x4010f000, len 1384, room 16 
tail 8
chksum 0x2d
csum 0x2d
v8b899c12
~ld


7.04
 0h00:00.278 1970/01/01T08:00:00z: SPIFFS Active
 0h00:03.951 2024/12/24T19:13:23z: 48:3f:da:26:d5:2a
 0h00:03.953 2024/12/24T19:13:23z: SSID: VALIS
1 BSEC warning code : 100

 ets Jan  8 2013,rst cause:1, boot mode:(3,7)

load 0x4010f000, len 1384, room 16 
tail 8
chksum 0x2d
csum 0x2d
v8b899c12
~ld


7.04
 0h00:00.280 1970/01/01T08:00:00z: SPIFFS Active
 0h00:03.953 2024/12/24T19:33:05z: 48:3f:da:26:d5:2a
 0h00:03.955 2024/12/24T19:33:05z: SSID: VALIS
1 BSEC warning code : 100

1 BSEC warning code : 100

1 BSEC warning code : 100

 ets Jan  8 2013,rst cause:1, boot mode:(3,7)

load 0x4010f000, len 1384, room 16 
tail 8
chksum 0x2d
csum 0x2d
v8b899c12
~ld


7.04
 0h00:00.281 1970/01/01T08:00:00z: SPIFFS Active
 0h00:03.954 2024/12/24T19:52:47z: 48:3f:da:26:d5:2a
 0h00:03.955 2024/12/24T19:52:47z: SSID: VALIS
1 BSEC warning code : 100

 ets Jan  8 2013,rst cause:1, boot mode:(3,7)

load 0x4010f000, len 1384, room 16 
tail 8
chksum 0x2d
csum 0x2d
v8b899c12
~ld


7.04
 0h00:00.276 1970/01/01T08:00:00z: SPIFFS Active
 0h00:03.949 2024/12/24T20:12:28z: 48:3f:da:26:d5:2a
 0h00:03.950 2024/12/24T20:12:28z: SSID: VALIS
1 BSEC warning code : 100

1 BSEC warning code : 100

1 BSEC warning code : 100

 ets Jan  8 2013,rst cause:1, boot mode:(3,7)

load 0x4010f000, len 1384, room 16 
tail 8
chksum 0x2d
csum 0x2d
v8b899c12
~ld


7.04
 0h00:00.277 1970/01/01T08:00:00z: SPIFFS Active
 0h00:03.950 2024/12/24T20:32:10z: 48:3f:da:26:d5:2a
 0h00:03.952 2024/12/24T20:32:10z: SSID: VALIS
1 BSEC warning code : 100

 ets Jan  8 2013,rst cause:1, boot mode:(3,7)

load 0x4010f000, len 1384, room 16 
tail 8
chksum 0x2d
csum 0x2d
v8b899c12
~ld


7.04
 0h00:00.277 1970/01/01T08:00:00z: SPIFFS Active
 0h00:03.950 2024/12/24T20:51:51z: 48:3f:da:26:d5:2a
 0h00:03.952 2024/12/24T20:51:51z: SSID: VALIS
1 BSEC warning code : 100

 ets Jan  8 2013,rst cause:1, boot mode:(3,7)

load 0x4010f000, len 1384, room 16 
tail 8
chksum 0x2d
csum 0x2d
v8b899c12
~ld


7.04
 0h00:00.280 1970/01/01T08:00:00z: SPIFFS Active
 0h00:03.953 2024/12/24T21:11:33z: 48:3f:da:26:d5:2a
 0h00:03.955 2024/12/24T21:11:33z: SSID: VALIS
1 BSEC warning code : 100

 ets Jan  8 2013,rst cause:1, boot mode:(3,7)

load 0x4010f000, len 1384, room 16 
tail 8
chksum 0x2d
csum 0x2d
v8b899c12
~ld


7.04
 0h00:00.279 1970/01/01T08:00:00z: SPIFFS Active
 0h00:03.952 2024/12/24T21:31:14z: 48:3f:da:26:d5:2a
 0h00:03.954 2024/12/24T21:31:14z: SSID: VALIS
1 BSEC warning code : 100

 ets Jan  8 2013,rst cause:1, boot mode:(3,7)

load 0x4010f000, len 1384, room 16 
tail 8
chksum 0x2d
csum 0x2d
v8b899c12
~ld


7.04
 0h00:00.280 1970/01/01T08:00:00z: SPIFFS Active
 0h00:03.954 2024/12/24T21:50:56z: 48:3f:da:26:d5:2a
 0h00:03.955 2024/12/24T21:50:56z: SSID: VALIS
1 BSEC warning code : 100

 ets Jan  8 2013,rst cause:1, boot mode:(3,7)

load 0x4010f000, len 1384, room 16 
tail 8
chksum 0x2d
csum 0x2d
v8b899c12
~ld


7.04
 0h00:00.281 1970/01/01T08:00:00z: SPIFFS Active
 0h00:03.954 2024/12/24T22:10:38z: 48:3f:da:26:d5:2a
 0h00:03.956 2024/12/24T22:10:38z: SSID: VALIS
1 BSEC warning code : 100

1 BSEC warning code : 100

1 BSEC warning code : 100

 ets Jan  8 2013,rst cause:1, boot mode:(3,7)

load 0x4010f000, len 1384, room 16 
tail 8
chksum 0x2d
csum 0x2d
v8b899c12
~ld


7.04
 0h00:00.279 1970/01/01T08:00:00z: SPIFFS Active
 0h00:03.952 2024/12/24T22:30:20z: 48:3f:da:26:d5:2a
 0h00:03.954 2024/12/24T22:30:20z: SSID: VALIS
1 BSEC warning code : 100

1 BSEC warning code : 100

1 BSEC warning code : 100

 ets Jan  8 2013,rst cause:1, boot mode:(3,7)

load 0x4010f000, len 1384, room 16 
tail 8
chksum 0x2d
csum 0x2d
v8b899c12
~ld


7.04
 0h00:00.284 1970/01/01T08:00:00z: SPIFFS Active
 0h00:03.957 2024/12/24T22:50:02z: 48:3f:da:26:d5:2a
 0h00:03.959 2024/12/24T22:50:02z: SSID: VALIS
1 BSEC warning code : 100

 ets Jan  8 2013,rst cause:1, boot mode:(3,7)

load 0x4010f000, len 1384, room 16 
tail 8
chksum 0x2d
csum 0x2d
v8b899c12
~ld


7.04
 0h00:00.274 1970/01/01T08:00:00z: SPIFFS Active
 0h00:03.947 2024/12/24T23:09:44z: 48:3f:da:26:d5:2a
 0h00:03.949 2024/12/24T23:09:44z: SSID: VALIS
1 BSEC warning code : 100

1 BSEC warning code : 100

1 BSEC warning code : 100

 ets Jan  8 2013,rst cause:1, boot mode:(3,7)

load 0x4010f000, len 1384, room 16 
tail 8
chksum 0x2d
csum 0x2d
v8b899c12
~ld


7.04
 0h00:00.281 1970/01/01T08:00:00z: SPIFFS Active
 0h00:03.955 2024/12/24T23:29:25z: 48:3f:da:26:d5:2a
 0h00:03.956 2024/12/24T23:29:25z: SSID: VALIS
1 BSEC warning code : 100

 ets Jan  8 2013,rst cause:1, boot mode:(3,7)

load 0x4010f000, len 1384, room 16 
tail 8
chksum 0x2d
csum 0x2d
v8b899c12
~ld


7.04
 0h00:00.277 1970/01/01T08:00:00z: SPIFFS Active
 0h00:03.951 2024/12/24T23:49:08z: 48:3f:da:26:d5:2a
 0h00:03.952 2024/12/24T23:49:08z: SSID: VALIS
1 BSEC warning code : 100
