
1 BSEC warning code : 100

1 BSEC warning code : 100

 ets Jan  8 2013,rst cause:1, boot mode:(3,7)

load 0x4010f000, len 1384, room 16 
tail 8
chksum 0x2d
csum 0x2d
v8b899c12
~ld


7.04
 0h00:00.289 1970/01/01T08:00:00z: SPIFFS Active
 0h00:03.963 2024/12/15T00:06:47z: 48:3f:da:26:d5:2a
 0h00:03.965 2024/12/15T00:06:47z: SSID: VALIS
1 BSEC warning code : 100

 ets Jan  8 2013,rst cause:1, boot mode:(3,7)

load 0x4010f000, len 1384, room 16 
tail 8
chksum 0x2d
csum 0x2d
v8b899c12
~ld


7.04
 0h00:00.279 1970/01/01T08:00:00z: SPIFFS Active
 0h00:03.953 2024/12/15T00:26:29z: 48:3f:da:26:d5:2a
 0h00:03.955 2024/12/15T00:26:29z: SSID: VALIS
1 BSEC warning code : 100

1 BSEC warning code : 100

 ets Jan  8 2013,rst cause:1, boot mode:(3,7)

load 0x4010f000, len 1384, room 16 
tail 8
chksum 0x2d
csum 0x2d
v8b899c12
~ld


7.04
 0h00:00.280 1970/01/01T08:00:00z: SPIFFS Active
 0h00:03.954 2024/12/15T00:46:10z: 48:3f:da:26:d5:2a
 0h00:03.956 2024/12/15T00:46:10z: SSID: VALIS
1 BSEC warning code : 100

1 BSEC warning code : 100

1 BSEC warning code : 100

 ets Jan  8 2013,rst cause:1, boot mode:(3,7)

load 0x4010f000, len 1384, room 16 
tail 8
chksum 0x2d
csum 0x2d
v8b899c12
~ld


7.04
 0h00:00.283 1970/01/01T08:00:00z: SPIFFS Active
 0h00:03.957 2024/12/15T01:05:52z: 48:3f:da:26:d5:2a
 0h00:03.959 2024/12/15T01:05:52z: SSID: VALIS
1 BSEC warning code : 100

1 BSEC warning code : 100

1 BSEC warning code : 100

 ets Jan  8 2013,rst cause:1, boot mode:(3,7)

load 0x4010f000, len 1384, room 16 
tail 8
chksum 0x2d
csum 0x2d
v8b899c12
~ld


7.04
 0h00:00.277 1970/01/01T08:00:00z: SPIFFS Active
 0h00:03.952 2024/12/15T01:25:34z: 48:3f:da:26:d5:2a
 0h00:03.953 2024/12/15T01:25:34z: SSID: VALIS
1 BSEC warning code : 100

 ets Jan  8 2013,rst cause:1, boot mode:(3,7)

load 0x4010f000, len 1384, room 16 
tail 8
chksum 0x2d
csum 0x2d
v8b899c12
~ld


7.04
 0h00:00.277 1970/01/01T08:00:00z: SPIFFS Active
 0h00:03.951 2024/12/15T01:45:17z: 48:3f:da:26:d5:2a
 0h00:03.953 2024/12/15T01:45:17z: SSID: VALIS
1 BSEC warning code : 100

1 BSEC warning code : 100

1 BSEC warning code : 100

 ets Jan  8 2013,rst cause:1, boot mode:(3,7)

load 0x4010f000, len 1384, room 16 
tail 8
chksum 0x2d
csum 0x2d
v8b899c12
~ld


7.04
 0h00:00.282 1970/01/01T08:00:00z: SPIFFS Active
 0h00:03.956 2024/12/15T02:04:59z: 48:3f:da:26:d5:2a
 0h00:03.958 2024/12/15T02:04:59z: SSID: VALIS
1 BSEC warning code : 100

1 BSEC warning code : 100

1 BSEC warning code : 100

 ets Jan  8 2013,rst cause:1, boot mode:(3,7)

load 0x4010f000, len 1384, room 16 
tail 8
chksum 0x2d
csum 0x2d
v8b899c12
~ld


7.04
 0h00:00.282 1970/01/01T08:00:00z: SPIFFS Active
 0h00:03.957 2024/12/15T02:24:41z: 48:3f:da:26:d5:2a
 0h00:03.958 2024/12/15T02:24:41z: SSID: VALIS
1 BSEC warning code : 100

 ets Jan  8 2013,rst cause:1, boot mode:(3,7)

load 0x4010f000, len 1384, room 16 
tail 8
chksum 0x2d
csum 0x2d
v8b899c12
~ld


7.04
 0h00:00.281 1970/01/01T08:00:00z: SPIFFS Active
 0h00:03.956 2024/12/15T02:44:24z: 48:3f:da:26:d5:2a
 0h00:03.957 2024/12/15T02:44:24z: SSID: VALIS
1 BSEC warning code : 100

 ets Jan  8 2013,rst cause:1, boot mode:(3,7)

load 0x4010f000, len 1384, room 16 
tail 8
chksum 0x2d
csum 0x2d
v8b899c12
~ld


7.04
 0h00:00.279 1970/01/01T08:00:00z: SPIFFS Active
 0h00:03.954 2024/12/15T03:04:04z: 48:3f:da:26:d5:2a
 0h00:03.956 2024/12/15T03:04:04z: SSID: VALIS
1 BSEC warning code : 100

 ets Jan  8 2013,rst cause:1, boot mode:(3,7)

load 0x4010f000, len 1384, room 16 
tail 8
chksum 0x2d
csum 0x2d
v8b899c12
~ld


7.04
 0h00:00.280 1970/01/01T08:00:00z: SPIFFS Active
 0h00:03.955 2024/12/15T03:23:45z: 48:3f:da:26:d5:2a
 0h00:03.956 2024/12/15T03:23:45z: SSID: VALIS
1 BSEC warning code : 100

1 BSEC warning code : 100

1 BSEC warning code : 100

 ets Jan  8 2013,rst cause:1, boot mode:(3,7)

load 0x4010f000, len 1384, room 16 
tail 8
chksum 0x2d
csum 0x2d
v8b899c12
~ld


7.04
 0h00:00.278 1970/01/01T08:00:00z: SPIFFS Active
 0h00:03.953 2024/12/15T03:43:28z: 48:3f:da:26:d5:2a
 0h00:03.955 2024/12/15T03:43:28z: SSID: VALIS
1 BSEC warning code : 100

1 BSEC warning code : 100

1 BSEC warning code : 100

 ets Jan  8 2013,rst cause:1, boot mode:(3,7)

load 0x4010f000, len 1384, room 16 
tail 8
chksum 0x2d
csum 0x2d
v8b899c12
~ld


7.04
 0h00:00.280 1970/01/01T08:00:00z: SPIFFS Active
 0h00:03.954 2024/12/15T04:03:10z: 48:3f:da:26:d5:2a
 0h00:03.956 2024/12/15T04:03:10z: SSID: VALIS
1 BSEC warning code : 100

 ets Jan  8 2013,rst cause:1, boot mode:(3,7)

load 0x4010f000, len 1384, room 16 
tail 8
chksum 0x2d
csum 0x2d
v8b899c12
~ld


7.04
 0h00:00.280 1970/01/01T08:00:00z: SPIFFS Active
 0h00:03.955 2024/12/15T04:22:52z: 48:3f:da:26:d5:2a
 0h00:03.956 2024/12/15T04:22:52z: SSID: VALIS
1 BSEC warning code : 100

1 BSEC warning code : 100

1 BSEC warning code : 100

 ets Jan  8 2013,rst cause:1, boot mode:(3,7)

load 0x4010f000, len 1384, room 16 
tail 8
chksum 0x2d
csum 0x2d
v8b899c12
~ld


7.04
 0h00:00.280 1970/01/01T08:00:00z: SPIFFS Active
 0h00:03.955 2024/12/15T04:42:33z: 48:3f:da:26:d5:2a
 0h00:03.956 2024/12/15T04:42:33z: SSID: VALIS
1 BSEC warning code : 100

1 BSEC warning code : 100

1 BSEC warning code : 100

 ets Jan  8 2013,rst cause:1, boot mode:(3,7)

load 0x4010f000, len 1384, room 16 
tail 8
chksum 0x2d
csum 0x2d
v8b899c12
~ld


7.04
 0h00:00.280 1970/01/01T08:00:00z: SPIFFS Active
 0h00:03.955 2024/12/15T05:02:14z: 48:3f:da:26:d5:2a
 0h00:03.957 2024/12/15T05:02:14z: SSID: VALIS
1 BSEC warning code : 100

1 BSEC warning code : 100

1 BSEC warning code : 100

 ets Jan  8 2013,rst cause:1, boot mode:(3,7)

load 0x4010f000, len 1384, room 16 
tail 8
chksum 0x2d
csum 0x2d
v8b899c12
~ld


7.04
 0h00:00.283 1970/01/01T08:00:00z: SPIFFS Active
 0h00:03.958 2024/12/15T05:21:56z: 48:3f:da:26:d5:2a
 0h00:03.960 2024/12/15T05:21:56z: SSID: VALIS
 0h00:12.457 2024/12/15T05:22:05z: PMSX003-A (1499ms)
 0h00:13.406 2024/12/15T05:22:05z: PMSX003-B (948ms)
 0h00:13.407 2024/12/15T05:22:05z: 3.0+RV3028+BME68X+PMSX003-A+PMSX003-B
 0h00:14.422 2024/12/15T05:22:06z: p:1002.22 gasR:1297434.25 iaq:58.52(0) T:8.63(11.62) H:77.99(42.25) sIaq:66.24(0) Stabilization:1 Run in:0
 0h00:15.047 2024/12/15T05:22:07z: DATA A(2),47,77,40,1002.22,0.03,26448,0,15,0,1,3,0,1,3,4,4,159,49,10,5,3,0,66.24
 0h00:15.422 2024/12/15T05:22:07z: p:1002.36 gasR:1298668.38 iaq:58.41(0) T:9.58(15.18) H:73.56(43.08) sIaq:66.04(0) Stabilization:1 Run in:0
 0h00:15.883 2024/12/15T05:22:08z: DATA A(3),49,73,40,1002.36,0.03,26352,-52,15,0,1,3,0,1,3,4,4,159,49,10,5,3,0,66.04
 0h00:16.421 2024/12/15T05:22:08z: p:1002.34 gasR:1306122.50 iaq:58.22(0) T:10.44(16.04) H:69.26(43.33) sIaq:65.67(0) Stabilization:1 Run in:0
 0h00:16.789 2024/12/15T05:22:09z: DATA A(4),50,69,40,1002.34,0.02,26352,-52,16,0,1,3,0,1,3,4,4,153,47,11,5,3,0,65.67
 0h00:17.421 2024/12/15T05:22:09z: p:1002.37 gasR:1308626.25 iaq:58.01(0) T:10.80(16.40) H:67.16(43.31) sIaq:65.28(0) Stabilization:1 Run in:0
 0h00:17.625 2024/12/15T05:22:10z: DATA A(5),51,67,40,1002.37,0.02,26352,-52,17,0,1,3,0,1,3,4,4,153,47,11,5,3,0,65.28
 0h00:18.422 2024/12/15T05:22:10z: p:1002.39 gasR:1308626.25 iaq:57.83(0) T:10.99(16.59) H:65.80(43.17) sIaq:64.93(0) Stabilization:1 Run in:0
 0h00:18.461 2024/12/15T05:22:11z: DATA A(6),51,65,39,1002.39,0.03,26352,-52,18,0,1,3,0,1,3,4,4,153,47,11,5,3,0,64.93
 0h00:19.421 2024/12/15T05:22:11z: p:1002.39 gasR:1331599.50 iaq:57.45(0) T:11.11(16.71) H:64.74(42.98) sIaq:64.20(0) Stabilization:1 Run in:0
 0h00:20.287 2024/12/15T05:22:12z: DATA B(2),51,64,39,1002.39,0.03,26352,-51,20,0,1,1,0,1,1,4,4,186,54,9,0,0,0,64.20
 0h00:20.422 2024/12/15T05:22:12z: p:1002.41 gasR:1317465.38 iaq:57.24(0) T:11.20(16.80) H:63.87(42.79) sIaq:63.81(0) Stabilization:1 Run in:0
 0h00:21.119 2024/12/15T05:22:13z: DATA B(3),52,63,40,1002.41,0.02,26352,-51,21,0,1,1,0,1,1,4,4,186,54,9,0,0,0,63.81
 0h00:21.422 2024/12/15T05:22:13z: p:1002.40 gasR:1313662.62 iaq:57.10(0) T:11.26(16.87) H:63.10(42.57) sIaq:63.53(0) Stabilization:1 Run in:0
 0h00:21.952 2024/12/15T05:22:14z: DATA B(4),52,63,39,1002.40,0.03,26352,-51,21,0,1,1,0,1,1,4,4,186,54,9,0,0,0,63.53
 0h00:22.422 2024/12/15T05:22:14z: p:1002.41 gasR:1318737.88 iaq:56.92(0) T:11.32(16.92) H:62.47(42.38) sIaq:63.20(0) Stabilization:1 Run in:0
 0h00:22.854 2024/12/15T05:22:15z: DATA B(5),52,62,39,1002.41,0.02,26352,-51,22,0,1,2,0,1,2,4,4,162,48,12,3,3,0,63.20
 0h00:23.422 2024/12/15T05:22:15z: p:1002.41 gasR:1320012.88 iaq:56.76(0) T:11.37(16.97) H:61.90(42.20) sIaq:62.88(0) Stabilization:1 Run in:0
 0h00:23.686 2024/12/15T05:22:16z: DATA B(6),52,61,39,1002.41,0.02,26352,-51,23,0,1,2,0,1,2,4,4,162,48,12,3,3,0,62.88
 0h00:24.422 2024/12/15T05:22:16z: p:1002.40 gasR:1321290.38 iaq:56.60(0) T:11.40(17.00) H:61.38(42.01) sIaq:62.58(0) Stabilization:1 Run in:0
 0h00:25.359 2024/12/15T05:22:17z: DATA A(7),52,61,39,1002.40,0.03,26352,-48,25,0,1,3,0,1,3,4,4,150,44,13,5,3,1,62.58
 0h00:25.422 2024/12/15T05:22:17z: p:1002.41 gasR:1323852.62 iaq:56.44(0) T:11.45(17.05) H:60.92(41.86) sIaq:62.27(0) Stabilization:1 Run in:0
 0h00:26.195 2024/12/15T05:22:18z: DATA A(8),52,60,38,1002.41,0.03,26352,-49,26,0,1,3,0,1,3,4,4,150,44,13,5,3,1,62.27
 0h00:26.421 2024/12/15T05:22:18z: p:1002.41 gasR:1322570.25 iaq:56.30(0) T:11.48(17.08) H:60.56(41.73) sIaq:62.02(0) Stabilization:1 Run in:0
 0h00:27.101 2024/12/15T05:22:19z: DATA A(9),52,60,38,1002.41,0.03,26352,-49,27,0,1,3,0,1,3,4,4,168,50,15,4,2,1,62.02
 0h00:27.421 2024/12/15T05:22:19z: p:1002.41 gasR:1322570.25 iaq:56.19(0) T:11.52(17.12) H:60.14(41.58) sIaq:61.80(0) Stabilization:1 Run in:0
 0h00:27.937 2024/12/15T05:22:20z: DATA A(10),52,60,38,1002.41,0.03,26352,-49,27,0,1,3,0,1,3,4,4,168,50,15,4,2,1,61.80
 0h00:28.421 2024/12/15T05:22:20z: p:1002.42 gasR:1325137.50 iaq:56.06(0) T:11.55(17.16) H:59.82(41.47) sIaq:61.56(0) Stabilization:1 Run in:0
 0h00:28.773 2024/12/15T05:22:21z: DATA A(11),52,59,38,1002.42,0.03,26352,-50,28,0,1,3,0,1,3,4,4,168,50,15,4,2,1,61.56
 0h00:29.421 2024/12/15T05:22:21z: p:1002.40 gasR:1325137.50 iaq:55.95(0) T:11.58(17.18) H:59.58(41.38) sIaq:61.35(0) Stabilization:1 Run in:0
 0h00:30.422 2024/12/15T05:22:22z: p:1002.39 gasR:1327714.75 iaq:55.83(0) T:11.59(17.20) H:59.35(41.27) sIaq:61.12(0) Stabilization:1 Run in:0
 0h00:30.555 2024/12/15T05:22:23z: DATA B(7),52,59,38,1002.39,0.02,26352,-48,30,0,1,2,0,1,2,4,4,135,45,13,4,3,0,61.12
 0h00:31.388 2024/12/15T05:22:23z: DATA B(8),52,59,38,1002.39,0.03,26032,-49,31,0,1,2,0,1,2,4,4,135,45,13,4,3,0,61.12
 0h00:31.422 2024/12/15T05:22:23z: p:1002.41 gasR:1321290.38 iaq:55.79(0) T:11.63(17.23) H:59.09(41.17) sIaq:61.04(0) Stabilization:1 Run in:0
 0h00:32.220 2024/12/15T05:22:24z: DATA B(9),52,59,38,1002.41,0.03,26352,-49,32,0,1,2,0,1,2,4,4,135,45,13,4,3,0,61.04
 0h00:32.421 2024/12/15T05:22:24z: p:1002.42 gasR:1331599.50 iaq:55.65(0) T:11.65(17.25) H:58.90(41.10) sIaq:60.77(0) Stabilization:1 Run in:0
 0h00:33.122 2024/12/15T05:22:25z: DATA B(10),52,58,38,1002.42,0.02,26352,-49,33,0,1,3,0,1,3,4,4,135,45,13,5,4,1,60.77
 0h00:33.422 2024/12/15T05:22:25z: p:1002.40 gasR:1321290.38 iaq:55.63(0) T:11.67(17.27) H:58.74(41.02) sIaq:60.73(0) Stabilization:1 Run in:0
 0h00:34.422 2024/12/15T05:22:26z: p:1002.39 gasR:1320012.88 iaq:55.62(0) T:11.68(17.29) H:58.59(40.95) sIaq:60.72(0) Stabilization:1 Run in:0
 0h00:34.835 2024/12/15T05:22:27z: DATA A(12),53,58,38,1002.39,0.02,26352,-49,34,0,0,2,0,0,2,0,0,117,35,11,3,2,1,60.72
 0h00:35.421 2024/12/15T05:22:27z: p:1002.39 gasR:1330302.00 iaq:55.52(0) T:11.71(17.31) H:58.41(40.88) sIaq:60.52(0) Stabilization:1 Run in:0
 0h00:35.671 2024/12/15T05:22:28z: DATA A(13),53,58,38,1002.39,0.02,26352,-49,35,0,0,2,0,0,2,0,0,117,35,11,3,2,1,60.52
 0h00:36.421 2024/12/15T05:22:28z: p:1002.41 gasR:1330302.00 iaq:55.43(0) T:11.73(17.34) H:58.29(40.84) sIaq:60.35(0) Stabilization:1 Run in:0
 0h00:36.506 2024/12/15T05:22:29z: DATA A(14),53,58,38,1002.41,0.02,26352,-50,36,0,0,2,0,0,2,0,0,117,35,11,3,2,1,60.35
 0h00:37.413 2024/12/15T05:22:29z: DATA A(15),53,58,38,1002.41,0.03,26352,-49,37,0,0,2,0,0,2,0,0,123,35,13,3,2,1,60.35
 0h00:37.432 2024/12/15T05:22:30z: p:1002.43 gasR:1323852.62 iaq:55.41(0) T:11.84(17.37) H:57.87(40.81) sIaq:60.31(0) Stabilization:1 Run in:0
 0h00:38.248 2024/12/15T05:22:30z: DATA A(16),53,57,38,1002.43,0.02,26352,-49,38,0,0,2,0,0,2,0,0,123,35,13,3,2,1,60.31
 0h00:38.431 2024/12/15T05:22:31z: p:1002.43 gasR:1332899.50 iaq:55.31(0) T:11.73(17.33) H:58.24(40.75) sIaq:60.12(0) Stabilization:1 Run in:0
 0h00:39.432 2024/12/15T05:22:32z: p:1002.40 gasR:1326424.88 iaq:55.28(0) T:11.81(17.41) H:57.93(40.73) sIaq:60.06(0) Stabilization:1 Run in:0
 0h00:39.921 2024/12/15T05:22:32z: DATA B(11),53,57,38,1002.40,0.02,26352,-49,39,0,1,4,0,1,4,4,4,153,51,17,6,5,2,60.06
 0h00:40.431 2024/12/15T05:22:33z: p:1002.43 gasR:1327714.75 iaq:55.24(0) T:11.85(17.45) H:57.80(40.69) sIaq:59.99(0) Stabilization:1 Run in:0
 0h00:40.823 2024/12/15T05:22:33z: DATA B(12),53,57,38,1002.43,0.02,26352,-49,40,0,1,4,0,1,4,4,4,141,47,20,7,5,2,59.99
 0h00:41.431 2024/12/15T05:22:34z: p:1002.44 gasR:1334202.00 iaq:55.14(0) T:11.87(17.47) H:57.72(40.66) sIaq:59.80(0) Stabilization:1 Run in:0
 0h00:41.655 2024/12/15T05:22:34z: DATA B(13),53,57,38,1002.44,0.02,26352,-50,41,0,1,4,0,1,4,4,4,141,47,20,7,5,2,59.80
 0h00:42.431 2024/12/15T05:22:35z: p:1002.42 gasR:1325137.50 iaq:55.14(0) T:11.89(17.49) H:57.65(40.63) sIaq:59.81(0) Stabilization:1 Run in:0
 0h00:42.488 2024/12/15T05:22:35z: DATA B(14),53,57,38,1002.42,0.02,26352,-50,42,0,1,4,0,1,4,4,4,141,47,20,7,5,2,59.81
 0h00:43.390 2024/12/15T05:22:35z: DATA B(15),53,57,38,1002.42,0.02,26352,-49,43,0,1,5,0,1,5,4,4,129,43,18,8,6,3,59.81
 0h00:43.431 2024/12/15T05:22:36z: p:1002.44 gasR:1327714.75 iaq:55.12(0) T:11.91(17.51) H:57.62(40.62) sIaq:59.76(0) Stabilization:1 Run in:0
 0h00:44.431 2024/12/15T05:22:37z: p:1002.39 gasR:1332899.50 iaq:55.05(0) T:11.91(17.51) H:57.61(40.58) sIaq:59.63(0) Stabilization:1 Run in:0
 0h00:45.147 2024/12/15T05:22:37z: DATA A(17),53,57,38,1002.39,0.03,26352,-48,45,0,1,2,0,1,2,4,4,207,57,15,3,2,0,59.63
 0h00:45.431 2024/12/15T05:22:38z: p:1002.42 gasR:1327714.75 iaq:55.04(0) T:11.93(17.54) H:57.56(40.57) sIaq:59.60(0) Stabilization:1 Run in:0
 0h00:45.982 2024/12/15T05:22:38z: DATA A(18),53,57,38,1002.42,0.03,26352,-49,45,0,1,2,0,1,2,4,4,207,57,15,3,2,0,59.60
 0h00:46.432 2024/12/15T05:22:39z: p:1002.42 gasR:1323852.62 iaq:55.06(0) T:11.95(17.55) H:57.51(40.54) sIaq:59.65(0) Stabilization:1 Run in:0
 0h00:46.818 2024/12/15T05:22:39z: DATA A(19),53,57,38,1002.42,0.03,26352,-50,46,0,1,2,0,1,2,4,4,207,57,15,3,2,0,59.65
 0h00:47.431 2024/12/15T05:22:40z: p:1002.38 gasR:1325137.50 iaq:55.07(0) T:11.95(17.55) H:57.54(40.53) sIaq:59.67(0) Stabilization:1 Run in:0
 0h00:47.725 2024/12/15T05:22:40z: DATA A(20),53,57,38,1002.38,0.02,26352,-49,47,1,2,3,1,2,3,8,8,255,71,15,3,2,0,59.67
 0h00:48.431 2024/12/15T05:22:41z: p:1002.43 gasR:1322570.25 iaq:55.10(0) T:11.97(17.57) H:57.51(40.52) sIaq:59.73(0) Stabilization:1 Run in:0
 0h00:48.561 2024/12/15T05:22:41z: DATA A(21),53,57,38,1002.43,0.02,26352,-49,48,1,2,3,1,2,3,8,8,255,71,15,3,2,0,59.73
 0h00:49.432 2024/12/15T05:22:42z: p:1002.41 gasR:1321290.38 iaq:55.14(0) T:11.97(17.58) H:57.54(40.52) sIaq:59.81(0) Stabilization:1 Run in:0
 0h00:50.189 2024/12/15T05:22:42z: DATA B(16),53,57,38,1002.41,0.03,26352,-49,50,0,1,4,0,1,4,4,4,171,57,15,6,4,4,59.81
 0h00:50.431 2024/12/15T05:22:43z: p:1002.41 gasR:1332899.50 iaq:55.07(0) T:12.00(17.60) H:57.45(40.48) sIaq:59.67(0) Stabilization:1 Run in:0
 0h00:51.092 2024/12/15T05:22:43z: DATA B(17),53,57,38,1002.41,0.03,26352,-49,51,1,2,7,1,2,7,8,8,246,82,18,7,5,4,59.67
 0h00:51.432 2024/12/15T05:22:44z: p:1002.42 gasR:1329007.12 iaq:55.04(0) T:12.00(17.61) H:57.45(40.47) sIaq:59.61(0) Stabilization:1 Run in:0
 0h00:51.924 2024/12/15T05:22:44z: DATA B(18),53,57,38,1002.42,0.03,26352,-49,51,1,2,7,1,2,7,8,8,246,82,18,7,5,4,59.61
 0h00:52.431 2024/12/15T05:22:45z: p:1002.42 gasR:1331599.50 iaq:54.99(0) T:12.02(17.62) H:57.46(40.48) sIaq:59.51(0) Stabilization:1 Run in:0
 0h00:52.756 2024/12/15T05:22:45z: DATA B(19),53,57,38,1002.42,0.02,26352,-49,52,1,2,7,1,2,7,8,8,246,82,18,7,5,4,59.51
 0h00:53.431 2024/12/15T05:22:46z: p:1002.42 gasR:1327714.75 iaq:54.98(0) T:12.02(17.62) H:57.48(40.45) sIaq:59.50(0) Stabilization:1 Run in:0
 0h00:53.659 2024/12/15T05:22:46z: DATA B(20),53,57,38,1002.42,0.03,26352,-52,53,1,2,7,1,2,7,8,8,282,90,21,8,5,4,59.50
 0h00:54.432 2024/12/15T05:22:47z: p:1002.42 gasR:1326424.88 iaq:54.99(0) T:12.02(17.62) H:57.48(40.44) sIaq:59.51(0) Stabilization:1 Run in:0
 0h00:55.432 2024/12/15T05:22:48z: p:1002.42 gasR:1329007.12 iaq:54.97(0) T:12.03(17.64) H:57.49(40.45) sIaq:59.47(0) Stabilization:1 Run in:0
 0h00:55.459 2024/12/15T05:22:48z: DATA A(22),53,57,38,1002.42,0.03,26352,-53,55,1,2,3,1,2,3,8,8,321,87,15,3,2,0,59.47
 0h00:56.295 2024/12/15T05:22:48z: DATA A(23),53,57,38,1002.42,0.03,26352,-53,56,1,2,3,1,2,3,8,8,321,87,15,3,2,0,59.47
 0h00:56.431 2024/12/15T05:22:49z: p:1002.41 gasR:1331599.50 iaq:54.92(0) T:12.04(17.64) H:57.50(40.44) sIaq:59.39(0) Stabilization:1 Run in:0
 0h00:57.131 2024/12/15T05:22:49z: DATA A(24),53,57,38,1002.41,0.02,26352,-54,57,1,2,3,1,2,3,8,8,321,87,15,3,2,0,59.39
 0h00:57.431 2024/12/15T05:22:50z: p:1002.42 gasR:1314927.75 iaq:55.04(0) T:12.05(17.65) H:57.48(40.42) sIaq:59.62(0) Stabilization:1 Run in:0
 0h00:58.037 2024/12/15T05:22:50z: DATA A(25),53,57,38,1002.42,0.03,26352,-53,58,1,2,3,1,2,3,8,8,333,91,17,3,2,0,59.62
 0h00:58.431 2024/12/15T05:22:51z: p:1002.43 gasR:1325137.50 iaq:55.05(0) T:12.06(17.66) H:57.47(40.41) sIaq:59.63(0) Stabilization:1 Run in:0
 0h00:58.873 2024/12/15T05:22:51z: DATA A(26),53,57,38,1002.43,0.03,26352,-53,58,1,2,3,1,2,3,8,8,333,91,17,3,2,0,59.63
 0h00:59.432 2024/12/15T05:22:52z: p:1002.44 gasR:1318737.88 iaq:55.12(0) T:12.07(17.67) H:57.46(40.40) sIaq:59.76(0) Stabilization:1 Run in:0
 0h01:00.432 2024/12/15T05:22:53z: p:1002.43 gasR:1320012.88 iaq:55.17(0) T:12.08(17.68) H:57.49(40.42) sIaq:59.85(0) Stabilization:1 Run in:0
 0h01:00.458 2024/12/15T05:22:53z: DATA B(21),53,57,38,1002.43,0.02,26352,-54,60,1,2,5,1,2,5,8,8,300,94,24,6,4,3,59.85
 0h01:01.361 2024/12/15T05:22:53z: DATA B(22),53,57,38,1002.43,0.03,26352,-53,61,1,2,5,1,2,5,8,8,306,96,26,5,3,2,59.85
 0h01:01.432 2024/12/15T05:22:54z: p:1002.43 gasR:1316195.38 iaq:55.24(0) T:12.09(17.70) H:57.45(40.40) sIaq:60.00(0) Stabilization:1 Run in:0
 0h01:02.193 2024/12/15T05:22:54z: DATA B(23),53,57,38,1002.43,0.03,26352,-53,62,1,2,5,1,2,5,8,8,306,96,26,5,3,2,60.00
 0h01:02.432 2024/12/15T05:22:55z: p:1002.39 gasR:1317465.38 iaq:55.30(0) T:12.11(17.71) H:57.43(40.41) sIaq:60.10(0) Stabilization:1 Run in:0
 0h01:03.025 2024/12/15T05:22:55z: DATA B(24),53,57,38,1002.39,0.03,26352,-54,63,1,2,5,1,2,5,8,8,306,96,26,5,3,2,60.10
 0h01:03.432 2024/12/15T05:22:56z: p:1002.41 gasR:1320012.88 iaq:55.32(0) T:12.12(17.72) H:57.44(40.40) sIaq:60.15(0) Stabilization:1 Run in:0
 0h01:03.928 2024/12/15T05:22:56z: DATA B(25),53,57,38,1002.41,0.03,26352,-54,63,1,2,4,1,2,4,8,8,294,92,20,5,3,2,60.15
 0h01:04.432 2024/12/15T05:22:57z: p:1002.40 gasR:1316195.38 iaq:55.38(0) T:12.13(17.73) H:57.43(40.39) sIaq:60.26(0) Stabilization:1 Run in:0
 0h01:05.431 2024/12/15T05:22:58z: p:1002.42 gasR:1327714.75 iaq:55.32(0) T:12.15(17.75) H:57.39(40.38) sIaq:60.14(0) Stabilization:1 Run in:0
 0h01:05.771 2024/12/15T05:22:58z: DATA A(27),53,57,38,1002.42,0.03,26352,-54,65,1,2,6,1,2,6,8,8,348,100,19,6,5,1,60.14
 0h01:06.432 2024/12/15T05:22:59z: p:1002.42 gasR:1326424.88 iaq:55.28(0) T:12.15(17.76) H:57.38(40.37) sIaq:60.06(0) Stabilization:1 Run in:0
 0h01:06.607 2024/12/15T05:22:59z: DATA A(28),53,57,38,1002.42,0.03,26352,-54,66,1,2,6,1,2,6,8,8,348,100,19,6,5,1,60.06
 0h01:07.432 2024/12/15T05:23:00z: p:1002.39 gasR:1326424.88 iaq:55.24(0) T:12.16(17.76) H:57.40(40.37) sIaq:59.99(0) Stabilization:1 Run in:0
 0h01:07.448 2024/12/15T05:23:00z: DATA A(29),53,57,38,1002.39,0.02,26352,-54,67,1,2,6,1,2,6,8,8,348,100,19,6,5,1,59.99
 0h01:08.349 2024/12/15T05:23:00z: DATA A(30),53,57,38,1002.39,0.03,26352,-54,68,1,2,4,1,2,4,8,8,312,92,19,5,4,1,59.99
 0h01:08.432 2024/12/15T05:23:01z: p:1002.41 gasR:1329007.12 iaq:55.18(0) T:12.17(17.77) H:57.39(40.36) sIaq:59.88(0) Stabilization:1 Run in:0
 0h01:09.185 2024/12/15T05:23:01z: DATA A(31),53,57,38,1002.41,0.03,26352,-54,69,1,2,4,1,2,4,8,8,312,92,19,5,4,1,59.88
 0h01:09.431 2024/12/15T05:23:02z: p:1002.36 gasR:1325137.50 iaq:55.17(0) T:12.17(17.78) H:57.39(40.35) sIaq:59.85(0) Stabilization:1 Run in:0
 0h01:10.431 2024/12/15T05:23:03z: p:1002.39 gasR:1322570.25 iaq:55.18(0) T:12.19(17.80) H:57.33(40.33) sIaq:59.87(0) Stabilization:1 Run in:0
 0h01:10.727 2024/12/15T05:23:03z: DATA B(26),53,57,38,1002.39,0.03,26352,-53,70,1,2,3,1,2,3,8,8,312,94,16,3,2,1,59.87
 0h01:11.432 2024/12/15T05:23:04z: p:1002.37 gasR:1320012.88 iaq:55.21(0) T:12.19(17.80) H:57.34(40.31) sIaq:59.94(0) Stabilization:1 Run in:0
 0h01:11.630 2024/12/15T05:23:04z: DATA B(27),53,57,38,1002.37,0.02,26352,-54,71,1,2,3,1,2,3,8,8,330,100,15,2,1,0,59.94
 0h01:12.432 2024/12/15T05:23:05z: p:1002.38 gasR:1330302.00 iaq:55.14(0) T:12.21(17.81) H:57.32(40.31) sIaq:59.81(0) Stabilization:1 Run in:0
 0h01:12.462 2024/12/15T05:23:05z: DATA B(28),53,57,38,1002.38,0.03,26352,-54,72,1,2,3,1,2,3,8,8,330,100,15,2,1,0,59.81
 0h01:13.294 2024/12/15T05:23:05z: DATA B(29),53,57,38,1002.38,0.03,26352,-54,73,1,2,3,1,2,3,8,8,330,100,15,2,1,0,59.81
 0h01:13.432 2024/12/15T05:23:06z: p:1002.39 gasR:1321290.38 iaq:55.17(0) T:12.21(17.81) H:57.34(40.29) sIaq:59.85(0) Stabilization:1 Run in:0
 0h01:14.197 2024/12/15T05:23:06z: DATA B(30),53,57,38,1002.39,0.03,26352,-54,74,1,2,3,1,2,3,8,8,336,98,15,2,1,0,59.85
 0h01:14.432 2024/12/15T05:23:07z: p:1002.39 gasR:1321290.38 iaq:55.19(0) T:12.22(17.82) H:57.33(40.29) sIaq:59.89(0) Stabilization:1 Run in:0
 0h01:15.432 2024/12/15T05:23:08z: p:1002.39 gasR:1329007.12 iaq:55.13(0) T:12.21(17.81) H:57.35(40.26) sIaq:59.79(0) Stabilization:1 Run in:0
 0h01:16.084 2024/12/15T05:23:08z: DATA A(32),53,57,38,1002.39,0.03,26352,-54,76,0,1,6,0,1,6,4,4,234,68,18,8,6,1,59.79
 0h01:16.431 2024/12/15T05:23:09z: p:1002.40 gasR:1327714.75 iaq:55.10(0) T:12.22(17.82) H:57.36(40.27) sIaq:59.72(0) Stabilization:1 Run in:0
 0h01:16.919 2024/12/15T05:23:09z: DATA A(33),53,57,38,1002.40,0.03,26352,-54,76,0,1,6,0,1,6,4,4,234,68,18,8,6,1,59.72
 0h01:17.432 2024/12/15T05:23:10z: p:1002.39 gasR:1326424.88 iaq:55.08(0) T:12.22(17.82) H:57.36(40.25) sIaq:59.68(0) Stabilization:1 Run in:0
 0h01:17.755 2024/12/15T05:23:10z: DATA A(34),53,57,38,1002.39,0.02,26352,-54,77,0,1,6,0,1,6,4,4,234,68,18,8,6,1,59.68
 0h01:18.432 2024/12/15T05:23:11z: p:1002.40 gasR:1323852.62 iaq:55.08(0) T:12.21(17.82) H:57.38(40.24) sIaq:59.69(0) Stabilization:1 Run in:0
 0h01:18.662 2024/12/15T05:23:11z: DATA A(35),53,57,38,1002.40,0.03,26352,-54,78,0,1,6,0,1,6,4,4,204,58,17,8,6,1,59.69
 0h01:19.432 2024/12/15T05:23:12z: p:1002.40 gasR:1321290.38 iaq:55.11(0) T:12.22(17.82) H:57.38(40.23) sIaq:59.75(0) Stabilization:1 Run in:0
 0h01:19.497 2024/12/15T05:23:12z: DATA A(36),53,57,38,1002.40,0.03,26352,-54,79,0,1,6,0,1,6,4,4,204,58,17,8,6,1,59.75
 0h01:20.432 2024/12/15T05:23:13z: p:1002.42 gasR:1323852.62 iaq:55.11(0) T:12.22(17.82) H:57.35(40.20) sIaq:59.75(0) Stabilization:1 Run in:0
 0h01:20.996 2024/12/15T05:23:13z: DATA B(31),53,57,38,1002.42,0.02,26352,-53,80,1,2,2,1,2,2,8,8,288,84,18,0,0,0,59.75
 0h01:21.431 2024/12/15T05:23:14z: p:1002.44 gasR:1322570.25 iaq:55.13(0) T:12.22(17.83) H:57.37(40.21) sIaq:59.77(0) Stabilization:1 Run in:0
 0h01:21.898 2024/12/15T05:23:14z: DATA B(32),54,57,39,1002.44,0.03,26352,-54,81,1,2,2,1,2,2,8,8,258,76,13,0,0,0,59.77
 0h01:22.431 2024/12/15T05:23:15z: p:1002.43 gasR:1325137.50 iaq:55.11(0) T:12.21(17.82) H:57.42(40.20) sIaq:59.75(0) Stabilization:1 Run in:0
 0h01:22.730 2024/12/15T05:23:15z: DATA B(33),53,57,38,1002.43,0.03,26032,-54,82,1,2,2,1,2,2,8,8,258,76,13,0,0,0,59.75
 0h01:23.432 2024/12/15T05:23:16z: p:1002.43 gasR:1318737.88 iaq:55.16(0) T:12.21(17.81) H:57.41(40.16) sIaq:59.84(0) Stabilization:1 Run in:0
 0h01:23.563 2024/12/15T05:23:16z: DATA B(34),53,57,38,1002.43,0.03,26352,-54,83,1,2,2,1,2,2,8,8,258,76,13,0,0,0,59.84
 0h01:24.432 2024/12/15T05:23:17z: p:1002.44 gasR:1327714.75 iaq:55.12(0) T:12.20(17.81) H:57.45(40.18) sIaq:59.76(0) Stabilization:1 Run in:0
 0h01:24.465 2024/12/15T05:23:17z: DATA B(35),53,57,38,1002.44,0.02,26352,-54,84,0,1,1,0,1,1,4,4,252,74,13,0,0,0,59.76
 0h01:25.431 2024/12/15T05:23:18z: p:1002.42 gasR:1327714.75 iaq:55.08(0) T:12.20(17.80) H:57.45(40.16) sIaq:59.69(0) Stabilization:1 Run in:0
 0h01:26.396 2024/12/15T05:23:18z: DATA A(37),53,57,38,1002.42,0.03,26352,-53,86,0,1,4,0,1,4,4,4,210,60,11,6,4,2,59.69
 0h01:26.432 2024/12/15T05:23:19z: p:1002.42 gasR:1320012.88 iaq:55.12(0) T:12.21(17.82) H:57.42(40.16) sIaq:59.77(0) Stabilization:1 Run in:0
 0h01:27.231 2024/12/15T05:23:19z: DATA A(38),53,57,38,1002.42,0.03,26352,-54,87,0,1,4,0,1,4,4,4,210,60,11,6,4,2,59.77
 0h01:27.431 2024/12/15T05:23:20z: p:1002.42 gasR:1322570.25 iaq:55.14(0) T:12.21(17.81) H:57.41(40.14) sIaq:59.79(0) Stabilization:1 Run in:0
 0h01:28.067 2024/12/15T05:23:20z: DATA A(39),53,57,38,1002.42,0.02,26352,-54,88,0,1,4,0,1,4,4,4,210,60,11,6,4,2,59.79
 0h01:28.431 2024/12/15T05:23:21z: p:1002.41 gasR:1334202.00 iaq:55.04(0) T:12.22(17.82) H:57.38(40.14) sIaq:59.60(0) Stabilization:1 Run in:0
 0h01:28.974 2024/12/15T05:23:21z: DATA A(40),53,57,38,1002.41,0.03,26352,-54,88,0,1,4,0,1,4,4,4,228,66,14,6,4,2,59.60
 0h01:29.432 2024/12/15T05:23:22z: p:1002.39 gasR:1320012.88 iaq:55.08(0) T:12.22(17.82) H:57.36(40.12) sIaq:59.69(0) Stabilization:1 Run in:0
 0h01:29.809 2024/12/15T05:23:22z: DATA A(41),53,57,38,1002.39,0.03,26352,-54,89,0,1,4,0,1,4,4,4,228,66,14,6,4,2,59.69
 0h01:30.431 2024/12/15T05:23:23z: p:1002.37 gasR:1331599.50 iaq:55.01(0) T:12.22(17.82) H:57.36(40.11) sIaq:59.56(0) Stabilization:1 Run in:0
 0h01:31.264 2024/12/15T05:23:23z: DATA B(36),53,57,38,1002.37,0.03,26040,-54,91,0,1,1,0,1,1,4,4,231,67,9,0,0,0,59.56
 0h01:31.431 2024/12/15T05:23:24z: p:1002.37 gasR:1334202.00 iaq:54.93(0) T:12.23(17.83) H:57.34(40.10) sIaq:59.39(0) Stabilization:1 Run in:0
 0h01:32.166 2024/12/15T05:23:24z: DATA B(37),54,57,39,1002.37,0.03,26352,-54,92,0,1,1,0,1,1,4,4,237,69,9,0,0,0,59.39
 0h01:32.431 2024/12/15T05:23:25z: p:1002.38 gasR:1322570.25 iaq:54.96(0) T:12.24(17.85) H:57.31(40.11) sIaq:59.45(0) Stabilization:1 Run in:0
 0h01:32.999 2024/12/15T05:23:25z: DATA B(38),54,57,39,1002.38,0.02,26352,-54,93,0,1,1,0,1,1,4,4,237,69,9,0,0,0,59.45
 0h01:33.431 2024/12/15T05:23:26z: p:1002.36 gasR:1334202.00 iaq:54.88(0) T:12.25(17.85) H:57.29(40.10) sIaq:59.30(0) Stabilization:1 Run in:0
 0h01:33.831 2024/12/15T05:23:26z: DATA B(39),54,57,39,1002.36,0.03,26352,-54,93,0,1,1,0,1,1,4,4,237,69,9,0,0,0,59.30
 0h01:34.431 2024/12/15T05:23:27z: p:1002.37 gasR:1330302.00 iaq:54.84(0) T:12.26(17.86) H:57.26(40.09) sIaq:59.23(0) Stabilization:1 Run in:0
 0h01:34.733 2024/12/15T05:23:27z: DATA B(40),54,57,39,1002.37,0.02,26352,-54,94,0,1,1,0,1,1,4,4,249,73,10,0,0,0,59.23
 0h01:35.432 2024/12/15T05:23:28z: p:1002.39 gasR:1326424.88 iaq:54.85(0) T:12.27(17.87) H:57.22(40.09) sIaq:59.24(0) Stabilization:1 Run in:0
 0h01:36.431 2024/12/15T05:23:29z: p:1002.36 gasR:1322570.25 iaq:54.89(0) T:12.27(17.87) H:57.22(40.08) sIaq:59.32(0) Stabilization:1 Run in:0
 0h01:36.707 2024/12/15T05:23:29z: DATA A(42),54,57,39,1002.36,0.03,26352,-54,96,1,1,4,1,1,4,4,4,303,85,12,5,3,1,59.32
 0h01:37.432 2024/12/15T05:23:30z: p:1002.37 gasR:1329007.12 iaq:54.86(0) T:12.28(17.88) H:57.21(40.08) sIaq:59.27(0) Stabilization:1 Run in:0
 0h01:37.543 2024/12/15T05:23:30z: DATA A(43),54,57,39,1002.37,0.02,26352,-54,97,1,1,4,1,1,4,4,4,303,85,12,5,3,1,59.27
 0h01:38.379 2024/12/15T05:23:30z: DATA A(44),54,57,39,1002.37,0.02,26352,-54,98,1,1,4,1,1,4,4,4,303,85,12,5,3,1,59.27
 0h01:38.432 2024/12/15T05:23:31z: p:1002.37 gasR:1338124.75 iaq:54.75(0) T:12.29(17.89) H:57.21(40.08) sIaq:59.06(0) Stabilization:1 Run in:0
 0h01:39.285 2024/12/15T05:23:31z: DATA A(45),54,57,39,1002.37,0.02,26352,-54,99,1,1,4,1,1,4,4,4,279,79,12,5,3,1,59.06
 0h01:39.431 2024/12/15T05:23:32z: p:1002.37 gasR:1325137.50 iaq:54.78(0) T:12.28(17.88) H:57.24(40.08) sIaq:59.11(0) Stabilization:1 Run in:0
 0h01:40.121 2024/12/15T05:23:32z: DATA A(46),54,57,39,1002.37,0.02,26352,-54,100,1,1,4,1,1,4,4,4,279,79,12,5,3,1,59.11
 0h01:40.431 2024/12/15T05:23:33z: p:1002.40 gasR:1325137.50 iaq:54.80(0) T:12.28(17.88) H:57.26(40.08) sIaq:59.16(0) Stabilization:1 Run in:0
 0h01:41.432 2024/12/15T05:23:34z: p:1002.38 gasR:1330302.00 iaq:54.77(0) T:12.27(17.87) H:57.27(40.05) sIaq:59.10(0) Stabilization:1 Run in:0
 0h01:41.532 2024/12/15T05:23:34z: DATA B(41),54,57,39,1002.38,0.03,26352,-54,101,0,1,2,0,1,2,4,4,201,61,12,1,1,1,59.10
 0h01:42.432 2024/12/15T05:23:35z: p:1002.39 gasR:1330302.00 iaq:54.75(0) T:12.27(17.87) H:57.30(40.06) sIaq:59.05(0) Stabilization:1 Run in:0
 0h01:42.448 2024/12/15T05:23:35z: DATA B(42),54,57,39,1002.39,0.03,26352,-54,102,0,1,2,0,1,2,4,4,189,57,6,4,2,1,59.05
 0h01:43.267 2024/12/15T05:23:35z: DATA B(43),54,57,39,1002.39,0.02,26352,-54,103,0,1,2,0,1,2,4,4,189,57,6,4,2,1,59.05
{"SensorId":"48:3f:da:26:d5:2a","DateTime":"2024/12/15T05:23:35z","Geo":"PurpleAir-d52a","Mem":26352,"memfrag":1,"memfb":26288,"memcs":800,"Id":1,"lat":0.000000,"lon":0.000000,"Adc":"nan","loggingrate":15,"place":"outside","version":"7.04","uptime":103,"rssi":-53,"period":103,"httpsuccess":0,"httpsends":0,"hardwareversion":"3.0","hardwarediscovered":"3.0+RV3028+BME68X+PMSX003-A+PMSX003-B","current_temp_f":54,"current_humidity":57,"current_dewpoint_f":39,"pressure":1002.39,"current_temp_f_680":54,"current_humidity_680":57,"current_dewpoint_f_680":39,"pressure_680":1002.39,"gas_680":"nan","p25aqic_b":"rgb(0,228,0)","pm2.5_aqi_b":6,"pm1_0_cf_1_b":0.42,"p_0_3_um_b":225.77,"pm2_5_cf_1_b":1.42,"p_0_5_um_b":69.37,"pm10_0_cf_1_b":3.00,"p_1_0_um_b":14.74,"pm1_0_atm_b":0.42,"p_2_5_um_b":3.23,"pm2_5_atm_b":1.42,"p_5_0_um_b":2.23,"pm10_0_atm_b":3.00,"p_10_0_um_b":1.09,"p25aqic":"rgb(0,228,0)","pm2.5_aqi":5,"pm1_0_cf_1":0.37,"p_0_3_um":226.57,"pm2_5_cf_1":1.15,"p_0_5_um":64.87,"pm10_0_cf_1":3.61,"p_1_0_um":14.15,"pm1_0_atm":0.37,"p_2_5_um":4.78,"pm2_5_atm":1.15,"p_5_0_um":3.22,"pm10_0_atm":3.61,"p_10_0_um":0.76,"wlstate":"Failed","status_0":0,"status_1":0,"status_2":0,"status_3":0,"status_4":2,"status_5":2,"status_7":0,"status_8":2,"status_9":2}
 0h01:43.547 2024/12/15T05:23:36z: update.purpleair.com:80/firmware/2mb/update.asp
 0h01:43.554 2024/12/15T05:23:36z: Error: -1
1 BSEC warning code : 100

UTCDateTime,mac_address,firmware_ver,hardware,current_temp_f,current_humidity,current_dewpoint_f,pressure,adc,mem,rssi,uptime,pm1_0_cf_1,pm2_5_cf_1,pm10_0_cf_1,pm1_0_atm,pm2_5_atm,pm10_0_atm,pm2.5_aqi_cf_1,pm2.5_aqi_atm,p_0_3_um,p_0_5_um,p_1_0_um,p_2_5_um,p_5_0_um,p_10_0_um,pm1_0_cf_1_b,pm2_5_cf_1_b,pm10_0_cf_1_b,pm1_0_atm_b,pm2_5_atm_b,pm10_0_atm_b,pm2.5_aqi_cf_1_b,pm2.5_aqi_atm_b,p_0_3_um_b,p_0_5_um_b,p_1_0_um_b,p_2_5_um_b,p_5_0_um_b,p_10_0_um_b,gas
2024/12/15T05:23:36z,48:3f:da:26:d5:2a,7.04,3.0+RV3028+BME68X+PMSX003-A+PMSX003-B,54,57,39,1002.39,nan,26352,-53,103,0.37,1.15,3.61,0.37,1.15,3.61,5,5,226.57,64.87,14.15,4.78,3.22,0.76,0.42,1.42,3.00,0.42,1.42,3.00,6,6,225.77,69.37,14.74,3.23,2.23,1.09,nan
1 BSEC warning code : 100

 ets Jan  8 2013,rst cause:1, boot mode:(3,7)

load 0x4010f000, len 1384, room 16 
tail 8
chksum 0x2d
csum 0x2d
v8b899c12
~ld


7.04
 0h00:00.282 1970/01/01T08:00:00z: SPIFFS Active
 0h00:03.955 2024/12/15T19:10:42z: 48:3f:da:26:d5:2a
 0h00:03.957 2024/12/15T19:10:42z: SSID: VALIS
1 BSEC warning code : 100

1 BSEC warning code : 100

 ets Jan  8 2013,rst cause:1, boot mode:(3,7)

load 0x4010f000, len 1384, room 16 
tail 8
chksum 0x2d
csum 0x2d
v8b899c12
~ld


7.04
 0h00:00.279 1970/01/01T08:00:00z: SPIFFS Active
 0h00:03.953 2024/12/15T19:30:24z: 48:3f:da:26:d5:2a
 0h00:03.954 2024/12/15T19:30:24z: SSID: VALIS
1 BSEC warning code : 100

1 BSEC warning code : 100

1 BSEC warning code : 100

 ets Jan  8 2013,rst cause:1, boot mode:(3,7)

load 0x4010f000, len 1384, room 16 
tail 8
chksum 0x2d
csum 0x2d
v8b899c12
~ld


7.04
 0h00:00.281 1970/01/01T08:00:00z: SPIFFS Active
 0h00:03.955 2024/12/15T19:50:07z: 48:3f:da:26:d5:2a
 0h00:03.956 2024/12/15T19:50:07z: SSID: VALIS
1 BSEC warning code : 100

 ets Jan  8 2013,rst cause:1, boot mode:(3,7)

load 0x4010f000, len 1384, room 16 
tail 8
chksum 0x2d
csum 0x2d
v8b899c12
~ld


7.04
 0h00:00.280 1970/01/01T08:00:00z: SPIFFS Active
 0h00:03.954 2024/12/15T20:09:49z: 48:3f:da:26:d5:2a
 0h00:03.956 2024/12/15T20:09:49z: SSID: VALIS
1 BSEC warning code : 100

 ets Jan  8 2013,rst cause:1, boot mode:(3,7)

load 0x4010f000, len 1384, room 16 
tail 8
chksum 0x2d
csum 0x2d
v8b899c12
~ld


7.04
 0h00:00.279 1970/01/01T08:00:00z: SPIFFS Active
 0h00:03.953 2024/12/15T20:29:31z: 48:3f:da:26:d5:2a
 0h00:03.955 2024/12/15T20:29:31z: SSID: VALIS
1 BSEC warning code : 100

1 BSEC warning code : 100

 ets Jan  8 2013,rst cause:1, boot mode:(3,7)

load 0x4010f000, len 1384, room 16 
tail 8
chksum 0x2d
csum 0x2d
v8b899c12
~ld


7.04
 0h00:00.280 1970/01/01T08:00:00z: SPIFFS Active
 0h00:03.954 2024/12/15T20:49:14z: 48:3f:da:26:d5:2a
 0h00:03.955 2024/12/15T20:49:14z: SSID: VALIS
1 BSEC warning code : 100

1 BSEC warning code : 100

1 BSEC warning code : 100

1 BSEC warning code : 100

1 BSEC warning code : 100

 ets Jan  8 2013,rst cause:1, boot mode:(3,7)

load 0x4010f000, len 1384, room 16 
tail 8
chksum 0x2d
csum 0x2d
v8b899c12
~ld


7.04
 0h00:00.279 1970/01/01T08:00:00z: SPIFFS Active
 0h00:03.953 2024/12/15T21:08:55z: 48:3f:da:26:d5:2a
 0h00:03.954 2024/12/15T21:08:55z: SSID: VALIS
1 BSEC warning code : 100

 ets Jan  8 2013,rst cause:1, boot mode:(3,7)

load 0x4010f000, len 1384, room 16 
tail 8
chksum 0x2d
csum 0x2d
v8b899c12
~ld


7.04
 0h00:00.282 1970/01/01T08:00:00z: SPIFFS Active
 0h00:03.955 2024/12/15T21:28:37z: 48:3f:da:26:d5:2a
 0h00:03.957 2024/12/15T21:28:37z: SSID: VALIS
1 BSEC warning code : 100

 ets Jan  8 2013,rst cause:1, boot mode:(3,7)

load 0x4010f000, len 1384, room 16 
tail 8
chksum 0x2d
csum 0x2d
v8b899c12
~ld


7.04
 0h00:00.279 1970/01/01T08:00:00z: SPIFFS Active
 0h00:03.953 2024/12/15T21:48:17z: 48:3f:da:26:d5:2a
 0h00:03.954 2024/12/15T21:48:17z: SSID: VALIS
1 BSEC warning code : 100

 ets Jan  8 2013,rst cause:1, boot mode:(3,7)

load 0x4010f000, len 1384, room 16 
tail 8
chksum 0x2d
csum 0x2d
v8b899c12
~ld


7.04
 0h00:00.285 1970/01/01T08:00:00z: SPIFFS Active
 0h00:03.959 2024/12/15T22:08:00z: 48:3f:da:26:d5:2a
 0h00:03.960 2024/12/15T22:08:00z: SSID: VALIS
1 BSEC warning code : 100

 ets Jan  8 2013,rst cause:1, boot mode:(3,7)

load 0x4010f000, len 1384, room 16 
tail 8
chksum 0x2d
csum 0x2d
v8b899c12
~ld


7.04
 0h00:00.281 1970/01/01T08:00:00z: SPIFFS Active
 0h00:03.954 2024/12/15T22:27:42z: 48:3f:da:26:d5:2a
 0h00:03.956 2024/12/15T22:27:42z: SSID: VALIS
1 BSEC warning code : 100

1 BSEC warning code : 100

1 BSEC warning code : 100

 ets Jan  8 2013,rst cause:1, boot mode:(3,7)

load 0x4010f000, len 1384, room 16 
tail 8
chksum 0x2d
csum 0x2d
v8b899c12
~ld


7.04
 0h00:00.282 1970/01/01T08:00:00z: SPIFFS Active
 0h00:03.956 2024/12/15T22:47:24z: 48:3f:da:26:d5:2a
 0h00:03.957 2024/12/15T22:47:24z: SSID: VALIS
1 BSEC warning code : 100

1 BSEC warning code : 100

 ets Jan  8 2013,rst cause:1, boot mode:(3,7)

load 0x4010f000, len 1384, room 16 
tail 8
chksum 0x2d
csum 0x2d
v8b899c12
~ld


7.04
 0h00:00.283 1970/01/01T08:00:00z: SPIFFS Active
 0h00:03.957 2024/12/15T23:07:07z: 48:3f:da:26:d5:2a
 0h00:03.958 2024/12/15T23:07:07z: SSID: VALIS
1 BSEC warning code : 100

 ets Jan  8 2013,rst cause:1, boot mode:(3,7)

load 0x4010f000, len 1384, room 16 
tail 8
chksum 0x2d
csum 0x2d
v8b899c12
~ld


7.04
 0h00:00.282 1970/01/01T08:00:00z: SPIFFS Active
 0h00:03.956 2024/12/15T23:26:49z: 48:3f:da:26:d5:2a
 0h00:03.957 2024/12/15T23:26:49z: SSID: VALIS
1 BSEC warning code : 100

 ets Jan  8 2013,rst cause:1, boot mode:(3,7)

load 0x4010f000, len 1384, room 16 
tail 8
chksum 0x2d
csum 0x2d
v8b899c12
~ld


7.04
 0h00:00.283 1970/01/01T08:00:00z: SPIFFS Active
 0h00:03.958 2024/12/15T23:46:31z: 48:3f:da:26:d5:2a
 0h00:03.959 2024/12/15T23:46:31z: SSID: VALIS
1 BSEC warning code : 100

1 BSEC warning code : 100

1 BSEC warning code : 100
