
1 BSEC warning code : 100

1 BSEC warning code : 100

1 BSEC warning code : 100

1 BSEC warning code : 100

 ets Jan  8 2013,rst cause:1, boot mode:(3,7)

load 0x4010f000, len 1384, room 16 
tail 8
chksum 0x2d
csum 0x2d
v8b899c12
~ld


7.04
 0h00:00.281 1970/01/01T08:00:00z: SPIFFS Active
 0h00:03.955 2025/02/25T00:17:19z: 48:3f:da:26:d5:2a
 0h00:03.956 2025/02/25T00:17:19z: SSID: VALIS
1 BSEC warning code : 100

1 BSEC warning code : 100

1 BSEC warning code : 100

1 BSEC warning code : 100

1 BSEC warning code : 100

 ets Jan  8 2013,rst cause:1, boot mode:(3,7)

load 0x4010f000, len 1384, room 16 
tail 8
chksum 0x2d
csum 0x2d
v8b899c12
~ld


7.04
 0h00:00.280 1970/01/01T08:00:00z: SPIFFS Active
 0h00:03.954 2025/02/25T00:37:02z: 48:3f:da:26:d5:2a
 0h00:03.955 2025/02/25T00:37:02z: SSID: VALIS
1 BSEC warning code : 100

1 BSEC warning code : 100

1 BSEC warning code : 100

1 BSEC warning code : 100

 ets Jan  8 2013,rst cause:1, boot mode:(3,7)

load 0x4010f000, len 1384, room 16 
tail 8
chksum 0x2d
csum 0x2d
v8b899c12
~ld


7.04
 0h00:00.277 1970/01/01T08:00:00z: SPIFFS Active
 0h00:03.951 2025/02/25T00:56:44z: 48:3f:da:26:d5:2a
 0h00:03.952 2025/02/25T00:56:44z: SSID: VALIS
1 BSEC warning code : 100

1 BSEC warning code : 100

 ets Jan  8 2013,rst cause:1, boot mode:(3,7)

load 0x4010f000, len 1384, room 16 
tail 8
chksum 0x2d
csum 0x2d
v8b899c12
~ld


7.04
 0h00:00.277 1970/01/01T08:00:00z: SPIFFS Active
 0h00:03.951 2025/02/25T01:16:26z: 48:3f:da:26:d5:2a
 0h00:03.953 2025/02/25T01:16:26z: SSID: VALIS
1 BSEC warning code : 100

1 BSEC warning code : 100

1 BSEC warning code : 100

 ets Jan  8 2013,rst cause:1, boot mode:(3,7)

load 0x4010f000, len 1384, room 16 
tail 8
chksum 0x2d
csum 0x2d
v8b899c12
~ld


7.04
 0h00:00.279 1970/01/01T08:00:00z: SPIFFS Active
 0h00:03.953 2025/02/25T01:36:08z: 48:3f:da:26:d5:2a
 0h00:03.954 2025/02/25T01:36:08z: SSID: VALIS
1 BSEC warning code : 100

1 BSEC warning code : 100

1 BSEC warning code : 100

1 BSEC warning code : 100

 ets Jan  8 2013,rst cause:1, boot mode:(3,7)

load 0x4010f000, len 1384, room 16 
tail 8
chksum 0x2d
csum 0x2d
v8b899c12
~ld


7.04
 0h00:00.276 1970/01/01T08:00:00z: SPIFFS Active
 0h00:03.950 2025/02/25T01:55:51z: 48:3f:da:26:d5:2a
 0h00:03.952 2025/02/25T01:55:51z: SSID: VALIS
1 BSEC warning code : 100

1 BSEC warning code : 100

1 BSEC warning code : 100

1 BSEC warning code : 100

 ets Jan  8 2013,rst cause:1, boot mode:(3,7)

load 0x4010f000, len 1384, room 16 
tail 8
chksum 0x2d
csum 0x2d
v8b899c12
~ld


7.04
 0h00:00.278 1970/01/01T08:00:00z: SPIFFS Active
 0h00:03.952 2025/02/25T02:15:33z: 48:3f:da:26:d5:2a
 0h00:03.953 2025/02/25T02:15:33z: SSID: VALIS
1 BSEC warning code : 100

1 BSEC warning code : 100

1 BSEC warning code : 100

 ets Jan  8 2013,rst cause:1, boot mode:(3,7)

load 0x4010f000, len 1384, room 16 
tail 8
chksum 0x2d
csum 0x2d
v8b899c12
~ld


7.04
 0h00:00.287 1970/01/01T08:00:00z: SPIFFS Active
 0h00:03.961 2025/02/25T02:35:16z: 48:3f:da:26:d5:2a
 0h00:03.963 2025/02/25T02:35:16z: SSID: VALIS
1 BSEC warning code : 100

1 BSEC warning code : 100

 ets Jan  8 2013,rst cause:1, boot mode:(3,7)

load 0x4010f000, len 1384, room 16 
tail 8
chksum 0x2d
csum 0x2d
v8b899c12
~ld


7.04
 0h00:00.281 1970/01/01T08:00:00z: SPIFFS Active
 0h00:03.955 2025/02/25T02:54:58z: 48:3f:da:26:d5:2a
 0h00:03.956 2025/02/25T02:54:58z: SSID: VALIS
1 BSEC warning code : 100

1 BSEC warning code : 100

 ets Jan  8 2013,rst cause:1, boot mode:(3,7)

load 0x4010f000, len 1384, room 16 
tail 8
chksum 0x2d
csum 0x2d
v8b899c12
~ld


7.04
 0h00:00.283 1970/01/01T08:00:00z: SPIFFS Active
 0h00:03.957 2025/02/25T03:14:40z: 48:3f:da:26:d5:2a
 0h00:03.959 2025/02/25T03:14:40z: SSID: VALIS
1 BSEC warning code : 100

1 BSEC warning code : 100

1 BSEC warning code : 100

 ets Jan  8 2013,rst cause:1, boot mode:(3,7)

load 0x4010f000, len 1384, room 16 
tail 8
chksum 0x2d
csum 0x2d
v8b899c12
~ld


7.04
 0h00:00.280 1970/01/01T08:00:00z: SPIFFS Active
 0h00:03.954 2025/02/25T03:34:23z: 48:3f:da:26:d5:2a
 0h00:03.956 2025/02/25T03:34:23z: SSID: VALIS
1 BSEC warning code : 100

1 BSEC warning code : 100

1 BSEC warning code : 100

1 BSEC warning code : 100

1 BSEC warning code : 100

 ets Jan  8 2013,rst cause:1, boot mode:(3,7)

load 0x4010f000, len 1384, room 16 
tail 8
chksum 0x2d
csum 0x2d
v8b899c12
~ld


7.04
 0h00:00.282 1970/01/01T08:00:00z: SPIFFS Active
 0h00:03.956 2025/02/25T03:54:05z: 48:3f:da:26:d5:2a
 0h00:03.957 2025/02/25T03:54:05z: SSID: VALIS
1 BSEC warning code : 100

1 BSEC warning code : 100

 ets Jan  8 2013,rst cause:1, boot mode:(3,7)

load 0x4010f000, len 1384, room 16 
tail 8
chksum 0x2d
csum 0x2d
v8b899c12
~ld


7.04
 0h00:00.280 1970/01/01T08:00:00z: SPIFFS Active
 0h00:03.954 2025/02/25T04:13:47z: 48:3f:da:26:d5:2a
 0h00:03.956 2025/02/25T04:13:47z: SSID: VALIS
1 BSEC warning code : 100

1 BSEC warning code : 100

1 BSEC warning code : 100

1 BSEC warning code : 100

 ets Jan  8 2013,rst cause:1, boot mode:(3,7)

load 0x4010f000, len 1384, room 16 
tail 8
chksum 0x2d
csum 0x2d
v8b899c12
~ld


7.04
 0h00:00.281 1970/01/01T08:00:00z: SPIFFS Active
 0h00:03.955 2025/02/25T04:33:30z: 48:3f:da:26:d5:2a
 0h00:03.957 2025/02/25T04:33:30z: SSID: VALIS
1 BSEC warning code : 100

1 BSEC warning code : 100

1 BSEC warning code : 100

 ets Jan  8 2013,rst cause:1, boot mode:(3,7)

load 0x4010f000, len 1384, room 16 
tail 8
chksum 0x2d
csum 0x2d
v8b899c12
~ld


7.04
 0h00:00.280 1970/01/01T08:00:00z: SPIFFS Active
 0h00:03.955 2025/02/25T04:53:12z: 48:3f:da:26:d5:2a
 0h00:03.956 2025/02/25T04:53:12z: SSID: VALIS
1 BSEC warning code : 100

1 BSEC warning code : 100

 ets Jan  8 2013,rst cause:1, boot mode:(3,7)

load 0x4010f000, len 1384, room 16 
tail 8
chksum 0x2d
csum 0x2d
v8b899c12
~ld


7.04
 0h00:00.283 1970/01/01T08:00:00z: SPIFFS Active
 0h00:03.957 2025/02/25T05:12:54z: 48:3f:da:26:d5:2a
 0h00:03.959 2025/02/25T05:12:54z: SSID: VALIS
1 BSEC warning code : 100

1 BSEC warning code : 100

 ets Jan  8 2013,rst cause:1, boot mode:(3,7)

load 0x4010f000, len 1384, room 16 
tail 8
chksum 0x2d
csum 0x2d
v8b899c12
~ld


7.04
 0h00:00.276 1970/01/01T08:00:00z: SPIFFS Active
 0h00:03.950 2025/02/25T05:32:37z: 48:3f:da:26:d5:2a
 0h00:03.952 2025/02/25T05:32:37z: SSID: VALIS
1 BSEC warning code : 100

1 BSEC warning code : 100

 ets Jan  8 2013,rst cause:1, boot mode:(3,7)

load 0x4010f000, len 1384, room 16 
tail 8
chksum 0x2d
csum 0x2d
v8b899c12
~ld


7.04
 0h00:00.277 1970/01/01T08:00:00z: SPIFFS Active
 0h00:03.952 2025/02/25T05:52:19z: 48:3f:da:26:d5:2a
 0h00:03.953 2025/02/25T05:52:19z: SSID: VALIS
1 BSEC warning code : 100

1 BSEC warning code : 100

1 BSEC warning code : 100

 ets Jan  8 2013,rst cause:1, boot mode:(3,7)

load 0x4010f000, len 1384, room 16 
tail 8
chksum 0x2d
csum 0x2d
v8b899c12
~ld


7.04
 0h00:00.277 1970/01/01T08:00:00z: SPIFFS Active
 0h00:03.951 2025/02/25T06:12:02z: 48:3f:da:26:d5:2a
 0h00:03.953 2025/02/25T06:12:02z: SSID: VALIS
1 BSEC warning code : 100

1 BSEC warning code : 100

1 BSEC warning code : 100

 ets Jan  8 2013,rst cause:1, boot mode:(3,7)

load 0x4010f000, len 1384, room 16 
tail 8
chksum 0x2d
csum 0x2d
v8b899c12
~ld


7.04
 0h00:00.278 1970/01/01T08:00:00z: SPIFFS Active
 0h00:03.953 2025/02/25T06:31:44z: 48:3f:da:26:d5:2a
 0h00:03.954 2025/02/25T06:31:44z: SSID: VALIS
1 BSEC warning code : 100

1 BSEC warning code : 100

1 BSEC warning code : 100

1 BSEC warning code : 100

 ets Jan  8 2013,rst cause:1, boot mode:(3,7)

load 0x4010f000, len 1384, room 16 
tail 8
chksum 0x2d
csum 0x2d
v8b899c12
~ld


7.04
 0h00:00.278 1970/01/01T08:00:00z: SPIFFS Active
 0h00:03.952 2025/02/25T06:51:26z: 48:3f:da:26:d5:2a
 0h00:03.954 2025/02/25T06:51:26z: SSID: VALIS
1 BSEC warning code : 100

1 BSEC warning code : 100

1 BSEC warning code : 100

 ets Jan  8 2013,rst cause:1, boot mode:(3,7)

load 0x4010f000, len 1384, room 16 
tail 8
chksum 0x2d
csum 0x2d
v8b899c12
~ld


7.04
 0h00:00.281 1970/01/01T08:00:00z: SPIFFS Active
 0h00:03.956 2025/02/25T07:11:09z: 48:3f:da:26:d5:2a
 0h00:03.957 2025/02/25T07:11:09z: SSID: VALIS
1 BSEC warning code : 100

1 BSEC warning code : 100

1 BSEC warning code : 100

 ets Jan  8 2013,rst cause:1, boot mode:(3,7)

load 0x4010f000, len 1384, room 16 
tail 8
chksum 0x2d
csum 0x2d
v8b899c12
~ld


7.04
 0h00:00.280 1970/01/01T08:00:00z: SPIFFS Active
 0h00:03.955 2025/02/25T07:30:52z: 48:3f:da:26:d5:2a
 0h00:03.956 2025/02/25T07:30:52z: SSID: VALIS
1 BSEC warning code : 100

1 BSEC warning code : 100

1 BSEC warning code : 100

 ets Jan  8 2013,rst cause:1, boot mode:(3,7)

load 0x4010f000, len 1384, room 16 
tail 8
chksum 0x2d
csum 0x2d
v8b899c12
~ld


7.04
 0h00:00.277 1970/01/01T08:00:00z: SPIFFS Active
 0h00:03.951 2025/02/25T07:50:34z: 48:3f:da:26:d5:2a
 0h00:03.953 2025/02/25T07:50:34z: SSID: VALIS
1 BSEC warning code : 100

1 BSEC warning code : 100

1 BSEC warning code : 100

 ets Jan  8 2013,rst cause:1, boot mode:(3,7)

load 0x4010f000, len 1384, room 16 
tail 8
chksum 0x2d
csum 0x2d
v8b899c12
~ld


7.04
 0h00:00.274 1970/01/01T08:00:00z: SPIFFS Active
 0h00:03.949 2025/02/25T08:10:17z: 48:3f:da:26:d5:2a
 0h00:03.950 2025/02/25T08:10:17z: SSID: VALIS
1 BSEC warning code : 100

1 BSEC warning code : 100

1 BSEC warning code : 100

1 BSEC warning code : 100

 ets Jan  8 2013,rst cause:1, boot mode:(3,7)

load 0x4010f000, len 1384, room 16 
tail 8
chksum 0x2d
csum 0x2d
v8b899c12
~ld


7.04
 0h00:00.279 1970/01/01T08:00:00z: SPIFFS Active
 0h00:03.954 2025/02/25T08:29:59z: 48:3f:da:26:d5:2a
 0h00:03.955 2025/02/25T08:29:59z: SSID: VALIS
1 BSEC warning code : 100

1 BSEC warning code : 100

1 BSEC warning code : 100

 ets Jan  8 2013,rst cause:1, boot mode:(3,7)

load 0x4010f000, len 1384, room 16 
tail 8
chksum 0x2d
csum 0x2d
v8b899c12
~ld


7.04
 0h00:00.277 1970/01/01T08:00:00z: SPIFFS Active
 0h00:03.951 2025/02/25T08:49:41z: 48:3f:da:26:d5:2a
 0h00:03.953 2025/02/25T08:49:41z: SSID: VALIS
1 BSEC warning code : 100

1 BSEC warning code : 100

1 BSEC warning code : 100

1 BSEC warning code : 100

 ets Jan  8 2013,rst cause:1, boot mode:(3,7)

load 0x4010f000, len 1384, room 16 
tail 8
chksum 0x2d
csum 0x2d
v8b899c12
~ld


7.04
 0h00:00.274 1970/01/01T08:00:00z: SPIFFS Active
 0h00:03.949 2025/02/25T09:09:24z: 48:3f:da:26:d5:2a
 0h00:03.950 2025/02/25T09:09:24z: SSID: VALIS
1 BSEC warning code : 100

1 BSEC warning code : 100

 ets Jan  8 2013,rst cause:1, boot mode:(3,7)

load 0x4010f000, len 1384, room 16 
tail 8
chksum 0x2d
csum 0x2d
v8b899c12
~ld


7.04
 0h00:00.279 1970/01/01T08:00:00z: SPIFFS Active
 0h00:03.954 2025/02/25T09:29:06z: 48:3f:da:26:d5:2a
 0h00:03.956 2025/02/25T09:29:06z: SSID: VALIS
1 BSEC warning code : 100

1 BSEC warning code : 100

1 BSEC warning code : 100

1 BSEC warning code : 100

1 BSEC warning code : 100

 ets Jan  8 2013,rst cause:1, boot mode:(3,7)

load 0x4010f000, len 1384, room 16 
tail 8
chksum 0x2d
csum 0x2d
v8b899c12
~ld


7.04
 0h00:00.280 1970/01/01T08:00:00z: SPIFFS Active
 0h00:03.955 2025/02/25T09:48:48z: 48:3f:da:26:d5:2a
 0h00:03.956 2025/02/25T09:48:48z: SSID: VALIS
1 BSEC warning code : 100

1 BSEC warning code : 100

 ets Jan  8 2013,rst cause:1, boot mode:(3,7)

load 0x4010f000, len 1384, room 16 
tail 8
chksum 0x2d
csum 0x2d
v8b899c12
~ld


7.04
 0h00:00.277 1970/01/01T08:00:00z: SPIFFS Active
 0h00:03.952 2025/02/25T10:08:31z: 48:3f:da:26:d5:2a
 0h00:03.954 2025/02/25T10:08:31z: SSID: VALIS
1 BSEC warning code : 100

1 BSEC warning code : 100

1 BSEC warning code : 100

 ets Jan  8 2013,rst cause:1, boot mode:(3,7)

load 0x4010f000, len 1384, room 16 
tail 8
chksum 0x2d
csum 0x2d
v8b899c12
~ld


7.04
 0h00:00.279 1970/01/01T08:00:00z: SPIFFS Active
 0h00:03.953 2025/02/25T10:28:13z: 48:3f:da:26:d5:2a
 0h00:03.955 2025/02/25T10:28:13z: SSID: VALIS
 0h00:12.228 2025/02/25T10:28:22z: PMSX003-A (1277ms)
 0h00:13.828 2025/02/25T10:28:23z: PMSX003-B (1598ms)
 0h00:13.830 2025/02/25T10:28:23z: 3.0+RV3028+BME68X+PMSX003-A+PMSX003-B
 0h00:14.845 2025/02/25T10:28:24z: p:992.93 gasR:1666734.50 iaq:51.89(0) T:8.26(11.25) H:88.38(48.58) sIaq:54.77(0) Stabilization:1 Run in:0
 0h00:15.511 2025/02/25T10:28:25z: DATA A(2),46,88,42,992.93,0.03,26448,-49,15,0,0,0,0,0,0,0,0,15,5,0,0,0,0,54.77
 0h00:15.845 2025/02/25T10:28:25z: p:992.97 gasR:1668771.62 iaq:51.89(0) T:9.20(14.80) H:83.44(49.49) sIaq:54.77(0) Stabilization:1 Run in:0
 0h00:16.346 2025/02/25T10:28:26z: DATA A(3),48,83,43,992.97,0.02,26352,-49,16,0,0,0,0,0,0,0,0,15,5,0,0,0,0,54.77
 0h00:16.844 2025/02/25T10:28:26z: p:993.00 gasR:1666734.50 iaq:51.84(0) T:10.07(15.67) H:78.48(49.73) sIaq:54.66(0) Stabilization:1 Run in:0
 0h00:17.253 2025/02/25T10:28:27z: DATA A(4),50,78,43,993.00,0.03,26352,-49,17,0,0,0,0,0,0,0,0,15,5,0,0,0,0,54.66
 0h00:17.845 2025/02/25T10:28:27z: p:993.04 gasR:1668771.62 iaq:51.78(0) T:10.43(16.03) H:76.11(49.66) sIaq:54.51(0) Stabilization:1 Run in:0
 0h00:18.089 2025/02/25T10:28:27z: DATA A(5),50,76,42,993.04,0.02,26352,-48,18,0,0,0,0,0,0,0,0,15,5,0,0,0,0,54.51
 0h00:18.844 2025/02/25T10:28:28z: p:992.99 gasR:1662675.00 iaq:51.76(0) T:10.62(16.22) H:74.63(49.49) sIaq:54.45(0) Stabilization:1 Run in:0
 0h00:18.924 2025/02/25T10:28:28z: DATA A(6),51,74,43,992.99,0.02,26352,-49,18,0,0,0,0,0,0,0,0,15,5,0,0,0,0,54.45
 0h00:19.845 2025/02/25T10:28:29z: p:993.01 gasR:1672860.88 iaq:51.68(0) T:10.76(16.36) H:73.34(49.22) sIaq:54.26(0) Stabilization:1 Run in:0
 0h00:20.709 2025/02/25T10:28:30z: DATA B(2),51,73,42,993.01,0.03,26352,-49,20,0,0,0,0,0,0,0,0,0,0,0,0,0,0,54.26
 0h00:20.845 2025/02/25T10:28:30z: p:993.06 gasR:1672860.88 iaq:51.61(0) T:10.84(16.45) H:72.38(48.97) sIaq:54.08(0) Stabilization:1 Run in:0
 0h00:21.541 2025/02/25T10:28:31z: DATA B(3),51,72,42,993.06,0.02,26352,-49,21,0,0,0,0,0,0,0,0,0,0,0,0,0,0,54.08
 0h00:21.845 2025/02/25T10:28:31z: p:993.09 gasR:1679032.62 iaq:51.52(0) T:10.92(16.52) H:71.52(48.72) sIaq:53.84(0) Stabilization:1 Run in:0
 0h00:22.444 2025/02/25T10:28:32z: DATA B(4),51,71,42,993.09,0.03,26352,-48,22,0,0,0,0,0,0,0,0,9,3,1,0,0,0,53.84
 0h00:22.845 2025/02/25T10:28:32z: p:993.17 gasR:1679032.62 iaq:51.43(0) T:10.99(16.59) H:70.76(48.48) sIaq:53.63(0) Stabilization:1 Run in:0
 0h00:23.276 2025/02/25T10:28:33z: DATA B(5),51,70,41,993.17,0.03,26352,-48,23,0,0,0,0,0,0,0,0,9,3,1,0,0,0,53.63
 0h00:23.844 2025/02/25T10:28:33z: p:993.19 gasR:1684210.50 iaq:51.33(0) T:11.05(16.65) H:70.09(48.25) sIaq:53.37(0) Stabilization:1 Run in:0
 0h00:24.108 2025/02/25T10:28:34z: DATA B(6),51,70,41,993.19,0.03,26352,-48,24,0,0,0,0,0,0,0,0,9,3,1,0,0,0,53.37
 0h00:24.845 2025/02/25T10:28:34z: p:993.22 gasR:1686290.62 iaq:51.23(0) T:11.08(16.69) H:69.59(48.05) sIaq:53.11(0) Stabilization:1 Run in:0
 0h00:25.823 2025/02/25T10:28:35z: DATA A(7),51,69,41,993.22,0.03,26352,-49,25,0,0,0,0,0,0,0,0,18,6,1,1,1,0,53.11
 0h00:25.845 2025/02/25T10:28:35z: p:993.24 gasR:1687332.62 iaq:51.13(0) T:11.11(16.72) H:69.16(47.87) sIaq:52.87(0) Stabilization:1 Run in:0
 0h00:26.659 2025/02/25T10:28:36z: DATA A(8),52,69,42,993.24,0.02,26352,-49,26,0,0,0,0,0,0,0,0,18,6,1,1,1,0,52.87
 0h00:26.844 2025/02/25T10:28:36z: p:993.25 gasR:1699937.75 iaq:50.98(0) T:11.13(16.73) H:68.81(47.69) sIaq:52.48(0) Stabilization:1 Run in:0
 0h00:27.565 2025/02/25T10:28:37z: DATA A(9),52,68,42,993.25,0.02,26352,-49,27,0,0,0,0,0,0,0,0,18,6,1,1,1,0,52.48
 0h00:27.845 2025/02/25T10:28:37z: p:993.18 gasR:1683172.38 iaq:50.94(0) T:11.15(16.75) H:68.47(47.52) sIaq:52.38(0) Stabilization:1 Run in:0
 0h00:28.401 2025/02/25T10:28:38z: DATA A(10),52,68,41,993.18,0.03,26352,-49,28,0,0,0,0,0,0,0,0,18,6,1,1,1,0,52.38
 0h00:28.844 2025/02/25T10:28:38z: p:993.16 gasR:1684210.50 iaq:50.90(0) T:11.18(16.78) H:68.13(47.38) sIaq:52.28(0) Stabilization:1 Run in:0
 0h00:29.237 2025/02/25T10:28:39z: DATA A(11),52,68,41,993.16,0.02,26352,-49,29,0,0,0,0,0,0,0,0,18,6,1,1,1,0,52.28
 0h00:29.845 2025/02/25T10:28:39z: p:993.14 gasR:1697823.88 iaq:50.79(0) T:11.19(16.79) H:67.87(47.23) sIaq:52.00(0) Stabilization:1 Run in:0
 0h00:30.844 2025/02/25T10:28:40z: p:993.13 gasR:1693611.75 iaq:50.72(0) T:11.22(16.82) H:67.59(47.12) sIaq:51.81(0) Stabilization:1 Run in:0
 0h00:30.976 2025/02/25T10:28:40z: DATA B(7),52,67,41,993.13,0.02,26352,-49,30,0,0,0,0,0,0,0,0,9,3,1,0,0,0,51.81
 0h00:31.809 2025/02/25T10:28:41z: DATA B(8),52,67,41,993.13,0.03,26352,-49,31,0,0,0,0,0,0,0,0,9,3,1,0,0,0,51.81
 0h00:31.845 2025/02/25T10:28:41z: p:993.09 gasR:1695715.12 iaq:50.64(0) T:11.25(16.85) H:67.31(47.01) sIaq:51.62(0) Stabilization:1 Run in:0
 0h00:32.711 2025/02/25T10:28:42z: DATA B(9),52,67,41,993.09,0.03,26352,-49,32,0,0,0,0,0,0,0,0,12,4,1,0,0,0,51.62
 0h00:32.845 2025/02/25T10:28:42z: p:993.04 gasR:1707378.12 iaq:50.51(0) T:11.27(16.87) H:67.13(46.91) sIaq:51.29(0) Stabilization:1 Run in:0
 0h00:33.543 2025/02/25T10:28:43z: DATA B(10),52,67,41,993.04,0.03,26352,-49,33,0,0,0,0,0,0,0,0,12,4,1,0,0,0,51.29
 0h00:33.845 2025/02/25T10:28:43z: p:993.00 gasR:1695715.12 iaq:50.46(0) T:11.27(16.88) H:66.98(46.81) sIaq:51.17(0) Stabilization:1 Run in:0
 0h00:34.844 2025/02/25T10:28:44z: p:993.02 gasR:1689420.50 iaq:50.45(0) T:11.29(16.89) H:66.84(46.73) sIaq:51.15(0) Stabilization:1 Run in:0
 0h00:35.300 2025/02/25T10:28:45z: DATA A(12),52,66,41,993.02,0.03,26352,-49,35,0,0,0,0,0,0,0,0,12,4,2,1,1,0,51.15
 0h00:35.845 2025/02/25T10:28:45z: p:992.97 gasR:1686290.62 iaq:50.47(0) T:11.30(16.90) H:66.66(46.63) sIaq:51.18(0) Stabilization:1 Run in:0
 0h00:36.135 2025/02/25T10:28:46z: DATA A(13),52,66,41,992.97,0.02,26352,-49,36,0,0,0,0,0,0,0,0,12,4,2,1,1,0,51.18
 0h00:36.844 2025/02/25T10:28:46z: p:992.92 gasR:1694662.75 iaq:50.43(0) T:11.31(16.92) H:66.53(46.56) sIaq:51.09(0) Stabilization:1 Run in:0
 0h00:36.971 2025/02/25T10:28:46z: DATA A(14),52,66,41,992.92,0.02,26352,-49,36,0,0,0,0,0,0,0,0,12,4,2,1,1,0,51.09
 0h00:37.845 2025/02/25T10:28:47z: p:992.92 gasR:1699937.75 iaq:50.37(0) T:11.32(16.93) H:66.42(46.49) sIaq:50.94(0) Stabilization:1 Run in:0
 0h00:37.878 2025/02/25T10:28:47z: DATA A(15),52,66,41,992.92,0.02,26352,-48,37,0,0,0,0,0,0,0,0,12,4,2,1,1,0,50.94
 0h00:38.713 2025/02/25T10:28:48z: DATA A(16),52,66,41,992.92,0.02,26352,-49,38,0,0,0,0,0,0,0,0,12,4,2,1,1,0,50.94
 0h00:38.844 2025/02/25T10:28:48z: p:992.91 gasR:1692562.00 iaq:50.36(0) T:11.33(16.93) H:66.32(46.42) sIaq:50.92(0) Stabilization:1 Run in:0
 0h00:39.845 2025/02/25T10:28:49z: p:992.98 gasR:1686290.62 iaq:50.39(0) T:11.36(16.96) H:66.19(46.39) sIaq:50.98(0) Stabilization:1 Run in:0
 0h00:40.411 2025/02/25T10:28:50z: DATA B(11),52,66,41,992.98,0.02,26352,-49,40,0,0,0,0,0,0,0,0,12,4,1,0,0,0,50.98
 0h00:40.844 2025/02/25T10:28:50z: p:993.00 gasR:1703118.50 iaq:50.32(0) T:11.38(16.98) H:66.11(46.37) sIaq:50.80(0) Stabilization:1 Run in:0
 0h00:41.244 2025/02/25T10:28:51z: DATA B(12),52,66,41,993.00,0.02,26352,-49,41,0,0,0,0,0,0,0,0,12,4,1,0,0,0,50.80
 0h00:41.844 2025/02/25T10:28:51z: p:993.03 gasR:1693611.75 iaq:50.31(0) T:11.40(17.00) H:65.95(46.28) sIaq:50.78(0) Stabilization:1 Run in:0
 0h00:42.076 2025/02/25T10:28:51z: DATA B(13),52,65,40,993.03,0.02,26352,-49,42,0,0,0,0,0,0,0,0,12,4,1,0,0,0,50.78
 0h00:42.845 2025/02/25T10:28:52z: p:993.09 gasR:1698880.12 iaq:50.27(0) T:11.42(17.02) H:65.89(46.27) sIaq:50.69(0) Stabilization:1 Run in:0
 0h00:42.978 2025/02/25T10:28:52z: DATA B(14),52,65,40,993.09,0.02,26352,-49,42,0,0,0,0,0,0,0,0,12,4,1,0,0,0,50.69
 0h00:43.811 2025/02/25T10:28:53z: DATA B(15),52,65,40,993.09,0.03,26352,-49,43,0,0,0,0,0,0,0,0,12,4,1,0,0,0,50.69
 0h00:43.845 2025/02/25T10:28:53z: p:993.10 gasR:1698880.12 iaq:50.24(0) T:11.42(17.02) H:65.88(46.23) sIaq:50.61(0) Stabilization:1 Run in:0
 0h00:44.844 2025/02/25T10:28:54z: p:993.08 gasR:1689420.50 iaq:50.27(0) T:11.43(17.04) H:65.81(46.19) sIaq:50.68(0) Stabilization:1 Run in:0
 0h00:45.612 2025/02/25T10:28:55z: DATA A(17),52,65,40,993.08,0.03,26352,-49,45,0,0,0,0,0,0,0,0,15,5,3,1,1,0,50.68
 0h00:45.844 2025/02/25T10:28:55z: p:993.07 gasR:1693611.75 iaq:50.27(0) T:11.44(17.04) H:65.82(46.17) sIaq:50.68(0) Stabilization:1 Run in:0
 0h00:46.448 2025/02/25T10:28:56z: DATA A(18),52,65,40,993.07,0.03,26352,-48,46,0,0,0,0,0,0,0,0,15,5,3,1,1,0,50.68
 0h00:46.844 2025/02/25T10:28:56z: p:993.07 gasR:1699937.75 iaq:50.23(0) T:11.44(17.05) H:65.80(46.15) sIaq:50.59(0) Stabilization:1 Run in:0
 0h00:47.284 2025/02/25T10:28:57z: DATA A(19),52,65,40,993.07,0.03,26352,-49,47,0,0,0,0,0,0,0,0,15,5,3,1,1,0,50.59
 0h00:47.845 2025/02/25T10:28:57z: p:993.10 gasR:1700996.62 iaq:50.20(0) T:11.47(17.07) H:65.69(46.11) sIaq:50.50(0) Stabilization:1 Run in:0
 0h00:48.190 2025/02/25T10:28:58z: DATA A(20),52,65,40,993.10,0.03,26352,-48,48,0,0,0,0,0,0,0,0,27,9,2,0,0,0,50.50
 0h00:48.845 2025/02/25T10:28:58z: p:993.05 gasR:1706311.12 iaq:50.14(0) T:11.47(17.08) H:65.70(46.11) sIaq:50.34(0) Stabilization:1 Run in:0
 0h00:49.026 2025/02/25T10:28:58z: DATA A(21),52,65,40,993.05,0.03,26352,-48,49,0,0,0,0,0,0,0,0,27,9,2,0,0,0,50.34
 0h00:49.845 2025/02/25T10:28:59z: p:993.01 gasR:1698880.12 iaq:50.12(0) T:11.49(17.09) H:65.67(46.10) sIaq:50.31(0) Stabilization:1 Run in:0
 0h00:50.679 2025/02/25T10:29:00z: DATA B(16),52,65,40,993.01,0.03,26352,-48,50,0,0,0,0,0,0,0,0,3,1,0,0,0,0,50.31
 0h00:50.845 2025/02/25T10:29:00z: p:993.02 gasR:1690466.38 iaq:50.16(0) T:11.51(17.11) H:65.61(46.09) sIaq:50.40(0) Stabilization:1 Run in:0
 0h00:51.511 2025/02/25T10:29:01z: DATA B(17),52,65,40,993.02,0.02,26352,-49,51,0,0,0,0,0,0,0,0,3,1,0,0,0,0,50.40
 0h00:51.844 2025/02/25T10:29:01z: p:992.99 gasR:1699937.75 iaq:50.14(0) T:11.52(17.12) H:65.59(46.07) sIaq:50.35(0) Stabilization:1 Run in:0
 0h00:52.344 2025/02/25T10:29:02z: DATA B(18),52,65,40,992.99,0.02,26352,-49,52,0,0,0,0,0,0,0,0,3,1,0,0,0,0,50.35
 0h00:52.845 2025/02/25T10:29:02z: p:993.00 gasR:1704181.38 iaq:50.10(0) T:11.54(17.14) H:65.52(46.04) sIaq:50.25(0) Stabilization:1 Run in:0
 0h00:53.246 2025/02/25T10:29:03z: DATA B(19),52,65,40,993.00,0.03,26352,-49,53,0,0,0,0,0,0,0,0,3,1,0,0,0,0,50.25
 0h00:53.845 2025/02/25T10:29:03z: p:993.03 gasR:1709515.88 iaq:50.03(0) T:11.55(17.15) H:65.50(46.03) sIaq:50.08(0) Stabilization:1 Run in:0
 0h00:54.078 2025/02/25T10:29:03z: DATA B(20),52,65,40,993.03,0.03,26352,-49,54,0,0,0,0,0,0,0,0,3,1,0,0,0,0,50.08
 0h00:54.845 2025/02/25T10:29:04z: p:993.01 gasR:1697823.88 iaq:50.04(0) T:11.56(17.17) H:65.49(46.03) sIaq:50.10(0) Stabilization:1 Run in:0
 0h00:55.845 2025/02/25T10:29:05z: p:992.98 gasR:1704181.38 iaq:50.01(0) T:11.56(17.17) H:65.51(46.01) sIaq:50.02(0) Stabilization:1 Run in:0
 0h00:55.924 2025/02/25T10:29:05z: DATA A(22),52,65,40,992.98,0.03,26352,-49,55,0,0,0,0,0,0,0,0,30,10,3,0,0,0,50.02
 0h00:56.759 2025/02/25T10:29:06z: DATA A(23),52,65,40,992.98,0.03,26352,-49,56,0,0,0,0,0,0,0,0,30,10,3,0,0,0,50.02
 0h00:56.845 2025/02/25T10:29:06z: p:993.01 gasR:1706311.12 iaq:50.00(0) T:11.56(17.16) H:65.54(45.98) sIaq:50.00(0) Stabilization:1 Run in:0
 0h00:57.595 2025/02/25T10:29:07z: DATA A(24),52,65,40,993.01,0.03,26352,-49,57,0,0,0,0,0,0,0,0,30,10,3,0,0,0,50.00
 0h00:57.845 2025/02/25T10:29:07z: p:993.01 gasR:1695715.12 iaq:50.00(0) T:11.56(17.17) H:65.53(45.97) sIaq:50.00(0) Stabilization:1 Run in:0
 0h00:58.502 2025/02/25T10:29:08z: DATA A(25),52,65,40,993.01,0.03,26352,-48,58,0,0,0,0,0,0,0,0,24,8,3,0,0,0,50.00
 0h00:58.845 2025/02/25T10:29:08z: p:992.94 gasR:1690466.38 iaq:50.05(0) T:11.57(17.17) H:65.53(45.95) sIaq:50.13(0) Stabilization:1 Run in:0
 0h00:59.337 2025/02/25T10:29:09z: DATA A(26),52,65,40,992.94,0.03,26352,-49,59,0,0,0,0,0,0,0,0,24,8,3,0,0,0,50.13
 0h00:59.845 2025/02/25T10:29:09z: p:992.91 gasR:1700996.62 iaq:50.04(0) T:11.57(17.17) H:65.52(45.93) sIaq:50.10(0) Stabilization:1 Run in:0
 0h01:00.844 2025/02/25T10:29:10z: p:992.94 gasR:1708446.25 iaq:50.00(0) T:11.58(17.18) H:65.51(45.92) sIaq:50.00(0) Stabilization:1 Run in:0
 0h01:00.947 2025/02/25T10:29:10z: DATA B(21),52,65,40,992.94,0.03,26352,-46,60,0,0,0,0,0,0,0,0,0,0,0,0,0,0,50.00
 0h01:01.779 2025/02/25T10:29:11z: DATA B(22),52,65,40,992.94,0.02,26352,-49,61,0,0,0,0,0,0,0,0,0,0,0,0,0,0,50.00
 0h01:01.845 2025/02/25T10:29:11z: p:992.96 gasR:1705245.62 iaq:50.00(0) T:11.58(17.19) H:65.50(45.91) sIaq:50.00(0) Stabilization:1 Run in:0
 0h01:02.611 2025/02/25T10:29:12z: DATA B(23),52,65,40,992.96,0.02,26352,-49,62,0,0,0,0,0,0,0,0,0,0,0,0,0,0,50.00
 0h01:02.845 2025/02/25T10:29:12z: p:992.97 gasR:1702056.88 iaq:50.00(0) T:11.59(17.19) H:65.47(45.88) sIaq:50.00(0) Stabilization:1 Run in:0
 0h01:03.513 2025/02/25T10:29:13z: DATA B(24),52,65,40,992.97,0.03,26352,-45,63,0,0,0,0,0,0,0,0,0,0,0,0,0,0,50.00
 0h01:03.844 2025/02/25T10:29:13z: p:992.97 gasR:1699937.75 iaq:50.00(0) T:11.60(17.20) H:65.47(45.88) sIaq:50.00(0) Stabilization:1 Run in:0
 0h01:04.346 2025/02/25T10:29:14z: DATA B(25),52,65,40,992.97,0.03,26352,-45,64,0,0,0,0,0,0,0,0,0,0,0,0,0,0,50.00
 0h01:04.845 2025/02/25T10:29:14z: p:993.01 gasR:1700996.62 iaq:50.00(0) T:11.61(17.21) H:65.47(45.88) sIaq:50.00(0) Stabilization:1 Run in:0
 0h01:05.845 2025/02/25T10:29:15z: p:993.08 gasR:1706311.12 iaq:50.00(0) T:11.63(17.23) H:65.44(45.89) sIaq:50.00(0) Stabilization:1 Run in:0
 0h01:06.235 2025/02/25T10:29:16z: DATA A(27),52,65,40,993.08,0.03,26352,-44,66,0,0,0,0,0,0,0,0,24,8,2,0,0,0,50.00
 0h01:06.844 2025/02/25T10:29:16z: p:993.13 gasR:1692562.00 iaq:50.00(0) T:11.64(17.25) H:65.39(45.88) sIaq:50.00(0) Stabilization:1 Run in:0
 0h01:07.071 2025/02/25T10:29:16z: DATA A(28),52,65,40,993.13,0.03,26352,-44,67,0,0,0,0,0,0,0,0,24,8,2,0,0,0,50.00
 0h01:07.845 2025/02/25T10:29:17z: p:993.20 gasR:1691513.50 iaq:50.04(0) T:11.66(17.26) H:65.37(45.88) sIaq:50.09(0) Stabilization:1 Run in:0
 0h01:07.907 2025/02/25T10:29:17z: DATA A(29),52,65,40,993.20,0.03,26352,-43,67,0,0,0,0,0,0,0,0,24,8,2,0,0,0,50.09
 0h01:08.813 2025/02/25T10:29:18z: DATA A(30),52,65,40,993.20,0.03,26352,-44,68,0,0,0,0,0,0,0,0,24,8,2,0,0,0,50.09
 0h01:08.844 2025/02/25T10:29:18z: p:993.19 gasR:1694662.75 iaq:50.06(0) T:11.67(17.27) H:65.37(45.88) sIaq:50.16(0) Stabilization:1 Run in:0
 0h01:09.649 2025/02/25T10:29:19z: DATA A(31),53,65,41,993.19,0.02,26352,-44,69,0,0,0,0,0,0,0,0,24,8,2,0,0,0,50.16
 0h01:09.845 2025/02/25T10:29:19z: p:993.06 gasR:1707378.12 iaq:50.01(0) T:11.68(17.28) H:65.38(45.89) sIaq:50.04(0) Stabilization:1 Run in:0
 0h01:10.845 2025/02/25T10:29:20z: p:993.03 gasR:1697823.88 iaq:50.03(0) T:11.68(17.28) H:65.41(45.87) sIaq:50.07(0) Stabilization:1 Run in:0
 0h01:11.214 2025/02/25T10:29:21z: DATA B(26),53,65,41,993.03,0.02,26352,-44,71,0,0,0,0,0,0,0,0,0,0,0,0,0,0,50.07
 0h01:11.844 2025/02/25T10:29:21z: p:993.06 gasR:1692562.00 iaq:50.07(0) T:11.68(17.28) H:65.44(45.88) sIaq:50.17(0) Stabilization:1 Run in:0
 0h01:12.046 2025/02/25T10:29:21z: DATA B(27),53,65,41,993.06,0.02,26352,-44,72,0,0,0,0,0,0,0,0,0,0,0,0,0,0,50.17
 0h01:12.845 2025/02/25T10:29:22z: p:993.05 gasR:1706311.12 iaq:50.02(0) T:11.68(17.28) H:65.49(45.88) sIaq:50.06(0) Stabilization:1 Run in:0
 0h01:12.879 2025/02/25T10:29:22z: DATA B(28),53,65,41,993.05,0.02,26352,-44,72,0,0,0,0,0,0,0,0,0,0,0,0,0,0,50.06
 0h01:13.781 2025/02/25T10:29:23z: DATA B(29),53,65,41,993.05,0.02,26352,-44,73,0,0,0,0,0,0,0,0,3,1,1,1,1,1,50.06
 0h01:13.845 2025/02/25T10:29:23z: p:993.02 gasR:1697823.88 iaq:50.03(0) T:11.67(17.27) H:65.52(45.87) sIaq:50.09(0) Stabilization:1 Run in:0
 0h01:14.613 2025/02/25T10:29:24z: DATA B(30),53,65,41,993.02,0.03,26352,-44,74,0,0,0,0,0,0,0,0,3,1,1,1,1,1,50.09
 0h01:14.845 2025/02/25T10:29:24z: p:993.04 gasR:1706311.12 iaq:50.00(0) T:11.67(17.28) H:65.54(45.87) sIaq:50.00(0) Stabilization:1 Run in:0
 0h01:15.844 2025/02/25T10:29:25z: p:993.05 gasR:1703118.50 iaq:50.00(0) T:11.66(17.26) H:65.64(45.87) sIaq:50.00(0) Stabilization:1 Run in:0
 0h01:16.547 2025/02/25T10:29:26z: DATA A(32),52,65,40,993.05,0.02,26352,-44,76,0,0,0,0,0,0,0,0,6,2,1,0,0,0,50.00
 0h01:16.844 2025/02/25T10:29:26z: p:993.06 gasR:1703118.50 iaq:50.00(0) T:11.65(17.25) H:65.63(45.84) sIaq:50.00(0) Stabilization:1 Run in:0
 0h01:17.383 2025/02/25T10:29:27z: DATA A(33),52,65,40,993.06,0.03,26352,-44,77,0,0,0,0,0,0,0,0,6,2,1,0,0,0,50.00
 0h01:17.844 2025/02/25T10:29:27z: p:993.08 gasR:1699937.75 iaq:50.00(0) T:11.65(17.25) H:65.68(45.85) sIaq:50.00(0) Stabilization:1 Run in:0
 0h01:18.218 2025/02/25T10:29:28z: DATA A(34),52,65,40,993.08,0.03,26352,-45,78,0,0,0,0,0,0,0,0,6,2,1,0,0,0,50.00
 0h01:18.845 2025/02/25T10:29:28z: p:993.09 gasR:1707378.12 iaq:50.00(0) T:11.64(17.25) H:65.67(45.83) sIaq:50.00(0) Stabilization:1 Run in:0
 0h01:19.125 2025/02/25T10:29:29z: DATA A(35),52,65,40,993.09,0.02,26352,-45,79,0,0,0,0,0,0,0,0,6,2,1,0,0,0,50.00
 0h01:19.845 2025/02/25T10:29:29z: p:993.06 gasR:1704181.38 iaq:50.00(0) T:11.65(17.25) H:65.62(45.79) sIaq:50.00(0) Stabilization:1 Run in:0
 0h01:19.961 2025/02/25T10:29:29z: DATA A(36),52,65,40,993.06,0.02,26352,-45,79,0,0,0,0,0,0,0,0,6,2,1,0,0,0,50.00
 0h01:20.845 2025/02/25T10:29:30z: p:993.01 gasR:1697823.88 iaq:50.00(0) T:11.64(17.24) H:65.68(45.80) sIaq:50.00(0) Stabilization:1 Run in:0
 0h01:21.481 2025/02/25T10:29:31z: DATA B(31),52,65,40,993.01,0.03,26352,-45,81,0,0,0,0,0,0,0,0,3,1,1,1,1,1,50.00
 0h01:21.844 2025/02/25T10:29:31z: p:992.99 gasR:1708446.25 iaq:50.00(0) T:11.63(17.23) H:65.67(45.78) sIaq:50.00(0) Stabilization:1 Run in:0
 0h01:22.314 2025/02/25T10:29:32z: DATA B(32),52,65,40,992.99,0.03,26352,-45,82,0,0,0,0,0,0,0,0,3,1,1,1,1,1,50.00
 0h01:22.844 2025/02/25T10:29:32z: p:992.98 gasR:1689420.50 iaq:50.00(0) T:11.63(17.23) H:65.70(45.78) sIaq:50.00(0) Stabilization:1 Run in:0
 0h01:23.146 2025/02/25T10:29:33z: DATA B(33),52,65,40,992.98,0.02,26352,-50,83,0,0,0,0,0,0,0,0,3,1,1,1,1,1,50.00
 0h01:23.845 2025/02/25T10:29:33z: p:992.98 gasR:1720285.62 iaq:50.00(0) T:11.62(17.22) H:65.69(45.75) sIaq:50.00(0) Stabilization:1 Run in:0
 0h01:24.048 2025/02/25T10:29:33z: DATA B(34),52,65,40,992.98,0.02,26352,-50,84,0,0,0,0,0,0,0,0,3,1,1,1,1,1,50.00
 0h01:24.845 2025/02/25T10:29:34z: p:993.01 gasR:1707378.12 iaq:50.00(0) T:11.62(17.22) H:65.66(45.73) sIaq:50.00(0) Stabilization:1 Run in:0
 0h01:24.881 2025/02/25T10:29:34z: DATA B(35),52,65,40,993.01,0.02,26352,-49,84,0,0,0,0,0,0,0,0,3,1,1,1,1,1,50.00
 0h01:25.845 2025/02/25T10:29:35z: p:992.98 gasR:1712732.62 iaq:50.00(0) T:11.62(17.22) H:65.67(45.74) sIaq:50.00(0) Stabilization:1 Run in:0
 0h01:26.845 2025/02/25T10:29:36z: p:992.98 gasR:1699937.75 iaq:50.00(0) T:11.64(17.24) H:65.54(45.71) sIaq:50.00(0) Stabilization:1 Run in:0
 0h01:26.862 2025/02/25T10:29:36z: DATA A(37),52,65,40,992.98,0.02,26352,-50,86,0,0,0,0,0,0,0,0,0,0,0,0,0,0,50.00
 0h01:27.695 2025/02/25T10:29:37z: DATA A(38),52,65,40,992.98,0.02,26352,-50,87,0,0,0,0,0,0,0,0,0,0,0,0,0,0,50.00
 0h01:27.845 2025/02/25T10:29:37z: p:993.01 gasR:1702056.88 iaq:50.00(0) T:11.65(17.25) H:65.53(45.71) sIaq:50.00(0) Stabilization:1 Run in:0
 0h01:28.530 2025/02/25T10:29:38z: DATA A(39),52,65,40,993.01,0.03,26352,-50,88,0,0,0,0,0,0,0,0,0,0,0,0,0,0,50.00
 0h01:28.845 2025/02/25T10:29:38z: p:993.00 gasR:1697823.88 iaq:50.00(0) T:11.65(17.26) H:65.53(45.72) sIaq:50.00(0) Stabilization:1 Run in:0
 0h01:29.437 2025/02/25T10:29:39z: DATA A(40),52,65,40,993.00,0.03,26352,-51,89,0,0,0,0,0,0,0,0,0,0,0,0,0,0,50.00
 0h01:29.845 2025/02/25T10:29:39z: p:993.00 gasR:1712732.62 iaq:50.00(0) T:11.66(17.26) H:65.49(45.70) sIaq:50.00(0) Stabilization:1 Run in:0
 0h01:30.273 2025/02/25T10:29:40z: DATA A(41),52,65,40,993.00,0.02,26352,-51,90,0,0,0,0,0,0,0,0,0,0,0,0,0,0,50.00
 0h01:30.845 2025/02/25T10:29:40z: p:992.98 gasR:1705245.62 iaq:50.00(0) T:11.66(17.27) H:65.50(45.72) sIaq:50.00(0) Stabilization:1 Run in:0
 0h01:31.749 2025/02/25T10:29:41z: DATA B(36),52,65,40,992.98,0.03,26352,-49,91,0,0,0,0,0,0,0,0,6,2,1,1,1,1,50.00
 0h01:31.844 2025/02/25T10:29:41z: p:992.96 gasR:1708446.25 iaq:50.00(0) T:11.69(17.29) H:65.43(45.72) sIaq:50.00(0) Stabilization:1 Run in:0
 0h01:32.582 2025/02/25T10:29:42z: DATA B(37),53,65,41,992.96,0.03,26352,-50,92,0,0,0,0,0,0,0,0,6,2,1,1,1,1,50.00
 0h01:32.845 2025/02/25T10:29:42z: p:992.95 gasR:1704181.38 iaq:50.00(0) T:11.71(17.31) H:65.38(45.73) sIaq:50.00(0) Stabilization:1 Run in:0
 0h01:33.414 2025/02/25T10:29:43z: DATA B(38),53,65,41,992.95,0.03,26352,-50,93,0,0,0,0,0,0,0,0,6,2,1,1,1,1,50.00
 0h01:33.844 2025/02/25T10:29:43z: p:992.99 gasR:1694662.75 iaq:50.00(0) T:11.72(17.32) H:65.33(45.73) sIaq:50.00(0) Stabilization:1 Run in:0
 0h01:34.316 2025/02/25T10:29:44z: DATA B(39),53,65,41,992.99,0.02,26352,-50,94,0,0,0,0,0,0,0,0,6,2,1,1,1,1,50.00
 0h01:34.845 2025/02/25T10:29:44z: p:993.01 gasR:1702056.88 iaq:50.00(0) T:11.74(17.34) H:65.34(45.76) sIaq:50.00(0) Stabilization:1 Run in:0
 0h01:35.148 2025/02/25T10:29:45z: DATA B(40),53,65,41,993.01,0.03,26352,-50,95,0,0,0,0,0,0,0,0,6,2,1,1,1,1,50.00
 0h01:35.845 2025/02/25T10:29:45z: p:993.04 gasR:1705245.62 iaq:50.00(0) T:11.75(17.35) H:65.33(45.77) sIaq:50.00(0) Stabilization:1 Run in:0
 0h01:36.845 2025/02/25T10:29:46z: p:993.13 gasR:1702056.88 iaq:50.00(0) T:11.78(17.38) H:65.27(45.78) sIaq:50.00(0) Stabilization:1 Run in:0
 0h01:37.171 2025/02/25T10:29:47z: DATA A(42),53,65,41,993.13,0.02,26352,-50,97,0,0,0,0,0,0,0,0,0,0,0,0,0,0,50.00
 0h01:37.845 2025/02/25T10:29:47z: p:993.19 gasR:1696768.88 iaq:50.00(0) T:11.79(17.39) H:65.27(45.80) sIaq:50.00(0) Stabilization:1 Run in:0
 0h01:38.007 2025/02/25T10:29:47z: DATA A(43),53,65,41,993.19,0.02,26352,-50,98,0,0,0,0,0,0,0,0,0,0,0,0,0,0,50.00
 0h01:38.843 2025/02/25T10:29:48z: DATA A(44),53,65,41,993.19,0.02,26352,-50,98,0,0,0,0,0,0,0,0,0,0,0,0,0,0,50.00
 0h01:38.862 2025/02/25T10:29:48z: p:993.18 gasR:1702056.88 iaq:50.00(0) T:11.93(17.41) H:64.72(45.80) sIaq:50.00(0) Stabilization:1 Run in:0
 0h01:39.749 2025/02/25T10:29:49z: DATA A(45),53,64,41,993.18,0.03,26352,-47,99,0,0,0,0,0,0,0,0,0,0,0,0,0,0,50.00
 0h01:39.862 2025/02/25T10:29:49z: p:993.05 gasR:1702056.88 iaq:50.00(0) T:11.71(17.31) H:65.67(45.80) sIaq:50.00(0) Stabilization:1 Run in:0
 0h01:40.585 2025/02/25T10:29:50z: DATA A(46),53,65,41,993.05,0.03,26352,-47,100,0,0,0,0,0,0,0,0,0,0,0,0,0,0,50.00
 0h01:40.862 2025/02/25T10:29:50z: p:992.98 gasR:1702056.88 iaq:50.00(0) T:11.80(17.40) H:65.33(45.82) sIaq:50.00(0) Stabilization:1 Run in:0
 0h01:41.861 2025/02/25T10:29:51z: p:992.96 gasR:1699937.75 iaq:50.00(0) T:11.81(17.41) H:65.37(45.85) sIaq:50.00(0) Stabilization:1 Run in:0
 0h01:42.017 2025/02/25T10:29:51z: DATA B(41),53,65,41,992.96,0.02,26352,-47,102,0,0,0,0,0,0,0,0,3,1,0,0,0,0,50.00
 0h01:42.849 2025/02/25T10:29:52z: DATA B(42),53,65,41,992.96,0.03,26352,-48,102,0,0,0,0,0,0,0,0,3,1,0,0,0,0,50.00
 0h01:42.869 2025/02/25T10:29:52z: p:992.97 gasR:1697823.88 iaq:50.00(0) T:11.86(17.41) H:65.19(45.85) sIaq:50.00(0) Stabilization:1 Run in:0
 0h01:43.681 2025/02/25T10:29:53z: DATA B(43),53,65,41,992.97,0.03,26352,-48,103,0,0,0,0,0,0,0,0,3,1,0,0,0,0,50.00
{"SensorId":"48:3f:da:26:d5:2a","DateTime":"2025/02/25T10:29:53z","Geo":"PurpleAir-d52a","Mem":26352,"memfrag":1,"memfb":26280,"memcs":800,"Id":1,"lat":0.000000,"lon":0.000000,"Adc":"nan","loggingrate":15,"place":"outside","version":"7.04","uptime":103,"rssi":-48,"period":103,"httpsuccess":0,"httpsends":0,"hardwareversion":"3.0","hardwarediscovered":"3.0+RV3028+BME68X+PMSX003-A+PMSX003-B","current_temp_f":53,"current_humidity":65,"current_dewpoint_f":41,"pressure":992.97,"current_temp_f_680":53,"current_humidity_680":65,"current_dewpoint_f_680":41,"pressure_680":992.97,"gas_680":"nan","p25aqic_b":"rgb(0,228,0)","pm2.5_aqi_b":0,"pm1_0_cf_1_b":0.00,"p_0_3_um_b":4.81,"pm2_5_cf_1_b":0.00,"p_0_5_um_b":1.60,"pm10_0_cf_1_b":0.00,"p_1_0_um_b":0.56,"pm1_0_atm_b":0.00,"p_2_5_um_b":0.28,"pm2_5_atm_b":0.00,"p_5_0_um_b":0.28,"pm10_0_atm_b":0.00,"p_10_0_um_b":0.28,"p25aqic":"rgb(0,228,0)","pm2.5_aqi":0,"pm1_0_cf_1":0.00,"p_0_3_um":13.63,"pm2_5_cf_1":0.00,"p_0_5_um":4.54,"pm10_0_cf_1":0.00,"p_1_0_um":1.26,"pm1_0_atm":0.00,"p_2_5_um":0.28,"pm2_5_atm":0.00,"p_5_0_um":0.28,"pm10_0_atm":0.00,"p_10_0_um":0.00,"wlstate":"Failed","status_0":0,"status_1":0,"status_2":0,"status_3":0,"status_4":2,"status_5":2,"status_7":0,"status_8":2,"status_9":2}
 0h01:43.967 2025/02/25T10:29:53z: update.purpleair.com:80/firmware/2mb/update.asp
 0h01:43.974 2025/02/25T10:29:53z: Error: -1
1 BSEC warning code : 100

UTCDateTime,mac_address,firmware_ver,hardware,current_temp_f,current_humidity,current_dewpoint_f,pressure,adc,mem,rssi,uptime,pm1_0_cf_1,pm2_5_cf_1,pm10_0_cf_1,pm1_0_atm,pm2_5_atm,pm10_0_atm,pm2.5_aqi_cf_1,pm2.5_aqi_atm,p_0_3_um,p_0_5_um,p_1_0_um,p_2_5_um,p_5_0_um,p_10_0_um,pm1_0_cf_1_b,pm2_5_cf_1_b,pm10_0_cf_1_b,pm1_0_atm_b,pm2_5_atm_b,pm10_0_atm_b,pm2.5_aqi_cf_1_b,pm2.5_aqi_atm_b,p_0_3_um_b,p_0_5_um_b,p_1_0_um_b,p_2_5_um_b,p_5_0_um_b,p_10_0_um_b,gas
2025/02/25T10:29:53z,48:3f:da:26:d5:2a,7.04,3.0+RV3028+BME68X+PMSX003-A+PMSX003-B,53,65,41,992.97,nan,26352,-48,104,0.00,0.00,0.00,0.00,0.00,0.00,0,0,13.63,4.54,1.26,0.28,0.28,0.00,0.00,0.00,0.00,0.00,0.00,0.00,0,0,4.81,1.60,0.56,0.28,0.28,0.28,nan
1 BSEC warning code : 100

1 BSEC warning code : 100

1 BSEC warning code : 100

1 BSEC warning code : 100

 ets Jan  8 2013,rst cause:1, boot mode:(3,7)

load 0x4010f000, len 1384, room 16 
tail 8
chksum 0x2d
csum 0x2d
v8b899c12
~ld


7.04
 0h00:00.279 1970/01/01T08:00:00z: SPIFFS Active
 0h00:03.954 2025/02/25T12:06:56z: 48:3f:da:26:d5:2a
 0h00:03.955 2025/02/25T12:06:56z: SSID: VALIS
1 BSEC warning code : 100

1 BSEC warning code : 100

1 BSEC warning code : 100

 ets Jan  8 2013,rst cause:1, boot mode:(3,7)

load 0x4010f000, len 1384, room 16 
tail 8
chksum 0x2d
csum 0x2d
v8b899c12
~ld


7.04
 0h00:00.282 1970/01/01T08:00:00z: SPIFFS Active
 0h00:03.957 2025/02/25T12:26:38z: 48:3f:da:26:d5:2a
 0h00:03.958 2025/02/25T12:26:38z: SSID: VALIS
1 BSEC warning code : 100

1 BSEC warning code : 100

1 BSEC warning code : 100

1 BSEC warning code : 100

1 BSEC warning code : 100

 ets Jan  8 2013,rst cause:1, boot mode:(3,7)

load 0x4010f000, len 1384, room 16 
tail 8
chksum 0x2d
csum 0x2d
v8b899c12
~ld


7.04
 0h00:00.279 1970/01/01T08:00:00z: SPIFFS Active
 0h00:03.953 2025/02/25T12:46:20z: 48:3f:da:26:d5:2a
 0h00:03.954 2025/02/25T12:46:20z: SSID: VALIS
1 BSEC warning code : 100

1 BSEC warning code : 100

1 BSEC warning code : 100

 ets Jan  8 2013,rst cause:1, boot mode:(3,7)

load 0x4010f000, len 1384, room 16 
tail 8
chksum 0x2d
csum 0x2d
v8b899c12
~ld


7.04
 0h00:00.279 1970/01/01T08:00:00z: SPIFFS Active
 0h00:03.953 2025/02/25T13:06:03z: 48:3f:da:26:d5:2a
 0h00:03.954 2025/02/25T13:06:03z: SSID: VALIS
1 BSEC warning code : 100

1 BSEC warning code : 100

1 BSEC warning code : 100

 ets Jan  8 2013,rst cause:1, boot mode:(3,7)

load 0x4010f000, len 1384, room 16 
tail 8
chksum 0x2d
csum 0x2d
v8b899c12
~ld


7.04
 0h00:00.278 1970/01/01T08:00:00z: SPIFFS Active
 0h00:03.951 2025/02/25T13:25:45z: 48:3f:da:26:d5:2a
 0h00:03.952 2025/02/25T13:25:45z: SSID: VALIS
1 BSEC warning code : 100

1 BSEC warning code : 100

1 BSEC warning code : 100

1 BSEC warning code : 100

 ets Jan  8 2013,rst cause:1, boot mode:(3,7)

load 0x4010f000, len 1384, room 16 
tail 8
chksum 0x2d
csum 0x2d
v8b899c12
~ld


7.04
 0h00:00.283 1970/01/01T08:00:00z: SPIFFS Active
 0h00:03.956 2025/02/25T13:45:28z: 48:3f:da:26:d5:2a
 0h00:03.958 2025/02/25T13:45:28z: SSID: VALIS
1 BSEC warning code : 100

1 BSEC warning code : 100

1 BSEC warning code : 100

 ets Jan  8 2013,rst cause:1, boot mode:(3,7)

load 0x4010f000, len 1384, room 16 
tail 8
chksum 0x2d
csum 0x2d
v8b899c12
~ld


7.04
 0h00:00.277 1970/01/01T08:00:00z: SPIFFS Active
 0h00:03.950 2025/02/25T14:05:10z: 48:3f:da:26:d5:2a
 0h00:03.952 2025/02/25T14:05:10z: SSID: VALIS
1 BSEC warning code : 100

1 BSEC warning code : 100

1 BSEC warning code : 100

1 BSEC warning code : 100

 ets Jan  8 2013,rst cause:1, boot mode:(3,7)

load 0x4010f000, len 1384, room 16 
tail 8
chksum 0x2d
csum 0x2d
v8b899c12
~ld


7.04
 0h00:00.282 1970/01/01T08:00:00z: SPIFFS Active
 0h00:03.955 2025/02/25T14:24:53z: 48:3f:da:26:d5:2a
 0h00:03.956 2025/02/25T14:24:53z: SSID: VALIS
1 BSEC warning code : 100

1 BSEC warning code : 100

1 BSEC warning code : 100

1 BSEC warning code : 100

 ets Jan  8 2013,rst cause:1, boot mode:(3,7)

load 0x4010f000, len 1384, room 16 
tail 8
chksum 0x2d
csum 0x2d
v8b899c12
~ld


7.04
 0h00:00.280 1970/01/01T08:00:00z: SPIFFS Active
 0h00:03.953 2025/02/25T14:44:35z: 48:3f:da:26:d5:2a
 0h00:03.954 2025/02/25T14:44:35z: SSID: VALIS
1 BSEC warning code : 100

1 BSEC warning code : 100

1 BSEC warning code : 100

1 BSEC warning code : 100

 ets Jan  8 2013,rst cause:1, boot mode:(3,7)

load 0x4010f000, len 1384, room 16 
tail 8
chksum 0x2d
csum 0x2d
v8b899c12
~ld


7.04
 0h00:00.275 1970/01/01T08:00:00z: SPIFFS Active
 0h00:03.948 2025/02/25T15:04:18z: 48:3f:da:26:d5:2a
 0h00:03.949 2025/02/25T15:04:18z: SSID: VALIS
1 BSEC warning code : 100

1 BSEC warning code : 100

1 BSEC warning code : 100

1 BSEC warning code : 100

 ets Jan  8 2013,rst cause:1, boot mode:(3,7)

load 0x4010f000, len 1384, room 16 
tail 8
chksum 0x2d
csum 0x2d
v8b899c12
~ld


7.04
 0h00:00.278 1970/01/01T08:00:00z: SPIFFS Active
 0h00:03.951 2025/02/25T15:24:00z: 48:3f:da:26:d5:2a
 0h00:03.953 2025/02/25T15:24:00z: SSID: VALIS
1 BSEC warning code : 100

1 BSEC warning code : 100

1 BSEC warning code : 100

 ets Jan  8 2013,rst cause:1, boot mode:(3,7)

load 0x4010f000, len 1384, room 16 
tail 8
chksum 0x2d
csum 0x2d
v8b899c12
~ld


7.04
 0h00:00.270 1970/01/01T08:00:00z: SPIFFS Active
 0h00:03.944 2025/02/25T15:43:42z: 48:3f:da:26:d5:2a
 0h00:03.945 2025/02/25T15:43:42z: SSID: VALIS
1 BSEC warning code : 100

1 BSEC warning code : 100

1 BSEC warning code : 100

 ets Jan  8 2013,rst cause:1, boot mode:(3,7)

load 0x4010f000, len 1384, room 16 
tail 8
chksum 0x2d
csum 0x2d
v8b899c12
~ld


7.04
 0h00:00.273 1970/01/01T08:00:00z: SPIFFS Active
 0h00:03.946 2025/02/25T16:03:25z: 48:3f:da:26:d5:2a
 0h00:03.948 2025/02/25T16:03:25z: SSID: VALIS
1 BSEC warning code : 100

1 BSEC warning code : 100

1 BSEC warning code : 100

1 BSEC warning code : 100

 ets Jan  8 2013,rst cause:1, boot mode:(3,7)

load 0x4010f000, len 1384, room 16 
tail 8
chksum 0x2d
csum 0x2d
v8b899c12
~ld


7.04
 0h00:00.275 1970/01/01T08:00:00z: SPIFFS Active
 0h00:03.948 2025/02/25T16:23:07z: 48:3f:da:26:d5:2a
 0h00:03.949 2025/02/25T16:23:07z: SSID: VALIS
1 BSEC warning code : 100

1 BSEC warning code : 100

1 BSEC warning code : 100

 ets Jan  8 2013,rst cause:1, boot mode:(3,7)

load 0x4010f000, len 1384, room 16 
tail 8
chksum 0x2d
csum 0x2d
v8b899c12
~ld


7.04
 0h00:00.280 1970/01/01T08:00:00z: SPIFFS Active
 0h00:03.953 2025/02/25T16:42:50z: 48:3f:da:26:d5:2a
 0h00:03.955 2025/02/25T16:42:50z: SSID: VALIS
1 BSEC warning code : 100

1 BSEC warning code : 100

1 BSEC warning code : 100

 ets Jan  8 2013,rst cause:1, boot mode:(3,7)

load 0x4010f000, len 1384, room 16 
tail 8
chksum 0x2d
csum 0x2d
v8b899c12
~ld


7.04
 0h00:00.274 1970/01/01T08:00:00z: SPIFFS Active
 0h00:03.948 2025/02/25T17:02:32z: 48:3f:da:26:d5:2a
 0h00:03.949 2025/02/25T17:02:32z: SSID: VALIS
1 BSEC warning code : 100

1 BSEC warning code : 100

1 BSEC warning code : 100

 ets Jan  8 2013,rst cause:1, boot mode:(3,7)

load 0x4010f000, len 1384, room 16 
tail 8
chksum 0x2d
csum 0x2d
v8b899c12
~ld


7.04
 0h00:00.276 1970/01/01T08:00:00z: SPIFFS Active
 0h00:03.949 2025/02/25T17:22:14z: 48:3f:da:26:d5:2a
 0h00:03.951 2025/02/25T17:22:14z: SSID: VALIS
1 BSEC warning code : 100

1 BSEC warning code : 100

 ets Jan  8 2013,rst cause:1, boot mode:(3,7)

load 0x4010f000, len 1384, room 16 
tail 8
chksum 0x2d
csum 0x2d
v8b899c12
~ld


7.04
 0h00:00.278 1970/01/01T08:00:00z: SPIFFS Active
 0h00:03.951 2025/02/25T17:41:57z: 48:3f:da:26:d5:2a
 0h00:03.953 2025/02/25T17:41:57z: SSID: VALIS
1 BSEC warning code : 100

1 BSEC warning code : 100

1 BSEC warning code : 100

1 BSEC warning code : 100

 ets Jan  8 2013,rst cause:1, boot mode:(3,7)

load 0x4010f000, len 1384, room 16 
tail 8
chksum 0x2d
csum 0x2d
v8b899c12
~ld


7.04
 0h00:00.279 1970/01/01T08:00:00z: SPIFFS Active
 0h00:03.952 2025/02/25T18:01:39z: 48:3f:da:26:d5:2a
 0h00:03.954 2025/02/25T18:01:39z: SSID: VALIS
1 BSEC warning code : 100

1 BSEC warning code : 100

1 BSEC warning code : 100

 ets Jan  8 2013,rst cause:1, boot mode:(3,7)

load 0x4010f000, len 1384, room 16 
tail 8
chksum 0x2d
csum 0x2d
v8b899c12
~ld


7.04
 0h00:00.278 1970/01/01T08:00:00z: SPIFFS Active
 0h00:03.952 2025/02/25T18:21:22z: 48:3f:da:26:d5:2a
 0h00:03.953 2025/02/25T18:21:22z: SSID: VALIS
1 BSEC warning code : 100

1 BSEC warning code : 100

1 BSEC warning code : 100

1 BSEC warning code : 100

 ets Jan  8 2013,rst cause:1, boot mode:(3,7)

load 0x4010f000, len 1384, room 16 
tail 8
chksum 0x2d
csum 0x2d
v8b899c12
~ld


7.04
 0h00:00.278 1970/01/01T08:00:00z: SPIFFS Active
 0h00:03.952 2025/02/25T18:41:04z: 48:3f:da:26:d5:2a
 0h00:03.953 2025/02/25T18:41:04z: SSID: VALIS
1 BSEC warning code : 100

1 BSEC warning code : 100

1 BSEC warning code : 100

 ets Jan  8 2013,rst cause:1, boot mode:(3,7)

load 0x4010f000, len 1384, room 16 
tail 8
chksum 0x2d
csum 0x2d
v8b899c12
~ld


7.04
 0h00:00.282 1970/01/01T08:00:00z: SPIFFS Active
 0h00:03.956 2025/02/25T19:00:46z: 48:3f:da:26:d5:2a
 0h00:03.957 2025/02/25T19:00:46z: SSID: VALIS
1 BSEC warning code : 100

1 BSEC warning code : 100

1 BSEC warning code : 100

1 BSEC warning code : 100

 ets Jan  8 2013,rst cause:1, boot mode:(3,7)

load 0x4010f000, len 1384, room 16 
tail 8
chksum 0x2d
csum 0x2d
v8b899c12
~ld


7.04
 0h00:00.280 1970/01/01T08:00:00z: SPIFFS Active
 0h00:03.953 2025/02/25T19:20:29z: 48:3f:da:26:d5:2a
 0h00:03.955 2025/02/25T19:20:29z: SSID: VALIS
1 BSEC warning code : 100

1 BSEC warning code : 100

1 BSEC warning code : 100

 ets Jan  8 2013,rst cause:1, boot mode:(3,7)

load 0x4010f000, len 1384, room 16 
tail 8
chksum 0x2d
csum 0x2d
v8b899c12
~ld


7.04
 0h00:00.277 1970/01/01T08:00:00z: SPIFFS Active
 0h00:03.951 2025/02/25T19:40:11z: 48:3f:da:26:d5:2a
 0h00:03.952 2025/02/25T19:40:11z: SSID: VALIS
1 BSEC warning code : 100

1 BSEC warning code : 100

1 BSEC warning code : 100

 ets Jan  8 2013,rst cause:1, boot mode:(3,7)

load 0x4010f000, len 1384, room 16 
tail 8
chksum 0x2d
csum 0x2d
v8b899c12
~ld


7.04
 0h00:00.279 1970/01/01T08:00:00z: SPIFFS Active
 0h00:03.952 2025/02/25T19:59:53z: 48:3f:da:26:d5:2a
 0h00:03.954 2025/02/25T19:59:53z: SSID: VALIS
1 BSEC warning code : 100

1 BSEC warning code : 100

1 BSEC warning code : 100

 ets Jan  8 2013,rst cause:1, boot mode:(3,7)

load 0x4010f000, len 1384, room 16 
tail 8
chksum 0x2d
csum 0x2d
v8b899c12
~ld


7.04
 0h00:00.273 1970/01/01T08:00:00z: SPIFFS Active
 0h00:03.947 2025/02/25T20:19:36z: 48:3f:da:26:d5:2a
 0h00:03.948 2025/02/25T20:19:36z: SSID: VALIS
1 BSEC warning code : 100

1 BSEC warning code : 100

1 BSEC warning code : 100

1 BSEC warning code : 100

 ets Jan  8 2013,rst cause:1, boot mode:(3,7)

load 0x4010f000, len 1384, room 16 
tail 8
chksum 0x2d
csum 0x2d
v8b899c12
~ld


7.04
 0h00:00.273 1970/01/01T08:00:00z: SPIFFS Active
 0h00:03.946 2025/02/25T20:39:18z: 48:3f:da:26:d5:2a
 0h00:03.948 2025/02/25T20:39:18z: SSID: VALIS
1 BSEC warning code : 100

1 BSEC warning code : 100

 ets Jan  8 2013,rst cause:1, boot mode:(3,7)

load 0x4010f000, len 1384, room 16 
tail 8
chksum 0x2d
csum 0x2d
v8b899c12
~ld


7.04
 0h00:00.273 1970/01/01T08:00:00z: SPIFFS Active
 0h00:03.947 2025/02/25T20:59:00z: 48:3f:da:26:d5:2a
 0h00:03.948 2025/02/25T20:59:00z: SSID: VALIS
1 BSEC warning code : 100

1 BSEC warning code : 100

1 BSEC warning code : 100

1 BSEC warning code : 100

 ets Jan  8 2013,rst cause:1, boot mode:(3,7)

load 0x4010f000, len 1384, room 16 
tail 8
chksum 0x2d
csum 0x2d
v8b899c12
~ld


7.04
 0h00:00.279 1970/01/01T08:00:00z: SPIFFS Active
 0h00:03.952 2025/02/25T21:18:43z: 48:3f:da:26:d5:2a
 0h00:03.954 2025/02/25T21:18:43z: SSID: VALIS
1 BSEC warning code : 100

1 BSEC warning code : 100

 ets Jan  8 2013,rst cause:1, boot mode:(3,7)

load 0x4010f000, len 1384, room 16 
tail 8
chksum 0x2d
csum 0x2d
v8b899c12
~ld


7.04
 0h00:00.282 1970/01/01T08:00:00z: SPIFFS Active
 0h00:03.955 2025/02/25T21:38:25z: 48:3f:da:26:d5:2a
 0h00:03.957 2025/02/25T21:38:25z: SSID: VALIS
1 BSEC warning code : 100

1 BSEC warning code : 100

1 BSEC warning code : 100

 ets Jan  8 2013,rst cause:1, boot mode:(3,7)

load 0x4010f000, len 1384, room 16 
tail 8
chksum 0x2d
csum 0x2d
v8b899c12
~ld


7.04
 0h00:00.280 1970/01/01T08:00:00z: SPIFFS Active
 0h00:03.953 2025/02/25T21:58:08z: 48:3f:da:26:d5:2a
 0h00:03.954 2025/02/25T21:58:08z: SSID: VALIS
1 BSEC warning code : 100

1 BSEC warning code : 100

 ets Jan  8 2013,rst cause:1, boot mode:(3,7)

load 0x4010f000, len 1384, room 16 
tail 8
chksum 0x2d
csum 0x2d
v8b899c12
~ld


7.04
 0h00:00.280 1970/01/01T08:00:00z: SPIFFS Active
 0h00:03.953 2025/02/25T22:17:50z: 48:3f:da:26:d5:2a
 0h00:03.955 2025/02/25T22:17:50z: SSID: VALIS
1 BSEC warning code : 100

1 BSEC warning code : 100

1 BSEC warning code : 100

 ets Jan  8 2013,rst cause:1, boot mode:(3,7)

load 0x4010f000, len 1384, room 16 
tail 8
chksum 0x2d
csum 0x2d
v8b899c12
~ld


7.04
 0h00:00.281 1970/01/01T08:00:00z: SPIFFS Active
 0h00:03.955 2025/02/25T22:37:33z: 48:3f:da:26:d5:2a
 0h00:03.957 2025/02/25T22:37:33z: SSID: VALIS
1 BSEC warning code : 100

1 BSEC warning code : 100

1 BSEC warning code : 100

1 BSEC warning code : 100

 ets Jan  8 2013,rst cause:1, boot mode:(3,7)

load 0x4010f000, len 1384, room 16 
tail 8
chksum 0x2d
csum 0x2d
v8b899c12
~ld


7.04
 0h00:00.279 1970/01/01T08:00:00z: SPIFFS Active
 0h00:03.953 2025/02/25T22:57:15z: 48:3f:da:26:d5:2a
 0h00:03.955 2025/02/25T22:57:15z: SSID: VALIS
1 BSEC warning code : 100

1 BSEC warning code : 100

1 BSEC warning code : 100

1 BSEC warning code : 100

 ets Jan  8 2013,rst cause:1, boot mode:(3,7)

load 0x4010f000, len 1384, room 16 
tail 8
chksum 0x2d
csum 0x2d
v8b899c12
~ld


7.04
 0h00:00.279 1970/01/01T08:00:00z: SPIFFS Active
 0h00:03.953 2025/02/25T23:16:57z: 48:3f:da:26:d5:2a
 0h00:03.954 2025/02/25T23:16:57z: SSID: VALIS
1 BSEC warning code : 100

1 BSEC warning code : 100

 ets Jan  8 2013,rst cause:1, boot mode:(3,7)

load 0x4010f000, len 1384, room 16 
tail 8
chksum 0x2d
csum 0x2d
v8b899c12
~ld


7.04
 0h00:00.278 1970/01/01T08:00:00z: SPIFFS Active
 0h00:03.951 2025/02/25T23:36:40z: 48:3f:da:26:d5:2a
 0h00:03.953 2025/02/25T23:36:40z: SSID: VALIS
1 BSEC warning code : 100

1 BSEC warning code : 100

 ets Jan  8 2013,rst cause:1, boot mode:(3,7)

load 0x4010f000, len 1384, room 16 
tail 8
chksum 0x2d
csum 0x2d
v8b899c12
~ld


7.04
 0h00:00.276 1970/01/01T08:00:00z: SPIFFS Active
 0h00:03.950 2025/02/25T23:56:22z: 48:3f:da:26:d5:2a
 0h00:03.951 2025/02/25T23:56:22z: SSID: VALIS