
1 BSEC warning code : 100

1 BSEC warning code : 100

1 BSEC warning code : 100

 ets Jan  8 2013,rst cause:1, boot mode:(3,3)

load 0x4010f000, len 1384, room 16 
tail 8
chksum 0x2d
csum 0x2d
v8b899c12
~ld


7.04
 0h00:00.279 1970/01/01T08:00:00z: SPIFFS Active
 0h00:03.953 2025/12/01T00:04:09z: 48:3f:da:26:d5:2a
 0h00:03.955 2025/12/01T00:04:09z: SSID: VALIS
1 BSEC warning code : 100

1 BSEC warning code : 100

1 BSEC warning code : 100

1 BSEC warning code : 100

1 BSEC warning code : 100

1 BSEC warning code : 100

1 BSEC warning code : 100

1 BSEC warning code : 100

1 BSEC warning code : 100

1 BSEC warning code : 100

 ets Jan  8 2013,rst cause:1, boot mode:(3,3)

load 0x4010f000, len 1384, room 16 
tail 8
chksum 0x2d
csum 0x2d
v8b899c12
~ld


7.04
 0h00:00.280 1970/01/01T08:00:00z: SPIFFS Active
 0h00:03.955 2025/12/01T00:23:54z: 48:3f:da:26:d5:2a
 0h00:03.956 2025/12/01T00:23:54z: SSID: VALIS
1 BSEC warning code : 100

1 BSEC warning code : 100

1 BSEC warning code : 100

1 BSEC warning code : 100

1 BSEC warning code : 100

1 BSEC warning code : 100

1 BSEC warning code : 100

1 BSEC warning code : 100

1 BSEC warning code : 100

1 BSEC warning code : 100

 ets Jan  8 2013,rst cause:1, boot mode:(3,3)

load 0x4010f000, len 1384, room 16 
tail 8
chksum 0x2d
csum 0x2d
v8b899c12
~ld


7.04
 0h00:00.280 1970/01/01T08:00:00z: SPIFFS Active
 0h00:03.954 2025/12/01T00:43:39z: 48:3f:da:26:d5:2a
 0h00:03.956 2025/12/01T00:43:39z: SSID: VALIS
1 BSEC warning code : 100

1 BSEC warning code : 100

1 BSEC warning code : 100

1 BSEC warning code : 100

1 BSEC warning code : 100

1 BSEC warning code : 100

1 BSEC warning code : 100

1 BSEC warning code : 100

1 BSEC warning code : 100

1 BSEC warning code : 100

1 BSEC warning code : 100

1 BSEC warning code : 100

 ets Jan  8 2013,rst cause:1, boot mode:(3,7)

load 0x4010f000, len 1384, room 16 
tail 8
chksum 0x2d
csum 0x2d
v8b899c12
~ld


7.04
 0h00:00.283 1970/01/01T08:00:00z: SPIFFS Active
 0h00:03.958 2025/12/01T02:08:58z: 48:3f:da:26:d5:2a
 0h00:03.959 2025/12/01T02:08:58z: SSID: VALIS
 0h00:11.943 2025/12/01T02:09:06z: PMSX003-A (986ms)
 0h00:12.941 2025/12/01T02:09:07z: PMSX003-B (996ms)
 0h00:12.942 2025/12/01T02:09:07z: 3.0+RV3028+BME68X+PMSX003-A+PMSX003-B
 0h00:13.957 2025/12/01T02:09:08z: p:1014.56 gasR:899231.62 iaq:136.54(0) T:7.46(10.45) H:75.85(39.84) sIaq:330.01(0) Stabilization:1 Run in:0
 0h00:14.534 2025/12/01T02:09:09z: DATA A(2),45,75,37,1014.56,0.02,26352,0,14,8,11,11,8,11,11,46,46,1380,400,31,1,0,0,330.01
 0h00:14.956 2025/12/01T02:09:09z: p:1014.66 gasR:903396.56 iaq:136.54(0) T:8.43(14.03) H:71.23(40.59) sIaq:330.01(0) Stabilization:1 Run in:0
 0h00:15.370 2025/12/01T02:09:10z: DATA A(3),47,71,38,1014.66,0.02,26352,-48,15,8,11,11,8,11,11,46,46,1380,400,31,1,0,0,330.01
 0h00:15.956 2025/12/01T02:09:10z: p:1014.68 gasR:914285.69 iaq:136.54(0) T:9.31(14.91) H:66.85(40.85) sIaq:330.01(0) Stabilization:1 Run in:0
 0h00:16.206 2025/12/01T02:09:11z: DATA A(4),48,66,37,1014.68,0.02,26352,-49,16,8,11,11,8,11,11,46,46,1380,400,31,1,0,0,330.01
 0h00:16.957 2025/12/01T02:09:11z: p:1014.67 gasR:916126.12 iaq:136.54(0) T:9.68(15.28) H:64.73(40.86) sIaq:330.01(0) Stabilization:1 Run in:0
 0h00:17.113 2025/12/01T02:09:11z: DATA A(5),49,64,37,1014.67,0.02,26352,-49,17,9,11,11,9,11,11,46,46,1446,418,33,1,0,0,330.01
 0h00:17.949 2025/12/01T02:09:12z: DATA A(6),49,64,37,1014.67,0.03,26352,-50,17,9,11,11,9,11,11,46,46,1446,418,33,1,0,0,330.01
 0h00:17.969 2025/12/01T02:09:12z: p:1014.66 gasR:923562.56 iaq:136.54(0) T:9.96(15.47) H:63.00(40.76) sIaq:330.01(0) Stabilization:1 Run in:0
 0h00:18.968 2025/12/01T02:09:13z: p:1014.67 gasR:926068.25 iaq:136.54(0) T:9.91(15.52) H:62.62(40.62) sIaq:330.01(0) Stabilization:1 Run in:0
 0h00:19.824 2025/12/01T02:09:14z: DATA B(2),49,62,36,1014.67,0.02,26352,-51,19,8,10,11,8,10,11,42,42,1242,376,40,6,2,1,330.01
 0h00:19.968 2025/12/01T02:09:14z: p:1014.70 gasR:929852.44 iaq:136.54(0) T:10.08(15.68) H:61.41(40.44) sIaq:330.01(0) Stabilization:1 Run in:0
 0h00:20.656 2025/12/01T02:09:15z: DATA B(3),50,61,37,1014.70,0.02,26352,-51,20,8,10,11,8,10,11,42,42,1242,376,40,6,2,1,330.01
 0h00:20.968 2025/12/01T02:09:15z: p:1014.70 gasR:932392.44 iaq:136.54(0) T:10.17(15.77) H:60.55(40.27) sIaq:330.01(0) Stabilization:1 Run in:0
 0h00:21.488 2025/12/01T02:09:16z: DATA B(4),50,60,36,1014.70,0.02,26352,-51,21,8,10,11,8,10,11,42,42,1242,376,40,6,2,1,330.01
 0h00:21.968 2025/12/01T02:09:16z: p:1014.69 gasR:937514.31 iaq:136.54(0) T:10.25(15.85) H:59.80(40.10) sIaq:330.02(0) Stabilization:1 Run in:0
 0h00:22.391 2025/12/01T02:09:17z: DATA B(5),50,59,36,1014.69,0.03,26352,-51,22,8,10,11,8,10,11,42,42,1248,368,37,6,2,1,330.02
 0h00:22.968 2025/12/01T02:09:17z: p:1014.68 gasR:939449.56 iaq:136.54(0) T:10.31(15.92) H:59.20(39.95) sIaq:330.02(0) Stabilization:1 Run in:0
 0h00:23.223 2025/12/01T02:09:18z: DATA B(6),50,59,36,1014.68,0.02,26352,-51,23,8,10,11,8,10,11,42,42,1248,368,37,6,2,1,330.02
 0h00:23.968 2025/12/01T02:09:18z: p:1014.69 gasR:943996.31 iaq:136.54(0) T:10.37(15.97) H:58.61(39.78) sIaq:330.02(0) Stabilization:1 Run in:0
 0h00:24.848 2025/12/01T02:09:19z: DATA A(7),50,58,36,1014.69,0.03,26352,-51,24,8,9,9,8,9,9,38,38,1302,372,24,1,0,0,330.02
 0h00:24.968 2025/12/01T02:09:19z: p:1014.69 gasR:949246.81 iaq:136.55(0) T:10.42(16.02) H:58.12(39.63) sIaq:330.02(0) Stabilization:1 Run in:0
 0h00:25.684 2025/12/01T02:09:20z: DATA A(8),50,58,35,1014.69,0.03,26352,-49,25,8,9,9,8,9,9,38,38,1302,372,24,1,0,0,330.02
 0h00:25.968 2025/12/01T02:09:20z: p:1014.72 gasR:946614.31 iaq:136.55(0) T:10.47(16.07) H:57.67(39.51) sIaq:330.02(0) Stabilization:1 Run in:0
 0h00:26.520 2025/12/01T02:09:21z: DATA A(9),50,57,35,1014.72,0.03,26352,-50,26,8,9,9,8,9,9,38,38,1302,372,24,1,0,0,330.02
 0h00:26.968 2025/12/01T02:09:21z: p:1014.70 gasR:949246.81 iaq:136.55(0) T:10.52(16.13) H:57.25(39.39) sIaq:330.02(0) Stabilization:1 Run in:0
 0h00:27.427 2025/12/01T02:09:22z: DATA A(10),50,57,35,1014.70,0.02,26352,-50,27,7,8,8,7,8,8,33,33,1230,346,24,1,0,0,330.02
 0h00:27.968 2025/12/01T02:09:22z: p:1014.66 gasR:946614.31 iaq:136.55(0) T:10.56(16.16) H:56.90(39.26) sIaq:330.02(0) Stabilization:1 Run in:0
 0h00:28.263 2025/12/01T02:09:23z: DATA A(11),51,56,36,1014.66,0.02,26352,-50,28,7,8,8,7,8,8,33,33,1230,346,24,1,0,0,330.02
 0h00:28.968 2025/12/01T02:09:23z: p:1014.70 gasR:947928.75 iaq:136.55(0) T:10.60(16.20) H:56.60(39.16) sIaq:330.02(0) Stabilization:1 Run in:0
 0h00:29.969 2025/12/01T02:09:24z: p:1014.68 gasR:947928.75 iaq:136.55(0) T:10.63(16.23) H:56.32(39.06) sIaq:330.02(0) Stabilization:1 Run in:0
 0h00:30.094 2025/12/01T02:09:24z: DATA B(7),51,56,35,1014.68,0.02,26352,-50,30,7,9,10,7,9,10,38,38,1188,348,31,6,2,0,330.02
 0h00:30.926 2025/12/01T02:09:25z: DATA B(8),51,56,35,1014.68,0.03,26352,-50,30,7,9,10,7,9,10,38,38,1188,348,31,6,2,0,330.02
 0h00:30.968 2025/12/01T02:09:25z: p:1014.70 gasR:953223.19 iaq:136.55(0) T:10.66(16.26) H:56.09(38.97) sIaq:330.02(0) Stabilization:1 Run in:0
 0h00:31.758 2025/12/01T02:09:26z: DATA B(9),51,56,35,1014.70,0.03,26352,-50,31,7,9,10,7,9,10,38,38,1188,348,31,6,2,0,330.02
 0h00:31.968 2025/12/01T02:09:26z: p:1014.70 gasR:949907.25 iaq:136.55(0) T:10.69(16.30) H:55.82(38.87) sIaq:330.02(0) Stabilization:1 Run in:0
 0h00:32.661 2025/12/01T02:09:27z: DATA B(10),51,55,35,1014.70,0.02,26352,-50,32,8,10,11,8,10,11,42,42,1302,384,31,5,2,0,330.02
 0h00:32.968 2025/12/01T02:09:27z: p:1014.72 gasR:951230.81 iaq:136.55(0) T:10.72(16.32) H:55.64(38.79) sIaq:330.02(0) Stabilization:1 Run in:0
 0h00:33.969 2025/12/01T02:09:28z: p:1014.70 gasR:955892.62 iaq:136.55(0) T:10.74(16.34) H:55.51(38.73) sIaq:330.03(0) Stabilization:1 Run in:0
 0h00:34.968 2025/12/01T02:09:29z: p:1014.70 gasR:951894.00 iaq:136.55(0) T:10.76(16.36) H:55.33(38.65) sIaq:330.03(0) Stabilization:1 Run in:0
 0h00:35.162 2025/12/01T02:09:29z: DATA A(12),51,55,35,1014.70,0.02,26352,-50,35,7,9,9,7,9,9,38,38,1332,366,37,1,0,0,330.03
 0h00:35.969 2025/12/01T02:09:30z: p:1014.69 gasR:955223.88 iaq:136.55(0) T:10.79(16.39) H:55.16(38.58) sIaq:330.03(0) Stabilization:1 Run in:0
 0h00:35.998 2025/12/01T02:09:30z: DATA A(13),51,55,35,1014.69,0.03,26352,-50,36,7,9,9,7,9,9,38,38,1332,366,37,1,0,0,330.03
 0h00:36.834 2025/12/01T02:09:31z: DATA A(14),51,55,35,1014.69,0.03,26352,-50,36,7,9,9,7,9,9,38,38,1332,366,37,1,0,0,330.03
 0h00:36.969 2025/12/01T02:09:31z: p:1014.72 gasR:955223.88 iaq:136.55(0) T:10.82(16.42) H:54.98(38.51) sIaq:330.03(0) Stabilization:1 Run in:0
 0h00:37.740 2025/12/01T02:09:32z: DATA A(15),51,54,35,1014.72,0.03,26352,-50,37,7,8,9,7,8,9,33,33,1278,352,39,1,1,0,330.03
 0h00:37.969 2025/12/01T02:09:32z: p:1014.72 gasR:956562.38 iaq:136.55(0) T:10.83(16.44) H:54.88(38.45) sIaq:330.03(0) Stabilization:1 Run in:0
 0h00:38.969 2025/12/01T02:09:33z: p:1014.72 gasR:958577.12 iaq:136.55(0) T:10.85(16.46) H:54.77(38.40) sIaq:330.03(0) Stabilization:1 Run in:0
 0h00:39.461 2025/12/01T02:09:34z: DATA B(11),51,54,35,1014.72,0.03,26352,-51,39,9,11,11,9,11,11,46,46,1404,414,31,4,1,0,330.03
 0h00:39.969 2025/12/01T02:09:34z: p:1014.70 gasR:958577.12 iaq:136.55(0) T:10.87(16.47) H:54.68(38.35) sIaq:330.03(0) Stabilization:1 Run in:0
 0h00:40.364 2025/12/01T02:09:35z: DATA B(12),51,54,35,1014.70,0.02,26352,-51,40,9,10,11,9,10,11,42,42,1410,408,33,1,1,0,330.03
 0h00:40.969 2025/12/01T02:09:35z: p:1014.71 gasR:958577.12 iaq:136.55(0) T:10.89(16.49) H:54.59(38.30) sIaq:330.03(0) Stabilization:1 Run in:0
 0h00:41.196 2025/12/01T02:09:36z: DATA B(13),51,54,35,1014.71,0.02,26352,-51,41,9,10,11,9,10,11,42,42,1410,408,33,1,1,0,330.03
 0h00:41.969 2025/12/01T02:09:36z: p:1014.70 gasR:960600.38 iaq:136.55(0) T:10.90(16.50) H:54.51(38.25) sIaq:330.02(0) Stabilization:1 Run in:0
 0h00:42.029 2025/12/01T02:09:36z: DATA B(14),51,54,35,1014.70,0.02,26352,-51,42,9,10,11,9,10,11,42,42,1410,408,33,1,1,0,330.02
 0h00:42.932 2025/12/01T02:09:37z: DATA B(15),51,54,35,1014.70,0.02,26352,-51,42,9,10,11,9,10,11,42,42,1422,418,33,1,1,0,330.02
 0h00:42.969 2025/12/01T02:09:37z: p:1014.70 gasR:958577.12 iaq:136.55(0) T:10.92(16.52) H:54.44(38.21) sIaq:330.02(0) Stabilization:1 Run in:0
 0h00:43.968 2025/12/01T02:09:38z: p:1014.69 gasR:961276.69 iaq:136.55(0) T:10.94(16.54) H:54.35(38.17) sIaq:330.02(0) Stabilization:1 Run in:0
 0h00:44.569 2025/12/01T02:09:39z: DATA A(16),51,54,35,1014.69,0.02,26352,-51,44,7,9,9,7,9,9,38,38,1266,352,41,1,1,0,330.02
 0h00:44.969 2025/12/01T02:09:39z: p:1014.69 gasR:958577.12 iaq:136.55(0) T:10.96(16.56) H:54.32(38.15) sIaq:330.02(0) Stabilization:1 Run in:0
 0h00:45.476 2025/12/01T02:09:40z: DATA A(17),51,54,35,1014.69,0.02,26352,-50,45,8,9,11,8,9,11,38,38,1332,380,37,1,1,0,330.02
 0h00:45.968 2025/12/01T02:09:40z: p:1014.69 gasR:961276.69 iaq:136.55(0) T:10.96(16.56) H:54.28(38.11) sIaq:330.02(0) Stabilization:1 Run in:0
 0h00:46.312 2025/12/01T02:09:41z: DATA A(18),51,54,35,1014.69,0.03,26352,-50,46,8,9,11,8,9,11,38,38,1332,380,37,1,1,0,330.02
 0h00:46.969 2025/12/01T02:09:41z: p:1014.69 gasR:960600.38 iaq:136.55(0) T:10.97(16.58) H:54.24(38.08) sIaq:330.02(0) Stabilization:1 Run in:0
 0h00:47.148 2025/12/01T02:09:41z: DATA A(19),51,54,35,1014.69,0.03,26352,-51,47,8,9,11,8,9,11,38,38,1332,380,37,1,1,0,330.02
 0h00:47.968 2025/12/01T02:09:42z: p:1014.70 gasR:962632.19 iaq:136.55(0) T:10.99(16.60) H:54.16(38.04) sIaq:330.02(0) Stabilization:1 Run in:0
 0h00:48.055 2025/12/01T02:09:42z: DATA A(20),51,54,35,1014.70,0.02,26352,-51,48,8,9,11,8,9,11,38,38,1326,374,40,1,1,0,330.02
 0h00:48.968 2025/12/01T02:09:43z: p:1014.69 gasR:961954.00 iaq:136.55(0) T:11.00(16.61) H:54.12(38.01) sIaq:330.02(0) Stabilization:1 Run in:0
 0h00:49.731 2025/12/01T02:09:44z: DATA B(16),51,54,34,1014.69,0.03,26352,-51,49,9,10,10,9,10,10,42,42,1362,408,31,1,1,0,330.02
 0h00:49.968 2025/12/01T02:09:44z: p:1014.70 gasR:963991.50 iaq:136.54(0) T:11.01(16.62) H:54.14(38.01) sIaq:330.02(0) Stabilization:1 Run in:0
 0h00:50.634 2025/12/01T02:09:45z: DATA B(17),51,54,35,1014.70,0.03,26352,-48,50,8,10,10,8,10,10,42,42,1314,400,33,0,0,0,330.02
 0h00:50.969 2025/12/01T02:09:45z: p:1014.72 gasR:963311.38 iaq:136.54(0) T:11.02(16.63) H:54.12(37.99) sIaq:330.01(0) Stabilization:1 Run in:0
 0h00:51.466 2025/12/01T02:09:46z: DATA B(18),51,54,34,1014.72,0.02,26352,-50,51,8,10,10,8,10,10,42,42,1314,400,33,0,0,0,330.01
 0h00:51.969 2025/12/01T02:09:46z: p:1014.70 gasR:963311.38 iaq:136.54(0) T:11.04(16.64) H:54.09(37.97) sIaq:330.01(0) Stabilization:1 Run in:0
 0h00:52.298 2025/12/01T02:09:47z: DATA B(19),51,54,34,1014.70,0.02,26352,-50,52,8,10,10,8,10,10,42,42,1314,400,33,0,0,0,330.01
 0h00:52.969 2025/12/01T02:09:47z: p:1014.69 gasR:964672.62 iaq:136.53(0) T:11.05(16.65) H:54.05(37.95) sIaq:329.96(0) Stabilization:1 Run in:0
 0h00:53.201 2025/12/01T02:09:48z: DATA B(20),51,54,34,1014.69,0.02,26352,-50,53,9,10,10,9,10,10,42,42,1392,422,35,0,0,0,329.96
 0h00:53.968 2025/12/01T02:09:48z: p:1014.67 gasR:962632.19 iaq:136.51(0) T:11.05(16.65) H:54.08(37.93) sIaq:329.90(0) Stabilization:1 Run in:0
 0h00:54.884 2025/12/01T02:09:49z: DATA A(21),51,54,34,1014.67,0.02,26040,-51,54,8,11,12,8,11,12,46,46,1398,408,42,1,1,0,329.90
 0h00:54.968 2025/12/01T02:09:49z: p:1014.70 gasR:966721.75 iaq:136.46(0) T:11.06(16.67) H:54.05(37.93) sIaq:329.74(0) Stabilization:1 Run in:0
 0h00:55.791 2025/12/01T02:09:50z: DATA A(22),51,54,34,1014.70,0.02,26352,-51,55,9,11,11,9,11,11,46,46,1392,400,42,1,1,0,329.74
 0h00:55.968 2025/12/01T02:09:50z: p:1014.69 gasR:963991.50 iaq:136.44(0) T:11.08(16.68) H:54.01(37.90) sIaq:329.67(0) Stabilization:1 Run in:0
 0h00:56.627 2025/12/01T02:09:51z: DATA A(23),51,54,34,1014.69,0.03,26352,-51,56,9,11,11,9,11,11,46,46,1392,400,42,1,1,0,329.67
 0h00:56.968 2025/12/01T02:09:51z: p:1014.66 gasR:961276.69 iaq:136.44(0) T:11.08(16.68) H:54.02(37.89) sIaq:329.67(0) Stabilization:1 Run in:0
 0h00:57.463 2025/12/01T02:09:52z: DATA A(24),51,54,34,1014.66,0.02,26352,-51,57,9,11,11,9,11,11,46,46,1392,400,42,1,1,0,329.67
 0h00:57.968 2025/12/01T02:09:52z: p:1014.68 gasR:962632.19 iaq:136.43(0) T:11.10(16.70) H:53.98(37.88) sIaq:329.63(0) Stabilization:1 Run in:0
 0h00:58.370 2025/12/01T02:09:53z: DATA A(25),51,53,34,1014.68,0.02,26352,-50,58,9,11,11,9,11,11,46,46,1368,394,42,1,1,0,329.63
 0h00:58.969 2025/12/01T02:09:53z: p:1014.69 gasR:968092.62 iaq:136.38(0) T:11.11(16.71) H:53.96(37.87) sIaq:329.47(0) Stabilization:1 Run in:0
 0h00:59.969 2025/12/01T02:09:54z: p:1014.69 gasR:968779.56 iaq:136.33(0) T:11.12(16.73) H:53.94(37.86) sIaq:329.31(0) Stabilization:1 Run in:0
 0h01:00.001 2025/12/01T02:09:54z: DATA B(21),52,53,35,1014.69,0.03,26352,-49,60,8,10,11,8,10,11,42,42,1320,396,35,3,1,1,329.31
 0h01:00.904 2025/12/01T02:09:55z: DATA B(22),52,53,35,1014.69,0.02,26352,-48,60,9,10,11,9,10,11,42,42,1350,404,37,3,1,1,329.31
 0h01:00.969 2025/12/01T02:09:55z: p:1014.71 gasR:964672.62 iaq:136.31(0) T:11.13(16.73) H:53.93(37.84) sIaq:329.27(0) Stabilization:1 Run in:0
 0h01:01.736 2025/12/01T02:09:56z: DATA B(23),52,53,35,1014.71,0.02,26352,-49,61,9,10,11,9,10,11,42,42,1350,404,37,3,1,1,329.27
 0h01:01.968 2025/12/01T02:09:56z: p:1014.68 gasR:971537.00 iaq:136.25(0) T:11.14(16.74) H:53.92(37.83) sIaq:329.06(0) Stabilization:1 Run in:0
 0h01:02.569 2025/12/01T02:09:57z: DATA B(24),52,53,35,1014.68,0.02,26352,-49,62,9,10,11,9,10,11,42,42,1350,404,37,3,1,1,329.06
 0h01:02.968 2025/12/01T02:09:57z: p:1014.69 gasR:969467.44 iaq:136.21(0) T:11.15(16.75) H:53.90(37.82) sIaq:328.93(0) Stabilization:1 Run in:0
 0h01:03.471 2025/12/01T02:09:58z: DATA B(25),52,53,35,1014.69,0.03,26352,-50,63,8,10,11,8,10,11,42,42,1302,390,45,3,1,1,328.93
 0h01:03.969 2025/12/01T02:09:58z: p:1014.69 gasR:968092.62 iaq:136.18(0) T:11.16(16.76) H:53.89(37.80) sIaq:328.85(0) Stabilization:1 Run in:0
 0h01:04.968 2025/12/01T02:09:59z: p:1014.67 gasR:963991.50 iaq:136.19(0) T:11.17(16.77) H:53.91(37.80) sIaq:328.88(0) Stabilization:1 Run in:0
 0h01:05.200 2025/12/01T02:10:00z: DATA A(26),52,53,35,1014.67,0.02,26352,-50,65,9,11,11,9,11,11,46,46,1398,396,35,1,1,0,328.88
 0h01:05.969 2025/12/01T02:10:00z: p:1014.69 gasR:968092.62 iaq:136.17(0) T:11.18(16.78) H:53.88(37.79) sIaq:328.80(0) Stabilization:1 Run in:0
 0h01:06.106 2025/12/01T02:10:00z: DATA A(27),52,53,35,1014.69,0.02,26352,-50,66,9,12,13,9,12,13,50,50,1428,406,49,4,1,0,328.80
 0h01:06.969 2025/12/01T02:10:01z: p:1014.67 gasR:972228.81 iaq:136.12(0) T:11.18(16.78) H:53.87(37.76) sIaq:328.64(0) Stabilization:1 Run in:0
 0h01:07.013 2025/12/01T02:10:01z: DATA A(28),52,53,35,1014.67,0.02,26352,-50,67,9,13,14,9,13,14,53,53,1458,418,55,7,2,0,328.64
 0h01:07.920 2025/12/01T02:10:02z: DATA A(29),52,53,35,1014.67,0.03,26352,-52,67,9,13,14,9,13,14,53,53,1476,416,57,8,3,0,328.64
 0h01:07.968 2025/12/01T02:10:02z: p:1014.69 gasR:961954.00 iaq:136.15(0) T:11.20(16.80) H:53.85(37.76) sIaq:328.74(0) Stabilization:1 Run in:0
 0h01:08.827 2025/12/01T02:10:03z: DATA A(30),52,53,35,1014.69,0.02,26352,-52,68,8,13,16,8,13,16,53,53,1422,402,57,11,4,0,328.74
 0h01:08.968 2025/12/01T02:10:03z: p:1014.67 gasR:970156.31 iaq:136.12(0) T:11.20(16.80) H:53.84(37.74) sIaq:328.63(0) Stabilization:1 Run in:0
 0h01:09.968 2025/12/01T02:10:04z: p:1014.68 gasR:966037.75 iaq:136.12(0) T:11.21(16.82) H:53.83(37.74) sIaq:328.64(0) Stabilization:1 Run in:0
 0h01:10.412 2025/12/01T02:10:05z: DATA B(26),52,53,35,1014.68,0.03,26352,-53,70,8,13,18,8,13,18,53,53,1344,392,64,15,5,2,328.64
 0h01:10.969 2025/12/01T02:10:05z: p:1014.68 gasR:972228.81 iaq:136.07(0) T:11.22(16.82) H:53.82(37.72) sIaq:328.49(0) Stabilization:1 Run in:0
 0h01:11.315 2025/12/01T02:10:06z: DATA B(27),52,53,35,1014.68,0.03,26352,-52,71,8,14,18,8,14,18,55,55,1398,406,64,16,5,2,328.49
 0h01:11.968 2025/12/01T02:10:06z: p:1014.68 gasR:969467.44 iaq:136.05(0) T:11.21(16.82) H:53.85(37.71) sIaq:328.43(0) Stabilization:1 Run in:0
 0h01:12.218 2025/12/01T02:10:07z: DATA B(28),52,53,35,1014.68,0.02,26352,-53,72,8,14,17,8,14,17,55,55,1362,392,72,17,5,2,328.43
 0h01:12.968 2025/12/01T02:10:07z: p:1014.68 gasR:977099.25 iaq:135.98(0) T:11.22(16.82) H:53.85(37.70) sIaq:328.19(0) Stabilization:1 Run in:0
 0h01:13.121 2025/12/01T02:10:07z: DATA B(29),52,53,35,1014.68,0.03,26352,-50,73,8,14,16,8,14,16,55,55,1338,382,76,15,4,1,328.19
 0h01:13.968 2025/12/01T02:10:08z: p:1014.68 gasR:970156.31 iaq:135.97(0) T:11.21(16.81) H:53.89(37.69) sIaq:328.14(0) Stabilization:1 Run in:0
 0h01:14.023 2025/12/01T02:10:08z: DATA B(30),52,53,35,1014.68,0.03,26352,-49,74,8,14,16,8,14,16,55,55,1314,376,74,16,4,1,328.14
 0h01:14.968 2025/12/01T02:10:09z: p:1014.67 gasR:970846.19 iaq:135.95(0) T:11.22(16.82) H:53.88(37.69) sIaq:328.09(0) Stabilization:1 Run in:0
 0h01:15.968 2025/12/01T02:10:10z: p:1014.66 gasR:970846.19 iaq:135.93(0) T:11.22(16.82) H:53.89(37.67) sIaq:328.04(0) Stabilization:1 Run in:0
 0h01:16.081 2025/12/01T02:10:10z: DATA A(31),52,53,35,1014.66,0.03,26352,-50,76,7,10,18,7,10,18,42,42,1302,354,56,16,12,0,328.04
 0h01:16.969 2025/12/01T02:10:11z: p:1014.67 gasR:974310.19 iaq:135.89(0) T:11.21(16.81) H:53.94(37.68) sIaq:327.91(0) Stabilization:1 Run in:0
 0h01:16.988 2025/12/01T02:10:11z: DATA A(32),52,53,35,1014.67,0.03,26352,-50,76,7,10,18,7,10,18,42,42,1278,350,58,16,12,0,327.91
 0h01:17.824 2025/12/01T02:10:12z: DATA A(33),52,53,35,1014.67,0.03,26352,-50,77,7,9,18,7,9,18,38,38,1278,350,58,16,12,0,327.91
 0h01:17.968 2025/12/01T02:10:12z: p:1014.68 gasR:970846.19 iaq:135.89(0) T:11.22(16.83) H:53.90(37.67) sIaq:327.88(0) Stabilization:1 Run in:0
 0h01:18.660 2025/12/01T02:10:13z: DATA A(34),52,53,35,1014.68,0.03,26352,-50,78,7,9,18,7,9,18,38,38,1278,350,58,16,12,0,327.88
 0h01:18.968 2025/12/01T02:10:13z: p:1014.67 gasR:971537.00 iaq:135.87(0) T:11.23(16.83) H:53.92(37.68) sIaq:327.84(0) Stabilization:1 Run in:0
 0h01:19.968 2025/12/01T02:10:14z: p:1014.68 gasR:972228.81 iaq:135.86(0) T:11.23(16.83) H:53.88(37.64) sIaq:327.79(0) Stabilization:1 Run in:0
 0h01:20.273 2025/12/01T02:10:15z: DATA B(31),52,53,35,1014.68,0.02,26352,-50,80,8,13,13,8,13,13,53,53,1284,366,50,14,0,0,327.79
 0h01:20.969 2025/12/01T02:10:15z: p:1014.68 gasR:975005.94 iaq:135.82(0) T:11.24(16.84) H:53.85(37.64) sIaq:327.68(0) Stabilization:1 Run in:0
 0h01:21.105 2025/12/01T02:10:15z: DATA B(32),52,53,35,1014.68,0.03,26352,-48,81,8,13,13,8,13,13,53,53,1284,366,50,14,0,0,327.68
 0h01:21.969 2025/12/01T02:10:16z: p:1014.67 gasR:976400.50 iaq:135.78(0) T:11.23(16.83) H:53.93(37.65) sIaq:327.54(0) Stabilization:1 Run in:0
 0h01:22.008 2025/12/01T02:10:16z: DATA B(33),52,53,35,1014.67,0.02,26352,-52,82,8,13,13,8,13,13,53,53,1266,358,48,13,0,0,327.54
 0h01:22.840 2025/12/01T02:10:17z: DATA B(34),52,53,35,1014.67,0.02,26352,-53,82,8,13,13,8,13,13,53,53,1266,358,48,13,0,0,327.54
 0h01:22.968 2025/12/01T02:10:17z: p:1014.68 gasR:972228.81 iaq:135.77(0) T:11.23(16.84) H:53.91(37.64) sIaq:327.52(0) Stabilization:1 Run in:0
 0h01:23.672 2025/12/01T02:10:18z: DATA B(35),52,53,35,1014.68,0.03,26352,-53,83,8,13,13,8,13,13,53,53,1266,358,48,13,0,0,327.52
 0h01:23.968 2025/12/01T02:10:18z: p:1014.69 gasR:974310.19 iaq:135.75(0) T:11.24(16.85) H:53.88(37.63) sIaq:327.46(0) Stabilization:1 Run in:0
 0h01:24.968 2025/12/01T02:10:19z: p:1014.68 gasR:975702.69 iaq:135.73(0) T:11.24(16.84) H:53.91(37.63) sIaq:327.37(0) Stabilization:1 Run in:0
 0h01:25.560 2025/12/01T02:10:20z: DATA A(35),52,53,35,1014.68,0.02,26352,-53,85,7,9,16,7,9,16,38,38,1284,352,53,10,8,0,327.37
 0h01:25.968 2025/12/01T02:10:20z: p:1014.68 gasR:975005.94 iaq:135.71(0) T:11.25(16.85) H:53.87(37.62) sIaq:327.30(0) Stabilization:1 Run in:0
 0h01:26.396 2025/12/01T02:10:21z: DATA A(36),52,53,35,1014.68,0.03,26352,-52,86,7,9,16,7,9,16,38,38,1284,352,53,10,8,0,327.30
 0h01:26.969 2025/12/01T02:10:21z: p:1014.68 gasR:972921.62 iaq:135.70(0) T:11.25(16.85) H:53.90(37.62) sIaq:327.30(0) Stabilization:1 Run in:0
 0h01:27.303 2025/12/01T02:10:22z: DATA A(37),52,53,35,1014.68,0.02,26352,-49,87,7,9,14,7,9,14,38,38,1242,342,51,9,7,0,327.30
 0h01:27.968 2025/12/01T02:10:22z: p:1014.68 gasR:975702.69 iaq:135.68(0) T:11.24(16.85) H:53.91(37.61) sIaq:327.23(0) Stabilization:1 Run in:0
 0h01:28.139 2025/12/01T02:10:22z: DATA A(38),52,53,35,1014.68,0.02,26352,-49,88,7,9,14,7,9,14,38,38,1242,342,51,9,7,0,327.23
 0h01:28.969 2025/12/01T02:10:23z: p:1014.69 gasR:976400.50 iaq:135.66(0) T:11.24(16.84) H:53.94(37.61) sIaq:327.15(0) Stabilization:1 Run in:0
 0h01:28.985 2025/12/01T02:10:23z: DATA A(39),52,53,35,1014.69,0.03,26352,-49,88,7,9,14,7,9,14,38,38,1242,342,51,9,7,0,327.15
 0h01:29.968 2025/12/01T02:10:24z: p:1014.68 gasR:975005.94 iaq:135.65(0) T:11.23(16.83) H:53.95(37.59) sIaq:327.11(0) Stabilization:1 Run in:0
 0h01:30.543 2025/12/01T02:10:25z: DATA B(36),52,53,35,1014.68,0.03,26352,-49,90,9,11,13,9,11,13,46,46,1356,384,37,11,0,0,327.11
 0h01:30.969 2025/12/01T02:10:25z: p:1014.68 gasR:978499.75 iaq:135.61(0) T:11.23(16.83) H:53.95(37.59) sIaq:326.99(0) Stabilization:1 Run in:0
 0h01:31.375 2025/12/01T02:10:26z: DATA B(37),52,53,35,1014.68,0.03,26352,-52,91,9,11,13,9,11,13,46,46,1356,384,37,11,0,0,326.99
 0h01:31.969 2025/12/01T02:10:26z: p:1014.67 gasR:980608.06 iaq:135.56(0) T:11.23(16.84) H:53.88(37.54) sIaq:326.84(0) Stabilization:1 Run in:0
 0h01:32.278 2025/12/01T02:10:27z: DATA B(38),52,53,35,1014.67,0.02,26352,-52,92,8,10,13,8,10,13,42,42,1296,360,35,11,1,1,326.84
 0h01:32.968 2025/12/01T02:10:27z: p:1014.68 gasR:979904.31 iaq:135.53(0) T:11.23(16.83) H:53.94(37.57) sIaq:326.72(0) Stabilization:1 Run in:0
 0h01:33.110 2025/12/01T02:10:27z: DATA B(39),52,53,35,1014.68,0.02,26352,-52,93,8,10,13,8,10,13,42,42,1296,360,35,11,1,1,326.72
 0h01:33.942 2025/12/01T02:10:28z: DATA B(40),52,53,35,1014.68,0.02,26352,-52,93,8,10,13,8,10,13,42,42,1296,360,35,11,1,1,326.72
 0h01:33.969 2025/12/01T02:10:28z: p:1014.70 gasR:983433.38 iaq:135.47(0) T:11.24(16.84) H:53.91(37.56) sIaq:326.53(0) Stabilization:1 Run in:0
 0h01:34.968 2025/12/01T02:10:29z: p:1014.68 gasR:978499.75 iaq:135.45(0) T:11.23(16.84) H:53.93(37.56) sIaq:326.49(0) Stabilization:1 Run in:0
 0h01:35.875 2025/12/01T02:10:30z: DATA A(40),52,53,35,1014.68,0.02,26352,-52,95,7,8,12,7,8,12,33,33,1242,340,39,4,4,0,326.49
 0h01:35.968 2025/12/01T02:10:30z: p:1014.67 gasR:979904.31 iaq:135.43(0) T:11.22(16.82) H:53.99(37.56) sIaq:326.41(0) Stabilization:1 Run in:0
 0h01:36.710 2025/12/01T02:10:31z: DATA A(41),52,53,35,1014.67,0.02,26352,-52,96,7,8,12,7,8,12,33,33,1242,340,39,4,4,0,326.41
 0h01:36.968 2025/12/01T02:10:31z: p:1014.69 gasR:978499.75 iaq:135.42(0) T:11.22(16.83) H:53.92(37.53) sIaq:326.38(0) Stabilization:1 Run in:0
 0h01:37.617 2025/12/01T02:10:32z: DATA A(42),52,53,35,1014.69,0.03,26352,-52,97,7,9,12,7,9,12,38,38,1254,352,33,4,4,0,326.38
 0h01:37.968 2025/12/01T02:10:32z: p:1014.66 gasR:986275.00 iaq:135.35(0) T:11.21(16.81) H:53.98(37.54) sIaq:326.16(0) Stabilization:1 Run in:0
 0h01:38.453 2025/12/01T02:10:33z: DATA A(43),52,53,35,1014.66,0.03,26352,-52,98,7,9,12,7,9,12,38,38,1254,352,33,4,4,0,326.16
 0h01:38.968 2025/12/01T02:10:33z: p:1014.66 gasR:982018.69 iaq:135.33(0) T:11.21(16.81) H:54.00(37.55) sIaq:326.08(0) Stabilization:1 Run in:0
 0h01:39.289 2025/12/01T02:10:34z: DATA A(44),52,53,35,1014.66,0.02,26352,-52,99,7,9,12,7,9,12,38,38,1254,352,33,4,4,0,326.08
 0h01:39.969 2025/12/01T02:10:34z: p:1014.67 gasR:984852.12 iaq:135.28(0) T:11.21(16.81) H:53.96(37.53) sIaq:325.93(0) Stabilization:1 Run in:0
 0h01:40.812 2025/12/01T02:10:35z: DATA B(41),52,53,35,1014.67,0.03,26352,-48,100,8,10,10,8,10,10,42,42,1296,356,32,5,1,1,325.93
 0h01:40.968 2025/12/01T02:10:35z: p:1014.65 gasR:982018.69 iaq:135.26(0) T:11.20(16.81) H:53.99(37.53) sIaq:325.87(0) Stabilization:1 Run in:0
 0h01:41.644 2025/12/01T02:10:36z: DATA B(42),52,53,35,1014.65,0.03,26352,-49,101,8,10,10,8,10,10,42,42,1296,356,32,5,1,1,325.87
 0h01:41.968 2025/12/01T02:10:36z: p:1014.66 gasR:976400.50 iaq:135.29(0) T:11.21(16.81) H:53.99(37.55) sIaq:325.95(0) Stabilization:1 Run in:0
 0h01:42.547 2025/12/01T02:10:37z: DATA B(43),52,53,35,1014.66,0.03,26352,-49,102,9,11,11,9,11,11,46,46,1374,384,34,7,1,1,325.95
{"SensorId":"48:3f:da:26:d5:2a","DateTime":"2025/12/01T02:10:37z","Geo":"PurpleAir-d52a","Mem":26352,"memfrag":1,"memfb":26280,"memcs":800,"Id":1,"lat":0.000000,"lon":0.000000,"Adc":"nan","loggingrate":15,"place":"outside","version":"7.04","uptime":102,"rssi":-49,"period":102,"httpsuccess":0,"httpsends":0,"hardwareversion":"3.0","hardwarediscovered":"3.0+RV3028+BME68X+PMSX003-A+PMSX003-B","current_temp_f":52,"current_humidity":53,"current_dewpoint_f":35,"pressure":1014.66,"current_temp_f_680":52,"current_humidity_680":53,"current_dewpoint_f_680":35,"pressure_680":1014.66,"gas_680":"nan","p25aqic_b":"rgb(186,248,0)","pm2.5_aqi_b":45,"pm1_0_cf_1_b":8.21,"p_0_3_um_b":1311.07,"pm2_5_cf_1_b":10.79,"p_0_5_um_b":382.19,"pm10_0_cf_1_b":11.93,"p_1_0_um_b":40.56,"pm1_0_atm_b":8.21,"p_2_5_um_b":6.98,"pm2_5_atm_b":10.79,"p_5_0_um_b":1.42,"pm10_0_atm_b":11.93,"p_10_0_um_b":0.58,"p25aqic":"rgb(141,243,0)","pm2.5_aqi":41,"pm1_0_cf_1":7.77,"p_0_3_um":1328.73,"pm2_5_cf_1":9.82,"p_0_5_um":374.55,"pm10_0_cf_1":12.00,"p_1_0_um":40.52,"pm1_0_atm":7.77,"p_2_5_um":4.25,"pm2_5_atm":9.82,"p_5_0_um":2.89,"pm10_0_atm":12.00,"p_10_0_um":0.00,"wlstate":"Failed","status_0":0,"status_1":0,"status_2":0,"status_3":0,"status_4":2,"status_5":2,"status_7":0,"status_8":2,"status_9":2}
 0h01:43.083 2025/12/01T02:10:37z: update.purpleair.com:80/firmware/2mb/update.asp
 0h01:43.090 2025/12/01T02:10:37z: Error: -1
1 BSEC warning code : 100

UTCDateTime,mac_address,firmware_ver,hardware,current_temp_f,current_humidity,current_dewpoint_f,pressure,adc,mem,rssi,uptime,pm1_0_cf_1,pm2_5_cf_1,pm10_0_cf_1,pm1_0_atm,pm2_5_atm,pm10_0_atm,pm2.5_aqi_cf_1,pm2.5_aqi_atm,p_0_3_um,p_0_5_um,p_1_0_um,p_2_5_um,p_5_0_um,p_10_0_um,pm1_0_cf_1_b,pm2_5_cf_1_b,pm10_0_cf_1_b,pm1_0_atm_b,pm2_5_atm_b,pm10_0_atm_b,pm2.5_aqi_cf_1_b,pm2.5_aqi_atm_b,p_0_3_um_b,p_0_5_um_b,p_1_0_um_b,p_2_5_um_b,p_5_0_um_b,p_10_0_um_b,gas
2025/12/01T02:10:37z,48:3f:da:26:d5:2a,7.04,3.0+RV3028+BME68X+PMSX003-A+PMSX003-B,52,53,35,1014.66,nan,26352,-49,103,7.77,9.82,12.00,7.77,9.82,12.00,41,41,1328.73,374.55,40.52,4.25,2.89,0.00,8.21,10.79,11.93,8.21,10.79,11.93,45,45,1311.07,382.19,40.56,6.98,1.42,0.58,nan
1 BSEC warning code : 100

1 BSEC warning code : 100

1 BSEC warning code : 100

1 BSEC warning code : 100

1 BSEC warning code : 100

1 BSEC warning code : 100

1 BSEC warning code : 100

1 BSEC warning code : 100

1 BSEC warning code : 100

1 BSEC warning code : 100

 ets Jan  8 2013,rst cause:1, boot mode:(3,7)

load 0x4010f000, len 1384, room 16 
tail 8
chksum 0x2d
csum 0x2d
v8b899c12
~ld


7.04
 0h00:00.277 1970/01/01T08:00:00z: SPIFFS Active
 0h00:03.951 2025/12/01T18:16:09z: 48:3f:da:26:d5:2a
 0h00:03.953 2025/12/01T18:16:09z: SSID: VALIS
1 BSEC warning code : 100

1 BSEC warning code : 100

1 BSEC warning code : 100

1 BSEC warning code : 100

1 BSEC warning code : 100

1 BSEC warning code : 100

1 BSEC warning code : 100

1 BSEC warning code : 100

1 BSEC warning code : 100

1 BSEC warning code : 100

 ets Jan  8 2013,rst cause:1, boot mode:(3,7)

load 0x4010f000, len 1384, room 16 
tail 8
chksum 0x2d
csum 0x2d
v8b899c12
~ld


7.04
 0h00:00.277 1970/01/01T08:00:00z: SPIFFS Active
 0h00:03.951 2025/12/01T18:35:55z: 48:3f:da:26:d5:2a
 0h00:03.953 2025/12/01T18:35:55z: SSID: VALIS
1 BSEC warning code : 100

1 BSEC warning code : 100

1 BSEC warning code : 100

1 BSEC warning code : 100

1 BSEC warning code : 100

1 BSEC warning code : 100

1 BSEC warning code : 100

1 BSEC warning code : 100

1 BSEC warning code : 100

1 BSEC warning code : 100

 ets Jan  8 2013,rst cause:1, boot mode:(3,7)

load 0x4010f000, len 1384, room 16 
tail 8
chksum 0x2d
csum 0x2d
v8b899c12
~ld


7.04
 0h00:00.279 1970/01/01T08:00:00z: SPIFFS Active
 0h00:03.953 2025/12/01T18:55:40z: 48:3f:da:26:d5:2a
 0h00:03.955 2025/12/01T18:55:40z: SSID: VALIS
1 BSEC warning code : 100

1 BSEC warning code : 100

1 BSEC warning code : 100

1 BSEC warning code : 100

1 BSEC warning code : 100

1 BSEC warning code : 100

1 BSEC warning code : 100

1 BSEC warning code : 100

1 BSEC warning code : 100

1 BSEC warning code : 100

 ets Jan  8 2013,rst cause:1, boot mode:(3,7)

load 0x4010f000, len 1384, room 16 
tail 8
chksum 0x2d
csum 0x2d
v8b899c12
~ld


7.04
 0h00:00.284 1970/01/01T08:00:00z: SPIFFS Active
 0h00:03.958 2025/12/01T19:15:26z: 48:3f:da:26:d5:2a
 0h00:03.960 2025/12/01T19:15:26z: SSID: VALIS
1 BSEC warning code : 100

1 BSEC warning code : 100

1 BSEC warning code : 100

1 BSEC warning code : 100

1 BSEC warning code : 100

1 BSEC warning code : 100

1 BSEC warning code : 100

1 BSEC warning code : 100

1 BSEC warning code : 100

1 BSEC warning code : 100

 ets Jan  8 2013,rst cause:1, boot mode:(3,7)

load 0x4010f000, len 1384, room 16 
tail 8
chksum 0x2d
csum 0x2d
v8b899c12
~ld


7.04
 0h00:00.277 1970/01/01T08:00:00z: SPIFFS Active
 0h00:03.951 2025/12/01T19:35:11z: 48:3f:da:26:d5:2a
 0h00:03.952 2025/12/01T19:35:11z: SSID: VALIS
1 BSEC warning code : 100

1 BSEC warning code : 100

1 BSEC warning code : 100

1 BSEC warning code : 100

1 BSEC warning code : 100

1 BSEC warning code : 100

1 BSEC warning code : 100

1 BSEC warning code : 100

1 BSEC warning code : 100

1 BSEC warning code : 100

 ets Jan  8 2013,rst cause:1, boot mode:(3,7)

load 0x4010f000, len 1384, room 16 
tail 8
chksum 0x2d
csum 0x2d
v8b899c12
~ld


7.04
 0h00:00.278 1970/01/01T08:00:00z: SPIFFS Active
 0h00:03.952 2025/12/01T19:54:56z: 48:3f:da:26:d5:2a
 0h00:03.954 2025/12/01T19:54:56z: SSID: VALIS
1 BSEC warning code : 100

1 BSEC warning code : 100

1 BSEC warning code : 100

1 BSEC warning code : 100

1 BSEC warning code : 100

1 BSEC warning code : 100

1 BSEC warning code : 100

1 BSEC warning code : 100

1 BSEC warning code : 100

1 BSEC warning code : 100

 ets Jan  8 2013,rst cause:1, boot mode:(3,7)

load 0x4010f000, len 1384, room 16 
tail 8
chksum 0x2d
csum 0x2d
v8b899c12
~ld


7.04
 0h00:00.280 1970/01/01T08:00:00z: SPIFFS Active
 0h00:03.954 2025/12/01T20:14:42z: 48:3f:da:26:d5:2a
 0h00:03.955 2025/12/01T20:14:42z: SSID: VALIS
1 BSEC warning code : 100

1 BSEC warning code : 100

1 BSEC warning code : 100

1 BSEC warning code : 100

1 BSEC warning code : 100

1 BSEC warning code : 100

1 BSEC warning code : 100

1 BSEC warning code : 100

1 BSEC warning code : 100

1 BSEC warning code : 100

 ets Jan  8 2013,rst cause:1, boot mode:(3,7)

load 0x4010f000, len 1384, room 16 
tail 8
chksum 0x2d
csum 0x2d
v8b899c12
~ld


7.04
 0h00:00.274 1970/01/01T08:00:00z: SPIFFS Active
 0h00:03.948 2025/12/01T20:34:27z: 48:3f:da:26:d5:2a
 0h00:03.949 2025/12/01T20:34:27z: SSID: VALIS
1 BSEC warning code : 100

1 BSEC warning code : 100

1 BSEC warning code : 100

1 BSEC warning code : 100

1 BSEC warning code : 100

1 BSEC warning code : 100

1 BSEC warning code : 100

1 BSEC warning code : 100

1 BSEC warning code : 100

1 BSEC warning code : 100

 ets Jan  8 2013,rst cause:1, boot mode:(3,7)

load 0x4010f000, len 1384, room 16 
tail 8
chksum 0x2d
csum 0x2d
v8b899c12
~ld


7.04
 0h00:00.280 1970/01/01T08:00:00z: SPIFFS Active
 0h00:03.953 2025/12/01T20:54:12z: 48:3f:da:26:d5:2a
 0h00:03.955 2025/12/01T20:54:12z: SSID: VALIS
1 BSEC warning code : 100

1 BSEC warning code : 100

1 BSEC warning code : 100

1 BSEC warning code : 100

1 BSEC warning code : 100

1 BSEC warning code : 100

1 BSEC warning code : 100

1 BSEC warning code : 100

1 BSEC warning code : 100

1 BSEC warning code : 100

 ets Jan  8 2013,rst cause:1, boot mode:(3,7)

load 0x4010f000, len 1384, room 16 
tail 8
chksum 0x2d
csum 0x2d
v8b899c12
~ld


7.04
 0h00:00.277 1970/01/01T08:00:00z: SPIFFS Active
 0h00:03.951 2025/12/01T21:13:57z: 48:3f:da:26:d5:2a
 0h00:03.952 2025/12/01T21:13:57z: SSID: VALIS
1 BSEC warning code : 100

1 BSEC warning code : 100

1 BSEC warning code : 100

1 BSEC warning code : 100

1 BSEC warning code : 100

1 BSEC warning code : 100

1 BSEC warning code : 100

1 BSEC warning code : 100

1 BSEC warning code : 100

1 BSEC warning code : 100

 ets Jan  8 2013,rst cause:1, boot mode:(3,7)

load 0x4010f000, len 1384, room 16 
tail 8
chksum 0x2d
csum 0x2d
v8b899c12
~ld


7.04
 0h00:00.281 1970/01/01T08:00:00z: SPIFFS Active
 0h00:03.955 2025/12/01T21:33:42z: 48:3f:da:26:d5:2a
 0h00:03.956 2025/12/01T21:33:42z: SSID: VALIS
1 BSEC warning code : 100

1 BSEC warning code : 100

1 BSEC warning code : 100

1 BSEC warning code : 100

1 BSEC warning code : 100

1 BSEC warning code : 100

1 BSEC warning code : 100

1 BSEC warning code : 100

1 BSEC warning code : 100

1 BSEC warning code : 100

 ets Jan  8 2013,rst cause:1, boot mode:(3,7)

load 0x4010f000, len 1384, room 16 
tail 8
chksum 0x2d
csum 0x2d
v8b899c12
~ld


7.04
 0h00:00.281 1970/01/01T08:00:00z: SPIFFS Active
 0h00:03.955 2025/12/01T21:53:28z: 48:3f:da:26:d5:2a
 0h00:03.956 2025/12/01T21:53:28z: SSID: VALIS
1 BSEC warning code : 100

1 BSEC warning code : 100

1 BSEC warning code : 100

1 BSEC warning code : 100

1 BSEC warning code : 100

1 BSEC warning code : 100

1 BSEC warning code : 100

1 BSEC warning code : 100

1 BSEC warning code : 100

1 BSEC warning code : 100

 ets Jan  8 2013,rst cause:1, boot mode:(3,7)

load 0x4010f000, len 1384, room 16 
tail 8
chksum 0x2d
csum 0x2d
v8b899c12
~ld


7.04
 0h00:00.278 1970/01/01T08:00:00z: SPIFFS Active
 0h00:03.952 2025/12/01T22:13:13z: 48:3f:da:26:d5:2a
 0h00:03.954 2025/12/01T22:13:13z: SSID: VALIS
1 BSEC warning code : 100

1 BSEC warning code : 100

1 BSEC warning code : 100

1 BSEC warning code : 100

1 BSEC warning code : 100

1 BSEC warning code : 100

1 BSEC warning code : 100

1 BSEC warning code : 100

1 BSEC warning code : 100

1 BSEC warning code : 100

 ets Jan  8 2013,rst cause:1, boot mode:(3,7)

load 0x4010f000, len 1384, room 16 
tail 8
chksum 0x2d
csum 0x2d
v8b899c12
~ld


7.04
 0h00:00.282 1970/01/01T08:00:00z: SPIFFS Active
 0h00:03.956 2025/12/01T22:32:59z: 48:3f:da:26:d5:2a
 0h00:03.957 2025/12/01T22:32:59z: SSID: VALIS
1 BSEC warning code : 100

1 BSEC warning code : 100

1 BSEC warning code : 100

1 BSEC warning code : 100

1 BSEC warning code : 100

1 BSEC warning code : 100

1 BSEC warning code : 100

1 BSEC warning code : 100

1 BSEC warning code : 100

1 BSEC warning code : 100

 ets Jan  8 2013,rst cause:1, boot mode:(3,7)

load 0x4010f000, len 1384, room 16 
tail 8
chksum 0x2d
csum 0x2d
v8b899c12
~ld


7.04
 0h00:00.275 1970/01/01T08:00:00z: SPIFFS Active
 0h00:03.949 2025/12/01T22:52:44z: 48:3f:da:26:d5:2a
 0h00:03.950 2025/12/01T22:52:44z: SSID: VALIS
1 BSEC warning code : 100

1 BSEC warning code : 100

1 BSEC warning code : 100

1 BSEC warning code : 100

1 BSEC warning code : 100

1 BSEC warning code : 100

1 BSEC warning code : 100

1 BSEC warning code : 100

1 BSEC warning code : 100

1 BSEC warning code : 100

 ets Jan  8 2013,rst cause:1, boot mode:(3,7)

load 0x4010f000, len 1384, room 16 
tail 8
chksum 0x2d
csum 0x2d
v8b899c12
~ld


7.04
 0h00:00.278 1970/01/01T08:00:00z: SPIFFS Active
 0h00:03.952 2025/12/01T23:12:29z: 48:3f:da:26:d5:2a
 0h00:03.954 2025/12/01T23:12:29z: SSID: VALIS
1 BSEC warning code : 100

1 BSEC warning code : 100

1 BSEC warning code : 100

1 BSEC warning code : 100

1 BSEC warning code : 100

1 BSEC warning code : 100

1 BSEC warning code : 100

1 BSEC warning code : 100

1 BSEC warning code : 100

1 BSEC warning code : 100

 ets Jan  8 2013,rst cause:1, boot mode:(3,7)

load 0x4010f000, len 1384, room 16 
tail 8
chksum 0x2d
csum 0x2d
v8b899c12
~ld


7.04
 0h00:00.275 1970/01/01T08:00:00z: SPIFFS Active
 0h00:03.949 2025/12/01T23:32:14z: 48:3f:da:26:d5:2a
 0h00:03.950 2025/12/01T23:32:14z: SSID: VALIS
1 BSEC warning code : 100

1 BSEC warning code : 100

1 BSEC warning code : 100

1 BSEC warning code : 100

1 BSEC warning code : 100

1 BSEC warning code : 100

1 BSEC warning code : 100

1 BSEC warning code : 100

1 BSEC warning code : 100

1 BSEC warning code : 100

 ets Jan  8 2013,rst cause:1, boot mode:(3,7)

load 0x4010f000, len 1384, room 16 
tail 8
chksum 0x2d
csum 0x2d
v8b899c12
~ld


7.04
 0h00:00.283 1970/01/01T08:00:00z: SPIFFS Active
 0h00:03.958 2025/12/01T23:51:59z: 48:3f:da:26:d5:2a
 0h00:03.959 2025/12/01T23:51:59z: SSID: VALIS
1 BSEC warning code : 100

1 BSEC warning code : 100

1 BSEC warning code : 100

1 BSEC warning code : 100
