
1 BSEC warning code : 100

1 BSEC warning code : 100

1 BSEC warning code : 100

1 BSEC warning code : 100

1 BSEC warning code : 100

1 BSEC warning code : 100

1 BSEC warning code : 100

1 BSEC warning code : 100

1 BSEC warning code : 100

1 BSEC warning code : 100

 ets Jan  8 2013,rst cause:1, boot mode:(3,7)

load 0x4010f000, len 1384, room 16 
tail 8
chksum 0x2d
csum 0x2d
v8b899c12
~ld


7.04
 0h00:00.279 1970/01/01T08:00:00z: SPIFFS Active
 0h00:03.953 2025/12/22T00:18:42z: 48:3f:da:26:d5:2a
 0h00:03.955 2025/12/22T00:18:42z: SSID: VALIS
1 BSEC warning code : 100

1 BSEC warning code : 100

1 BSEC warning code : 100

1 BSEC warning code : 100

1 BSEC warning code : 100

1 BSEC warning code : 100

1 BSEC warning code : 100

1 BSEC warning code : 100

1 BSEC warning code : 100

1 BSEC warning code : 100

 ets Jan  8 2013,rst cause:1, boot mode:(3,7)

load 0x4010f000, len 1384, room 16 
tail 8
chksum 0x2d
csum 0x2d
v8b899c12
~ld


7.04
 0h00:00.283 1970/01/01T08:00:00z: SPIFFS Active
 0h00:03.957 2025/12/22T00:38:28z: 48:3f:da:26:d5:2a
 0h00:03.959 2025/12/22T00:38:28z: SSID: VALIS
1 BSEC warning code : 100

1 BSEC warning code : 100

1 BSEC warning code : 100

1 BSEC warning code : 100

1 BSEC warning code : 100

1 BSEC warning code : 100

1 BSEC warning code : 100

1 BSEC warning code : 100

1 BSEC warning code : 100

1 BSEC warning code : 100

 ets Jan  8 2013,rst cause:1, boot mode:(3,7)

load 0x4010f000, len 1384, room 16 
tail 8
chksum 0x2d
csum 0x2d
v8b899c12
~ld


7.04
 0h00:00.282 1970/01/01T08:00:00z: SPIFFS Active
 0h00:03.957 2025/12/22T00:58:13z: 48:3f:da:26:d5:2a
 0h00:03.958 2025/12/22T00:58:13z: SSID: VALIS
1 BSEC warning code : 100

1 BSEC warning code : 100

1 BSEC warning code : 100

1 BSEC warning code : 100

1 BSEC warning code : 100

1 BSEC warning code : 100

1 BSEC warning code : 100

1 BSEC warning code : 100

1 BSEC warning code : 100

1 BSEC warning code : 100

 ets Jan  8 2013,rst cause:1, boot mode:(3,7)

load 0x4010f000, len 1384, room 16 
tail 8
chksum 0x2d
csum 0x2d
v8b899c12
~ld


7.04
 0h00:00.281 1970/01/01T08:00:00z: SPIFFS Active
 0h00:03.955 2025/12/22T01:17:59z: 48:3f:da:26:d5:2a
 0h00:03.957 2025/12/22T01:17:59z: SSID: VALIS
1 BSEC warning code : 100

1 BSEC warning code : 100

1 BSEC warning code : 100

1 BSEC warning code : 100

1 BSEC warning code : 100

1 BSEC warning code : 100

1 BSEC warning code : 100

1 BSEC warning code : 100

1 BSEC warning code : 100

1 BSEC warning code : 100

 ets Jan  8 2013,rst cause:1, boot mode:(3,7)

load 0x4010f000, len 1384, room 16 
tail 8
chksum 0x2d
csum 0x2d
v8b899c12
~ld


7.04
 0h00:00.271 1970/01/01T08:00:00z: SPIFFS Active
 0h00:03.945 2025/12/22T01:37:44z: 48:3f:da:26:d5:2a
 0h00:03.946 2025/12/22T01:37:44z: SSID: VALIS
1 BSEC warning code : 100

1 BSEC warning code : 100

1 BSEC warning code : 100

1 BSEC warning code : 100

1 BSEC warning code : 100

1 BSEC warning code : 100

1 BSEC warning code : 100

1 BSEC warning code : 100

1 BSEC warning code : 100

1 BSEC warning code : 100

 ets Jan  8 2013,rst cause:1, boot mode:(3,7)

load 0x4010f000, len 1384, room 16 
tail 8
chksum 0x2d
csum 0x2d
v8b899c12
~ld


7.04
 0h00:00.276 1970/01/01T08:00:00z: SPIFFS Active
 0h00:03.951 2025/12/22T01:57:29z: 48:3f:da:26:d5:2a
 0h00:03.952 2025/12/22T01:57:29z: SSID: VALIS
1 BSEC warning code : 100

1 BSEC warning code : 100

1 BSEC warning code : 100

1 BSEC warning code : 100

1 BSEC warning code : 100

1 BSEC warning code : 100

1 BSEC warning code : 100

1 BSEC warning code : 100

1 BSEC warning code : 100

1 BSEC warning code : 100

 ets Jan  8 2013,rst cause:1, boot mode:(3,7)

load 0x4010f000, len 1384, room 16 
tail 8
chksum 0x2d
csum 0x2d
v8b899c12
~ld


7.04
 0h00:00.277 1970/01/01T08:00:00z: SPIFFS Active
 0h00:03.952 2025/12/22T02:17:14z: 48:3f:da:26:d5:2a
 0h00:03.953 2025/12/22T02:17:14z: SSID: VALIS
1 BSEC warning code : 100

1 BSEC warning code : 100

1 BSEC warning code : 100

1 BSEC warning code : 100

1 BSEC warning code : 100

1 BSEC warning code : 100

1 BSEC warning code : 100

1 BSEC warning code : 100

1 BSEC warning code : 100

1 BSEC warning code : 100

 ets Jan  8 2013,rst cause:1, boot mode:(3,7)

load 0x4010f000, len 1384, room 16 
tail 8
chksum 0x2d
csum 0x2d
v8b899c12
~ld


7.04
 0h00:00.274 1970/01/01T08:00:00z: SPIFFS Active
 0h00:03.948 2025/12/22T02:37:00z: 48:3f:da:26:d5:2a
 0h00:03.950 2025/12/22T02:37:00z: SSID: VALIS
1 BSEC warning code : 100

1 BSEC warning code : 100

1 BSEC warning code : 100

1 BSEC warning code : 100

1 BSEC warning code : 100

1 BSEC warning code : 100

1 BSEC warning code : 100

1 BSEC warning code : 100

1 BSEC warning code : 100

1 BSEC warning code : 100

 ets Jan  8 2013,rst cause:1, boot mode:(3,7)

load 0x4010f000, len 1384, room 16 
tail 8
chksum 0x2d
csum 0x2d
v8b899c12
~ld


7.04
 0h00:00.270 1970/01/01T08:00:00z: SPIFFS Active
 0h00:03.945 2025/12/22T02:56:46z: 48:3f:da:26:d5:2a
 0h00:03.946 2025/12/22T02:56:46z: SSID: VALIS
1 BSEC warning code : 100

1 BSEC warning code : 100

1 BSEC warning code : 100

1 BSEC warning code : 100

1 BSEC warning code : 100

1 BSEC warning code : 100

1 BSEC warning code : 100

1 BSEC warning code : 100

1 BSEC warning code : 100

1 BSEC warning code : 100

 ets Jan  8 2013,rst cause:1, boot mode:(3,7)

load 0x4010f000, len 1384, room 16 
tail 8
chksum 0x2d
csum 0x2d
v8b899c12
~ld


7.04
 0h00:00.273 1970/01/01T08:00:00z: SPIFFS Active
 0h00:03.947 2025/12/22T03:16:30z: 48:3f:da:26:d5:2a
 0h00:03.949 2025/12/22T03:16:30z: SSID: VALIS
1 BSEC warning code : 100

1 BSEC warning code : 100

1 BSEC warning code : 100

1 BSEC warning code : 100

1 BSEC warning code : 100

1 BSEC warning code : 100

1 BSEC warning code : 100

1 BSEC warning code : 100

1 BSEC warning code : 100

1 BSEC warning code : 100

 ets Jan  8 2013,rst cause:1, boot mode:(3,7)

load 0x4010f000, len 1384, room 16 
tail 8
chksum 0x2d
csum 0x2d
v8b899c12
~ld


7.04
 0h00:00.278 1970/01/01T08:00:00z: SPIFFS Active
 0h00:03.952 2025/12/22T03:36:16z: 48:3f:da:26:d5:2a
 0h00:03.953 2025/12/22T03:36:16z: SSID: VALIS
1 BSEC warning code : 100

1 BSEC warning code : 100

1 BSEC warning code : 100

1 BSEC warning code : 100

1 BSEC warning code : 100

1 BSEC warning code : 100

1 BSEC warning code : 100

1 BSEC warning code : 100

1 BSEC warning code : 100

1 BSEC warning code : 100

 ets Jan  8 2013,rst cause:1, boot mode:(3,7)

load 0x4010f000, len 1384, room 16 
tail 8
chksum 0x2d
csum 0x2d
v8b899c12
~ld


7.04
 0h00:00.279 1970/01/01T08:00:00z: SPIFFS Active
 0h00:03.954 2025/12/22T03:56:02z: 48:3f:da:26:d5:2a
 0h00:03.955 2025/12/22T03:56:02z: SSID: VALIS
1 BSEC warning code : 100

1 BSEC warning code : 100

1 BSEC warning code : 100

1 BSEC warning code : 100

1 BSEC warning code : 100

1 BSEC warning code : 100

1 BSEC warning code : 100

1 BSEC warning code : 100

1 BSEC warning code : 100

1 BSEC warning code : 100

 ets Jan  8 2013,rst cause:1, boot mode:(3,7)

load 0x4010f000, len 1384, room 16 
tail 8
chksum 0x2d
csum 0x2d
v8b899c12
~ld


7.04
 0h00:00.280 1970/01/01T08:00:00z: SPIFFS Active
 0h00:03.955 2025/12/22T04:15:47z: 48:3f:da:26:d5:2a
 0h00:03.956 2025/12/22T04:15:47z: SSID: VALIS
1 BSEC warning code : 100

1 BSEC warning code : 100

1 BSEC warning code : 100

1 BSEC warning code : 100

1 BSEC warning code : 100

1 BSEC warning code : 100

1 BSEC warning code : 100

1 BSEC warning code : 100

1 BSEC warning code : 100

1 BSEC warning code : 100

 ets Jan  8 2013,rst cause:1, boot mode:(3,7)

load 0x4010f000, len 1384, room 16 
tail 8
chksum 0x2d
csum 0x2d
v8b899c12
~ld


7.04
 0h00:00.280 1970/01/01T08:00:00z: SPIFFS Active
 0h00:03.954 2025/12/22T04:35:33z: 48:3f:da:26:d5:2a
 0h00:03.956 2025/12/22T04:35:33z: SSID: VALIS
1 BSEC warning code : 100

1 BSEC warning code : 100

1 BSEC warning code : 100

1 BSEC warning code : 100

1 BSEC warning code : 100

1 BSEC warning code : 100

1 BSEC warning code : 100

1 BSEC warning code : 100

1 BSEC warning code : 100

1 BSEC warning code : 100

 ets Jan  8 2013,rst cause:1, boot mode:(3,7)

load 0x4010f000, len 1384, room 16 
tail 8
chksum 0x2d
csum 0x2d
v8b899c12
~ld


7.04
 0h00:00.277 1970/01/01T08:00:00z: SPIFFS Active
 0h00:03.952 2025/12/22T04:55:18z: 48:3f:da:26:d5:2a
 0h00:03.953 2025/12/22T04:55:18z: SSID: VALIS
1 BSEC warning code : 100

1 BSEC warning code : 100

1 BSEC warning code : 100

1 BSEC warning code : 100

1 BSEC warning code : 100

1 BSEC warning code : 100

1 BSEC warning code : 100

1 BSEC warning code : 100

1 BSEC warning code : 100

1 BSEC warning code : 100

 ets Jan  8 2013,rst cause:1, boot mode:(3,7)

load 0x4010f000, len 1384, room 16 
tail 8
chksum 0x2d
csum 0x2d
v8b899c12
~ld


7.04
 0h00:00.276 1970/01/01T08:00:00z: SPIFFS Active
 0h00:03.950 2025/12/22T05:15:03z: 48:3f:da:26:d5:2a
 0h00:03.952 2025/12/22T05:15:03z: SSID: VALIS
1 BSEC warning code : 100

1 BSEC warning code : 100

1 BSEC warning code : 100

1 BSEC warning code : 100

1 BSEC warning code : 100

1 BSEC warning code : 100

1 BSEC warning code : 100

1 BSEC warning code : 100

1 BSEC warning code : 100

1 BSEC warning code : 100

 ets Jan  8 2013,rst cause:1, boot mode:(3,7)

load 0x4010f000, len 1384, room 16 
tail 8
chksum 0x2d
csum 0x2d
v8b899c12
~ld


7.04
 0h00:00.275 1970/01/01T08:00:00z: SPIFFS Active
 0h00:03.950 2025/12/22T05:34:49z: 48:3f:da:26:d5:2a
 0h00:03.951 2025/12/22T05:34:49z: SSID: VALIS
1 BSEC warning code : 100

1 BSEC warning code : 100

1 BSEC warning code : 100

1 BSEC warning code : 100

1 BSEC warning code : 100

1 BSEC warning code : 100

1 BSEC warning code : 100

1 BSEC warning code : 100

1 BSEC warning code : 100

1 BSEC warning code : 100

 ets Jan  8 2013,rst cause:1, boot mode:(3,7)

load 0x4010f000, len 1384, room 16 
tail 8
chksum 0x2d
csum 0x2d
v8b899c12
~ld


7.04
 0h00:00.274 1970/01/01T08:00:00z: SPIFFS Active
 0h00:03.948 2025/12/22T05:54:35z: 48:3f:da:26:d5:2a
 0h00:03.950 2025/12/22T05:54:35z: SSID: VALIS
1 BSEC warning code : 100

1 BSEC warning code : 100

1 BSEC warning code : 100

1 BSEC warning code : 100

1 BSEC warning code : 100

1 BSEC warning code : 100

1 BSEC warning code : 100

1 BSEC warning code : 100

1 BSEC warning code : 100

1 BSEC warning code : 100

 ets Jan  8 2013,rst cause:1, boot mode:(3,7)

load 0x4010f000, len 1384, room 16 
tail 8
chksum 0x2d
csum 0x2d
v8b899c12
~ld


7.04
 0h00:00.276 1970/01/01T08:00:00z: SPIFFS Active
 0h00:03.951 2025/12/22T06:14:20z: 48:3f:da:26:d5:2a
 0h00:03.953 2025/12/22T06:14:20z: SSID: VALIS
1 BSEC warning code : 100

1 BSEC warning code : 100

1 BSEC warning code : 100

1 BSEC warning code : 100

1 BSEC warning code : 100

1 BSEC warning code : 100

1 BSEC warning code : 100

1 BSEC warning code : 100

1 BSEC warning code : 100

1 BSEC warning code : 100

 ets Jan  8 2013,rst cause:1, boot mode:(3,7)

load 0x4010f000, len 1384, room 16 
tail 8
chksum 0x2d
csum 0x2d
v8b899c12
~ld


7.04
 0h00:00.276 1970/01/01T08:00:00z: SPIFFS Active
 0h00:03.951 2025/12/22T06:34:05z: 48:3f:da:26:d5:2a
 0h00:03.953 2025/12/22T06:34:05z: SSID: VALIS
1 BSEC warning code : 100

1 BSEC warning code : 100

1 BSEC warning code : 100

1 BSEC warning code : 100

1 BSEC warning code : 100

1 BSEC warning code : 100

1 BSEC warning code : 100

1 BSEC warning code : 100

1 BSEC warning code : 100

1 BSEC warning code : 100

 ets Jan  8 2013,rst cause:1, boot mode:(3,7)

load 0x4010f000, len 1384, room 16 
tail 8
chksum 0x2d
csum 0x2d
v8b899c12
~ld


7.04
 0h00:00.282 1970/01/01T08:00:00z: SPIFFS Active
 0h00:03.957 2025/12/22T06:53:50z: 48:3f:da:26:d5:2a
 0h00:03.958 2025/12/22T06:53:50z: SSID: VALIS
1 BSEC warning code : 100

1 BSEC warning code : 100

1 BSEC warning code : 100

1 BSEC warning code : 100

1 BSEC warning code : 100

1 BSEC warning code : 100

1 BSEC warning code : 100

1 BSEC warning code : 100

1 BSEC warning code : 100

1 BSEC warning code : 100

 ets Jan  8 2013,rst cause:1, boot mode:(3,7)

load 0x4010f000, len 1384, room 16 
tail 8
chksum 0x2d
csum 0x2d
v8b899c12
~ld


7.04
 0h00:00.280 1970/01/01T08:00:00z: SPIFFS Active
 0h00:03.955 2025/12/22T07:13:36z: 48:3f:da:26:d5:2a
 0h00:03.956 2025/12/22T07:13:36z: SSID: VALIS
1 BSEC warning code : 100

1 BSEC warning code : 100

1 BSEC warning code : 100

1 BSEC warning code : 100

1 BSEC warning code : 100

1 BSEC warning code : 100

1 BSEC warning code : 100

1 BSEC warning code : 100

1 BSEC warning code : 100

1 BSEC warning code : 100

 ets Jan  8 2013,rst cause:1, boot mode:(3,7)

load 0x4010f000, len 1384, room 16 
tail 8
chksum 0x2d
csum 0x2d
v8b899c12
~ld


7.04
 0h00:00.274 1970/01/01T08:00:00z: SPIFFS Active
 0h00:03.949 2025/12/22T07:33:22z: 48:3f:da:26:d5:2a
 0h00:03.951 2025/12/22T07:33:22z: SSID: VALIS
1 BSEC warning code : 100

1 BSEC warning code : 100

1 BSEC warning code : 100

1 BSEC warning code : 100

1 BSEC warning code : 100

1 BSEC warning code : 100

1 BSEC warning code : 100

1 BSEC warning code : 100

1 BSEC warning code : 100

1 BSEC warning code : 100

 ets Jan  8 2013,rst cause:1, boot mode:(3,7)

load 0x4010f000, len 1384, room 16 
tail 8
chksum 0x2d
csum 0x2d
v8b899c12
~ld


7.04
 0h00:00.277 1970/01/01T08:00:00z: SPIFFS Active
 0h00:03.952 2025/12/22T07:53:07z: 48:3f:da:26:d5:2a
 0h00:03.953 2025/12/22T07:53:07z: SSID: VALIS
1 BSEC warning code : 100

1 BSEC warning code : 100

1 BSEC warning code : 100

1 BSEC warning code : 100

1 BSEC warning code : 100

1 BSEC warning code : 100

1 BSEC warning code : 100

1 BSEC warning code : 100

1 BSEC warning code : 100

1 BSEC warning code : 100

 ets Jan  8 2013,rst cause:1, boot mode:(3,7)

load 0x4010f000, len 1384, room 16 
tail 8
chksum 0x2d
csum 0x2d
v8b899c12
~ld


7.04
 0h00:00.279 1970/01/01T08:00:00z: SPIFFS Active
 0h00:03.954 2025/12/22T08:12:53z: 48:3f:da:26:d5:2a
 0h00:03.955 2025/12/22T08:12:53z: SSID: VALIS
1 BSEC warning code : 100

1 BSEC warning code : 100

1 BSEC warning code : 100

1 BSEC warning code : 100

1 BSEC warning code : 100

1 BSEC warning code : 100

1 BSEC warning code : 100

1 BSEC warning code : 100

1 BSEC warning code : 100

1 BSEC warning code : 100

 ets Jan  8 2013,rst cause:1, boot mode:(3,7)

load 0x4010f000, len 1384, room 16 
tail 8
chksum 0x2d
csum 0x2d
v8b899c12
~ld


7.04
 0h00:00.272 1970/01/01T08:00:00z: SPIFFS Active
 0h00:03.946 2025/12/22T08:32:39z: 48:3f:da:26:d5:2a
 0h00:03.948 2025/12/22T08:32:39z: SSID: VALIS
1 BSEC warning code : 100

1 BSEC warning code : 100

1 BSEC warning code : 100

1 BSEC warning code : 100

1 BSEC warning code : 100

1 BSEC warning code : 100

1 BSEC warning code : 100

1 BSEC warning code : 100

1 BSEC warning code : 100

1 BSEC warning code : 100

 ets Jan  8 2013,rst cause:1, boot mode:(3,7)

load 0x4010f000, len 1384, room 16 
tail 8
chksum 0x2d
csum 0x2d
v8b899c12
~ld


7.04
 0h00:00.280 1970/01/01T08:00:00z: SPIFFS Active
 0h00:03.955 2025/12/22T08:52:23z: 48:3f:da:26:d5:2a
 0h00:03.956 2025/12/22T08:52:23z: SSID: VALIS
1 BSEC warning code : 100

1 BSEC warning code : 100

1 BSEC warning code : 100

1 BSEC warning code : 100

1 BSEC warning code : 100

1 BSEC warning code : 100

1 BSEC warning code : 100

1 BSEC warning code : 100

1 BSEC warning code : 100

1 BSEC warning code : 100

 ets Jan  8 2013,rst cause:1, boot mode:(3,7)

load 0x4010f000, len 1384, room 16 
tail 8
chksum 0x2d
csum 0x2d
v8b899c12
~ld


7.04
 0h00:00.279 1970/01/01T08:00:00z: SPIFFS Active
 0h00:03.954 2025/12/22T09:12:08z: 48:3f:da:26:d5:2a
 0h00:03.955 2025/12/22T09:12:08z: SSID: VALIS
1 BSEC warning code : 100

1 BSEC warning code : 100

1 BSEC warning code : 100

1 BSEC warning code : 100

1 BSEC warning code : 100

1 BSEC warning code : 100

1 BSEC warning code : 100

1 BSEC warning code : 100

1 BSEC warning code : 100

1 BSEC warning code : 100

 ets Jan  8 2013,rst cause:1, boot mode:(3,7)

load 0x4010f000, len 1384, room 16 
tail 8
chksum 0x2d
csum 0x2d
v8b899c12
~ld


7.04
 0h00:00.280 1970/01/01T08:00:00z: SPIFFS Active
 0h00:03.953 2025/12/22T09:31:53z: 48:3f:da:26:d5:2a
 0h00:03.954 2025/12/22T09:31:53z: SSID: VALIS
1 BSEC warning code : 100

1 BSEC warning code : 100

1 BSEC warning code : 100

1 BSEC warning code : 100

1 BSEC warning code : 100

1 BSEC warning code : 100

1 BSEC warning code : 100

1 BSEC warning code : 100

1 BSEC warning code : 100

1 BSEC warning code : 100

 ets Jan  8 2013,rst cause:1, boot mode:(3,7)

load 0x4010f000, len 1384, room 16 
tail 8
chksum 0x2d
csum 0x2d
v8b899c12
~ld


7.04
 0h00:00.283 1970/01/01T08:00:00z: SPIFFS Active
 0h00:03.956 2025/12/22T09:51:38z: 48:3f:da:26:d5:2a
 0h00:03.957 2025/12/22T09:51:38z: SSID: VALIS
1 BSEC warning code : 100

1 BSEC warning code : 100

1 BSEC warning code : 100

1 BSEC warning code : 100

1 BSEC warning code : 100

1 BSEC warning code : 100

1 BSEC warning code : 100

1 BSEC warning code : 100

1 BSEC warning code : 100

1 BSEC warning code : 100

 ets Jan  8 2013,rst cause:1, boot mode:(3,7)

load 0x4010f000, len 1384, room 16 
tail 8
chksum 0x2d
csum 0x2d
v8b899c12
~ld


7.04
 0h00:00.283 1970/01/01T08:00:00z: SPIFFS Active
 0h00:03.956 2025/12/22T10:11:23z: 48:3f:da:26:d5:2a
 0h00:03.957 2025/12/22T10:11:23z: SSID: VALIS
1 BSEC warning code : 100

1 BSEC warning code : 100

1 BSEC warning code : 100

1 BSEC warning code : 100

1 BSEC warning code : 100

1 BSEC warning code : 100

1 BSEC warning code : 100

1 BSEC warning code : 100

1 BSEC warning code : 100

1 BSEC warning code : 100

 ets Jan  8 2013,rst cause:1, boot mode:(3,7)

load 0x4010f000, len 1384, room 16 
tail 8
chksum 0x2d
csum 0x2d
v8b899c12
~ld


7.04
 0h00:00.280 1970/01/01T08:00:00z: SPIFFS Active
 0h00:03.953 2025/12/22T10:31:08z: 48:3f:da:26:d5:2a
 0h00:03.955 2025/12/22T10:31:08z: SSID: VALIS
 0h00:12.456 2025/12/22T10:31:16z: PMSX003-A (1501ms)
 0h00:14.133 2025/12/22T10:31:18z: PMSX003-B (1675ms)
 0h00:14.134 2025/12/22T10:31:18z: 3.0+RV3028+BME68X+PMSX003-A+PMSX003-B
 0h00:15.048 2025/12/22T10:31:19z: DATA A(2),nan,nan,nan,nan,0.03,26448,-54,15,0,0,2,0,0,2,0,0,216,60,9,2,2,0,nan
 0h00:15.150 2025/12/22T10:31:19z: p:997.74 gasR:1548582.25 iaq:121.52(0) T:8.06(11.05) H:79.97(44.67) sIaq:333.78(0) Stabilization:1 Run in:0
 0h00:15.954 2025/12/22T10:31:20z: DATA A(3),46,79,40,997.74,0.02,26448,-54,15,0,0,2,0,0,2,0,0,216,60,9,2,2,0,333.78
 0h00:16.150 2025/12/22T10:31:20z: p:997.87 gasR:1554754.25 iaq:121.32(0) T:9.03(14.63) H:75.41(45.49) sIaq:332.98(0) Stabilization:1 Run in:0
 0h00:16.790 2025/12/22T10:31:21z: DATA A(4),48,75,40,997.87,0.02,26448,-53,16,0,0,2,0,0,2,0,0,216,60,9,2,2,0,332.98
 0h00:17.150 2025/12/22T10:31:21z: p:997.88 gasR:1553869.50 iaq:121.14(0) T:9.92(15.52) H:70.98(45.72) sIaq:332.29(0) Stabilization:1 Run in:0
 0h00:17.626 2025/12/22T10:31:22z: DATA A(5),49,70,39,997.88,0.03,26448,-54,17,0,0,2,0,0,2,0,0,216,60,9,2,2,0,332.29
 0h00:18.150 2025/12/22T10:31:22z: p:997.89 gasR:1560083.75 iaq:120.96(0) T:10.28(15.88) H:68.90(45.64) sIaq:331.58(0) Stabilization:1 Run in:0
 0h00:18.532 2025/12/22T10:31:22z: DATA A(6),50,68,40,997.89,0.02,26448,-53,18,0,0,1,0,0,1,0,0,216,60,6,1,1,0,331.58
 0h00:19.150 2025/12/22T10:31:23z: p:997.91 gasR:1569048.12 iaq:120.77(0) T:10.47(16.07) H:67.58(45.46) sIaq:330.81(0) Stabilization:1 Run in:0
 0h00:20.150 2025/12/22T10:31:24z: p:997.89 gasR:1566348.00 iaq:120.61(0) T:10.60(16.21) H:66.52(45.23) sIaq:330.17(0) Stabilization:1 Run in:0
 0h00:21.013 2025/12/22T10:31:25z: DATA B(2),51,66,40,997.89,0.03,26352,-54,21,0,0,1,0,0,1,0,0,144,38,9,2,1,0,330.17
 0h00:21.150 2025/12/22T10:31:25z: p:997.91 gasR:1555640.00 iaq:120.51(0) T:10.71(16.31) H:65.61(44.97) sIaq:329.77(0) Stabilization:1 Run in:0
 0h00:21.845 2025/12/22T10:31:26z: DATA B(3),51,65,39,997.91,0.02,26352,-54,21,0,0,1,0,0,1,0,0,144,38,9,2,1,0,329.77
 0h00:22.150 2025/12/22T10:31:26z: p:997.93 gasR:1561868.50 iaq:120.39(0) T:10.80(16.40) H:64.82(44.72) sIaq:329.32(0) Stabilization:1 Run in:0
 0h00:22.748 2025/12/22T10:31:27z: DATA B(4),51,64,39,997.93,0.03,26352,-54,22,0,1,1,0,1,1,4,4,156,44,9,2,1,0,329.32
 0h00:23.150 2025/12/22T10:31:27z: p:997.93 gasR:1572662.75 iaq:120.25(0) T:10.87(16.47) H:64.16(44.49) sIaq:328.76(0) Stabilization:1 Run in:0
 0h00:23.580 2025/12/22T10:31:28z: DATA B(5),51,64,39,997.93,0.02,26352,-54,23,0,1,1,0,1,1,4,4,156,44,9,2,1,0,328.76
 0h00:24.150 2025/12/22T10:31:28z: p:997.93 gasR:1562762.25 iaq:120.16(0) T:10.94(16.54) H:63.57(44.26) sIaq:328.41(0) Stabilization:1 Run in:0
 0h00:24.412 2025/12/22T10:31:28z: DATA B(6),51,63,39,997.93,0.03,26352,-54,24,0,1,1,0,1,1,4,4,156,44,9,2,1,0,328.41
 0h00:25.150 2025/12/22T10:31:29z: p:997.91 gasR:1567247.00 iaq:120.07(0) T:10.99(16.59) H:63.05(44.04) sIaq:328.04(0) Stabilization:1 Run in:0
 0h00:25.359 2025/12/22T10:31:29z: DATA A(7),51,63,38,997.91,0.03,26352,-55,25,0,0,1,0,0,1,0,0,180,50,1,1,1,0,328.04
 0h00:26.150 2025/12/22T10:31:30z: p:997.91 gasR:1561868.50 iaq:120.01(0) T:11.04(16.64) H:62.59(43.84) sIaq:327.79(0) Stabilization:1 Run in:0
 0h00:26.265 2025/12/22T10:31:30z: DATA A(8),51,62,38,997.91,0.02,26352,-55,26,0,0,1,0,0,1,0,0,180,50,1,1,1,0,327.79
 0h00:27.101 2025/12/22T10:31:31z: DATA A(9),51,62,38,997.91,0.03,26352,-53,27,0,0,1,0,0,1,0,0,180,50,1,1,1,0,327.79
 0h00:27.150 2025/12/22T10:31:31z: p:997.91 gasR:1567247.00 iaq:119.93(0) T:11.08(16.69) H:62.22(43.67) sIaq:327.49(0) Stabilization:1 Run in:0
 0h00:27.937 2025/12/22T10:31:32z: DATA A(10),51,62,38,997.91,0.03,26352,-56,27,0,0,1,0,0,1,0,0,180,50,1,1,1,0,327.49
 0h00:28.150 2025/12/22T10:31:32z: p:997.93 gasR:1563657.12 iaq:119.88(0) T:11.13(16.73) H:61.84(43.50) sIaq:327.28(0) Stabilization:1 Run in:0
 0h00:28.843 2025/12/22T10:31:33z: DATA A(11),52,61,39,997.93,0.03,26352,-58,28,0,0,1,0,0,1,0,0,174,48,1,1,1,0,327.28
 0h00:29.150 2025/12/22T10:31:33z: p:997.94 gasR:1563657.12 iaq:119.83(0) T:11.17(16.77) H:61.52(43.34) sIaq:327.09(0) Stabilization:1 Run in:0
 0h00:30.150 2025/12/22T10:31:34z: p:997.92 gasR:1558303.25 iaq:119.81(0) T:11.20(16.80) H:61.30(43.22) sIaq:327.01(0) Stabilization:1 Run in:0
 0h00:31.150 2025/12/22T10:31:35z: p:997.93 gasR:1561868.50 iaq:119.78(0) T:11.24(16.84) H:61.02(43.09) sIaq:326.88(0) Stabilization:1 Run in:0
 0h00:31.279 2025/12/22T10:31:35z: DATA B(7),52,61,38,997.93,0.02,26352,-54,31,0,0,1,0,0,1,0,0,135,41,8,1,1,1,326.88
 0h00:32.111 2025/12/22T10:31:36z: DATA B(8),52,61,38,997.93,0.03,26032,-54,32,0,0,1,0,0,1,0,0,135,41,8,1,1,1,326.88
 0h00:32.150 2025/12/22T10:31:36z: p:997.92 gasR:1561868.50 iaq:119.75(0) T:11.27(16.87) H:60.82(42.98) sIaq:326.77(0) Stabilization:1 Run in:0
 0h00:33.013 2025/12/22T10:31:37z: DATA B(9),52,60,38,997.92,0.03,26352,-54,33,0,1,2,0,1,2,4,4,171,53,8,1,1,1,326.77
 0h00:33.150 2025/12/22T10:31:37z: p:997.94 gasR:1560083.75 iaq:119.73(0) T:11.31(16.91) H:60.61(42.87) sIaq:326.70(0) Stabilization:1 Run in:0
 0h00:33.845 2025/12/22T10:31:38z: DATA B(10),52,60,38,997.94,0.03,26352,-56,33,0,1,2,0,1,2,4,4,171,53,8,1,1,1,326.70
 0h00:34.150 2025/12/22T10:31:38z: p:997.93 gasR:1559193.00 iaq:119.72(0) T:11.34(16.94) H:60.44(42.77) sIaq:326.65(0) Stabilization:1 Run in:0
 0h00:35.150 2025/12/22T10:31:39z: p:997.92 gasR:1560083.75 iaq:119.70(0) T:11.36(16.97) H:60.31(42.70) sIaq:326.59(0) Stabilization:1 Run in:0
 0h00:35.671 2025/12/22T10:31:40z: DATA A(12),52,60,38,997.92,0.03,26352,-57,35,0,0,2,0,0,2,0,0,198,56,3,3,2,1,326.59
 0h00:36.150 2025/12/22T10:31:40z: p:997.93 gasR:1555640.00 iaq:119.71(0) T:11.39(16.99) H:60.15(42.61) sIaq:326.61(0) Stabilization:1 Run in:0
 0h00:36.578 2025/12/22T10:31:41z: DATA A(13),52,60,38,997.93,0.02,26352,-56,36,0,1,2,0,1,2,4,4,216,64,6,4,3,1,326.61
 0h00:37.150 2025/12/22T10:31:41z: p:997.93 gasR:1576294.00 iaq:119.63(0) T:11.42(17.02) H:60.03(42.52) sIaq:326.31(0) Stabilization:1 Run in:0
 0h00:37.414 2025/12/22T10:31:41z: DATA A(14),52,60,38,997.93,0.02,26352,-53,37,0,1,2,0,1,2,4,4,216,64,6,4,3,1,326.31
 0h00:38.150 2025/12/22T10:31:42z: p:997.93 gasR:1558303.25 iaq:119.64(0) T:11.45(17.05) H:59.89(42.46) sIaq:326.32(0) Stabilization:1 Run in:0
 0h00:38.249 2025/12/22T10:31:42z: DATA A(15),52,59,38,997.93,0.03,26352,-53,38,0,1,2,0,1,2,4,4,216,64,6,4,3,1,326.32
 0h00:39.150 2025/12/22T10:31:43z: p:997.94 gasR:1560975.62 iaq:119.63(0) T:11.47(17.08) H:59.79(42.39) sIaq:326.29(0) Stabilization:1 Run in:0
 0h00:39.167 2025/12/22T10:31:43z: DATA A(16),52,59,38,997.94,0.03,26352,-52,39,0,1,2,0,1,2,4,4,222,64,5,3,2,1,326.29
 0h00:40.150 2025/12/22T10:31:44z: p:997.92 gasR:1561868.50 iaq:119.62(0) T:11.50(17.10) H:59.72(42.34) sIaq:326.25(0) Stabilization:1 Run in:0
 0h00:40.712 2025/12/22T10:31:45z: DATA B(11),52,59,38,997.92,0.02,26352,-50,40,1,1,2,1,1,2,4,4,240,72,9,1,1,1,326.25
 0h00:41.150 2025/12/22T10:31:45z: p:997.96 gasR:1563657.12 iaq:119.60(0) T:11.53(17.13) H:59.62(42.28) sIaq:326.19(0) Stabilization:1 Run in:0
 0h00:41.544 2025/12/22T10:31:46z: DATA B(12),52,59,38,997.96,0.03,26352,-53,41,1,1,2,1,1,2,4,4,240,72,9,1,1,1,326.19
 0h00:42.150 2025/12/22T10:31:46z: p:997.94 gasR:1566348.00 iaq:119.58(0) T:11.55(17.15) H:59.54(42.22) sIaq:326.10(0) Stabilization:1 Run in:0
 0h00:42.376 2025/12/22T10:31:46z: DATA B(13),52,59,38,997.94,0.02,26352,-54,42,1,1,2,1,1,2,4,4,240,72,9,1,1,1,326.10
 0h00:43.150 2025/12/22T10:31:47z: p:997.91 gasR:1564553.12 iaq:119.57(0) T:11.56(17.16) H:59.48(42.16) sIaq:326.04(0) Stabilization:1 Run in:0
 0h00:43.279 2025/12/22T10:31:47z: DATA B(14),52,59,38,997.91,0.02,26352,-55,43,1,1,2,1,1,2,4,4,258,76,9,1,1,1,326.04
 0h00:44.111 2025/12/22T10:31:48z: DATA B(15),52,59,38,997.91,0.02,26352,-54,44,1,1,2,1,1,2,4,4,258,76,9,1,1,1,326.04
 0h00:44.150 2025/12/22T10:31:48z: p:997.93 gasR:1569048.12 iaq:119.54(0) T:11.59(17.19) H:59.43(42.14) sIaq:325.93(0) Stabilization:1 Run in:0
 0h00:45.150 2025/12/22T10:31:49z: p:997.91 gasR:1567247.00 iaq:119.52(0) T:11.62(17.22) H:59.34(42.08) sIaq:325.85(0) Stabilization:1 Run in:0
 0h00:45.984 2025/12/22T10:31:50z: DATA A(17),52,59,38,997.91,0.03,26352,-54,45,0,1,2,0,1,2,4,4,228,68,5,3,2,1,325.85
 0h00:46.150 2025/12/22T10:31:50z: p:997.92 gasR:1564553.12 iaq:119.51(0) T:11.64(17.24) H:59.33(42.07) sIaq:325.83(0) Stabilization:1 Run in:0
 0h00:46.890 2025/12/22T10:31:51z: DATA A(18),52,59,38,997.92,0.02,26352,-55,46,0,1,2,0,1,2,4,4,234,70,6,4,2,1,325.83
 0h00:47.150 2025/12/22T10:31:51z: p:997.92 gasR:1563657.12 iaq:119.51(0) T:11.66(17.27) H:59.27(42.03) sIaq:325.82(0) Stabilization:1 Run in:0
 0h00:47.726 2025/12/22T10:31:52z: DATA A(19),52,59,38,997.92,0.03,26352,-55,47,0,1,2,0,1,2,4,4,234,70,6,4,2,1,325.82
 0h00:48.150 2025/12/22T10:31:52z: p:997.92 gasR:1569048.12 iaq:119.49(0) T:11.68(17.28) H:59.26(42.00) sIaq:325.74(0) Stabilization:1 Run in:0
 0h00:48.562 2025/12/22T10:31:53z: DATA A(20),53,59,39,997.92,0.02,26352,-54,48,0,1,2,0,1,2,4,4,234,70,6,4,2,1,325.74
 0h00:49.150 2025/12/22T10:31:53z: p:997.93 gasR:1555640.00 iaq:119.52(0) T:11.70(17.30) H:59.25(42.00) sIaq:325.87(0) Stabilization:1 Run in:0
 0h00:49.468 2025/12/22T10:31:53z: DATA A(21),53,59,39,997.93,0.02,26352,-55,49,0,1,2,0,1,2,4,4,246,72,6,4,2,1,325.87
 0h00:50.150 2025/12/22T10:31:54z: p:997.92 gasR:1571757.50 iaq:119.49(0) T:11.71(17.32) H:59.24(41.97) sIaq:325.74(0) Stabilization:1 Run in:0
 0h00:50.979 2025/12/22T10:31:55z: DATA B(16),53,59,39,997.92,0.02,26352,-54,50,1,1,2,1,1,2,4,4,228,70,9,2,2,2,325.74
 0h00:51.150 2025/12/22T10:31:55z: p:997.93 gasR:1572662.75 iaq:119.46(0) T:11.74(17.34) H:59.18(41.93) sIaq:325.61(0) Stabilization:1 Run in:0
 0h00:51.811 2025/12/22T10:31:56z: DATA B(17),53,59,39,997.93,0.03,26352,-55,51,1,1,2,1,1,2,4,4,228,70,9,2,2,2,325.61
 0h00:52.150 2025/12/22T10:31:56z: p:997.92 gasR:1559193.00 iaq:119.48(0) T:11.74(17.34) H:59.26(41.94) sIaq:325.70(0) Stabilization:1 Run in:0
 0h00:52.643 2025/12/22T10:31:57z: DATA B(18),53,59,39,997.92,0.03,26352,-55,52,1,1,2,1,1,2,4,4,228,70,9,2,2,2,325.70
 0h00:53.150 2025/12/22T10:31:57z: p:997.92 gasR:1561868.50 iaq:119.49(0) T:11.75(17.36) H:59.22(41.90) sIaq:325.74(0) Stabilization:1 Run in:0
 0h00:53.545 2025/12/22T10:31:58z: DATA B(19),53,59,39,997.92,0.03,26352,-55,53,1,1,2,1,1,2,4,4,240,72,9,2,2,2,325.74
 0h00:54.150 2025/12/22T10:31:58z: p:997.92 gasR:1554754.25 iaq:119.53(0) T:11.77(17.37) H:59.20(41.88) sIaq:325.89(0) Stabilization:1 Run in:0
 0h00:54.377 2025/12/22T10:31:58z: DATA B(20),53,59,39,997.92,0.03,26352,-53,54,1,1,2,1,1,2,4,4,240,72,9,2,2,2,325.89
 0h00:55.150 2025/12/22T10:31:59z: p:997.91 gasR:1564553.12 iaq:119.52(0) T:11.78(17.39) H:59.22(41.88) sIaq:325.87(0) Stabilization:1 Run in:0
 0h00:56.150 2025/12/22T10:32:00z: p:997.91 gasR:1563657.12 iaq:119.52(0) T:11.79(17.39) H:59.25(41.86) sIaq:325.86(0) Stabilization:1 Run in:0
 0h00:56.295 2025/12/22T10:32:00z: DATA A(22),53,59,39,997.91,0.02,26352,-55,56,0,1,2,0,1,2,4,4,201,59,6,4,2,1,325.86
 0h00:57.150 2025/12/22T10:32:01z: p:997.92 gasR:1558303.25 iaq:119.54(0) T:11.81(17.41) H:59.22(41.85) sIaq:325.94(0) Stabilization:1 Run in:0
 0h00:57.202 2025/12/22T10:32:01z: DATA A(23),53,59,39,997.92,0.03,26352,-55,57,0,1,2,0,1,2,4,4,189,57,6,4,2,0,325.94
 0h00:58.038 2025/12/22T10:32:02z: DATA A(24),53,59,39,997.92,0.02,26352,-54,58,0,1,2,0,1,2,4,4,189,57,6,4,2,0,325.94
 0h00:58.150 2025/12/22T10:32:02z: p:997.93 gasR:1560083.75 iaq:119.55(0) T:11.81(17.41) H:59.26(41.84) sIaq:325.99(0) Stabilization:1 Run in:0
 0h00:58.873 2025/12/22T10:32:03z: DATA A(25),53,59,39,997.93,0.03,26352,-54,58,0,1,2,0,1,2,4,4,189,57,6,4,2,0,325.99
 0h00:59.150 2025/12/22T10:32:03z: p:997.92 gasR:1560083.75 iaq:119.56(0) T:11.83(17.43) H:59.26(41.83) sIaq:326.03(0) Stabilization:1 Run in:0
 0h00:59.780 2025/12/22T10:32:04z: DATA A(26),53,59,39,997.92,0.02,26352,-55,59,0,1,2,0,1,2,4,4,231,61,8,4,3,0,326.03
 0h01:00.150 2025/12/22T10:32:04z: p:997.93 gasR:1550340.62 iaq:119.61(0) T:11.84(17.44) H:59.25(41.81) sIaq:326.21(0) Stabilization:1 Run in:0
 0h01:01.150 2025/12/22T10:32:05z: p:997.91 gasR:1578116.00 iaq:119.54(0) T:11.83(17.43) H:59.31(41.79) sIaq:325.95(0) Stabilization:1 Run in:0
 0h01:01.245 2025/12/22T10:32:05z: DATA B(21),53,59,39,997.91,0.02,26352,-55,61,0,1,1,0,1,1,4,4,186,52,5,3,1,1,325.95
 0h01:02.077 2025/12/22T10:32:06z: DATA B(22),53,59,39,997.91,0.03,26352,-55,62,0,1,1,0,1,1,4,4,186,52,5,3,1,1,325.95
 0h01:02.150 2025/12/22T10:32:06z: p:997.94 gasR:1561868.50 iaq:119.55(0) T:11.84(17.44) H:59.31(41.77) sIaq:325.97(0) Stabilization:1 Run in:0
 0h01:02.909 2025/12/22T10:32:07z: DATA B(23),53,59,39,997.94,0.03,26352,-55,62,0,1,1,0,1,1,4,4,186,52,5,3,1,1,325.97
 0h01:03.150 2025/12/22T10:32:07z: p:997.91 gasR:1551221.38 iaq:119.59(0) T:11.83(17.43) H:59.38(41.78) sIaq:326.15(0) Stabilization:1 Run in:0
 0h01:03.811 2025/12/22T10:32:08z: DATA B(24),53,59,39,997.91,0.02,26352,-55,63,0,1,1,0,1,1,4,4,174,52,5,3,1,1,326.15
 0h01:04.150 2025/12/22T10:32:08z: p:997.90 gasR:1560975.62 iaq:119.60(0) T:11.83(17.43) H:59.40(41.76) sIaq:326.17(0) Stabilization:1 Run in:0
 0h01:04.643 2025/12/22T10:32:09z: DATA B(25),53,59,39,997.90,0.03,26352,-55,64,0,1,1,0,1,1,4,4,174,52,5,3,1,1,326.17
 0h01:05.150 2025/12/22T10:32:09z: p:997.92 gasR:1559193.00 iaq:119.61(0) T:11.83(17.43) H:59.46(41.76) sIaq:326.20(0) Stabilization:1 Run in:0
 0h01:06.150 2025/12/22T10:32:10z: p:997.92 gasR:1560083.75 iaq:119.61(0) T:11.83(17.43) H:59.43(41.72) sIaq:326.22(0) Stabilization:1 Run in:0
 0h01:06.607 2025/12/22T10:32:11z: DATA A(27),53,59,39,997.92,0.02,26352,-53,66,0,0,2,0,0,2,0,0,207,51,5,3,2,0,326.22
 0h01:07.150 2025/12/22T10:32:11z: p:997.90 gasR:1561868.50 iaq:119.61(0) T:11.82(17.42) H:59.48(41.72) sIaq:326.22(0) Stabilization:1 Run in:0
 0h01:07.513 2025/12/22T10:32:11z: DATA A(28),53,59,39,997.90,0.02,26352,-53,67,0,0,2,0,0,2,0,0,207,49,6,3,2,0,326.22
 0h01:08.150 2025/12/22T10:32:12z: p:997.92 gasR:1558303.25 iaq:119.62(0) T:11.82(17.42) H:59.48(41.69) sIaq:326.27(0) Stabilization:1 Run in:0
 0h01:08.349 2025/12/22T10:32:12z: DATA A(29),53,59,39,997.92,0.02,26352,-53,68,0,0,2,0,0,2,0,0,207,49,6,3,2,0,326.27
 0h01:09.150 2025/12/22T10:32:13z: p:997.93 gasR:1559193.00 iaq:119.63(0) T:11.82(17.42) H:59.49(41.67) sIaq:326.30(0) Stabilization:1 Run in:0
 0h01:09.185 2025/12/22T10:32:13z: DATA A(30),53,59,39,997.93,0.02,26352,-53,69,0,0,2,0,0,2,0,0,207,49,6,3,2,0,326.30
 0h01:10.091 2025/12/22T10:32:14z: DATA A(31),53,59,39,997.93,0.02,26352,-53,70,0,0,2,0,0,2,0,0,213,51,6,3,2,0,326.30
 0h01:10.150 2025/12/22T10:32:14z: p:997.94 gasR:1560975.62 iaq:119.63(0) T:11.82(17.42) H:59.48(41.65) sIaq:326.30(0) Stabilization:1 Run in:0
 0h01:11.150 2025/12/22T10:32:15z: p:997.93 gasR:1561868.50 iaq:119.63(0) T:11.83(17.43) H:59.47(41.64) sIaq:326.28(0) Stabilization:1 Run in:0
 0h01:11.510 2025/12/22T10:32:15z: DATA B(26),53,59,39,997.93,0.03,26352,-53,71,0,0,0,0,0,0,0,0,156,48,3,2,0,0,326.28
 0h01:12.150 2025/12/22T10:32:16z: p:997.93 gasR:1561868.50 iaq:119.62(0) T:11.83(17.43) H:59.45(41.63) sIaq:326.28(0) Stabilization:1 Run in:0
 0h01:12.343 2025/12/22T10:32:16z: DATA B(27),53,59,39,997.93,0.02,26352,-53,72,0,0,0,0,0,0,0,0,156,48,3,2,0,0,326.28
 0h01:13.150 2025/12/22T10:32:17z: p:997.91 gasR:1564553.12 iaq:119.61(0) T:11.83(17.43) H:59.46(41.62) sIaq:326.23(0) Stabilization:1 Run in:0
 0h01:13.175 2025/12/22T10:32:17z: DATA B(28),53,59,39,997.91,0.02,26352,-55,73,0,0,0,0,0,0,0,0,156,48,3,2,0,0,326.23
 0h01:14.077 2025/12/22T10:32:18z: DATA B(29),53,59,39,997.91,0.03,26352,-56,74,0,1,1,0,1,1,4,4,156,46,4,3,0,0,326.23
 0h01:14.150 2025/12/22T10:32:18z: p:997.91 gasR:1568147.00 iaq:119.59(0) T:11.83(17.43) H:59.44(41.59) sIaq:326.13(0) Stabilization:1 Run in:0
 0h01:14.909 2025/12/22T10:32:19z: DATA B(30),53,59,39,997.91,0.03,26352,-56,74,0,1,1,0,1,1,4,4,156,46,4,3,0,0,326.13
 0h01:15.150 2025/12/22T10:32:19z: p:997.94 gasR:1568147.00 iaq:119.57(0) T:11.85(17.45) H:59.37(41.56) sIaq:326.05(0) Stabilization:1 Run in:0
 0h01:16.150 2025/12/22T10:32:20z: p:997.90 gasR:1560083.75 iaq:119.58(0) T:11.84(17.44) H:59.40(41.55) sIaq:326.10(0) Stabilization:1 Run in:0
 0h01:16.919 2025/12/22T10:32:21z: DATA A(32),53,59,39,997.90,0.02,26352,-56,76,1,1,2,1,1,2,4,4,261,65,5,2,2,0,326.10
 0h01:17.150 2025/12/22T10:32:21z: p:997.91 gasR:1556526.75 iaq:119.61(0) T:11.84(17.44) H:59.38(41.54) sIaq:326.20(0) Stabilization:1 Run in:0
 0h01:17.825 2025/12/22T10:32:22z: DATA A(33),53,59,39,997.91,0.03,26352,-56,77,1,1,2,1,1,2,4,4,282,70,5,2,2,0,326.20
 0h01:18.150 2025/12/22T10:32:22z: p:997.93 gasR:1559193.00 iaq:119.62(0) T:11.84(17.44) H:59.38(41.52) sIaq:326.25(0) Stabilization:1 Run in:0
 0h01:18.661 2025/12/22T10:32:23z: DATA A(34),53,59,39,997.93,0.03,26352,-56,78,1,1,2,1,1,2,4,4,282,70,5,2,2,0,326.25
 0h01:19.150 2025/12/22T10:32:23z: p:997.92 gasR:1562762.25 iaq:119.61(0) T:11.86(17.46) H:59.31(41.50) sIaq:326.24(0) Stabilization:1 Run in:0
 0h01:19.497 2025/12/22T10:32:23z: DATA A(35),53,59,39,997.92,0.03,26352,-56,79,1,1,2,1,1,2,4,4,282,70,5,2,2,0,326.24
 0h01:20.150 2025/12/22T10:32:24z: p:997.93 gasR:1569950.12 iaq:119.59(0) T:11.85(17.45) H:59.32(41.49) sIaq:326.12(0) Stabilization:1 Run in:0
 0h01:20.403 2025/12/22T10:32:24z: DATA A(36),53,59,39,997.93,0.03,26352,-56,80,1,1,2,1,1,2,4,4,324,82,5,2,2,0,326.12
 0h01:21.150 2025/12/22T10:32:25z: p:997.92 gasR:1558303.25 iaq:119.60(0) T:11.85(17.45) H:59.33(41.48) sIaq:326.20(0) Stabilization:1 Run in:0
 0h01:21.776 2025/12/22T10:32:26z: DATA B(31),53,59,39,997.92,0.03,26352,-54,81,0,0,0,0,0,0,0,0,156,40,4,2,0,0,326.20
 0h01:22.150 2025/12/22T10:32:26z: p:997.92 gasR:1570853.25 iaq:119.57(0) T:11.86(17.46) H:59.30(41.45) sIaq:326.07(0) Stabilization:1 Run in:0
 0h01:22.608 2025/12/22T10:32:27z: DATA B(32),53,59,39,997.92,0.02,26352,-54,82,0,0,0,0,0,0,0,0,156,40,4,2,0,0,326.07
 0h01:23.150 2025/12/22T10:32:27z: p:997.93 gasR:1560083.75 iaq:119.59(0) T:11.86(17.46) H:59.29(41.45) sIaq:326.13(0) Stabilization:1 Run in:0
 0h01:23.440 2025/12/22T10:32:27z: DATA B(33),53,59,39,997.93,0.02,26352,-54,83,0,0,0,0,0,0,0,0,156,40,4,2,0,0,326.13
 0h01:24.150 2025/12/22T10:32:28z: p:997.91 gasR:1566348.00 iaq:119.58(0) T:11.85(17.45) H:59.30(41.42) sIaq:326.09(0) Stabilization:1 Run in:0
 0h01:24.342 2025/12/22T10:32:28z: DATA B(34),53,59,39,997.91,0.02,26352,-54,84,0,0,0,0,0,0,0,0,162,40,4,2,0,0,326.09
 0h01:25.150 2025/12/22T10:32:29z: p:997.92 gasR:1569048.12 iaq:119.56(0) T:11.86(17.46) H:59.31(41.44) sIaq:326.01(0) Stabilization:1 Run in:0
 0h01:25.174 2025/12/22T10:32:29z: DATA B(35),53,59,39,997.92,0.03,26352,-54,85,0,0,0,0,0,0,0,0,162,40,4,2,0,0,326.01
 0h01:26.150 2025/12/22T10:32:30z: p:997.93 gasR:1568147.00 iaq:119.54(0) T:11.86(17.47) H:59.25(41.40) sIaq:325.95(0) Stabilization:1 Run in:0
 0h01:27.150 2025/12/22T10:32:31z: p:997.92 gasR:1560975.62 iaq:119.56(0) T:11.86(17.47) H:59.24(41.39) sIaq:326.01(0) Stabilization:1 Run in:0
 0h01:27.231 2025/12/22T10:32:31z: DATA A(37),53,59,39,997.92,0.02,26352,-54,87,1,1,1,1,1,1,4,4,300,80,1,0,0,0,326.01
 0h01:28.137 2025/12/22T10:32:32z: DATA A(38),53,59,39,997.92,0.03,26352,-54,88,1,1,1,1,1,1,4,4,324,90,6,0,0,0,326.01
 0h01:28.157 2025/12/22T10:32:32z: p:997.93 gasR:1578116.00 iaq:119.51(0) T:11.91(17.46) H:59.05(41.38) sIaq:325.81(0) Stabilization:1 Run in:0
 0h01:28.973 2025/12/22T10:32:33z: DATA A(39),53,59,39,997.93,0.02,26352,-54,88,1,1,1,1,1,1,4,4,324,90,6,0,0,0,325.81
 0h01:29.156 2025/12/22T10:32:33z: p:997.93 gasR:1565450.00 iaq:119.51(0) T:11.83(17.43) H:59.33(41.34) sIaq:325.82(0) Stabilization:1 Run in:0
 0h01:29.809 2025/12/22T10:32:34z: DATA A(40),53,59,39,997.93,0.03,26352,-54,89,1,1,1,1,1,1,4,4,324,90,6,0,0,0,325.82
 0h01:30.156 2025/12/22T10:32:34z: p:997.91 gasR:1578116.00 iaq:119.47(0) T:11.86(17.46) H:59.24(41.35) sIaq:325.65(0) Stabilization:1 Run in:0
 0h01:30.715 2025/12/22T10:32:35z: DATA A(41),53,59,39,997.91,0.03,26352,-53,90,1,1,1,1,1,1,4,4,294,84,6,0,0,0,325.65
 0h01:31.156 2025/12/22T10:32:35z: p:997.92 gasR:1572662.75 iaq:119.45(0) T:11.86(17.47) H:59.19(41.33) sIaq:325.57(0) Stabilization:1 Run in:0
 0h01:32.042 2025/12/22T10:32:36z: DATA B(36),53,59,39,997.92,0.03,26352,-55,92,0,0,0,0,0,0,0,0,135,31,4,1,0,0,325.57
 0h01:32.156 2025/12/22T10:32:36z: p:997.92 gasR:1558303.25 iaq:119.49(0) T:11.87(17.47) H:59.15(41.32) sIaq:325.73(0) Stabilization:1 Run in:0
 0h01:32.874 2025/12/22T10:32:37z: DATA B(37),53,59,39,997.92,0.03,26352,-54,92,0,0,0,0,0,0,0,0,135,31,4,1,0,0,325.73
 0h01:33.156 2025/12/22T10:32:37z: p:997.93 gasR:1565450.00 iaq:119.49(0) T:11.88(17.48) H:59.10(41.29) sIaq:325.75(0) Stabilization:1 Run in:0
 0h01:33.706 2025/12/22T10:32:38z: DATA B(38),53,59,39,997.93,0.03,26352,-54,93,0,0,0,0,0,0,0,0,135,31,4,1,0,0,325.75
 0h01:34.156 2025/12/22T10:32:38z: p:997.92 gasR:1571757.50 iaq:119.48(0) T:11.88(17.48) H:59.07(41.27) sIaq:325.69(0) Stabilization:1 Run in:0
 0h01:34.608 2025/12/22T10:32:39z: DATA B(39),53,59,39,997.92,0.03,26352,-54,94,0,0,0,0,0,0,0,0,171,41,5,1,0,0,325.69
 0h01:35.156 2025/12/22T10:32:39z: p:997.92 gasR:1573569.00 iaq:119.45(0) T:11.88(17.48) H:59.07(41.26) sIaq:325.60(0) Stabilization:1 Run in:0
 0h01:35.440 2025/12/22T10:32:39z: DATA B(40),53,59,39,997.92,0.03,26352,-53,95,0,0,0,0,0,0,0,0,171,41,5,1,0,0,325.60
 0h01:36.157 2025/12/22T10:32:40z: p:997.92 gasR:1561868.50 iaq:119.48(0) T:11.88(17.49) H:59.04(41.24) sIaq:325.70(0) Stabilization:1 Run in:0
 0h01:36.707 2025/12/22T10:32:41z: DATA A(42),53,59,39,997.92,0.02,26352,-54,96,1,1,1,1,1,1,4,4,291,83,8,0,0,0,325.70
 0h01:37.157 2025/12/22T10:32:41z: p:997.92 gasR:1560975.62 iaq:119.51(0) T:11.88(17.48) H:59.02(41.21) sIaq:325.81(0) Stabilization:1 Run in:0
 0h01:37.543 2025/12/22T10:32:42z: DATA A(43),53,59,39,997.92,0.03,26352,-54,97,1,1,1,1,1,1,4,4,291,83,8,0,0,0,325.81
 0h01:38.157 2025/12/22T10:32:42z: p:997.91 gasR:1564553.12 iaq:119.52(0) T:11.88(17.49) H:59.02(41.21) sIaq:325.85(0) Stabilization:1 Run in:0
 0h01:38.450 2025/12/22T10:32:42z: DATA A(44),53,59,39,997.91,0.02,26352,-54,98,0,1,1,0,1,1,4,4,273,75,9,0,0,0,325.85
 0h01:39.156 2025/12/22T10:32:43z: p:997.92 gasR:1562762.25 iaq:119.53(0) T:11.89(17.49) H:58.99(41.19) sIaq:325.91(0) Stabilization:1 Run in:0
 0h01:39.286 2025/12/22T10:32:43z: DATA A(45),53,58,39,997.92,0.03,26352,-54,99,0,1,1,0,1,1,4,4,273,75,9,0,0,0,325.91
 0h01:40.121 2025/12/22T10:32:44z: DATA A(46),53,58,39,997.92,0.02,26352,-53,100,0,1,1,0,1,1,4,4,273,75,9,0,0,0,325.91
 0h01:40.156 2025/12/22T10:32:44z: p:997.99 gasR:1577204.50 iaq:119.49(0) T:11.89(17.49) H:58.98(41.19) sIaq:325.75(0) Stabilization:1 Run in:0
 0h01:41.156 2025/12/22T10:32:45z: p:997.94 gasR:1561868.50 iaq:119.52(0) T:11.90(17.50) H:58.93(41.17) sIaq:325.84(0) Stabilization:1 Run in:0
 0h01:42.156 2025/12/22T10:32:46z: p:997.92 gasR:1565450.00 iaq:119.52(0) T:11.90(17.50) H:58.93(41.16) sIaq:325.87(0) Stabilization:1 Run in:0
 0h01:42.307 2025/12/22T10:32:46z: DATA B(41),53,58,39,997.92,0.02,26352,-56,102,0,1,1,0,1,1,4,4,207,51,5,0,0,0,325.87
 0h01:43.140 2025/12/22T10:32:47z: DATA B(42),53,58,39,997.92,0.03,26352,-57,103,0,1,1,0,1,1,4,4,207,51,5,0,0,0,325.87
 0h01:43.160 2025/12/22T10:32:47z: p:997.92 gasR:1555640.00 iaq:119.57(0) T:11.94(17.52) H:58.76(41.15) sIaq:326.05(0) Stabilization:1 Run in:0
 0h01:43.972 2025/12/22T10:32:48z: DATA B(43),53,58,38,997.92,0.03,26352,-56,103,0,1,1,0,1,1,4,4,207,51,5,0,0,0,326.05
{"SensorId":"48:3f:da:26:d5:2a","DateTime":"2025/12/22T10:32:48z","Geo":"PurpleAir-d52a","Mem":26352,"memfrag":1,"memfb":26112,"memcs":552,"Id":1,"lat":0.000000,"lon":0.000000,"Adc":"nan","loggingrate":15,"place":"outside","version":"7.04","uptime":104,"rssi":-56,"period":103,"httpsuccess":0,"httpsends":0,"hardwareversion":"3.0","hardwarediscovered":"3.0+RV3028+BME68X+PMSX003-A+PMSX003-B","current_temp_f":53,"current_humidity":58,"current_dewpoint_f":38,"pressure":997.92,"current_temp_f_680":53,"current_humidity_680":58,"current_dewpoint_f_680":38,"pressure_680":997.92,"gas_680":"nan","p25aqic_b":"rgb(0,228,0)","pm2.5_aqi_b":2,"pm1_0_cf_1_b":0.23,"p_0_3_um_b":180.91,"pm2_5_cf_1_b":0.58,"p_0_5_um_b":50.77,"pm10_0_cf_1_b":1.00,"p_1_0_um_b":6.40,"pm1_0_atm_b":0.23,"p_2_5_um_b":1.72,"pm2_5_atm_b":0.58,"p_5_0_um_b":0.72,"pm10_0_atm_b":1.00,"p_10_0_um_b":0.58,"p25aqic":"rgb(0,228,0)","pm2.5_aqi":3,"pm1_0_cf_1":0.26,"p_0_3_um":235.57,"pm2_5_cf_1":0.63,"p_0_5_um":64.83,"pm10_0_cf_1":1.63,"p_1_0_um":5.76,"pm1_0_atm":0.26,"p_2_5_um":2.13,"pm2_5_atm":0.63,"p_5_0_um":1.50,"pm10_0_atm":1.63,"p_10_0_um":0.24,"wlstate":"Failed","status_0":0,"status_1":0,"status_2":0,"status_3":0,"status_4":2,"status_5":2,"status_7":0,"status_8":2,"status_9":2}
 0h01:44.274 2025/12/22T10:32:48z: update.purpleair.com:80/firmware/2mb/update.asp
 0h01:44.280 2025/12/22T10:32:48z: Error: -1
1 BSEC warning code : 100

UTCDateTime,mac_address,firmware_ver,hardware,current_temp_f,current_humidity,current_dewpoint_f,pressure,adc,mem,rssi,uptime,pm1_0_cf_1,pm2_5_cf_1,pm10_0_cf_1,pm1_0_atm,pm2_5_atm,pm10_0_atm,pm2.5_aqi_cf_1,pm2.5_aqi_atm,p_0_3_um,p_0_5_um,p_1_0_um,p_2_5_um,p_5_0_um,p_10_0_um,pm1_0_cf_1_b,pm2_5_cf_1_b,pm10_0_cf_1_b,pm1_0_atm_b,pm2_5_atm_b,pm10_0_atm_b,pm2.5_aqi_cf_1_b,pm2.5_aqi_atm_b,p_0_3_um_b,p_0_5_um_b,p_1_0_um_b,p_2_5_um_b,p_5_0_um_b,p_10_0_um_b,gas
2025/12/22T10:32:48z,48:3f:da:26:d5:2a,7.04,3.0+RV3028+BME68X+PMSX003-A+PMSX003-B,53,58,38,997.92,nan,26352,-56,104,0.26,0.63,1.63,0.26,0.63,1.63,3,3,235.57,64.83,5.76,2.13,1.50,0.24,0.23,0.58,1.00,0.23,0.58,1.00,2,2,180.91,50.77,6.40,1.72,0.72,0.58,nan
1 BSEC warning code : 100

1 BSEC warning code : 100

1 BSEC warning code : 100

1 BSEC warning code : 100

1 BSEC warning code : 100

1 BSEC warning code : 100

1 BSEC warning code : 100

1 BSEC warning code : 100

1 BSEC warning code : 100

1 BSEC warning code : 100

 ets Jan  8 2013,rst cause:1, boot mode:(3,7)

load 0x4010f000, len 1384, room 16 
tail 8
chksum 0x2d
csum 0x2d
v8b899c12
~ld


7.04
 0h00:00.271 1970/01/01T08:00:00z: SPIFFS Active
 0h00:03.944 2025/12/22T16:06:43z: 48:3f:da:26:d5:2a
 0h00:03.946 2025/12/22T16:06:43z: SSID: VALIS
1 BSEC warning code : 100

1 BSEC warning code : 100

1 BSEC warning code : 100

1 BSEC warning code : 100

1 BSEC warning code : 100

1 BSEC warning code : 100

1 BSEC warning code : 100

1 BSEC warning code : 100

1 BSEC warning code : 100

1 BSEC warning code : 100

 ets Jan  8 2013,rst cause:1, boot mode:(3,7)

load 0x4010f000, len 1384, room 16 
tail 8
chksum 0x2d
csum 0x2d
v8b899c12
~ld


7.04
 0h00:00.280 1970/01/01T08:00:00z: SPIFFS Active
 0h00:03.954 2025/12/22T16:26:27z: 48:3f:da:26:d5:2a
 0h00:03.955 2025/12/22T16:26:27z: SSID: VALIS
 0h00:12.602 2025/12/22T16:26:36z: PMSX003-A (1650ms)
 0h00:14.104 2025/12/22T16:26:38z: PMSX003-B (1501ms)
 0h00:14.105 2025/12/22T16:26:38z: 3.0+RV3028+BME68X+PMSX003-A+PMSX003-B
 0h00:15.120 2025/12/22T16:26:39z: p:998.21 gasR:1065556.75 iaq:136.65(0) T:7.71(10.70) H:78.05(41.79) sIaq:393.75(0) Stabilization:1 Run in:0
 0h00:15.193 2025/12/22T16:26:39z: DATA A(2),45,78,38,998.21,0.02,26448,-53,15,0,0,0,0,0,0,0,0,210,60,6,0,0,0,393.75
 0h00:16.029 2025/12/22T16:26:40z: DATA A(3),45,78,38,998.21,0.03,26448,-54,16,0,0,0,0,0,0,0,0,210,60,6,0,0,0,393.75
 0h00:16.120 2025/12/22T16:26:40z: p:998.28 gasR:1068057.38 iaq:136.65(0) T:8.67(14.28) H:73.42(42.58) sIaq:393.75(0) Stabilization:1 Run in:0
 0h00:16.865 2025/12/22T16:26:40z: DATA A(4),47,73,38,998.28,0.02,26352,-55,16,0,0,0,0,0,0,0,0,210,60,6,0,0,0,393.75
 0h00:17.119 2025/12/22T16:26:41z: p:998.34 gasR:1079030.50 iaq:136.65(0) T:9.56(15.17) H:68.88(42.80) sIaq:393.75(0) Stabilization:1 Run in:0
 0h00:17.772 2025/12/22T16:26:41z: DATA A(5),49,68,39,998.34,0.03,26352,-57,17,0,0,1,0,0,1,0,0,210,60,7,1,1,0,393.75
 0h00:18.119 2025/12/22T16:26:42z: p:998.35 gasR:1083311.25 iaq:136.65(0) T:9.93(15.53) H:66.75(42.77) sIaq:393.75(0) Stabilization:1 Run in:0
 0h00:18.607 2025/12/22T16:26:42z: DATA A(6),49,66,38,998.35,0.03,26352,-57,18,0,0,1,0,0,1,0,0,210,60,7,1,1,0,393.75
 0h00:19.119 2025/12/22T16:26:43z: p:998.34 gasR:1088493.25 iaq:136.65(0) T:10.14(15.74) H:65.29(42.64) sIaq:393.75(0) Stabilization:1 Run in:0
 0h00:20.120 2025/12/22T16:26:44z: p:998.33 gasR:1081594.88 iaq:136.65(0) T:10.27(15.87) H:64.13(42.43) sIaq:393.75(0) Stabilization:1 Run in:0
 0h00:20.983 2025/12/22T16:26:44z: DATA B(2),50,64,38,998.33,0.03,26352,-56,20,0,0,0,0,0,0,0,0,135,37,7,0,0,0,393.75
 0h00:21.120 2025/12/22T16:26:45z: p:998.34 gasR:1098123.38 iaq:136.65(0) T:10.37(15.97) H:63.22(42.24) sIaq:393.75(0) Stabilization:1 Run in:0
 0h00:21.815 2025/12/22T16:26:45z: DATA B(3),50,63,37,998.34,0.03,26352,-56,21,0,0,0,0,0,0,0,0,135,37,7,0,0,0,393.75
 0h00:22.120 2025/12/22T16:26:46z: p:998.34 gasR:1097240.88 iaq:136.65(0) T:10.45(16.05) H:62.40(42.02) sIaq:393.75(0) Stabilization:1 Run in:0
 0h00:22.647 2025/12/22T16:26:46z: DATA B(4),50,62,37,998.34,0.03,26352,-56,22,0,0,0,0,0,0,0,0,135,37,7,0,0,0,393.75
 0h00:23.120 2025/12/22T16:26:47z: p:998.34 gasR:1099892.62 iaq:136.65(0) T:10.52(16.13) H:61.66(41.80) sIaq:393.75(0) Stabilization:1 Run in:0
 0h00:23.549 2025/12/22T16:26:47z: DATA B(5),50,61,37,998.34,0.03,26352,-56,23,0,0,0,0,0,0,0,0,135,37,8,0,0,0,393.75
 0h00:24.119 2025/12/22T16:26:48z: p:998.36 gasR:1099007.25 iaq:136.65(0) T:10.58(16.18) H:61.01(41.58) sIaq:393.76(0) Stabilization:1 Run in:0
 0h00:24.381 2025/12/22T16:26:48z: DATA B(6),51,61,38,998.36,0.03,26352,-56,24,0,0,0,0,0,0,0,0,135,37,8,0,0,0,393.76
 0h00:25.120 2025/12/22T16:26:49z: p:998.33 gasR:1102557.25 iaq:136.65(0) T:10.63(16.23) H:60.53(41.44) sIaq:393.76(0) Stabilization:1 Run in:0
 0h00:25.507 2025/12/22T16:26:49z: DATA A(7),51,60,37,998.33,0.02,26352,-57,25,1,1,2,1,1,2,4,4,258,74,8,2,2,0,393.76
 0h00:26.119 2025/12/22T16:26:50z: p:998.37 gasR:1102557.25 iaq:136.65(0) T:10.68(16.28) H:60.01(41.25) sIaq:393.76(0) Stabilization:1 Run in:0
 0h00:26.343 2025/12/22T16:26:50z: DATA A(8),51,60,37,998.37,0.02,26352,-57,26,1,1,2,1,1,2,4,4,258,74,8,2,2,0,393.76
 0h00:27.119 2025/12/22T16:26:51z: p:998.37 gasR:1102557.25 iaq:136.65(0) T:10.73(16.33) H:59.56(41.09) sIaq:393.76(0) Stabilization:1 Run in:0
 0h00:27.179 2025/12/22T16:26:51z: DATA A(9),51,59,37,998.37,0.02,26352,-57,27,1,1,2,1,1,2,4,4,258,74,8,2,2,0,393.76
 0h00:28.085 2025/12/22T16:26:52z: DATA A(10),51,59,37,998.37,0.03,26352,-57,28,0,1,2,0,1,2,4,4,240,68,8,2,2,0,393.76
 0h00:28.119 2025/12/22T16:26:52z: p:998.37 gasR:1102557.25 iaq:136.65(0) T:10.77(16.37) H:59.16(40.94) sIaq:393.76(0) Stabilization:1 Run in:0
 0h00:28.921 2025/12/22T16:26:52z: DATA A(11),51,59,37,998.37,0.03,26352,-57,28,0,1,2,0,1,2,4,4,240,68,8,2,2,0,393.76
 0h00:29.120 2025/12/22T16:26:53z: p:998.36 gasR:1101667.62 iaq:136.65(0) T:10.80(16.41) H:58.82(40.81) sIaq:393.76(0) Stabilization:1 Run in:0
 0h00:30.119 2025/12/22T16:26:54z: p:998.34 gasR:1102557.25 iaq:136.65(0) T:10.85(16.45) H:58.48(40.69) sIaq:393.76(0) Stabilization:1 Run in:0
 0h00:31.119 2025/12/22T16:26:55z: p:998.37 gasR:1104340.75 iaq:136.65(0) T:10.88(16.49) H:58.19(40.58) sIaq:393.77(0) Stabilization:1 Run in:0
 0h00:31.248 2025/12/22T16:26:55z: DATA B(7),51,58,36,998.37,0.03,26352,-57,31,0,1,1,0,1,1,4,4,159,41,9,0,0,0,393.77
 0h00:32.080 2025/12/22T16:26:56z: DATA B(8),51,58,36,998.37,0.03,26352,-57,32,0,1,1,0,1,1,4,4,159,41,9,0,0,0,393.77
 0h00:32.119 2025/12/22T16:26:56z: p:998.35 gasR:1102557.25 iaq:136.65(0) T:10.91(16.52) H:57.94(40.47) sIaq:393.77(0) Stabilization:1 Run in:0
 0h00:32.913 2025/12/22T16:26:56z: DATA B(9),51,57,36,998.35,0.02,26352,-57,32,0,1,1,0,1,1,4,4,159,41,9,0,0,0,393.77
 0h00:33.119 2025/12/22T16:26:57z: p:998.36 gasR:1103448.25 iaq:136.65(0) T:10.95(16.55) H:57.71(40.38) sIaq:393.77(0) Stabilization:1 Run in:0
 0h00:33.815 2025/12/22T16:26:57z: DATA B(10),51,57,36,998.36,0.03,26352,-56,33,0,0,0,0,0,0,0,0,159,41,8,0,0,0,393.77
 0h00:34.119 2025/12/22T16:26:58z: p:998.36 gasR:1104340.75 iaq:136.65(0) T:10.98(16.58) H:57.50(40.29) sIaq:393.77(0) Stabilization:1 Run in:0
 0h00:35.120 2025/12/22T16:26:59z: p:998.37 gasR:1106130.12 iaq:136.65(0) T:11.01(16.61) H:57.31(40.20) sIaq:393.77(0) Stabilization:1 Run in:0
 0h00:35.821 2025/12/22T16:26:59z: DATA A(12),51,57,36,998.37,0.03,26352,-55,35,1,1,2,1,1,2,4,4,270,76,6,2,2,0,393.77
 0h00:36.119 2025/12/22T16:27:00z: p:998.37 gasR:1105234.75 iaq:136.65(0) T:11.03(16.63) H:57.17(40.13) sIaq:393.78(0) Stabilization:1 Run in:0
 0h00:36.656 2025/12/22T16:27:00z: DATA A(13),51,57,36,998.37,0.03,26352,-57,36,1,1,2,1,1,2,4,4,270,76,6,2,2,0,393.78
 0h00:37.120 2025/12/22T16:27:01z: p:998.36 gasR:1109726.38 iaq:136.65(0) T:11.06(16.66) H:57.04(40.07) sIaq:393.78(0) Stabilization:1 Run in:0
 0h00:37.492 2025/12/22T16:27:01z: DATA A(14),51,57,36,998.36,0.03,26352,-56,37,1,1,2,1,1,2,4,4,270,76,6,2,2,0,393.78
 0h00:38.120 2025/12/22T16:27:02z: p:998.38 gasR:1108825.12 iaq:136.65(0) T:11.09(16.69) H:56.87(40.00) sIaq:393.78(0) Stabilization:1 Run in:0
 0h00:38.399 2025/12/22T16:27:02z: DATA A(15),51,56,36,998.38,0.02,26352,-58,38,1,2,3,1,2,3,8,8,270,80,12,7,2,0,393.78
 0h00:39.120 2025/12/22T16:27:03z: p:998.37 gasR:1109726.38 iaq:136.65(0) T:11.11(16.71) H:56.76(39.93) sIaq:393.78(0) Stabilization:1 Run in:0
 0h00:39.235 2025/12/22T16:27:03z: DATA A(16),51,56,36,998.37,0.03,26352,-57,39,1,2,3,1,2,3,8,8,270,80,12,7,2,0,393.78
 0h00:40.119 2025/12/22T16:27:04z: p:998.36 gasR:1111533.25 iaq:136.66(0) T:11.12(16.72) H:56.69(39.88) sIaq:393.78(0) Stabilization:1 Run in:0
 0h00:40.612 2025/12/22T16:27:04z: DATA B(11),52,56,37,998.36,0.03,26352,-57,40,0,0,0,0,0,0,0,0,165,45,5,0,0,0,393.78
 0h00:41.120 2025/12/22T16:27:05z: p:998.35 gasR:1107925.38 iaq:136.66(0) T:11.14(16.74) H:56.60(39.83) sIaq:393.78(0) Stabilization:1 Run in:0
 0h00:41.514 2025/12/22T16:27:05z: DATA B(12),52,56,37,998.35,0.03,26352,-57,41,0,0,0,0,0,0,0,0,174,48,6,0,0,0,393.78
 0h00:42.119 2025/12/22T16:27:06z: p:998.38 gasR:1111533.25 iaq:136.66(0) T:11.16(16.76) H:56.54(39.79) sIaq:393.79(0) Stabilization:1 Run in:0
 0h00:42.347 2025/12/22T16:27:06z: DATA B(13),52,56,37,998.38,0.02,26352,-57,42,0,0,0,0,0,0,0,0,174,48,6,0,0,0,393.79
 0h00:43.120 2025/12/22T16:27:07z: p:998.35 gasR:1116989.38 iaq:136.66(0) T:11.17(16.77) H:56.47(39.74) sIaq:393.79(0) Stabilization:1 Run in:0
 0h00:43.179 2025/12/22T16:27:07z: DATA B(14),52,56,36,998.35,0.02,26352,-57,43,0,0,0,0,0,0,0,0,174,48,6,0,0,0,393.79
 0h00:44.081 2025/12/22T16:27:08z: DATA B(15),52,56,36,998.35,0.03,26352,-57,44,0,0,0,0,0,0,0,0,180,48,6,0,0,0,393.79
 0h00:44.120 2025/12/22T16:27:08z: p:998.36 gasR:1108825.12 iaq:136.66(0) T:11.20(16.80) H:56.36(39.69) sIaq:393.79(0) Stabilization:1 Run in:0
 0h00:45.120 2025/12/22T16:27:09z: p:998.35 gasR:1122499.38 iaq:136.66(0) T:11.21(16.81) H:56.30(39.63) sIaq:393.79(0) Stabilization:1 Run in:0
 0h00:46.120 2025/12/22T16:27:10z: p:998.35 gasR:1115164.75 iaq:136.66(0) T:11.23(16.83) H:56.25(39.61) sIaq:393.79(0) Stabilization:1 Run in:0
 0h00:46.137 2025/12/22T16:27:10z: DATA A(17),52,56,36,998.35,0.03,26352,-57,46,0,2,2,0,2,2,8,8,228,67,9,5,0,0,393.79
 0h00:46.969 2025/12/22T16:27:10z: DATA A(18),52,56,36,998.35,0.03,26352,-57,46,0,2,2,0,2,2,8,8,228,67,9,5,0,0,393.79
 0h00:47.120 2025/12/22T16:27:11z: p:998.37 gasR:1116989.38 iaq:136.66(0) T:11.24(16.84) H:56.19(39.56) sIaq:393.79(0) Stabilization:1 Run in:0
 0h00:47.805 2025/12/22T16:27:11z: DATA A(19),52,56,36,998.37,0.03,26352,-61,47,0,2,2,0,2,2,8,8,228,67,9,5,0,0,393.79
 0h00:48.120 2025/12/22T16:27:12z: p:998.37 gasR:1116989.38 iaq:136.66(0) T:11.26(16.86) H:56.10(39.51) sIaq:393.79(0) Stabilization:1 Run in:0
 0h00:48.711 2025/12/22T16:27:12z: DATA A(20),52,56,36,998.37,0.03,26352,-58,48,0,2,2,0,2,2,8,8,216,63,8,5,0,0,393.79
 0h00:49.119 2025/12/22T16:27:13z: p:998.37 gasR:1113346.00 iaq:136.66(0) T:11.27(16.87) H:56.08(39.48) sIaq:393.79(0) Stabilization:1 Run in:0
 0h00:49.547 2025/12/22T16:27:13z: DATA A(21),52,56,36,998.37,0.02,26352,-57,49,0,2,2,0,2,2,8,8,216,63,8,5,0,0,393.79
 0h00:50.120 2025/12/22T16:27:14z: p:998.37 gasR:1112438.88 iaq:136.66(0) T:11.28(16.88) H:56.08(39.47) sIaq:393.80(0) Stabilization:1 Run in:0
 0h00:50.879 2025/12/22T16:27:14z: DATA B(16),52,56,36,998.37,0.03,26352,-57,50,0,1,1,0,1,1,4,4,222,62,7,0,0,0,393.80
 0h00:51.120 2025/12/22T16:27:15z: p:998.37 gasR:1120656.62 iaq:136.66(0) T:11.30(16.90) H:55.99(39.42) sIaq:393.80(0) Stabilization:1 Run in:0
 0h00:51.781 2025/12/22T16:27:15z: DATA B(17),52,55,36,998.37,0.03,26352,-57,51,0,1,1,0,1,1,4,4,213,59,7,0,0,0,393.80
 0h00:52.120 2025/12/22T16:27:16z: p:998.36 gasR:1120656.62 iaq:136.66(0) T:11.30(16.90) H:56.03(39.40) sIaq:393.80(0) Stabilization:1 Run in:0
 0h00:52.613 2025/12/22T16:27:16z: DATA B(18),52,56,36,998.36,0.02,26352,-57,52,0,1,1,0,1,1,4,4,213,59,7,0,0,0,393.80
 0h00:53.119 2025/12/22T16:27:17z: p:998.36 gasR:1121577.25 iaq:136.66(0) T:11.30(16.91) H:56.00(39.37) sIaq:393.80(0) Stabilization:1 Run in:0
 0h00:53.445 2025/12/22T16:27:17z: DATA B(19),52,55,36,998.36,0.02,26352,-56,53,0,1,1,0,1,1,4,4,213,59,7,0,0,0,393.80
 0h00:54.119 2025/12/22T16:27:18z: p:998.37 gasR:1115164.75 iaq:136.66(0) T:11.32(16.92) H:55.97(39.35) sIaq:393.80(0) Stabilization:1 Run in:0
 0h00:54.347 2025/12/22T16:27:18z: DATA B(20),52,55,36,998.37,0.02,26352,-56,54,0,1,1,0,1,1,4,4,219,59,6,0,0,0,393.80
 0h00:55.119 2025/12/22T16:27:19z: p:998.37 gasR:1118820.00 iaq:136.66(0) T:11.32(16.92) H:55.98(39.32) sIaq:393.80(0) Stabilization:1 Run in:0
 0h00:56.120 2025/12/22T16:27:20z: p:998.36 gasR:1110629.12 iaq:136.66(0) T:11.33(16.94) H:55.95(39.31) sIaq:393.80(0) Stabilization:1 Run in:0
 0h00:56.446 2025/12/22T16:27:20z: DATA A(22),52,55,36,998.36,0.03,26352,-57,56,0,1,1,0,1,1,4,4,150,45,8,5,0,0,393.80
 0h00:57.119 2025/12/22T16:27:21z: p:998.38 gasR:1115164.75 iaq:136.66(0) T:11.34(16.95) H:55.93(39.30) sIaq:393.81(0) Stabilization:1 Run in:0
 0h00:57.282 2025/12/22T16:27:21z: DATA A(23),52,55,36,998.38,0.02,26352,-57,57,0,1,1,0,1,1,4,4,150,45,8,5,0,0,393.81
 0h00:58.118 2025/12/22T16:27:22z: DATA A(24),52,55,36,998.38,0.03,26352,-57,58,0,1,1,0,1,1,4,4,150,45,8,5,0,0,393.81
 0h00:58.138 2025/12/22T16:27:22z: p:998.40 gasR:1120656.62 iaq:136.66(0) T:11.49(16.96) H:55.37(39.26) sIaq:393.81(0) Stabilization:1 Run in:0
 0h00:59.024 2025/12/22T16:27:23z: DATA A(25),52,55,36,998.40,0.03,26352,-56,59,0,1,1,0,1,1,4,4,138,43,7,5,0,0,393.81
 0h00:59.137 2025/12/22T16:27:23z: p:998.38 gasR:1119737.50 iaq:136.66(0) T:11.25(16.86) H:56.27(39.26) sIaq:393.81(0) Stabilization:1 Run in:0
 0h00:59.860 2025/12/22T16:27:23z: DATA A(26),52,56,36,998.38,0.03,26352,-56,59,0,1,1,0,1,1,4,4,138,43,7,5,0,0,393.81
 0h01:00.137 2025/12/22T16:27:24z: p:998.37 gasR:1116076.25 iaq:136.66(0) T:11.35(16.95) H:55.93(39.24) sIaq:393.81(0) Stabilization:1 Run in:0
 0h01:01.138 2025/12/22T16:27:25z: p:998.38 gasR:1122499.38 iaq:136.66(0) T:11.37(16.97) H:55.86(39.22) sIaq:393.81(0) Stabilization:1 Run in:0
 0h01:01.155 2025/12/22T16:27:25z: DATA B(21),52,55,36,998.38,0.03,26352,-58,61,0,1,1,0,1,1,4,4,195,55,8,1,0,0,393.81
 0h01:02.047 2025/12/22T16:27:26z: DATA B(22),52,55,36,998.38,0.02,26352,-56,62,0,1,1,0,1,1,4,4,195,55,9,2,1,0,393.81
 0h01:02.137 2025/12/22T16:27:26z: p:998.38 gasR:1121577.25 iaq:136.66(0) T:11.39(16.99) H:55.86(39.23) sIaq:393.81(0) Stabilization:1 Run in:0
 0h01:02.879 2025/12/22T16:27:26z: DATA B(23),52,55,36,998.38,0.03,26352,-57,62,0,1,1,0,1,1,4,4,195,55,9,2,1,0,393.81
 0h01:03.138 2025/12/22T16:27:27z: p:998.40 gasR:1127132.62 iaq:136.66(0) T:11.40(17.00) H:55.85(39.21) sIaq:393.81(0) Stabilization:1 Run in:0
 0h01:03.711 2025/12/22T16:27:27z: DATA B(24),52,55,36,998.40,0.03,26352,-57,63,0,1,1,0,1,1,4,4,195,55,9,2,1,0,393.81
 0h01:04.138 2025/12/22T16:27:28z: p:998.39 gasR:1122499.38 iaq:136.66(0) T:11.41(17.01) H:55.81(39.19) sIaq:393.81(0) Stabilization:1 Run in:0
 0h01:04.613 2025/12/22T16:27:28z: DATA B(25),52,55,36,998.39,0.02,26352,-56,64,0,1,2,0,1,2,4,4,189,53,12,3,2,0,393.81
 0h01:05.138 2025/12/22T16:27:29z: p:998.37 gasR:1130866.88 iaq:136.66(0) T:11.41(17.01) H:55.86(39.20) sIaq:393.80(0) Stabilization:1 Run in:0
 0h01:06.138 2025/12/22T16:27:30z: p:998.39 gasR:1115164.75 iaq:136.66(0) T:11.43(17.03) H:55.81(39.19) sIaq:393.81(0) Stabilization:1 Run in:0
 0h01:06.759 2025/12/22T16:27:30z: DATA A(27),52,55,36,998.39,0.03,26352,-56,66,0,0,0,0,0,0,0,0,108,33,7,1,0,0,393.81
 0h01:07.138 2025/12/22T16:27:31z: p:998.37 gasR:1127132.62 iaq:136.66(0) T:11.44(17.04) H:55.81(39.19) sIaq:393.80(0) Stabilization:1 Run in:0
 0h01:07.596 2025/12/22T16:27:31z: DATA A(28),52,55,36,998.37,0.03,26352,-56,67,0,0,0,0,0,0,0,0,108,33,7,1,0,0,393.80
 0h01:08.138 2025/12/22T16:27:32z: p:998.39 gasR:1126202.88 iaq:136.66(0) T:11.46(17.06) H:55.78(39.19) sIaq:393.80(0) Stabilization:1 Run in:0
 0h01:08.431 2025/12/22T16:27:32z: DATA A(29),52,55,36,998.39,0.02,26032,-57,68,0,0,0,0,0,0,0,0,108,33,7,1,0,0,393.80
 0h01:09.138 2025/12/22T16:27:33z: p:998.40 gasR:1126202.88 iaq:136.66(0) T:11.47(17.08) H:55.75(39.18) sIaq:393.80(0) Stabilization:1 Run in:0
 0h01:09.338 2025/12/22T16:27:33z: DATA A(30),52,55,36,998.40,0.03,26352,-57,69,0,0,0,0,0,0,0,0,114,36,8,1,0,0,393.80
 0h01:10.138 2025/12/22T16:27:34z: p:998.39 gasR:1135569.75 iaq:136.66(0) T:11.48(17.08) H:55.76(39.16) sIaq:393.79(0) Stabilization:1 Run in:0
 0h01:10.174 2025/12/22T16:27:34z: DATA A(31),52,55,36,998.39,0.03,26352,-55,70,0,0,0,0,0,0,0,0,114,36,8,1,0,0,393.79
 0h01:11.138 2025/12/22T16:27:35z: p:998.37 gasR:1120656.62 iaq:136.66(0) T:11.48(17.08) H:55.77(39.14) sIaq:393.80(0) Stabilization:1 Run in:0
 0h01:11.410 2025/12/22T16:27:35z: DATA B(26),52,55,36,998.37,0.03,26352,-57,71,0,1,2,0,1,2,4,4,213,61,11,3,2,0,393.80
 0h01:12.138 2025/12/22T16:27:36z: p:998.39 gasR:1128063.88 iaq:136.66(0) T:11.48(17.08) H:55.79(39.14) sIaq:393.79(0) Stabilization:1 Run in:0
 0h01:12.312 2025/12/22T16:27:36z: DATA B(27),52,55,36,998.39,0.02,26352,-57,72,0,1,2,0,1,2,4,4,177,49,6,3,2,0,393.79
 0h01:13.138 2025/12/22T16:27:37z: p:998.38 gasR:1127132.62 iaq:136.66(0) T:11.48(17.08) H:55.81(39.13) sIaq:393.79(0) Stabilization:1 Run in:0
 0h01:13.154 2025/12/22T16:27:37z: DATA B(28),52,55,36,998.38,0.02,26352,-57,73,0,1,2,0,1,2,4,4,177,49,6,3,2,0,393.79
 0h01:13.977 2025/12/22T16:27:37z: DATA B(29),52,55,36,998.38,0.03,26352,-56,73,0,1,2,0,1,2,4,4,177,49,6,3,2,0,393.79
 0h01:14.138 2025/12/22T16:27:38z: p:998.37 gasR:1130866.88 iaq:136.66(0) T:11.48(17.09) H:55.84(39.14) sIaq:393.79(0) Stabilization:1 Run in:0
 0h01:14.879 2025/12/22T16:27:38z: DATA B(30),52,55,36,998.37,0.03,26352,-56,74,0,1,2,0,1,2,4,4,177,49,6,3,2,0,393.79
 0h01:15.138 2025/12/22T16:27:39z: p:998.39 gasR:1126202.88 iaq:136.66(0) T:11.49(17.09) H:55.84(39.13) sIaq:393.79(0) Stabilization:1 Run in:0
 0h01:16.138 2025/12/22T16:27:40z: p:998.37 gasR:1128996.75 iaq:136.66(0) T:11.49(17.10) H:55.85(39.13) sIaq:393.79(0) Stabilization:1 Run in:0
 0h01:17.073 2025/12/22T16:27:41z: DATA A(32),52,55,36,998.37,0.03,26352,-57,77,0,1,1,0,1,1,4,4,156,48,9,1,0,0,393.79
 0h01:17.138 2025/12/22T16:27:41z: p:998.38 gasR:1132743.38 iaq:136.65(0) T:11.51(17.11) H:55.83(39.12) sIaq:393.78(0) Stabilization:1 Run in:0
 0h01:17.909 2025/12/22T16:27:41z: DATA A(33),52,55,36,998.38,0.03,26352,-57,77,0,1,1,0,1,1,4,4,156,48,9,1,0,0,393.78
 0h01:18.137 2025/12/22T16:27:42z: p:998.41 gasR:1128996.75 iaq:136.65(0) T:11.53(17.13) H:55.79(39.12) sIaq:393.78(0) Stabilization:1 Run in:0
 0h01:18.745 2025/12/22T16:27:42z: DATA A(34),52,55,36,998.41,0.03,26352,-57,78,0,1,1,0,1,1,4,4,156,48,9,1,0,0,393.78
 0h01:19.137 2025/12/22T16:27:43z: p:998.39 gasR:1136515.00 iaq:136.65(0) T:11.53(17.13) H:55.79(39.10) sIaq:393.77(0) Stabilization:1 Run in:0
 0h01:19.652 2025/12/22T16:27:43z: DATA A(35),52,55,36,998.39,0.03,26352,-57,79,0,1,1,0,1,1,4,4,162,50,12,1,0,0,393.77
 0h01:20.138 2025/12/22T16:27:44z: p:998.40 gasR:1126202.88 iaq:136.65(0) T:11.53(17.13) H:55.81(39.10) sIaq:393.78(0) Stabilization:1 Run in:0
 0h01:20.487 2025/12/22T16:27:44z: DATA A(36),52,55,36,998.40,0.03,26352,-57,80,0,1,1,0,1,1,4,4,162,50,12,1,0,0,393.78
 0h01:21.138 2025/12/22T16:27:45z: p:998.39 gasR:1135569.75 iaq:136.65(0) T:11.53(17.14) H:55.82(39.11) sIaq:393.77(0) Stabilization:1 Run in:0
 0h01:21.676 2025/12/22T16:27:45z: DATA B(31),52,55,36,998.39,0.03,26352,-57,81,0,1,2,0,1,2,4,4,192,58,7,3,2,0,393.77
 0h01:22.138 2025/12/22T16:27:46z: p:998.39 gasR:1133683.88 iaq:136.65(0) T:11.54(17.14) H:55.85(39.11) sIaq:393.76(0) Stabilization:1 Run in:0
 0h01:22.578 2025/12/22T16:27:46z: DATA B(32),52,55,36,998.39,0.03,26032,-57,82,0,0,2,0,0,2,0,0,180,54,6,2,2,0,393.76
 0h01:23.137 2025/12/22T16:27:47z: p:998.39 gasR:1129931.00 iaq:136.65(0) T:11.55(17.15) H:55.82(39.10) sIaq:393.76(0) Stabilization:1 Run in:0
 0h01:23.410 2025/12/22T16:27:47z: DATA B(33),52,55,36,998.39,0.03,26352,-57,83,0,0,2,0,0,2,0,0,180,54,6,2,2,0,393.76
 0h01:24.138 2025/12/22T16:27:48z: p:998.38 gasR:1127132.62 iaq:136.65(0) T:11.56(17.16) H:55.82(39.11) sIaq:393.77(0) Stabilization:1 Run in:0
 0h01:24.242 2025/12/22T16:27:48z: DATA B(34),52,55,36,998.38,0.02,26352,-57,84,0,0,2,0,0,2,0,0,180,54,6,2,2,0,393.77
 0h01:25.138 2025/12/22T16:27:49z: p:998.38 gasR:1140311.75 iaq:136.65(0) T:11.57(17.17) H:55.78(39.09) sIaq:393.75(0) Stabilization:1 Run in:0
 0h01:25.154 2025/12/22T16:27:49z: DATA B(35),52,55,36,998.38,0.02,26352,-56,85,0,0,1,0,0,1,0,0,180,54,5,2,2,0,393.75
 0h01:26.137 2025/12/22T16:27:50z: p:998.38 gasR:1134626.00 iaq:136.64(0) T:11.59(17.19) H:55.72(39.06) sIaq:393.72(0) Stabilization:1 Run in:0
 0h01:26.480 2025/12/22T16:27:50z: DATA A(37),52,55,36,998.38,0.03,26352,-57,86,0,1,1,0,1,1,4,4,210,66,16,1,0,0,393.72
 0h01:27.138 2025/12/22T16:27:51z: p:998.38 gasR:1128063.88 iaq:136.65(0) T:11.60(17.20) H:55.72(39.08) sIaq:393.75(0) Stabilization:1 Run in:0
 0h01:27.387 2025/12/22T16:27:51z: DATA A(38),52,55,36,998.38,0.02,26352,-57,87,0,1,1,0,1,1,4,4,216,68,15,1,0,0,393.75
 0h01:28.137 2025/12/22T16:27:52z: p:998.40 gasR:1129931.00 iaq:136.65(0) T:11.61(17.21) H:55.69(39.05) sIaq:393.75(0) Stabilization:1 Run in:0
 0h01:28.223 2025/12/22T16:27:52z: DATA A(39),52,55,36,998.40,0.02,26352,-57,88,0,1,1,0,1,1,4,4,216,68,15,1,0,0,393.75
 0h01:29.058 2025/12/22T16:27:53z: DATA A(40),52,55,36,998.40,0.02,26352,-57,89,0,1,1,0,1,1,4,4,216,68,15,1,0,0,393.75
 0h01:29.138 2025/12/22T16:27:53z: p:998.36 gasR:1128063.88 iaq:136.65(0) T:11.61(17.21) H:55.75(39.07) sIaq:393.76(0) Stabilization:1 Run in:0
 0h01:29.965 2025/12/22T16:27:53z: DATA A(41),52,55,36,998.36,0.03,26352,-57,89,1,1,1,1,1,1,4,4,240,72,11,0,0,0,393.76
 0h01:30.137 2025/12/22T16:27:54z: p:998.38 gasR:1129931.00 iaq:136.65(0) T:11.62(17.22) H:55.69(39.04) sIaq:393.76(0) Stabilization:1 Run in:0
 0h01:31.138 2025/12/22T16:27:55z: p:998.38 gasR:1145093.62 iaq:136.60(0) T:11.62(17.22) H:55.70(39.04) sIaq:393.56(0) Stabilization:1 Run in:0
 0h01:31.942 2025/12/22T16:27:55z: DATA B(36),52,55,36,998.38,0.03,26352,-57,91,0,0,0,0,0,0,0,0,159,47,2,0,0,0,393.56
 0h01:32.137 2025/12/22T16:27:56z: p:998.39 gasR:1139360.25 iaq:136.56(0) T:11.64(17.24) H:55.66(39.02) sIaq:393.40(0) Stabilization:1 Run in:0
 0h01:32.844 2025/12/22T16:27:56z: DATA B(37),52,55,36,998.39,0.02,26352,-57,92,0,0,0,0,0,0,0,0,165,47,2,0,0,0,393.40
 0h01:33.137 2025/12/22T16:27:57z: p:998.37 gasR:1129931.00 iaq:136.58(0) T:11.64(17.24) H:55.69(39.02) sIaq:393.47(0) Stabilization:1 Run in:0
 0h01:33.676 2025/12/22T16:27:57z: DATA B(38),52,55,36,998.37,0.03,26352,-57,93,0,0,0,0,0,0,0,0,165,47,2,0,0,0,393.47
 0h01:34.138 2025/12/22T16:27:58z: p:998.36 gasR:1125274.75 iaq:136.61(0) T:11.63(17.23) H:55.73(39.02) sIaq:393.62(0) Stabilization:1 Run in:0
 0h01:34.508 2025/12/22T16:27:58z: DATA B(39),52,55,36,998.36,0.03,26352,-60,94,0,0,0,0,0,0,0,0,165,47,2,0,0,0,393.62
 0h01:35.137 2025/12/22T16:27:59z: p:998.37 gasR:1128996.75 iaq:136.63(0) T:11.64(17.24) H:55.70(39.00) sIaq:393.68(0) Stabilization:1 Run in:0
 0h01:35.410 2025/12/22T16:27:59z: DATA B(40),52,55,36,998.37,0.02,26352,-60,95,0,0,0,0,0,0,0,0,165,49,3,0,0,0,393.68
 0h01:36.138 2025/12/22T16:28:00z: p:998.37 gasR:1133683.88 iaq:136.62(0) T:11.64(17.24) H:55.70(38.99) sIaq:393.64(0) Stabilization:1 Run in:0
 0h01:36.793 2025/12/22T16:28:00z: DATA A(42),52,55,36,998.37,0.03,26352,-55,96,1,1,1,1,1,1,4,4,258,78,9,0,0,0,393.64
 0h01:37.137 2025/12/22T16:28:01z: p:998.39 gasR:1128996.75 iaq:136.63(0) T:11.65(17.25) H:55.68(38.98) sIaq:393.70(0) Stabilization:1 Run in:0
 0h01:37.700 2025/12/22T16:28:01z: DATA A(43),52,55,36,998.39,0.03,26352,-57,97,1,1,1,1,1,1,4,4,270,82,8,0,0,0,393.70
 0h01:38.137 2025/12/22T16:28:02z: p:998.37 gasR:1129931.00 iaq:136.64(0) T:11.65(17.25) H:55.68(38.97) sIaq:393.73(0) Stabilization:1 Run in:0
 0h01:38.536 2025/12/22T16:28:02z: DATA A(44),52,55,36,998.37,0.02,26352,-56,98,1,1,1,1,1,1,4,4,270,82,8,0,0,0,393.73
 0h01:39.138 2025/12/22T16:28:03z: p:998.39 gasR:1133683.88 iaq:136.63(0) T:11.66(17.26) H:55.67(38.96) sIaq:393.68(0) Stabilization:1 Run in:0
 0h01:39.372 2025/12/22T16:28:03z: DATA A(45),52,55,36,998.39,0.02,26352,-56,99,1,1,1,1,1,1,4,4,270,82,8,0,0,0,393.68
 0h01:40.137 2025/12/22T16:28:04z: p:998.39 gasR:1135569.75 iaq:136.61(0) T:11.66(17.27) H:55.67(38.96) sIaq:393.60(0) Stabilization:1 Run in:0
 0h01:40.278 2025/12/22T16:28:04z: DATA A(46),52,55,36,998.39,0.02,26352,-56,100,1,1,1,1,1,1,4,4,294,90,9,0,0,0,393.60
 0h01:41.137 2025/12/22T16:28:05z: p:998.39 gasR:1129931.00 iaq:136.62(0) T:11.67(17.27) H:55.60(38.91) sIaq:393.65(0) Stabilization:1 Run in:0
 0h01:42.138 2025/12/22T16:28:06z: p:998.39 gasR:1131804.38 iaq:136.62(0) T:11.67(17.27) H:55.62(38.91) sIaq:393.65(0) Stabilization:1 Run in:0
 0h01:42.208 2025/12/22T16:28:06z: DATA B(41),53,55,37,998.39,0.02,26352,-56,102,0,1,1,0,1,1,4,4,192,58,4,0,0,0,393.65
 0h01:43.110 2025/12/22T16:28:07z: DATA B(42),53,55,37,998.39,0.03,26352,-56,103,0,1,1,0,1,1,4,4,186,56,4,0,0,0,393.65
 0h01:43.138 2025/12/22T16:28:07z: p:998.39 gasR:1131804.38 iaq:136.62(0) T:11.67(17.28) H:55.63(38.92) sIaq:393.66(0) Stabilization:1 Run in:0
 0h01:43.942 2025/12/22T16:28:07z: DATA B(43),53,55,37,998.39,0.02,26352,-56,103,0,1,1,0,1,1,4,4,186,56,4,0,0,0,393.66
{"SensorId":"48:3f:da:26:d5:2a","DateTime":"2025/12/22T16:28:08z","Geo":"PurpleAir-d52a","Mem":26352,"memfrag":1,"memfb":26280,"memcs":800,"Id":1,"lat":0.000000,"lon":0.000000,"Adc":"nan","loggingrate":15,"place":"outside","version":"7.04","uptime":104,"rssi":-56,"period":103,"httpsuccess":0,"httpsends":0,"hardwareversion":"3.0","hardwarediscovered":"3.0+RV3028+BME68X+PMSX003-A+PMSX003-B","current_temp_f":53,"current_humidity":55,"current_dewpoint_f":37,"pressure":998.39,"current_temp_f_680":53,"current_humidity_680":55,"current_dewpoint_f_680":37,"pressure_680":998.39,"gas_680":"nan","p25aqic_b":"rgb(0,228,0)","pm2.5_aqi_b":2,"pm1_0_cf_1_b":0.00,"p_0_3_um_b":177.28,"pm2_5_cf_1_b":0.51,"p_0_5_um_b":49.84,"pm10_0_cf_1_b":0.84,"p_1_0_um_b":6.40,"pm1_0_atm_b":0.00,"p_2_5_um_b":0.84,"pm2_5_atm_b":0.51,"p_5_0_um_b":0.58,"pm10_0_atm_b":0.84,"p_10_0_um_b":0.00,"p25aqic":"rgb(0,228,0)","pm2.5_aqi":4,"pm1_0_cf_1":0.30,"p_0_3_um":206.61,"pm2_5_cf_1":0.91,"p_0_5_um":61.37,"pm10_0_cf_1":1.17,"p_1_0_um":8.74,"pm1_0_atm":0.30,"p_2_5_um":2.09,"pm2_5_atm":0.91,"p_5_0_um":0.48,"pm10_0_atm":1.17,"p_10_0_um":0.00,"wlstate":"Failed","status_0":0,"status_1":0,"status_2":0,"status_3":0,"status_4":2,"status_5":2,"status_7":0,"status_8":2,"status_9":2}
 0h01:44.244 2025/12/22T16:28:08z: update.purpleair.com:80/firmware/2mb/update.asp
 0h01:44.251 2025/12/22T16:28:08z: Error: -1
1 BSEC warning code : 100

UTCDateTime,mac_address,firmware_ver,hardware,current_temp_f,current_humidity,current_dewpoint_f,pressure,adc,mem,rssi,uptime,pm1_0_cf_1,pm2_5_cf_1,pm10_0_cf_1,pm1_0_atm,pm2_5_atm,pm10_0_atm,pm2.5_aqi_cf_1,pm2.5_aqi_atm,p_0_3_um,p_0_5_um,p_1_0_um,p_2_5_um,p_5_0_um,p_10_0_um,pm1_0_cf_1_b,pm2_5_cf_1_b,pm10_0_cf_1_b,pm1_0_atm_b,pm2_5_atm_b,pm10_0_atm_b,pm2.5_aqi_cf_1_b,pm2.5_aqi_atm_b,p_0_3_um_b,p_0_5_um_b,p_1_0_um_b,p_2_5_um_b,p_5_0_um_b,p_10_0_um_b,gas
2025/12/22T16:28:08z,48:3f:da:26:d5:2a,7.04,3.0+RV3028+BME68X+PMSX003-A+PMSX003-B,53,55,37,998.39,nan,26040,-56,104,0.30,0.91,1.17,0.30,0.91,1.17,4,4,206.61,61.37,8.74,2.09,0.48,0.00,0.00,0.51,0.84,0.00,0.51,0.84,2,2,177.28,49.84,6.40,0.84,0.58,0.00,nan
1 BSEC warning code : 100

1 BSEC warning code : 100

1 BSEC warning code : 100

1 BSEC warning code : 100

1 BSEC warning code : 100

1 BSEC warning code : 100

1 BSEC warning code : 100

1 BSEC warning code : 100

1 BSEC warning code : 100

1 BSEC warning code : 100

 ets Jan  8 2013,rst cause:1, boot mode:(3,7)

load 0x4010f000, len 1384, room 16 
tail 8
chksum 0x2d
csum 0x2d
v8b899c12
~ld


7.04
 0h00:00.277 1970/01/01T08:00:00z: SPIFFS Active
 0h00:03.951 2025/12/22T17:25:41z: 48:3f:da:26:d5:2a
 0h00:03.952 2025/12/22T17:25:41z: SSID: VALIS
1 BSEC warning code : 100

1 BSEC warning code : 100

1 BSEC warning code : 100

1 BSEC warning code : 100

1 BSEC warning code : 100

1 BSEC warning code : 100

1 BSEC warning code : 100

1 BSEC warning code : 100

1 BSEC warning code : 100

1 BSEC warning code : 100

 ets Jan  8 2013,rst cause:1, boot mode:(3,7)

load 0x4010f000, len 1384, room 16 
tail 8
chksum 0x2d
csum 0x2d
v8b899c12
~ld


7.04
 0h00:00.279 1970/01/01T08:00:00z: SPIFFS Active
 0h00:03.952 2025/12/22T17:45:27z: 48:3f:da:26:d5:2a
 0h00:03.954 2025/12/22T17:45:27z: SSID: VALIS
1 BSEC warning code : 100

1 BSEC warning code : 100

1 BSEC warning code : 100

1 BSEC warning code : 100

1 BSEC warning code : 100

1 BSEC warning code : 100

1 BSEC warning code : 100

1 BSEC warning code : 100

1 BSEC warning code : 100

1 BSEC warning code : 100

 ets Jan  8 2013,rst cause:1, boot mode:(3,7)

load 0x4010f000, len 1384, room 16 
tail 8
chksum 0x2d
csum 0x2d
v8b899c12
~ld


7.04
 0h00:00.277 1970/01/01T08:00:00z: SPIFFS Active
 0h00:03.951 2025/12/22T18:05:13z: 48:3f:da:26:d5:2a
 0h00:03.952 2025/12/22T18:05:13z: SSID: VALIS
1 BSEC warning code : 100

1 BSEC warning code : 100

1 BSEC warning code : 100

1 BSEC warning code : 100

1 BSEC warning code : 100

1 BSEC warning code : 100

1 BSEC warning code : 100

1 BSEC warning code : 100

1 BSEC warning code : 100

1 BSEC warning code : 100

 ets Jan  8 2013,rst cause:1, boot mode:(3,7)

load 0x4010f000, len 1384, room 16 
tail 8
chksum 0x2d
csum 0x2d
v8b899c12
~ld


7.04
 0h00:00.276 1970/01/01T08:00:00z: SPIFFS Active
 0h00:03.950 2025/12/22T18:24:58z: 48:3f:da:26:d5:2a
 0h00:03.951 2025/12/22T18:24:58z: SSID: VALIS
1 BSEC warning code : 100

1 BSEC warning code : 100

1 BSEC warning code : 100

1 BSEC warning code : 100

1 BSEC warning code : 100

1 BSEC warning code : 100

1 BSEC warning code : 100

1 BSEC warning code : 100

1 BSEC warning code : 100

1 BSEC warning code : 100

 ets Jan  8 2013,rst cause:1, boot mode:(3,7)

load 0x4010f000, len 1384, room 16 
tail 8
chksum 0x2d
csum 0x2d
v8b899c12
~ld


7.04
 0h00:00.279 1970/01/01T08:00:00z: SPIFFS Active
 0h00:03.953 2025/12/22T18:44:43z: 48:3f:da:26:d5:2a
 0h00:03.954 2025/12/22T18:44:43z: SSID: VALIS
1 BSEC warning code : 100

1 BSEC warning code : 100

1 BSEC warning code : 100

1 BSEC warning code : 100

1 BSEC warning code : 100

1 BSEC warning code : 100

1 BSEC warning code : 100

1 BSEC warning code : 100

1 BSEC warning code : 100

1 BSEC warning code : 100

 ets Jan  8 2013,rst cause:1, boot mode:(3,7)

load 0x4010f000, len 1384, room 16 
tail 8
chksum 0x2d
csum 0x2d
v8b899c12
~ld


7.04
 0h00:00.282 1970/01/01T08:00:00z: SPIFFS Active
 0h00:03.956 2025/12/22T19:04:28z: 48:3f:da:26:d5:2a
 0h00:03.957 2025/12/22T19:04:28z: SSID: VALIS
1 BSEC warning code : 100

1 BSEC warning code : 100

1 BSEC warning code : 100

1 BSEC warning code : 100

1 BSEC warning code : 100

1 BSEC warning code : 100

1 BSEC warning code : 100

1 BSEC warning code : 100

1 BSEC warning code : 100

1 BSEC warning code : 100

 ets Jan  8 2013,rst cause:1, boot mode:(3,7)

load 0x4010f000, len 1384, room 16 
tail 8
chksum 0x2d
csum 0x2d
v8b899c12
~ld


7.04
 0h00:00.280 1970/01/01T08:00:00z: SPIFFS Active
 0h00:03.954 2025/12/22T19:24:13z: 48:3f:da:26:d5:2a
 0h00:03.955 2025/12/22T19:24:13z: SSID: VALIS
1 BSEC warning code : 100

1 BSEC warning code : 100

1 BSEC warning code : 100

1 BSEC warning code : 100

1 BSEC warning code : 100

1 BSEC warning code : 100

1 BSEC warning code : 100

1 BSEC warning code : 100

1 BSEC warning code : 100

1 BSEC warning code : 100

 ets Jan  8 2013,rst cause:1, boot mode:(3,7)

load 0x4010f000, len 1384, room 16 
tail 8
chksum 0x2d
csum 0x2d
v8b899c12
~ld


7.04
 0h00:00.275 1970/01/01T08:00:00z: SPIFFS Active
 0h00:03.949 2025/12/22T19:43:58z: 48:3f:da:26:d5:2a
 0h00:03.950 2025/12/22T19:43:58z: SSID: VALIS
1 BSEC warning code : 100

1 BSEC warning code : 100

1 BSEC warning code : 100

1 BSEC warning code : 100

1 BSEC warning code : 100

1 BSEC warning code : 100

1 BSEC warning code : 100

1 BSEC warning code : 100

1 BSEC warning code : 100

1 BSEC warning code : 100

 ets Jan  8 2013,rst cause:1, boot mode:(3,7)

load 0x4010f000, len 1384, room 16 
tail 8
chksum 0x2d
csum 0x2d
v8b899c12
~ld


7.04
 0h00:00.282 1970/01/01T08:00:00z: SPIFFS Active
 0h00:03.956 2025/12/22T20:03:42z: 48:3f:da:26:d5:2a
 0h00:03.958 2025/12/22T20:03:42z: SSID: VALIS
1 BSEC warning code : 100

1 BSEC warning code : 100

1 BSEC warning code : 100

1 BSEC warning code : 100

1 BSEC warning code : 100

1 BSEC warning code : 100

1 BSEC warning code : 100

1 BSEC warning code : 100

1 BSEC warning code : 100

1 BSEC warning code : 100

 ets Jan  8 2013,rst cause:1, boot mode:(3,7)

load 0x4010f000, len 1384, room 16 
tail 8
chksum 0x2d
csum 0x2d
v8b899c12
~ld


7.04
 0h00:00.285 1970/01/01T08:00:00z: SPIFFS Active
 0h00:03.959 2025/12/22T20:23:27z: 48:3f:da:26:d5:2a
 0h00:03.960 2025/12/22T20:23:27z: SSID: VALIS
1 BSEC warning code : 100

1 BSEC warning code : 100

1 BSEC warning code : 100

1 BSEC warning code : 100

1 BSEC warning code : 100

1 BSEC warning code : 100

1 BSEC warning code : 100

1 BSEC warning code : 100

1 BSEC warning code : 100

1 BSEC warning code : 100

 ets Jan  8 2013,rst cause:1, boot mode:(3,7)

load 0x4010f000, len 1384, room 16 
tail 8
chksum 0x2d
csum 0x2d
v8b899c12
~ld


7.04
 0h00:00.275 1970/01/01T08:00:00z: SPIFFS Active
 0h00:03.949 2025/12/22T20:43:12z: 48:3f:da:26:d5:2a
 0h00:03.951 2025/12/22T20:43:12z: SSID: VALIS
1 BSEC warning code : 100

1 BSEC warning code : 100

1 BSEC warning code : 100

1 BSEC warning code : 100

1 BSEC warning code : 100

1 BSEC warning code : 100

1 BSEC warning code : 100

1 BSEC warning code : 100

1 BSEC warning code : 100

1 BSEC warning code : 100

 ets Jan  8 2013,rst cause:1, boot mode:(3,7)

load 0x4010f000, len 1384, room 16 
tail 8
chksum 0x2d
csum 0x2d
v8b899c12
~ld


7.04
 0h00:00.281 1970/01/01T08:00:00z: SPIFFS Active
 0h00:03.955 2025/12/22T21:02:57z: 48:3f:da:26:d5:2a
 0h00:03.956 2025/12/22T21:02:57z: SSID: VALIS
1 BSEC warning code : 100

1 BSEC warning code : 100

1 BSEC warning code : 100

1 BSEC warning code : 100

1 BSEC warning code : 100

1 BSEC warning code : 100

1 BSEC warning code : 100

1 BSEC warning code : 100

1 BSEC warning code : 100

1 BSEC warning code : 100

 ets Jan  8 2013,rst cause:1, boot mode:(3,7)

load 0x4010f000, len 1384, room 16 
tail 8
chksum 0x2d
csum 0x2d
v8b899c12
~ld


7.04
 0h00:00.278 1970/01/01T08:00:00z: SPIFFS Active
 0h00:03.952 2025/12/22T21:22:42z: 48:3f:da:26:d5:2a
 0h00:03.954 2025/12/22T21:22:42z: SSID: VALIS
1 BSEC warning code : 100

1 BSEC warning code : 100

1 BSEC warning code : 100

1 BSEC warning code : 100

1 BSEC warning code : 100

1 BSEC warning code : 100

1 BSEC warning code : 100

1 BSEC warning code : 100

1 BSEC warning code : 100

1 BSEC warning code : 100

 ets Jan  8 2013,rst cause:1, boot mode:(3,7)

load 0x4010f000, len 1384, room 16 
tail 8
chksum 0x2d
csum 0x2d
v8b899c12
~ld


7.04
 0h00:00.280 1970/01/01T08:00:00z: SPIFFS Active
 0h00:03.954 2025/12/22T21:42:27z: 48:3f:da:26:d5:2a
 0h00:03.955 2025/12/22T21:42:27z: SSID: VALIS
1 BSEC warning code : 100

1 BSEC warning code : 100

1 BSEC warning code : 100

1 BSEC warning code : 100

1 BSEC warning code : 100

1 BSEC warning code : 100

1 BSEC warning code : 100

1 BSEC warning code : 100

1 BSEC warning code : 100

1 BSEC warning code : 100

 ets Jan  8 2013,rst cause:1, boot mode:(3,7)

load 0x4010f000, len 1384, room 16 
tail 8
chksum 0x2d
csum 0x2d
v8b899c12
~ld


7.04
 0h00:00.275 1970/01/01T08:00:00z: SPIFFS Active
 0h00:03.949 2025/12/22T22:02:12z: 48:3f:da:26:d5:2a
 0h00:03.950 2025/12/22T22:02:12z: SSID: VALIS
1 BSEC warning code : 100

1 BSEC warning code : 100

1 BSEC warning code : 100

1 BSEC warning code : 100

1 BSEC warning code : 100

1 BSEC warning code : 100

1 BSEC warning code : 100

1 BSEC warning code : 100

1 BSEC warning code : 100

1 BSEC warning code : 100

 ets Jan  8 2013,rst cause:1, boot mode:(3,7)

load 0x4010f000, len 1384, room 16 
tail 8
chksum 0x2d
csum 0x2d
v8b899c12
~ld


7.04
 0h00:00.281 1970/01/01T08:00:00z: SPIFFS Active
 0h00:03.955 2025/12/22T22:21:57z: 48:3f:da:26:d5:2a
 0h00:03.956 2025/12/22T22:21:57z: SSID: VALIS
1 BSEC warning code : 100

1 BSEC warning code : 100

1 BSEC warning code : 100

1 BSEC warning code : 100

1 BSEC warning code : 100

1 BSEC warning code : 100

1 BSEC warning code : 100

1 BSEC warning code : 100

1 BSEC warning code : 100

1 BSEC warning code : 100

 ets Jan  8 2013,rst cause:1, boot mode:(3,7)

load 0x4010f000, len 1384, room 16 
tail 8
chksum 0x2d
csum 0x2d
v8b899c12
~ld


7.04
 0h00:00.278 1970/01/01T08:00:00z: SPIFFS Active
 0h00:03.952 2025/12/22T22:41:43z: 48:3f:da:26:d5:2a
 0h00:03.953 2025/12/22T22:41:43z: SSID: VALIS
1 BSEC warning code : 100

1 BSEC warning code : 100

1 BSEC warning code : 100

1 BSEC warning code : 100

1 BSEC warning code : 100

1 BSEC warning code : 100

1 BSEC warning code : 100

1 BSEC warning code : 100

1 BSEC warning code : 100

1 BSEC warning code : 100

 ets Jan  8 2013,rst cause:1, boot mode:(3,7)

load 0x4010f000, len 1384, room 16 
tail 8
chksum 0x2d
csum 0x2d
v8b899c12
~ld


7.04
 0h00:00.282 1970/01/01T08:00:00z: SPIFFS Active
 0h00:03.956 2025/12/22T23:01:28z: 48:3f:da:26:d5:2a
 0h00:03.958 2025/12/22T23:01:28z: SSID: VALIS
1 BSEC warning code : 100

1 BSEC warning code : 100

1 BSEC warning code : 100

1 BSEC warning code : 100

1 BSEC warning code : 100

1 BSEC warning code : 100

1 BSEC warning code : 100

1 BSEC warning code : 100

1 BSEC warning code : 100

1 BSEC warning code : 100

 ets Jan  8 2013,rst cause:1, boot mode:(3,7)

load 0x4010f000, len 1384, room 16 
tail 8
chksum 0x2d
csum 0x2d
v8b899c12
~ld


7.04
 0h00:00.277 1970/01/01T08:00:00z: SPIFFS Active
 0h00:03.951 2025/12/22T23:21:14z: 48:3f:da:26:d5:2a
 0h00:03.952 2025/12/22T23:21:14z: SSID: VALIS
1 BSEC warning code : 100

1 BSEC warning code : 100

1 BSEC warning code : 100

1 BSEC warning code : 100

1 BSEC warning code : 100

1 BSEC warning code : 100

1 BSEC warning code : 100

1 BSEC warning code : 100

1 BSEC warning code : 100

1 BSEC warning code : 100

 ets Jan  8 2013,rst cause:1, boot mode:(3,7)

load 0x4010f000, len 1384, room 16 
tail 8
chksum 0x2d
csum 0x2d
v8b899c12
~ld


7.04
 0h00:00.277 1970/01/01T08:00:00z: SPIFFS Active
 0h00:03.951 2025/12/22T23:40:58z: 48:3f:da:26:d5:2a
 0h00:03.953 2025/12/22T23:40:58z: SSID: VALIS
1 BSEC warning code : 100

1 BSEC warning code : 100

1 BSEC warning code : 100

1 BSEC warning code : 100

1 BSEC warning code : 100

1 BSEC warning code : 100

1 BSEC warning code : 100

1 BSEC warning code : 100

1 BSEC warning code : 100
