
1 BSEC warning code : 100

1 BSEC warning code : 100

 ets Jan  8 2013,rst cause:1, boot mode:(3,7)

load 0x4010f000, len 1384, room 16 
tail 8
chksum 0x2d
csum 0x2d
v8b899c12
~ld


7.04
 0h00:00.281 1970/01/01T08:00:00z: SPIFFS Active
 0h00:03.957 2025/01/24T06:07:51z: 48:3f:da:26:d5:2a
 0h00:03.959 2025/01/24T06:07:51z: SSID: VALIS
 0h00:11.909 2025/01/24T06:07:59z: PMSX003-A (951ms)
 0h00:13.015 2025/01/24T06:08:00z: PMSX003-B (1105ms)
 0h00:13.016 2025/01/24T06:08:00z: 3.0+RV3028+BME68X+PMSX003-A+PMSX003-B
 0h00:14.031 2025/01/24T06:08:01z: p:1018.09 gasR:933029.62 iaq:84.19(0) T:8.97(11.97) H:60.93(34.16) sIaq:127.27(0) Stabilization:1 Run in:0
 0h00:14.500 2025/01/24T06:08:01z: DATA A(2),48,60,35,1018.09,0.03,26352,0,14,17,22,23,17,22,23,72,72,2436,698,82,7,2,0,127.27
 0h00:15.031 2025/01/24T06:08:02z: p:1018.17 gasR:944649.44 iaq:84.19(0) T:9.91(15.52) H:57.72(34.86) sIaq:127.27(0) Stabilization:1 Run in:0
 0h00:15.336 2025/01/24T06:08:02z: DATA A(3),49,57,34,1018.17,0.02,26352,-47,15,17,22,23,17,22,23,72,72,2436,698,82,7,2,0,127.27
 0h00:16.030 2025/01/24T06:08:03z: p:1018.27 gasR:947928.75 iaq:84.19(0) T:10.80(16.41) H:54.42(35.10) sIaq:127.27(0) Stabilization:1 Run in:0
 0h00:16.243 2025/01/24T06:08:03z: DATA A(4),51,54,35,1018.27,0.02,26352,-47,16,16,20,22,16,20,22,68,68,2352,672,76,6,2,0,127.27
 0h00:17.030 2025/01/24T06:08:04z: p:1018.23 gasR:951894.00 iaq:84.19(0) T:11.14(16.74) H:53.01(35.11) sIaq:127.27(0) Stabilization:1 Run in:0
 0h00:17.079 2025/01/24T06:08:04z: DATA A(5),52,53,35,1018.23,0.03,26352,-47,17,16,20,22,16,20,22,68,68,2352,672,76,6,2,0,127.27
 0h00:17.915 2025/01/24T06:08:05z: DATA A(6),52,53,35,1018.23,0.03,26352,-47,17,16,20,22,16,20,22,68,68,2352,672,76,6,2,0,127.27
 0h00:18.030 2025/01/24T06:08:05z: p:1018.22 gasR:961276.69 iaq:84.19(0) T:11.33(16.93) H:52.11(35.05) sIaq:127.27(0) Stabilization:1 Run in:0
 0h00:19.031 2025/01/24T06:08:06z: p:1018.22 gasR:965354.69 iaq:84.19(0) T:11.46(17.07) H:51.39(34.93) sIaq:127.27(0) Stabilization:1 Run in:0
 0h00:19.898 2025/01/24T06:08:07z: DATA B(2),52,51,34,1018.22,0.03,26352,-47,19,19,22,25,19,22,25,72,72,2592,786,102,6,1,0,127.27
 0h00:20.031 2025/01/24T06:08:07z: p:1018.19 gasR:973615.38 iaq:84.20(0) T:11.55(17.15) H:50.81(34.79) sIaq:127.28(0) Stabilization:1 Run in:0
 0h00:20.731 2025/01/24T06:08:08z: DATA B(3),52,50,34,1018.19,0.03,26352,-46,20,19,22,25,19,22,25,72,72,2592,786,102,6,1,0,127.28
 0h00:21.030 2025/01/24T06:08:08z: p:1018.22 gasR:977799.00 iaq:84.20(0) T:11.63(17.23) H:50.30(34.64) sIaq:127.28(0) Stabilization:1 Run in:0
 0h00:21.563 2025/01/24T06:08:08z: DATA B(4),52,50,34,1018.22,0.02,26352,-47,21,19,22,25,19,22,25,72,72,2592,786,102,6,1,0,127.28
 0h00:22.030 2025/01/24T06:08:09z: p:1018.21 gasR:977799.00 iaq:84.20(0) T:11.69(17.29) H:49.85(34.49) sIaq:127.28(0) Stabilization:1 Run in:0
 0h00:22.467 2025/01/24T06:08:09z: DATA B(5),53,49,34,1018.21,0.03,26352,-47,22,19,23,25,19,23,25,74,74,2598,790,100,6,1,0,127.28
 0h00:23.030 2025/01/24T06:08:10z: p:1018.21 gasR:982018.69 iaq:84.20(0) T:11.74(17.35) H:49.48(34.37) sIaq:127.28(0) Stabilization:1 Run in:0
 0h00:23.299 2025/01/24T06:08:10z: DATA B(6),53,49,34,1018.21,0.02,26352,-47,23,19,23,25,19,23,25,74,74,2598,790,100,6,1,0,127.28
 0h00:24.030 2025/01/24T06:08:11z: p:1018.23 gasR:975005.94 iaq:84.20(0) T:11.79(17.39) H:49.16(34.24) sIaq:127.29(0) Stabilization:1 Run in:0
 0h00:24.817 2025/01/24T06:08:12z: DATA A(7),53,49,34,1018.23,0.03,26352,-47,24,18,22,23,18,22,23,72,72,2532,736,96,4,1,0,127.29
 0h00:25.030 2025/01/24T06:08:12z: p:1018.23 gasR:980608.06 iaq:84.20(0) T:11.83(17.43) H:48.85(34.12) sIaq:127.29(0) Stabilization:1 Run in:0
 0h00:25.652 2025/01/24T06:08:13z: DATA A(8),53,48,34,1018.23,0.03,26352,-47,25,18,22,23,18,22,23,72,72,2532,736,96,4,1,0,127.29
 0h00:26.030 2025/01/24T06:08:13z: p:1018.22 gasR:980608.06 iaq:84.20(0) T:11.86(17.47) H:48.62(34.02) sIaq:127.29(0) Stabilization:1 Run in:0
 0h00:26.560 2025/01/24T06:08:13z: DATA A(9),53,48,34,1018.22,0.02,26352,-47,26,18,22,23,18,22,23,72,72,2526,734,94,4,1,0,127.29
 0h00:27.030 2025/01/24T06:08:14z: p:1018.21 gasR:979201.50 iaq:84.21(0) T:11.89(17.50) H:48.40(33.92) sIaq:127.30(0) Stabilization:1 Run in:0
 0h00:27.395 2025/01/24T06:08:14z: DATA A(10),53,48,34,1018.21,0.03,26352,-47,27,18,22,23,18,22,23,72,72,2526,734,94,4,1,0,127.30
 0h00:28.030 2025/01/24T06:08:15z: p:1018.23 gasR:989133.06 iaq:84.21(0) T:11.93(17.53) H:48.17(33.81) sIaq:127.30(0) Stabilization:1 Run in:0
 0h00:28.231 2025/01/24T06:08:15z: DATA A(11),53,48,33,1018.23,0.02,26352,-47,28,18,22,23,18,22,23,72,72,2526,734,94,4,1,0,127.30
 0h00:29.030 2025/01/24T06:08:16z: p:1018.23 gasR:992007.75 iaq:84.21(0) T:11.96(17.56) H:48.00(33.74) sIaq:127.31(0) Stabilization:1 Run in:0
 0h00:30.030 2025/01/24T06:08:17z: p:1018.23 gasR:987701.94 iaq:84.21(0) T:11.98(17.59) H:47.82(33.64) sIaq:127.31(0) Stabilization:1 Run in:0
 0h00:30.170 2025/01/24T06:08:17z: DATA B(7),53,47,33,1018.23,0.03,26352,-47,30,17,20,23,17,20,23,68,68,2484,732,86,6,1,0,127.31
 0h00:31.003 2025/01/24T06:08:18z: DATA B(8),53,47,33,1018.23,0.03,26040,-48,31,17,20,23,17,20,23,68,68,2484,732,86,6,1,0,127.31
 0h00:31.031 2025/01/24T06:08:18z: p:1018.24 gasR:983433.38 iaq:84.22(0) T:12.01(17.62) H:47.67(33.58) sIaq:127.32(0) Stabilization:1 Run in:0
 0h00:31.835 2025/01/24T06:08:19z: DATA B(9),53,47,33,1018.24,0.03,26352,-48,31,17,20,23,17,20,23,68,68,2484,732,86,6,1,0,127.32
 0h00:32.030 2025/01/24T06:08:19z: p:1018.24 gasR:986275.00 iaq:84.22(0) T:12.03(17.63) H:47.58(33.52) sIaq:127.33(0) Stabilization:1 Run in:0
 0h00:32.738 2025/01/24T06:08:20z: DATA B(10),53,47,33,1018.24,0.03,26352,-48,32,17,20,21,17,20,21,68,68,2376,706,88,5,0,0,127.33
 0h00:33.030 2025/01/24T06:08:20z: p:1018.24 gasR:988417.00 iaq:84.22(0) T:12.06(17.66) H:47.45(33.45) sIaq:127.33(0) Stabilization:1 Run in:0
 0h00:34.030 2025/01/24T06:08:21z: p:1018.25 gasR:988417.00 iaq:84.22(0) T:12.08(17.68) H:47.36(33.41) sIaq:127.34(0) Stabilization:1 Run in:0
 0h00:35.030 2025/01/24T06:08:22z: p:1018.25 gasR:986275.00 iaq:84.23(0) T:12.10(17.70) H:47.29(33.36) sIaq:127.35(0) Stabilization:1 Run in:0
 0h00:35.133 2025/01/24T06:08:22z: DATA A(12),53,47,33,1018.25,0.03,26352,-48,35,17,23,23,17,23,23,74,74,2430,700,104,5,1,0,127.35
 0h00:35.969 2025/01/24T06:08:23z: DATA A(13),53,47,33,1018.25,0.03,26352,-48,35,17,23,23,17,23,23,74,74,2430,700,104,5,1,0,127.35
 0h00:36.030 2025/01/24T06:08:23z: p:1018.24 gasR:987701.94 iaq:84.23(0) T:12.11(17.71) H:47.21(33.30) sIaq:127.35(0) Stabilization:1 Run in:0
 0h00:36.876 2025/01/24T06:08:24z: DATA A(14),53,47,33,1018.24,0.03,26352,-48,36,16,22,22,16,22,22,72,72,2376,676,102,4,1,0,127.35
 0h00:37.030 2025/01/24T06:08:24z: p:1018.24 gasR:986275.00 iaq:84.23(0) T:12.13(17.73) H:47.09(33.23) sIaq:127.36(0) Stabilization:1 Run in:0
 0h00:37.711 2025/01/24T06:08:25z: DATA A(15),53,47,33,1018.24,0.02,26352,-48,37,16,22,22,16,22,22,72,72,2376,676,102,4,1,0,127.36
 0h00:38.030 2025/01/24T06:08:25z: p:1018.24 gasR:994899.19 iaq:84.24(0) T:12.15(17.75) H:47.05(33.20) sIaq:127.37(0) Stabilization:1 Run in:0
 0h00:38.547 2025/01/24T06:08:25z: DATA A(16),53,47,33,1018.24,0.02,26352,-48,38,16,22,22,16,22,22,72,72,2376,676,102,4,1,0,127.37
 0h00:39.030 2025/01/24T06:08:26z: p:1018.25 gasR:987701.94 iaq:84.24(0) T:12.16(17.76) H:47.00(33.16) sIaq:127.38(0) Stabilization:1 Run in:0
 0h00:39.538 2025/01/24T06:08:26z: DATA B(11),53,46,33,1018.25,0.03,26352,-48,39,16,17,19,16,17,19,62,62,2250,664,64,1,0,0,127.38
 0h00:40.031 2025/01/24T06:08:27z: p:1018.25 gasR:997078.88 iaq:84.24(0) T:12.18(17.78) H:46.95(33.14) sIaq:127.38(0) Stabilization:1 Run in:0
 0h00:40.442 2025/01/24T06:08:27z: DATA B(12),53,46,33,1018.25,0.02,26352,-47,40,16,19,20,16,19,20,66,66,2364,680,68,2,0,0,127.38
 0h00:41.031 2025/01/24T06:08:28z: p:1018.24 gasR:987701.94 iaq:84.25(0) T:12.20(17.80) H:46.86(33.09) sIaq:127.39(0) Stabilization:1 Run in:0
 0h00:41.274 2025/01/24T06:08:28z: DATA B(13),53,46,33,1018.24,0.02,26352,-47,41,16,19,20,16,19,20,66,66,2364,680,68,2,0,0,127.39
 0h00:42.030 2025/01/24T06:08:29z: p:1018.23 gasR:996351.25 iaq:84.25(0) T:12.21(17.81) H:46.87(33.08) sIaq:127.40(0) Stabilization:1 Run in:0
 0h00:42.107 2025/01/24T06:08:29z: DATA B(14),53,46,33,1018.23,0.03,26352,-47,42,16,19,20,16,19,20,66,66,2364,680,68,2,0,0,127.40
 0h00:43.010 2025/01/24T06:08:30z: DATA B(15),53,46,33,1018.23,0.03,26352,-47,43,16,20,20,16,20,20,68,68,2370,686,70,5,0,0,127.40
 0h00:43.030 2025/01/24T06:08:30z: p:1018.24 gasR:990568.31 iaq:84.26(0) T:12.23(17.83) H:46.80(33.05) sIaq:127.41(0) Stabilization:1 Run in:0
 0h00:44.030 2025/01/24T06:08:31z: p:1018.25 gasR:994174.75 iaq:84.26(0) T:12.25(17.85) H:46.75(33.02) sIaq:127.42(0) Stabilization:1 Run in:0
 0h00:45.030 2025/01/24T06:08:32z: p:1018.24 gasR:989850.19 iaq:84.26(0) T:12.27(17.87) H:46.72(32.99) sIaq:127.43(0) Stabilization:1 Run in:0
 0h00:45.449 2025/01/24T06:08:32z: DATA A(17),54,46,34,1018.24,0.03,26352,-46,45,14,19,20,14,19,20,66,66,2220,622,94,4,1,0,127.43
 0h00:46.030 2025/01/24T06:08:33z: p:1018.25 gasR:986275.00 iaq:84.27(0) T:12.28(17.88) H:46.69(32.97) sIaq:127.44(0) Stabilization:1 Run in:0
 0h00:46.285 2025/01/24T06:08:33z: DATA A(18),54,46,34,1018.25,0.02,26352,-47,46,14,19,20,14,19,20,66,66,2220,622,94,4,1,0,127.44
 0h00:47.030 2025/01/24T06:08:34z: p:1018.23 gasR:991287.50 iaq:84.27(0) T:12.30(17.90) H:46.67(32.97) sIaq:127.45(0) Stabilization:1 Run in:0
 0h00:47.192 2025/01/24T06:08:34z: DATA A(19),54,46,34,1018.23,0.02,26352,-48,47,13,19,20,13,19,20,66,66,2130,606,90,3,1,0,127.45
 0h00:48.028 2025/01/24T06:08:35z: DATA A(20),54,46,34,1018.23,0.02,26352,-48,48,13,19,20,13,19,20,66,66,2130,606,90,3,1,0,127.45
 0h00:48.048 2025/01/24T06:08:35z: p:1018.24 gasR:989850.19 iaq:84.28(0) T:12.44(17.92) H:46.27(32.95) sIaq:127.46(0) Stabilization:1 Run in:0
 0h00:49.047 2025/01/24T06:08:36z: p:1018.25 gasR:990568.31 iaq:84.28(0) T:12.23(17.83) H:46.89(32.92) sIaq:127.47(0) Stabilization:1 Run in:0
 0h00:49.810 2025/01/24T06:08:37z: DATA B(16),54,46,34,1018.25,0.03,26352,-48,49,16,19,20,16,19,20,66,66,2346,678,74,5,0,0,127.47
 0h00:50.047 2025/01/24T06:08:37z: p:1018.24 gasR:994174.75 iaq:84.29(0) T:12.32(17.93) H:46.64(32.91) sIaq:127.48(0) Stabilization:1 Run in:0
 0h00:50.714 2025/01/24T06:08:38z: DATA B(17),54,46,34,1018.24,0.03,26352,-48,50,16,21,23,16,21,23,70,70,2448,710,88,8,1,1,127.48
 0h00:51.048 2025/01/24T06:08:38z: p:1018.24 gasR:984852.12 iaq:84.29(0) T:12.35(17.95) H:46.59(32.90) sIaq:127.50(0) Stabilization:1 Run in:0
 0h00:51.546 2025/01/24T06:08:38z: DATA B(18),54,46,33,1018.24,0.03,26352,-47,51,16,21,23,16,21,23,70,70,2448,710,88,8,1,1,127.50
 0h00:52.047 2025/01/24T06:08:39z: p:1018.24 gasR:992007.75 iaq:84.30(0) T:12.36(17.96) H:46.56(32.88) sIaq:127.51(0) Stabilization:1 Run in:0
 0h00:52.378 2025/01/24T06:08:39z: DATA B(19),54,46,33,1018.24,0.02,26352,-47,52,16,21,23,16,21,23,70,70,2448,710,88,8,1,1,127.51
 0h00:53.047 2025/01/24T06:08:40z: p:1018.25 gasR:991287.50 iaq:84.31(0) T:12.38(17.99) H:46.56(32.89) sIaq:127.52(0) Stabilization:1 Run in:0
 0h00:53.281 2025/01/24T06:08:40z: DATA B(20),54,46,33,1018.25,0.02,26352,-47,53,16,21,23,16,21,23,70,70,2490,730,90,7,1,1,127.52
 0h00:54.047 2025/01/24T06:08:41z: p:1018.25 gasR:997807.56 iaq:84.31(0) T:12.39(17.99) H:46.56(32.88) sIaq:127.53(0) Stabilization:1 Run in:0
 0h00:54.929 2025/01/24T06:08:42z: DATA A(21),54,46,33,1018.25,0.03,26352,-48,54,13,19,19,13,19,19,66,66,2148,600,76,4,1,0,127.53
 0h00:55.047 2025/01/24T06:08:42z: p:1018.25 gasR:989133.06 iaq:84.32(0) T:12.41(18.01) H:46.52(32.86) sIaq:127.55(0) Stabilization:1 Run in:0
 0h00:55.765 2025/01/24T06:08:43z: DATA A(22),54,46,33,1018.25,0.03,26352,-47,55,13,19,19,13,19,19,66,66,2148,600,76,4,1,0,127.55
 0h00:56.048 2025/01/24T06:08:43z: p:1018.24 gasR:993451.38 iaq:84.32(0) T:12.42(18.02) H:46.52(32.85) sIaq:127.56(0) Stabilization:1 Run in:0
 0h00:56.601 2025/01/24T06:08:44z: DATA A(23),54,46,33,1018.24,0.03,26352,-47,56,13,19,19,13,19,19,66,66,2148,600,76,4,1,0,127.56
 0h00:57.047 2025/01/24T06:08:44z: p:1018.25 gasR:989133.06 iaq:84.33(0) T:12.43(18.03) H:46.54(32.86) sIaq:127.57(0) Stabilization:1 Run in:0
 0h00:57.508 2025/01/24T06:08:44z: DATA A(24),54,46,33,1018.25,0.03,26352,-47,57,13,18,19,13,18,19,64,64,2154,606,66,3,1,0,127.57
 0h00:58.047 2025/01/24T06:08:45z: p:1018.25 gasR:989850.19 iaq:84.33(0) T:12.44(18.04) H:46.56(32.86) sIaq:127.59(0) Stabilization:1 Run in:0
 0h00:58.344 2025/01/24T06:08:45z: DATA A(25),54,46,33,1018.25,0.02,26352,-47,58,13,18,19,13,18,19,64,64,2154,606,66,3,1,0,127.59
 0h00:59.047 2025/01/24T06:08:46z: p:1018.27 gasR:987701.94 iaq:84.34(0) T:12.46(18.06) H:46.53(32.84) sIaq:127.61(0) Stabilization:1 Run in:0
 0h01:00.048 2025/01/24T06:08:47z: p:1018.26 gasR:997078.88 iaq:84.35(0) T:12.47(18.07) H:46.55(32.84) sIaq:127.62(0) Stabilization:1 Run in:0
 0h01:00.081 2025/01/24T06:08:47z: DATA B(21),54,46,33,1018.26,0.03,26352,-47,60,16,21,23,16,21,23,70,70,2424,716,76,7,1,1,127.62
 0h01:00.984 2025/01/24T06:08:48z: DATA B(22),54,46,33,1018.26,0.02,26352,-47,60,16,21,23,16,21,23,70,70,2382,702,78,8,1,1,127.62
 0h01:01.047 2025/01/24T06:08:48z: p:1018.25 gasR:977799.00 iaq:84.36(0) T:12.47(18.07) H:46.54(32.82) sIaq:127.64(0) Stabilization:1 Run in:0
 0h01:01.816 2025/01/24T06:08:49z: DATA B(23),54,46,33,1018.25,0.02,26352,-47,61,16,21,23,16,21,23,70,70,2382,702,78,8,1,1,127.64
 0h01:02.047 2025/01/24T06:08:49z: p:1018.24 gasR:984142.25 iaq:84.37(0) T:12.48(18.08) H:46.54(32.81) sIaq:127.66(0) Stabilization:1 Run in:0
 0h01:02.649 2025/01/24T06:08:50z: DATA B(24),54,46,33,1018.24,0.03,26352,-47,62,16,21,23,16,21,23,70,70,2382,702,78,8,1,1,127.66
 0h01:03.048 2025/01/24T06:08:50z: p:1018.27 gasR:983433.38 iaq:84.37(0) T:12.49(18.09) H:46.56(32.83) sIaq:127.68(0) Stabilization:1 Run in:0
 0h01:03.552 2025/01/24T06:08:50z: DATA B(25),54,46,33,1018.27,0.02,26352,-47,63,15,20,23,15,20,23,68,68,2316,676,82,9,2,1,127.68
 0h01:04.048 2025/01/24T06:08:51z: p:1018.26 gasR:984852.12 iaq:84.38(0) T:12.51(18.11) H:46.54(32.81) sIaq:127.70(0) Stabilization:1 Run in:0
 0h01:05.048 2025/01/24T06:08:52z: p:1018.24 gasR:986275.00 iaq:84.39(0) T:12.51(18.11) H:46.56(32.81) sIaq:127.72(0) Stabilization:1 Run in:0
 0h01:05.246 2025/01/24T06:08:52z: DATA A(26),54,46,33,1018.24,0.03,26352,-47,65,14,19,20,14,19,20,66,66,2274,646,68,3,1,0,127.72
 0h01:06.048 2025/01/24T06:08:53z: p:1018.24 gasR:988417.00 iaq:84.40(0) T:12.52(18.12) H:46.57(32.81) sIaq:127.73(0) Stabilization:1 Run in:0
 0h01:06.153 2025/01/24T06:08:53z: DATA A(27),54,46,33,1018.24,0.03,26352,-47,66,16,22,24,16,22,24,72,72,2418,690,76,8,2,0,127.73
 0h01:07.048 2025/01/24T06:08:54z: p:1018.26 gasR:986275.00 iaq:84.41(0) T:12.53(18.13) H:46.55(32.79) sIaq:127.75(0) Stabilization:1 Run in:0
 0h01:07.065 2025/01/24T06:08:54z: DATA A(28),54,46,33,1018.26,0.03,26352,-47,67,17,24,28,17,24,28,77,77,2532,732,90,13,3,0,127.75
 0h01:07.968 2025/01/24T06:08:55z: DATA A(29),54,46,33,1018.26,0.03,26352,-47,67,17,24,29,17,24,29,77,77,2622,756,88,16,4,0,127.75
 0h01:08.048 2025/01/24T06:08:55z: p:1018.28 gasR:984852.12 iaq:84.42(0) T:12.54(18.14) H:46.59(32.81) sIaq:127.77(0) Stabilization:1 Run in:0
 0h01:08.875 2025/01/24T06:08:56z: DATA A(30),54,46,33,1018.28,0.03,26352,-47,68,18,23,30,18,23,30,74,74,2628,756,88,18,4,1,127.77
 0h01:09.047 2025/01/24T06:08:56z: p:1018.25 gasR:982018.69 iaq:84.43(0) T:12.55(18.15) H:46.57(32.81) sIaq:127.80(0) Stabilization:1 Run in:0
 0h01:10.047 2025/01/24T06:08:57z: p:1018.27 gasR:986275.00 iaq:84.44(0) T:12.55(18.15) H:46.58(32.79) sIaq:127.82(0) Stabilization:1 Run in:0
 0h01:10.352 2025/01/24T06:08:57z: DATA B(26),54,46,33,1018.27,0.03,26352,-47,70,14,19,21,14,19,21,66,66,2154,638,78,6,3,1,127.82
 0h01:11.048 2025/01/24T06:08:58z: p:1018.25 gasR:982018.69 iaq:84.45(0) T:12.56(18.16) H:46.63(32.82) sIaq:127.84(0) Stabilization:1 Run in:0
 0h01:11.255 2025/01/24T06:08:58z: DATA B(27),54,46,34,1018.25,0.02,26352,-47,71,14,17,21,14,17,21,62,62,2106,616,76,6,3,1,127.84
 0h01:12.048 2025/01/24T06:08:59z: p:1018.29 gasR:974310.19 iaq:84.46(0) T:12.56(18.16) H:46.61(32.80) sIaq:127.87(0) Stabilization:1 Run in:0
 0h01:12.087 2025/01/24T06:08:59z: DATA B(28),54,46,34,1018.29,0.02,26352,-47,72,14,17,21,14,17,21,62,62,2106,616,76,6,3,1,127.87
 0h01:12.920 2025/01/24T06:09:00z: DATA B(29),54,46,34,1018.29,0.03,26352,-47,72,14,17,21,14,17,21,62,62,2106,616,76,6,3,1,127.87
 0h01:13.047 2025/01/24T06:09:00z: p:1018.25 gasR:982018.69 iaq:84.47(0) T:12.56(18.17) H:46.63(32.79) sIaq:127.89(0) Stabilization:1 Run in:0
 0h01:13.823 2025/01/24T06:09:01z: DATA B(30),54,46,34,1018.25,0.02,26352,-47,73,14,17,21,14,17,21,62,62,2082,604,68,6,3,1,127.89
 0h01:14.048 2025/01/24T06:09:01z: p:1018.28 gasR:973615.38 iaq:84.48(0) T:12.58(18.18) H:46.62(32.80) sIaq:127.93(0) Stabilization:1 Run in:0
 0h01:15.047 2025/01/24T06:09:02z: p:1018.27 gasR:978499.75 iaq:84.50(0) T:12.59(18.19) H:46.62(32.79) sIaq:127.95(0) Stabilization:1 Run in:0
 0h01:16.048 2025/01/24T06:09:03z: p:1018.26 gasR:983433.38 iaq:84.51(0) T:12.59(18.19) H:46.62(32.78) sIaq:127.97(0) Stabilization:1 Run in:0
 0h01:16.133 2025/01/24T06:09:03z: DATA A(31),54,46,34,1018.26,0.02,26352,-47,76,17,22,29,17,22,29,72,72,2484,700,102,22,3,1,127.97
 0h01:16.969 2025/01/24T06:09:04z: DATA A(32),54,46,34,1018.26,0.03,26352,-47,76,17,22,29,17,22,29,72,72,2484,700,102,22,3,1,127.97
 0h01:17.048 2025/01/24T06:09:04z: p:1018.26 gasR:981312.88 iaq:84.52(0) T:12.60(18.20) H:46.63(32.78) sIaq:128.00(0) Stabilization:1 Run in:0
 0h01:17.805 2025/01/24T06:09:05z: DATA A(33),54,46,34,1018.26,0.03,26352,-47,77,17,22,29,17,22,29,72,72,2484,700,102,22,3,1,128.00
 0h01:18.047 2025/01/24T06:09:05z: p:1018.25 gasR:985563.06 iaq:84.52(0) T:12.61(18.21) H:46.61(32.78) sIaq:128.02(0) Stabilization:1 Run in:0
 0h01:18.712 2025/01/24T06:09:06z: DATA A(34),54,46,34,1018.25,0.03,26352,-48,78,17,22,29,17,22,29,72,72,2496,694,102,20,3,1,128.02
 0h01:19.047 2025/01/24T06:09:06z: p:1018.28 gasR:982018.69 iaq:84.54(0) T:12.62(18.23) H:46.58(32.77) sIaq:128.04(0) Stabilization:1 Run in:0
 0h01:20.048 2025/01/24T06:09:07z: p:1018.27 gasR:982018.69 iaq:84.55(0) T:12.62(18.22) H:46.62(32.78) sIaq:128.07(0) Stabilization:1 Run in:0
 0h01:20.623 2025/01/24T06:09:08z: DATA B(31),54,46,34,1018.27,0.02,26352,-48,80,14,17,20,14,17,20,62,62,2010,594,60,6,2,0,128.07
 0h01:21.047 2025/01/24T06:09:08z: p:1018.28 gasR:976400.50 iaq:84.56(0) T:12.62(18.23) H:46.63(32.77) sIaq:128.10(0) Stabilization:1 Run in:0
 0h01:21.527 2025/01/24T06:09:08z: DATA B(32),54,46,34,1018.28,0.03,26352,-47,81,14,19,21,14,19,21,66,66,2118,624,80,7,2,0,128.10
 0h01:22.047 2025/01/24T06:09:09z: p:1018.25 gasR:979904.31 iaq:84.57(0) T:12.63(18.24) H:46.63(32.77) sIaq:128.13(0) Stabilization:1 Run in:0
 0h01:22.359 2025/01/24T06:09:09z: DATA B(33),54,46,34,1018.25,0.03,26352,-47,82,14,19,21,14,19,21,66,66,2118,624,80,7,2,0,128.13
 0h01:23.047 2025/01/24T06:09:10z: p:1018.26 gasR:975005.94 iaq:84.59(0) T:12.64(18.25) H:46.61(32.76) sIaq:128.16(0) Stabilization:1 Run in:0
 0h01:23.191 2025/01/24T06:09:10z: DATA B(34),54,46,34,1018.26,0.02,26352,-47,83,14,19,21,14,19,21,66,66,2118,624,80,7,2,0,128.16
 0h01:24.047 2025/01/24T06:09:11z: p:1018.27 gasR:979904.31 iaq:84.60(0) T:12.65(18.25) H:46.63(32.77) sIaq:128.19(0) Stabilization:1 Run in:0
 0h01:24.094 2025/01/24T06:09:11z: DATA B(35),54,46,34,1018.27,0.03,26352,-47,84,15,20,22,15,20,22,68,68,2166,638,96,8,3,0,128.19
 0h01:25.047 2025/01/24T06:09:12z: p:1018.26 gasR:986987.94 iaq:84.61(0) T:12.66(18.26) H:46.61(32.76) sIaq:128.21(0) Stabilization:1 Run in:0
 0h01:25.543 2025/01/24T06:09:12z: DATA A(35),54,46,34,1018.26,0.03,26352,-47,85,16,22,27,16,22,27,72,72,2376,670,96,16,2,0,128.21
 0h01:26.048 2025/01/24T06:09:13z: p:1018.29 gasR:975005.94 iaq:84.62(0) T:12.67(18.27) H:46.59(32.75) sIaq:128.24(0) Stabilization:1 Run in:0
 0h01:26.450 2025/01/24T06:09:13z: DATA A(36),54,46,33,1018.29,0.02,26352,-47,86,16,22,25,16,22,25,72,72,2370,672,92,14,2,0,128.24
 0h01:27.047 2025/01/24T06:09:14z: p:1018.26 gasR:972228.81 iaq:84.64(0) T:12.67(18.27) H:46.63(32.76) sIaq:128.28(0) Stabilization:1 Run in:0
 0h01:27.286 2025/01/24T06:09:14z: DATA A(37),54,46,34,1018.26,0.02,26352,-47,87,16,22,25,16,22,25,72,72,2370,672,92,14,2,0,128.28
 0h01:28.047 2025/01/24T06:09:15z: p:1018.28 gasR:977099.25 iaq:84.65(0) T:12.68(18.28) H:46.63(32.77) sIaq:128.31(0) Stabilization:1 Run in:0
 0h01:28.122 2025/01/24T06:09:15z: DATA A(38),54,46,34,1018.28,0.03,26352,-48,88,15,22,25,15,22,25,72,72,2370,672,92,14,2,0,128.31
 0h01:29.029 2025/01/24T06:09:16z: DATA A(39),54,46,34,1018.28,0.03,26352,-48,89,17,22,27,17,22,27,72,72,2418,690,92,12,3,0,128.31
 0h01:29.049 2025/01/24T06:09:16z: p:1018.25 gasR:979904.31 iaq:84.67(0) T:12.68(18.28) H:46.62(32.75) sIaq:128.34(0) Stabilization:1 Run in:0
 0h01:30.049 2025/01/24T06:09:17z: p:1018.28 gasR:977799.00 iaq:84.68(0) T:12.67(18.27) H:46.65(32.74) sIaq:128.37(0) Stabilization:1 Run in:0
 0h01:30.895 2025/01/24T06:09:18z: DATA B(36),54,46,34,1018.28,0.02,26352,-48,90,15,21,23,15,21,23,70,70,2214,648,104,7,3,0,128.37
 0h01:31.048 2025/01/24T06:09:18z: p:1018.26 gasR:979201.50 iaq:84.69(0) T:12.69(18.29) H:46.64(32.75) sIaq:128.40(0) Stabilization:1 Run in:0
 0h01:31.798 2025/01/24T06:09:19z: DATA B(37),54,46,34,1018.26,0.03,26352,-48,91,15,21,22,15,21,22,70,70,2220,644,102,6,2,0,128.40
 0h01:32.048 2025/01/24T06:09:19z: p:1018.27 gasR:974310.19 iaq:84.71(0) T:12.69(18.29) H:46.66(32.75) sIaq:128.44(0) Stabilization:1 Run in:0
 0h01:32.630 2025/01/24T06:09:20z: DATA B(38),54,46,34,1018.27,0.03,26352,-48,92,15,21,22,15,21,22,70,70,2220,644,102,6,2,0,128.44
 0h01:33.048 2025/01/24T06:09:20z: p:1018.28 gasR:976400.50 iaq:84.72(0) T:12.69(18.30) H:46.64(32.74) sIaq:128.47(0) Stabilization:1 Run in:0
 0h01:33.462 2025/01/24T06:09:20z: DATA B(39),54,46,34,1018.28,0.03,26352,-48,93,15,21,22,15,21,22,70,70,2220,644,102,6,2,0,128.47
 0h01:34.048 2025/01/24T06:09:21z: p:1018.25 gasR:975005.94 iaq:84.74(0) T:12.69(18.29) H:46.65(32.73) sIaq:128.51(0) Stabilization:1 Run in:0
 0h01:34.366 2025/01/24T06:09:21z: DATA B(40),54,46,34,1018.25,0.02,26352,-48,94,15,21,23,15,21,23,70,70,2298,668,98,9,2,0,128.51
 0h01:35.048 2025/01/24T06:09:22z: p:1018.28 gasR:975005.94 iaq:84.76(0) T:12.69(18.30) H:46.66(32.73) sIaq:128.54(0) Stabilization:1 Run in:0
 0h01:35.860 2025/01/24T06:09:23z: DATA A(40),54,46,34,1018.28,0.03,26352,-46,95,17,24,27,17,24,27,77,77,2556,732,106,9,2,0,128.54
 0h01:36.048 2025/01/24T06:09:23z: p:1018.26 gasR:977799.00 iaq:84.77(0) T:12.69(18.29) H:46.68(32.72) sIaq:128.57(0) Stabilization:1 Run in:0
 0h01:36.767 2025/01/24T06:09:24z: DATA A(41),54,46,34,1018.26,0.03,26352,-46,96,17,23,25,17,23,25,74,74,2520,730,98,8,2,0,128.57
 0h01:37.048 2025/01/24T06:09:24z: p:1018.25 gasR:982725.50 iaq:84.78(0) T:12.68(18.28) H:46.70(32.72) sIaq:128.60(0) Stabilization:1 Run in:0
 0h01:37.603 2025/01/24T06:09:25z: DATA A(42),54,46,34,1018.25,0.03,26352,-47,97,17,23,25,17,23,25,74,74,2520,730,98,8,2,0,128.60
 0h01:38.048 2025/01/24T06:09:25z: p:1018.27 gasR:977799.00 iaq:84.79(0) T:12.69(18.29) H:46.70(32.72) sIaq:128.63(0) Stabilization:1 Run in:0
 0h01:38.439 2025/01/24T06:09:25z: DATA A(43),54,46,34,1018.27,0.03,26352,-47,98,17,23,25,17,23,25,74,74,2520,730,98,8,2,0,128.63
 0h01:39.048 2025/01/24T06:09:26z: p:1018.26 gasR:977099.25 iaq:84.81(0) T:12.69(18.29) H:46.66(32.69) sIaq:128.66(0) Stabilization:1 Run in:0
 0h01:39.346 2025/01/24T06:09:26z: DATA A(44),54,46,34,1018.26,0.03,26352,-47,99,18,25,27,18,25,27,79,79,2586,746,102,8,2,0,128.66
 0h01:40.048 2025/01/24T06:09:27z: p:1018.26 gasR:977099.25 iaq:84.82(0) T:12.68(18.29) H:46.71(32.71) sIaq:128.70(0) Stabilization:1 Run in:0
 0h01:41.049 2025/01/24T06:09:28z: p:1018.28 gasR:975702.69 iaq:84.84(0) T:12.69(18.29) H:46.69(32.69) sIaq:128.74(0) Stabilization:1 Run in:0
 0h01:41.165 2025/01/24T06:09:28z: DATA B(41),54,46,34,1018.28,0.02,26352,-46,101,15,21,23,15,21,23,70,70,2202,654,98,9,2,0,128.74
 0h01:42.049 2025/01/24T06:09:29z: p:1018.26 gasR:974310.19 iaq:84.86(0) T:12.68(18.28) H:46.72(32.69) sIaq:128.78(0) Stabilization:1 Run in:0
 0h01:42.069 2025/01/24T06:09:29z: DATA B(42),54,46,34,1018.26,0.03,26352,-47,102,15,21,23,15,21,23,70,70,2244,658,100,10,3,1,128.78
 0h01:42.901 2025/01/24T06:09:30z: DATA B(43),54,46,34,1018.26,0.03,26352,-47,102,15,21,23,15,21,23,70,70,2244,658,100,10,3,1,128.78
{"SensorId":"48:3f:da:26:d5:2a","DateTime":"2025/01/24T06:09:30z","Geo":"PurpleAir-d52a","Mem":26352,"memfrag":2,"memfb":25968,"memcs":800,"Id":1,"lat":0.000000,"lon":0.000000,"Adc":"nan","loggingrate":15,"place":"outside","version":"7.04","uptime":103,"rssi":-47,"period":102,"httpsuccess":0,"httpsends":0,"hardwareversion":"3.0","hardwarediscovered":"3.0+RV3028+BME68X+PMSX003-A+PMSX003-B","current_temp_f":54,"current_humidity":46,"current_dewpoint_f":34,"pressure":1018.26,"current_temp_f_680":54,"current_humidity_680":46,"current_dewpoint_f_680":34,"pressure_680":1018.26,"gas_680":"nan","p25aqic_b":"rgb(255,249,0)","pm2.5_aqi_b":68,"pm1_0_cf_1_b":15.81,"p_0_3_um_b":2327.44,"pm2_5_cf_1_b":20.09,"p_0_5_um_b":684.79,"pm10_0_cf_1_b":22.26,"p_1_0_um_b":85.72,"pm1_0_atm_b":15.81,"p_2_5_um_b":6.40,"pm2_5_atm_b":20.09,"p_5_0_um_b":1.49,"pm10_0_atm_b":22.26,"p_10_0_um_b":0.37,"p25aqic":"rgb(255,245,0)","pm2.5_aqi":71,"pm1_0_cf_1":16.00,"p_0_3_um":2396.86,"pm2_5_cf_1":21.43,"p_0_5_um":683.68,"pm10_0_cf_1":23.66,"p_1_0_um":90.14,"pm1_0_atm":16.00,"p_2_5_um":8.36,"pm2_5_atm":21.43,"p_5_0_um":1.77,"pm10_0_atm":23.66,"p_10_0_um":0.11,"wlstate":"Failed","status_0":0,"status_1":0,"status_2":0,"status_3":0,"status_4":2,"status_5":2,"status_7":0,"status_8":2,"status_9":2}
 0h01:43.157 2025/01/24T06:09:30z: update.purpleair.com:80/firmware/2mb/update.asp
 0h01:43.163 2025/01/24T06:09:30z: Error: -1
1 BSEC warning code : 100

UTCDateTime,mac_address,firmware_ver,hardware,current_temp_f,current_humidity,current_dewpoint_f,pressure,adc,mem,rssi,uptime,pm1_0_cf_1,pm2_5_cf_1,pm10_0_cf_1,pm1_0_atm,pm2_5_atm,pm10_0_atm,pm2.5_aqi_cf_1,pm2.5_aqi_atm,p_0_3_um,p_0_5_um,p_1_0_um,p_2_5_um,p_5_0_um,p_10_0_um,pm1_0_cf_1_b,pm2_5_cf_1_b,pm10_0_cf_1_b,pm1_0_atm_b,pm2_5_atm_b,pm10_0_atm_b,pm2.5_aqi_cf_1_b,pm2.5_aqi_atm_b,p_0_3_um_b,p_0_5_um_b,p_1_0_um_b,p_2_5_um_b,p_5_0_um_b,p_10_0_um_b,gas
2025/01/24T06:09:30z,48:3f:da:26:d5:2a,7.04,3.0+RV3028+BME68X+PMSX003-A+PMSX003-B,54,46,34,1018.26,nan,26352,-47,103,16.00,21.43,23.66,16.00,21.43,23.66,71,71,2396.86,683.68,90.14,8.36,1.77,0.11,15.81,20.09,22.26,15.81,20.09,22.26,68,68,2327.44,684.79,85.72,6.40,1.49,0.37,nan