
1 BSEC warning code : 100

1 BSEC warning code : 100

1 BSEC warning code : 100

1 BSEC warning code : 100

1 BSEC warning code : 100

1 BSEC warning code : 100

 ets Jan  8 2013,rst cause:1, boot mode:(3,6)

load 0x4010f000, len 1384, room 16 
tail 8
chksum 0x2d
csum 0x2d
v8b899c12
~ld


7.04
 0h00:00.279 1970/01/01T08:00:00z: SPIFFS Active
 0h00:03.953 2026/02/18T00:10:44z: 48:3f:da:26:d5:2a
 0h00:03.954 2026/02/18T00:10:44z: SSID: VALIS
1 BSEC warning code : 100

1 BSEC warning code : 100

1 BSEC warning code : 100

1 BSEC warning code : 100

1 BSEC warning code : 100

1 BSEC warning code : 100

1 BSEC warning code : 100

1 BSEC warning code : 100

1 BSEC warning code : 100

1 BSEC warning code : 100

 ets Jan  8 2013,rst cause:1, boot mode:(3,6)

load 0x4010f000, len 1384, room 16 
tail 8
chksum 0x2d
csum 0x2d
v8b899c12
~ld


7.04
 0h00:00.280 1970/01/01T08:00:00z: SPIFFS Active
 0h00:03.954 2026/02/18T00:30:30z: 48:3f:da:26:d5:2a
 0h00:03.955 2026/02/18T00:30:30z: SSID: VALIS
1 BSEC warning code : 100

1 BSEC warning code : 100

1 BSEC warning code : 100

1 BSEC warning code : 100

1 BSEC warning code : 100

1 BSEC warning code : 100

1 BSEC warning code : 100

1 BSEC warning code : 100

1 BSEC warning code : 100

1 BSEC warning code : 100

 ets Jan  8 2013,rst cause:1, boot mode:(3,6)

load 0x4010f000, len 1384, room 16 
tail 8
chksum 0x2d
csum 0x2d
v8b899c12
~ld


7.04
 0h00:00.278 1970/01/01T08:00:00z: SPIFFS Active
 0h00:03.952 2026/02/18T00:50:15z: 48:3f:da:26:d5:2a
 0h00:03.954 2026/02/18T00:50:15z: SSID: VALIS
1 BSEC warning code : 100

1 BSEC warning code : 100

1 BSEC warning code : 100

1 BSEC warning code : 100

1 BSEC warning code : 100

1 BSEC warning code : 100

1 BSEC warning code : 100

1 BSEC warning code : 100

1 BSEC warning code : 100

1 BSEC warning code : 100

 ets Jan  8 2013,rst cause:1, boot mode:(3,6)

load 0x4010f000, len 1384, room 16 
tail 8
chksum 0x2d
csum 0x2d
v8b899c12
~ld


7.04
 0h00:00.282 1970/01/01T08:00:00z: SPIFFS Active
 0h00:03.955 2026/02/18T01:10:01z: 48:3f:da:26:d5:2a
 0h00:03.957 2026/02/18T01:10:01z: SSID: VALIS
 0h00:12.653 2026/02/18T01:10:09z: PMSX003-A (1699ms)
 0h00:14.009 2026/02/18T01:10:11z: PMSX003-B (1355ms)
 0h00:14.010 2026/02/18T01:10:11z: 3.0+RV3028+BME68X+PMSX003-A+PMSX003-B
 0h00:15.026 2026/02/18T01:10:12z: p:987.97 gasR:4542279.00 iaq:61.29(0) T:7.14(10.14) H:69.54(38.12) sIaq:93.60(0) Stabilization:1 Run in:0
 0h00:15.245 2026/02/18T01:10:12z: DATA A(2),44,69,34,987.97,0.02,26448,-47,15,2,3,4,2,3,4,13,13,564,156,13,3,1,0,93.60
 0h00:16.026 2026/02/18T01:10:13z: p:988.06 gasR:4534735.50 iaq:61.29(0) T:8.13(13.73) H:65.57(38.91) sIaq:93.60(0) Stabilization:1 Run in:0
 0h00:16.151 2026/02/18T01:10:13z: DATA A(3),46,65,35,988.06,0.03,26448,-48,16,2,2,2,2,2,2,8,8,498,140,10,0,0,0,93.60
 0h00:16.987 2026/02/18T01:10:14z: DATA A(4),46,65,35,988.06,0.02,26448,-48,16,2,2,2,2,2,2,8,8,498,140,10,0,0,0,93.60
 0h00:17.026 2026/02/18T01:10:14z: p:988.10 gasR:4538504.00 iaq:61.29(0) T:9.00(14.61) H:61.74(39.16) sIaq:93.60(0) Stabilization:1 Run in:0
 0h00:17.823 2026/02/18T01:10:15z: DATA A(5),48,61,35,988.10,0.03,26448,-48,17,2,2,2,2,2,2,8,8,498,140,10,0,0,0,93.60
 0h00:18.026 2026/02/18T01:10:15z: p:988.12 gasR:4549847.50 iaq:61.29(0) T:9.37(14.97) H:60.04(39.21) sIaq:93.60(0) Stabilization:1 Run in:0
 0h00:18.730 2026/02/18T01:10:16z: DATA A(6),48,60,34,988.12,0.03,26448,-48,18,2,2,2,2,2,2,8,8,498,140,10,0,0,0,93.60
 0h00:19.026 2026/02/18T01:10:16z: p:988.13 gasR:4523467.50 iaq:61.29(0) T:9.57(15.17) H:58.96(39.16) sIaq:93.60(0) Stabilization:1 Run in:0
 0h00:20.026 2026/02/18T01:10:17z: p:988.14 gasR:4580374.50 iaq:61.29(0) T:9.71(15.31) H:58.09(39.04) sIaq:93.60(0) Stabilization:1 Run in:0
 0h00:20.820 2026/02/18T01:10:18z: DATA B(2),49,58,34,988.14,0.03,26448,-48,20,1,2,2,1,2,2,8,8,414,112,8,1,0,0,93.60
 0h00:21.026 2026/02/18T01:10:18z: p:988.14 gasR:4588070.50 iaq:61.29(0) T:9.81(15.41) H:57.40(38.91) sIaq:93.60(0) Stabilization:1 Run in:0
 0h00:21.723 2026/02/18T01:10:19z: DATA B(3),49,57,34,988.14,0.03,26448,-48,21,1,1,1,1,1,1,4,4,366,96,7,1,0,0,93.60
 0h00:22.026 2026/02/18T01:10:19z: p:988.10 gasR:4588070.50 iaq:61.29(0) T:9.88(15.48) H:56.84(38.77) sIaq:93.60(0) Stabilization:1 Run in:0
 0h00:22.555 2026/02/18T01:10:19z: DATA B(4),49,56,34,988.10,0.03,26448,-48,22,1,1,1,1,1,1,4,4,366,96,7,1,0,0,93.60
 0h00:23.026 2026/02/18T01:10:20z: p:988.11 gasR:4615211.50 iaq:61.29(0) T:9.95(15.55) H:56.32(38.63) sIaq:93.60(0) Stabilization:1 Run in:0
 0h00:23.387 2026/02/18T01:10:20z: DATA B(5),49,56,34,988.11,0.03,26448,-48,23,1,1,1,1,1,1,4,4,366,96,7,1,0,0,93.60
 0h00:24.026 2026/02/18T01:10:21z: p:988.13 gasR:4603540.50 iaq:61.29(0) T:10.00(15.60) H:55.88(38.47) sIaq:93.60(0) Stabilization:1 Run in:0
 0h00:24.290 2026/02/18T01:10:21z: DATA B(6),49,55,33,988.13,0.03,26448,-51,24,1,1,1,1,1,1,4,4,348,94,6,1,0,0,93.60
 0h00:25.026 2026/02/18T01:10:22z: p:988.13 gasR:4584219.50 iaq:61.29(0) T:10.05(15.65) H:55.44(38.32) sIaq:93.60(0) Stabilization:1 Run in:0
 0h00:25.559 2026/02/18T01:10:22z: DATA A(7),50,55,34,988.13,0.02,26448,-47,25,2,2,2,2,2,2,8,8,426,118,9,0,0,0,93.60
 0h00:26.026 2026/02/18T01:10:23z: p:988.11 gasR:4638731.50 iaq:61.29(0) T:10.10(15.70) H:55.11(38.20) sIaq:93.60(0) Stabilization:1 Run in:0
 0h00:26.465 2026/02/18T01:10:23z: DATA A(8),50,55,34,988.11,0.03,26448,-47,26,1,1,1,1,1,1,4,4,366,100,4,0,0,0,93.60
 0h00:27.026 2026/02/18T01:10:24z: p:988.14 gasR:4591928.50 iaq:61.29(0) T:10.15(15.75) H:54.74(38.07) sIaq:93.60(0) Stabilization:1 Run in:0
 0h00:27.301 2026/02/18T01:10:24z: DATA A(9),50,54,34,988.14,0.03,26448,-47,27,1,1,1,1,1,1,4,4,366,100,4,0,0,0,93.60
 0h00:28.026 2026/02/18T01:10:25z: p:988.12 gasR:4611314.50 iaq:61.29(0) T:10.18(15.78) H:54.48(37.95) sIaq:93.61(0) Stabilization:1 Run in:0
 0h00:28.137 2026/02/18T01:10:25z: DATA A(10),50,54,34,988.12,0.02,26448,-47,28,1,1,1,1,1,1,4,4,366,100,4,0,0,0,93.61
 0h00:29.026 2026/02/18T01:10:26z: p:988.11 gasR:4634795.00 iaq:61.29(0) T:10.21(15.81) H:54.24(37.84) sIaq:93.61(0) Stabilization:1 Run in:0
 0h00:29.044 2026/02/18T01:10:26z: DATA A(11),50,54,34,988.11,0.02,26448,-48,29,1,1,1,1,1,1,4,4,354,96,3,0,0,0,93.61
 0h00:30.025 2026/02/18T01:10:27z: p:988.10 gasR:4615211.50 iaq:61.29(0) T:10.23(15.83) H:54.02(37.72) sIaq:93.61(0) Stabilization:1 Run in:0
 0h00:31.026 2026/02/18T01:10:28z: p:988.10 gasR:4630865.00 iaq:61.29(0) T:10.26(15.86) H:53.84(37.64) sIaq:93.61(0) Stabilization:1 Run in:0
 0h00:31.088 2026/02/18T01:10:28z: DATA B(7),50,53,33,988.10,0.03,26448,-48,31,1,1,1,1,1,1,4,4,312,88,7,1,0,0,93.61
 0h00:31.991 2026/02/18T01:10:29z: DATA B(8),50,53,33,988.10,0.02,26448,-48,31,1,1,1,1,1,1,4,4,312,88,6,1,0,0,93.61
 0h00:32.026 2026/02/18T01:10:29z: p:988.11 gasR:4611314.50 iaq:61.29(0) T:10.28(15.88) H:53.66(37.54) sIaq:93.61(0) Stabilization:1 Run in:0
 0h00:32.823 2026/02/18T01:10:30z: DATA B(9),50,53,33,988.11,0.02,26448,-48,32,1,1,1,1,1,1,4,4,312,88,6,1,0,0,93.61
 0h00:33.026 2026/02/18T01:10:30z: p:988.11 gasR:4626941.50 iaq:61.29(0) T:10.31(15.92) H:53.49(37.47) sIaq:93.61(0) Stabilization:1 Run in:0
 0h00:33.655 2026/02/18T01:10:30z: DATA B(10),50,53,33,988.11,0.03,26448,-48,33,1,1,1,1,1,1,4,4,312,88,6,1,0,0,93.61
 0h00:34.026 2026/02/18T01:10:31z: p:988.10 gasR:4654545.50 iaq:61.29(0) T:10.33(15.93) H:53.38(37.40) sIaq:93.61(0) Stabilization:1 Run in:0
 0h00:35.026 2026/02/18T01:10:32z: p:988.08 gasR:4654545.50 iaq:61.29(0) T:10.35(15.95) H:53.26(37.34) sIaq:93.61(0) Stabilization:1 Run in:0
 0h00:35.873 2026/02/18T01:10:33z: DATA A(12),50,53,33,988.08,0.03,26448,-47,35,1,1,1,1,1,1,4,4,273,71,1,0,0,0,93.61
 0h00:36.026 2026/02/18T01:10:33z: p:988.09 gasR:4642675.00 iaq:61.29(0) T:10.37(15.97) H:53.14(37.27) sIaq:93.61(0) Stabilization:1 Run in:0
 0h00:36.779 2026/02/18T01:10:34z: DATA A(13),50,53,33,988.09,0.03,26448,-47,36,0,0,0,0,0,0,0,0,225,55,1,0,0,0,93.61
 0h00:37.026 2026/02/18T01:10:34z: p:988.10 gasR:4650582.00 iaq:61.29(0) T:10.40(16.00) H:52.99(37.21) sIaq:93.61(0) Stabilization:1 Run in:0
 0h00:37.615 2026/02/18T01:10:34z: DATA A(14),50,52,33,988.10,0.03,26448,-47,37,0,0,0,0,0,0,0,0,225,55,1,0,0,0,93.61
 0h00:38.026 2026/02/18T01:10:35z: p:988.06 gasR:4619114.50 iaq:61.29(0) T:10.41(16.01) H:52.94(37.16) sIaq:93.61(0) Stabilization:1 Run in:0
 0h00:38.451 2026/02/18T01:10:35z: DATA A(15),50,52,33,988.06,0.03,26448,-47,38,0,0,0,0,0,0,0,0,225,55,1,0,0,0,93.61
 0h00:39.026 2026/02/18T01:10:36z: p:988.09 gasR:4662493.00 iaq:61.29(0) T:10.43(16.03) H:52.86(37.11) sIaq:93.61(0) Stabilization:1 Run in:0
 0h00:39.358 2026/02/18T01:10:36z: DATA A(16),50,52,33,988.09,0.02,26448,-48,39,0,0,0,0,0,0,0,0,195,51,1,0,0,0,93.61
 0h00:40.026 2026/02/18T01:10:37z: p:988.10 gasR:4658516.00 iaq:61.29(0) T:10.43(16.04) H:52.82(37.07) sIaq:93.61(0) Stabilization:1 Run in:0
 0h00:40.524 2026/02/18T01:10:37z: DATA B(11),50,52,33,988.10,0.03,26448,-48,40,1,1,1,1,1,1,4,4,282,80,3,1,0,0,93.61
 0h00:41.026 2026/02/18T01:10:38z: p:988.09 gasR:4674465.00 iaq:61.29(0) T:10.44(16.04) H:52.79(37.03) sIaq:93.61(0) Stabilization:1 Run in:0
 0h00:41.356 2026/02/18T01:10:38z: DATA B(12),50,52,33,988.09,0.02,26448,-48,41,1,1,1,1,1,1,4,4,282,80,3,1,0,0,93.61
 0h00:42.026 2026/02/18T01:10:39z: p:988.08 gasR:4666477.00 iaq:61.29(0) T:10.44(16.04) H:52.75(36.98) sIaq:93.61(0) Stabilization:1 Run in:0
 0h00:42.259 2026/02/18T01:10:39z: DATA B(13),50,52,33,988.08,0.03,26448,-47,42,1,1,1,1,1,1,4,4,246,71,2,0,0,0,93.61
 0h00:43.026 2026/02/18T01:10:40z: p:988.09 gasR:4666477.00 iaq:61.29(0) T:10.46(16.06) H:52.71(36.96) sIaq:93.61(0) Stabilization:1 Run in:0
 0h00:43.091 2026/02/18T01:10:40z: DATA B(14),50,52,33,988.09,0.02,26448,-48,43,1,1,1,1,1,1,4,4,246,71,2,0,0,0,93.61
 0h00:43.924 2026/02/18T01:10:41z: DATA B(15),50,52,33,988.09,0.03,26448,-48,43,1,1,1,1,1,1,4,4,246,71,2,0,0,0,93.61
 0h00:44.026 2026/02/18T01:10:41z: p:988.10 gasR:4682480.50 iaq:61.29(0) T:10.47(16.08) H:52.65(36.92) sIaq:93.61(0) Stabilization:1 Run in:0
 0h00:45.026 2026/02/18T01:10:42z: p:988.09 gasR:4706693.50 iaq:61.29(0) T:10.48(16.08) H:52.62(36.88) sIaq:93.61(0) Stabilization:1 Run in:0
 0h00:46.026 2026/02/18T01:10:43z: p:988.10 gasR:4686499.00 iaq:61.29(0) T:10.50(16.10) H:52.58(36.86) sIaq:93.61(0) Stabilization:1 Run in:0
 0h00:46.187 2026/02/18T01:10:43z: DATA A(17),50,52,33,988.10,0.03,26448,-47,46,0,0,0,0,0,0,0,0,213,61,1,0,0,0,93.61
 0h00:47.026 2026/02/18T01:10:44z: p:988.09 gasR:4686499.00 iaq:61.29(0) T:10.52(16.12) H:52.52(36.85) sIaq:93.61(0) Stabilization:1 Run in:0
 0h00:47.094 2026/02/18T01:10:44z: DATA A(18),50,52,33,988.09,0.03,26448,-47,47,0,0,0,0,0,0,0,0,177,51,1,0,0,0,93.61
 0h00:47.930 2026/02/18T01:10:45z: DATA A(19),50,52,33,988.09,0.03,26448,-47,47,0,0,0,0,0,0,0,0,177,51,1,0,0,0,93.61
 0h00:48.026 2026/02/18T01:10:45z: p:988.09 gasR:4702640.50 iaq:61.29(0) T:10.52(16.13) H:52.54(36.84) sIaq:93.60(0) Stabilization:1 Run in:0
 0h00:48.766 2026/02/18T01:10:46z: DATA A(20),50,52,33,988.09,0.03,26448,-48,48,0,0,0,0,0,0,0,0,177,51,1,0,0,0,93.60
 0h00:49.026 2026/02/18T01:10:46z: p:988.09 gasR:4686499.00 iaq:61.29(0) T:10.54(16.14) H:52.48(36.80) sIaq:93.60(0) Stabilization:1 Run in:0
 0h00:49.672 2026/02/18T01:10:46z: DATA A(21),50,52,33,988.09,0.03,26448,-48,49,0,0,0,0,0,0,0,0,201,57,2,0,0,0,93.60
 0h00:50.026 2026/02/18T01:10:47z: p:988.10 gasR:4686499.00 iaq:61.29(0) T:10.55(16.15) H:52.49(36.80) sIaq:93.60(0) Stabilization:1 Run in:0
 0h00:50.793 2026/02/18T01:10:48z: DATA B(16),50,52,33,988.10,0.03,26448,-48,50,0,0,0,0,0,0,0,0,210,63,2,0,0,0,93.60
 0h00:51.026 2026/02/18T01:10:48z: p:988.11 gasR:4698595.00 iaq:61.29(0) T:10.56(16.16) H:52.44(36.77) sIaq:93.59(0) Stabilization:1 Run in:0
 0h00:51.625 2026/02/18T01:10:48z: DATA B(17),51,52,34,988.11,0.02,26448,-48,51,0,0,0,0,0,0,0,0,210,63,2,0,0,0,93.59
 0h00:52.026 2026/02/18T01:10:49z: p:988.10 gasR:4714820.00 iaq:61.24(0) T:10.57(16.17) H:52.45(36.77) sIaq:93.39(0) Stabilization:1 Run in:0
 0h00:52.527 2026/02/18T01:10:49z: DATA B(18),51,52,34,988.10,0.02,26448,-48,52,0,0,0,0,0,0,0,0,216,65,2,0,0,0,93.39
 0h00:53.026 2026/02/18T01:10:50z: p:988.10 gasR:4718894.00 iaq:61.18(0) T:10.58(16.19) H:52.45(36.77) sIaq:93.18(0) Stabilization:1 Run in:0
 0h00:53.360 2026/02/18T01:10:50z: DATA B(19),51,52,34,988.10,0.02,26448,-48,53,0,0,0,0,0,0,0,0,216,65,2,0,0,0,93.18
 0h00:54.026 2026/02/18T01:10:51z: p:988.10 gasR:4710753.50 iaq:61.15(0) T:10.60(16.20) H:52.41(36.76) sIaq:93.04(0) Stabilization:1 Run in:0
 0h00:54.192 2026/02/18T01:10:51z: DATA B(20),51,52,34,988.10,0.03,26448,-48,54,0,0,0,0,0,0,0,0,216,65,2,0,0,0,93.04
 0h00:55.026 2026/02/18T01:10:52z: p:988.10 gasR:4698595.00 iaq:61.13(0) T:10.62(16.23) H:52.35(36.74) sIaq:92.97(0) Stabilization:1 Run in:0
 0h00:56.026 2026/02/18T01:10:53z: p:988.09 gasR:4764175.50 iaq:61.03(0) T:10.63(16.24) H:52.33(36.72) sIaq:92.59(0) Stabilization:1 Run in:0
 0h00:56.502 2026/02/18T01:10:53z: DATA A(22),51,52,34,988.09,0.03,26448,-47,56,0,0,0,0,0,0,0,0,201,57,3,0,0,0,92.59
 0h00:57.026 2026/02/18T01:10:54z: p:988.13 gasR:4706693.50 iaq:61.02(0) T:10.66(16.26) H:52.29(36.72) sIaq:92.54(0) Stabilization:1 Run in:0
 0h00:57.408 2026/02/18T01:10:54z: DATA A(23),51,52,34,988.13,0.03,26448,-47,57,0,0,0,0,0,0,0,0,201,57,3,0,0,0,92.54
 0h00:58.026 2026/02/18T01:10:55z: p:988.10 gasR:4710753.50 iaq:61.00(0) T:10.67(16.27) H:52.32(36.73) sIaq:92.46(0) Stabilization:1 Run in:0
 0h00:58.244 2026/02/18T01:10:55z: DATA A(24),51,52,34,988.10,0.02,26448,-47,58,0,0,0,0,0,0,0,0,201,57,3,0,0,0,92.46
 0h00:59.026 2026/02/18T01:10:56z: p:988.11 gasR:4706693.50 iaq:60.99(0) T:10.68(16.28) H:52.30(36.71) sIaq:92.42(0) Stabilization:1 Run in:0
 0h00:59.081 2026/02/18T01:10:56z: DATA A(25),51,52,34,988.11,0.03,26448,-47,59,0,0,0,0,0,0,0,0,201,57,3,0,0,0,92.42
 0h00:59.987 2026/02/18T01:10:57z: DATA A(26),51,52,34,988.11,0.02,26448,-47,59,0,0,0,0,0,0,0,0,228,66,3,0,0,0,92.42
 0h01:00.026 2026/02/18T01:10:57z: p:988.10 gasR:4755878.00 iaq:60.91(0) T:10.69(16.29) H:52.32(36.71) sIaq:92.13(0) Stabilization:1 Run in:0
 0h01:01.026 2026/02/18T01:10:58z: p:988.12 gasR:4722975.00 iaq:60.89(0) T:10.70(16.30) H:52.28(36.68) sIaq:92.04(0) Stabilization:1 Run in:0
 0h01:01.060 2026/02/18T01:10:58z: DATA B(21),51,52,34,988.12,0.03,26448,-47,61,0,0,0,0,0,0,0,0,168,51,1,0,0,0,92.04
 0h01:01.892 2026/02/18T01:10:59z: DATA B(22),51,52,34,988.12,0.03,26448,-47,61,0,0,0,0,0,0,0,0,168,51,1,0,0,0,92.04
 0h01:02.026 2026/02/18T01:10:59z: p:988.10 gasR:4747609.50 iaq:60.84(0) T:10.70(16.30) H:52.29(36.67) sIaq:91.84(0) Stabilization:1 Run in:0
 0h01:02.795 2026/02/18T01:11:00z: DATA B(23),51,52,34,988.10,0.03,26448,-47,62,0,0,0,0,0,0,0,0,138,41,1,0,0,0,91.84
 0h01:03.026 2026/02/18T01:11:00z: p:988.12 gasR:4739369.50 iaq:60.80(0) T:10.72(16.32) H:52.28(36.66) sIaq:91.70(0) Stabilization:1 Run in:0
 0h01:03.627 2026/02/18T01:11:00z: DATA B(24),51,52,34,988.12,0.02,26448,-48,63,0,0,0,0,0,0,0,0,138,41,1,0,0,0,91.70
 0h01:04.026 2026/02/18T01:11:01z: p:988.11 gasR:4714820.00 iaq:60.80(0) T:10.72(16.32) H:52.25(36.62) sIaq:91.70(0) Stabilization:1 Run in:0
 0h01:04.459 2026/02/18T01:11:01z: DATA B(25),51,52,34,988.11,0.02,26448,-48,64,0,0,0,0,0,0,0,0,138,41,1,0,0,0,91.70
 0h01:05.026 2026/02/18T01:11:02z: p:988.11 gasR:4760023.00 iaq:60.74(0) T:10.73(16.33) H:52.21(36.60) sIaq:91.48(0) Stabilization:1 Run in:0
 0h01:06.026 2026/02/18T01:11:03z: p:988.11 gasR:4727063.00 iaq:60.73(0) T:10.75(16.35) H:52.19(36.59) sIaq:91.44(0) Stabilization:1 Run in:0
 0h01:06.817 2026/02/18T01:11:04z: DATA A(27),51,52,34,988.11,0.03,26448,-48,66,1,1,1,1,1,1,4,4,252,74,5,1,0,0,91.44
 0h01:07.026 2026/02/18T01:11:04z: p:988.10 gasR:4747609.50 iaq:60.70(0) T:10.76(16.36) H:52.19(36.58) sIaq:91.30(0) Stabilization:1 Run in:0
 0h01:07.723 2026/02/18T01:11:05z: DATA A(28),51,52,34,988.10,0.03,26448,-48,67,0,1,1,0,1,1,4,4,228,66,5,1,0,0,91.30
 0h01:08.025 2026/02/18T01:11:05z: p:988.09 gasR:4731158.00 iaq:60.69(0) T:10.76(16.36) H:52.17(36.55) sIaq:91.26(0) Stabilization:1 Run in:0
 0h01:08.559 2026/02/18T01:11:05z: DATA A(29),51,52,34,988.09,0.03,26448,-48,68,0,1,1,0,1,1,4,4,228,66,5,1,0,0,91.26
 0h01:09.025 2026/02/18T01:11:06z: p:988.11 gasR:4764175.50 iaq:60.64(0) T:10.76(16.36) H:52.15(36.52) sIaq:91.06(0) Stabilization:1 Run in:0
 0h01:09.395 2026/02/18T01:11:06z: DATA A(30),51,52,34,988.11,0.02,26448,-48,69,0,1,1,0,1,1,4,4,228,66,5,1,0,0,91.06
 0h01:10.025 2026/02/18T01:11:07z: p:988.12 gasR:4755878.00 iaq:60.60(0) T:10.77(16.37) H:52.14(36.50) sIaq:90.93(0) Stabilization:1 Run in:0
 0h01:11.026 2026/02/18T01:11:08z: p:988.12 gasR:4751740.00 iaq:60.57(0) T:10.76(16.37) H:52.19(36.51) sIaq:90.83(0) Stabilization:1 Run in:0
 0h01:11.328 2026/02/18T01:11:08z: DATA B(26),51,52,34,988.12,0.02,26448,-47,71,0,0,0,0,0,0,0,0,198,58,2,0,0,0,90.83
 0h01:12.026 2026/02/18T01:11:09z: p:988.12 gasR:4739369.50 iaq:60.57(0) T:10.76(16.36) H:52.19(36.48) sIaq:90.80(0) Stabilization:1 Run in:0
 0h01:12.160 2026/02/18T01:11:09z: DATA B(27),51,52,34,988.12,0.03,26448,-47,72,0,0,0,0,0,0,0,0,198,58,2,0,0,0,90.80
 0h01:13.026 2026/02/18T01:11:10z: p:988.10 gasR:4764175.50 iaq:60.53(0) T:10.76(16.36) H:52.21(36.48) sIaq:90.66(0) Stabilization:1 Run in:0
 0h01:13.062 2026/02/18T01:11:10z: DATA B(28),51,52,34,988.10,0.02,26448,-47,73,0,0,0,0,0,0,0,0,210,60,2,0,0,0,90.66
 0h01:13.894 2026/02/18T01:11:11z: DATA B(29),51,52,34,988.10,0.02,26448,-47,73,0,0,0,0,0,0,0,0,210,60,2,0,0,0,90.66
 0h01:14.026 2026/02/18T01:11:11z: p:988.11 gasR:4764175.50 iaq:60.50(0) T:10.76(16.37) H:52.18(36.45) sIaq:90.53(0) Stabilization:1 Run in:0
 0h01:14.727 2026/02/18T01:11:12z: DATA B(30),51,52,34,988.11,0.03,26448,-47,74,0,0,0,0,0,0,0,0,210,60,2,0,0,0,90.53
 0h01:15.026 2026/02/18T01:11:12z: p:988.11 gasR:4764175.50 iaq:60.47(0) T:10.77(16.37) H:52.17(36.43) sIaq:90.41(0) Stabilization:1 Run in:0
 0h01:16.026 2026/02/18T01:11:13z: p:988.11 gasR:4760023.00 iaq:60.44(0) T:10.76(16.37) H:52.19(36.43) sIaq:90.33(0) Stabilization:1 Run in:0
 0h01:16.295 2026/02/18T01:11:13z: DATA A(31),51,52,34,988.11,0.02,26448,-47,76,0,1,1,0,1,1,4,4,210,61,8,1,0,0,90.33
 0h01:17.026 2026/02/18T01:11:14z: p:988.12 gasR:4772502.00 iaq:60.41(0) T:10.76(16.36) H:52.22(36.42) sIaq:90.20(0) Stabilization:1 Run in:0
 0h01:17.131 2026/02/18T01:11:14z: DATA A(32),51,52,34,988.12,0.03,26448,-47,77,0,1,1,0,1,1,4,4,210,61,8,1,0,0,90.20
 0h01:18.026 2026/02/18T01:11:15z: p:988.12 gasR:4751740.00 iaq:60.41(0) T:10.75(16.35) H:52.24(36.41) sIaq:90.18(0) Stabilization:1 Run in:0
 0h01:18.042 2026/02/18T01:11:15z: DATA A(33),51,52,34,988.12,0.03,26448,-47,78,0,1,1,0,1,1,4,4,216,65,8,1,0,0,90.18
 0h01:18.874 2026/02/18T01:11:16z: DATA A(34),51,52,34,988.12,0.03,26448,-47,78,0,1,1,0,1,1,4,4,216,65,8,1,0,0,90.18
 0h01:19.026 2026/02/18T01:11:16z: p:988.11 gasR:4764175.50 iaq:60.39(0) T:10.74(16.34) H:52.26(36.39) sIaq:90.11(0) Stabilization:1 Run in:0
 0h01:19.710 2026/02/18T01:11:17z: DATA A(35),51,52,34,988.11,0.02,26448,-47,79,0,1,1,0,1,1,4,4,216,65,8,1,0,0,90.11
 0h01:20.026 2026/02/18T01:11:17z: p:988.10 gasR:4776676.50 iaq:60.35(0) T:10.75(16.35) H:52.25(36.40) sIaq:89.98(0) Stabilization:1 Run in:0
 0h01:21.026 2026/02/18T01:11:18z: p:988.11 gasR:4747609.50 iaq:60.36(0) T:10.76(16.36) H:52.24(36.39) sIaq:90.01(0) Stabilization:1 Run in:0
 0h01:21.595 2026/02/18T01:11:18z: DATA B(31),51,52,34,988.11,0.02,26448,-48,81,0,0,0,0,0,0,0,0,210,62,5,0,0,0,90.01
 0h01:22.026 2026/02/18T01:11:19z: p:988.11 gasR:4755878.00 iaq:60.36(0) T:10.76(16.36) H:52.22(36.39) sIaq:89.99(0) Stabilization:1 Run in:0
 0h01:22.428 2026/02/18T01:11:19z: DATA B(32),51,52,34,988.11,0.02,26448,-47,82,0,0,0,0,0,0,0,0,210,62,5,0,0,0,89.99
 0h01:23.026 2026/02/18T01:11:20z: p:988.13 gasR:4776676.50 iaq:60.33(0) T:10.77(16.37) H:52.20(36.38) sIaq:89.87(0) Stabilization:1 Run in:0
 0h01:23.330 2026/02/18T01:11:20z: DATA B(33),51,52,34,988.13,0.02,26448,-47,83,0,0,0,0,0,0,0,0,210,62,5,0,0,0,89.87
 0h01:24.026 2026/02/18T01:11:21z: p:988.11 gasR:4772502.00 iaq:60.30(0) T:10.76(16.36) H:52.24(36.38) sIaq:89.79(0) Stabilization:1 Run in:0
 0h01:24.162 2026/02/18T01:11:21z: DATA B(34),51,52,34,988.11,0.02,26448,-47,84,0,0,0,0,0,0,0,0,210,62,5,0,0,0,89.79
 0h01:24.994 2026/02/18T01:11:22z: DATA B(35),51,52,34,988.11,0.03,26448,-48,84,0,0,0,0,0,0,0,0,210,62,5,0,0,0,89.79
 0h01:25.026 2026/02/18T01:11:22z: p:988.12 gasR:4764175.50 iaq:60.30(0) T:10.77(16.37) H:52.21(36.38) sIaq:89.76(0) Stabilization:1 Run in:0
 0h01:26.026 2026/02/18T01:11:23z: p:988.14 gasR:4727063.00 iaq:60.34(0) T:10.77(16.37) H:52.22(36.38) sIaq:89.91(0) Stabilization:1 Run in:0
 0h01:26.610 2026/02/18T01:11:23z: DATA A(36),51,52,34,988.14,0.03,26448,-48,86,0,1,1,0,1,1,4,4,204,63,7,1,0,0,89.91
 0h01:27.026 2026/02/18T01:11:24z: p:988.12 gasR:4776676.50 iaq:60.31(0) T:10.77(16.37) H:52.23(36.38) sIaq:89.80(0) Stabilization:1 Run in:0
 0h01:27.446 2026/02/18T01:11:24z: DATA A(37),51,52,34,988.12,0.03,26448,-48,87,0,1,1,0,1,1,4,4,204,63,7,1,0,0,89.80
 0h01:28.026 2026/02/18T01:11:25z: p:988.13 gasR:4780858.00 iaq:60.28(0) T:10.77(16.38) H:52.27(36.40) sIaq:89.68(0) Stabilization:1 Run in:0
 0h01:28.353 2026/02/18T01:11:25z: DATA A(38),51,52,34,988.13,0.03,26448,-48,88,0,1,1,0,1,1,4,4,210,65,8,1,0,0,89.68
 0h01:29.026 2026/02/18T01:11:26z: p:988.10 gasR:4751740.00 iaq:60.29(0) T:10.76(16.36) H:52.32(36.40) sIaq:89.72(0) Stabilization:1 Run in:0
 0h01:29.189 2026/02/18T01:11:26z: DATA A(39),51,52,34,988.10,0.03,26448,-48,89,0,1,1,0,1,1,4,4,210,65,8,1,0,0,89.72
 0h01:30.025 2026/02/18T01:11:27z: DATA A(40),51,52,34,988.10,0.03,26448,-47,90,0,1,1,0,1,1,4,4,210,65,8,1,0,0,89.72
 0h01:30.045 2026/02/18T01:11:27z: p:988.12 gasR:4764175.50 iaq:60.28(0) T:10.91(16.38) H:51.78(36.38) sIaq:89.69(0) Stabilization:1 Run in:0
 0h01:31.045 2026/02/18T01:11:28z: p:988.12 gasR:4764175.50 iaq:60.27(0) T:10.65(16.25) H:52.65(36.38) sIaq:89.67(0) Stabilization:1 Run in:0
 0h01:31.863 2026/02/18T01:11:29z: DATA B(36),51,52,34,988.12,0.03,26448,-48,91,0,1,1,0,1,1,4,4,216,62,11,2,0,0,89.67
 0h01:32.044 2026/02/18T01:11:29z: p:988.12 gasR:4760023.00 iaq:60.27(0) T:10.75(16.36) H:52.33(36.39) sIaq:89.67(0) Stabilization:1 Run in:0
 0h01:32.696 2026/02/18T01:11:29z: DATA B(37),51,52,34,988.12,0.03,26448,-48,92,0,1,1,0,1,1,4,4,216,62,11,2,0,0,89.67
 0h01:33.044 2026/02/18T01:11:30z: p:988.12 gasR:4739369.50 iaq:60.30(0) T:10.78(16.38) H:52.23(36.38) sIaq:89.77(0) Stabilization:1 Run in:0
 0h01:33.598 2026/02/18T01:11:30z: DATA B(38),51,52,34,988.12,0.03,26448,-48,93,1,1,1,1,1,1,4,4,246,70,12,2,0,0,89.77
 0h01:34.044 2026/02/18T01:11:31z: p:988.13 gasR:4739369.50 iaq:60.32(0) T:10.80(16.40) H:52.21(36.40) sIaq:89.85(0) Stabilization:1 Run in:0
 0h01:34.430 2026/02/18T01:11:31z: DATA B(39),51,52,34,988.13,0.03,26448,-48,94,1,1,1,1,1,1,4,4,246,70,12,2,0,0,89.85
 0h01:35.044 2026/02/18T01:11:32z: p:988.12 gasR:4755878.00 iaq:60.32(0) T:10.80(16.40) H:52.22(36.40) sIaq:89.84(0) Stabilization:1 Run in:0
 0h01:35.263 2026/02/18T01:11:32z: DATA B(40),51,52,34,988.12,0.02,26448,-50,95,1,1,1,1,1,1,4,4,246,70,12,2,0,0,89.84
 0h01:36.045 2026/02/18T01:11:33z: p:988.11 gasR:4747609.50 iaq:60.33(0) T:10.80(16.40) H:52.24(36.40) sIaq:89.87(0) Stabilization:1 Run in:0
 0h01:36.925 2026/02/18T01:11:34z: DATA A(41),51,52,34,988.11,0.03,26448,-48,96,0,1,1,0,1,1,4,4,216,65,5,1,1,0,89.87
 0h01:37.044 2026/02/18T01:11:34z: p:988.14 gasR:4751740.00 iaq:60.33(0) T:10.80(16.40) H:52.25(36.40) sIaq:89.88(0) Stabilization:1 Run in:0
 0h01:37.761 2026/02/18T01:11:35z: DATA A(42),51,52,34,988.14,0.03,26448,-47,97,0,1,1,0,1,1,4,4,216,65,5,1,1,0,89.88
 0h01:38.044 2026/02/18T01:11:35z: p:988.12 gasR:4743486.00 iaq:60.34(0) T:10.79(16.39) H:52.28(36.40) sIaq:89.93(0) Stabilization:1 Run in:0
 0h01:38.668 2026/02/18T01:11:35z: DATA A(43),51,52,34,988.12,0.03,26448,-47,98,1,1,2,1,1,2,4,4,264,82,10,2,2,0,89.93
 0h01:39.044 2026/02/18T01:11:36z: p:988.12 gasR:4735260.00 iaq:60.36(0) T:10.79(16.39) H:52.32(36.41) sIaq:90.01(0) Stabilization:1 Run in:0
 0h01:39.504 2026/02/18T01:11:36z: DATA A(44),51,52,34,988.12,0.02,26448,-47,99,1,1,2,1,1,2,4,4,264,82,10,2,2,0,90.01
 0h01:40.044 2026/02/18T01:11:37z: p:988.16 gasR:4722975.00 iaq:60.40(0) T:10.79(16.39) H:52.30(36.40) sIaq:90.14(0) Stabilization:1 Run in:0
 0h01:40.340 2026/02/18T01:11:37z: DATA A(45),51,52,34,988.16,0.02,26448,-48,100,1,1,2,1,1,2,4,4,264,82,10,2,2,0,90.14
 0h01:41.045 2026/02/18T01:11:38z: p:988.12 gasR:4731158.00 iaq:60.42(0) T:10.80(16.40) H:52.31(36.41) sIaq:90.22(0) Stabilization:1 Run in:0
 0h01:42.044 2026/02/18T01:11:39z: p:988.11 gasR:4747609.50 iaq:60.41(0) T:10.80(16.40) H:52.31(36.41) sIaq:90.20(0) Stabilization:1 Run in:0
 0h01:42.131 2026/02/18T01:11:39z: DATA B(41),51,52,34,988.11,0.03,26448,-47,102,0,1,1,0,1,1,4,4,222,66,12,2,0,0,90.20
 0h01:42.963 2026/02/18T01:11:40z: DATA B(42),51,52,34,988.11,0.03,26448,-48,102,0,1,1,0,1,1,4,4,222,66,12,2,0,0,90.20
 0h01:43.044 2026/02/18T01:11:40z: p:988.13 gasR:4743486.00 iaq:60.41(0) T:10.80(16.40) H:52.31(36.41) sIaq:90.21(0) Stabilization:1 Run in:0
 0h01:43.866 2026/02/18T01:11:41z: DATA B(43),51,52,34,988.13,0.03,26448,-49,103,0,1,1,0,1,1,4,4,192,56,11,2,0,0,90.21
{"SensorId":"48:3f:da:26:d5:2a","DateTime":"2026/02/18T01:11:41z","Geo":"PurpleAir-d52a","Mem":26448,"memfrag":1,"memfb":26280,"memcs":800,"Id":1,"lat":0.000000,"lon":0.000000,"Adc":"nan","loggingrate":15,"place":"outside","version":"7.04","uptime":104,"rssi":-49,"period":103,"httpsuccess":0,"httpsends":0,"hardwareversion":"3.0","hardwarediscovered":"3.0+RV3028+BME68X+PMSX003-A+PMSX003-B","current_temp_f":51,"current_humidity":52,"current_dewpoint_f":34,"pressure":988.13,"current_temp_f_680":51,"current_humidity_680":52,"current_dewpoint_f_680":34,"pressure_680":988.13,"gas_680":"nan","p25aqic_b":"rgb(0,228,0)","pm2.5_aqi_b":2,"pm1_0_cf_1_b":0.44,"p_0_3_um_b":246.14,"pm2_5_cf_1_b":0.58,"p_0_5_um_b":70.26,"pm10_0_cf_1_b":0.58,"p_1_0_um_b":5.16,"pm1_0_atm_b":0.44,"p_2_5_um_b":0.63,"pm2_5_atm_b":0.58,"p_5_0_um_b":0.00,"pm10_0_atm_b":0.58,"p_10_0_um_b":0.00,"p25aqic":"rgb(0,228,0)","pm2.5_aqi":4,"pm1_0_cf_1":0.53,"p_0_3_um":276.40,"pm2_5_cf_1":0.89,"p_0_5_um":78.71,"pm10_0_cf_1":1.00,"p_1_0_um":5.64,"pm1_0_atm":0.53,"p_2_5_um":0.62,"pm2_5_atm":0.89,"p_5_0_um":0.22,"pm10_0_atm":1.00,"p_10_0_um":0.00,"wlstate":"Failed","status_0":0,"status_1":0,"status_2":0,"status_3":0,"status_4":2,"status_5":2,"status_7":0,"status_8":2,"status_9":2}
 0h01:44.150 2026/02/18T01:11:41z: update.purpleair.com:80/firmware/2mb/update.asp
 0h01:44.157 2026/02/18T01:11:41z: Error: -1
1 BSEC warning code : 100

UTCDateTime,mac_address,firmware_ver,hardware,current_temp_f,current_humidity,current_dewpoint_f,pressure,adc,mem,rssi,uptime,pm1_0_cf_1,pm2_5_cf_1,pm10_0_cf_1,pm1_0_atm,pm2_5_atm,pm10_0_atm,pm2.5_aqi_cf_1,pm2.5_aqi_atm,p_0_3_um,p_0_5_um,p_1_0_um,p_2_5_um,p_5_0_um,p_10_0_um,pm1_0_cf_1_b,pm2_5_cf_1_b,pm10_0_cf_1_b,pm1_0_atm_b,pm2_5_atm_b,pm10_0_atm_b,pm2.5_aqi_cf_1_b,pm2.5_aqi_atm_b,p_0_3_um_b,p_0_5_um_b,p_1_0_um_b,p_2_5_um_b,p_5_0_um_b,p_10_0_um_b,gas
2026/02/18T01:11:41z,48:3f:da:26:d5:2a,7.04,3.0+RV3028+BME68X+PMSX003-A+PMSX003-B,51,52,34,988.13,nan,26448,-49,104,0.53,0.89,1.00,0.53,0.89,1.00,4,4,276.40,78.71,5.64,0.62,0.22,0.00,0.44,0.58,0.58,0.44,0.58,0.58,2,2,246.14,70.26,5.16,0.63,0.00,0.00,nan
1 BSEC warning code : 100

1 BSEC warning code : 100

1 BSEC warning code : 100

1 BSEC warning code : 100

1 BSEC warning code : 100

1 BSEC warning code : 100

1 BSEC warning code : 100

1 BSEC warning code : 100

1 BSEC warning code : 100

1 BSEC warning code : 100

 ets Jan  8 2013,rst cause:1, boot mode:(3,6)

load 0x4010f000, len 1384, room 16 
tail 8
chksum 0x2d
csum 0x2d
v8b899c12
~ld


7.04
 0h00:00.282 1970/01/01T08:00:00z: SPIFFS Active
 0h00:03.955 2026/02/18T19:34:56z: 48:3f:da:26:d5:2a
 0h00:03.956 2026/02/18T19:34:56z: SSID: VALIS
1 BSEC warning code : 100

1 BSEC warning code : 100

1 BSEC warning code : 100

1 BSEC warning code : 100

1 BSEC warning code : 100

1 BSEC warning code : 100

1 BSEC warning code : 100

1 BSEC warning code : 100

1 BSEC warning code : 100

1 BSEC warning code : 100

 ets Jan  8 2013,rst cause:1, boot mode:(3,6)

load 0x4010f000, len 1384, room 16 
tail 8
chksum 0x2d
csum 0x2d
v8b899c12
~ld


7.04
 0h00:00.281 1970/01/01T08:00:00z: SPIFFS Active
 0h00:03.955 2026/02/18T19:54:42z: 48:3f:da:26:d5:2a
 0h00:03.956 2026/02/18T19:54:42z: SSID: VALIS
1 BSEC warning code : 100

1 BSEC warning code : 100

1 BSEC warning code : 100

1 BSEC warning code : 100

1 BSEC warning code : 100

1 BSEC warning code : 100

1 BSEC warning code : 100

1 BSEC warning code : 100

1 BSEC warning code : 100

1 BSEC warning code : 100

 ets Jan  8 2013,rst cause:1, boot mode:(3,6)

load 0x4010f000, len 1384, room 16 
tail 8
chksum 0x2d
csum 0x2d
v8b899c12
~ld


7.04
 0h00:00.282 1970/01/01T08:00:00z: SPIFFS Active
 0h00:03.955 2026/02/18T20:14:28z: 48:3f:da:26:d5:2a
 0h00:03.956 2026/02/18T20:14:28z: SSID: VALIS
1 BSEC warning code : 100

1 BSEC warning code : 100

1 BSEC warning code : 100

1 BSEC warning code : 100

1 BSEC warning code : 100

1 BSEC warning code : 100

1 BSEC warning code : 100

1 BSEC warning code : 100

1 BSEC warning code : 100

1 BSEC warning code : 100

 ets Jan  8 2013,rst cause:1, boot mode:(3,6)

load 0x4010f000, len 1384, room 16 
tail 8
chksum 0x2d
csum 0x2d
v8b899c12
~ld


7.04
 0h00:00.280 1970/01/01T08:00:00z: SPIFFS Active
 0h00:03.953 2026/02/18T20:34:13z: 48:3f:da:26:d5:2a
 0h00:03.955 2026/02/18T20:34:13z: SSID: VALIS
1 BSEC warning code : 100

1 BSEC warning code : 100

1 BSEC warning code : 100

1 BSEC warning code : 100

1 BSEC warning code : 100

1 BSEC warning code : 100

1 BSEC warning code : 100

1 BSEC warning code : 100

1 BSEC warning code : 100

1 BSEC warning code : 100

 ets Jan  8 2013,rst cause:1, boot mode:(3,6)

load 0x4010f000, len 1384, room 16 
tail 8
chksum 0x2d
csum 0x2d
v8b899c12
~ld


7.04
 0h00:00.274 1970/01/01T08:00:00z: SPIFFS Active
 0h00:03.947 2026/02/18T20:53:58z: 48:3f:da:26:d5:2a
 0h00:03.949 2026/02/18T20:53:58z: SSID: VALIS
1 BSEC warning code : 100

1 BSEC warning code : 100

1 BSEC warning code : 100

1 BSEC warning code : 100

1 BSEC warning code : 100

1 BSEC warning code : 100

1 BSEC warning code : 100

1 BSEC warning code : 100

1 BSEC warning code : 100

1 BSEC warning code : 100

 ets Jan  8 2013,rst cause:1, boot mode:(3,6)

load 0x4010f000, len 1384, room 16 
tail 8
chksum 0x2d
csum 0x2d
v8b899c12
~ld


7.04
 0h00:00.279 1970/01/01T08:00:00z: SPIFFS Active
 0h00:03.952 2026/02/18T21:13:44z: 48:3f:da:26:d5:2a
 0h00:03.954 2026/02/18T21:13:44z: SSID: VALIS
1 BSEC warning code : 100

1 BSEC warning code : 100

1 BSEC warning code : 100

1 BSEC warning code : 100

1 BSEC warning code : 100

1 BSEC warning code : 100

1 BSEC warning code : 100

1 BSEC warning code : 100

1 BSEC warning code : 100

1 BSEC warning code : 100

 ets Jan  8 2013,rst cause:1, boot mode:(3,6)

load 0x4010f000, len 1384, room 16 
tail 8
chksum 0x2d
csum 0x2d
v8b899c12
~ld


7.04
 0h00:00.278 1970/01/01T08:00:00z: SPIFFS Active
 0h00:03.951 2026/02/18T21:33:29z: 48:3f:da:26:d5:2a
 0h00:03.952 2026/02/18T21:33:29z: SSID: VALIS
1 BSEC warning code : 100

1 BSEC warning code : 100

1 BSEC warning code : 100

1 BSEC warning code : 100

1 BSEC warning code : 100

1 BSEC warning code : 100

1 BSEC warning code : 100

1 BSEC warning code : 100

1 BSEC warning code : 100

1 BSEC warning code : 100

 ets Jan  8 2013,rst cause:1, boot mode:(3,6)

load 0x4010f000, len 1384, room 16 
tail 8
chksum 0x2d
csum 0x2d
v8b899c12
~ld


7.04
 0h00:00.279 1970/01/01T08:00:00z: SPIFFS Active
 0h00:03.952 2026/02/18T21:53:14z: 48:3f:da:26:d5:2a
 0h00:03.953 2026/02/18T21:53:14z: SSID: VALIS
1 BSEC warning code : 100

1 BSEC warning code : 100

1 BSEC warning code : 100

1 BSEC warning code : 100

1 BSEC warning code : 100

1 BSEC warning code : 100

1 BSEC warning code : 100

1 BSEC warning code : 100

1 BSEC warning code : 100

1 BSEC warning code : 100

 ets Jan  8 2013,rst cause:1, boot mode:(3,6)

load 0x4010f000, len 1384, room 16 
tail 8
chksum 0x2d
csum 0x2d
v8b899c12
~ld


7.04
 0h00:00.279 1970/01/01T08:00:00z: SPIFFS Active
 0h00:03.952 2026/02/18T22:13:00z: 48:3f:da:26:d5:2a
 0h00:03.954 2026/02/18T22:13:00z: SSID: VALIS
1 BSEC warning code : 100

1 BSEC warning code : 100

1 BSEC warning code : 100

1 BSEC warning code : 100

1 BSEC warning code : 100

1 BSEC warning code : 100

1 BSEC warning code : 100

1 BSEC warning code : 100

1 BSEC warning code : 100

1 BSEC warning code : 100

 ets Jan  8 2013,rst cause:1, boot mode:(3,6)

load 0x4010f000, len 1384, room 16 
tail 8
chksum 0x2d
csum 0x2d
v8b899c12
~ld


7.04
 0h00:00.275 1970/01/01T08:00:00z: SPIFFS Active
 0h00:03.948 2026/02/18T22:32:46z: 48:3f:da:26:d5:2a
 0h00:03.950 2026/02/18T22:32:46z: SSID: VALIS
1 BSEC warning code : 100

1 BSEC warning code : 100

1 BSEC warning code : 100

1 BSEC warning code : 100

1 BSEC warning code : 100

1 BSEC warning code : 100

1 BSEC warning code : 100

1 BSEC warning code : 100

1 BSEC warning code : 100

1 BSEC warning code : 100

 ets Jan  8 2013,rst cause:1, boot mode:(3,6)

load 0x4010f000, len 1384, room 16 
tail 8
chksum 0x2d
csum 0x2d
v8b899c12
~ld


7.04
 0h00:00.281 1970/01/01T08:00:00z: SPIFFS Active
 0h00:03.955 2026/02/18T22:52:31z: 48:3f:da:26:d5:2a
 0h00:03.956 2026/02/18T22:52:31z: SSID: VALIS
1 BSEC warning code : 100

1 BSEC warning code : 100

1 BSEC warning code : 100

1 BSEC warning code : 100

1 BSEC warning code : 100

1 BSEC warning code : 100

1 BSEC warning code : 100

1 BSEC warning code : 100

1 BSEC warning code : 100

1 BSEC warning code : 100

 ets Jan  8 2013,rst cause:1, boot mode:(3,6)

load 0x4010f000, len 1384, room 16 
tail 8
chksum 0x2d
csum 0x2d
v8b899c12
~ld


7.04
 0h00:00.278 1970/01/01T08:00:00z: SPIFFS Active
 0h00:03.951 2026/02/18T23:12:16z: 48:3f:da:26:d5:2a
 0h00:03.953 2026/02/18T23:12:16z: SSID: VALIS
1 BSEC warning code : 100

1 BSEC warning code : 100

1 BSEC warning code : 100

1 BSEC warning code : 100

1 BSEC warning code : 100

1 BSEC warning code : 100

1 BSEC warning code : 100

1 BSEC warning code : 100

1 BSEC warning code : 100

1 BSEC warning code : 100

 ets Jan  8 2013,rst cause:1, boot mode:(3,6)

load 0x4010f000, len 1384, room 16 
tail 8
chksum 0x2d
csum 0x2d
v8b899c12
~ld


7.04
 0h00:00.270 1970/01/01T08:00:00z: SPIFFS Active
 0h00:03.944 2026/02/18T23:32:02z: 48:3f:da:26:d5:2a
 0h00:03.945 2026/02/18T23:32:02z: SSID: VALIS
1 BSEC warning code : 100

1 BSEC warning code : 100

1 BSEC warning code : 100

1 BSEC warning code : 100

1 BSEC warning code : 100

1 BSEC warning code : 100

1 BSEC warning code : 100

1 BSEC warning code : 100

1 BSEC warning code : 100

1 BSEC warning code : 100

 ets Jan  8 2013,rst cause:1, boot mode:(3,6)

load 0x4010f000, len 1384, room 16 
tail 8
chksum 0x2d
csum 0x2d
v8b899c12
~ld


7.04
 0h00:00.277 1970/01/01T08:00:00z: SPIFFS Active
 0h00:03.951 2026/02/18T23:51:48z: 48:3f:da:26:d5:2a
 0h00:03.952 2026/02/18T23:51:48z: SSID: VALIS
1 BSEC warning code : 100

1 BSEC warning code : 100

1 BSEC warning code : 100

1 BSEC warning code : 100
