
1 BSEC warning code : 100

 ets Jan  8 2013,rst cause:1, boot mode:(3,7)

load 0x4010f000, len 1384, room 16 
tail 8
chksum 0x2d
csum 0x2d
v8b899c12
~ld


7.04
 0h00:00.275 1970/01/01T08:00:00z: SPIFFS Active
 0h00:03.950 2026/01/27T00:01:34z: 48:3f:da:26:d5:2a
 0h00:03.951 2026/01/27T00:01:34z: SSID: VALIS
1 BSEC warning code : 100

1 BSEC warning code : 100

1 BSEC warning code : 100

1 BSEC warning code : 100

1 BSEC warning code : 100

1 BSEC warning code : 100

1 BSEC warning code : 100

1 BSEC warning code : 100

1 BSEC warning code : 100

1 BSEC warning code : 100

 ets Jan  8 2013,rst cause:1, boot mode:(3,7)

load 0x4010f000, len 1384, room 16 
tail 8
chksum 0x2d
csum 0x2d
v8b899c12
~ld


7.04
 0h00:00.280 1970/01/01T08:00:00z: SPIFFS Active
 0h00:03.955 2026/01/27T00:21:19z: 48:3f:da:26:d5:2a
 0h00:03.956 2026/01/27T00:21:19z: SSID: VALIS
1 BSEC warning code : 100

1 BSEC warning code : 100

1 BSEC warning code : 100

1 BSEC warning code : 100

1 BSEC warning code : 100

1 BSEC warning code : 100

1 BSEC warning code : 100

1 BSEC warning code : 100

1 BSEC warning code : 100

1 BSEC warning code : 100

 ets Jan  8 2013,rst cause:1, boot mode:(3,7)

load 0x4010f000, len 1384, room 16 
tail 8
chksum 0x2d
csum 0x2d
v8b899c12
~ld


7.04
 0h00:00.276 1970/01/01T08:00:00z: SPIFFS Active
 0h00:03.951 2026/01/27T00:41:05z: 48:3f:da:26:d5:2a
 0h00:03.953 2026/01/27T00:41:05z: SSID: VALIS
1 BSEC warning code : 100

1 BSEC warning code : 100

1 BSEC warning code : 100

1 BSEC warning code : 100

1 BSEC warning code : 100

1 BSEC warning code : 100

1 BSEC warning code : 100

1 BSEC warning code : 100

1 BSEC warning code : 100

1 BSEC warning code : 100

 ets Jan  8 2013,rst cause:1, boot mode:(3,7)

load 0x4010f000, len 1384, room 16 
tail 8
chksum 0x2d
csum 0x2d
v8b899c12
~ld


7.04
 0h00:00.273 1970/01/01T08:00:00z: SPIFFS Active
 0h00:03.948 2026/01/27T01:00:50z: 48:3f:da:26:d5:2a
 0h00:03.950 2026/01/27T01:00:50z: SSID: VALIS
1 BSEC warning code : 100

1 BSEC warning code : 100

1 BSEC warning code : 100

1 BSEC warning code : 100

1 BSEC warning code : 100

1 BSEC warning code : 100

1 BSEC warning code : 100

1 BSEC warning code : 100

1 BSEC warning code : 100

1 BSEC warning code : 100

 ets Jan  8 2013,rst cause:1, boot mode:(3,7)

load 0x4010f000, len 1384, room 16 
tail 8
chksum 0x2d
csum 0x2d
v8b899c12
~ld


7.04
 0h00:00.281 1970/01/01T08:00:00z: SPIFFS Active
 0h00:03.955 2026/01/27T01:20:35z: 48:3f:da:26:d5:2a
 0h00:03.957 2026/01/27T01:20:35z: SSID: VALIS
1 BSEC warning code : 100

1 BSEC warning code : 100

1 BSEC warning code : 100

1 BSEC warning code : 100

1 BSEC warning code : 100

1 BSEC warning code : 100

1 BSEC warning code : 100

1 BSEC warning code : 100

1 BSEC warning code : 100

1 BSEC warning code : 100

 ets Jan  8 2013,rst cause:1, boot mode:(3,7)

load 0x4010f000, len 1384, room 16 
tail 8
chksum 0x2d
csum 0x2d
v8b899c12
~ld


7.04
 0h00:00.283 1970/01/01T08:00:00z: SPIFFS Active
 0h00:03.958 2026/01/27T01:40:21z: 48:3f:da:26:d5:2a
 0h00:03.959 2026/01/27T01:40:21z: SSID: VALIS
1 BSEC warning code : 100

1 BSEC warning code : 100

1 BSEC warning code : 100

1 BSEC warning code : 100

1 BSEC warning code : 100

1 BSEC warning code : 100

1 BSEC warning code : 100

1 BSEC warning code : 100

1 BSEC warning code : 100

1 BSEC warning code : 100

 ets Jan  8 2013,rst cause:1, boot mode:(3,7)

load 0x4010f000, len 1384, room 16 
tail 8
chksum 0x2d
csum 0x2d
v8b899c12
~ld


7.04
 0h00:00.280 1970/01/01T08:00:00z: SPIFFS Active
 0h00:03.955 2026/01/27T02:00:07z: 48:3f:da:26:d5:2a
 0h00:03.957 2026/01/27T02:00:07z: SSID: VALIS
1 BSEC warning code : 100

1 BSEC warning code : 100

1 BSEC warning code : 100

1 BSEC warning code : 100

1 BSEC warning code : 100

1 BSEC warning code : 100

1 BSEC warning code : 100

1 BSEC warning code : 100

1 BSEC warning code : 100

1 BSEC warning code : 100

 ets Jan  8 2013,rst cause:1, boot mode:(3,7)

load 0x4010f000, len 1384, room 16 
tail 8
chksum 0x2d
csum 0x2d
v8b899c12
~ld


7.04
 0h00:00.279 1970/01/01T08:00:00z: SPIFFS Active
 0h00:03.954 2026/01/27T02:19:52z: 48:3f:da:26:d5:2a
 0h00:03.956 2026/01/27T02:19:52z: SSID: VALIS
1 BSEC warning code : 100

1 BSEC warning code : 100

1 BSEC warning code : 100

1 BSEC warning code : 100

1 BSEC warning code : 100

1 BSEC warning code : 100

1 BSEC warning code : 100

1 BSEC warning code : 100

1 BSEC warning code : 100

1 BSEC warning code : 100

 ets Jan  8 2013,rst cause:1, boot mode:(3,7)

load 0x4010f000, len 1384, room 16 
tail 8
chksum 0x2d
csum 0x2d
v8b899c12
~ld


7.04
 0h00:00.279 1970/01/01T08:00:00z: SPIFFS Active
 0h00:03.954 2026/01/27T02:39:38z: 48:3f:da:26:d5:2a
 0h00:03.955 2026/01/27T02:39:38z: SSID: VALIS
1 BSEC warning code : 100

1 BSEC warning code : 100

1 BSEC warning code : 100

1 BSEC warning code : 100

1 BSEC warning code : 100

1 BSEC warning code : 100

1 BSEC warning code : 100

1 BSEC warning code : 100

1 BSEC warning code : 100

1 BSEC warning code : 100

 ets Jan  8 2013,rst cause:1, boot mode:(3,7)

load 0x4010f000, len 1384, room 16 
tail 8
chksum 0x2d
csum 0x2d
v8b899c12
~ld


7.04
 0h00:00.283 1970/01/01T08:00:00z: SPIFFS Active
 0h00:03.958 2026/01/27T02:59:23z: 48:3f:da:26:d5:2a
 0h00:03.959 2026/01/27T02:59:23z: SSID: VALIS
 0h00:11.898 2026/01/27T02:59:31z: PMSX003-A (942ms)
 0h00:13.562 2026/01/27T02:59:33z: PMSX003-B (1663ms)
 0h00:13.564 2026/01/27T02:59:33z: 3.0+RV3028+BME68X+PMSX003-A+PMSX003-B
 0h00:14.491 2026/01/27T02:59:34z: DATA A(2),nan,nan,nan,nan,0.03,26448,-47,14,26,41,46,25,39,46,116,111,4086,1152,172,28,3,1,nan
 0h00:14.578 2026/01/27T02:59:34z: p:1011.20 gasR:546862.50 iaq:161.81(0) T:7.89(10.89) H:63.06(34.31) sIaq:487.75(0) Stabilization:1 Run in:0
 0h00:15.399 2026/01/27T02:59:35z: DATA A(3),46,63,34,1011.20,0.03,26448,-47,15,27,41,46,25,39,46,116,111,4092,1148,166,28,5,1,487.75
 0h00:15.579 2026/01/27T02:59:35z: p:1011.33 gasR:558038.12 iaq:161.81(0) T:8.88(14.49) H:59.40(35.02) sIaq:487.75(0) Stabilization:1 Run in:0
 0h00:16.307 2026/01/27T02:59:35z: DATA A(4),47,59,33,1011.33,0.03,26352,-48,16,28,42,46,27,40,46,118,113,4230,1204,170,20,5,1,487.75
 0h00:16.578 2026/01/27T02:59:36z: p:1011.35 gasR:566841.94 iaq:161.81(0) T:9.77(15.37) H:55.91(35.25) sIaq:487.75(0) Stabilization:1 Run in:0
 0h00:17.215 2026/01/27T02:59:36z: DATA A(5),49,55,33,1011.35,0.03,26352,-48,17,28,41,46,27,39,46,116,111,4218,1200,168,20,7,0,487.75
 0h00:17.578 2026/01/27T02:59:37z: p:1011.33 gasR:572546.81 iaq:161.81(0) T:10.12(15.73) H:54.36(35.29) sIaq:487.75(0) Stabilization:1 Run in:0
 0h00:18.123 2026/01/27T02:59:37z: DATA A(6),50,54,34,1011.33,0.03,26352,-47,18,27,39,46,25,38,46,111,108,4086,1164,162,23,10,0,487.75
 0h00:18.579 2026/01/27T02:59:38z: p:1011.36 gasR:577878.12 iaq:161.81(0) T:10.34(15.94) H:53.23(35.19) sIaq:487.75(0) Stabilization:1 Run in:0
 0h00:19.579 2026/01/27T02:59:39z: p:1011.39 gasR:582314.50 iaq:161.81(0) T:10.48(16.08) H:52.39(35.08) sIaq:487.75(0) Stabilization:1 Run in:0
 0h00:20.448 2026/01/27T02:59:40z: DATA B(2),50,52,33,1011.39,0.03,26352,-47,20,28,39,47,27,38,47,111,108,4002,1190,174,19,8,0,487.75
 0h00:20.579 2026/01/27T02:59:40z: p:1011.37 gasR:585812.38 iaq:161.81(0) T:10.58(16.19) H:51.71(34.93) sIaq:487.75(0) Stabilization:1 Run in:0
 0h00:21.280 2026/01/27T02:59:40z: DATA B(3),51,51,33,1011.37,0.03,26352,-47,21,28,39,47,27,38,47,111,108,4002,1190,174,19,8,0,487.75
 0h00:21.579 2026/01/27T02:59:41z: p:1011.36 gasR:590371.88 iaq:161.81(0) T:10.67(16.27) H:51.10(34.78) sIaq:487.76(0) Stabilization:1 Run in:0
 0h00:22.113 2026/01/27T02:59:41z: DATA B(4),51,51,33,1011.36,0.03,26352,-47,22,28,39,47,27,38,47,111,108,4002,1190,174,19,8,0,487.76
 0h00:22.579 2026/01/27T02:59:42z: p:1011.36 gasR:595002.88 iaq:161.81(0) T:10.75(16.35) H:50.59(34.65) sIaq:487.76(0) Stabilization:1 Run in:0
 0h00:23.016 2026/01/27T02:59:42z: DATA B(5),51,50,33,1011.36,0.02,26352,-47,23,28,38,44,27,37,44,108,106,3984,1160,166,18,8,0,487.76
 0h00:23.578 2026/01/27T02:59:43z: p:1011.38 gasR:595521.94 iaq:161.81(0) T:10.82(16.42) H:50.10(34.50) sIaq:487.76(0) Stabilization:1 Run in:0
 0h00:23.848 2026/01/27T02:59:43z: DATA B(6),51,50,33,1011.38,0.02,26352,-47,23,28,38,44,27,37,44,108,106,3984,1160,166,18,8,0,487.76
 0h00:24.578 2026/01/27T02:59:44z: p:1011.39 gasR:596041.94 iaq:161.82(0) T:10.88(16.48) H:49.69(34.37) sIaq:487.77(0) Stabilization:1 Run in:0
 0h00:25.388 2026/01/27T02:59:45z: DATA A(7),51,49,32,1011.39,0.02,26352,-47,25,32,43,61,28,40,59,121,113,4488,1310,200,36,28,0,487.77
 0h00:25.578 2026/01/27T02:59:45z: p:1011.38 gasR:600762.69 iaq:161.82(0) T:10.91(16.52) H:49.39(34.25) sIaq:487.77(0) Stabilization:1 Run in:0
 0h00:26.224 2026/01/27T02:59:45z: DATA A(8),51,49,32,1011.38,0.03,26352,-48,26,32,43,61,28,40,59,121,113,4488,1310,200,36,28,0,487.77
 0h00:26.579 2026/01/27T02:59:46z: p:1011.37 gasR:603951.62 iaq:161.82(0) T:10.96(16.56) H:49.05(34.12) sIaq:487.78(0) Stabilization:1 Run in:0
 0h00:27.060 2026/01/27T02:59:46z: DATA A(9),51,49,32,1011.37,0.03,26352,-48,27,32,43,61,28,40,59,121,113,4488,1310,200,36,28,0,487.78
 0h00:27.578 2026/01/27T02:59:47z: p:1011.37 gasR:605558.81 iaq:161.82(0) T:11.01(16.61) H:48.75(34.02) sIaq:487.78(0) Stabilization:1 Run in:0
 0h00:27.969 2026/01/27T02:59:47z: DATA A(10),51,48,32,1011.37,0.03,26352,-47,27,33,44,61,29,40,59,123,113,4650,1350,196,32,26,0,487.78
 0h00:28.579 2026/01/27T02:59:48z: p:1011.37 gasR:607174.62 iaq:161.82(0) T:11.05(16.65) H:48.51(33.92) sIaq:487.79(0) Stabilization:1 Run in:0
 0h00:28.805 2026/01/27T02:59:48z: DATA A(11),51,48,32,1011.37,0.03,26352,-49,28,33,44,61,29,40,59,123,113,4650,1350,196,32,26,0,487.79
 0h00:29.578 2026/01/27T02:59:49z: p:1011.38 gasR:609342.44 iaq:161.82(0) T:11.10(16.70) H:48.24(33.81) sIaq:487.80(0) Stabilization:1 Run in:0
 0h00:30.104 2026/01/27T02:59:49z: DATA B(7),51,48,32,1011.38,0.03,26032,-42,30,32,46,48,28,42,48,128,118,4446,1278,176,21,2,1,487.80
 0h00:30.579 2026/01/27T02:59:50z: p:1011.39 gasR:612074.12 iaq:161.82(0) T:11.13(16.74) H:48.04(33.73) sIaq:487.80(0) Stabilization:1 Run in:0
 0h00:31.008 2026/01/27T02:59:50z: DATA B(8),52,48,32,1011.39,0.03,26352,-47,31,32,46,48,28,42,48,128,118,4392,1258,166,26,3,1,487.80
 0h00:31.579 2026/01/27T02:59:51z: p:1011.38 gasR:615939.88 iaq:161.83(0) T:11.18(16.78) H:47.83(33.64) sIaq:487.81(0) Stabilization:1 Run in:0
 0h00:31.912 2026/01/27T02:59:51z: DATA B(9),52,47,32,1011.38,0.02,26352,-47,31,32,46,50,28,42,50,128,118,4368,1248,178,26,3,2,487.81
 0h00:32.578 2026/01/27T02:59:52z: p:1011.39 gasR:617053.31 iaq:161.83(0) T:11.21(16.81) H:47.67(33.57) sIaq:487.82(0) Stabilization:1 Run in:0
 0h00:32.815 2026/01/27T02:59:52z: DATA B(10),52,47,32,1011.39,0.03,26352,-47,32,31,46,50,28,42,50,128,118,4314,1240,176,24,3,2,487.82
 0h00:33.578 2026/01/27T02:59:53z: p:1011.36 gasR:619292.44 iaq:161.83(0) T:11.25(16.85) H:47.51(33.50) sIaq:487.82(0) Stabilization:1 Run in:0
 0h00:33.719 2026/01/27T02:59:53z: DATA B(11),52,47,32,1011.36,0.02,26352,-47,33,32,47,52,28,43,52,130,121,4332,1258,184,29,4,2,487.82
 0h00:34.579 2026/01/27T02:59:54z: p:1011.37 gasR:624961.88 iaq:161.83(0) T:11.28(16.89) H:47.36(33.44) sIaq:487.83(0) Stabilization:1 Run in:0
 0h00:35.579 2026/01/27T02:59:55z: p:1011.36 gasR:622114.19 iaq:161.83(0) T:11.32(16.92) H:47.24(33.38) sIaq:487.83(0) Stabilization:1 Run in:0
 0h00:35.709 2026/01/27T02:59:55z: DATA A(12),52,47,32,1011.36,0.03,26352,-46,35,34,46,60,29,42,57,128,118,4698,1376,200,30,19,0,487.83
 0h00:36.545 2026/01/27T02:59:56z: DATA A(13),52,47,32,1011.36,0.03,26352,-47,36,34,47,60,29,43,58,130,121,4698,1376,200,30,19,0,487.83
 0h00:36.578 2026/01/27T02:59:56z: p:1011.35 gasR:627258.81 iaq:161.83(0) T:11.34(16.94) H:47.16(33.33) sIaq:487.84(0) Stabilization:1 Run in:0
 0h00:37.381 2026/01/27T02:59:57z: DATA A(14),52,47,32,1011.35,0.03,26352,-47,37,34,47,60,29,43,58,130,121,4698,1376,200,30,19,0,487.84
 0h00:37.579 2026/01/27T02:59:57z: p:1011.37 gasR:628992.62 iaq:161.83(0) T:11.37(16.97) H:47.05(33.28) sIaq:487.84(0) Stabilization:1 Run in:0
 0h00:38.290 2026/01/27T02:59:57z: DATA A(15),52,47,32,1011.37,0.03,26352,-47,38,33,47,55,29,43,55,130,121,4644,1358,202,24,14,0,487.84
 0h00:38.578 2026/01/27T02:59:58z: p:1011.38 gasR:631903.75 iaq:161.84(0) T:11.39(16.99) H:46.98(33.23) sIaq:487.85(0) Stabilization:1 Run in:0
 0h00:39.126 2026/01/27T02:59:58z: DATA A(16),52,46,32,1011.38,0.03,26352,-49,39,33,46,55,29,42,55,128,118,4644,1358,202,24,14,0,487.85
 0h00:39.578 2026/01/27T02:59:59z: p:1011.36 gasR:634252.06 iaq:161.84(0) T:11.42(17.03) H:46.89(33.19) sIaq:487.85(0) Stabilization:1 Run in:0
 0h00:40.579 2026/01/27T03:00:00z: p:1011.37 gasR:636617.94 iaq:161.84(0) T:11.45(17.05) H:46.83(33.16) sIaq:487.86(0) Stabilization:1 Run in:0
 0h00:40.663 2026/01/27T03:00:00z: DATA B(12),52,46,32,1011.37,0.02,26352,-46,40,29,43,49,27,41,49,121,116,3948,1184,182,28,7,3,487.86
 0h00:41.567 2026/01/27T03:00:01z: DATA B(13),52,46,32,1011.37,0.03,26352,-47,41,28,43,49,27,41,49,121,116,3906,1168,182,28,7,3,487.86
 0h00:41.586 2026/01/27T03:00:01z: p:1011.38 gasR:638404.00 iaq:161.84(0) T:11.53(17.07) H:46.56(33.10) sIaq:487.86(0) Stabilization:1 Run in:0
 0h00:42.399 2026/01/27T03:00:02z: DATA B(14),52,46,32,1011.38,0.03,26352,-47,42,28,43,49,27,41,49,121,116,3906,1168,182,28,7,3,487.86
 0h00:42.586 2026/01/27T03:00:02z: p:1011.38 gasR:637212.19 iaq:161.84(0) T:11.45(17.05) H:46.82(33.05) sIaq:487.86(0) Stabilization:1 Run in:0
 0h00:43.231 2026/01/27T03:00:02z: DATA B(15),52,46,32,1011.38,0.02,26352,-47,43,28,43,49,27,41,49,121,116,3906,1168,182,28,7,3,487.86
 0h00:43.586 2026/01/27T03:00:03z: p:1011.36 gasR:637807.56 iaq:161.84(0) T:11.50(17.10) H:46.69(33.03) sIaq:487.87(0) Stabilization:1 Run in:0
 0h00:44.135 2026/01/27T03:00:03z: DATA B(16),52,46,32,1011.36,0.03,26352,-47,44,28,42,49,27,39,49,118,111,3918,1160,174,28,7,3,487.87
 0h00:44.586 2026/01/27T03:00:04z: p:1011.36 gasR:638404.00 iaq:161.84(0) T:11.52(17.12) H:46.63(33.00) sIaq:487.87(0) Stabilization:1 Run in:0
 0h00:45.122 2026/01/27T03:00:04z: DATA A(17),52,46,32,1011.36,0.03,26352,-47,45,34,46,54,29,42,54,128,118,4740,1382,214,21,11,0,487.87
 0h00:45.587 2026/01/27T03:00:05z: p:1011.37 gasR:640200.06 iaq:161.84(0) T:11.54(17.15) H:46.57(32.96) sIaq:487.88(0) Stabilization:1 Run in:0
 0h00:46.030 2026/01/27T03:00:05z: DATA A(18),52,46,32,1011.37,0.03,26352,-45,46,34,47,55,29,42,55,130,118,4806,1406,214,23,10,0,487.88
 0h00:46.586 2026/01/27T03:00:06z: p:1011.37 gasR:644430.44 iaq:161.84(0) T:11.56(17.17) H:46.53(32.93) sIaq:487.88(0) Stabilization:1 Run in:0
 0h00:46.866 2026/01/27T03:00:06z: DATA A(19),52,46,32,1011.37,0.02,26352,-46,46,34,47,55,29,42,55,130,118,4806,1406,214,23,10,0,487.88
 0h00:47.586 2026/01/27T03:00:07z: p:1011.36 gasR:644430.44 iaq:161.84(0) T:11.58(17.18) H:46.51(32.91) sIaq:487.88(0) Stabilization:1 Run in:0
 0h00:47.702 2026/01/27T03:00:07z: DATA A(20),52,46,32,1011.36,0.02,26352,-46,47,34,47,55,29,42,55,130,118,4806,1406,214,23,10,0,487.88
 0h00:48.587 2026/01/27T03:00:08z: p:1011.35 gasR:645039.38 iaq:161.84(0) T:11.60(17.20) H:46.45(32.86) sIaq:487.88(0) Stabilization:1 Run in:0
 0h00:48.609 2026/01/27T03:00:08z: DATA A(21),52,46,32,1011.35,0.03,26352,-47,48,33,46,52,29,42,52,128,118,4656,1362,208,21,8,0,487.88
 0h00:49.587 2026/01/27T03:00:09z: p:1011.35 gasR:646260.62 iaq:161.85(0) T:11.62(17.22) H:46.42(32.83) sIaq:487.89(0) Stabilization:1 Run in:0
 0h00:50.586 2026/01/27T03:00:10z: p:1011.35 gasR:649334.19 iaq:161.85(0) T:11.63(17.23) H:46.42(32.82) sIaq:487.89(0) Stabilization:1 Run in:0
 0h00:50.936 2026/01/27T03:00:10z: DATA B(17),52,46,32,1011.35,0.02,26352,-49,50,28,41,47,27,40,47,116,113,3954,1184,160,20,7,3,487.89
 0h00:51.586 2026/01/27T03:00:11z: p:1011.35 gasR:650571.81 iaq:161.85(0) T:11.64(17.24) H:46.38(32.77) sIaq:487.89(0) Stabilization:1 Run in:0
 0h00:51.840 2026/01/27T03:00:11z: DATA B(18),52,46,32,1011.35,0.03,26352,-50,51,30,41,47,27,40,47,116,113,3996,1190,170,20,8,3,487.89
 0h00:52.586 2026/01/27T03:00:12z: p:1011.35 gasR:649334.19 iaq:161.85(0) T:11.66(17.26) H:46.35(32.76) sIaq:487.89(0) Stabilization:1 Run in:0
 0h00:52.672 2026/01/27T03:00:12z: DATA B(19),52,46,32,1011.35,0.03,26352,-50,52,29,41,47,27,39,47,116,111,3996,1190,170,20,8,3,487.89
 0h00:53.504 2026/01/27T03:00:13z: DATA B(20),52,46,32,1011.35,0.03,26352,-50,53,29,41,47,27,39,47,116,111,3996,1190,170,20,8,3,487.89
 0h00:53.586 2026/01/27T03:00:13z: p:1011.36 gasR:653686.56 iaq:161.85(0) T:11.67(17.27) H:46.32(32.72) sIaq:487.89(0) Stabilization:1 Run in:0
 0h00:54.408 2026/01/27T03:00:14z: DATA B(21),53,46,32,1011.36,0.03,26352,-50,54,28,39,46,27,38,46,111,108,3948,1170,168,18,7,3,487.89
 0h00:54.587 2026/01/27T03:00:14z: p:1011.34 gasR:658732.69 iaq:161.85(0) T:11.68(17.29) H:46.33(32.72) sIaq:487.89(0) Stabilization:1 Run in:0
 0h00:55.441 2026/01/27T03:00:15z: DATA A(22),53,46,32,1011.34,0.03,26032,-50,55,32,45,55,28,42,55,126,118,4476,1314,206,28,13,1,487.89
 0h00:55.586 2026/01/27T03:00:15z: p:1011.35 gasR:658732.69 iaq:161.84(0) T:11.69(17.30) H:46.31(32.69) sIaq:487.88(0) Stabilization:1 Run in:0
 0h00:56.349 2026/01/27T03:00:15z: DATA A(23),53,46,32,1011.35,0.03,26352,-50,56,32,45,55,28,42,55,126,118,4512,1318,210,28,13,1,487.88
 0h00:56.586 2026/01/27T03:00:16z: p:1011.36 gasR:659368.94 iaq:161.84(0) T:11.71(17.31) H:46.28(32.67) sIaq:487.88(0) Stabilization:1 Run in:0
 0h00:57.186 2026/01/27T03:00:16z: DATA A(24),53,46,32,1011.36,0.03,26352,-50,57,31,45,55,28,41,55,126,116,4512,1318,210,28,13,1,487.88
 0h00:57.586 2026/01/27T03:00:17z: p:1011.33 gasR:656831.31 iaq:161.84(0) T:11.72(17.32) H:46.24(32.62) sIaq:487.88(0) Stabilization:1 Run in:0
 0h00:58.022 2026/01/27T03:00:17z: DATA A(25),53,46,32,1011.33,0.03,26352,-50,58,31,45,55,28,41,55,126,116,4512,1318,210,28,13,1,487.88
 0h00:58.586 2026/01/27T03:00:18z: p:1011.34 gasR:660645.19 iaq:161.84(0) T:11.72(17.32) H:46.24(32.60) sIaq:487.88(0) Stabilization:1 Run in:0
 0h00:58.930 2026/01/27T03:00:18z: DATA A(26),53,46,32,1011.34,0.03,26352,-50,58,31,45,52,28,41,52,126,116,4536,1324,192,23,10,1,487.88
 0h00:59.586 2026/01/27T03:00:19z: p:1011.36 gasR:660006.44 iaq:161.84(0) T:11.72(17.33) H:46.24(32.57) sIaq:487.88(0) Stabilization:1 Run in:0
 0h01:00.587 2026/01/27T03:00:20z: p:1011.35 gasR:663857.38 iaq:161.84(0) T:11.73(17.33) H:46.27(32.57) sIaq:487.87(0) Stabilization:1 Run in:0
 0h01:01.209 2026/01/27T03:00:20z: DATA B(22),53,46,32,1011.35,0.03,26352,-50,61,28,39,47,27,38,47,111,108,3960,1160,170,18,8,3,487.87
 0h01:01.587 2026/01/27T03:00:21z: p:1011.34 gasR:663857.38 iaq:161.84(0) T:11.73(17.34) H:46.25(32.55) sIaq:487.87(0) Stabilization:1 Run in:0
 0h01:02.113 2026/01/27T03:00:21z: DATA B(23),53,46,32,1011.34,0.03,26352,-50,62,28,39,46,27,38,46,111,108,3978,1164,172,16,8,2,487.87
 0h01:02.586 2026/01/27T03:00:22z: p:1011.34 gasR:664503.56 iaq:161.84(0) T:11.74(17.34) H:46.20(32.50) sIaq:487.86(0) Stabilization:1 Run in:0
 0h01:02.945 2026/01/27T03:00:22z: DATA B(24),53,46,32,1011.34,0.03,26352,-50,62,28,39,46,27,38,46,111,108,3978,1164,172,16,8,2,487.86
 0h01:03.586 2026/01/27T03:00:23z: p:1011.36 gasR:668407.31 iaq:161.84(0) T:11.76(17.36) H:46.15(32.47) sIaq:487.85(0) Stabilization:1 Run in:0
 0h01:03.777 2026/01/27T03:00:23z: DATA B(25),53,46,32,1011.36,0.03,26352,-50,63,28,39,46,27,38,46,111,108,3978,1164,172,16,8,2,487.85
 0h01:04.587 2026/01/27T03:00:24z: p:1011.35 gasR:669062.38 iaq:161.83(0) T:11.76(17.36) H:46.15(32.45) sIaq:487.85(0) Stabilization:1 Run in:0
 0h01:05.587 2026/01/27T03:00:25z: p:1011.35 gasR:669062.38 iaq:161.83(0) T:11.76(17.37) H:46.15(32.44) sIaq:487.84(0) Stabilization:1 Run in:0
 0h01:05.762 2026/01/27T03:00:25z: DATA A(27),53,46,32,1011.35,0.03,26352,-49,65,30,42,51,28,40,51,118,113,4332,1260,196,23,12,1,487.84
 0h01:06.586 2026/01/27T03:00:26z: p:1011.36 gasR:669718.75 iaq:161.83(0) T:11.77(17.38) H:46.12(32.41) sIaq:487.83(0) Stabilization:1 Run in:0
 0h01:06.670 2026/01/27T03:00:26z: DATA A(28),53,46,32,1011.36,0.03,26352,-49,66,29,41,51,27,39,51,116,111,4314,1242,178,26,13,2,487.83
 0h01:07.506 2026/01/27T03:00:27z: DATA A(29),53,46,32,1011.36,0.03,26352,-51,67,29,41,51,27,39,51,116,111,4314,1242,178,26,13,2,487.83
 0h01:07.587 2026/01/27T03:00:27z: p:1011.41 gasR:669062.38 iaq:161.83(0) T:11.77(17.37) H:46.11(32.38) sIaq:487.83(0) Stabilization:1 Run in:0
 0h01:08.342 2026/01/27T03:00:27z: DATA A(30),53,46,32,1011.41,0.02,26040,-50,68,29,41,51,27,39,51,116,111,4314,1242,178,26,13,2,487.83
 0h01:08.587 2026/01/27T03:00:28z: p:1011.37 gasR:671695.62 iaq:161.83(0) T:11.79(17.39) H:46.08(32.38) sIaq:487.82(0) Stabilization:1 Run in:0
 0h01:09.250 2026/01/27T03:00:28z: DATA A(31),53,46,32,1011.37,0.03,26352,-51,69,29,41,51,27,39,51,116,111,4194,1220,180,28,13,2,487.82
 0h01:09.587 2026/01/27T03:00:29z: p:1011.37 gasR:669062.38 iaq:161.83(0) T:11.80(17.40) H:46.06(32.36) sIaq:487.81(0) Stabilization:1 Run in:0
 0h01:10.586 2026/01/27T03:00:30z: p:1011.37 gasR:673020.06 iaq:161.82(0) T:11.80(17.40) H:46.00(32.29) sIaq:487.81(0) Stabilization:1 Run in:0
 0h01:10.650 2026/01/27T03:00:30z: DATA B(26),53,45,32,1011.37,0.03,26352,-50,70,26,40,46,25,38,46,113,108,3798,1110,184,22,9,2,487.81
 0h01:11.482 2026/01/27T03:00:31z: DATA B(27),53,45,32,1011.37,0.03,26352,-50,71,26,40,46,25,38,46,113,108,3798,1110,184,22,9,2,487.81
 0h01:11.586 2026/01/27T03:00:31z: p:1011.37 gasR:674349.69 iaq:161.82(0) T:11.82(17.42) H:46.02(32.33) sIaq:487.80(0) Stabilization:1 Run in:0
 0h01:12.386 2026/01/27T03:00:32z: DATA B(28),53,46,32,1011.37,0.02,26352,-50,72,26,38,45,25,37,45,108,106,3792,1096,176,21,8,2,487.80
 0h01:12.586 2026/01/27T03:00:32z: p:1011.35 gasR:676354.00 iaq:161.82(0) T:11.81(17.42) H:46.07(32.33) sIaq:487.78(0) Stabilization:1 Run in:0
 0h01:13.218 2026/01/27T03:00:32z: DATA B(29),53,46,32,1011.35,0.03,26352,-50,73,26,38,44,24,37,44,108,106,3792,1096,176,21,8,2,487.78
 0h01:13.586 2026/01/27T03:00:33z: p:1011.35 gasR:675016.50 iaq:161.82(0) T:11.83(17.43) H:45.99(32.29) sIaq:487.78(0) Stabilization:1 Run in:0
 0h01:14.050 2026/01/27T03:00:33z: DATA B(30),53,45,32,1011.35,0.03,26352,-50,74,26,38,44,24,37,44,108,106,3792,1096,176,21,8,2,487.78
 0h01:14.586 2026/01/27T03:00:34z: p:1011.35 gasR:679721.19 iaq:161.81(0) T:11.83(17.43) H:46.01(32.29) sIaq:487.76(0) Stabilization:1 Run in:0
 0h01:15.586 2026/01/27T03:00:35z: p:1011.35 gasR:674349.69 iaq:161.81(0) T:11.84(17.44) H:46.01(32.29) sIaq:487.76(0) Stabilization:1 Run in:0
 0h01:16.082 2026/01/27T03:00:35z: DATA A(32),53,46,32,1011.35,0.03,26352,-49,76,29,40,49,27,39,49,113,111,4296,1224,172,22,12,2,487.76
 0h01:16.586 2026/01/27T03:00:36z: p:1011.37 gasR:676354.00 iaq:161.81(0) T:11.85(17.45) H:45.99(32.27) sIaq:487.75(0) Stabilization:1 Run in:0
 0h01:16.990 2026/01/27T03:00:36z: DATA A(33),53,45,32,1011.37,0.02,26352,-49,76,29,40,44,27,39,44,113,111,4284,1222,164,13,5,1,487.75
 0h01:17.587 2026/01/27T03:00:37z: p:1011.37 gasR:684492.00 iaq:161.69(0) T:11.85(17.45) H:46.00(32.26) sIaq:487.29(0) Stabilization:1 Run in:0
 0h01:17.826 2026/01/27T03:00:37z: DATA A(34),53,46,32,1011.37,0.02,26352,-49,77,29,40,44,27,39,44,113,111,4284,1222,164,13,5,1,487.29
 0h01:18.586 2026/01/27T03:00:38z: p:1011.37 gasR:682439.19 iaq:161.61(0) T:11.86(17.46) H:45.98(32.25) sIaq:486.95(0) Stabilization:1 Run in:0
 0h01:18.662 2026/01/27T03:00:38z: DATA A(35),53,45,32,1011.37,0.03,26352,-49,78,29,40,44,27,39,44,113,111,4284,1222,164,13,5,1,486.95
 0h01:19.570 2026/01/27T03:00:39z: DATA A(36),53,45,32,1011.37,0.03,26352,-49,79,29,41,45,27,39,45,116,111,4302,1236,166,16,5,1,486.95
 0h01:19.590 2026/01/27T03:00:39z: p:1011.36 gasR:683122.06 iaq:161.53(0) T:11.88(17.46) H:45.92(32.24) sIaq:486.64(0) Stabilization:1 Run in:0
 0h01:20.590 2026/01/27T03:00:40z: p:1011.36 gasR:683806.38 iaq:161.45(0) T:11.85(17.45) H:46.01(32.22) sIaq:486.33(0) Stabilization:1 Run in:0
 0h01:20.923 2026/01/27T03:00:40z: DATA B(31),53,46,32,1011.36,0.03,26352,-49,80,27,39,46,26,38,46,111,108,3972,1140,184,23,8,1,486.33
 0h01:21.589 2026/01/27T03:00:41z: p:1011.38 gasR:687248.31 iaq:161.35(0) T:11.86(17.47) H:45.98(32.22) sIaq:485.95(0) Stabilization:1 Run in:0
 0h01:21.756 2026/01/27T03:00:41z: DATA B(32),53,45,32,1011.38,0.03,26352,-54,81,27,39,46,26,38,46,111,108,3972,1140,184,23,8,1,485.95
 0h01:22.590 2026/01/27T03:00:42z: p:1011.35 gasR:683806.38 iaq:161.30(0) T:11.85(17.45) H:46.01(32.21) sIaq:485.74(0) Stabilization:1 Run in:0
 0h01:22.659 2026/01/27T03:00:42z: DATA B(33),53,46,32,1011.35,0.03,26352,-49,82,27,39,49,26,38,49,111,108,4008,1154,194,27,13,1,485.74
 0h01:23.491 2026/01/27T03:00:43z: DATA B(34),53,46,32,1011.35,0.03,26352,-49,83,27,39,49,26,38,49,111,108,4008,1154,194,27,13,1,485.74
 0h01:23.589 2026/01/27T03:00:43z: p:1011.37 gasR:685179.00 iaq:161.24(0) T:11.84(17.44) H:46.04(32.19) sIaq:485.50(0) Stabilization:1 Run in:0
 0h01:24.324 2026/01/27T03:00:43z: DATA B(35),53,46,32,1011.37,0.03,26352,-49,84,27,39,49,26,38,49,111,108,4008,1154,194,27,13,1,485.50
 0h01:24.590 2026/01/27T03:00:44z: p:1011.36 gasR:683806.38 iaq:161.19(0) T:11.83(17.43) H:46.07(32.18) sIaq:485.34(0) Stabilization:1 Run in:0
 0h01:25.589 2026/01/27T03:00:45z: p:1011.37 gasR:686557.19 iaq:161.13(0) T:11.81(17.42) H:46.11(32.17) sIaq:485.10(0) Stabilization:1 Run in:0
 0h01:26.402 2026/01/27T03:00:46z: DATA A(37),53,46,32,1011.37,0.03,26352,-50,86,29,41,45,27,39,45,116,111,4284,1228,174,18,5,2,485.10
 0h01:26.589 2026/01/27T03:00:46z: p:1011.38 gasR:692125.69 iaq:161.03(0) T:11.81(17.41) H:46.12(32.17) sIaq:484.70(0) Stabilization:1 Run in:0
 0h01:27.310 2026/01/27T03:00:46z: DATA A(38),53,46,32,1011.38,0.03,26352,-49,87,30,41,45,28,39,45,116,111,4404,1264,154,18,5,2,484.70
 0h01:27.589 2026/01/27T03:00:47z: p:1011.37 gasR:686557.19 iaq:160.99(0) T:11.81(17.41) H:46.10(32.15) sIaq:484.55(0) Stabilization:1 Run in:0
 0h01:28.146 2026/01/27T03:00:47z: DATA A(39),53,46,32,1011.37,0.03,26352,-50,88,30,41,45,28,39,45,116,111,4404,1264,154,18,5,2,484.55
 0h01:28.590 2026/01/27T03:00:48z: p:1011.37 gasR:687940.88 iaq:160.94(0) T:11.80(17.41) H:46.11(32.14) sIaq:484.36(0) Stabilization:1 Run in:0
 0h01:28.983 2026/01/27T03:00:48z: DATA A(40),53,46,32,1011.37,0.02,26352,-50,88,30,41,45,28,39,45,116,111,4404,1264,154,18,5,2,484.36
 0h01:29.589 2026/01/27T03:00:49z: p:1011.36 gasR:689330.19 iaq:160.89(0) T:11.80(17.41) H:46.09(32.13) sIaq:484.15(0) Stabilization:1 Run in:0
 0h01:29.890 2026/01/27T03:00:49z: DATA A(41),53,46,32,1011.36,0.02,26352,-49,89,30,40,44,28,39,44,113,111,4302,1232,144,16,5,2,484.15
 0h01:30.589 2026/01/27T03:00:50z: p:1011.37 gasR:690026.94 iaq:160.84(0) T:11.80(17.40) H:46.08(32.11) sIaq:483.94(0) Stabilization:1 Run in:0
 0h01:31.197 2026/01/27T03:00:50z: DATA B(36),53,46,32,1011.37,0.03,26352,-50,91,28,41,52,27,39,52,116,111,4122,1170,198,33,15,1,483.94
 0h01:31.589 2026/01/27T03:00:51z: p:1011.36 gasR:692125.69 iaq:160.77(0) T:11.79(17.39) H:46.09(32.10) sIaq:483.69(0) Stabilization:1 Run in:0
 0h01:32.029 2026/01/27T03:00:51z: DATA B(37),53,46,32,1011.36,0.03,26352,-49,92,28,41,52,27,39,52,116,111,4122,1170,198,33,15,1,483.69
 0h01:32.590 2026/01/27T03:00:52z: p:1011.37 gasR:687940.88 iaq:160.75(0) T:11.79(17.39) H:46.06(32.08) sIaq:483.61(0) Stabilization:1 Run in:0
 0h01:32.933 2026/01/27T03:00:52z: DATA B(38),53,46,32,1011.37,0.02,26352,-49,92,29,41,51,27,39,51,116,111,4152,1176,194,33,13,1,483.61
 0h01:33.590 2026/01/27T03:00:53z: p:1011.36 gasR:687940.88 iaq:160.74(0) T:11.78(17.38) H:46.08(32.08) sIaq:483.54(0) Stabilization:1 Run in:0
 0h01:33.765 2026/01/27T03:00:53z: DATA B(39),53,46,32,1011.36,0.02,26352,-49,93,29,41,51,27,39,51,116,111,4152,1176,194,33,13,1,483.54
 0h01:34.590 2026/01/27T03:00:54z: p:1011.37 gasR:687940.88 iaq:160.72(0) T:11.79(17.39) H:46.05(32.07) sIaq:483.48(0) Stabilization:1 Run in:0
 0h01:34.606 2026/01/27T03:00:54z: DATA B(40),53,46,32,1011.37,0.03,26352,-49,94,29,41,51,27,39,51,116,111,4152,1176,194,33,13,1,483.48
 0h01:35.589 2026/01/27T03:00:55z: p:1011.35 gasR:687248.31 iaq:160.71(0) T:11.78(17.38) H:46.04(32.05) sIaq:483.46(0) Stabilization:1 Run in:0
 0h01:36.590 2026/01/27T03:00:56z: p:1011.37 gasR:687940.88 iaq:160.70(0) T:11.78(17.38) H:46.01(32.03) sIaq:483.41(0) Stabilization:1 Run in:0
 0h01:37.010 2026/01/27T03:00:56z: DATA A(42),53,46,32,1011.37,0.02,26352,-49,97,32,42,50,28,39,50,118,111,4422,1310,174,17,11,1,483.41
 0h01:37.589 2026/01/27T03:00:57z: p:1011.34 gasR:693532.00 iaq:160.64(0) T:11.76(17.36) H:46.07(32.03) sIaq:483.18(0) Stabilization:1 Run in:0
 0h01:37.918 2026/01/27T03:00:57z: DATA A(43),53,46,32,1011.34,0.03,26352,-48,97,32,41,50,28,39,50,116,111,4410,1298,168,20,14,1,483.18
 0h01:38.589 2026/01/27T03:00:58z: p:1011.37 gasR:693532.00 iaq:160.59(0) T:11.76(17.36) H:46.03(32.02) sIaq:482.98(0) Stabilization:1 Run in:0
 0h01:38.826 2026/01/27T03:00:58z: DATA A(44),53,46,32,1011.37,0.03,26352,-48,98,31,41,50,28,39,50,116,111,4416,1290,168,18,14,0,482.98
 0h01:39.589 2026/01/27T03:00:59z: p:1011.36 gasR:695652.19 iaq:160.53(0) T:11.76(17.37) H:45.99(32.00) sIaq:482.73(0) Stabilization:1 Run in:0
 0h01:39.734 2026/01/27T03:00:59z: DATA A(45),53,45,32,1011.36,0.03,26352,-47,99,30,41,51,28,39,51,116,111,4326,1274,184,20,14,0,482.73
 0h01:40.589 2026/01/27T03:01:00z: p:1011.36 gasR:693532.00 iaq:160.49(0) T:11.75(17.35) H:46.02(31.99) sIaq:482.58(0) Stabilization:1 Run in:0
 0h01:41.470 2026/01/27T03:01:01z: DATA B(41),53,46,32,1011.36,0.03,26352,-47,101,31,43,56,28,41,56,121,116,4362,1250,204,31,17,2,482.58
 0h01:41.589 2026/01/27T03:01:01z: p:1011.36 gasR:694237.31 iaq:160.45(0) T:11.76(17.36) H:45.93(31.96) sIaq:482.43(0) Stabilization:1 Run in:0
 0h01:42.302 2026/01/27T03:01:01z: DATA B(42),53,45,32,1011.36,0.03,26352,-46,102,31,43,56,28,41,56,121,116,4362,1250,204,31,17,2,482.43
 0h01:42.589 2026/01/27T03:01:02z: p:1011.35 gasR:694944.00 iaq:160.41(0) T:11.75(17.36) H:45.97(31.97) sIaq:482.27(0) Stabilization:1 Run in:0
 0h01:43.206 2026/01/27T03:01:02z: DATA B(43),53,45,32,1011.35,0.02,26352,-46,103,30,43,57,27,41,56,121,116,4296,1248,206,33,18,2,482.27
{"SensorId":"48:3f:da:26:d5:2a","DateTime":"2026/01/27T03:01:03z","Geo":"PurpleAir-d52a","Mem":26352,"memfrag":1,"memfb":26280,"memcs":568,"Id":1,"lat":0.000000,"lon":0.000000,"Adc":"nan","loggingrate":15,"place":"outside","version":"7.04","uptime":103,"rssi":-45,"period":103,"httpsuccess":0,"httpsends":0,"hardwareversion":"3.0","hardwarediscovered":"3.0+RV3028+BME68X+PMSX003-A+PMSX003-B","current_temp_f":53,"current_humidity":45,"current_dewpoint_f":32,"pressure":1011.35,"current_temp_f_680":53,"current_humidity_680":45,"current_dewpoint_f_680":32,"pressure_680":1011.35,"gas_680":"nan","p25aqic_b":"rgb(255,125,0)","pm2.5_aqi_b":111,"pm1_0_cf_1_b":28.47,"p_0_3_um_b":4041.63,"pm2_5_cf_1_b":40.86,"p_0_5_um_b":1177.16,"pm10_0_cf_1_b":48.23,"p_1_0_um_b":180.19,"pm1_0_atm_b":26.77,"p_2_5_um_b":23.93,"pm2_5_atm_b":39.12,"p_5_0_um_b":8.95,"pm10_0_atm_b":48.21,"p_10_0_um_b":1.70,"p25aqic":"rgb(255,123,0)","pm2.5_aqi":114,"pm1_0_cf_1":30.73,"p_0_3_um":4435.33,"pm2_5_cf_1":42.84,"p_0_5_um":1284.36,"pm10_0_cf_1":51.56,"p_1_0_um":184.62,"pm1_0_atm":27.73,"p_2_5_um":23.78,"pm2_5_atm":40.13,"p_5_0_um":12.04,"pm10_0_atm":51.18,"p_10_0_um":0.80,"wlstate":"Failed","status_0":0,"status_1":0,"status_2":0,"status_3":0,"status_4":2,"status_5":2,"status_7":0,"status_8":2,"status_9":2}
 0h01:43.706 2026/01/27T03:01:03z: update.purpleair.com:80/firmware/2mb/update.asp
 0h01:43.713 2026/01/27T03:01:03z: Error: -1
1 BSEC warning code : 100

UTCDateTime,mac_address,firmware_ver,hardware,current_temp_f,current_humidity,current_dewpoint_f,pressure,adc,mem,rssi,uptime,pm1_0_cf_1,pm2_5_cf_1,pm10_0_cf_1,pm1_0_atm,pm2_5_atm,pm10_0_atm,pm2.5_aqi_cf_1,pm2.5_aqi_atm,p_0_3_um,p_0_5_um,p_1_0_um,p_2_5_um,p_5_0_um,p_10_0_um,pm1_0_cf_1_b,pm2_5_cf_1_b,pm10_0_cf_1_b,pm1_0_atm_b,pm2_5_atm_b,pm10_0_atm_b,pm2.5_aqi_cf_1_b,pm2.5_aqi_atm_b,p_0_3_um_b,p_0_5_um_b,p_1_0_um_b,p_2_5_um_b,p_5_0_um_b,p_10_0_um_b,gas
2026/01/27T03:01:03z,48:3f:da:26:d5:2a,7.04,3.0+RV3028+BME68X+PMSX003-A+PMSX003-B,53,45,32,1011.35,nan,26352,-47,103,30.73,42.84,51.56,27.73,40.13,51.18,120,114,4435.33,1284.36,184.62,23.78,12.04,0.80,28.47,40.86,48.23,26.77,39.12,48.21,115,111,4041.63,1177.16,180.19,23.93,8.95,1.70,nan
1 BSEC warning code : 100

1 BSEC warning code : 100

1 BSEC warning code : 100

1 BSEC warning code : 100

1 BSEC warning code : 100

1 BSEC warning code : 100

1 BSEC warning code : 100

1 BSEC warning code : 100

1 BSEC warning code : 100

1 BSEC warning code : 100

 ets Jan  8 2013,rst cause:1, boot mode:(3,7)

load 0x4010f000, len 1384, room 16 
tail 8
chksum 0x2d
csum 0x2d
v8b899c12
~ld


7.04
 0h00:00.278 1970/01/01T08:00:00z: SPIFFS Active
 0h00:03.952 2026/01/27T17:27:32z: 48:3f:da:26:d5:2a
 0h00:03.954 2026/01/27T17:27:32z: SSID: VALIS
1 BSEC warning code : 100

1 BSEC warning code : 100

1 BSEC warning code : 100

1 BSEC warning code : 100

1 BSEC warning code : 100

1 BSEC warning code : 100

1 BSEC warning code : 100

1 BSEC warning code : 100

1 BSEC warning code : 100

1 BSEC warning code : 100

 ets Jan  8 2013,rst cause:1, boot mode:(3,7)

load 0x4010f000, len 1384, room 16 
tail 8
chksum 0x2d
csum 0x2d
v8b899c12
~ld


7.04
 0h00:00.280 1970/01/01T08:00:00z: SPIFFS Active
 0h00:03.954 2026/01/27T17:47:17z: 48:3f:da:26:d5:2a
 0h00:03.956 2026/01/27T17:47:17z: SSID: VALIS
1 BSEC warning code : 100

1 BSEC warning code : 100

1 BSEC warning code : 100

1 BSEC warning code : 100

1 BSEC warning code : 100

1 BSEC warning code : 100

1 BSEC warning code : 100

1 BSEC warning code : 100

1 BSEC warning code : 100

1 BSEC warning code : 100

 ets Jan  8 2013,rst cause:1, boot mode:(3,7)

load 0x4010f000, len 1384, room 16 
tail 8
chksum 0x2d
csum 0x2d
v8b899c12
~ld


7.04
 0h00:00.281 1970/01/01T08:00:00z: SPIFFS Active
 0h00:03.955 2026/01/27T18:07:02z: 48:3f:da:26:d5:2a
 0h00:03.957 2026/01/27T18:07:02z: SSID: VALIS
1 BSEC warning code : 100

1 BSEC warning code : 100

1 BSEC warning code : 100

1 BSEC warning code : 100

1 BSEC warning code : 100

1 BSEC warning code : 100

1 BSEC warning code : 100

1 BSEC warning code : 100

1 BSEC warning code : 100

1 BSEC warning code : 100

 ets Jan  8 2013,rst cause:1, boot mode:(3,7)

load 0x4010f000, len 1384, room 16 
tail 8
chksum 0x2d
csum 0x2d
v8b899c12
~ld


7.04
 0h00:00.283 1970/01/01T08:00:00z: SPIFFS Active
 0h00:03.957 2026/01/27T18:26:48z: 48:3f:da:26:d5:2a
 0h00:03.958 2026/01/27T18:26:48z: SSID: VALIS
1 BSEC warning code : 100

1 BSEC warning code : 100

1 BSEC warning code : 100

1 BSEC warning code : 100

1 BSEC warning code : 100

1 BSEC warning code : 100

1 BSEC warning code : 100

1 BSEC warning code : 100

1 BSEC warning code : 100

1 BSEC warning code : 100

 ets Jan  8 2013,rst cause:1, boot mode:(3,7)

load 0x4010f000, len 1384, room 16 
tail 8
chksum 0x2d
csum 0x2d
v8b899c12
~ld


7.04
 0h00:00.276 1970/01/01T08:00:00z: SPIFFS Active
 0h00:03.949 2026/01/27T18:46:33z: 48:3f:da:26:d5:2a
 0h00:03.951 2026/01/27T18:46:33z: SSID: VALIS
1 BSEC warning code : 100

1 BSEC warning code : 100

1 BSEC warning code : 100

1 BSEC warning code : 100

1 BSEC warning code : 100

1 BSEC warning code : 100

1 BSEC warning code : 100

1 BSEC warning code : 100

1 BSEC warning code : 100

1 BSEC warning code : 100

 ets Jan  8 2013,rst cause:1, boot mode:(3,7)

load 0x4010f000, len 1384, room 16 
tail 8
chksum 0x2d
csum 0x2d
v8b899c12
~ld


7.04
 0h00:00.284 1970/01/01T08:00:00z: SPIFFS Active
 0h00:03.958 2026/01/27T19:06:18z: 48:3f:da:26:d5:2a
 0h00:03.960 2026/01/27T19:06:18z: SSID: VALIS
1 BSEC warning code : 100

1 BSEC warning code : 100

1 BSEC warning code : 100

1 BSEC warning code : 100

1 BSEC warning code : 100

1 BSEC warning code : 100

1 BSEC warning code : 100

1 BSEC warning code : 100

1 BSEC warning code : 100

1 BSEC warning code : 100

 ets Jan  8 2013,rst cause:1, boot mode:(3,7)

load 0x4010f000, len 1384, room 16 
tail 8
chksum 0x2d
csum 0x2d
v8b899c12
~ld


7.04
 0h00:00.278 1970/01/01T08:00:00z: SPIFFS Active
 0h00:03.952 2026/01/27T19:26:04z: 48:3f:da:26:d5:2a
 0h00:03.954 2026/01/27T19:26:04z: SSID: VALIS
1 BSEC warning code : 100

1 BSEC warning code : 100

1 BSEC warning code : 100

1 BSEC warning code : 100

1 BSEC warning code : 100

1 BSEC warning code : 100

1 BSEC warning code : 100

1 BSEC warning code : 100

1 BSEC warning code : 100

1 BSEC warning code : 100

 ets Jan  8 2013,rst cause:1, boot mode:(3,7)

load 0x4010f000, len 1384, room 16 
tail 8
chksum 0x2d
csum 0x2d
v8b899c12
~ld


7.04
 0h00:00.278 1970/01/01T08:00:00z: SPIFFS Active
 0h00:03.952 2026/01/27T19:45:49z: 48:3f:da:26:d5:2a
 0h00:03.954 2026/01/27T19:45:49z: SSID: VALIS
1 BSEC warning code : 100

1 BSEC warning code : 100

1 BSEC warning code : 100

1 BSEC warning code : 100

1 BSEC warning code : 100

1 BSEC warning code : 100

1 BSEC warning code : 100

1 BSEC warning code : 100

1 BSEC warning code : 100

1 BSEC warning code : 100

 ets Jan  8 2013,rst cause:1, boot mode:(3,7)

load 0x4010f000, len 1384, room 16 
tail 8
chksum 0x2d
csum 0x2d
v8b899c12
~ld


7.04
 0h00:00.282 1970/01/01T08:00:00z: SPIFFS Active
 0h00:03.956 2026/01/27T20:05:34z: 48:3f:da:26:d5:2a
 0h00:03.957 2026/01/27T20:05:34z: SSID: VALIS
1 BSEC warning code : 100

1 BSEC warning code : 100

1 BSEC warning code : 100

1 BSEC warning code : 100

1 BSEC warning code : 100

1 BSEC warning code : 100

1 BSEC warning code : 100

1 BSEC warning code : 100

1 BSEC warning code : 100

1 BSEC warning code : 100

 ets Jan  8 2013,rst cause:1, boot mode:(3,7)

load 0x4010f000, len 1384, room 16 
tail 8
chksum 0x2d
csum 0x2d
v8b899c12
~ld


7.04
 0h00:00.282 1970/01/01T08:00:00z: SPIFFS Active
 0h00:03.956 2026/01/27T20:25:20z: 48:3f:da:26:d5:2a
 0h00:03.957 2026/01/27T20:25:20z: SSID: VALIS
1 BSEC warning code : 100

1 BSEC warning code : 100

1 BSEC warning code : 100

1 BSEC warning code : 100

1 BSEC warning code : 100

1 BSEC warning code : 100

1 BSEC warning code : 100

1 BSEC warning code : 100

1 BSEC warning code : 100

1 BSEC warning code : 100

 ets Jan  8 2013,rst cause:1, boot mode:(3,7)

load 0x4010f000, len 1384, room 16 
tail 8
chksum 0x2d
csum 0x2d
v8b899c12
~ld


7.04
 0h00:00.276 1970/01/01T08:00:00z: SPIFFS Active
 0h00:03.950 2026/01/27T20:45:05z: 48:3f:da:26:d5:2a
 0h00:03.952 2026/01/27T20:45:05z: SSID: VALIS
1 BSEC warning code : 100

1 BSEC warning code : 100

1 BSEC warning code : 100

1 BSEC warning code : 100

1 BSEC warning code : 100

1 BSEC warning code : 100

1 BSEC warning code : 100

1 BSEC warning code : 100

1 BSEC warning code : 100

1 BSEC warning code : 100

 ets Jan  8 2013,rst cause:1, boot mode:(3,7)

load 0x4010f000, len 1384, room 16 
tail 8
chksum 0x2d
csum 0x2d
v8b899c12
~ld


7.04
 0h00:00.278 1970/01/01T08:00:00z: SPIFFS Active
 0h00:03.952 2026/01/27T21:04:50z: 48:3f:da:26:d5:2a
 0h00:03.954 2026/01/27T21:04:50z: SSID: VALIS
1 BSEC warning code : 100

1 BSEC warning code : 100

1 BSEC warning code : 100

1 BSEC warning code : 100

1 BSEC warning code : 100

1 BSEC warning code : 100

1 BSEC warning code : 100

1 BSEC warning code : 100

1 BSEC warning code : 100

1 BSEC warning code : 100

 ets Jan  8 2013,rst cause:1, boot mode:(3,7)

load 0x4010f000, len 1384, room 16 
tail 8
chksum 0x2d
csum 0x2d
v8b899c12
~ld


7.04
 0h00:00.275 1970/01/01T08:00:00z: SPIFFS Active
 0h00:03.949 2026/01/27T21:24:36z: 48:3f:da:26:d5:2a
 0h00:03.950 2026/01/27T21:24:36z: SSID: VALIS
1 BSEC warning code : 100

1 BSEC warning code : 100

1 BSEC warning code : 100

1 BSEC warning code : 100

1 BSEC warning code : 100

1 BSEC warning code : 100

1 BSEC warning code : 100

1 BSEC warning code : 100

1 BSEC warning code : 100

1 BSEC warning code : 100

 ets Jan  8 2013,rst cause:1, boot mode:(3,7)

load 0x4010f000, len 1384, room 16 
tail 8
chksum 0x2d
csum 0x2d
v8b899c12
~ld


7.04
 0h00:00.279 1970/01/01T08:00:00z: SPIFFS Active
 0h00:03.954 2026/01/27T21:44:22z: 48:3f:da:26:d5:2a
 0h00:03.955 2026/01/27T21:44:22z: SSID: VALIS
1 BSEC warning code : 100

1 BSEC warning code : 100

1 BSEC warning code : 100

1 BSEC warning code : 100

1 BSEC warning code : 100

1 BSEC warning code : 100

1 BSEC warning code : 100

1 BSEC warning code : 100

1 BSEC warning code : 100

1 BSEC warning code : 100

 ets Jan  8 2013,rst cause:1, boot mode:(3,7)

load 0x4010f000, len 1384, room 16 
tail 8
chksum 0x2d
csum 0x2d
v8b899c12
~ld


7.04
 0h00:00.273 1970/01/01T08:00:00z: SPIFFS Active
 0h00:03.948 2026/01/27T22:04:08z: 48:3f:da:26:d5:2a
 0h00:03.949 2026/01/27T22:04:08z: SSID: VALIS
1 BSEC warning code : 100

1 BSEC warning code : 100

1 BSEC warning code : 100

1 BSEC warning code : 100

1 BSEC warning code : 100

1 BSEC warning code : 100

1 BSEC warning code : 100

1 BSEC warning code : 100

1 BSEC warning code : 100

1 BSEC warning code : 100

 ets Jan  8 2013,rst cause:1, boot mode:(3,7)

load 0x4010f000, len 1384, room 16 
tail 8
chksum 0x2d
csum 0x2d
v8b899c12
~ld


7.04
 0h00:00.280 1970/01/01T08:00:00z: SPIFFS Active
 0h00:03.954 2026/01/27T22:23:53z: 48:3f:da:26:d5:2a
 0h00:03.956 2026/01/27T22:23:53z: SSID: VALIS
1 BSEC warning code : 100

1 BSEC warning code : 100

1 BSEC warning code : 100

1 BSEC warning code : 100

1 BSEC warning code : 100

1 BSEC warning code : 100

1 BSEC warning code : 100

1 BSEC warning code : 100

1 BSEC warning code : 100

1 BSEC warning code : 100

 ets Jan  8 2013,rst cause:1, boot mode:(3,7)

load 0x4010f000, len 1384, room 16 
tail 8
chksum 0x2d
csum 0x2d
v8b899c12
~ld


7.04
 0h00:00.282 1970/01/01T08:00:00z: SPIFFS Active
 0h00:03.957 2026/01/27T22:43:39z: 48:3f:da:26:d5:2a
 0h00:03.958 2026/01/27T22:43:39z: SSID: VALIS
1 BSEC warning code : 100

1 BSEC warning code : 100

1 BSEC warning code : 100

1 BSEC warning code : 100

1 BSEC warning code : 100

1 BSEC warning code : 100

1 BSEC warning code : 100

1 BSEC warning code : 100

1 BSEC warning code : 100

1 BSEC warning code : 100

 ets Jan  8 2013,rst cause:1, boot mode:(3,7)

load 0x4010f000, len 1384, room 16 
tail 8
chksum 0x2d
csum 0x2d
v8b899c12
~ld


7.04
 0h00:00.281 1970/01/01T08:00:00z: SPIFFS Active
 0h00:03.956 2026/01/27T23:03:23z: 48:3f:da:26:d5:2a
 0h00:03.957 2026/01/27T23:03:23z: SSID: VALIS
1 BSEC warning code : 100

1 BSEC warning code : 100

1 BSEC warning code : 100

1 BSEC warning code : 100

1 BSEC warning code : 100

1 BSEC warning code : 100

1 BSEC warning code : 100

1 BSEC warning code : 100

1 BSEC warning code : 100

1 BSEC warning code : 100

 ets Jan  8 2013,rst cause:1, boot mode:(3,7)

load 0x4010f000, len 1384, room 16 
tail 8
chksum 0x2d
csum 0x2d
v8b899c12
~ld


7.04
 0h00:00.279 1970/01/01T08:00:00z: SPIFFS Active
 0h00:03.953 2026/01/27T23:23:09z: 48:3f:da:26:d5:2a
 0h00:03.955 2026/01/27T23:23:09z: SSID: VALIS
1 BSEC warning code : 100

1 BSEC warning code : 100

1 BSEC warning code : 100

1 BSEC warning code : 100

1 BSEC warning code : 100

1 BSEC warning code : 100

1 BSEC warning code : 100

1 BSEC warning code : 100

1 BSEC warning code : 100

1 BSEC warning code : 100

 ets Jan  8 2013,rst cause:1, boot mode:(3,7)

load 0x4010f000, len 1384, room 16 
tail 8
chksum 0x2d
csum 0x2d
v8b899c12
~ld


7.04
 0h00:00.283 1970/01/01T08:00:00z: SPIFFS Active
 0h00:03.957 2026/01/27T23:42:55z: 48:3f:da:26:d5:2a
 0h00:03.959 2026/01/27T23:42:55z: SSID: VALIS
1 BSEC warning code : 100

1 BSEC warning code : 100

1 BSEC warning code : 100

1 BSEC warning code : 100

1 BSEC warning code : 100

1 BSEC warning code : 100

1 BSEC warning code : 100

1 BSEC warning code : 100
