
1 BSEC warning code : 100

 ets Jan  8 2013,rst cause:1, boot mode:(3,6)

load 0x4010f000, len 1384, room 16 
tail 8
chksum 0x2d
csum 0x2d
v8b899c12
~ld


7.04
 0h00:00.281 1970/01/01T08:00:00z: SPIFFS Active
 0h00:03.955 2026/02/28T00:01:59z: 48:3f:da:26:d5:2a
 0h00:03.956 2026/02/28T00:01:59z: SSID: VALIS
1 BSEC warning code : 100

1 BSEC warning code : 100

1 BSEC warning code : 100

1 BSEC warning code : 100

1 BSEC warning code : 100

1 BSEC warning code : 100

1 BSEC warning code : 100

1 BSEC warning code : 100

1 BSEC warning code : 100

1 BSEC warning code : 100

 ets Jan  8 2013,rst cause:1, boot mode:(3,6)

load 0x4010f000, len 1384, room 16 
tail 8
chksum 0x2d
csum 0x2d
v8b899c12
~ld


7.04
 0h00:00.280 1970/01/01T08:00:00z: SPIFFS Active
 0h00:03.954 2026/02/28T00:21:45z: 48:3f:da:26:d5:2a
 0h00:03.956 2026/02/28T00:21:45z: SSID: VALIS
1 BSEC warning code : 100

1 BSEC warning code : 100

1 BSEC warning code : 100

1 BSEC warning code : 100

1 BSEC warning code : 100

1 BSEC warning code : 100

1 BSEC warning code : 100

1 BSEC warning code : 100

1 BSEC warning code : 100

1 BSEC warning code : 100

 ets Jan  8 2013,rst cause:1, boot mode:(3,6)

load 0x4010f000, len 1384, room 16 
tail 8
chksum 0x2d
csum 0x2d
v8b899c12
~ld


7.04
 0h00:00.280 1970/01/01T08:00:00z: SPIFFS Active
 0h00:03.955 2026/02/28T00:41:31z: 48:3f:da:26:d5:2a
 0h00:03.956 2026/02/28T00:41:31z: SSID: VALIS
1 BSEC warning code : 100

1 BSEC warning code : 100

1 BSEC warning code : 100

1 BSEC warning code : 100

1 BSEC warning code : 100

1 BSEC warning code : 100

1 BSEC warning code : 100

1 BSEC warning code : 100

1 BSEC warning code : 100

1 BSEC warning code : 100

 ets Jan  8 2013,rst cause:1, boot mode:(3,6)

load 0x4010f000, len 1384, room 16 
tail 8
chksum 0x2d
csum 0x2d
v8b899c12
~ld


7.04
 0h00:00.280 1970/01/01T08:00:00z: SPIFFS Active
 0h00:03.954 2026/02/28T01:01:17z: 48:3f:da:26:d5:2a
 0h00:03.956 2026/02/28T01:01:17z: SSID: VALIS
1 BSEC warning code : 100

1 BSEC warning code : 100

1 BSEC warning code : 100

1 BSEC warning code : 100

1 BSEC warning code : 100

1 BSEC warning code : 100

1 BSEC warning code : 100

1 BSEC warning code : 100

1 BSEC warning code : 100

1 BSEC warning code : 100

 ets Jan  8 2013,rst cause:1, boot mode:(3,6)

load 0x4010f000, len 1384, room 16 
tail 8
chksum 0x2d
csum 0x2d
v8b899c12
~ld


7.04
 0h00:00.280 1970/01/01T08:00:00z: SPIFFS Active
 0h00:03.954 2026/02/28T01:21:03z: 48:3f:da:26:d5:2a
 0h00:03.956 2026/02/28T01:21:03z: SSID: VALIS
1 BSEC warning code : 100

1 BSEC warning code : 100

1 BSEC warning code : 100

1 BSEC warning code : 100

1 BSEC warning code : 100

1 BSEC warning code : 100

1 BSEC warning code : 100

1 BSEC warning code : 100

1 BSEC warning code : 100

1 BSEC warning code : 100

 ets Jan  8 2013,rst cause:1, boot mode:(3,6)

load 0x4010f000, len 1384, room 16 
tail 8
chksum 0x2d
csum 0x2d
v8b899c12
~ld


7.04
 0h00:00.280 1970/01/01T08:00:00z: SPIFFS Active
 0h00:03.955 2026/02/28T01:40:49z: 48:3f:da:26:d5:2a
 0h00:03.956 2026/02/28T01:40:49z: SSID: VALIS
1 BSEC warning code : 100

1 BSEC warning code : 100

1 BSEC warning code : 100

1 BSEC warning code : 100

1 BSEC warning code : 100

1 BSEC warning code : 100

1 BSEC warning code : 100

1 BSEC warning code : 100

1 BSEC warning code : 100

1 BSEC warning code : 100

 ets Jan  8 2013,rst cause:1, boot mode:(3,6)

load 0x4010f000, len 1384, room 16 
tail 8
chksum 0x2d
csum 0x2d
v8b899c12
~ld


7.04
 0h00:00.280 1970/01/01T08:00:00z: SPIFFS Active
 0h00:03.955 2026/02/28T02:00:35z: 48:3f:da:26:d5:2a
 0h00:03.956 2026/02/28T02:00:35z: SSID: VALIS
1 BSEC warning code : 100

1 BSEC warning code : 100

1 BSEC warning code : 100

1 BSEC warning code : 100

1 BSEC warning code : 100

1 BSEC warning code : 100

1 BSEC warning code : 100

1 BSEC warning code : 100

1 BSEC warning code : 100

1 BSEC warning code : 100

 ets Jan  8 2013,rst cause:1, boot mode:(3,6)

load 0x4010f000, len 1384, room 16 
tail 8
chksum 0x2d
csum 0x2d
v8b899c12
~ld


7.04
 0h00:00.281 1970/01/01T08:00:00z: SPIFFS Active
 0h00:03.956 2026/02/28T02:20:21z: 48:3f:da:26:d5:2a
 0h00:03.958 2026/02/28T02:20:21z: SSID: VALIS
1 BSEC warning code : 100

1 BSEC warning code : 100

1 BSEC warning code : 100

1 BSEC warning code : 100

1 BSEC warning code : 100

1 BSEC warning code : 100

1 BSEC warning code : 100

1 BSEC warning code : 100

1 BSEC warning code : 100

1 BSEC warning code : 100

 ets Jan  8 2013,rst cause:1, boot mode:(3,6)

load 0x4010f000, len 1384, room 16 
tail 8
chksum 0x2d
csum 0x2d
v8b899c12
~ld


7.04
 0h00:00.276 1970/01/01T08:00:00z: SPIFFS Active
 0h00:03.950 2026/02/28T02:40:07z: 48:3f:da:26:d5:2a
 0h00:03.952 2026/02/28T02:40:07z: SSID: VALIS
1 BSEC warning code : 100

1 BSEC warning code : 100

1 BSEC warning code : 100

1 BSEC warning code : 100

1 BSEC warning code : 100

1 BSEC warning code : 100

1 BSEC warning code : 100

1 BSEC warning code : 100

1 BSEC warning code : 100

1 BSEC warning code : 100

 ets Jan  8 2013,rst cause:1, boot mode:(3,6)

load 0x4010f000, len 1384, room 16 
tail 8
chksum 0x2d
csum 0x2d
v8b899c12
~ld


7.04
 0h00:00.275 1970/01/01T08:00:00z: SPIFFS Active
 0h00:03.950 2026/02/28T02:59:53z: 48:3f:da:26:d5:2a
 0h00:03.951 2026/02/28T02:59:53z: SSID: VALIS
1 BSEC warning code : 100

1 BSEC warning code : 100

1 BSEC warning code : 100

1 BSEC warning code : 100

1 BSEC warning code : 100

1 BSEC warning code : 100

1 BSEC warning code : 100

1 BSEC warning code : 100

1 BSEC warning code : 100

1 BSEC warning code : 100

 ets Jan  8 2013,rst cause:1, boot mode:(3,6)

load 0x4010f000, len 1384, room 16 
tail 8
chksum 0x2d
csum 0x2d
v8b899c12
~ld


7.04
 0h00:00.280 1970/01/01T08:00:00z: SPIFFS Active
 0h00:03.954 2026/02/28T03:19:39z: 48:3f:da:26:d5:2a
 0h00:03.956 2026/02/28T03:19:39z: SSID: VALIS
1 BSEC warning code : 100

1 BSEC warning code : 100

1 BSEC warning code : 100

1 BSEC warning code : 100

1 BSEC warning code : 100

1 BSEC warning code : 100

1 BSEC warning code : 100

1 BSEC warning code : 100

1 BSEC warning code : 100

1 BSEC warning code : 100

 ets Jan  8 2013,rst cause:1, boot mode:(3,6)

load 0x4010f000, len 1384, room 16 
tail 8
chksum 0x2d
csum 0x2d
v8b899c12
~ld


7.04
 0h00:00.278 1970/01/01T08:00:00z: SPIFFS Active
 0h00:03.953 2026/02/28T03:39:25z: 48:3f:da:26:d5:2a
 0h00:03.954 2026/02/28T03:39:25z: SSID: VALIS
1 BSEC warning code : 100

1 BSEC warning code : 100

1 BSEC warning code : 100

1 BSEC warning code : 100

1 BSEC warning code : 100

1 BSEC warning code : 100

1 BSEC warning code : 100

1 BSEC warning code : 100

1 BSEC warning code : 100

1 BSEC warning code : 100

 ets Jan  8 2013,rst cause:1, boot mode:(3,6)

load 0x4010f000, len 1384, room 16 
tail 8
chksum 0x2d
csum 0x2d
v8b899c12
~ld


7.04
 0h00:00.279 1970/01/01T08:00:00z: SPIFFS Active
 0h00:03.954 2026/02/28T03:59:10z: 48:3f:da:26:d5:2a
 0h00:03.956 2026/02/28T03:59:10z: SSID: VALIS
1 BSEC warning code : 100

1 BSEC warning code : 100

1 BSEC warning code : 100

1 BSEC warning code : 100

1 BSEC warning code : 100

1 BSEC warning code : 100

1 BSEC warning code : 100

1 BSEC warning code : 100

1 BSEC warning code : 100

1 BSEC warning code : 100

 ets Jan  8 2013,rst cause:1, boot mode:(3,6)

load 0x4010f000, len 1384, room 16 
tail 8
chksum 0x2d
csum 0x2d
v8b899c12
~ld


7.04
 0h00:00.281 1970/01/01T08:00:00z: SPIFFS Active
 0h00:03.955 2026/02/28T04:18:55z: 48:3f:da:26:d5:2a
 0h00:03.957 2026/02/28T04:18:55z: SSID: VALIS
1 BSEC warning code : 100

1 BSEC warning code : 100

1 BSEC warning code : 100

1 BSEC warning code : 100

1 BSEC warning code : 100

1 BSEC warning code : 100

1 BSEC warning code : 100

1 BSEC warning code : 100

1 BSEC warning code : 100

1 BSEC warning code : 100

 ets Jan  8 2013,rst cause:1, boot mode:(3,6)

load 0x4010f000, len 1384, room 16 
tail 8
chksum 0x2d
csum 0x2d
v8b899c12
~ld


7.04
 0h00:00.280 1970/01/01T08:00:00z: SPIFFS Active
 0h00:03.954 2026/02/28T04:38:41z: 48:3f:da:26:d5:2a
 0h00:03.956 2026/02/28T04:38:41z: SSID: VALIS
1 BSEC warning code : 100

1 BSEC warning code : 100

1 BSEC warning code : 100

1 BSEC warning code : 100

1 BSEC warning code : 100

1 BSEC warning code : 100

1 BSEC warning code : 100

1 BSEC warning code : 100

1 BSEC warning code : 100

1 BSEC warning code : 100

 ets Jan  8 2013,rst cause:1, boot mode:(3,6)

load 0x4010f000, len 1384, room 16 
tail 8
chksum 0x2d
csum 0x2d
v8b899c12
~ld


7.04
 0h00:00.277 1970/01/01T08:00:00z: SPIFFS Active
 0h00:03.952 2026/02/28T04:58:27z: 48:3f:da:26:d5:2a
 0h00:03.953 2026/02/28T04:58:27z: SSID: VALIS
1 BSEC warning code : 100

1 BSEC warning code : 100

1 BSEC warning code : 100

1 BSEC warning code : 100

1 BSEC warning code : 100

1 BSEC warning code : 100

1 BSEC warning code : 100

1 BSEC warning code : 100

1 BSEC warning code : 100

1 BSEC warning code : 100

 ets Jan  8 2013,rst cause:1, boot mode:(3,6)

load 0x4010f000, len 1384, room 16 
tail 8
chksum 0x2d
csum 0x2d
v8b899c12
~ld


7.04
 0h00:00.281 1970/01/01T08:00:00z: SPIFFS Active
 0h00:03.956 2026/02/28T05:18:13z: 48:3f:da:26:d5:2a
 0h00:03.957 2026/02/28T05:18:13z: SSID: VALIS
1 BSEC warning code : 100

1 BSEC warning code : 100

1 BSEC warning code : 100

1 BSEC warning code : 100

1 BSEC warning code : 100

1 BSEC warning code : 100

1 BSEC warning code : 100

1 BSEC warning code : 100

1 BSEC warning code : 100

1 BSEC warning code : 100

 ets Jan  8 2013,rst cause:1, boot mode:(3,6)

load 0x4010f000, len 1384, room 16 
tail 8
chksum 0x2d
csum 0x2d
v8b899c12
~ld


7.04
 0h00:00.280 1970/01/01T08:00:00z: SPIFFS Active
 0h00:03.954 2026/02/28T05:37:58z: 48:3f:da:26:d5:2a
 0h00:03.956 2026/02/28T05:37:58z: SSID: VALIS
1 BSEC warning code : 100

1 BSEC warning code : 100

1 BSEC warning code : 100

1 BSEC warning code : 100

1 BSEC warning code : 100

1 BSEC warning code : 100

1 BSEC warning code : 100

1 BSEC warning code : 100

1 BSEC warning code : 100

1 BSEC warning code : 100

 ets Jan  8 2013,rst cause:1, boot mode:(3,6)

load 0x4010f000, len 1384, room 16 
tail 8
chksum 0x2d
csum 0x2d
v8b899c12
~ld


7.04
 0h00:00.280 1970/01/01T08:00:00z: SPIFFS Active
 0h00:03.955 2026/02/28T05:57:43z: 48:3f:da:26:d5:2a
 0h00:03.956 2026/02/28T05:57:43z: SSID: VALIS
1 BSEC warning code : 100

1 BSEC warning code : 100

1 BSEC warning code : 100

1 BSEC warning code : 100

1 BSEC warning code : 100

1 BSEC warning code : 100

1 BSEC warning code : 100

1 BSEC warning code : 100

1 BSEC warning code : 100

1 BSEC warning code : 100

 ets Jan  8 2013,rst cause:1, boot mode:(3,6)

load 0x4010f000, len 1384, room 16 
tail 8
chksum 0x2d
csum 0x2d
v8b899c12
~ld


7.04
 0h00:00.277 1970/01/01T08:00:00z: SPIFFS Active
 0h00:03.951 2026/02/28T06:17:28z: 48:3f:da:26:d5:2a
 0h00:03.953 2026/02/28T06:17:28z: SSID: VALIS
1 BSEC warning code : 100

1 BSEC warning code : 100

1 BSEC warning code : 100

1 BSEC warning code : 100

1 BSEC warning code : 100

1 BSEC warning code : 100

1 BSEC warning code : 100

1 BSEC warning code : 100

1 BSEC warning code : 100

1 BSEC warning code : 100

 ets Jan  8 2013,rst cause:1, boot mode:(3,6)

load 0x4010f000, len 1384, room 16 
tail 8
chksum 0x2d
csum 0x2d
v8b899c12
~ld


7.04
 0h00:00.274 1970/01/01T08:00:00z: SPIFFS Active
 0h00:03.949 2026/02/28T06:37:15z: 48:3f:da:26:d5:2a
 0h00:03.950 2026/02/28T06:37:15z: SSID: VALIS
1 BSEC warning code : 100

1 BSEC warning code : 100

1 BSEC warning code : 100

1 BSEC warning code : 100

1 BSEC warning code : 100

1 BSEC warning code : 100

1 BSEC warning code : 100

1 BSEC warning code : 100

1 BSEC warning code : 100

1 BSEC warning code : 100

 ets Jan  8 2013,rst cause:1, boot mode:(3,6)

load 0x4010f000, len 1384, room 16 
tail 8
chksum 0x2d
csum 0x2d
v8b899c12
~ld


7.04
 0h00:00.275 1970/01/01T08:00:00z: SPIFFS Active
 0h00:03.950 2026/02/28T06:57:00z: 48:3f:da:26:d5:2a
 0h00:03.951 2026/02/28T06:57:00z: SSID: VALIS
1 BSEC warning code : 100

1 BSEC warning code : 100

1 BSEC warning code : 100

1 BSEC warning code : 100

1 BSEC warning code : 100

1 BSEC warning code : 100

1 BSEC warning code : 100

1 BSEC warning code : 100

1 BSEC warning code : 100

1 BSEC warning code : 100

 ets Jan  8 2013,rst cause:1, boot mode:(3,6)

load 0x4010f000, len 1384, room 16 
tail 8
chksum 0x2d
csum 0x2d
v8b899c12
~ld


7.04
 0h00:00.281 1970/01/01T08:00:00z: SPIFFS Active
 0h00:03.954 2026/02/28T07:16:45z: 48:3f:da:26:d5:2a
 0h00:03.955 2026/02/28T07:16:45z: SSID: VALIS
1 BSEC warning code : 100

1 BSEC warning code : 100

1 BSEC warning code : 100

1 BSEC warning code : 100

1 BSEC warning code : 100

1 BSEC warning code : 100

1 BSEC warning code : 100

1 BSEC warning code : 100

1 BSEC warning code : 100

1 BSEC warning code : 100

 ets Jan  8 2013,rst cause:1, boot mode:(3,6)

load 0x4010f000, len 1384, room 16 
tail 8
chksum 0x2d
csum 0x2d
v8b899c12
~ld


7.04
 0h00:00.284 1970/01/01T08:00:00z: SPIFFS Active
 0h00:03.957 2026/02/28T07:36:31z: 48:3f:da:26:d5:2a
 0h00:03.958 2026/02/28T07:36:31z: SSID: VALIS
1 BSEC warning code : 100

1 BSEC warning code : 100

1 BSEC warning code : 100

1 BSEC warning code : 100

1 BSEC warning code : 100

1 BSEC warning code : 100

1 BSEC warning code : 100

1 BSEC warning code : 100

1 BSEC warning code : 100

1 BSEC warning code : 100

 ets Jan  8 2013,rst cause:1, boot mode:(3,6)

load 0x4010f000, len 1384, room 16 
tail 8
chksum 0x2d
csum 0x2d
v8b899c12
~ld


7.04
 0h00:00.278 1970/01/01T08:00:00z: SPIFFS Active
 0h00:03.951 2026/02/28T07:56:17z: 48:3f:da:26:d5:2a
 0h00:03.953 2026/02/28T07:56:17z: SSID: VALIS
1 BSEC warning code : 100

1 BSEC warning code : 100

1 BSEC warning code : 100

1 BSEC warning code : 100

1 BSEC warning code : 100

1 BSEC warning code : 100

1 BSEC warning code : 100

1 BSEC warning code : 100

1 BSEC warning code : 100

1 BSEC warning code : 100

 ets Jan  8 2013,rst cause:1, boot mode:(3,6)

load 0x4010f000, len 1384, room 16 
tail 8
chksum 0x2d
csum 0x2d
v8b899c12
~ld


7.04
 0h00:00.280 1970/01/01T08:00:00z: SPIFFS Active
 0h00:03.953 2026/02/28T08:16:03z: 48:3f:da:26:d5:2a
 0h00:03.954 2026/02/28T08:16:03z: SSID: VALIS
1 BSEC warning code : 100

1 BSEC warning code : 100

1 BSEC warning code : 100

1 BSEC warning code : 100

1 BSEC warning code : 100

1 BSEC warning code : 100

1 BSEC warning code : 100

1 BSEC warning code : 100

1 BSEC warning code : 100

1 BSEC warning code : 100

 ets Jan  8 2013,rst cause:1, boot mode:(3,6)

load 0x4010f000, len 1384, room 16 
tail 8
chksum 0x2d
csum 0x2d
v8b899c12
~ld


7.04
 0h00:00.278 1970/01/01T08:00:00z: SPIFFS Active
 0h00:03.951 2026/02/28T08:35:49z: 48:3f:da:26:d5:2a
 0h00:03.952 2026/02/28T08:35:49z: SSID: VALIS
 0h00:12.193 2026/02/28T08:35:57z: PMSX003-A (1245ms)
 0h00:13.855 2026/02/28T08:35:59z: PMSX003-B (1660ms)
 0h00:13.856 2026/02/28T08:35:59z: 3.0+RV3028+BME68X+PMSX003-A+PMSX003-B
 0h00:14.785 2026/02/28T08:36:00z: DATA A(2),nan,nan,nan,nan,0.03,26448,-45,14,7,12,14,7,12,14,50,50,1230,362,48,12,4,1,nan
 0h00:14.872 2026/02/28T08:36:00z: p:1012.50 gasR:922314.81 iaq:138.33(0) T:7.32(10.32) H:74.58(38.90) sIaq:407.10(0) Stabilization:1 Run in:0
 0h00:15.621 2026/02/28T08:36:00z: DATA A(3),45,74,37,1012.50,0.03,26448,-46,15,7,12,14,7,12,14,50,50,1230,362,48,12,4,1,407.10
 0h00:15.872 2026/02/28T08:36:01z: p:1012.58 gasR:932392.44 iaq:138.33(0) T:8.31(13.91) H:69.98(39.67) sIaq:407.10(0) Stabilization:1 Run in:0
 0h00:16.528 2026/02/28T08:36:01z: DATA A(4),46,69,36,1012.58,0.03,26448,-46,16,7,11,13,7,11,13,46,46,1194,352,44,9,3,1,407.10
 0h00:16.872 2026/02/28T08:36:02z: p:1012.66 gasR:943344.06 iaq:138.33(0) T:9.20(14.80) H:65.61(39.91) sIaq:407.10(0) Stabilization:1 Run in:0
 0h00:17.364 2026/02/28T08:36:02z: DATA A(5),48,65,37,1012.66,0.02,26448,-45,17,7,11,13,7,11,13,46,46,1194,352,44,9,3,1,407.10
 0h00:17.872 2026/02/28T08:36:03z: p:1012.66 gasR:938803.56 iaq:138.33(0) T:9.56(15.16) H:63.56(39.94) sIaq:407.10(0) Stabilization:1 Run in:0
 0h00:18.200 2026/02/28T08:36:03z: DATA A(6),49,63,37,1012.66,0.03,26448,-46,18,7,11,13,7,11,13,46,46,1194,352,44,9,3,1,407.10
 0h00:18.872 2026/02/28T08:36:04z: p:1012.68 gasR:957233.00 iaq:138.33(0) T:9.77(15.37) H:62.12(39.84) sIaq:407.10(0) Stabilization:1 Run in:0
 0h00:19.872 2026/02/28T08:36:05z: p:1012.63 gasR:954556.06 iaq:138.33(0) T:9.90(15.50) H:61.08(39.71) sIaq:407.10(0) Stabilization:1 Run in:0
 0h00:20.738 2026/02/28T08:36:06z: DATA B(2),49,61,36,1012.63,0.02,26448,-48,20,7,8,8,7,8,8,33,33,1002,308,27,1,1,1,407.10
 0h00:20.872 2026/02/28T08:36:06z: p:1012.66 gasR:953889.12 iaq:138.33(0) T:10.01(15.61) H:60.08(39.53) sIaq:407.10(0) Stabilization:1 Run in:0
 0h00:21.571 2026/02/28T08:36:06z: DATA B(3),50,60,36,1012.66,0.03,26352,-48,21,7,8,8,7,8,8,33,33,1002,308,27,1,1,1,407.10
 0h00:21.872 2026/02/28T08:36:07z: p:1012.64 gasR:959925.00 iaq:138.33(0) T:10.09(15.69) H:59.32(39.37) sIaq:407.11(0) Stabilization:1 Run in:0
 0h00:22.473 2026/02/28T08:36:07z: DATA B(4),50,59,36,1012.64,0.03,26352,-47,22,7,8,8,7,8,8,33,33,990,302,25,1,1,1,407.11
 0h00:22.872 2026/02/28T08:36:08z: p:1012.66 gasR:959250.56 iaq:138.33(0) T:10.16(15.76) H:58.59(39.19) sIaq:407.11(0) Stabilization:1 Run in:0
 0h00:23.306 2026/02/28T08:36:08z: DATA B(5),50,58,36,1012.66,0.03,26352,-46,23,7,8,8,7,8,8,33,33,990,302,25,1,1,1,407.11
 0h00:23.872 2026/02/28T08:36:09z: p:1012.66 gasR:967406.69 iaq:138.33(0) T:10.22(15.82) H:58.00(39.05) sIaq:407.11(0) Stabilization:1 Run in:0
 0h00:24.138 2026/02/28T08:36:09z: DATA B(6),50,58,35,1012.66,0.02,26352,-46,24,7,8,8,7,8,8,33,33,990,302,25,1,1,1,407.11
 0h00:24.872 2026/02/28T08:36:10z: p:1012.64 gasR:972921.62 iaq:138.33(0) T:10.26(15.86) H:57.47(38.89) sIaq:407.12(0) Stabilization:1 Run in:0
 0h00:25.101 2026/02/28T08:36:10z: DATA A(7),50,57,35,1012.64,0.02,26352,-46,25,7,11,13,7,11,13,46,46,1176,346,44,8,3,1,407.12
 0h00:25.872 2026/02/28T08:36:11z: p:1012.65 gasR:973615.38 iaq:138.33(0) T:10.30(15.91) H:57.01(38.75) sIaq:407.12(0) Stabilization:1 Run in:0
 0h00:25.937 2026/02/28T08:36:11z: DATA A(8),50,57,35,1012.65,0.03,26352,-46,25,7,11,13,7,11,13,46,46,1176,346,44,8,3,1,407.12
 0h00:26.843 2026/02/28T08:36:12z: DATA A(9),50,57,35,1012.65,0.02,26352,-46,26,7,9,11,7,9,11,38,38,1134,326,40,5,2,0,407.12
 0h00:26.872 2026/02/28T08:36:12z: p:1012.63 gasR:970156.31 iaq:138.33(0) T:10.34(15.95) H:56.58(38.62) sIaq:407.13(0) Stabilization:1 Run in:0
 0h00:27.679 2026/02/28T08:36:13z: DATA A(10),50,56,35,1012.63,0.03,26352,-46,27,7,9,11,7,9,11,38,38,1134,326,40,5,2,0,407.13
 0h00:27.872 2026/02/28T08:36:13z: p:1012.64 gasR:976400.50 iaq:138.33(0) T:10.39(15.99) H:56.16(38.49) sIaq:407.13(0) Stabilization:1 Run in:0
 0h00:28.515 2026/02/28T08:36:13z: DATA A(11),50,56,34,1012.64,0.02,26352,-46,28,7,9,11,7,9,11,38,38,1134,326,40,5,2,0,407.13
 0h00:28.872 2026/02/28T08:36:14z: p:1012.65 gasR:975005.94 iaq:138.34(0) T:10.42(16.02) H:55.83(38.37) sIaq:407.14(0) Stabilization:1 Run in:0
 0h00:29.872 2026/02/28T08:36:15z: p:1012.64 gasR:979904.31 iaq:138.34(0) T:10.45(16.05) H:55.56(38.28) sIaq:407.14(0) Stabilization:1 Run in:0
 0h00:30.872 2026/02/28T08:36:16z: p:1012.63 gasR:975702.69 iaq:138.34(0) T:10.48(16.08) H:55.31(38.21) sIaq:407.15(0) Stabilization:1 Run in:0
 0h00:31.008 2026/02/28T08:36:16z: DATA B(7),50,55,34,1012.63,0.03,26352,-46,31,7,8,8,7,8,8,33,33,1050,314,31,0,0,0,407.15
 0h00:31.840 2026/02/28T08:36:17z: DATA B(8),50,55,34,1012.63,0.03,26352,-46,31,7,8,8,7,8,8,33,33,1050,314,31,0,0,0,407.15
 0h00:31.872 2026/02/28T08:36:17z: p:1012.61 gasR:981312.88 iaq:138.34(0) T:10.52(16.12) H:54.99(38.08) sIaq:407.16(0) Stabilization:1 Run in:0
 0h00:32.743 2026/02/28T08:36:18z: DATA B(9),50,54,34,1012.61,0.02,26352,-46,32,8,9,9,8,9,9,38,38,1164,344,31,0,0,0,407.16
 0h00:32.872 2026/02/28T08:36:18z: p:1012.65 gasR:981312.88 iaq:138.34(0) T:10.54(16.14) H:54.76(37.99) sIaq:407.16(0) Stabilization:1 Run in:0
 0h00:33.575 2026/02/28T08:36:18z: DATA B(10),50,54,34,1012.65,0.03,26352,-46,33,8,9,9,8,9,9,38,38,1164,344,31,0,0,0,407.16
 0h00:33.872 2026/02/28T08:36:19z: p:1012.62 gasR:984852.12 iaq:138.34(0) T:10.56(16.16) H:54.60(37.92) sIaq:407.17(0) Stabilization:1 Run in:0
 0h00:34.872 2026/02/28T08:36:20z: p:1012.64 gasR:987701.94 iaq:138.34(0) T:10.59(16.19) H:54.39(37.85) sIaq:407.18(0) Stabilization:1 Run in:0
 0h00:35.416 2026/02/28T08:36:20z: DATA A(12),51,54,35,1012.64,0.02,26352,-46,35,7,9,12,7,9,12,38,38,1182,332,40,6,2,1,407.18
 0h00:35.872 2026/02/28T08:36:21z: p:1012.63 gasR:986987.94 iaq:138.35(0) T:10.60(16.21) H:54.27(37.79) sIaq:407.18(0) Stabilization:1 Run in:0
 0h00:36.252 2026/02/28T08:36:21z: DATA A(13),51,54,35,1012.63,0.02,26352,-46,36,7,9,12,7,9,12,38,38,1182,332,40,6,2,1,407.18
 0h00:36.871 2026/02/28T08:36:22z: p:1012.65 gasR:991287.50 iaq:138.35(0) T:10.63(16.23) H:54.09(37.70) sIaq:407.19(0) Stabilization:1 Run in:0
 0h00:37.159 2026/02/28T08:36:22z: DATA A(14),51,54,34,1012.65,0.02,26352,-46,37,7,11,12,7,11,12,46,46,1194,340,40,6,2,1,407.19
 0h00:37.871 2026/02/28T08:36:23z: p:1012.65 gasR:989133.06 iaq:138.35(0) T:10.64(16.25) H:53.96(37.65) sIaq:407.20(0) Stabilization:1 Run in:0
 0h00:37.995 2026/02/28T08:36:23z: DATA A(15),51,53,34,1012.65,0.03,26352,-48,37,7,11,12,7,11,12,46,46,1194,340,40,6,2,1,407.20
 0h00:38.831 2026/02/28T08:36:24z: DATA A(16),51,53,34,1012.65,0.03,25728,-48,38,7,11,12,7,11,12,46,46,1194,340,40,6,2,1,407.20
 0h00:38.871 2026/02/28T08:36:24z: p:1012.65 gasR:991287.50 iaq:138.35(0) T:10.67(16.27) H:53.82(37.60) sIaq:407.20(0) Stabilization:1 Run in:0
 0h00:39.872 2026/02/28T08:36:25z: p:1012.64 gasR:993451.38 iaq:138.35(0) T:10.68(16.28) H:53.74(37.55) sIaq:407.21(0) Stabilization:1 Run in:0
 0h00:40.445 2026/02/28T08:36:25z: DATA B(11),51,53,34,1012.64,0.02,26352,-47,40,7,9,9,7,9,9,38,38,1206,348,26,0,0,0,407.21
 0h00:40.872 2026/02/28T08:36:26z: p:1012.65 gasR:993451.38 iaq:138.36(0) T:10.71(16.31) H:53.62(37.51) sIaq:407.22(0) Stabilization:1 Run in:0
 0h00:41.278 2026/02/28T08:36:26z: DATA B(12),51,53,34,1012.65,0.03,26352,-49,41,7,9,9,7,9,9,38,38,1206,348,26,0,0,0,407.22
 0h00:41.872 2026/02/28T08:36:27z: p:1012.65 gasR:999268.12 iaq:138.36(0) T:10.72(16.32) H:53.53(37.45) sIaq:407.23(0) Stabilization:1 Run in:0
 0h00:42.110 2026/02/28T08:36:27z: DATA B(13),51,53,34,1012.65,0.03,26352,-49,42,7,9,9,7,9,9,38,38,1206,348,26,0,0,0,407.23
 0h00:42.872 2026/02/28T08:36:28z: p:1012.66 gasR:994899.19 iaq:138.36(0) T:10.73(16.33) H:53.45(37.41) sIaq:407.24(0) Stabilization:1 Run in:0
 0h00:43.013 2026/02/28T08:36:28z: DATA B(14),51,53,34,1012.66,0.02,26352,-49,43,8,10,10,8,10,10,42,42,1254,374,33,0,0,0,407.24
 0h00:43.845 2026/02/28T08:36:29z: DATA B(15),51,53,34,1012.66,0.03,26352,-49,43,8,10,10,8,10,10,42,42,1254,374,33,0,0,0,407.24
 0h00:43.872 2026/02/28T08:36:29z: p:1012.62 gasR:998537.31 iaq:138.36(0) T:10.74(16.34) H:53.40(37.36) sIaq:407.24(0) Stabilization:1 Run in:0
 0h00:44.872 2026/02/28T08:36:30z: p:1012.65 gasR:998537.31 iaq:138.36(0) T:10.76(16.36) H:53.32(37.32) sIaq:407.25(0) Stabilization:1 Run in:0
 0h00:45.731 2026/02/28T08:36:31z: DATA A(17),51,53,34,1012.65,0.03,26352,-49,45,7,11,13,7,11,13,46,46,1206,344,37,8,2,1,407.25
 0h00:45.872 2026/02/28T08:36:31z: p:1012.65 gasR:998537.31 iaq:138.37(0) T:10.77(16.37) H:53.24(37.29) sIaq:407.26(0) Stabilization:1 Run in:0
 0h00:46.567 2026/02/28T08:36:31z: DATA A(18),51,53,34,1012.65,0.03,26352,-49,46,7,11,13,7,11,13,46,46,1206,344,37,8,2,1,407.26
 0h00:46.872 2026/02/28T08:36:32z: p:1012.66 gasR:1001467.00 iaq:138.37(0) T:10.79(16.39) H:53.18(37.25) sIaq:407.27(0) Stabilization:1 Run in:0
 0h00:47.474 2026/02/28T08:36:32z: DATA A(19),51,53,34,1012.66,0.02,26352,-49,47,7,11,12,7,11,12,46,46,1188,334,33,7,1,1,407.27
 0h00:47.872 2026/02/28T08:36:33z: p:1012.66 gasR:1000732.94 iaq:138.37(0) T:10.80(16.40) H:53.11(37.21) sIaq:407.27(0) Stabilization:1 Run in:0
 0h00:48.310 2026/02/28T08:36:33z: DATA A(20),51,53,34,1012.66,0.03,26352,-49,48,7,11,12,7,11,12,46,46,1188,334,33,7,1,1,407.27
 0h00:48.872 2026/02/28T08:36:34z: p:1012.64 gasR:1003675.56 iaq:138.37(0) T:10.81(16.41) H:53.09(37.18) sIaq:407.28(0) Stabilization:1 Run in:0
 0h00:49.146 2026/02/28T08:36:34z: DATA A(21),51,53,34,1012.64,0.02,26352,-49,49,7,11,12,7,11,12,46,46,1188,334,33,7,1,1,407.28
 0h00:49.872 2026/02/28T08:36:35z: p:1012.63 gasR:1003675.56 iaq:138.37(0) T:10.81(16.41) H:53.09(37.17) sIaq:407.29(0) Stabilization:1 Run in:0
 0h00:50.715 2026/02/28T08:36:36z: DATA B(16),51,53,34,1012.63,0.03,26352,-47,50,8,10,10,8,10,10,42,42,1344,388,31,1,0,0,407.29
 0h00:50.872 2026/02/28T08:36:36z: p:1012.64 gasR:1003675.56 iaq:138.37(0) T:10.83(16.43) H:53.03(37.15) sIaq:407.30(0) Stabilization:1 Run in:0
 0h00:51.548 2026/02/28T08:36:36z: DATA B(17),51,53,34,1012.64,0.03,26352,-48,51,8,10,10,8,10,10,42,42,1344,388,31,1,0,0,407.30
 0h00:51.872 2026/02/28T08:36:37z: p:1012.67 gasR:1005153.38 iaq:138.38(0) T:10.83(16.44) H:53.03(37.14) sIaq:407.31(0) Stabilization:1 Run in:0
 0h00:52.380 2026/02/28T08:36:37z: DATA B(18),51,53,34,1012.67,0.03,26352,-48,52,8,10,10,8,10,10,42,42,1344,388,31,1,0,0,407.31
 0h00:52.872 2026/02/28T08:36:38z: p:1012.65 gasR:1002938.31 iaq:138.38(0) T:10.85(16.45) H:52.98(37.11) sIaq:407.32(0) Stabilization:1 Run in:0
 0h00:53.283 2026/02/28T08:36:38z: DATA B(19),51,52,34,1012.65,0.03,26352,-48,53,8,10,11,8,10,11,42,42,1392,406,33,2,1,0,407.32
 0h00:53.872 2026/02/28T08:36:39z: p:1012.63 gasR:1005893.94 iaq:138.38(0) T:10.86(16.46) H:52.96(37.10) sIaq:407.32(0) Stabilization:1 Run in:0
 0h00:54.115 2026/02/28T08:36:39z: DATA B(20),51,52,34,1012.63,0.02,26352,-48,54,8,10,11,8,10,11,42,42,1392,406,33,2,1,0,407.32
 0h00:54.872 2026/02/28T08:36:40z: p:1012.66 gasR:1003675.56 iaq:138.38(0) T:10.87(16.48) H:52.94(37.10) sIaq:407.33(0) Stabilization:1 Run in:0
 0h00:55.872 2026/02/28T08:36:41z: p:1012.65 gasR:1008122.06 iaq:138.39(0) T:10.88(16.48) H:52.91(37.07) sIaq:407.34(0) Stabilization:1 Run in:0
 0h00:56.047 2026/02/28T08:36:41z: DATA A(22),51,52,34,1012.65,0.02,26352,-46,56,7,9,11,7,9,11,38,38,1134,328,33,4,1,1,407.34
 0h00:56.872 2026/02/28T08:36:42z: p:1012.64 gasR:1008122.06 iaq:138.39(0) T:10.89(16.49) H:52.93(37.08) sIaq:407.35(0) Stabilization:1 Run in:0
 0h00:56.889 2026/02/28T08:36:42z: DATA A(23),51,52,34,1012.64,0.03,26352,-46,56,7,9,11,7,9,11,38,38,1134,328,33,4,1,1,407.35
 0h00:57.790 2026/02/28T08:36:43z: DATA A(24),51,52,34,1012.64,0.03,26352,-46,57,7,8,11,7,8,11,33,33,1098,308,29,4,2,1,407.35
 0h00:57.872 2026/02/28T08:36:43z: p:1012.66 gasR:1010360.12 iaq:138.39(0) T:10.90(16.50) H:52.92(37.07) sIaq:407.36(0) Stabilization:1 Run in:0
 0h00:58.626 2026/02/28T08:36:43z: DATA A(25),51,52,34,1012.66,0.02,26352,-46,58,7,8,11,7,8,11,33,33,1098,308,29,4,2,1,407.36
 0h00:58.872 2026/02/28T08:36:44z: p:1012.66 gasR:1009613.00 iaq:138.39(0) T:10.90(16.50) H:52.95(37.07) sIaq:407.37(0) Stabilization:1 Run in:0
 0h00:59.462 2026/02/28T08:36:44z: DATA A(26),51,52,34,1012.66,0.03,26352,-46,59,7,8,11,7,8,11,33,33,1098,308,29,4,2,1,407.37
 0h00:59.872 2026/02/28T08:36:45z: p:1012.66 gasR:1011857.69 iaq:138.39(0) T:10.91(16.51) H:52.93(37.06) sIaq:407.37(0) Stabilization:1 Run in:0
 0h01:00.872 2026/02/28T08:36:46z: p:1012.63 gasR:1009613.00 iaq:138.40(0) T:10.91(16.51) H:52.95(37.06) sIaq:407.38(0) Stabilization:1 Run in:0
 0h01:00.986 2026/02/28T08:36:46z: DATA B(21),51,52,34,1012.63,0.03,26352,-46,60,8,10,12,8,10,12,42,42,1368,394,39,6,3,1,407.38
 0h01:01.818 2026/02/28T08:36:47z: DATA B(22),51,52,34,1012.63,0.02,26352,-46,61,8,10,12,8,10,12,42,42,1368,394,39,6,3,1,407.38
 0h01:01.872 2026/02/28T08:36:47z: p:1012.66 gasR:1012608.19 iaq:138.40(0) T:10.92(16.53) H:52.94(37.06) sIaq:407.39(0) Stabilization:1 Run in:0
 0h01:02.650 2026/02/28T08:36:47z: DATA B(23),51,52,34,1012.66,0.03,26352,-46,62,8,10,12,8,10,12,42,42,1368,394,39,6,3,1,407.39
 0h01:02.872 2026/02/28T08:36:48z: p:1012.64 gasR:1013359.75 iaq:138.40(0) T:10.92(16.53) H:52.95(37.05) sIaq:407.40(0) Stabilization:1 Run in:0
 0h01:03.553 2026/02/28T08:36:48z: DATA B(24),51,52,34,1012.64,0.03,26352,-46,63,8,10,12,8,10,12,42,42,1362,386,39,6,3,1,407.40
 0h01:03.872 2026/02/28T08:36:49z: p:1012.65 gasR:1016377.19 iaq:138.40(0) T:10.93(16.53) H:52.98(37.06) sIaq:407.40(0) Stabilization:1 Run in:0
 0h01:04.385 2026/02/28T08:36:49z: DATA B(25),51,52,34,1012.65,0.03,26352,-48,64,8,10,12,8,10,12,42,42,1362,386,39,6,3,1,407.40
 0h01:04.872 2026/02/28T08:36:50z: p:1012.65 gasR:1011857.69 iaq:138.40(0) T:10.94(16.54) H:52.95(37.05) sIaq:407.41(0) Stabilization:1 Run in:0
 0h01:05.872 2026/02/28T08:36:51z: p:1012.65 gasR:1014866.19 iaq:138.41(0) T:10.95(16.55) H:52.96(37.05) sIaq:407.42(0) Stabilization:1 Run in:0
 0h01:06.363 2026/02/28T08:36:51z: DATA A(27),51,52,34,1012.65,0.02,26352,-49,66,6,7,8,6,7,8,29,29,960,276,29,3,1,0,407.42
 0h01:06.872 2026/02/28T08:36:52z: p:1012.64 gasR:1016377.19 iaq:138.41(0) T:10.95(16.55) H:52.99(37.05) sIaq:407.43(0) Stabilization:1 Run in:0
 0h01:07.199 2026/02/28T08:36:52z: DATA A(28),51,52,34,1012.64,0.02,26352,-49,67,6,7,8,6,7,8,29,29,960,276,29,3,1,0,407.43
 0h01:07.872 2026/02/28T08:36:53z: p:1012.65 gasR:1014112.38 iaq:138.41(0) T:10.95(16.55) H:53.01(37.06) sIaq:407.44(0) Stabilization:1 Run in:0
 0h01:08.106 2026/02/28T08:36:53z: DATA A(29),51,53,34,1012.65,0.03,26352,-49,68,6,7,8,6,7,8,29,29,954,270,29,2,1,0,407.44
 0h01:08.872 2026/02/28T08:36:54z: p:1012.64 gasR:1014112.38 iaq:138.41(0) T:10.96(16.56) H:52.99(37.04) sIaq:407.45(0) Stabilization:1 Run in:0
 0h01:08.942 2026/02/28T08:36:54z: DATA A(30),51,52,34,1012.64,0.02,26352,-49,68,6,7,8,6,7,8,29,29,954,270,29,2,1,0,407.45
 0h01:09.778 2026/02/28T08:36:55z: DATA A(31),51,52,34,1012.64,0.02,26352,-49,69,6,7,8,6,7,8,29,29,954,270,29,2,1,0,407.45
 0h01:09.872 2026/02/28T08:36:55z: p:1012.64 gasR:1014112.38 iaq:138.41(0) T:10.96(16.56) H:52.99(37.04) sIaq:407.46(0) Stabilization:1 Run in:0
 0h01:10.872 2026/02/28T08:36:56z: p:1012.63 gasR:1015621.12 iaq:138.42(0) T:10.97(16.57) H:53.02(37.05) sIaq:407.47(0) Stabilization:1 Run in:0
 0h01:11.255 2026/02/28T08:36:56z: DATA B(26),51,53,34,1012.63,0.02,26352,-49,71,8,10,15,8,10,15,42,42,1332,380,46,9,5,2,407.47
 0h01:11.872 2026/02/28T08:36:57z: p:1012.66 gasR:1017134.31 iaq:138.42(0) T:10.98(16.58) H:52.99(37.04) sIaq:407.48(0) Stabilization:1 Run in:0
 0h01:12.088 2026/02/28T08:36:57z: DATA B(27),51,52,34,1012.66,0.02,26352,-49,72,8,10,15,8,10,15,42,42,1332,380,46,9,5,2,407.48
 0h01:12.872 2026/02/28T08:36:58z: p:1012.61 gasR:1016377.19 iaq:138.42(0) T:10.97(16.57) H:53.02(37.03) sIaq:407.49(0) Stabilization:1 Run in:0
 0h01:12.920 2026/02/28T08:36:58z: DATA B(28),51,53,34,1012.61,0.03,26352,-49,72,8,10,15,8,10,15,42,42,1332,380,46,9,5,2,407.49
 0h01:13.823 2026/02/28T08:36:59z: DATA B(29),51,53,34,1012.61,0.02,26352,-49,73,8,11,15,8,11,15,46,46,1320,384,50,9,5,2,407.49
 0h01:13.872 2026/02/28T08:36:59z: p:1012.66 gasR:1015621.12 iaq:138.42(0) T:10.98(16.59) H:53.03(37.05) sIaq:407.50(0) Stabilization:1 Run in:0
 0h01:14.655 2026/02/28T08:36:59z: DATA B(30),51,53,34,1012.66,0.03,26352,-49,74,8,11,15,8,11,15,46,46,1320,384,50,9,5,2,407.50
 0h01:14.872 2026/02/28T08:37:00z: p:1012.66 gasR:1017134.31 iaq:138.43(0) T:10.98(16.58) H:53.04(37.04) sIaq:407.51(0) Stabilization:1 Run in:0
 0h01:15.872 2026/02/28T08:37:01z: p:1012.64 gasR:1017892.62 iaq:138.43(0) T:10.98(16.59) H:53.02(37.02) sIaq:407.51(0) Stabilization:1 Run in:0
 0h01:16.679 2026/02/28T08:37:02z: DATA A(32),51,53,34,1012.64,0.03,26352,-48,76,7,9,11,7,9,11,38,38,1056,302,43,2,2,0,407.51
 0h01:16.872 2026/02/28T08:37:02z: p:1012.64 gasR:1023232.56 iaq:138.43(0) T:10.99(16.59) H:53.02(37.02) sIaq:407.52(0) Stabilization:1 Run in:0
 0h01:17.515 2026/02/28T08:37:02z: DATA A(33),51,53,34,1012.64,0.03,26352,-48,77,7,9,11,7,9,11,38,38,1056,302,43,2,2,0,407.52
 0h01:17.872 2026/02/28T08:37:03z: p:1012.62 gasR:1017134.31 iaq:138.43(0) T:11.00(16.60) H:53.00(37.01) sIaq:407.53(0) Stabilization:1 Run in:0
 0h01:18.422 2026/02/28T08:37:03z: DATA A(34),51,52,34,1012.62,0.03,26352,-48,78,7,9,12,7,9,12,38,38,1140,324,43,5,3,0,407.53
 0h01:18.872 2026/02/28T08:37:04z: p:1012.64 gasR:1021701.19 iaq:138.43(0) T:11.01(16.61) H:53.00(37.02) sIaq:407.54(0) Stabilization:1 Run in:0
 0h01:19.258 2026/02/28T08:37:04z: DATA A(35),51,53,34,1012.64,0.03,26352,-49,79,7,9,12,7,9,12,38,38,1140,324,43,5,3,0,407.54
 0h01:19.872 2026/02/28T08:37:05z: p:1012.63 gasR:1015621.12 iaq:138.44(0) T:11.02(16.62) H:52.97(37.01) sIaq:407.55(0) Stabilization:1 Run in:0
 0h01:20.094 2026/02/28T08:37:05z: DATA A(36),51,52,34,1012.63,0.02,26352,-49,80,7,9,12,7,9,12,38,38,1140,324,43,5,3,0,407.55
 0h01:20.872 2026/02/28T08:37:06z: p:1012.64 gasR:1018652.06 iaq:138.44(0) T:11.02(16.62) H:52.96(36.99) sIaq:407.56(0) Stabilization:1 Run in:0
 0h01:21.525 2026/02/28T08:37:06z: DATA B(31),51,52,34,1012.64,0.03,26352,-48,81,7,9,12,7,9,12,38,38,1104,320,51,6,4,3,407.56
 0h01:21.872 2026/02/28T08:37:07z: p:1012.63 gasR:1023232.56 iaq:138.44(0) T:11.02(16.63) H:52.96(36.99) sIaq:407.57(0) Stabilization:1 Run in:0
 0h01:22.357 2026/02/28T08:37:07z: DATA B(32),51,52,34,1012.63,0.03,26352,-49,82,7,9,12,7,9,12,38,38,1104,320,51,6,4,3,407.57
 0h01:22.872 2026/02/28T08:37:08z: p:1012.63 gasR:1018652.06 iaq:138.44(0) T:11.03(16.63) H:52.98(37.00) sIaq:407.58(0) Stabilization:1 Run in:0
 0h01:23.190 2026/02/28T08:37:08z: DATA B(33),51,52,34,1012.63,0.03,26352,-49,83,7,9,12,7,9,12,38,38,1104,320,51,6,4,3,407.58
 0h01:23.872 2026/02/28T08:37:09z: p:1012.64 gasR:1016377.19 iaq:138.45(0) T:11.04(16.64) H:52.95(36.99) sIaq:407.59(0) Stabilization:1 Run in:0
 0h01:24.092 2026/02/28T08:37:09z: DATA B(34),51,52,34,1012.64,0.02,26352,-49,84,7,9,15,7,9,15,38,38,1050,302,49,9,7,6,407.59
 0h01:24.872 2026/02/28T08:37:10z: p:1012.63 gasR:1017892.62 iaq:138.45(0) T:11.04(16.64) H:52.96(36.99) sIaq:407.61(0) Stabilization:1 Run in:0
 0h01:24.924 2026/02/28T08:37:10z: DATA B(35),51,52,34,1012.63,0.03,26352,-49,84,7,9,15,7,9,15,38,38,1050,302,49,9,7,6,407.61
 0h01:25.872 2026/02/28T08:37:11z: p:1012.65 gasR:1017134.31 iaq:138.46(0) T:11.05(16.66) H:52.94(36.99) sIaq:407.62(0) Stabilization:1 Run in:0
 0h01:26.872 2026/02/28T08:37:12z: p:1012.64 gasR:1020937.19 iaq:138.46(0) T:11.06(16.67) H:52.92(36.98) sIaq:407.63(0) Stabilization:1 Run in:0
 0h01:26.995 2026/02/28T08:37:12z: DATA A(37),51,52,34,1012.64,0.02,26352,-49,86,7,11,14,7,11,14,46,46,1176,338,52,8,5,1,407.63
 0h01:27.831 2026/02/28T08:37:13z: DATA A(38),51,52,34,1012.64,0.03,26352,-49,87,7,11,14,7,11,14,46,46,1176,338,52,8,5,1,407.63
 0h01:27.872 2026/02/28T08:37:13z: p:1012.70 gasR:1017134.31 iaq:138.46(0) T:11.07(16.68) H:52.90(36.98) sIaq:407.65(0) Stabilization:1 Run in:0
 0h01:28.737 2026/02/28T08:37:14z: DATA A(39),51,52,34,1012.70,0.03,26352,-50,88,7,11,14,7,11,14,46,46,1188,340,56,9,5,1,407.65
 0h01:28.872 2026/02/28T08:37:14z: p:1012.64 gasR:1018652.06 iaq:138.46(0) T:11.08(16.68) H:52.90(36.97) sIaq:407.66(0) Stabilization:1 Run in:0
 0h01:29.573 2026/02/28T08:37:14z: DATA A(40),51,52,34,1012.64,0.03,26352,-50,89,7,11,14,7,11,14,46,46,1188,340,56,9,5,1,407.66
 0h01:29.872 2026/02/28T08:37:15z: p:1012.65 gasR:1018652.06 iaq:138.47(0) T:11.08(16.69) H:52.91(36.98) sIaq:407.67(0) Stabilization:1 Run in:0
 0h01:30.409 2026/02/28T08:37:15z: DATA A(41),51,52,34,1012.65,0.03,26352,-50,90,7,11,14,7,11,14,46,46,1188,340,56,9,5,1,407.67
 0h01:30.872 2026/02/28T08:37:16z: p:1012.64 gasR:1020174.38 iaq:138.47(0) T:11.08(16.68) H:52.94(36.98) sIaq:407.69(0) Stabilization:1 Run in:0
 0h01:31.794 2026/02/28T08:37:17z: DATA B(36),51,52,34,1012.64,0.03,26352,-49,91,5,9,14,5,9,14,38,38,1074,304,43,8,6,5,407.69
 0h01:31.872 2026/02/28T08:37:17z: p:1012.64 gasR:1026309.19 iaq:138.47(0) T:11.08(16.69) H:52.94(36.97) sIaq:407.69(0) Stabilization:1 Run in:0
 0h01:32.626 2026/02/28T08:37:17z: DATA B(37),51,52,34,1012.64,0.03,26352,-49,92,5,9,14,5,9,14,38,38,1074,304,43,8,6,5,407.69
 0h01:32.872 2026/02/28T08:37:18z: p:1012.64 gasR:1029404.38 iaq:138.47(0) T:11.09(16.69) H:52.92(36.96) sIaq:407.69(0) Stabilization:1 Run in:0
 0h01:33.459 2026/02/28T08:37:18z: DATA B(38),51,52,34,1012.64,0.03,26352,-49,93,5,9,14,5,9,14,38,38,1074,304,43,8,6,5,407.69
 0h01:33.872 2026/02/28T08:37:19z: p:1012.63 gasR:1027081.25 iaq:138.47(0) T:11.10(16.70) H:52.91(36.96) sIaq:407.69(0) Stabilization:1 Run in:0
 0h01:34.362 2026/02/28T08:37:19z: DATA B(39),51,52,34,1012.63,0.03,26352,-50,94,7,9,14,7,9,14,38,38,1140,320,45,6,5,4,407.69
 0h01:34.872 2026/02/28T08:37:20z: p:1012.64 gasR:1021701.19 iaq:138.48(0) T:11.10(16.71) H:52.90(36.95) sIaq:407.71(0) Stabilization:1 Run in:0
 0h01:35.194 2026/02/28T08:37:20z: DATA B(40),51,52,34,1012.64,0.03,26352,-49,95,7,9,14,7,9,14,38,38,1140,320,45,6,5,4,407.71
 0h01:35.872 2026/02/28T08:37:21z: p:1012.64 gasR:1018652.06 iaq:138.48(0) T:11.12(16.72) H:52.86(36.94) sIaq:407.72(0) Stabilization:1 Run in:0
 0h01:36.872 2026/02/28T08:37:22z: p:1012.62 gasR:1017892.62 iaq:138.49(0) T:11.12(16.72) H:52.86(36.94) sIaq:407.74(0) Stabilization:1 Run in:0
 0h01:37.310 2026/02/28T08:37:22z: DATA A(42),52,52,35,1012.62,0.03,26352,-49,97,7,11,14,7,11,14,46,46,1134,336,48,10,5,1,407.74
 0h01:37.872 2026/02/28T08:37:23z: p:1012.64 gasR:1025538.31 iaq:138.49(0) T:11.12(16.73) H:52.86(36.93) sIaq:407.75(0) Stabilization:1 Run in:0
 0h01:38.146 2026/02/28T08:37:23z: DATA A(43),52,52,35,1012.64,0.02,26352,-49,98,7,11,14,7,11,14,46,46,1134,336,48,10,5,1,407.75
 0h01:38.872 2026/02/28T08:37:24z: p:1012.63 gasR:1031738.06 iaq:138.49(0) T:11.13(16.73) H:52.86(36.93) sIaq:407.75(0) Stabilization:1 Run in:0
 0h01:39.053 2026/02/28T08:37:24z: DATA A(44),52,52,35,1012.63,0.03,26352,-49,99,7,11,14,7,11,14,46,46,1092,322,46,10,5,1,407.75
 0h01:39.872 2026/02/28T08:37:25z: p:1012.64 gasR:1027854.44 iaq:138.49(0) T:11.13(16.74) H:52.84(36.92) sIaq:407.75(0) Stabilization:1 Run in:0
 0h01:39.889 2026/02/28T08:37:25z: DATA A(45),52,52,35,1012.64,0.03,26352,-49,99,7,11,14,7,11,14,46,46,1092,322,46,10,5,1,407.75
 0h01:40.872 2026/02/28T08:37:26z: p:1012.65 gasR:1024000.00 iaq:138.49(0) T:11.13(16.74) H:52.86(36.92) sIaq:407.77(0) Stabilization:1 Run in:0
 0h01:41.872 2026/02/28T08:37:27z: p:1012.64 gasR:1024768.56 iaq:138.49(0) T:11.13(16.74) H:52.87(36.91) sIaq:407.78(0) Stabilization:1 Run in:0
 0h01:42.064 2026/02/28T08:37:27z: DATA B(41),52,52,35,1012.64,0.03,26352,-50,102,7,10,15,7,10,15,42,42,1182,344,56,8,5,5,407.78
 0h01:42.872 2026/02/28T08:37:28z: p:1012.65 gasR:1032518.25 iaq:138.49(0) T:11.14(16.74) H:52.86(36.91) sIaq:407.78(0) Stabilization:1 Run in:0
 0h01:42.896 2026/02/28T08:37:28z: DATA B(42),52,52,35,1012.65,0.02,26352,-50,102,7,10,15,7,10,15,42,42,1182,344,56,8,5,5,407.78
 0h01:43.729 2026/02/28T08:37:29z: DATA B(43),52,52,35,1012.65,0.02,26352,-50,103,7,10,15,7,10,15,42,42,1182,344,56,8,5,5,407.78
{"SensorId":"48:3f:da:26:d5:2a","DateTime":"2026/02/28T08:37:29z","Geo":"PurpleAir-d52a","Mem":26352,"memfrag":1,"memfb":26280,"memcs":800,"Id":1,"lat":0.000000,"lon":0.000000,"Adc":"nan","loggingrate":15,"place":"outside","version":"7.04","uptime":103,"rssi":-50,"period":103,"httpsuccess":0,"httpsends":0,"hardwareversion":"3.0","hardwarediscovered":"3.0+RV3028+BME68X+PMSX003-A+PMSX003-B","current_temp_f":52,"current_humidity":52,"current_dewpoint_f":35,"pressure":1012.65,"current_temp_f_680":52,"current_humidity_680":52,"current_dewpoint_f_680":35,"pressure_680":1012.65,"gas_680":"nan","p25aqic_b":"rgb(121,241,0)","pm2.5_aqi_b":39,"pm1_0_cf_1_b":7.30,"p_0_3_um_b":1192.33,"pm2_5_cf_1_b":9.33,"p_0_5_um_b":346.98,"pm10_0_cf_1_b":11.60,"p_1_0_um_b":38.63,"pm1_0_atm_b":7.30,"p_2_5_um_b":4.35,"pm2_5_atm_b":9.33,"p_5_0_um_b":2.74,"pm10_0_atm_b":11.60,"p_10_0_um_b":1.86,"p25aqic":"rgb(141,243,0)","pm2.5_aqi":41,"pm1_0_cf_1":6.89,"p_0_3_um":1136.00,"pm2_5_cf_1":9.87,"p_0_5_um":326.62,"pm10_0_cf_1":12.02,"p_1_0_um":40.62,"pm1_0_atm":6.89,"p_2_5_um":6.56,"pm2_5_atm":9.87,"p_5_0_um":2.69,"pm10_0_atm":12.02,"p_10_0_um":0.71,"wlstate":"Failed","status_0":0,"status_1":0,"status_2":0,"status_3":0,"status_4":2,"status_5":2,"status_7":0,"status_8":2,"status_9":2}
 0h01:43.997 2026/02/28T08:37:29z: update.purpleair.com:80/firmware/2mb/update.asp
 0h01:44.004 2026/02/28T08:37:29z: Error: -1
1 BSEC warning code : 100

UTCDateTime,mac_address,firmware_ver,hardware,current_temp_f,current_humidity,current_dewpoint_f,pressure,adc,mem,rssi,uptime,pm1_0_cf_1,pm2_5_cf_1,pm10_0_cf_1,pm1_0_atm,pm2_5_atm,pm10_0_atm,pm2.5_aqi_cf_1,pm2.5_aqi_atm,p_0_3_um,p_0_5_um,p_1_0_um,p_2_5_um,p_5_0_um,p_10_0_um,pm1_0_cf_1_b,pm2_5_cf_1_b,pm10_0_cf_1_b,pm1_0_atm_b,pm2_5_atm_b,pm10_0_atm_b,pm2.5_aqi_cf_1_b,pm2.5_aqi_atm_b,p_0_3_um_b,p_0_5_um_b,p_1_0_um_b,p_2_5_um_b,p_5_0_um_b,p_10_0_um_b,gas
2026/02/28T08:37:29z,48:3f:da:26:d5:2a,7.04,3.0+RV3028+BME68X+PMSX003-A+PMSX003-B,52,52,35,1012.65,nan,26352,-50,104,6.89,9.87,12.02,6.89,9.87,12.02,41,41,1136.00,326.62,40.62,6.56,2.69,0.71,7.30,9.33,11.60,7.30,9.33,11.60,39,39,1192.33,346.98,38.63,4.35,2.74,1.86,nan
1 BSEC warning code : 100

1 BSEC warning code : 100

1 BSEC warning code : 100

1 BSEC warning code : 100

1 BSEC warning code : 100

1 BSEC warning code : 100

1 BSEC warning code : 100

1 BSEC warning code : 100

1 BSEC warning code : 100

1 BSEC warning code : 100

 ets Jan  8 2013,rst cause:1, boot mode:(3,6)

load 0x4010f000, len 1384, room 16 
tail 8
chksum 0x2d
csum 0x2d
v8b899c12
~ld


7.04
 0h00:00.279 1970/01/01T08:00:00z: SPIFFS Active
 0h00:03.953 2026/02/28T13:12:05z: 48:3f:da:26:d5:2a
 0h00:03.954 2026/02/28T13:12:05z: SSID: VALIS
1 BSEC warning code : 100

1 BSEC warning code : 100

1 BSEC warning code : 100

1 BSEC warning code : 100

1 BSEC warning code : 100

1 BSEC warning code : 100

1 BSEC warning code : 100

1 BSEC warning code : 100

1 BSEC warning code : 100

1 BSEC warning code : 100

 ets Jan  8 2013,rst cause:1, boot mode:(3,6)

load 0x4010f000, len 1384, room 16 
tail 8
chksum 0x2d
csum 0x2d
v8b899c12
~ld


7.04
 0h00:00.278 1970/01/01T08:00:00z: SPIFFS Active
 0h00:03.952 2026/02/28T13:31:52z: 48:3f:da:26:d5:2a
 0h00:03.953 2026/02/28T13:31:52z: SSID: VALIS
1 BSEC warning code : 100

1 BSEC warning code : 100

1 BSEC warning code : 100

1 BSEC warning code : 100

1 BSEC warning code : 100

1 BSEC warning code : 100

1 BSEC warning code : 100

1 BSEC warning code : 100

1 BSEC warning code : 100

1 BSEC warning code : 100

 ets Jan  8 2013,rst cause:1, boot mode:(3,6)

load 0x4010f000, len 1384, room 16 
tail 8
chksum 0x2d
csum 0x2d
v8b899c12
~ld


7.04
 0h00:00.283 1970/01/01T08:00:00z: SPIFFS Active
 0h00:03.957 2026/02/28T13:51:38z: 48:3f:da:26:d5:2a
 0h00:03.958 2026/02/28T13:51:38z: SSID: VALIS
1 BSEC warning code : 100

1 BSEC warning code : 100

1 BSEC warning code : 100

1 BSEC warning code : 100

1 BSEC warning code : 100

1 BSEC warning code : 100

1 BSEC warning code : 100

1 BSEC warning code : 100

1 BSEC warning code : 100

1 BSEC warning code : 100

 ets Jan  8 2013,rst cause:1, boot mode:(3,6)

load 0x4010f000, len 1384, room 16 
tail 8
chksum 0x2d
csum 0x2d
v8b899c12
~ld


7.04
 0h00:00.281 1970/01/01T08:00:00z: SPIFFS Active
 0h00:03.955 2026/02/28T14:11:24z: 48:3f:da:26:d5:2a
 0h00:03.956 2026/02/28T14:11:24z: SSID: VALIS
1 BSEC warning code : 100

1 BSEC warning code : 100

1 BSEC warning code : 100

1 BSEC warning code : 100

1 BSEC warning code : 100

1 BSEC warning code : 100

1 BSEC warning code : 100

1 BSEC warning code : 100

1 BSEC warning code : 100

1 BSEC warning code : 100

 ets Jan  8 2013,rst cause:1, boot mode:(3,6)

load 0x4010f000, len 1384, room 16 
tail 8
chksum 0x2d
csum 0x2d
v8b899c12
~ld


7.04
 0h00:00.283 1970/01/01T08:00:00z: SPIFFS Active
 0h00:03.957 2026/02/28T14:31:10z: 48:3f:da:26:d5:2a
 0h00:03.958 2026/02/28T14:31:10z: SSID: VALIS
1 BSEC warning code : 100

1 BSEC warning code : 100

1 BSEC warning code : 100

1 BSEC warning code : 100

1 BSEC warning code : 100

1 BSEC warning code : 100

1 BSEC warning code : 100

1 BSEC warning code : 100

1 BSEC warning code : 100

1 BSEC warning code : 100

 ets Jan  8 2013,rst cause:1, boot mode:(3,6)

load 0x4010f000, len 1384, room 16 
tail 8
chksum 0x2d
csum 0x2d
v8b899c12
~ld


7.04
 0h00:00.277 1970/01/01T08:00:00z: SPIFFS Active
 0h00:03.951 2026/02/28T14:50:56z: 48:3f:da:26:d5:2a
 0h00:03.952 2026/02/28T14:50:56z: SSID: VALIS
1 BSEC warning code : 100

1 BSEC warning code : 100

1 BSEC warning code : 100

1 BSEC warning code : 100

1 BSEC warning code : 100

1 BSEC warning code : 100

1 BSEC warning code : 100

1 BSEC warning code : 100

1 BSEC warning code : 100

1 BSEC warning code : 100

 ets Jan  8 2013,rst cause:1, boot mode:(3,6)

load 0x4010f000, len 1384, room 16 
tail 8
chksum 0x2d
csum 0x2d
v8b899c12
~ld


7.04
 0h00:00.280 1970/01/01T08:00:00z: SPIFFS Active
 0h00:03.953 2026/02/28T15:10:41z: 48:3f:da:26:d5:2a
 0h00:03.955 2026/02/28T15:10:41z: SSID: VALIS
1 BSEC warning code : 100

1 BSEC warning code : 100

1 BSEC warning code : 100

1 BSEC warning code : 100

1 BSEC warning code : 100

1 BSEC warning code : 100

1 BSEC warning code : 100

1 BSEC warning code : 100

1 BSEC warning code : 100

1 BSEC warning code : 100

 ets Jan  8 2013,rst cause:1, boot mode:(3,6)

load 0x4010f000, len 1384, room 16 
tail 8
chksum 0x2d
csum 0x2d
v8b899c12
~ld


7.04
 0h00:00.281 1970/01/01T08:00:00z: SPIFFS Active
 0h00:03.955 2026/02/28T15:30:26z: 48:3f:da:26:d5:2a
 0h00:03.956 2026/02/28T15:30:26z: SSID: VALIS
1 BSEC warning code : 100

1 BSEC warning code : 100

1 BSEC warning code : 100

1 BSEC warning code : 100

1 BSEC warning code : 100

1 BSEC warning code : 100

1 BSEC warning code : 100

1 BSEC warning code : 100

1 BSEC warning code : 100

1 BSEC warning code : 100

 ets Jan  8 2013,rst cause:1, boot mode:(3,6)

load 0x4010f000, len 1384, room 16 
tail 8
chksum 0x2d
csum 0x2d
v8b899c12
~ld


7.04
 0h00:00.281 1970/01/01T08:00:00z: SPIFFS Active
 0h00:03.954 2026/02/28T15:50:12z: 48:3f:da:26:d5:2a
 0h00:03.956 2026/02/28T15:50:12z: SSID: VALIS
1 BSEC warning code : 100

1 BSEC warning code : 100

1 BSEC warning code : 100

1 BSEC warning code : 100

1 BSEC warning code : 100

1 BSEC warning code : 100

1 BSEC warning code : 100

1 BSEC warning code : 100

1 BSEC warning code : 100

1 BSEC warning code : 100

 ets Jan  8 2013,rst cause:1, boot mode:(3,6)

load 0x4010f000, len 1384, room 16 
tail 8
chksum 0x2d
csum 0x2d
v8b899c12
~ld


7.04
 0h00:00.281 1970/01/01T08:00:00z: SPIFFS Active
 0h00:03.954 2026/02/28T16:09:58z: 48:3f:da:26:d5:2a
 0h00:03.956 2026/02/28T16:09:58z: SSID: VALIS
1 BSEC warning code : 100

1 BSEC warning code : 100

1 BSEC warning code : 100

1 BSEC warning code : 100

1 BSEC warning code : 100

1 BSEC warning code : 100

1 BSEC warning code : 100

1 BSEC warning code : 100

1 BSEC warning code : 100

1 BSEC warning code : 100

 ets Jan  8 2013,rst cause:1, boot mode:(3,6)

load 0x4010f000, len 1384, room 16 
tail 8
chksum 0x2d
csum 0x2d
v8b899c12
~ld


7.04
 0h00:00.280 1970/01/01T08:00:00z: SPIFFS Active
 0h00:03.954 2026/02/28T16:29:44z: 48:3f:da:26:d5:2a
 0h00:03.955 2026/02/28T16:29:44z: SSID: VALIS
1 BSEC warning code : 100

1 BSEC warning code : 100

1 BSEC warning code : 100

1 BSEC warning code : 100

1 BSEC warning code : 100

1 BSEC warning code : 100

1 BSEC warning code : 100

1 BSEC warning code : 100

1 BSEC warning code : 100

1 BSEC warning code : 100

 ets Jan  8 2013,rst cause:1, boot mode:(3,6)

load 0x4010f000, len 1384, room 16 
tail 8
chksum 0x2d
csum 0x2d
v8b899c12
~ld


7.04
 0h00:00.279 1970/01/01T08:00:00z: SPIFFS Active
 0h00:03.952 2026/02/28T16:49:29z: 48:3f:da:26:d5:2a
 0h00:03.954 2026/02/28T16:49:29z: SSID: VALIS
1 BSEC warning code : 100

1 BSEC warning code : 100

1 BSEC warning code : 100

1 BSEC warning code : 100

1 BSEC warning code : 100

1 BSEC warning code : 100

1 BSEC warning code : 100

1 BSEC warning code : 100

1 BSEC warning code : 100

1 BSEC warning code : 100

 ets Jan  8 2013,rst cause:1, boot mode:(3,6)

load 0x4010f000, len 1384, room 16 
tail 8
chksum 0x2d
csum 0x2d
v8b899c12
~ld


7.04
 0h00:00.279 1970/01/01T08:00:00z: SPIFFS Active
 0h00:03.953 2026/02/28T17:09:14z: 48:3f:da:26:d5:2a
 0h00:03.954 2026/02/28T17:09:14z: SSID: VALIS
1 BSEC warning code : 100

1 BSEC warning code : 100

1 BSEC warning code : 100

1 BSEC warning code : 100

1 BSEC warning code : 100

1 BSEC warning code : 100

1 BSEC warning code : 100

1 BSEC warning code : 100

1 BSEC warning code : 100

1 BSEC warning code : 100

 ets Jan  8 2013,rst cause:1, boot mode:(3,6)

load 0x4010f000, len 1384, room 16 
tail 8
chksum 0x2d
csum 0x2d
v8b899c12
~ld


7.04
 0h00:00.281 1970/01/01T08:00:00z: SPIFFS Active
 0h00:03.954 2026/02/28T17:29:00z: 48:3f:da:26:d5:2a
 0h00:03.956 2026/02/28T17:29:00z: SSID: VALIS
1 BSEC warning code : 100

1 BSEC warning code : 100

1 BSEC warning code : 100

1 BSEC warning code : 100

1 BSEC warning code : 100

1 BSEC warning code : 100

1 BSEC warning code : 100

1 BSEC warning code : 100

1 BSEC warning code : 100

1 BSEC warning code : 100

 ets Jan  8 2013,rst cause:1, boot mode:(3,6)

load 0x4010f000, len 1384, room 16 
tail 8
chksum 0x2d
csum 0x2d
v8b899c12
~ld


7.04
 0h00:00.284 1970/01/01T08:00:00z: SPIFFS Active
 0h00:03.958 2026/02/28T17:48:46z: 48:3f:da:26:d5:2a
 0h00:03.959 2026/02/28T17:48:46z: SSID: VALIS
1 BSEC warning code : 100

1 BSEC warning code : 100

1 BSEC warning code : 100

1 BSEC warning code : 100

1 BSEC warning code : 100

1 BSEC warning code : 100

1 BSEC warning code : 100

1 BSEC warning code : 100

1 BSEC warning code : 100

1 BSEC warning code : 100

 ets Jan  8 2013,rst cause:1, boot mode:(3,6)

load 0x4010f000, len 1384, room 16 
tail 8
chksum 0x2d
csum 0x2d
v8b899c12
~ld


7.04
 0h00:00.280 1970/01/01T08:00:00z: SPIFFS Active
 0h00:03.954 2026/02/28T18:08:32z: 48:3f:da:26:d5:2a
 0h00:03.955 2026/02/28T18:08:32z: SSID: VALIS
1 BSEC warning code : 100

1 BSEC warning code : 100

1 BSEC warning code : 100

1 BSEC warning code : 100

1 BSEC warning code : 100

1 BSEC warning code : 100

1 BSEC warning code : 100

1 BSEC warning code : 100

1 BSEC warning code : 100

1 BSEC warning code : 100

 ets Jan  8 2013,rst cause:1, boot mode:(3,6)

load 0x4010f000, len 1384, room 16 
tail 8
chksum 0x2d
csum 0x2d
v8b899c12
~ld


7.04
 0h00:00.275 1970/01/01T08:00:00z: SPIFFS Active
 0h00:03.949 2026/02/28T18:28:17z: 48:3f:da:26:d5:2a
 0h00:03.951 2026/02/28T18:28:17z: SSID: VALIS
1 BSEC warning code : 100

1 BSEC warning code : 100

1 BSEC warning code : 100

1 BSEC warning code : 100

1 BSEC warning code : 100

1 BSEC warning code : 100

1 BSEC warning code : 100

1 BSEC warning code : 100

1 BSEC warning code : 100

1 BSEC warning code : 100

 ets Jan  8 2013,rst cause:1, boot mode:(3,6)

load 0x4010f000, len 1384, room 16 
tail 8
chksum 0x2d
csum 0x2d
v8b899c12
~ld


7.04
 0h00:00.279 1970/01/01T08:00:00z: SPIFFS Active
 0h00:03.953 2026/02/28T18:48:02z: 48:3f:da:26:d5:2a
 0h00:03.954 2026/02/28T18:48:02z: SSID: VALIS
1 BSEC warning code : 100

1 BSEC warning code : 100

1 BSEC warning code : 100

1 BSEC warning code : 100

1 BSEC warning code : 100

1 BSEC warning code : 100

1 BSEC warning code : 100

1 BSEC warning code : 100

1 BSEC warning code : 100

1 BSEC warning code : 100

 ets Jan  8 2013,rst cause:1, boot mode:(3,6)

load 0x4010f000, len 1384, room 16 
tail 8
chksum 0x2d
csum 0x2d
v8b899c12
~ld


7.04
 0h00:00.278 1970/01/01T08:00:00z: SPIFFS Active
 0h00:03.952 2026/02/28T19:07:48z: 48:3f:da:26:d5:2a
 0h00:03.953 2026/02/28T19:07:48z: SSID: VALIS
1 BSEC warning code : 100

1 BSEC warning code : 100

1 BSEC warning code : 100

1 BSEC warning code : 100

1 BSEC warning code : 100

1 BSEC warning code : 100

1 BSEC warning code : 100

1 BSEC warning code : 100

1 BSEC warning code : 100

1 BSEC warning code : 100

 ets Jan  8 2013,rst cause:1, boot mode:(3,6)

load 0x4010f000, len 1384, room 16 
tail 8
chksum 0x2d
csum 0x2d
v8b899c12
~ld


7.04
 0h00:00.278 1970/01/01T08:00:00z: SPIFFS Active
 0h00:03.952 2026/02/28T19:27:34z: 48:3f:da:26:d5:2a
 0h00:03.953 2026/02/28T19:27:34z: SSID: VALIS
1 BSEC warning code : 100

1 BSEC warning code : 100

1 BSEC warning code : 100

1 BSEC warning code : 100

1 BSEC warning code : 100

1 BSEC warning code : 100

1 BSEC warning code : 100

1 BSEC warning code : 100

1 BSEC warning code : 100

1 BSEC warning code : 100

 ets Jan  8 2013,rst cause:1, boot mode:(3,6)

load 0x4010f000, len 1384, room 16 
tail 8
chksum 0x2d
csum 0x2d
v8b899c12
~ld


7.04
 0h00:00.280 1970/01/01T08:00:00z: SPIFFS Active
 0h00:03.954 2026/02/28T19:47:20z: 48:3f:da:26:d5:2a
 0h00:03.955 2026/02/28T19:47:20z: SSID: VALIS
1 BSEC warning code : 100

1 BSEC warning code : 100

1 BSEC warning code : 100

1 BSEC warning code : 100

1 BSEC warning code : 100

1 BSEC warning code : 100

1 BSEC warning code : 100

1 BSEC warning code : 100

1 BSEC warning code : 100

1 BSEC warning code : 100

 ets Jan  8 2013,rst cause:1, boot mode:(3,6)

load 0x4010f000, len 1384, room 16 
tail 8
chksum 0x2d
csum 0x2d
v8b899c12
~ld


7.04
 0h00:00.279 1970/01/01T08:00:00z: SPIFFS Active
 0h00:03.953 2026/02/28T20:07:06z: 48:3f:da:26:d5:2a
 0h00:03.955 2026/02/28T20:07:06z: SSID: VALIS
1 BSEC warning code : 100

1 BSEC warning code : 100

1 BSEC warning code : 100

1 BSEC warning code : 100

1 BSEC warning code : 100

1 BSEC warning code : 100

1 BSEC warning code : 100

1 BSEC warning code : 100

1 BSEC warning code : 100

1 BSEC warning code : 100

 ets Jan  8 2013,rst cause:1, boot mode:(3,6)

load 0x4010f000, len 1384, room 16 
tail 8
chksum 0x2d
csum 0x2d
v8b899c12
~ld


7.04
 0h00:00.281 1970/01/01T08:00:00z: SPIFFS Active
 0h00:03.955 2026/02/28T20:26:52z: 48:3f:da:26:d5:2a
 0h00:03.956 2026/02/28T20:26:52z: SSID: VALIS
1 BSEC warning code : 100

1 BSEC warning code : 100

1 BSEC warning code : 100

1 BSEC warning code : 100

1 BSEC warning code : 100

1 BSEC warning code : 100

1 BSEC warning code : 100

1 BSEC warning code : 100

1 BSEC warning code : 100

1 BSEC warning code : 100

 ets Jan  8 2013,rst cause:1, boot mode:(3,6)

load 0x4010f000, len 1384, room 16 
tail 8
chksum 0x2d
csum 0x2d
v8b899c12
~ld


7.04
 0h00:00.276 1970/01/01T08:00:00z: SPIFFS Active
 0h00:03.949 2026/02/28T20:46:37z: 48:3f:da:26:d5:2a
 0h00:03.951 2026/02/28T20:46:37z: SSID: VALIS
1 BSEC warning code : 100

1 BSEC warning code : 100

1 BSEC warning code : 100

1 BSEC warning code : 100

1 BSEC warning code : 100

1 BSEC warning code : 100

1 BSEC warning code : 100

1 BSEC warning code : 100

1 BSEC warning code : 100

1 BSEC warning code : 100

 ets Jan  8 2013,rst cause:1, boot mode:(3,6)

load 0x4010f000, len 1384, room 16 
tail 8
chksum 0x2d
csum 0x2d
v8b899c12
~ld


7.04
 0h00:00.277 1970/01/01T08:00:00z: SPIFFS Active
 0h00:03.951 2026/02/28T21:06:23z: 48:3f:da:26:d5:2a
 0h00:03.952 2026/02/28T21:06:23z: SSID: VALIS
1 BSEC warning code : 100

1 BSEC warning code : 100

1 BSEC warning code : 100

1 BSEC warning code : 100

1 BSEC warning code : 100

1 BSEC warning code : 100

1 BSEC warning code : 100

1 BSEC warning code : 100

1 BSEC warning code : 100

1 BSEC warning code : 100

 ets Jan  8 2013,rst cause:1, boot mode:(3,6)

load 0x4010f000, len 1384, room 16 
tail 8
chksum 0x2d
csum 0x2d
v8b899c12
~ld


7.04
 0h00:00.281 1970/01/01T08:00:00z: SPIFFS Active
 0h00:03.955 2026/02/28T21:26:08z: 48:3f:da:26:d5:2a
 0h00:03.956 2026/02/28T21:26:08z: SSID: VALIS
1 BSEC warning code : 100

1 BSEC warning code : 100

1 BSEC warning code : 100

1 BSEC warning code : 100

1 BSEC warning code : 100

1 BSEC warning code : 100

1 BSEC warning code : 100

1 BSEC warning code : 100

1 BSEC warning code : 100

1 BSEC warning code : 100

 ets Jan  8 2013,rst cause:1, boot mode:(3,6)

load 0x4010f000, len 1384, room 16 
tail 8
chksum 0x2d
csum 0x2d
v8b899c12
~ld


7.04
 0h00:00.277 1970/01/01T08:00:00z: SPIFFS Active
 0h00:03.951 2026/02/28T21:45:54z: 48:3f:da:26:d5:2a
 0h00:03.952 2026/02/28T21:45:54z: SSID: VALIS
1 BSEC warning code : 100

1 BSEC warning code : 100

1 BSEC warning code : 100

1 BSEC warning code : 100

1 BSEC warning code : 100

1 BSEC warning code : 100

1 BSEC warning code : 100

1 BSEC warning code : 100

1 BSEC warning code : 100

1 BSEC warning code : 100

 ets Jan  8 2013,rst cause:1, boot mode:(3,6)

load 0x4010f000, len 1384, room 16 
tail 8
chksum 0x2d
csum 0x2d
v8b899c12
~ld


7.04
 0h00:00.274 1970/01/01T08:00:00z: SPIFFS Active
 0h00:03.948 2026/02/28T22:05:40z: 48:3f:da:26:d5:2a
 0h00:03.949 2026/02/28T22:05:40z: SSID: VALIS
1 BSEC warning code : 100

1 BSEC warning code : 100

1 BSEC warning code : 100

1 BSEC warning code : 100

1 BSEC warning code : 100

1 BSEC warning code : 100

1 BSEC warning code : 100

1 BSEC warning code : 100

1 BSEC warning code : 100

1 BSEC warning code : 100

 ets Jan  8 2013,rst cause:1, boot mode:(3,6)

load 0x4010f000, len 1384, room 16 
tail 8
chksum 0x2d
csum 0x2d
v8b899c12
~ld


7.04
 0h00:00.278 1970/01/01T08:00:00z: SPIFFS Active
 0h00:03.952 2026/02/28T22:25:26z: 48:3f:da:26:d5:2a
 0h00:03.953 2026/02/28T22:25:26z: SSID: VALIS
1 BSEC warning code : 100

1 BSEC warning code : 100

1 BSEC warning code : 100

1 BSEC warning code : 100

1 BSEC warning code : 100

1 BSEC warning code : 100

1 BSEC warning code : 100

1 BSEC warning code : 100

1 BSEC warning code : 100

1 BSEC warning code : 100

 ets Jan  8 2013,rst cause:1, boot mode:(3,6)

load 0x4010f000, len 1384, room 16 
tail 8
chksum 0x2d
csum 0x2d
v8b899c12
~ld


7.04
 0h00:00.279 1970/01/01T08:00:00z: SPIFFS Active
 0h00:03.953 2026/02/28T22:45:12z: 48:3f:da:26:d5:2a
 0h00:03.954 2026/02/28T22:45:12z: SSID: VALIS
1 BSEC warning code : 100

1 BSEC warning code : 100

1 BSEC warning code : 100

1 BSEC warning code : 100

1 BSEC warning code : 100

1 BSEC warning code : 100

1 BSEC warning code : 100

1 BSEC warning code : 100

1 BSEC warning code : 100

1 BSEC warning code : 100

 ets Jan  8 2013,rst cause:1, boot mode:(3,6)

load 0x4010f000, len 1384, room 16 
tail 8
chksum 0x2d
csum 0x2d
v8b899c12
~ld


7.04
 0h00:00.279 1970/01/01T08:00:00z: SPIFFS Active
 0h00:03.953 2026/02/28T23:04:57z: 48:3f:da:26:d5:2a
 0h00:03.955 2026/02/28T23:04:57z: SSID: VALIS
1 BSEC warning code : 100

1 BSEC warning code : 100

1 BSEC warning code : 100

1 BSEC warning code : 100

1 BSEC warning code : 100

1 BSEC warning code : 100

1 BSEC warning code : 100

1 BSEC warning code : 100

1 BSEC warning code : 100

1 BSEC warning code : 100

 ets Jan  8 2013,rst cause:1, boot mode:(3,6)

load 0x4010f000, len 1384, room 16 
tail 8
chksum 0x2d
csum 0x2d
v8b899c12
~ld


7.04
 0h00:00.275 1970/01/01T08:00:00z: SPIFFS Active
 0h00:03.949 2026/02/28T23:24:42z: 48:3f:da:26:d5:2a
 0h00:03.950 2026/02/28T23:24:42z: SSID: VALIS
1 BSEC warning code : 100

1 BSEC warning code : 100

1 BSEC warning code : 100

1 BSEC warning code : 100

1 BSEC warning code : 100

1 BSEC warning code : 100

1 BSEC warning code : 100

1 BSEC warning code : 100

1 BSEC warning code : 100

1 BSEC warning code : 100

 ets Jan  8 2013,rst cause:1, boot mode:(3,6)

load 0x4010f000, len 1384, room 16 
tail 8
chksum 0x2d
csum 0x2d
v8b899c12
~ld


7.04
 0h00:00.282 1970/01/01T08:00:00z: SPIFFS Active
 0h00:03.956 2026/02/28T23:44:27z: 48:3f:da:26:d5:2a
 0h00:03.957 2026/02/28T23:44:27z: SSID: VALIS
1 BSEC warning code : 100

1 BSEC warning code : 100

1 BSEC warning code : 100

1 BSEC warning code : 100

1 BSEC warning code : 100

1 BSEC warning code : 100

1 BSEC warning code : 100
