
1 BSEC warning code : 100

1 BSEC warning code : 100

1 BSEC warning code : 100

1 BSEC warning code : 100

1 BSEC warning code : 100

1 BSEC warning code : 100

1 BSEC warning code : 100

1 BSEC warning code : 100

1 BSEC warning code : 100

 ets Jan  8 2013,rst cause:1, boot mode:(3,6)

load 0x4010f000, len 1384, room 16 
tail 8
chksum 0x2d
csum 0x2d
v8b899c12
~ld


7.04
 0h00:00.280 1970/01/01T08:00:00z: SPIFFS Active
 0h00:03.954 2026/02/11T00:17:46z: 48:3f:da:26:d5:2a
 0h00:03.955 2026/02/11T00:17:46z: SSID: VALIS
1 BSEC warning code : 100

1 BSEC warning code : 100

1 BSEC warning code : 100

1 BSEC warning code : 100

1 BSEC warning code : 100

1 BSEC warning code : 100

1 BSEC warning code : 100

1 BSEC warning code : 100

1 BSEC warning code : 100

1 BSEC warning code : 100

 ets Jan  8 2013,rst cause:1, boot mode:(3,6)

load 0x4010f000, len 1384, room 16 
tail 8
chksum 0x2d
csum 0x2d
v8b899c12
~ld


7.04
 0h00:00.278 1970/01/01T08:00:00z: SPIFFS Active
 0h00:03.952 2026/02/11T00:37:32z: 48:3f:da:26:d5:2a
 0h00:03.954 2026/02/11T00:37:32z: SSID: VALIS
1 BSEC warning code : 100

1 BSEC warning code : 100

1 BSEC warning code : 100

1 BSEC warning code : 100

1 BSEC warning code : 100

1 BSEC warning code : 100

1 BSEC warning code : 100

1 BSEC warning code : 100

1 BSEC warning code : 100

1 BSEC warning code : 100

 ets Jan  8 2013,rst cause:1, boot mode:(3,6)

load 0x4010f000, len 1384, room 16 
tail 8
chksum 0x2d
csum 0x2d
v8b899c12
~ld


7.04
 0h00:00.275 1970/01/01T08:00:00z: SPIFFS Active
 0h00:03.949 2026/02/11T00:57:17z: 48:3f:da:26:d5:2a
 0h00:03.950 2026/02/11T00:57:17z: SSID: VALIS
1 BSEC warning code : 100

1 BSEC warning code : 100

1 BSEC warning code : 100

1 BSEC warning code : 100

1 BSEC warning code : 100

1 BSEC warning code : 100

1 BSEC warning code : 100

1 BSEC warning code : 100

1 BSEC warning code : 100

1 BSEC warning code : 100

 ets Jan  8 2013,rst cause:1, boot mode:(3,6)

load 0x4010f000, len 1384, room 16 
tail 8
chksum 0x2d
csum 0x2d
v8b899c12
~ld


7.04
 0h00:00.274 1970/01/01T08:00:00z: SPIFFS Active
 0h00:03.948 2026/02/11T01:17:03z: 48:3f:da:26:d5:2a
 0h00:03.949 2026/02/11T01:17:03z: SSID: VALIS
1 BSEC warning code : 100

1 BSEC warning code : 100

1 BSEC warning code : 100

1 BSEC warning code : 100

1 BSEC warning code : 100

1 BSEC warning code : 100

1 BSEC warning code : 100

1 BSEC warning code : 100

1 BSEC warning code : 100

1 BSEC warning code : 100

 ets Jan  8 2013,rst cause:1, boot mode:(3,6)

load 0x4010f000, len 1384, room 16 
tail 8
chksum 0x2d
csum 0x2d
v8b899c12
~ld


7.04
 0h00:00.275 1970/01/01T08:00:00z: SPIFFS Active
 0h00:03.949 2026/02/11T01:36:49z: 48:3f:da:26:d5:2a
 0h00:03.950 2026/02/11T01:36:49z: SSID: VALIS
1 BSEC warning code : 100

1 BSEC warning code : 100

1 BSEC warning code : 100

1 BSEC warning code : 100

1 BSEC warning code : 100

1 BSEC warning code : 100

1 BSEC warning code : 100

1 BSEC warning code : 100

1 BSEC warning code : 100

1 BSEC warning code : 100

 ets Jan  8 2013,rst cause:1, boot mode:(3,6)

load 0x4010f000, len 1384, room 16 
tail 8
chksum 0x2d
csum 0x2d
v8b899c12
~ld


7.04
 0h00:00.276 1970/01/01T08:00:00z: SPIFFS Active
 0h00:03.950 2026/02/11T01:56:34z: 48:3f:da:26:d5:2a
 0h00:03.951 2026/02/11T01:56:34z: SSID: VALIS
1 BSEC warning code : 100

1 BSEC warning code : 100

1 BSEC warning code : 100

1 BSEC warning code : 100

1 BSEC warning code : 100

1 BSEC warning code : 100

1 BSEC warning code : 100

1 BSEC warning code : 100

1 BSEC warning code : 100

1 BSEC warning code : 100

 ets Jan  8 2013,rst cause:1, boot mode:(3,6)

load 0x4010f000, len 1384, room 16 
tail 8
chksum 0x2d
csum 0x2d
v8b899c12
~ld


7.04
 0h00:00.273 1970/01/01T08:00:00z: SPIFFS Active
 0h00:03.947 2026/02/11T02:16:20z: 48:3f:da:26:d5:2a
 0h00:03.948 2026/02/11T02:16:20z: SSID: VALIS
1 BSEC warning code : 100

1 BSEC warning code : 100

1 BSEC warning code : 100

1 BSEC warning code : 100

1 BSEC warning code : 100

1 BSEC warning code : 100

1 BSEC warning code : 100

1 BSEC warning code : 100

1 BSEC warning code : 100

1 BSEC warning code : 100

 ets Jan  8 2013,rst cause:1, boot mode:(3,6)

load 0x4010f000, len 1384, room 16 
tail 8
chksum 0x2d
csum 0x2d
v8b899c12
~ld


7.04
 0h00:00.276 1970/01/01T08:00:00z: SPIFFS Active
 0h00:03.950 2026/02/11T02:36:06z: 48:3f:da:26:d5:2a
 0h00:03.951 2026/02/11T02:36:06z: SSID: VALIS
1 BSEC warning code : 100

1 BSEC warning code : 100

1 BSEC warning code : 100

1 BSEC warning code : 100

1 BSEC warning code : 100

1 BSEC warning code : 100

1 BSEC warning code : 100

1 BSEC warning code : 100

1 BSEC warning code : 100

1 BSEC warning code : 100

 ets Jan  8 2013,rst cause:1, boot mode:(3,6)

load 0x4010f000, len 1384, room 16 
tail 8
chksum 0x2d
csum 0x2d
v8b899c12
~ld


7.04
 0h00:00.278 1970/01/01T08:00:00z: SPIFFS Active
 0h00:03.952 2026/02/11T02:55:52z: 48:3f:da:26:d5:2a
 0h00:03.953 2026/02/11T02:55:52z: SSID: VALIS
1 BSEC warning code : 100

1 BSEC warning code : 100

1 BSEC warning code : 100

1 BSEC warning code : 100

1 BSEC warning code : 100

1 BSEC warning code : 100

1 BSEC warning code : 100

1 BSEC warning code : 100

1 BSEC warning code : 100

1 BSEC warning code : 100

 ets Jan  8 2013,rst cause:1, boot mode:(3,6)

load 0x4010f000, len 1384, room 16 
tail 8
chksum 0x2d
csum 0x2d
v8b899c12
~ld


7.04
 0h00:00.274 1970/01/01T08:00:00z: SPIFFS Active
 0h00:03.948 2026/02/11T03:15:37z: 48:3f:da:26:d5:2a
 0h00:03.949 2026/02/11T03:15:37z: SSID: VALIS
1 BSEC warning code : 100

1 BSEC warning code : 100

1 BSEC warning code : 100

1 BSEC warning code : 100

1 BSEC warning code : 100

1 BSEC warning code : 100

1 BSEC warning code : 100

1 BSEC warning code : 100

1 BSEC warning code : 100

1 BSEC warning code : 100

 ets Jan  8 2013,rst cause:1, boot mode:(3,6)

load 0x4010f000, len 1384, room 16 
tail 8
chksum 0x2d
csum 0x2d
v8b899c12
~ld


7.04
 0h00:00.280 1970/01/01T08:00:00z: SPIFFS Active
 0h00:03.954 2026/02/11T03:35:23z: 48:3f:da:26:d5:2a
 0h00:03.955 2026/02/11T03:35:23z: SSID: VALIS
1 BSEC warning code : 100

1 BSEC warning code : 100

1 BSEC warning code : 100

1 BSEC warning code : 100

1 BSEC warning code : 100

1 BSEC warning code : 100

1 BSEC warning code : 100

1 BSEC warning code : 100

1 BSEC warning code : 100

1 BSEC warning code : 100

 ets Jan  8 2013,rst cause:1, boot mode:(3,6)

load 0x4010f000, len 1384, room 16 
tail 8
chksum 0x2d
csum 0x2d
v8b899c12
~ld


7.04
 0h00:00.279 1970/01/01T08:00:00z: SPIFFS Active
 0h00:03.954 2026/02/11T03:55:09z: 48:3f:da:26:d5:2a
 0h00:03.955 2026/02/11T03:55:09z: SSID: VALIS
1 BSEC warning code : 100

1 BSEC warning code : 100

1 BSEC warning code : 100

1 BSEC warning code : 100

1 BSEC warning code : 100

1 BSEC warning code : 100

1 BSEC warning code : 100

1 BSEC warning code : 100

1 BSEC warning code : 100

1 BSEC warning code : 100

 ets Jan  8 2013,rst cause:1, boot mode:(3,6)

load 0x4010f000, len 1384, room 16 
tail 8
chksum 0x2d
csum 0x2d
v8b899c12
~ld


7.04
 0h00:00.279 1970/01/01T08:00:00z: SPIFFS Active
 0h00:03.953 2026/02/11T04:14:54z: 48:3f:da:26:d5:2a
 0h00:03.955 2026/02/11T04:14:54z: SSID: VALIS
1 BSEC warning code : 100

1 BSEC warning code : 100

1 BSEC warning code : 100

1 BSEC warning code : 100

1 BSEC warning code : 100

1 BSEC warning code : 100

1 BSEC warning code : 100

1 BSEC warning code : 100

1 BSEC warning code : 100

1 BSEC warning code : 100

 ets Jan  8 2013,rst cause:1, boot mode:(3,6)

load 0x4010f000, len 1384, room 16 
tail 8
chksum 0x2d
csum 0x2d
v8b899c12
~ld


7.04
 0h00:00.278 1970/01/01T08:00:00z: SPIFFS Active
 0h00:03.952 2026/02/11T04:34:40z: 48:3f:da:26:d5:2a
 0h00:03.954 2026/02/11T04:34:40z: SSID: VALIS
1 BSEC warning code : 100

1 BSEC warning code : 100

1 BSEC warning code : 100

1 BSEC warning code : 100

1 BSEC warning code : 100

1 BSEC warning code : 100

1 BSEC warning code : 100

1 BSEC warning code : 100

1 BSEC warning code : 100

1 BSEC warning code : 100

 ets Jan  8 2013,rst cause:1, boot mode:(3,6)

load 0x4010f000, len 1384, room 16 
tail 8
chksum 0x2d
csum 0x2d
v8b899c12
~ld


7.04
 0h00:00.277 1970/01/01T08:00:00z: SPIFFS Active
 0h00:03.951 2026/02/11T04:54:26z: 48:3f:da:26:d5:2a
 0h00:03.952 2026/02/11T04:54:26z: SSID: VALIS
1 BSEC warning code : 100

1 BSEC warning code : 100

1 BSEC warning code : 100

1 BSEC warning code : 100

1 BSEC warning code : 100

1 BSEC warning code : 100

1 BSEC warning code : 100

1 BSEC warning code : 100

1 BSEC warning code : 100

1 BSEC warning code : 100

 ets Jan  8 2013,rst cause:1, boot mode:(3,6)

load 0x4010f000, len 1384, room 16 
tail 8
chksum 0x2d
csum 0x2d
v8b899c12
~ld


7.04
 0h00:00.280 1970/01/01T08:00:00z: SPIFFS Active
 0h00:03.954 2026/02/11T05:14:11z: 48:3f:da:26:d5:2a
 0h00:03.956 2026/02/11T05:14:11z: SSID: VALIS
1 BSEC warning code : 100

1 BSEC warning code : 100

1 BSEC warning code : 100

1 BSEC warning code : 100

1 BSEC warning code : 100

1 BSEC warning code : 100

1 BSEC warning code : 100

1 BSEC warning code : 100

1 BSEC warning code : 100

1 BSEC warning code : 100

 ets Jan  8 2013,rst cause:1, boot mode:(3,6)

load 0x4010f000, len 1384, room 16 
tail 8
chksum 0x2d
csum 0x2d
v8b899c12
~ld


7.04
 0h00:00.277 1970/01/01T08:00:00z: SPIFFS Active
 0h00:03.952 2026/02/11T05:33:57z: 48:3f:da:26:d5:2a
 0h00:03.953 2026/02/11T05:33:57z: SSID: VALIS
1 BSEC warning code : 100

1 BSEC warning code : 100

1 BSEC warning code : 100

1 BSEC warning code : 100

1 BSEC warning code : 100

1 BSEC warning code : 100

1 BSEC warning code : 100

1 BSEC warning code : 100

1 BSEC warning code : 100

1 BSEC warning code : 100

 ets Jan  8 2013,rst cause:1, boot mode:(3,6)

load 0x4010f000, len 1384, room 16 
tail 8
chksum 0x2d
csum 0x2d
v8b899c12
~ld


7.04
 0h00:00.274 1970/01/01T08:00:00z: SPIFFS Active
 0h00:03.949 2026/02/11T05:53:43z: 48:3f:da:26:d5:2a
 0h00:03.950 2026/02/11T05:53:43z: SSID: VALIS
1 BSEC warning code : 100

1 BSEC warning code : 100

1 BSEC warning code : 100

1 BSEC warning code : 100

1 BSEC warning code : 100

1 BSEC warning code : 100

1 BSEC warning code : 100

1 BSEC warning code : 100

1 BSEC warning code : 100

1 BSEC warning code : 100

 ets Jan  8 2013,rst cause:1, boot mode:(3,6)

load 0x4010f000, len 1384, room 16 
tail 8
chksum 0x2d
csum 0x2d
v8b899c12
~ld


7.04
 0h00:00.278 1970/01/01T08:00:00z: SPIFFS Active
 0h00:03.952 2026/02/11T06:13:29z: 48:3f:da:26:d5:2a
 0h00:03.954 2026/02/11T06:13:29z: SSID: VALIS
1 BSEC warning code : 100

1 BSEC warning code : 100

1 BSEC warning code : 100

1 BSEC warning code : 100

1 BSEC warning code : 100

1 BSEC warning code : 100

1 BSEC warning code : 100

1 BSEC warning code : 100

1 BSEC warning code : 100

1 BSEC warning code : 100

 ets Jan  8 2013,rst cause:1, boot mode:(3,6)

load 0x4010f000, len 1384, room 16 
tail 8
chksum 0x2d
csum 0x2d
v8b899c12
~ld


7.04
 0h00:00.281 1970/01/01T08:00:00z: SPIFFS Active
 0h00:03.955 2026/02/11T06:33:15z: 48:3f:da:26:d5:2a
 0h00:03.957 2026/02/11T06:33:15z: SSID: VALIS
1 BSEC warning code : 100

1 BSEC warning code : 100

1 BSEC warning code : 100

1 BSEC warning code : 100

1 BSEC warning code : 100

1 BSEC warning code : 100

1 BSEC warning code : 100

1 BSEC warning code : 100

1 BSEC warning code : 100

1 BSEC warning code : 100

 ets Jan  8 2013,rst cause:1, boot mode:(3,6)

load 0x4010f000, len 1384, room 16 
tail 8
chksum 0x2d
csum 0x2d
v8b899c12
~ld


7.04
 0h00:00.278 1970/01/01T08:00:00z: SPIFFS Active
 0h00:03.953 2026/02/11T06:53:00z: 48:3f:da:26:d5:2a
 0h00:03.954 2026/02/11T06:53:00z: SSID: VALIS
1 BSEC warning code : 100

1 BSEC warning code : 100

1 BSEC warning code : 100

1 BSEC warning code : 100

1 BSEC warning code : 100

1 BSEC warning code : 100

1 BSEC warning code : 100

1 BSEC warning code : 100

1 BSEC warning code : 100

1 BSEC warning code : 100

 ets Jan  8 2013,rst cause:1, boot mode:(3,6)

load 0x4010f000, len 1384, room 16 
tail 8
chksum 0x2d
csum 0x2d
v8b899c12
~ld


7.04
 0h00:00.281 1970/01/01T08:00:00z: SPIFFS Active
 0h00:03.956 2026/02/11T07:12:46z: 48:3f:da:26:d5:2a
 0h00:03.957 2026/02/11T07:12:46z: SSID: VALIS
1 BSEC warning code : 100

1 BSEC warning code : 100

1 BSEC warning code : 100

1 BSEC warning code : 100

1 BSEC warning code : 100

1 BSEC warning code : 100

1 BSEC warning code : 100

1 BSEC warning code : 100

1 BSEC warning code : 100

1 BSEC warning code : 100

 ets Jan  8 2013,rst cause:1, boot mode:(3,6)

load 0x4010f000, len 1384, room 16 
tail 8
chksum 0x2d
csum 0x2d
v8b899c12
~ld


7.04
 0h00:00.277 1970/01/01T08:00:00z: SPIFFS Active
 0h00:03.952 2026/02/11T07:32:32z: 48:3f:da:26:d5:2a
 0h00:03.953 2026/02/11T07:32:32z: SSID: VALIS
1 BSEC warning code : 100

1 BSEC warning code : 100

1 BSEC warning code : 100

1 BSEC warning code : 100

1 BSEC warning code : 100

1 BSEC warning code : 100

1 BSEC warning code : 100

1 BSEC warning code : 100

1 BSEC warning code : 100

1 BSEC warning code : 100

 ets Jan  8 2013,rst cause:1, boot mode:(3,6)

load 0x4010f000, len 1384, room 16 
tail 8
chksum 0x2d
csum 0x2d
v8b899c12
~ld


7.04
 0h00:00.278 1970/01/01T08:00:00z: SPIFFS Active
 0h00:03.953 2026/02/11T07:52:18z: 48:3f:da:26:d5:2a
 0h00:03.954 2026/02/11T07:52:18z: SSID: VALIS
1 BSEC warning code : 100

1 BSEC warning code : 100

1 BSEC warning code : 100

1 BSEC warning code : 100

1 BSEC warning code : 100

1 BSEC warning code : 100

1 BSEC warning code : 100

1 BSEC warning code : 100

1 BSEC warning code : 100

1 BSEC warning code : 100

 ets Jan  8 2013,rst cause:1, boot mode:(3,6)

load 0x4010f000, len 1384, room 16 
tail 8
chksum 0x2d
csum 0x2d
v8b899c12
~ld


7.04
 0h00:00.279 1970/01/01T08:00:00z: SPIFFS Active
 0h00:03.953 2026/02/11T08:12:03z: 48:3f:da:26:d5:2a
 0h00:03.955 2026/02/11T08:12:03z: SSID: VALIS
1 BSEC warning code : 100

1 BSEC warning code : 100

1 BSEC warning code : 100

1 BSEC warning code : 100

1 BSEC warning code : 100

1 BSEC warning code : 100

1 BSEC warning code : 100

1 BSEC warning code : 100

1 BSEC warning code : 100

1 BSEC warning code : 100

 ets Jan  8 2013,rst cause:1, boot mode:(3,6)

load 0x4010f000, len 1384, room 16 
tail 8
chksum 0x2d
csum 0x2d
v8b899c12
~ld


7.04
 0h00:00.276 1970/01/01T08:00:00z: SPIFFS Active
 0h00:03.951 2026/02/11T08:31:49z: 48:3f:da:26:d5:2a
 0h00:03.952 2026/02/11T08:31:49z: SSID: VALIS
1 BSEC warning code : 100

1 BSEC warning code : 100

1 BSEC warning code : 100

1 BSEC warning code : 100

1 BSEC warning code : 100

1 BSEC warning code : 100

1 BSEC warning code : 100

1 BSEC warning code : 100

1 BSEC warning code : 100

1 BSEC warning code : 100

 ets Jan  8 2013,rst cause:1, boot mode:(3,6)

load 0x4010f000, len 1384, room 16 
tail 8
chksum 0x2d
csum 0x2d
v8b899c12
~ld


7.04
 0h00:00.276 1970/01/01T08:00:00z: SPIFFS Active
 0h00:03.951 2026/02/11T08:51:35z: 48:3f:da:26:d5:2a
 0h00:03.952 2026/02/11T08:51:35z: SSID: VALIS
1 BSEC warning code : 100

1 BSEC warning code : 100

1 BSEC warning code : 100

1 BSEC warning code : 100

1 BSEC warning code : 100

1 BSEC warning code : 100

1 BSEC warning code : 100

1 BSEC warning code : 100

1 BSEC warning code : 100

1 BSEC warning code : 100

 ets Jan  8 2013,rst cause:1, boot mode:(3,6)

load 0x4010f000, len 1384, room 16 
tail 8
chksum 0x2d
csum 0x2d
v8b899c12
~ld


7.04
 0h00:00.273 1970/01/01T08:00:00z: SPIFFS Active
 0h00:03.947 2026/02/11T09:11:20z: 48:3f:da:26:d5:2a
 0h00:03.949 2026/02/11T09:11:20z: SSID: VALIS
1 BSEC warning code : 100

1 BSEC warning code : 100

1 BSEC warning code : 100

1 BSEC warning code : 100

1 BSEC warning code : 100

1 BSEC warning code : 100

1 BSEC warning code : 100

1 BSEC warning code : 100

1 BSEC warning code : 100

1 BSEC warning code : 100

 ets Jan  8 2013,rst cause:1, boot mode:(3,6)

load 0x4010f000, len 1384, room 16 
tail 8
chksum 0x2d
csum 0x2d
v8b899c12
~ld


7.04
 0h00:00.279 1970/01/01T08:00:00z: SPIFFS Active
 0h00:03.954 2026/02/11T09:31:06z: 48:3f:da:26:d5:2a
 0h00:03.956 2026/02/11T09:31:06z: SSID: VALIS
1 BSEC warning code : 100

1 BSEC warning code : 100

1 BSEC warning code : 100

1 BSEC warning code : 100

1 BSEC warning code : 100

1 BSEC warning code : 100

1 BSEC warning code : 100

1 BSEC warning code : 100

1 BSEC warning code : 100

1 BSEC warning code : 100

 ets Jan  8 2013,rst cause:1, boot mode:(3,6)

load 0x4010f000, len 1384, room 16 
tail 8
chksum 0x2d
csum 0x2d
v8b899c12
~ld


7.04
 0h00:00.280 1970/01/01T08:00:00z: SPIFFS Active
 0h00:03.954 2026/02/11T09:50:52z: 48:3f:da:26:d5:2a
 0h00:03.956 2026/02/11T09:50:52z: SSID: VALIS
1 BSEC warning code : 100

1 BSEC warning code : 100

1 BSEC warning code : 100

1 BSEC warning code : 100

1 BSEC warning code : 100

1 BSEC warning code : 100

1 BSEC warning code : 100

1 BSEC warning code : 100

1 BSEC warning code : 100

1 BSEC warning code : 100

 ets Jan  8 2013,rst cause:1, boot mode:(3,6)

load 0x4010f000, len 1384, room 16 
tail 8
chksum 0x2d
csum 0x2d
v8b899c12
~ld


7.04
 0h00:00.271 1970/01/01T08:00:00z: SPIFFS Active
 0h00:03.945 2026/02/11T10:10:38z: 48:3f:da:26:d5:2a
 0h00:03.947 2026/02/11T10:10:38z: SSID: VALIS
1 BSEC warning code : 100

1 BSEC warning code : 100

1 BSEC warning code : 100

1 BSEC warning code : 100

1 BSEC warning code : 100

1 BSEC warning code : 100

1 BSEC warning code : 100

1 BSEC warning code : 100

1 BSEC warning code : 100

1 BSEC warning code : 100

 ets Jan  8 2013,rst cause:1, boot mode:(3,6)

load 0x4010f000, len 1384, room 16 
tail 8
chksum 0x2d
csum 0x2d
v8b899c12
~ld


7.04
 0h00:00.283 1970/01/01T08:00:00z: SPIFFS Active
 0h00:03.957 2026/02/11T10:30:24z: 48:3f:da:26:d5:2a
 0h00:03.959 2026/02/11T10:30:24z: SSID: VALIS
1 BSEC warning code : 100

1 BSEC warning code : 100

1 BSEC warning code : 100

1 BSEC warning code : 100

1 BSEC warning code : 100

1 BSEC warning code : 100

1 BSEC warning code : 100

1 BSEC warning code : 100

1 BSEC warning code : 100

1 BSEC warning code : 100

 ets Jan  8 2013,rst cause:1, boot mode:(3,6)

load 0x4010f000, len 1384, room 16 
tail 8
chksum 0x2d
csum 0x2d
v8b899c12
~ld


7.04
 0h00:00.275 1970/01/01T08:00:00z: SPIFFS Active
 0h00:03.949 2026/02/11T10:50:09z: 48:3f:da:26:d5:2a
 0h00:03.951 2026/02/11T10:50:09z: SSID: VALIS
1 BSEC warning code : 100

1 BSEC warning code : 100

1 BSEC warning code : 100

1 BSEC warning code : 100

1 BSEC warning code : 100

1 BSEC warning code : 100

1 BSEC warning code : 100

1 BSEC warning code : 100

1 BSEC warning code : 100

1 BSEC warning code : 100

 ets Jan  8 2013,rst cause:1, boot mode:(3,6)

load 0x4010f000, len 1384, room 16 
tail 8
chksum 0x2d
csum 0x2d
v8b899c12
~ld


7.04
 0h00:00.278 1970/01/01T08:00:00z: SPIFFS Active
 0h00:03.953 2026/02/11T11:09:55z: 48:3f:da:26:d5:2a
 0h00:03.955 2026/02/11T11:09:55z: SSID: VALIS
1 BSEC warning code : 100

1 BSEC warning code : 100

1 BSEC warning code : 100

1 BSEC warning code : 100

1 BSEC warning code : 100

1 BSEC warning code : 100

1 BSEC warning code : 100

1 BSEC warning code : 100

1 BSEC warning code : 100

1 BSEC warning code : 100

 ets Jan  8 2013,rst cause:1, boot mode:(3,6)

load 0x4010f000, len 1384, room 16 
tail 8
chksum 0x2d
csum 0x2d
v8b899c12
~ld


7.04
 0h00:00.277 1970/01/01T08:00:00z: SPIFFS Active
 0h00:03.952 2026/02/11T11:29:41z: 48:3f:da:26:d5:2a
 0h00:03.954 2026/02/11T11:29:41z: SSID: VALIS
1 BSEC warning code : 100

1 BSEC warning code : 100

1 BSEC warning code : 100

1 BSEC warning code : 100

1 BSEC warning code : 100

1 BSEC warning code : 100

1 BSEC warning code : 100

1 BSEC warning code : 100

1 BSEC warning code : 100

1 BSEC warning code : 100

 ets Jan  8 2013,rst cause:1, boot mode:(3,6)

load 0x4010f000, len 1384, room 16 
tail 8
chksum 0x2d
csum 0x2d
v8b899c12
~ld


7.04
 0h00:00.279 1970/01/01T08:00:00z: SPIFFS Active
 0h00:03.953 2026/02/11T11:49:26z: 48:3f:da:26:d5:2a
 0h00:03.955 2026/02/11T11:49:26z: SSID: VALIS
1 BSEC warning code : 100

1 BSEC warning code : 100

1 BSEC warning code : 100

1 BSEC warning code : 100

1 BSEC warning code : 100

1 BSEC warning code : 100

1 BSEC warning code : 100

1 BSEC warning code : 100

1 BSEC warning code : 100

1 BSEC warning code : 100

 ets Jan  8 2013,rst cause:1, boot mode:(3,6)

load 0x4010f000, len 1384, room 16 
tail 8
chksum 0x2d
csum 0x2d
v8b899c12
~ld


7.04
 0h00:00.276 1970/01/01T08:00:00z: SPIFFS Active
 0h00:03.951 2026/02/11T12:09:11z: 48:3f:da:26:d5:2a
 0h00:03.953 2026/02/11T12:09:11z: SSID: VALIS
1 BSEC warning code : 100

1 BSEC warning code : 100

1 BSEC warning code : 100

1 BSEC warning code : 100

1 BSEC warning code : 100

1 BSEC warning code : 100

1 BSEC warning code : 100

1 BSEC warning code : 100

1 BSEC warning code : 100

1 BSEC warning code : 100

 ets Jan  8 2013,rst cause:1, boot mode:(3,6)

load 0x4010f000, len 1384, room 16 
tail 8
chksum 0x2d
csum 0x2d
v8b899c12
~ld


7.04
 0h00:00.276 1970/01/01T08:00:00z: SPIFFS Active
 0h00:03.950 2026/02/11T12:28:57z: 48:3f:da:26:d5:2a
 0h00:03.952 2026/02/11T12:28:57z: SSID: VALIS
1 BSEC warning code : 100

1 BSEC warning code : 100

1 BSEC warning code : 100

1 BSEC warning code : 100

1 BSEC warning code : 100

1 BSEC warning code : 100

1 BSEC warning code : 100

1 BSEC warning code : 100

1 BSEC warning code : 100

1 BSEC warning code : 100

 ets Jan  8 2013,rst cause:1, boot mode:(3,6)

load 0x4010f000, len 1384, room 16 
tail 8
chksum 0x2d
csum 0x2d
v8b899c12
~ld


7.04
 0h00:00.276 1970/01/01T08:00:00z: SPIFFS Active
 0h00:03.951 2026/02/11T12:48:43z: 48:3f:da:26:d5:2a
 0h00:03.952 2026/02/11T12:48:43z: SSID: VALIS
1 BSEC warning code : 100

1 BSEC warning code : 100

1 BSEC warning code : 100

1 BSEC warning code : 100

1 BSEC warning code : 100

1 BSEC warning code : 100

1 BSEC warning code : 100

1 BSEC warning code : 100

1 BSEC warning code : 100

1 BSEC warning code : 100

 ets Jan  8 2013,rst cause:1, boot mode:(3,6)

load 0x4010f000, len 1384, room 16 
tail 8
chksum 0x2d
csum 0x2d
v8b899c12
~ld


7.04
 0h00:00.280 1970/01/01T08:00:00z: SPIFFS Active
 0h00:03.955 2026/02/11T13:08:28z: 48:3f:da:26:d5:2a
 0h00:03.957 2026/02/11T13:08:28z: SSID: VALIS
1 BSEC warning code : 100

1 BSEC warning code : 100

1 BSEC warning code : 100

1 BSEC warning code : 100

1 BSEC warning code : 100

1 BSEC warning code : 100

1 BSEC warning code : 100

1 BSEC warning code : 100

1 BSEC warning code : 100

1 BSEC warning code : 100

 ets Jan  8 2013,rst cause:1, boot mode:(3,6)

load 0x4010f000, len 1384, room 16 
tail 8
chksum 0x2d
csum 0x2d
v8b899c12
~ld


7.04
 0h00:00.275 1970/01/01T08:00:00z: SPIFFS Active
 0h00:03.950 2026/02/11T13:28:14z: 48:3f:da:26:d5:2a
 0h00:03.951 2026/02/11T13:28:14z: SSID: VALIS
1 BSEC warning code : 100

1 BSEC warning code : 100

1 BSEC warning code : 100

1 BSEC warning code : 100

1 BSEC warning code : 100

1 BSEC warning code : 100

1 BSEC warning code : 100

1 BSEC warning code : 100

1 BSEC warning code : 100

1 BSEC warning code : 100

 ets Jan  8 2013,rst cause:1, boot mode:(3,6)

load 0x4010f000, len 1384, room 16 
tail 8
chksum 0x2d
csum 0x2d
v8b899c12
~ld


7.04
 0h00:00.276 1970/01/01T08:00:00z: SPIFFS Active
 0h00:03.951 2026/02/11T13:47:59z: 48:3f:da:26:d5:2a
 0h00:03.953 2026/02/11T13:47:59z: SSID: VALIS
1 BSEC warning code : 100

1 BSEC warning code : 100

1 BSEC warning code : 100

1 BSEC warning code : 100

1 BSEC warning code : 100

1 BSEC warning code : 100

1 BSEC warning code : 100

1 BSEC warning code : 100

1 BSEC warning code : 100

1 BSEC warning code : 100

 ets Jan  8 2013,rst cause:1, boot mode:(3,6)

load 0x4010f000, len 1384, room 16 
tail 8
chksum 0x2d
csum 0x2d
v8b899c12
~ld


7.04
 0h00:00.282 1970/01/01T08:00:00z: SPIFFS Active
 0h00:03.957 2026/02/11T14:07:45z: 48:3f:da:26:d5:2a
 0h00:03.958 2026/02/11T14:07:45z: SSID: VALIS
1 BSEC warning code : 100

1 BSEC warning code : 100

1 BSEC warning code : 100

1 BSEC warning code : 100

1 BSEC warning code : 100

1 BSEC warning code : 100

1 BSEC warning code : 100

1 BSEC warning code : 100

1 BSEC warning code : 100

1 BSEC warning code : 100

 ets Jan  8 2013,rst cause:1, boot mode:(3,6)

load 0x4010f000, len 1384, room 16 
tail 8
chksum 0x2d
csum 0x2d
v8b899c12
~ld


7.04
 0h00:00.278 1970/01/01T08:00:00z: SPIFFS Active
 0h00:03.951 2026/02/11T14:27:31z: 48:3f:da:26:d5:2a
 0h00:03.952 2026/02/11T14:27:31z: SSID: VALIS
1 BSEC warning code : 100

1 BSEC warning code : 100

1 BSEC warning code : 100

1 BSEC warning code : 100

1 BSEC warning code : 100

1 BSEC warning code : 100

1 BSEC warning code : 100

1 BSEC warning code : 100

1 BSEC warning code : 100

1 BSEC warning code : 100

 ets Jan  8 2013,rst cause:1, boot mode:(3,6)

load 0x4010f000, len 1384, room 16 
tail 8
chksum 0x2d
csum 0x2d
v8b899c12
~ld


7.04
 0h00:00.281 1970/01/01T08:00:00z: SPIFFS Active
 0h00:03.954 2026/02/11T14:47:17z: 48:3f:da:26:d5:2a
 0h00:03.955 2026/02/11T14:47:17z: SSID: VALIS
1 BSEC warning code : 100

1 BSEC warning code : 100

1 BSEC warning code : 100

1 BSEC warning code : 100

1 BSEC warning code : 100

1 BSEC warning code : 100

1 BSEC warning code : 100

1 BSEC warning code : 100

1 BSEC warning code : 100

1 BSEC warning code : 100

 ets Jan  8 2013,rst cause:1, boot mode:(3,6)

load 0x4010f000, len 1384, room 16 
tail 8
chksum 0x2d
csum 0x2d
v8b899c12
~ld


7.04
 0h00:00.278 1970/01/01T08:00:00z: SPIFFS Active
 0h00:03.951 2026/02/11T15:07:03z: 48:3f:da:26:d5:2a
 0h00:03.952 2026/02/11T15:07:03z: SSID: VALIS
1 BSEC warning code : 100

1 BSEC warning code : 100

1 BSEC warning code : 100

1 BSEC warning code : 100

1 BSEC warning code : 100

1 BSEC warning code : 100

1 BSEC warning code : 100

1 BSEC warning code : 100

1 BSEC warning code : 100

1 BSEC warning code : 100

 ets Jan  8 2013,rst cause:1, boot mode:(3,6)

load 0x4010f000, len 1384, room 16 
tail 8
chksum 0x2d
csum 0x2d
v8b899c12
~ld


7.04
 0h00:00.272 1970/01/01T08:00:00z: SPIFFS Active
 0h00:03.945 2026/02/11T15:26:49z: 48:3f:da:26:d5:2a
 0h00:03.946 2026/02/11T15:26:49z: SSID: VALIS
1 BSEC warning code : 100

1 BSEC warning code : 100

1 BSEC warning code : 100

1 BSEC warning code : 100

1 BSEC warning code : 100

1 BSEC warning code : 100

1 BSEC warning code : 100

1 BSEC warning code : 100

1 BSEC warning code : 100

1 BSEC warning code : 100

 ets Jan  8 2013,rst cause:1, boot mode:(3,6)

load 0x4010f000, len 1384, room 16 
tail 8
chksum 0x2d
csum 0x2d
v8b899c12
~ld


7.04
 0h00:00.282 1970/01/01T08:00:00z: SPIFFS Active
 0h00:03.955 2026/02/11T15:46:35z: 48:3f:da:26:d5:2a
 0h00:03.956 2026/02/11T15:46:35z: SSID: VALIS
1 BSEC warning code : 100

1 BSEC warning code : 100

1 BSEC warning code : 100

1 BSEC warning code : 100

1 BSEC warning code : 100

1 BSEC warning code : 100

1 BSEC warning code : 100

1 BSEC warning code : 100

1 BSEC warning code : 100

1 BSEC warning code : 100

 ets Jan  8 2013,rst cause:1, boot mode:(3,6)

load 0x4010f000, len 1384, room 16 
tail 8
chksum 0x2d
csum 0x2d
v8b899c12
~ld


7.04
 0h00:00.280 1970/01/01T08:00:00z: SPIFFS Active
 0h00:03.953 2026/02/11T16:06:21z: 48:3f:da:26:d5:2a
 0h00:03.954 2026/02/11T16:06:21z: SSID: VALIS
 0h00:12.429 2026/02/11T16:06:29z: PMSX003-A (1477ms)
 0h00:13.859 2026/02/11T16:06:31z: PMSX003-B (1429ms)
 0h00:13.861 2026/02/11T16:06:31z: 3.0+RV3028+BME68X+PMSX003-A+PMSX003-B
 0h00:14.876 2026/02/11T16:06:32z: p:1007.89 gasR:975702.69 iaq:145.04(0) T:7.70(10.70) H:83.76(45.71) sIaq:419.54(0) Stabilization:1 Run in:0
 0h00:15.020 2026/02/11T16:06:32z: DATA A(2),45,83,40,1007.89,0.02,26448,0,15,12,18,18,12,18,18,64,64,1770,528,96,4,0,0,419.54
 0h00:15.856 2026/02/11T16:06:33z: DATA A(3),45,83,40,1007.89,0.03,26448,-45,15,12,18,18,12,18,18,64,64,1770,528,96,4,0,0,419.54
 0h00:15.875 2026/02/11T16:06:33z: p:1008.01 gasR:977099.25 iaq:144.28(0) T:8.67(14.27) H:78.87(46.55) sIaq:416.58(0) Stabilization:1 Run in:0
 0h00:16.762 2026/02/11T16:06:33z: DATA A(4),47,78,40,1008.01,0.03,26448,-45,16,12,18,18,12,18,18,64,64,1752,518,96,4,0,0,416.58
 0h00:16.875 2026/02/11T16:06:34z: p:1008.03 gasR:986987.94 iaq:143.55(0) T:9.56(15.17) H:74.02(46.77) sIaq:413.74(0) Stabilization:1 Run in:0
 0h00:17.598 2026/02/11T16:06:34z: DATA A(5),49,74,41,1008.03,0.03,26448,-47,17,12,18,18,12,18,18,64,64,1752,518,96,4,0,0,413.74
 0h00:17.876 2026/02/11T16:06:35z: p:1008.00 gasR:984852.12 iaq:142.92(0) T:9.91(15.51) H:71.91(46.73) sIaq:411.29(0) Stabilization:1 Run in:0
 0h00:18.434 2026/02/11T16:06:35z: DATA A(6),49,71,40,1008.00,0.03,26352,-47,18,12,18,18,12,18,18,64,64,1752,518,96,4,0,0,411.29
 0h00:18.875 2026/02/11T16:06:36z: p:1008.02 gasR:992007.75 iaq:142.32(0) T:10.11(15.71) H:70.43(46.58) sIaq:408.95(0) Stabilization:1 Run in:0
 0h00:19.876 2026/02/11T16:06:37z: p:1008.02 gasR:994899.19 iaq:141.77(0) T:10.24(15.84) H:69.28(46.35) sIaq:406.82(0) Stabilization:1 Run in:0
 0h00:20.741 2026/02/11T16:06:37z: DATA B(2),50,69,40,1008.02,0.03,26352,-48,20,11,16,17,11,16,17,60,60,1722,512,86,6,1,0,406.82
 0h00:20.875 2026/02/11T16:06:38z: p:1008.03 gasR:996351.25 iaq:141.28(0) T:10.33(15.93) H:68.35(46.12) sIaq:404.90(0) Stabilization:1 Run in:0
 0h00:21.573 2026/02/11T16:06:38z: DATA B(3),50,68,39,1008.03,0.03,26352,-49,21,11,16,17,11,16,17,60,60,1722,512,86,6,1,0,404.90
 0h00:21.876 2026/02/11T16:06:39z: p:1008.04 gasR:999268.12 iaq:140.82(0) T:10.41(16.01) H:67.56(45.91) sIaq:403.14(0) Stabilization:1 Run in:0
 0h00:22.476 2026/02/11T16:06:39z: DATA B(4),50,67,39,1008.04,0.03,26352,-49,22,11,16,16,11,16,16,60,60,1668,500,78,3,1,0,403.14
 0h00:22.875 2026/02/11T16:06:40z: p:1008.01 gasR:1000000.00 iaq:140.42(0) T:10.46(16.06) H:66.89(45.67) sIaq:401.56(0) Stabilization:1 Run in:0
 0h00:23.308 2026/02/11T16:06:40z: DATA B(5),50,66,39,1008.01,0.03,26352,-49,23,11,16,16,11,16,16,60,60,1668,500,78,3,1,0,401.56
 0h00:23.875 2026/02/11T16:06:41z: p:1008.02 gasR:996351.25 iaq:140.08(0) T:10.51(16.11) H:66.32(45.48) sIaq:400.25(0) Stabilization:1 Run in:0
 0h00:24.141 2026/02/11T16:06:41z: DATA B(6),50,66,39,1008.02,0.03,26352,-49,24,11,16,16,11,16,16,60,60,1668,500,78,3,1,0,400.25
 0h00:24.875 2026/02/11T16:06:42z: p:1008.02 gasR:1003675.56 iaq:139.74(0) T:10.55(16.16) H:65.82(45.29) sIaq:398.93(0) Stabilization:1 Run in:0
 0h00:25.334 2026/02/11T16:06:42z: DATA A(7),50,65,39,1008.02,0.02,26352,-48,25,13,18,18,13,18,18,64,64,1806,530,88,4,0,0,398.93
 0h00:25.876 2026/02/11T16:06:43z: p:1008.03 gasR:1002202.12 iaq:139.45(0) T:10.60(16.20) H:65.36(45.14) sIaq:397.79(0) Stabilization:1 Run in:0
 0h00:26.170 2026/02/11T16:06:43z: DATA A(8),51,65,39,1008.03,0.02,26352,-48,26,13,18,18,13,18,18,64,64,1806,530,88,4,0,0,397.79
 0h00:26.876 2026/02/11T16:06:44z: p:1008.02 gasR:997078.88 iaq:139.22(0) T:10.65(16.25) H:64.86(44.95) sIaq:396.90(0) Stabilization:1 Run in:0
 0h00:27.077 2026/02/11T16:06:44z: DATA A(9),51,64,39,1008.02,0.03,26352,-48,27,13,16,16,13,16,16,60,60,1854,538,76,3,0,0,396.90
 0h00:27.876 2026/02/11T16:06:45z: p:1008.05 gasR:994899.19 iaq:139.03(0) T:10.70(16.30) H:64.47(44.83) sIaq:396.17(0) Stabilization:1 Run in:0
 0h00:27.913 2026/02/11T16:06:45z: DATA A(10),51,64,39,1008.05,0.02,26352,-48,27,13,16,16,13,16,16,60,60,1854,538,76,3,0,0,396.17
 0h00:28.749 2026/02/11T16:06:45z: DATA A(11),51,64,39,1008.05,0.03,26352,-48,28,13,16,16,13,16,16,60,60,1854,538,76,3,0,0,396.17
 0h00:28.876 2026/02/11T16:06:46z: p:1008.04 gasR:997078.88 iaq:138.85(0) T:10.74(16.34) H:64.16(44.70) sIaq:395.47(0) Stabilization:1 Run in:0
 0h00:29.875 2026/02/11T16:06:47z: p:1008.03 gasR:994899.19 iaq:138.71(0) T:10.77(16.37) H:63.85(44.56) sIaq:394.91(0) Stabilization:1 Run in:0
 0h00:30.876 2026/02/11T16:06:48z: p:1008.04 gasR:996351.25 iaq:138.57(0) T:10.81(16.41) H:63.57(44.46) sIaq:394.37(0) Stabilization:1 Run in:0
 0h00:31.010 2026/02/11T16:06:48z: DATA B(7),51,63,39,1008.04,0.03,26352,-49,31,10,15,16,10,15,16,57,57,1596,470,84,4,1,0,394.37
 0h00:31.842 2026/02/11T16:06:49z: DATA B(8),51,63,39,1008.04,0.03,26352,-47,31,10,15,16,10,15,16,57,57,1596,470,84,4,1,0,394.37
 0h00:31.875 2026/02/11T16:06:49z: p:1008.03 gasR:994899.19 iaq:138.46(0) T:10.83(16.44) H:63.36(44.37) sIaq:393.93(0) Stabilization:1 Run in:0
 0h00:32.745 2026/02/11T16:06:49z: DATA B(9),51,63,38,1008.03,0.03,26352,-47,32,10,15,16,10,15,16,57,57,1590,464,80,4,1,0,393.93
 0h00:32.875 2026/02/11T16:06:50z: p:1008.02 gasR:990568.31 iaq:138.38(0) T:10.86(16.46) H:63.15(44.26) sIaq:393.65(0) Stabilization:1 Run in:0
 0h00:33.577 2026/02/11T16:06:50z: DATA B(10),51,63,38,1008.02,0.02,26352,-47,33,10,15,16,10,15,16,57,57,1590,464,80,4,1,0,393.65
 0h00:33.875 2026/02/11T16:06:51z: p:1008.04 gasR:990568.31 iaq:138.32(0) T:10.89(16.49) H:62.97(44.19) sIaq:393.40(0) Stabilization:1 Run in:0
 0h00:34.875 2026/02/11T16:06:52z: p:1008.02 gasR:990568.31 iaq:138.26(0) T:10.92(16.53) H:62.76(44.10) sIaq:393.17(0) Stabilization:1 Run in:0
 0h00:35.649 2026/02/11T16:06:52z: DATA A(12),51,62,38,1008.02,0.03,26352,-48,35,13,16,16,13,16,16,60,60,1854,538,80,0,0,0,393.17
 0h00:35.875 2026/02/11T16:06:53z: p:1008.03 gasR:987701.94 iaq:138.23(0) T:10.96(16.56) H:62.59(44.03) sIaq:393.04(0) Stabilization:1 Run in:0
 0h00:36.484 2026/02/11T16:06:53z: DATA A(13),51,62,38,1008.03,0.03,26352,-47,36,13,16,16,13,16,16,60,60,1854,538,80,0,0,0,393.04
 0h00:36.875 2026/02/11T16:06:54z: p:1008.03 gasR:988417.00 iaq:138.19(0) T:11.00(16.60) H:62.40(43.97) sIaq:392.91(0) Stabilization:1 Run in:0
 0h00:37.391 2026/02/11T16:06:54z: DATA A(14),51,62,38,1008.03,0.03,26352,-47,37,13,16,16,13,16,16,60,60,1860,538,74,1,0,0,392.91
 0h00:37.876 2026/02/11T16:06:55z: p:1008.05 gasR:984852.12 iaq:138.19(0) T:11.03(16.63) H:62.25(43.90) sIaq:392.88(0) Stabilization:1 Run in:0
 0h00:38.227 2026/02/11T16:06:55z: DATA A(15),51,62,38,1008.05,0.03,26352,-46,38,13,16,16,13,16,16,60,60,1860,538,74,1,0,0,392.88
 0h00:38.876 2026/02/11T16:06:56z: p:1008.03 gasR:993451.38 iaq:138.13(0) T:11.06(16.66) H:62.12(43.84) sIaq:392.64(0) Stabilization:1 Run in:0
 0h00:39.063 2026/02/11T16:06:56z: DATA A(16),51,62,38,1008.03,0.03,26352,-48,39,13,16,16,13,16,16,60,60,1860,538,74,1,0,0,392.64
 0h00:39.875 2026/02/11T16:06:57z: p:1008.01 gasR:992007.75 iaq:138.08(0) T:11.09(16.69) H:62.01(43.80) sIaq:392.47(0) Stabilization:1 Run in:0
 0h00:40.446 2026/02/11T16:06:57z: DATA B(11),51,62,38,1008.01,0.02,26352,-47,40,10,14,14,10,14,14,55,55,1530,442,68,2,0,0,392.47
 0h00:40.875 2026/02/11T16:06:58z: p:1008.02 gasR:986275.00 iaq:138.08(0) T:11.12(16.72) H:61.88(43.74) sIaq:392.46(0) Stabilization:1 Run in:0
 0h00:41.278 2026/02/11T16:06:58z: DATA B(12),52,61,39,1008.02,0.03,26352,-49,41,10,14,14,10,14,14,55,55,1530,442,68,2,0,0,392.46
 0h00:41.875 2026/02/11T16:06:59z: p:1008.01 gasR:986275.00 iaq:138.07(0) T:11.15(16.75) H:61.79(43.69) sIaq:392.44(0) Stabilization:1 Run in:0
 0h00:42.111 2026/02/11T16:06:59z: DATA B(13),52,61,39,1008.01,0.02,26352,-49,42,10,14,14,10,14,14,55,55,1530,442,68,2,0,0,392.44
 0h00:42.875 2026/02/11T16:07:00z: p:1008.04 gasR:989133.06 iaq:138.05(0) T:11.18(16.78) H:61.68(43.65) sIaq:392.36(0) Stabilization:1 Run in:0
 0h00:43.013 2026/02/11T16:07:00z: DATA B(14),52,61,39,1008.04,0.03,26352,-49,43,10,14,14,10,14,14,55,55,1560,450,72,2,0,0,392.36
 0h00:43.846 2026/02/11T16:07:01z: DATA B(15),52,61,39,1008.04,0.03,26352,-49,43,10,14,14,10,14,14,55,55,1560,450,72,2,0,0,392.36
 0h00:43.875 2026/02/11T16:07:01z: p:1008.04 gasR:989133.06 iaq:138.04(0) T:11.21(16.81) H:61.60(43.61) sIaq:392.29(0) Stabilization:1 Run in:0
 0h00:44.875 2026/02/11T16:07:02z: p:1008.02 gasR:994899.19 iaq:137.98(0) T:11.24(16.84) H:61.50(43.56) sIaq:392.09(0) Stabilization:1 Run in:0
 0h00:45.875 2026/02/11T16:07:03z: p:1008.02 gasR:989133.06 iaq:137.97(0) T:11.26(16.86) H:61.47(43.52) sIaq:392.05(0) Stabilization:1 Run in:0
 0h00:45.964 2026/02/11T16:07:03z: DATA A(17),52,61,39,1008.02,0.03,26352,-49,45,13,19,19,13,19,19,66,66,2010,592,98,2,0,0,392.05
 0h00:46.799 2026/02/11T16:07:03z: DATA A(18),52,61,39,1008.02,0.02,26352,-48,46,13,19,19,13,19,19,66,66,2010,592,98,2,0,0,392.05
 0h00:46.875 2026/02/11T16:07:04z: p:1008.02 gasR:994899.19 iaq:137.93(0) T:11.29(16.89) H:61.39(43.49) sIaq:391.88(0) Stabilization:1 Run in:0
 0h00:47.706 2026/02/11T16:07:04z: DATA A(19),52,61,39,1008.02,0.03,26352,-48,47,13,19,19,13,19,19,66,66,2010,590,98,2,0,0,391.88
 0h00:47.875 2026/02/11T16:07:05z: p:1008.02 gasR:1000732.94 iaq:137.86(0) T:11.31(16.92) H:61.30(43.43) sIaq:391.60(0) Stabilization:1 Run in:0
 0h00:48.542 2026/02/11T16:07:05z: DATA A(20),52,61,39,1008.02,0.03,26352,-47,48,13,19,19,13,19,19,66,66,2010,590,98,2,0,0,391.60
 0h00:48.875 2026/02/11T16:07:06z: p:1008.00 gasR:990568.31 iaq:137.85(0) T:11.33(16.93) H:61.29(43.40) sIaq:391.58(0) Stabilization:1 Run in:0
 0h00:49.378 2026/02/11T16:07:06z: DATA A(21),52,61,39,1008.00,0.03,26352,-47,49,13,19,19,13,19,19,66,66,2010,590,98,2,0,0,391.58
 0h00:49.876 2026/02/11T16:07:07z: p:1008.02 gasR:999268.12 iaq:137.80(0) T:11.35(16.95) H:61.22(43.36) sIaq:391.37(0) Stabilization:1 Run in:0
 0h00:50.714 2026/02/11T16:07:07z: DATA B(16),52,61,39,1008.02,0.03,26352,-47,50,10,14,14,10,14,14,55,55,1638,470,74,2,0,0,391.37
 0h00:50.875 2026/02/11T16:07:08z: p:1008.01 gasR:989133.06 iaq:137.81(0) T:11.37(16.97) H:61.21(43.33) sIaq:391.42(0) Stabilization:1 Run in:0
 0h00:51.547 2026/02/11T16:07:08z: DATA B(17),52,61,39,1008.01,0.03,26352,-47,51,10,14,14,10,14,14,55,55,1638,470,74,2,0,0,391.42
 0h00:51.875 2026/02/11T16:07:09z: p:1008.02 gasR:994899.19 iaq:137.79(0) T:11.39(16.99) H:61.18(43.31) sIaq:391.33(0) Stabilization:1 Run in:0
 0h00:52.379 2026/02/11T16:07:09z: DATA B(18),52,61,39,1008.02,0.03,26032,-47,52,10,14,14,10,14,14,55,55,1638,470,74,2,0,0,391.33
 0h00:52.875 2026/02/11T16:07:10z: p:1008.02 gasR:996351.25 iaq:137.76(0) T:11.40(17.00) H:61.13(43.25) sIaq:391.21(0) Stabilization:1 Run in:0
 0h00:53.281 2026/02/11T16:07:10z: DATA B(19),52,61,39,1008.02,0.03,26352,-47,53,10,14,14,10,14,14,55,55,1626,462,72,2,0,0,391.21
 0h00:53.875 2026/02/11T16:07:11z: p:1008.01 gasR:996351.25 iaq:137.73(0) T:11.41(17.01) H:61.16(43.25) sIaq:391.11(0) Stabilization:1 Run in:0
 0h00:54.114 2026/02/11T16:07:11z: DATA B(20),52,61,39,1008.01,0.02,26352,-47,54,10,14,14,10,14,14,55,55,1626,462,72,2,0,0,391.11
 0h00:54.875 2026/02/11T16:07:12z: p:1008.01 gasR:992007.75 iaq:137.74(0) T:11.42(17.03) H:61.16(43.22) sIaq:391.13(0) Stabilization:1 Run in:0
 0h00:55.875 2026/02/11T16:07:13z: p:1008.05 gasR:994899.19 iaq:137.72(0) T:11.44(17.04) H:61.09(43.17) sIaq:391.07(0) Stabilization:1 Run in:0
 0h00:56.278 2026/02/11T16:07:13z: DATA A(22),52,61,39,1008.05,0.03,26352,-47,56,13,19,19,13,19,19,66,66,2016,592,102,3,1,0,391.07
 0h00:56.875 2026/02/11T16:07:14z: p:1008.02 gasR:992729.06 iaq:137.72(0) T:11.44(17.05) H:61.15(43.17) sIaq:391.08(0) Stabilization:1 Run in:0
 0h00:57.114 2026/02/11T16:07:14z: DATA A(23),52,61,39,1008.02,0.02,26352,-47,57,13,19,19,13,19,19,66,66,2016,592,102,3,1,0,391.08
 0h00:57.875 2026/02/11T16:07:15z: p:1008.00 gasR:990568.31 iaq:137.74(0) T:11.45(17.05) H:61.17(43.15) sIaq:391.13(0) Stabilization:1 Run in:0
 0h00:58.021 2026/02/11T16:07:15z: DATA A(24),52,61,39,1008.00,0.03,26352,-47,58,13,19,20,13,19,20,66,66,2082,606,108,3,1,0,391.13
 0h00:58.857 2026/02/11T16:07:16z: DATA A(25),52,61,39,1008.00,0.03,26352,-47,58,13,19,20,13,19,20,66,66,2082,606,108,3,1,0,391.13
 0h00:58.876 2026/02/11T16:07:16z: p:1008.03 gasR:992007.75 iaq:137.74(0) T:11.45(17.05) H:61.20(43.13) sIaq:391.15(0) Stabilization:1 Run in:0
 0h00:59.693 2026/02/11T16:07:16z: DATA A(26),52,61,39,1008.03,0.03,26352,-47,59,13,19,20,13,19,20,66,66,2082,606,108,3,1,0,391.15
 0h00:59.875 2026/02/11T16:07:17z: p:1008.04 gasR:994174.75 iaq:137.73(0) T:11.45(17.05) H:61.26(43.13) sIaq:391.11(0) Stabilization:1 Run in:0
 0h01:00.876 2026/02/11T16:07:18z: p:1008.03 gasR:989850.19 iaq:137.75(0) T:11.46(17.07) H:61.22(43.10) sIaq:391.18(0) Stabilization:1 Run in:0
 0h01:00.983 2026/02/11T16:07:18z: DATA B(21),52,61,39,1008.03,0.02,26352,-47,60,11,15,15,11,15,15,57,57,1794,520,64,2,0,0,391.18
 0h01:01.815 2026/02/11T16:07:18z: DATA B(22),52,61,39,1008.03,0.03,26352,-47,61,11,15,15,11,15,15,57,57,1794,520,64,2,0,0,391.18
 0h01:01.875 2026/02/11T16:07:19z: p:1008.05 gasR:994899.19 iaq:137.74(0) T:11.47(17.07) H:61.22(43.09) sIaq:391.13(0) Stabilization:1 Run in:0
 0h01:02.647 2026/02/11T16:07:19z: DATA B(23),52,61,39,1008.05,0.03,26352,-47,62,11,15,15,11,15,15,57,57,1794,520,64,2,0,0,391.13
 0h01:02.875 2026/02/11T16:07:20z: p:1008.00 gasR:996351.25 iaq:137.71(0) T:11.48(17.08) H:61.23(43.07) sIaq:391.04(0) Stabilization:1 Run in:0
 0h01:03.550 2026/02/11T16:07:20z: DATA B(24),52,61,39,1008.00,0.03,26352,-47,63,11,14,14,11,14,14,55,55,1734,502,62,2,0,0,391.04
 0h01:03.876 2026/02/11T16:07:21z: p:1008.04 gasR:993451.38 iaq:137.71(0) T:11.50(17.11) H:61.16(43.06) sIaq:391.04(0) Stabilization:1 Run in:0
 0h01:04.382 2026/02/11T16:07:21z: DATA B(25),52,61,39,1008.04,0.02,26352,-47,64,11,14,14,11,14,14,55,55,1734,502,62,2,0,0,391.04
 0h01:04.875 2026/02/11T16:07:22z: p:1008.01 gasR:988417.00 iaq:137.74(0) T:11.52(17.12) H:61.13(43.05) sIaq:391.16(0) Stabilization:1 Run in:0
 0h01:05.875 2026/02/11T16:07:23z: p:1008.02 gasR:990568.31 iaq:137.76(0) T:11.54(17.15) H:61.09(43.04) sIaq:391.21(0) Stabilization:1 Run in:0
 0h01:06.593 2026/02/11T16:07:23z: DATA A(27),52,61,39,1008.02,0.03,26352,-48,66,14,20,21,14,20,21,68,68,2118,620,120,5,1,0,391.21
 0h01:06.875 2026/02/11T16:07:24z: p:1008.03 gasR:987701.94 iaq:137.79(0) T:11.57(17.17) H:61.05(43.03) sIaq:391.33(0) Stabilization:1 Run in:0
 0h01:07.429 2026/02/11T16:07:24z: DATA A(28),52,61,38,1008.03,0.03,26352,-47,67,14,20,21,14,20,21,68,68,2118,620,120,5,1,0,391.33
 0h01:07.875 2026/02/11T16:07:25z: p:1008.03 gasR:995624.69 iaq:137.77(0) T:11.57(17.17) H:61.06(43.01) sIaq:391.24(0) Stabilization:1 Run in:0
 0h01:08.336 2026/02/11T16:07:25z: DATA A(29),52,61,38,1008.03,0.03,26352,-47,68,13,19,19,13,19,19,66,66,1956,574,108,4,1,0,391.24
 0h01:08.875 2026/02/11T16:07:26z: p:1008.02 gasR:994899.19 iaq:137.75(0) T:11.58(17.18) H:61.07(43.01) sIaq:391.19(0) Stabilization:1 Run in:0
 0h01:09.171 2026/02/11T16:07:26z: DATA A(30),52,61,38,1008.02,0.02,26352,-47,69,13,19,19,13,19,19,66,66,1956,574,108,4,1,0,391.19
 0h01:09.875 2026/02/11T16:07:27z: p:1008.02 gasR:994899.19 iaq:137.74(0) T:11.58(17.18) H:61.14(43.01) sIaq:391.14(0) Stabilization:1 Run in:0
 0h01:10.007 2026/02/11T16:07:27z: DATA A(31),52,61,39,1008.02,0.02,26352,-47,70,13,19,19,13,19,19,66,66,1956,574,108,4,1,0,391.14
 0h01:10.876 2026/02/11T16:07:28z: p:1008.03 gasR:995624.69 iaq:137.72(0) T:11.58(17.18) H:61.12(42.97) sIaq:391.08(0) Stabilization:1 Run in:0
 0h01:11.251 2026/02/11T16:07:28z: DATA B(26),52,61,39,1008.03,0.02,26352,-47,71,10,13,15,10,13,15,53,53,1662,470,56,5,1,1,391.08
 0h01:11.875 2026/02/11T16:07:29z: p:1008.02 gasR:995624.69 iaq:137.71(0) T:11.58(17.19) H:61.15(42.97) sIaq:391.03(0) Stabilization:1 Run in:0
 0h01:12.083 2026/02/11T16:07:29z: DATA B(27),52,61,39,1008.02,0.02,26352,-47,72,10,13,15,10,13,15,53,53,1662,470,56,5,1,1,391.03
 0h01:12.876 2026/02/11T16:07:30z: p:1008.03 gasR:994899.19 iaq:137.70(0) T:11.58(17.18) H:61.21(42.96) sIaq:391.01(0) Stabilization:1 Run in:0
 0h01:12.915 2026/02/11T16:07:30z: DATA B(28),52,61,39,1008.03,0.03,26352,-47,72,10,13,15,10,13,15,53,53,1662,470,56,5,1,1,391.01
 0h01:13.818 2026/02/11T16:07:30z: DATA B(29),52,61,39,1008.03,0.03,26352,-48,73,10,14,15,10,14,15,55,55,1680,474,62,4,1,1,391.01
 0h01:13.875 2026/02/11T16:07:31z: p:1008.02 gasR:994899.19 iaq:137.70(0) T:11.58(17.18) H:61.21(42.94) sIaq:390.98(0) Stabilization:1 Run in:0
 0h01:14.650 2026/02/11T16:07:31z: DATA B(30),52,61,39,1008.02,0.03,26352,-48,74,10,14,15,10,14,15,55,55,1680,474,62,4,1,1,390.98
 0h01:14.876 2026/02/11T16:07:32z: p:1008.03 gasR:997078.88 iaq:137.68(0) T:11.58(17.18) H:61.25(42.94) sIaq:390.91(0) Stabilization:1 Run in:0
 0h01:15.876 2026/02/11T16:07:33z: p:1008.02 gasR:993451.38 iaq:137.69(0) T:11.57(17.17) H:61.27(42.92) sIaq:390.94(0) Stabilization:1 Run in:0
 0h01:16.876 2026/02/11T16:07:34z: p:1008.02 gasR:995624.69 iaq:137.68(0) T:11.57(17.18) H:61.33(42.95) sIaq:390.91(0) Stabilization:1 Run in:0
 0h01:16.907 2026/02/11T16:07:34z: DATA A(32),52,61,39,1008.02,0.03,26352,-47,76,14,19,19,14,19,19,66,66,1950,578,96,4,0,0,390.91
 0h01:17.743 2026/02/11T16:07:34z: DATA A(33),52,61,39,1008.02,0.02,26040,-47,77,14,19,19,14,19,19,66,66,1950,578,96,4,0,0,390.91
 0h01:17.875 2026/02/11T16:07:35z: p:1008.00 gasR:998537.31 iaq:137.66(0) T:11.58(17.18) H:61.31(42.93) sIaq:390.81(0) Stabilization:1 Run in:0
 0h01:18.650 2026/02/11T16:07:35z: DATA A(34),52,61,39,1008.00,0.03,26352,-47,78,13,18,19,13,18,19,64,64,1902,570,98,5,1,0,390.81
 0h01:18.875 2026/02/11T16:07:36z: p:1008.01 gasR:1000000.00 iaq:137.63(0) T:11.59(17.20) H:61.28(42.93) sIaq:390.70(0) Stabilization:1 Run in:0
 0h01:19.486 2026/02/11T16:07:36z: DATA A(35),52,61,39,1008.01,0.03,26352,-48,79,13,18,19,13,18,19,64,64,1902,570,98,5,1,0,390.70
 0h01:19.875 2026/02/11T16:07:37z: p:1008.02 gasR:996351.25 iaq:137.62(0) T:11.61(17.21) H:61.25(42.91) sIaq:390.68(0) Stabilization:1 Run in:0
 0h01:20.876 2026/02/11T16:07:38z: p:1008.02 gasR:995624.69 iaq:137.62(0) T:11.59(17.19) H:61.32(42.91) sIaq:390.69(0) Stabilization:1 Run in:0
 0h01:21.520 2026/02/11T16:07:38z: DATA B(31),52,61,39,1008.02,0.02,26352,-48,81,11,15,18,11,15,18,57,57,1746,494,74,7,3,2,390.69
 0h01:21.876 2026/02/11T16:07:39z: p:1008.02 gasR:1002938.31 iaq:137.58(0) T:11.60(17.20) H:61.30(42.90) sIaq:390.52(0) Stabilization:1 Run in:0
 0h01:22.352 2026/02/11T16:07:39z: DATA B(32),52,61,39,1008.02,0.03,26352,-48,82,11,15,18,11,15,18,57,57,1746,494,74,7,3,2,390.52
 0h01:22.875 2026/02/11T16:07:40z: p:1008.02 gasR:995624.69 iaq:137.59(0) T:11.59(17.20) H:61.36(42.91) sIaq:390.55(0) Stabilization:1 Run in:0
 0h01:23.185 2026/02/11T16:07:40z: DATA B(33),52,61,39,1008.02,0.02,26352,-50,83,11,15,18,11,15,18,57,57,1746,494,74,7,3,2,390.55
 0h01:23.875 2026/02/11T16:07:41z: p:1008.03 gasR:997807.56 iaq:137.58(0) T:11.61(17.21) H:61.32(42.89) sIaq:390.52(0) Stabilization:1 Run in:0
 0h01:24.088 2026/02/11T16:07:41z: DATA B(34),52,61,39,1008.03,0.02,26352,-48,84,10,15,18,10,15,18,57,57,1716,482,82,7,3,2,390.52
 0h01:24.876 2026/02/11T16:07:42z: p:1008.02 gasR:996351.25 iaq:137.58(0) T:11.60(17.20) H:61.35(42.88) sIaq:390.53(0) Stabilization:1 Run in:0
 0h01:24.920 2026/02/11T16:07:42z: DATA B(35),52,61,39,1008.02,0.02,26352,-48,84,10,15,18,10,15,18,57,57,1716,482,82,7,3,2,390.53
 0h01:25.875 2026/02/11T16:07:43z: p:1008.02 gasR:1003675.56 iaq:137.54(0) T:11.60(17.20) H:61.34(42.87) sIaq:390.37(0) Stabilization:1 Run in:0
 0h01:26.385 2026/02/11T16:07:43z: DATA A(36),52,61,39,1008.02,0.02,26352,-48,86,12,15,16,12,15,16,57,57,1704,514,76,6,1,0,390.37
 0h01:26.875 2026/02/11T16:07:44z: p:1008.01 gasR:992729.06 iaq:137.57(0) T:11.61(17.21) H:61.32(42.85) sIaq:390.48(0) Stabilization:1 Run in:0
 0h01:27.221 2026/02/11T16:07:44z: DATA A(37),52,61,39,1008.01,0.03,26352,-48,87,12,15,17,12,15,17,57,57,1704,514,76,6,1,0,390.48
 0h01:27.875 2026/02/11T16:07:45z: p:1008.00 gasR:1000732.94 iaq:137.55(0) T:11.63(17.23) H:61.26(42.85) sIaq:390.40(0) Stabilization:1 Run in:0
 0h01:28.057 2026/02/11T16:07:45z: DATA A(38),52,61,39,1008.00,0.02,26352,-47,88,12,15,17,12,15,17,57,57,1704,514,76,6,1,0,390.40
 0h01:28.875 2026/02/11T16:07:46z: p:1007.99 gasR:996351.25 iaq:137.56(0) T:11.63(17.23) H:61.25(42.84) sIaq:390.43(0) Stabilization:1 Run in:0
 0h01:28.964 2026/02/11T16:07:46z: DATA A(39),52,61,39,1007.99,0.02,26352,-47,88,13,17,17,13,17,17,62,62,1782,532,74,6,1,0,390.43
 0h01:29.800 2026/02/11T16:07:46z: DATA A(40),52,61,39,1007.99,0.03,26352,-47,89,13,16,16,13,16,16,60,60,1782,532,74,6,1,0,390.43
 0h01:29.875 2026/02/11T16:07:47z: p:1008.03 gasR:1004413.94 iaq:137.51(0) T:11.65(17.25) H:61.19(42.84) sIaq:390.26(0) Stabilization:1 Run in:0
 0h01:30.876 2026/02/11T16:07:48z: p:1008.00 gasR:1002938.31 iaq:137.49(0) T:11.66(17.26) H:61.17(42.82) sIaq:390.16(0) Stabilization:1 Run in:0
 0h01:31.789 2026/02/11T16:07:48z: DATA B(36),52,61,39,1008.00,0.03,26352,-47,91,10,15,18,10,15,18,57,57,1692,486,72,7,3,2,390.16
 0h01:31.875 2026/02/11T16:07:49z: p:1008.02 gasR:998537.31 iaq:137.49(0) T:11.67(17.27) H:61.12(42.80) sIaq:390.17(0) Stabilization:1 Run in:0
 0h01:32.621 2026/02/11T16:07:49z: DATA B(37),52,61,39,1008.02,0.03,26032,-47,92,10,15,18,10,15,18,57,57,1692,486,72,7,3,2,390.17
 0h01:32.876 2026/02/11T16:07:50z: p:1008.01 gasR:1002202.12 iaq:137.47(0) T:11.67(17.27) H:61.11(42.79) sIaq:390.09(0) Stabilization:1 Run in:0
 0h01:33.453 2026/02/11T16:07:50z: DATA B(38),53,61,39,1008.01,0.03,26352,-47,93,10,15,18,10,15,18,57,57,1692,486,72,7,3,2,390.09
 0h01:33.876 2026/02/11T16:07:51z: p:1008.02 gasR:1002202.12 iaq:137.45(0) T:11.67(17.27) H:61.14(42.79) sIaq:390.02(0) Stabilization:1 Run in:0
 0h01:34.356 2026/02/11T16:07:51z: DATA B(39),53,61,39,1008.02,0.03,26352,-47,94,10,15,18,10,15,18,57,57,1674,486,71,7,3,2,390.02
 0h01:34.876 2026/02/11T16:07:52z: p:1008.00 gasR:1002202.12 iaq:137.44(0) T:11.67(17.28) H:61.15(42.79) sIaq:389.97(0) Stabilization:1 Run in:0
 0h01:35.188 2026/02/11T16:07:52z: DATA B(40),53,61,39,1008.00,0.02,26352,-47,95,10,15,18,10,15,18,57,57,1674,486,71,7,3,2,389.97
 0h01:35.876 2026/02/11T16:07:53z: p:1008.03 gasR:1005153.38 iaq:137.41(0) T:11.68(17.28) H:61.11(42.77) sIaq:389.85(0) Stabilization:1 Run in:0
 0h01:36.701 2026/02/11T16:07:53z: DATA A(41),53,61,39,1008.03,0.03,26352,-47,96,14,16,18,14,16,18,60,60,1974,588,74,3,1,0,389.85
 0h01:36.875 2026/02/11T16:07:54z: p:1008.02 gasR:1004413.94 iaq:137.39(0) T:11.68(17.28) H:61.09(42.72) sIaq:389.76(0) Stabilization:1 Run in:0
 0h01:37.537 2026/02/11T16:07:54z: DATA A(42),53,61,39,1008.02,0.03,26352,-47,97,14,16,18,14,16,18,60,60,1974,588,74,3,1,0,389.76
 0h01:37.875 2026/02/11T16:07:55z: p:1008.00 gasR:1007378.25 iaq:137.35(0) T:11.67(17.28) H:61.13(42.73) sIaq:389.62(0) Stabilization:1 Run in:0
 0h01:38.373 2026/02/11T16:07:55z: DATA A(43),53,61,39,1008.00,0.03,26352,-47,98,14,16,18,14,16,18,60,60,1974,588,74,3,1,0,389.62
 0h01:38.875 2026/02/11T16:07:56z: p:1008.02 gasR:1004413.94 iaq:137.33(0) T:11.67(17.27) H:61.15(42.72) sIaq:389.56(0) Stabilization:1 Run in:0
 0h01:39.280 2026/02/11T16:07:56z: DATA A(44),53,61,39,1008.02,0.02,26352,-47,99,13,17,18,13,17,18,62,62,1932,576,72,3,1,0,389.56
 0h01:39.875 2026/02/11T16:07:57z: p:1008.01 gasR:1004413.94 iaq:137.32(0) T:11.67(17.27) H:61.15(42.71) sIaq:389.51(0) Stabilization:1 Run in:0
 0h01:40.115 2026/02/11T16:07:57z: DATA A(45),53,61,39,1008.01,0.02,26352,-47,100,13,17,18,13,17,18,62,62,1932,576,72,3,1,0,389.51
 0h01:40.876 2026/02/11T16:07:58z: p:1007.98 gasR:1002202.12 iaq:137.32(0) T:11.67(17.27) H:61.12(42.67) sIaq:389.52(0) Stabilization:1 Run in:0
 0h01:41.876 2026/02/11T16:07:59z: p:1007.99 gasR:1005893.94 iaq:137.30(0) T:11.68(17.28) H:61.10(42.69) sIaq:389.45(0) Stabilization:1 Run in:0
 0h01:42.057 2026/02/11T16:07:59z: DATA B(41),53,61,39,1007.99,0.03,26352,-47,102,10,14,17,10,14,17,55,55,1518,450,73,4,2,2,389.45
 0h01:42.876 2026/02/11T16:08:00z: p:1008.02 gasR:1001467.00 iaq:137.31(0) T:11.69(17.29) H:61.08(42.68) sIaq:389.49(0) Stabilization:1 Run in:0
 0h01:42.893 2026/02/11T16:08:00z: DATA B(42),53,61,39,1008.02,0.02,26352,-48,102,10,14,17,10,14,17,55,55,1518,450,73,4,2,2,389.49
 0h01:43.721 2026/02/11T16:08:00z: DATA B(43),53,61,39,1008.02,0.03,26352,-49,103,10,14,17,10,14,17,55,55,1518,450,73,4,2,2,389.49
 0h01:43.875 2026/02/11T16:08:01z: p:1007.99 gasR:1006635.56 iaq:137.29(0) T:11.69(17.30) H:61.04(42.66) sIaq:389.40(0) Stabilization:1 Run in:0
{"SensorId":"48:3f:da:26:d5:2a","DateTime":"2026/02/11T16:08:01z","Geo":"PurpleAir-d52a","Mem":26352,"memfrag":1,"memfb":26280,"memcs":800,"Id":1,"lat":0.000000,"lon":0.000000,"Adc":"nan","loggingrate":15,"place":"outside","version":"7.04","uptime":103,"rssi":-49,"period":103,"httpsuccess":0,"httpsends":0,"hardwareversion":"3.0","hardwarediscovered":"3.0+RV3028+BME68X+PMSX003-A+PMSX003-B","current_temp_f":53,"current_humidity":61,"current_dewpoint_f":39,"pressure":1007.99,"current_temp_f_680":53,"current_humidity_680":61,"current_dewpoint_f_680":39,"pressure_680":1007.99,"gas_680":"nan","p25aqic_b":"rgb(255,255,0)","pm2.5_aqi_b":57,"pm1_0_cf_1_b":10.35,"p_0_3_um_b":1659.07,"pm2_5_cf_1_b":14.63,"p_0_5_um_b":480.05,"pm10_0_cf_1_b":15.88,"p_1_0_um_b":72.30,"pm1_0_atm_b":10.35,"p_2_5_um_b":4.16,"pm2_5_atm_b":14.63,"p_5_0_um_b":1.21,"pm10_0_atm_b":15.88,"p_10_0_um_b":0.72,"p25aqic":"rgb(255,253,0)","pm2.5_aqi":63,"pm1_0_cf_1":12.96,"p_0_3_um":1901.73,"pm2_5_cf_1":17.62,"p_0_5_um":560.53,"pm10_0_cf_1":18.07,"p_1_0_um":90.58,"pm1_0_atm":12.96,"p_2_5_um":3.42,"pm2_5_atm":17.62,"p_5_0_um":0.49,"pm10_0_atm":18.07,"p_10_0_um":0.00,"wlstate":"Failed","status_0":0,"status_1":0,"status_2":0,"status_3":0,"status_4":2,"status_5":2,"status_7":0,"status_8":2,"status_9":2}
 0h01:44.017 2026/02/11T16:08:01z: update.purpleair.com:80/firmware/2mb/update.asp
 0h01:44.024 2026/02/11T16:08:01z: Error: -1
UTCDateTime,mac_address,firmware_ver,hardware,current_temp_f,current_humidity,current_dewpoint_f,pressure,adc,mem,rssi,uptime,pm1_0_cf_1,pm2_5_cf_1,pm10_0_cf_1,pm1_0_atm,pm2_5_atm,pm10_0_atm,pm2.5_aqi_cf_1,pm2.5_aqi_atm,p_0_3_um,p_0_5_um,p_1_0_um,p_2_5_um,p_5_0_um,p_10_0_um,pm1_0_cf_1_b,pm2_5_cf_1_b,pm10_0_cf_1_b,pm1_0_atm_b,pm2_5_atm_b,pm10_0_atm_b,pm2.5_aqi_cf_1_b,pm2.5_aqi_atm_b,p_0_3_um_b,p_0_5_um_b,p_1_0_um_b,p_2_5_um_b,p_5_0_um_b,p_10_0_um_b,gas
2026/02/11T16:08:01z,48:3f:da:26:d5:2a,7.04,3.0+RV3028+BME68X+PMSX003-A+PMSX003-B,53,61,39,1007.99,nan,26352,-49,104,12.96,17.62,18.07,12.96,17.62,18.07,63,63,1901.73,560.53,90.58,3.42,0.49,0.00,10.35,14.63,15.88,10.35,14.63,15.88,57,57,1659.07,480.05,72.30,4.16,1.21,0.72,nan
1 BSEC warning code : 100

1 BSEC warning code : 100

1 BSEC warning code : 100

1 BSEC warning code : 100

1 BSEC warning code : 100

1 BSEC warning code : 100

1 BSEC warning code : 100

1 BSEC warning code : 100

1 BSEC warning code : 100

1 BSEC warning code : 100

 ets Jan  8 2013,rst cause:1, boot mode:(3,6)

load 0x4010f000, len 1384, room 16 
tail 8
chksum 0x2d
csum 0x2d
v8b899c12
~ld


7.04
 0h00:00.276 1970/01/01T08:00:00z: SPIFFS Active
 0h00:03.949 2026/02/11T16:45:50z: 48:3f:da:26:d5:2a
 0h00:03.950 2026/02/11T16:45:50z: SSID: VALIS
1 BSEC warning code : 100

1 BSEC warning code : 100

1 BSEC warning code : 100

1 BSEC warning code : 100

1 BSEC warning code : 100

1 BSEC warning code : 100

1 BSEC warning code : 100

1 BSEC warning code : 100

1 BSEC warning code : 100

1 BSEC warning code : 100

 ets Jan  8 2013,rst cause:1, boot mode:(3,6)

load 0x4010f000, len 1384, room 16 
tail 8
chksum 0x2d
csum 0x2d
v8b899c12
~ld


7.04
 0h00:00.279 1970/01/01T08:00:00z: SPIFFS Active
 0h00:03.952 2026/02/11T17:05:35z: 48:3f:da:26:d5:2a
 0h00:03.953 2026/02/11T17:05:35z: SSID: VALIS
1 BSEC warning code : 100

1 BSEC warning code : 100

1 BSEC warning code : 100

1 BSEC warning code : 100

1 BSEC warning code : 100

1 BSEC warning code : 100

1 BSEC warning code : 100

1 BSEC warning code : 100

1 BSEC warning code : 100

1 BSEC warning code : 100

 ets Jan  8 2013,rst cause:1, boot mode:(3,6)

load 0x4010f000, len 1384, room 16 
tail 8
chksum 0x2d
csum 0x2d
v8b899c12
~ld


7.04
 0h00:00.276 1970/01/01T08:00:00z: SPIFFS Active
 0h00:03.949 2026/02/11T17:25:21z: 48:3f:da:26:d5:2a
 0h00:03.950 2026/02/11T17:25:21z: SSID: VALIS
1 BSEC warning code : 100

1 BSEC warning code : 100

1 BSEC warning code : 100

1 BSEC warning code : 100

1 BSEC warning code : 100

1 BSEC warning code : 100

1 BSEC warning code : 100

1 BSEC warning code : 100

1 BSEC warning code : 100

1 BSEC warning code : 100

 ets Jan  8 2013,rst cause:1, boot mode:(3,6)

load 0x4010f000, len 1384, room 16 
tail 8
chksum 0x2d
csum 0x2d
v8b899c12
~ld


7.04
 0h00:00.278 1970/01/01T08:00:00z: SPIFFS Active
 0h00:03.951 2026/02/11T17:45:06z: 48:3f:da:26:d5:2a
 0h00:03.952 2026/02/11T17:45:06z: SSID: VALIS
1 BSEC warning code : 100

1 BSEC warning code : 100

1 BSEC warning code : 100

1 BSEC warning code : 100

1 BSEC warning code : 100

1 BSEC warning code : 100

1 BSEC warning code : 100

1 BSEC warning code : 100

1 BSEC warning code : 100

1 BSEC warning code : 100

 ets Jan  8 2013,rst cause:1, boot mode:(3,6)

load 0x4010f000, len 1384, room 16 
tail 8
chksum 0x2d
csum 0x2d
v8b899c12
~ld


7.04
 0h00:00.282 1970/01/01T08:00:00z: SPIFFS Active
 0h00:03.955 2026/02/11T18:04:52z: 48:3f:da:26:d5:2a
 0h00:03.957 2026/02/11T18:04:52z: SSID: VALIS
1 BSEC warning code : 100

1 BSEC warning code : 100

1 BSEC warning code : 100

1 BSEC warning code : 100

1 BSEC warning code : 100

1 BSEC warning code : 100

1 BSEC warning code : 100

1 BSEC warning code : 100

1 BSEC warning code : 100

1 BSEC warning code : 100

 ets Jan  8 2013,rst cause:1, boot mode:(3,6)

load 0x4010f000, len 1384, room 16 
tail 8
chksum 0x2d
csum 0x2d
v8b899c12
~ld


7.04
 0h00:00.279 1970/01/01T08:00:00z: SPIFFS Active
 0h00:03.952 2026/02/11T18:24:38z: 48:3f:da:26:d5:2a
 0h00:03.953 2026/02/11T18:24:38z: SSID: VALIS
1 BSEC warning code : 100

1 BSEC warning code : 100

1 BSEC warning code : 100

1 BSEC warning code : 100

1 BSEC warning code : 100

1 BSEC warning code : 100

1 BSEC warning code : 100

1 BSEC warning code : 100

1 BSEC warning code : 100

1 BSEC warning code : 100

 ets Jan  8 2013,rst cause:1, boot mode:(3,6)

load 0x4010f000, len 1384, room 16 
tail 8
chksum 0x2d
csum 0x2d
v8b899c12
~ld


7.04
 0h00:00.281 1970/01/01T08:00:00z: SPIFFS Active
 0h00:03.954 2026/02/11T18:44:24z: 48:3f:da:26:d5:2a
 0h00:03.955 2026/02/11T18:44:24z: SSID: VALIS
1 BSEC warning code : 100

1 BSEC warning code : 100

1 BSEC warning code : 100

1 BSEC warning code : 100

1 BSEC warning code : 100

1 BSEC warning code : 100

1 BSEC warning code : 100

1 BSEC warning code : 100

1 BSEC warning code : 100

1 BSEC warning code : 100

 ets Jan  8 2013,rst cause:1, boot mode:(3,6)

load 0x4010f000, len 1384, room 16 
tail 8
chksum 0x2d
csum 0x2d
v8b899c12
~ld


7.04
 0h00:00.277 1970/01/01T08:00:00z: SPIFFS Active
 0h00:03.950 2026/02/11T19:04:09z: 48:3f:da:26:d5:2a
 0h00:03.952 2026/02/11T19:04:09z: SSID: VALIS
1 BSEC warning code : 100

1 BSEC warning code : 100

1 BSEC warning code : 100

1 BSEC warning code : 100

1 BSEC warning code : 100

1 BSEC warning code : 100

1 BSEC warning code : 100

1 BSEC warning code : 100

1 BSEC warning code : 100

1 BSEC warning code : 100

 ets Jan  8 2013,rst cause:1, boot mode:(3,6)

load 0x4010f000, len 1384, room 16 
tail 8
chksum 0x2d
csum 0x2d
v8b899c12
~ld


7.04
 0h00:00.277 1970/01/01T08:00:00z: SPIFFS Active
 0h00:03.950 2026/02/11T19:23:56z: 48:3f:da:26:d5:2a
 0h00:03.952 2026/02/11T19:23:56z: SSID: VALIS
1 BSEC warning code : 100

1 BSEC warning code : 100

1 BSEC warning code : 100

1 BSEC warning code : 100

1 BSEC warning code : 100

1 BSEC warning code : 100

1 BSEC warning code : 100

1 BSEC warning code : 100

1 BSEC warning code : 100

1 BSEC warning code : 100

 ets Jan  8 2013,rst cause:1, boot mode:(3,6)

load 0x4010f000, len 1384, room 16 
tail 8
chksum 0x2d
csum 0x2d
v8b899c12
~ld


7.04
 0h00:00.281 1970/01/01T08:00:00z: SPIFFS Active
 0h00:03.954 2026/02/11T19:43:41z: 48:3f:da:26:d5:2a
 0h00:03.956 2026/02/11T19:43:41z: SSID: VALIS
1 BSEC warning code : 100

1 BSEC warning code : 100

1 BSEC warning code : 100

1 BSEC warning code : 100

1 BSEC warning code : 100

1 BSEC warning code : 100

1 BSEC warning code : 100

1 BSEC warning code : 100

1 BSEC warning code : 100

1 BSEC warning code : 100

 ets Jan  8 2013,rst cause:1, boot mode:(3,6)

load 0x4010f000, len 1384, room 16 
tail 8
chksum 0x2d
csum 0x2d
v8b899c12
~ld


7.04
 0h00:00.283 1970/01/01T08:00:00z: SPIFFS Active
 0h00:03.956 2026/02/11T20:03:26z: 48:3f:da:26:d5:2a
 0h00:03.958 2026/02/11T20:03:26z: SSID: VALIS
1 BSEC warning code : 100

1 BSEC warning code : 100

1 BSEC warning code : 100

1 BSEC warning code : 100

1 BSEC warning code : 100

1 BSEC warning code : 100

1 BSEC warning code : 100

1 BSEC warning code : 100

1 BSEC warning code : 100

1 BSEC warning code : 100

 ets Jan  8 2013,rst cause:1, boot mode:(3,6)

load 0x4010f000, len 1384, room 16 
tail 8
chksum 0x2d
csum 0x2d
v8b899c12
~ld


7.04
 0h00:00.282 1970/01/01T08:00:00z: SPIFFS Active
 0h00:03.956 2026/02/11T20:23:12z: 48:3f:da:26:d5:2a
 0h00:03.957 2026/02/11T20:23:12z: SSID: VALIS
1 BSEC warning code : 100

1 BSEC warning code : 100

1 BSEC warning code : 100

1 BSEC warning code : 100

1 BSEC warning code : 100

1 BSEC warning code : 100

1 BSEC warning code : 100

1 BSEC warning code : 100

1 BSEC warning code : 100

1 BSEC warning code : 100

 ets Jan  8 2013,rst cause:1, boot mode:(3,6)

load 0x4010f000, len 1384, room 16 
tail 8
chksum 0x2d
csum 0x2d
v8b899c12
~ld


7.04
 0h00:00.281 1970/01/01T08:00:00z: SPIFFS Active
 0h00:03.954 2026/02/11T20:42:58z: 48:3f:da:26:d5:2a
 0h00:03.956 2026/02/11T20:42:58z: SSID: VALIS
1 BSEC warning code : 100

1 BSEC warning code : 100

1 BSEC warning code : 100

1 BSEC warning code : 100

1 BSEC warning code : 100

1 BSEC warning code : 100

1 BSEC warning code : 100

1 BSEC warning code : 100

1 BSEC warning code : 100

1 BSEC warning code : 100

 ets Jan  8 2013,rst cause:1, boot mode:(3,6)

load 0x4010f000, len 1384, room 16 
tail 8
chksum 0x2d
csum 0x2d
v8b899c12
~ld


7.04
 0h00:00.276 1970/01/01T08:00:00z: SPIFFS Active
 0h00:03.950 2026/02/11T21:02:44z: 48:3f:da:26:d5:2a
 0h00:03.951 2026/02/11T21:02:44z: SSID: VALIS
1 BSEC warning code : 100

1 BSEC warning code : 100

1 BSEC warning code : 100

1 BSEC warning code : 100

1 BSEC warning code : 100

1 BSEC warning code : 100

1 BSEC warning code : 100

1 BSEC warning code : 100

1 BSEC warning code : 100

1 BSEC warning code : 100

 ets Jan  8 2013,rst cause:1, boot mode:(3,6)

load 0x4010f000, len 1384, room 16 
tail 8
chksum 0x2d
csum 0x2d
v8b899c12
~ld


7.04
 0h00:00.277 1970/01/01T08:00:00z: SPIFFS Active
 0h00:03.950 2026/02/11T21:22:28z: 48:3f:da:26:d5:2a
 0h00:03.952 2026/02/11T21:22:28z: SSID: VALIS
1 BSEC warning code : 100

1 BSEC warning code : 100

1 BSEC warning code : 100

1 BSEC warning code : 100

1 BSEC warning code : 100

1 BSEC warning code : 100

1 BSEC warning code : 100

1 BSEC warning code : 100

1 BSEC warning code : 100

1 BSEC warning code : 100

 ets Jan  8 2013,rst cause:1, boot mode:(3,6)

load 0x4010f000, len 1384, room 16 
tail 8
chksum 0x2d
csum 0x2d
v8b899c12
~ld


7.04
 0h00:00.278 1970/01/01T08:00:00z: SPIFFS Active
 0h00:03.951 2026/02/11T21:42:13z: 48:3f:da:26:d5:2a
 0h00:03.953 2026/02/11T21:42:13z: SSID: VALIS
1 BSEC warning code : 100

1 BSEC warning code : 100

1 BSEC warning code : 100

1 BSEC warning code : 100

1 BSEC warning code : 100

1 BSEC warning code : 100

1 BSEC warning code : 100

1 BSEC warning code : 100

1 BSEC warning code : 100

1 BSEC warning code : 100

 ets Jan  8 2013,rst cause:1, boot mode:(3,6)

load 0x4010f000, len 1384, room 16 
tail 8
chksum 0x2d
csum 0x2d
v8b899c12
~ld


7.04
 0h00:00.281 1970/01/01T08:00:00z: SPIFFS Active
 0h00:03.954 2026/02/11T22:01:59z: 48:3f:da:26:d5:2a
 0h00:03.956 2026/02/11T22:01:59z: SSID: VALIS
1 BSEC warning code : 100

1 BSEC warning code : 100

1 BSEC warning code : 100

1 BSEC warning code : 100

1 BSEC warning code : 100

1 BSEC warning code : 100

1 BSEC warning code : 100

1 BSEC warning code : 100

1 BSEC warning code : 100

1 BSEC warning code : 100

 ets Jan  8 2013,rst cause:1, boot mode:(3,6)

load 0x4010f000, len 1384, room 16 
tail 8
chksum 0x2d
csum 0x2d
v8b899c12
~ld


7.04
 0h00:00.277 1970/01/01T08:00:00z: SPIFFS Active
 0h00:03.951 2026/02/11T22:21:45z: 48:3f:da:26:d5:2a
 0h00:03.953 2026/02/11T22:21:45z: SSID: VALIS
1 BSEC warning code : 100

1 BSEC warning code : 100

1 BSEC warning code : 100

1 BSEC warning code : 100

1 BSEC warning code : 100

1 BSEC warning code : 100

1 BSEC warning code : 100

1 BSEC warning code : 100

1 BSEC warning code : 100

1 BSEC warning code : 100

 ets Jan  8 2013,rst cause:1, boot mode:(3,6)

load 0x4010f000, len 1384, room 16 
tail 8
chksum 0x2d
csum 0x2d
v8b899c12
~ld


7.04
 0h00:00.281 1970/01/01T08:00:00z: SPIFFS Active
 0h00:03.955 2026/02/11T22:41:30z: 48:3f:da:26:d5:2a
 0h00:03.956 2026/02/11T22:41:30z: SSID: VALIS
1 BSEC warning code : 100

1 BSEC warning code : 100

1 BSEC warning code : 100

1 BSEC warning code : 100

1 BSEC warning code : 100

1 BSEC warning code : 100

1 BSEC warning code : 100

1 BSEC warning code : 100

1 BSEC warning code : 100

1 BSEC warning code : 100

 ets Jan  8 2013,rst cause:1, boot mode:(3,6)

load 0x4010f000, len 1384, room 16 
tail 8
chksum 0x2d
csum 0x2d
v8b899c12
~ld


7.04
 0h00:00.274 1970/01/01T08:00:00z: SPIFFS Active
 0h00:03.947 2026/02/11T23:01:16z: 48:3f:da:26:d5:2a
 0h00:03.949 2026/02/11T23:01:16z: SSID: VALIS
1 BSEC warning code : 100

1 BSEC warning code : 100

1 BSEC warning code : 100

1 BSEC warning code : 100

1 BSEC warning code : 100

1 BSEC warning code : 100

1 BSEC warning code : 100

1 BSEC warning code : 100

1 BSEC warning code : 100

1 BSEC warning code : 100

 ets Jan  8 2013,rst cause:1, boot mode:(3,6)

load 0x4010f000, len 1384, room 16 
tail 8
chksum 0x2d
csum 0x2d
v8b899c12
~ld


7.04
 0h00:00.278 1970/01/01T08:00:00z: SPIFFS Active
 0h00:03.951 2026/02/11T23:21:02z: 48:3f:da:26:d5:2a
 0h00:03.953 2026/02/11T23:21:02z: SSID: VALIS
1 BSEC warning code : 100

1 BSEC warning code : 100

1 BSEC warning code : 100

1 BSEC warning code : 100

1 BSEC warning code : 100

1 BSEC warning code : 100

1 BSEC warning code : 100

1 BSEC warning code : 100

1 BSEC warning code : 100

1 BSEC warning code : 100

 ets Jan  8 2013,rst cause:1, boot mode:(3,6)

load 0x4010f000, len 1384, room 16 
tail 8
chksum 0x2d
csum 0x2d
v8b899c12
~ld


7.04
 0h00:00.276 1970/01/01T08:00:00z: SPIFFS Active
 0h00:03.950 2026/02/11T23:40:48z: 48:3f:da:26:d5:2a
 0h00:03.951 2026/02/11T23:40:48z: SSID: VALIS
1 BSEC warning code : 100

1 BSEC warning code : 100

1 BSEC warning code : 100

1 BSEC warning code : 100

1 BSEC warning code : 100

1 BSEC warning code : 100

1 BSEC warning code : 100

1 BSEC warning code : 100

1 BSEC warning code : 100
