
1 BSEC warning code : 100

1 BSEC warning code : 100

1 BSEC warning code : 100

1 BSEC warning code : 100

1 BSEC warning code : 100

1 BSEC warning code : 100

1 BSEC warning code : 100

 ets Jan  8 2013,rst cause:1, boot mode:(3,6)

load 0x4010f000, len 1384, room 16 
tail 8
chksum 0x2d
csum 0x2d
v8b899c12
~ld


7.04
 0h00:00.280 1970/01/01T08:00:00z: SPIFFS Active
 0h00:03.954 2026/02/09T00:13:21z: 48:3f:da:26:d5:2a
 0h00:03.956 2026/02/09T00:13:21z: SSID: VALIS
1 BSEC warning code : 100

1 BSEC warning code : 100

1 BSEC warning code : 100

1 BSEC warning code : 100

1 BSEC warning code : 100

1 BSEC warning code : 100

1 BSEC warning code : 100

1 BSEC warning code : 100

1 BSEC warning code : 100

1 BSEC warning code : 100

 ets Jan  8 2013,rst cause:1, boot mode:(3,6)

load 0x4010f000, len 1384, room 16 
tail 8
chksum 0x2d
csum 0x2d
v8b899c12
~ld


7.04
 0h00:00.278 1970/01/01T08:00:00z: SPIFFS Active
 0h00:03.953 2026/02/09T00:33:06z: 48:3f:da:26:d5:2a
 0h00:03.954 2026/02/09T00:33:06z: SSID: VALIS
1 BSEC warning code : 100

1 BSEC warning code : 100

1 BSEC warning code : 100

1 BSEC warning code : 100

1 BSEC warning code : 100

1 BSEC warning code : 100

1 BSEC warning code : 100

1 BSEC warning code : 100

1 BSEC warning code : 100

1 BSEC warning code : 100

 ets Jan  8 2013,rst cause:1, boot mode:(3,6)

load 0x4010f000, len 1384, room 16 
tail 8
chksum 0x2d
csum 0x2d
v8b899c12
~ld


7.04
 0h00:00.278 1970/01/01T08:00:00z: SPIFFS Active
 0h00:03.953 2026/02/09T00:52:52z: 48:3f:da:26:d5:2a
 0h00:03.954 2026/02/09T00:52:52z: SSID: VALIS
1 BSEC warning code : 100

1 BSEC warning code : 100

1 BSEC warning code : 100

1 BSEC warning code : 100

1 BSEC warning code : 100

1 BSEC warning code : 100

1 BSEC warning code : 100

1 BSEC warning code : 100

1 BSEC warning code : 100

1 BSEC warning code : 100

 ets Jan  8 2013,rst cause:1, boot mode:(3,6)

load 0x4010f000, len 1384, room 16 
tail 8
chksum 0x2d
csum 0x2d
v8b899c12
~ld


7.04
 0h00:00.281 1970/01/01T08:00:00z: SPIFFS Active
 0h00:03.956 2026/02/09T01:12:37z: 48:3f:da:26:d5:2a
 0h00:03.958 2026/02/09T01:12:37z: SSID: VALIS
1 BSEC warning code : 100

1 BSEC warning code : 100

1 BSEC warning code : 100

1 BSEC warning code : 100

1 BSEC warning code : 100

1 BSEC warning code : 100

1 BSEC warning code : 100

1 BSEC warning code : 100

1 BSEC warning code : 100

1 BSEC warning code : 100

 ets Jan  8 2013,rst cause:1, boot mode:(3,6)

load 0x4010f000, len 1384, room 16 
tail 8
chksum 0x2d
csum 0x2d
v8b899c12
~ld


7.04
 0h00:00.281 1970/01/01T08:00:00z: SPIFFS Active
 0h00:03.956 2026/02/09T01:32:24z: 48:3f:da:26:d5:2a
 0h00:03.957 2026/02/09T01:32:24z: SSID: VALIS
1 BSEC warning code : 100

1 BSEC warning code : 100

1 BSEC warning code : 100

1 BSEC warning code : 100

1 BSEC warning code : 100

1 BSEC warning code : 100

1 BSEC warning code : 100

1 BSEC warning code : 100

1 BSEC warning code : 100

1 BSEC warning code : 100

 ets Jan  8 2013,rst cause:1, boot mode:(3,6)

load 0x4010f000, len 1384, room 16 
tail 8
chksum 0x2d
csum 0x2d
v8b899c12
~ld


7.04
 0h00:00.279 1970/01/01T08:00:00z: SPIFFS Active
 0h00:03.954 2026/02/09T01:52:10z: 48:3f:da:26:d5:2a
 0h00:03.956 2026/02/09T01:52:10z: SSID: VALIS
1 BSEC warning code : 100

1 BSEC warning code : 100

1 BSEC warning code : 100

1 BSEC warning code : 100

1 BSEC warning code : 100

1 BSEC warning code : 100

1 BSEC warning code : 100

1 BSEC warning code : 100

1 BSEC warning code : 100

1 BSEC warning code : 100

 ets Jan  8 2013,rst cause:1, boot mode:(3,6)

load 0x4010f000, len 1384, room 16 
tail 8
chksum 0x2d
csum 0x2d
v8b899c12
~ld


7.04
 0h00:00.280 1970/01/01T08:00:00z: SPIFFS Active
 0h00:03.955 2026/02/09T02:11:55z: 48:3f:da:26:d5:2a
 0h00:03.956 2026/02/09T02:11:55z: SSID: VALIS
1 BSEC warning code : 100

1 BSEC warning code : 100

1 BSEC warning code : 100

1 BSEC warning code : 100

1 BSEC warning code : 100

1 BSEC warning code : 100

1 BSEC warning code : 100

1 BSEC warning code : 100

1 BSEC warning code : 100

1 BSEC warning code : 100

 ets Jan  8 2013,rst cause:1, boot mode:(3,6)

load 0x4010f000, len 1384, room 16 
tail 8
chksum 0x2d
csum 0x2d
v8b899c12
~ld


7.04
 0h00:00.282 1970/01/01T08:00:00z: SPIFFS Active
 0h00:03.957 2026/02/09T02:31:41z: 48:3f:da:26:d5:2a
 0h00:03.958 2026/02/09T02:31:41z: SSID: VALIS
1 BSEC warning code : 100

1 BSEC warning code : 100

1 BSEC warning code : 100

1 BSEC warning code : 100

1 BSEC warning code : 100

1 BSEC warning code : 100

1 BSEC warning code : 100

1 BSEC warning code : 100

1 BSEC warning code : 100

1 BSEC warning code : 100

 ets Jan  8 2013,rst cause:1, boot mode:(3,6)

load 0x4010f000, len 1384, room 16 
tail 8
chksum 0x2d
csum 0x2d
v8b899c12
~ld


7.04
 0h00:00.281 1970/01/01T08:00:00z: SPIFFS Active
 0h00:03.955 2026/02/09T02:51:27z: 48:3f:da:26:d5:2a
 0h00:03.957 2026/02/09T02:51:27z: SSID: VALIS
1 BSEC warning code : 100

1 BSEC warning code : 100

1 BSEC warning code : 100

1 BSEC warning code : 100

1 BSEC warning code : 100

1 BSEC warning code : 100

1 BSEC warning code : 100

1 BSEC warning code : 100

1 BSEC warning code : 100

1 BSEC warning code : 100

 ets Jan  8 2013,rst cause:1, boot mode:(3,6)

load 0x4010f000, len 1384, room 16 
tail 8
chksum 0x2d
csum 0x2d
v8b899c12
~ld


7.04
 0h00:00.284 1970/01/01T08:00:00z: SPIFFS Active
 0h00:03.959 2026/02/09T03:11:13z: 48:3f:da:26:d5:2a
 0h00:03.960 2026/02/09T03:11:13z: SSID: VALIS
1 BSEC warning code : 100

1 BSEC warning code : 100

1 BSEC warning code : 100

1 BSEC warning code : 100

1 BSEC warning code : 100

1 BSEC warning code : 100

1 BSEC warning code : 100

1 BSEC warning code : 100

1 BSEC warning code : 100

1 BSEC warning code : 100

 ets Jan  8 2013,rst cause:1, boot mode:(3,6)

load 0x4010f000, len 1384, room 16 
tail 8
chksum 0x2d
csum 0x2d
v8b899c12
~ld


7.04
 0h00:00.280 1970/01/01T08:00:00z: SPIFFS Active
 0h00:03.955 2026/02/09T03:30:58z: 48:3f:da:26:d5:2a
 0h00:03.956 2026/02/09T03:30:58z: SSID: VALIS
1 BSEC warning code : 100

1 BSEC warning code : 100

1 BSEC warning code : 100

1 BSEC warning code : 100

1 BSEC warning code : 100

1 BSEC warning code : 100

1 BSEC warning code : 100

1 BSEC warning code : 100

1 BSEC warning code : 100

1 BSEC warning code : 100

 ets Jan  8 2013,rst cause:1, boot mode:(3,6)

load 0x4010f000, len 1384, room 16 
tail 8
chksum 0x2d
csum 0x2d
v8b899c12
~ld


7.04
 0h00:00.280 1970/01/01T08:00:00z: SPIFFS Active
 0h00:03.954 2026/02/09T03:50:44z: 48:3f:da:26:d5:2a
 0h00:03.956 2026/02/09T03:50:44z: SSID: VALIS
1 BSEC warning code : 100

1 BSEC warning code : 100

1 BSEC warning code : 100

1 BSEC warning code : 100

1 BSEC warning code : 100

1 BSEC warning code : 100

1 BSEC warning code : 100

1 BSEC warning code : 100

1 BSEC warning code : 100

1 BSEC warning code : 100

 ets Jan  8 2013,rst cause:1, boot mode:(3,6)

load 0x4010f000, len 1384, room 16 
tail 8
chksum 0x2d
csum 0x2d
v8b899c12
~ld


7.04
 0h00:00.278 1970/01/01T08:00:00z: SPIFFS Active
 0h00:03.953 2026/02/09T04:10:30z: 48:3f:da:26:d5:2a
 0h00:03.955 2026/02/09T04:10:30z: SSID: VALIS
1 BSEC warning code : 100

1 BSEC warning code : 100

1 BSEC warning code : 100

1 BSEC warning code : 100

1 BSEC warning code : 100

1 BSEC warning code : 100

1 BSEC warning code : 100

1 BSEC warning code : 100

1 BSEC warning code : 100

1 BSEC warning code : 100

 ets Jan  8 2013,rst cause:1, boot mode:(3,6)

load 0x4010f000, len 1384, room 16 
tail 8
chksum 0x2d
csum 0x2d
v8b899c12
~ld


7.04
 0h00:00.281 1970/01/01T08:00:00z: SPIFFS Active
 0h00:03.956 2026/02/09T04:30:15z: 48:3f:da:26:d5:2a
 0h00:03.957 2026/02/09T04:30:15z: SSID: VALIS
1 BSEC warning code : 100

1 BSEC warning code : 100

1 BSEC warning code : 100

1 BSEC warning code : 100

1 BSEC warning code : 100

1 BSEC warning code : 100

1 BSEC warning code : 100

1 BSEC warning code : 100

1 BSEC warning code : 100

1 BSEC warning code : 100

 ets Jan  8 2013,rst cause:1, boot mode:(3,6)

load 0x4010f000, len 1384, room 16 
tail 8
chksum 0x2d
csum 0x2d
v8b899c12
~ld


7.04
 0h00:00.278 1970/01/01T08:00:00z: SPIFFS Active
 0h00:03.953 2026/02/09T04:50:00z: 48:3f:da:26:d5:2a
 0h00:03.955 2026/02/09T04:50:00z: SSID: VALIS
1 BSEC warning code : 100

1 BSEC warning code : 100

1 BSEC warning code : 100

1 BSEC warning code : 100

1 BSEC warning code : 100

1 BSEC warning code : 100

1 BSEC warning code : 100

1 BSEC warning code : 100

1 BSEC warning code : 100

1 BSEC warning code : 100

 ets Jan  8 2013,rst cause:1, boot mode:(3,6)

load 0x4010f000, len 1384, room 16 
tail 8
chksum 0x2d
csum 0x2d
v8b899c12
~ld


7.04
 0h00:00.283 1970/01/01T08:00:00z: SPIFFS Active
 0h00:03.957 2026/02/09T05:09:46z: 48:3f:da:26:d5:2a
 0h00:03.959 2026/02/09T05:09:46z: SSID: VALIS
1 BSEC warning code : 100

1 BSEC warning code : 100

1 BSEC warning code : 100

1 BSEC warning code : 100

1 BSEC warning code : 100

1 BSEC warning code : 100

1 BSEC warning code : 100

1 BSEC warning code : 100

1 BSEC warning code : 100

1 BSEC warning code : 100

 ets Jan  8 2013,rst cause:1, boot mode:(3,6)

load 0x4010f000, len 1384, room 16 
tail 8
chksum 0x2d
csum 0x2d
v8b899c12
~ld


7.04
 0h00:00.278 1970/01/01T08:00:00z: SPIFFS Active
 0h00:03.951 2026/02/09T05:29:31z: 48:3f:da:26:d5:2a
 0h00:03.953 2026/02/09T05:29:31z: SSID: VALIS
1 BSEC warning code : 100

1 BSEC warning code : 100

1 BSEC warning code : 100

1 BSEC warning code : 100

1 BSEC warning code : 100

1 BSEC warning code : 100

1 BSEC warning code : 100

1 BSEC warning code : 100

1 BSEC warning code : 100

1 BSEC warning code : 100

 ets Jan  8 2013,rst cause:1, boot mode:(3,6)

load 0x4010f000, len 1384, room 16 
tail 8
chksum 0x2d
csum 0x2d
v8b899c12
~ld


7.04
 0h00:00.281 1970/01/01T08:00:00z: SPIFFS Active
 0h00:03.954 2026/02/09T05:49:17z: 48:3f:da:26:d5:2a
 0h00:03.955 2026/02/09T05:49:17z: SSID: VALIS
1 BSEC warning code : 100

1 BSEC warning code : 100

1 BSEC warning code : 100

1 BSEC warning code : 100

1 BSEC warning code : 100

1 BSEC warning code : 100

1 BSEC warning code : 100

1 BSEC warning code : 100

1 BSEC warning code : 100

1 BSEC warning code : 100

 ets Jan  8 2013,rst cause:1, boot mode:(3,6)

load 0x4010f000, len 1384, room 16 
tail 8
chksum 0x2d
csum 0x2d
v8b899c12
~ld


7.04
 0h00:00.276 1970/01/01T08:00:00z: SPIFFS Active
 0h00:03.949 2026/02/09T06:09:03z: 48:3f:da:26:d5:2a
 0h00:03.951 2026/02/09T06:09:03z: SSID: VALIS
1 BSEC warning code : 100

1 BSEC warning code : 100

1 BSEC warning code : 100

1 BSEC warning code : 100

1 BSEC warning code : 100

1 BSEC warning code : 100

1 BSEC warning code : 100

1 BSEC warning code : 100

1 BSEC warning code : 100

1 BSEC warning code : 100

 ets Jan  8 2013,rst cause:1, boot mode:(3,6)

load 0x4010f000, len 1384, room 16 
tail 8
chksum 0x2d
csum 0x2d
v8b899c12
~ld


7.04
 0h00:00.278 1970/01/01T08:00:00z: SPIFFS Active
 0h00:03.951 2026/02/09T06:28:48z: 48:3f:da:26:d5:2a
 0h00:03.952 2026/02/09T06:28:48z: SSID: VALIS
1 BSEC warning code : 100

1 BSEC warning code : 100

1 BSEC warning code : 100

1 BSEC warning code : 100

1 BSEC warning code : 100

1 BSEC warning code : 100

1 BSEC warning code : 100

1 BSEC warning code : 100

1 BSEC warning code : 100

1 BSEC warning code : 100

 ets Jan  8 2013,rst cause:1, boot mode:(3,6)

load 0x4010f000, len 1384, room 16 
tail 8
chksum 0x2d
csum 0x2d
v8b899c12
~ld


7.04
 0h00:00.279 1970/01/01T08:00:00z: SPIFFS Active
 0h00:03.952 2026/02/09T06:48:34z: 48:3f:da:26:d5:2a
 0h00:03.954 2026/02/09T06:48:34z: SSID: VALIS
1 BSEC warning code : 100

1 BSEC warning code : 100

1 BSEC warning code : 100

1 BSEC warning code : 100

1 BSEC warning code : 100

1 BSEC warning code : 100

1 BSEC warning code : 100

1 BSEC warning code : 100

1 BSEC warning code : 100

1 BSEC warning code : 100

 ets Jan  8 2013,rst cause:1, boot mode:(3,6)

load 0x4010f000, len 1384, room 16 
tail 8
chksum 0x2d
csum 0x2d
v8b899c12
~ld


7.04
 0h00:00.279 1970/01/01T08:00:00z: SPIFFS Active
 0h00:03.952 2026/02/09T07:08:19z: 48:3f:da:26:d5:2a
 0h00:03.953 2026/02/09T07:08:19z: SSID: VALIS
1 BSEC warning code : 100

1 BSEC warning code : 100

1 BSEC warning code : 100

1 BSEC warning code : 100

1 BSEC warning code : 100

1 BSEC warning code : 100

1 BSEC warning code : 100

1 BSEC warning code : 100

1 BSEC warning code : 100

1 BSEC warning code : 100

 ets Jan  8 2013,rst cause:1, boot mode:(3,6)

load 0x4010f000, len 1384, room 16 
tail 8
chksum 0x2d
csum 0x2d
v8b899c12
~ld


7.04
 0h00:00.280 1970/01/01T08:00:00z: SPIFFS Active
 0h00:03.952 2026/02/09T07:28:05z: 48:3f:da:26:d5:2a
 0h00:03.954 2026/02/09T07:28:05z: SSID: VALIS
1 BSEC warning code : 100

1 BSEC warning code : 100

1 BSEC warning code : 100

1 BSEC warning code : 100

1 BSEC warning code : 100

1 BSEC warning code : 100

1 BSEC warning code : 100

1 BSEC warning code : 100

1 BSEC warning code : 100

1 BSEC warning code : 100

 ets Jan  8 2013,rst cause:1, boot mode:(3,6)

load 0x4010f000, len 1384, room 16 
tail 8
chksum 0x2d
csum 0x2d
v8b899c12
~ld


7.04
 0h00:00.281 1970/01/01T08:00:00z: SPIFFS Active
 0h00:03.954 2026/02/09T07:47:51z: 48:3f:da:26:d5:2a
 0h00:03.955 2026/02/09T07:47:51z: SSID: VALIS
1 BSEC warning code : 100

1 BSEC warning code : 100

1 BSEC warning code : 100

1 BSEC warning code : 100

1 BSEC warning code : 100

1 BSEC warning code : 100

1 BSEC warning code : 100

1 BSEC warning code : 100

1 BSEC warning code : 100

1 BSEC warning code : 100

 ets Jan  8 2013,rst cause:1, boot mode:(3,6)

load 0x4010f000, len 1384, room 16 
tail 8
chksum 0x2d
csum 0x2d
v8b899c12
~ld


7.04
 0h00:00.282 1970/01/01T08:00:00z: SPIFFS Active
 0h00:03.955 2026/02/09T08:07:36z: 48:3f:da:26:d5:2a
 0h00:03.956 2026/02/09T08:07:36z: SSID: VALIS
1 BSEC warning code : 100

1 BSEC warning code : 100

1 BSEC warning code : 100

1 BSEC warning code : 100

1 BSEC warning code : 100

1 BSEC warning code : 100

1 BSEC warning code : 100

1 BSEC warning code : 100

1 BSEC warning code : 100

1 BSEC warning code : 100

 ets Jan  8 2013,rst cause:1, boot mode:(3,6)

load 0x4010f000, len 1384, room 16 
tail 8
chksum 0x2d
csum 0x2d
v8b899c12
~ld


7.04
 0h00:00.275 1970/01/01T08:00:00z: SPIFFS Active
 0h00:03.949 2026/02/09T08:27:21z: 48:3f:da:26:d5:2a
 0h00:03.950 2026/02/09T08:27:21z: SSID: VALIS
 0h00:12.280 2026/02/09T08:27:29z: PMSX003-A (1334ms)
 0h00:13.927 2026/02/09T08:27:31z: PMSX003-B (1646ms)
 0h00:13.929 2026/02/09T08:27:31z: 3.0+RV3028+BME68X+PMSX003-A+PMSX003-B
 0h00:14.944 2026/02/09T08:27:32z: p:1010.52 gasR:1480303.62 iaq:123.62(0) T:7.52(10.51) H:88.96(46.49) sIaq:334.57(0) Stabilization:1 Run in:0
 0h00:15.706 2026/02/09T08:27:32z: DATA A(2),45,88,41,1010.52,0.03,26352,-45,15,1,2,2,1,2,2,8,8,324,92,12,1,0,0,334.57
 0h00:15.944 2026/02/09T08:27:33z: p:1010.67 gasR:1500916.12 iaq:122.85(0) T:8.51(14.11) H:83.33(47.32) sIaq:331.61(0) Stabilization:1 Run in:0
 0h00:16.542 2026/02/09T08:27:33z: DATA A(3),47,83,42,1010.67,0.03,26352,-45,16,1,2,2,1,2,2,8,8,324,92,12,1,0,0,331.61
 0h00:16.944 2026/02/09T08:27:34z: p:1010.67 gasR:1480303.62 iaq:122.26(0) T:9.40(15.00) H:78.00(47.52) sIaq:329.32(0) Stabilization:1 Run in:0
 0h00:17.449 2026/02/09T08:27:34z: DATA A(4),48,77,41,1010.67,0.03,26352,-46,17,1,2,2,1,2,2,8,8,348,100,12,2,0,0,329.32
 0h00:17.943 2026/02/09T08:27:35z: p:1010.70 gasR:1506713.25 iaq:121.63(0) T:9.76(15.37) H:75.40(47.46) sIaq:326.88(0) Stabilization:1 Run in:0
 0h00:18.285 2026/02/09T08:27:35z: DATA A(5),49,75,41,1010.70,0.03,26352,-46,18,1,2,2,1,2,2,8,8,348,100,12,2,0,0,326.88
 0h00:18.943 2026/02/09T08:27:36z: p:1010.70 gasR:1506713.25 iaq:121.07(0) T:9.97(15.57) H:73.60(47.27) sIaq:324.71(0) Stabilization:1 Run in:0
 0h00:19.121 2026/02/09T08:27:36z: DATA A(6),49,73,40,1010.70,0.02,26352,-46,19,1,2,2,1,2,2,8,8,348,100,12,2,0,0,324.71
 0h00:19.944 2026/02/09T08:27:37z: p:1010.73 gasR:1510046.12 iaq:120.56(0) T:10.11(15.72) H:72.13(47.01) sIaq:322.75(0) Stabilization:1 Run in:0
 0h00:20.809 2026/02/09T08:27:38z: DATA B(2),50,72,41,1010.73,0.03,26352,-45,20,1,1,1,1,1,1,4,4,336,80,10,1,0,0,322.75
 0h00:20.944 2026/02/09T08:27:38z: p:1010.73 gasR:1512555.38 iaq:120.10(0) T:10.23(15.83) H:70.89(46.76) sIaq:320.98(0) Stabilization:1 Run in:0
 0h00:21.641 2026/02/09T08:27:38z: DATA B(3),50,70,40,1010.73,0.02,26352,-45,21,1,1,1,1,1,1,4,4,336,80,10,1,0,0,320.98
 0h00:21.944 2026/02/09T08:27:39z: p:1010.73 gasR:1510046.12 iaq:119.71(0) T:10.32(15.93) H:69.83(46.51) sIaq:319.45(0) Stabilization:1 Run in:0
 0h00:22.473 2026/02/09T08:27:39z: DATA B(4),50,69,40,1010.73,0.03,26352,-45,22,1,1,1,1,1,1,4,4,336,80,10,1,0,0,319.45
 0h00:22.944 2026/02/09T08:27:40z: p:1010.72 gasR:1523526.12 iaq:119.31(0) T:10.40(16.00) H:68.92(46.26) sIaq:317.89(0) Stabilization:1 Run in:0
 0h00:23.376 2026/02/09T08:27:40z: DATA B(5),50,68,40,1010.72,0.03,26352,-45,23,0,1,1,0,1,1,4,4,306,70,7,1,0,0,317.89
 0h00:23.944 2026/02/09T08:27:41z: p:1010.72 gasR:1517599.12 iaq:118.97(0) T:10.48(16.08) H:68.09(46.05) sIaq:316.61(0) Stabilization:1 Run in:0
 0h00:24.208 2026/02/09T08:27:41z: DATA B(6),50,68,39,1010.72,0.03,26352,-45,24,0,1,1,0,1,1,4,4,306,70,7,1,0,0,316.61
 0h00:24.944 2026/02/09T08:27:42z: p:1010.74 gasR:1525228.12 iaq:118.65(0) T:10.54(16.14) H:67.37(45.82) sIaq:315.35(0) Stabilization:1 Run in:0
 0h00:25.944 2026/02/09T08:27:43z: p:1010.74 gasR:1513393.62 iaq:118.41(0) T:10.59(16.19) H:66.79(45.63) sIaq:314.43(0) Stabilization:1 Run in:0
 0h00:26.019 2026/02/09T08:27:43z: DATA A(7),51,66,40,1010.74,0.04,26352,-45,26,1,2,2,1,2,2,8,8,330,94,13,2,0,0,314.43
 0h00:26.855 2026/02/09T08:27:44z: DATA A(8),51,66,40,1010.74,0.03,26352,-45,26,1,2,2,1,2,2,8,8,330,94,13,2,0,0,314.43
 0h00:26.944 2026/02/09T08:27:44z: p:1010.73 gasR:1524376.62 iaq:118.15(0) T:10.62(16.23) H:66.27(45.44) sIaq:313.44(0) Stabilization:1 Run in:0
 0h00:27.761 2026/02/09T08:27:44z: DATA A(9),51,66,40,1010.73,0.03,26352,-45,27,1,2,2,1,2,2,8,8,348,94,14,2,0,0,313.44
 0h00:27.943 2026/02/09T08:27:45z: p:1010.76 gasR:1521828.00 iaq:117.94(0) T:10.68(16.28) H:65.74(45.28) sIaq:312.61(0) Stabilization:1 Run in:0
 0h00:28.597 2026/02/09T08:27:45z: DATA A(10),51,65,39,1010.76,0.03,26352,-45,28,1,2,2,1,2,2,8,8,348,94,14,2,0,0,312.61
 0h00:28.944 2026/02/09T08:27:46z: p:1010.73 gasR:1523526.12 iaq:117.74(0) T:10.72(16.32) H:65.36(45.15) sIaq:311.84(0) Stabilization:1 Run in:0
 0h00:29.943 2026/02/09T08:27:47z: p:1010.73 gasR:1515073.00 iaq:117.60(0) T:10.77(16.37) H:64.94(45.02) sIaq:311.30(0) Stabilization:1 Run in:0
 0h00:30.944 2026/02/09T08:27:48z: p:1010.73 gasR:1518443.00 iaq:117.46(0) T:10.81(16.42) H:64.56(44.89) sIaq:310.77(0) Stabilization:1 Run in:0
 0h00:31.076 2026/02/09T08:27:48z: DATA B(7),51,64,39,1010.73,0.02,26352,-45,31,0,0,0,0,0,0,0,0,252,70,4,0,0,0,310.77
 0h00:31.908 2026/02/09T08:27:49z: DATA B(8),51,64,39,1010.73,0.02,26352,-45,31,0,0,0,0,0,0,0,0,252,70,4,0,0,0,310.77
 0h00:31.944 2026/02/09T08:27:49z: p:1010.78 gasR:1519287.88 iaq:117.34(0) T:10.84(16.44) H:64.33(44.79) sIaq:310.28(0) Stabilization:1 Run in:0
 0h00:32.740 2026/02/09T08:27:49z: DATA B(9),51,64,39,1010.78,0.02,26352,-46,32,0,0,0,0,0,0,0,0,252,70,4,0,0,0,310.28
 0h00:32.944 2026/02/09T08:27:50z: p:1010.73 gasR:1516756.12 iaq:117.24(0) T:10.88(16.48) H:64.04(44.69) sIaq:309.89(0) Stabilization:1 Run in:0
 0h00:33.643 2026/02/09T08:27:50z: DATA B(10),51,64,39,1010.73,0.02,26352,-46,33,1,1,1,1,1,1,4,4,270,78,4,1,1,0,309.89
 0h00:33.944 2026/02/09T08:27:51z: p:1010.72 gasR:1516756.12 iaq:117.15(0) T:10.90(16.50) H:63.85(44.61) sIaq:309.55(0) Stabilization:1 Run in:0
 0h00:34.944 2026/02/09T08:27:52z: p:1010.72 gasR:1519287.88 iaq:117.06(0) T:10.92(16.52) H:63.65(44.51) sIaq:309.20(0) Stabilization:1 Run in:0
 0h00:35.496 2026/02/09T08:27:52z: DATA A(11),51,63,39,1010.72,0.02,26352,-46,35,1,2,2,1,2,2,8,8,366,100,13,1,0,0,309.20
 0h00:35.943 2026/02/09T08:27:53z: p:1010.71 gasR:1515073.00 iaq:117.00(0) T:10.94(16.54) H:63.53(44.45) sIaq:308.96(0) Stabilization:1 Run in:0
 0h00:36.332 2026/02/09T08:27:53z: DATA A(12),51,63,39,1010.71,0.03,26352,-46,36,1,2,2,1,2,2,8,8,366,100,13,1,0,0,308.96
 0h00:36.943 2026/02/09T08:27:54z: p:1010.73 gasR:1518443.00 iaq:116.93(0) T:10.95(16.55) H:63.41(44.36) sIaq:308.70(0) Stabilization:1 Run in:0
 0h00:37.168 2026/02/09T08:27:54z: DATA A(13),51,63,39,1010.73,0.03,26352,-46,37,1,2,2,1,2,2,8,8,366,100,13,1,0,0,308.70
 0h00:37.944 2026/02/09T08:27:55z: p:1010.73 gasR:1519287.88 iaq:116.86(0) T:10.97(16.58) H:63.23(44.29) sIaq:308.45(0) Stabilization:1 Run in:0
 0h00:38.075 2026/02/09T08:27:55z: DATA A(14),51,63,38,1010.73,0.02,26352,-46,38,1,2,2,1,2,2,8,8,408,116,13,1,0,0,308.45
 0h00:38.911 2026/02/09T08:27:56z: DATA A(15),51,63,38,1010.73,0.03,26352,-46,38,1,2,2,1,2,2,8,8,408,116,13,1,0,0,308.45
 0h00:38.943 2026/02/09T08:27:56z: p:1010.72 gasR:1518443.00 iaq:116.81(0) T:10.98(16.59) H:63.18(44.25) sIaq:308.24(0) Stabilization:1 Run in:0
 0h00:39.944 2026/02/09T08:27:57z: p:1010.72 gasR:1520980.38 iaq:116.75(0) T:11.00(16.60) H:63.07(44.19) sIaq:308.02(0) Stabilization:1 Run in:0
 0h00:40.440 2026/02/09T08:27:57z: DATA B(11),51,63,38,1010.72,0.03,26352,-44,40,1,1,1,1,1,1,4,4,300,82,6,1,1,0,308.02
 0h00:40.944 2026/02/09T08:27:58z: p:1010.71 gasR:1515914.12 iaq:116.72(0) T:11.00(16.61) H:63.01(44.13) sIaq:307.90(0) Stabilization:1 Run in:0
 0h00:41.344 2026/02/09T08:27:58z: DATA B(12),51,63,38,1010.71,0.02,26352,-45,41,1,1,1,1,1,1,4,4,294,82,7,1,1,0,307.90
 0h00:41.943 2026/02/09T08:27:59z: p:1010.73 gasR:1521828.00 iaq:116.67(0) T:11.01(16.61) H:62.92(44.06) sIaq:307.70(0) Stabilization:1 Run in:0
 0h00:42.175 2026/02/09T08:27:59z: DATA B(13),51,62,38,1010.73,0.02,26352,-45,42,1,1,1,1,1,1,4,4,294,82,7,1,1,0,307.70
 0h00:42.944 2026/02/09T08:28:00z: p:1010.72 gasR:1522676.62 iaq:116.62(0) T:11.01(16.61) H:62.90(44.03) sIaq:307.51(0) Stabilization:1 Run in:0
 0h00:43.007 2026/02/09T08:28:00z: DATA B(14),51,62,38,1010.72,0.04,26352,-45,43,1,1,1,1,1,1,4,4,294,82,7,1,1,0,307.51
 0h00:43.910 2026/02/09T08:28:01z: DATA B(15),51,62,38,1010.72,0.03,26352,-46,43,1,1,2,1,1,2,4,4,318,86,10,1,1,0,307.51
 0h00:43.944 2026/02/09T08:28:01z: p:1010.73 gasR:1522676.62 iaq:116.58(0) T:11.01(16.61) H:62.88(43.99) sIaq:307.34(0) Stabilization:1 Run in:0
 0h00:44.944 2026/02/09T08:28:02z: p:1010.71 gasR:1520133.62 iaq:116.55(0) T:11.01(16.62) H:62.84(43.95) sIaq:307.24(0) Stabilization:1 Run in:0
 0h00:45.809 2026/02/09T08:28:03z: DATA A(16),51,62,38,1010.71,0.03,26352,-48,45,1,2,2,1,2,2,8,8,378,104,10,1,1,0,307.24
 0h00:45.944 2026/02/09T08:28:03z: p:1010.73 gasR:1520133.62 iaq:116.52(0) T:11.03(16.63) H:62.76(43.92) sIaq:307.14(0) Stabilization:1 Run in:0
 0h00:46.645 2026/02/09T08:28:03z: DATA A(17),51,62,38,1010.73,0.03,26352,-48,46,1,2,2,1,2,2,8,8,378,104,10,1,1,0,307.14
 0h00:46.944 2026/02/09T08:28:04z: p:1010.72 gasR:1522676.62 iaq:116.49(0) T:11.03(16.64) H:62.75(43.90) sIaq:307.01(0) Stabilization:1 Run in:0
 0h00:47.481 2026/02/09T08:28:04z: DATA A(18),51,62,38,1010.72,0.03,26352,-48,47,1,2,2,1,2,2,8,8,378,104,10,1,1,0,307.01
 0h00:47.944 2026/02/09T08:28:05z: p:1010.70 gasR:1522676.62 iaq:116.46(0) T:11.03(16.64) H:62.73(43.86) sIaq:306.90(0) Stabilization:1 Run in:0
 0h00:48.387 2026/02/09T08:28:05z: DATA A(19),51,62,38,1010.70,0.03,26352,-48,48,1,2,2,1,2,2,8,8,372,102,10,1,1,0,306.90
 0h00:48.944 2026/02/09T08:28:06z: p:1010.72 gasR:1519287.88 iaq:116.45(0) T:11.05(16.65) H:62.63(43.81) sIaq:306.86(0) Stabilization:1 Run in:0
 0h00:49.223 2026/02/09T08:28:06z: DATA A(20),51,62,38,1010.72,0.02,26352,-48,49,1,2,2,1,2,2,8,8,372,102,10,1,1,0,306.86
 0h00:49.944 2026/02/09T08:28:07z: p:1010.72 gasR:1526933.88 iaq:116.41(0) T:11.05(16.66) H:62.61(43.79) sIaq:306.70(0) Stabilization:1 Run in:0
 0h00:50.707 2026/02/09T08:28:07z: DATA B(16),51,62,38,1010.72,0.03,26352,-47,50,1,1,2,1,1,2,4,4,336,92,12,1,1,0,306.70
 0h00:50.943 2026/02/09T08:28:08z: p:1010.74 gasR:1521828.00 iaq:116.39(0) T:11.07(16.67) H:62.54(43.77) sIaq:306.63(0) Stabilization:1 Run in:0
 0h00:51.610 2026/02/09T08:28:08z: DATA B(17),51,62,38,1010.74,0.03,26352,-47,51,1,2,2,1,2,2,8,8,372,102,13,1,1,0,306.63
 0h00:51.944 2026/02/09T08:28:09z: p:1010.73 gasR:1524376.62 iaq:116.37(0) T:11.07(16.67) H:62.54(43.74) sIaq:306.54(0) Stabilization:1 Run in:0
 0h00:52.442 2026/02/09T08:28:09z: DATA B(18),51,62,38,1010.73,0.02,26352,-47,52,1,2,2,1,2,2,8,8,372,102,13,1,1,0,306.54
 0h00:52.944 2026/02/09T08:28:10z: p:1010.70 gasR:1522676.62 iaq:116.35(0) T:11.07(16.67) H:62.52(43.72) sIaq:306.48(0) Stabilization:1 Run in:0
 0h00:53.274 2026/02/09T08:28:10z: DATA B(19),51,62,38,1010.70,0.02,26352,-47,53,1,2,2,1,2,2,8,8,372,102,13,1,1,0,306.48
 0h00:53.944 2026/02/09T08:28:11z: p:1010.71 gasR:1520980.38 iaq:116.35(0) T:11.09(16.69) H:62.43(43.67) sIaq:306.46(0) Stabilization:1 Run in:0
 0h00:54.176 2026/02/09T08:28:11z: DATA B(20),51,62,38,1010.71,0.02,26352,-47,54,1,2,2,1,2,2,8,8,366,100,10,1,1,0,306.46
 0h00:54.944 2026/02/09T08:28:12z: p:1010.72 gasR:1538114.88 iaq:116.27(0) T:11.09(16.69) H:62.41(43.65) sIaq:306.17(0) Stabilization:1 Run in:0
 0h00:55.943 2026/02/09T08:28:13z: p:1010.73 gasR:1531215.00 iaq:116.23(0) T:11.11(16.71) H:62.33(43.62) sIaq:306.02(0) Stabilization:1 Run in:0
 0h00:56.122 2026/02/09T08:28:13z: DATA A(21),51,62,38,1010.73,0.02,26352,-47,56,1,2,3,1,2,3,8,8,372,108,13,2,2,0,306.02
 0h00:56.944 2026/02/09T08:28:14z: p:1010.70 gasR:1526933.88 iaq:116.22(0) T:11.11(16.71) H:62.31(43.59) sIaq:305.96(0) Stabilization:1 Run in:0
 0h00:56.962 2026/02/09T08:28:14z: DATA A(22),51,62,38,1010.70,0.02,26352,-47,56,1,2,3,1,2,3,8,8,372,108,13,2,2,0,305.96
 0h00:57.794 2026/02/09T08:28:15z: DATA A(23),51,62,38,1010.70,0.03,26352,-47,57,1,2,3,1,2,3,8,8,372,108,13,2,2,0,305.96
 0h00:57.944 2026/02/09T08:28:15z: p:1010.71 gasR:1522676.62 iaq:116.22(0) T:11.11(16.71) H:62.33(43.57) sIaq:305.97(0) Stabilization:1 Run in:0
 0h00:58.700 2026/02/09T08:28:15z: DATA A(24),51,62,38,1010.71,0.03,26352,-48,58,1,2,3,1,2,3,8,8,348,104,13,2,2,0,305.97
 0h00:58.943 2026/02/09T08:28:16z: p:1010.73 gasR:1521828.00 iaq:116.23(0) T:11.12(16.73) H:62.21(43.52) sIaq:305.99(0) Stabilization:1 Run in:0
 0h00:59.536 2026/02/09T08:28:16z: DATA A(25),52,62,39,1010.73,0.03,26352,-48,59,1,2,3,1,2,3,8,8,348,104,13,2,2,0,305.99
 0h00:59.944 2026/02/09T08:28:17z: p:1010.72 gasR:1526933.88 iaq:116.21(0) T:11.12(16.72) H:62.25(43.52) sIaq:305.93(0) Stabilization:1 Run in:0
 0h01:00.944 2026/02/09T08:28:18z: p:1010.71 gasR:1525228.12 iaq:116.20(0) T:11.13(16.73) H:62.18(43.48) sIaq:305.90(0) Stabilization:1 Run in:0
 0h01:00.974 2026/02/09T08:28:18z: DATA B(21),52,62,39,1010.71,0.03,26352,-47,60,1,1,1,1,1,1,4,4,342,90,9,0,0,0,305.90
 0h01:01.877 2026/02/09T08:28:19z: DATA B(22),52,62,39,1010.71,0.03,26352,-47,61,1,1,1,1,1,1,4,4,360,94,8,0,0,0,305.90
 0h01:01.944 2026/02/09T08:28:19z: p:1010.71 gasR:1525228.12 iaq:116.20(0) T:11.13(16.74) H:62.17(43.46) sIaq:305.88(0) Stabilization:1 Run in:0
 0h01:02.709 2026/02/09T08:28:19z: DATA B(23),52,62,39,1010.71,0.02,26352,-47,62,1,1,1,1,1,1,4,4,360,94,8,0,0,0,305.88
 0h01:02.944 2026/02/09T08:28:20z: p:1010.72 gasR:1527788.12 iaq:116.18(0) T:11.14(16.75) H:62.10(43.42) sIaq:305.82(0) Stabilization:1 Run in:0
 0h01:03.541 2026/02/09T08:28:20z: DATA B(24),52,62,39,1010.72,0.03,26352,-47,63,1,1,1,1,1,1,4,4,360,94,8,0,0,0,305.82
 0h01:03.944 2026/02/09T08:28:21z: p:1010.71 gasR:1534657.12 iaq:116.14(0) T:11.16(16.76) H:62.02(43.39) sIaq:305.66(0) Stabilization:1 Run in:0
 0h01:04.444 2026/02/09T08:28:21z: DATA B(25),52,62,39,1010.71,0.03,26352,-47,64,1,1,1,1,1,1,4,4,348,98,8,0,0,0,305.66
 0h01:04.943 2026/02/09T08:28:22z: p:1010.71 gasR:1526080.50 iaq:116.14(0) T:11.17(16.77) H:61.99(43.37) sIaq:305.65(0) Stabilization:1 Run in:0
 0h01:05.944 2026/02/09T08:28:23z: p:1010.72 gasR:1526933.88 iaq:116.13(0) T:11.17(16.77) H:61.97(43.34) sIaq:305.64(0) Stabilization:1 Run in:0
 0h01:06.435 2026/02/09T08:28:23z: DATA A(26),52,61,39,1010.72,0.02,26352,-47,66,1,1,3,1,1,3,4,4,366,102,12,2,2,0,305.64
 0h01:06.944 2026/02/09T08:28:24z: p:1010.70 gasR:1528643.38 iaq:116.12(0) T:11.18(16.78) H:61.89(43.31) sIaq:305.59(0) Stabilization:1 Run in:0
 0h01:07.271 2026/02/09T08:28:24z: DATA A(27),52,61,39,1010.70,0.03,26352,-48,67,1,1,3,1,1,3,4,4,366,102,12,2,2,0,305.59
 0h01:07.943 2026/02/09T08:28:25z: p:1010.71 gasR:1531215.00 iaq:116.10(0) T:11.19(16.79) H:61.87(43.28) sIaq:305.52(0) Stabilization:1 Run in:0
 0h01:08.107 2026/02/09T08:28:25z: DATA A(28),52,61,39,1010.71,0.03,26352,-48,68,1,1,3,1,1,3,4,4,366,102,12,2,2,0,305.52
 0h01:08.943 2026/02/09T08:28:26z: p:1010.71 gasR:1530356.75 iaq:116.09(0) T:11.20(16.80) H:61.83(43.25) sIaq:305.46(0) Stabilization:1 Run in:0
 0h01:09.013 2026/02/09T08:28:26z: DATA A(29),52,61,39,1010.71,0.03,26352,-48,69,1,2,3,1,2,3,8,8,378,106,13,2,2,0,305.46
 0h01:09.849 2026/02/09T08:28:27z: DATA A(30),52,61,39,1010.71,0.03,26352,-48,69,1,2,3,1,2,3,8,8,378,106,13,2,2,0,305.46
 0h01:09.944 2026/02/09T08:28:27z: p:1010.70 gasR:1529499.62 iaq:116.08(0) T:11.21(16.81) H:61.79(43.24) sIaq:305.43(0) Stabilization:1 Run in:0
 0h01:10.944 2026/02/09T08:28:28z: p:1010.71 gasR:1538981.75 iaq:116.04(0) T:11.21(16.81) H:61.74(43.20) sIaq:305.25(0) Stabilization:1 Run in:0
 0h01:11.241 2026/02/09T08:28:28z: DATA B(26),52,61,39,1010.71,0.03,26352,-47,71,1,2,2,1,2,2,8,8,372,110,18,0,0,0,305.25
 0h01:11.944 2026/02/09T08:28:29z: p:1010.72 gasR:1534657.12 iaq:116.01(0) T:11.22(16.83) H:61.72(43.19) sIaq:305.16(0) Stabilization:1 Run in:0
 0h01:12.144 2026/02/09T08:28:29z: DATA B(27),52,61,39,1010.72,0.03,26352,-47,72,2,2,2,2,2,2,8,8,402,122,18,0,0,0,305.16
 0h01:12.944 2026/02/09T08:28:30z: p:1010.71 gasR:1544203.62 iaq:115.95(0) T:11.24(16.84) H:61.66(43.18) sIaq:304.94(0) Stabilization:1 Run in:0
 0h01:12.976 2026/02/09T08:28:30z: DATA B(28),52,61,39,1010.71,0.02,26352,-47,72,2,2,2,2,2,2,8,8,402,122,18,0,0,0,304.94
 0h01:13.808 2026/02/09T08:28:31z: DATA B(29),52,61,39,1010.71,0.03,26352,-47,73,2,2,2,2,2,2,8,8,402,122,18,0,0,0,304.94
 0h01:13.943 2026/02/09T08:28:31z: p:1010.69 gasR:1542459.00 iaq:115.91(0) T:11.24(16.84) H:61.66(43.16) sIaq:304.77(0) Stabilization:1 Run in:0
 0h01:14.710 2026/02/09T08:28:31z: DATA B(30),52,61,39,1010.69,0.03,26352,-47,74,1,2,2,1,2,2,8,8,390,118,18,0,0,0,304.77
 0h01:14.944 2026/02/09T08:28:32z: p:1010.71 gasR:1545952.12 iaq:115.86(0) T:11.25(16.85) H:61.61(43.13) sIaq:304.57(0) Stabilization:1 Run in:0
 0h01:15.944 2026/02/09T08:28:33z: p:1010.72 gasR:1533795.12 iaq:115.86(0) T:11.25(16.85) H:61.66(43.13) sIaq:304.57(0) Stabilization:1 Run in:0
 0h01:16.748 2026/02/09T08:28:33z: DATA A(31),52,61,39,1010.72,0.02,26352,-48,76,1,2,2,1,2,2,8,8,378,104,12,1,1,0,304.57
 0h01:16.944 2026/02/09T08:28:34z: p:1010.70 gasR:1533795.12 iaq:115.86(0) T:11.25(16.85) H:61.65(43.12) sIaq:304.58(0) Stabilization:1 Run in:0
 0h01:17.584 2026/02/09T08:28:34z: DATA A(32),52,61,39,1010.70,0.03,26352,-48,77,1,2,2,1,2,2,8,8,378,104,12,1,1,0,304.58
 0h01:17.943 2026/02/09T08:28:35z: p:1010.71 gasR:1547704.50 iaq:115.81(0) T:11.25(16.85) H:61.67(43.12) sIaq:304.38(0) Stabilization:1 Run in:0
 0h01:18.420 2026/02/09T08:28:35z: DATA A(33),52,61,39,1010.71,0.03,26352,-48,78,1,2,2,1,2,2,8,8,378,104,12,1,1,0,304.38
 0h01:18.944 2026/02/09T08:28:36z: p:1010.70 gasR:1538114.88 iaq:115.80(0) T:11.25(16.86) H:61.68(43.11) sIaq:304.34(0) Stabilization:1 Run in:0
 0h01:19.326 2026/02/09T08:28:36z: DATA A(34),52,61,39,1010.70,0.02,26352,-48,79,1,2,2,1,2,2,8,8,396,104,13,1,1,0,304.34
 0h01:19.943 2026/02/09T08:28:37z: p:1010.70 gasR:1537249.00 iaq:115.80(0) T:11.26(16.86) H:61.71(43.13) sIaq:304.32(0) Stabilization:1 Run in:0
 0h01:20.162 2026/02/09T08:28:37z: DATA A(35),52,61,39,1010.70,0.02,26352,-48,80,1,2,2,1,2,2,8,8,396,104,13,1,1,0,304.32
 0h01:20.944 2026/02/09T08:28:38z: p:1010.70 gasR:1534657.12 iaq:115.80(0) T:11.27(16.87) H:61.68(43.12) sIaq:304.35(0) Stabilization:1 Run in:0
 0h01:21.508 2026/02/09T08:28:38z: DATA B(31),52,61,39,1010.70,0.02,26352,-48,81,1,2,2,1,2,2,8,8,366,112,17,0,0,0,304.35
 0h01:21.943 2026/02/09T08:28:39z: p:1010.68 gasR:1554754.25 iaq:115.73(0) T:11.27(16.87) H:61.70(43.11) sIaq:304.06(0) Stabilization:1 Run in:0
 0h01:22.410 2026/02/09T08:28:39z: DATA B(32),52,61,39,1010.68,0.03,26352,-48,82,1,2,2,1,2,2,8,8,384,118,18,0,0,0,304.06
 0h01:22.943 2026/02/09T08:28:40z: p:1010.69 gasR:1541588.25 iaq:115.72(0) T:11.27(16.87) H:61.73(43.12) sIaq:304.01(0) Stabilization:1 Run in:0
 0h01:23.242 2026/02/09T08:28:40z: DATA B(33),52,61,39,1010.69,0.02,26352,-48,83,1,2,2,1,2,2,8,8,384,118,18,0,0,0,304.01
 0h01:23.944 2026/02/09T08:28:41z: p:1010.71 gasR:1536384.12 iaq:115.72(0) T:11.28(16.88) H:61.76(43.16) sIaq:304.05(0) Stabilization:1 Run in:0
 0h01:24.074 2026/02/09T08:28:41z: DATA B(34),52,61,39,1010.71,0.02,26352,-48,84,1,2,2,1,2,2,8,8,384,118,18,0,0,0,304.05
 0h01:24.944 2026/02/09T08:28:42z: p:1010.72 gasR:1541588.25 iaq:115.71(0) T:11.28(16.88) H:61.77(43.16) sIaq:304.00(0) Stabilization:1 Run in:0
 0h01:24.977 2026/02/09T08:28:42z: DATA B(35),52,61,39,1010.72,0.02,26352,-48,84,1,2,2,1,2,2,8,8,396,120,21,0,0,0,304.00
 0h01:25.944 2026/02/09T08:28:43z: p:1010.68 gasR:1538981.75 iaq:115.71(0) T:11.28(16.88) H:61.80(43.16) sIaq:304.00(0) Stabilization:1 Run in:0
 0h01:26.944 2026/02/09T08:28:44z: p:1010.70 gasR:1545952.12 iaq:115.68(0) T:11.29(16.89) H:61.80(43.17) sIaq:303.89(0) Stabilization:1 Run in:0
 0h01:27.061 2026/02/09T08:28:44z: DATA A(36),52,61,39,1010.70,0.03,26352,-48,87,1,2,2,1,2,2,8,8,396,108,12,0,0,0,303.89
 0h01:27.897 2026/02/09T08:28:45z: DATA A(37),52,61,39,1010.70,0.02,26352,-48,87,1,2,2,1,2,2,8,8,396,108,12,0,0,0,303.89
 0h01:27.944 2026/02/09T08:28:45z: p:1010.70 gasR:1545952.12 iaq:115.66(0) T:11.29(16.89) H:61.85(43.19) sIaq:303.79(0) Stabilization:1 Run in:0
 0h01:28.733 2026/02/09T08:28:45z: DATA A(38),52,61,39,1010.70,0.02,26352,-48,88,1,2,2,1,2,2,8,8,396,108,12,0,0,0,303.79
 0h01:28.943 2026/02/09T08:28:46z: p:1010.71 gasR:1540718.50 iaq:115.66(0) T:11.30(16.90) H:61.80(43.17) sIaq:303.79(0) Stabilization:1 Run in:0
 0h01:29.639 2026/02/09T08:28:46z: DATA A(39),52,61,39,1010.71,0.03,26352,-48,89,1,2,2,1,2,2,8,8,366,104,11,0,0,0,303.79
 0h01:29.943 2026/02/09T08:28:47z: p:1010.68 gasR:1560083.75 iaq:115.58(0) T:11.28(16.89) H:61.89(43.18) sIaq:303.49(0) Stabilization:1 Run in:0
 0h01:30.475 2026/02/09T08:28:47z: DATA A(40),52,61,39,1010.68,0.03,26352,-48,90,1,2,2,1,2,2,8,8,366,104,11,0,0,0,303.49
 0h01:30.944 2026/02/09T08:28:48z: p:1010.70 gasR:1550340.62 iaq:115.55(0) T:11.29(16.89) H:61.84(43.15) sIaq:303.37(0) Stabilization:1 Run in:0
 0h01:31.774 2026/02/09T08:28:48z: DATA B(36),52,61,39,1010.70,0.03,26352,-48,91,1,2,2,1,2,2,8,8,342,106,22,0,0,0,303.37
 0h01:31.944 2026/02/09T08:28:49z: p:1010.70 gasR:1552103.12 iaq:115.52(0) T:11.28(16.88) H:61.91(43.17) sIaq:303.25(0) Stabilization:1 Run in:0
 0h01:32.677 2026/02/09T08:28:49z: DATA B(37),52,61,39,1010.70,0.03,26352,-48,92,1,1,1,1,1,1,4,4,312,98,16,0,0,0,303.25
 0h01:32.943 2026/02/09T08:28:50z: p:1010.70 gasR:1547704.50 iaq:115.51(0) T:11.28(16.88) H:61.87(43.14) sIaq:303.20(0) Stabilization:1 Run in:0
 0h01:33.509 2026/02/09T08:28:50z: DATA B(38),52,61,39,1010.70,0.03,26352,-48,93,1,1,1,1,1,1,4,4,312,98,16,0,0,0,303.20
 0h01:33.944 2026/02/09T08:28:51z: p:1010.68 gasR:1544203.62 iaq:115.51(0) T:11.28(16.88) H:61.91(43.14) sIaq:303.21(0) Stabilization:1 Run in:0
 0h01:34.341 2026/02/09T08:28:51z: DATA B(39),52,61,39,1010.68,0.03,26352,-48,94,1,1,1,1,1,1,4,4,312,98,16,0,0,0,303.21
 0h01:34.943 2026/02/09T08:28:52z: p:1010.70 gasR:1547704.50 iaq:115.50(0) T:11.28(16.88) H:61.91(43.14) sIaq:303.17(0) Stabilization:1 Run in:0
 0h01:35.243 2026/02/09T08:28:52z: DATA B(40),52,61,39,1010.70,0.02,26352,-48,95,1,1,1,1,1,1,4,4,312,96,12,0,0,0,303.17
 0h01:35.944 2026/02/09T08:28:53z: p:1010.71 gasR:1556526.75 iaq:115.45(0) T:11.28(16.88) H:61.88(43.12) sIaq:303.00(0) Stabilization:1 Run in:0
 0h01:36.943 2026/02/09T08:28:54z: p:1010.72 gasR:1552985.75 iaq:115.43(0) T:11.28(16.88) H:61.89(43.12) sIaq:302.91(0) Stabilization:1 Run in:0
 0h01:37.374 2026/02/09T08:28:54z: DATA A(41),52,61,39,1010.72,0.03,26352,-48,97,1,1,1,1,1,1,4,4,318,84,12,0,0,0,302.91
 0h01:37.944 2026/02/09T08:28:55z: p:1010.71 gasR:1545077.38 iaq:115.44(0) T:11.28(16.88) H:61.89(43.11) sIaq:302.94(0) Stabilization:1 Run in:0
 0h01:38.210 2026/02/09T08:28:55z: DATA A(42),52,61,39,1010.71,0.02,26352,-48,98,1,1,1,1,1,1,4,4,318,84,12,0,0,0,302.94
 0h01:38.944 2026/02/09T08:28:56z: p:1010.70 gasR:1543330.88 iaq:115.45(0) T:11.28(16.88) H:61.87(43.10) sIaq:303.00(0) Stabilization:1 Run in:0
 0h01:39.045 2026/02/09T08:28:56z: DATA A(43),52,61,39,1010.70,0.03,26352,-48,99,1,1,1,1,1,1,4,4,318,84,12,0,0,0,303.00
 0h01:39.944 2026/02/09T08:28:57z: p:1010.71 gasR:1551221.38 iaq:115.44(0) T:11.29(16.89) H:61.84(43.10) sIaq:302.93(0) Stabilization:1 Run in:0
 0h01:39.961 2026/02/09T08:28:57z: DATA A(44),52,61,39,1010.71,0.03,26352,-48,99,1,1,1,1,1,1,4,4,306,80,12,0,0,0,302.93
 0h01:40.944 2026/02/09T08:28:58z: p:1010.71 gasR:1551221.38 iaq:115.42(0) T:11.29(16.89) H:61.81(43.08) sIaq:302.88(0) Stabilization:1 Run in:0
 0h01:41.944 2026/02/09T08:28:59z: p:1010.71 gasR:1549461.00 iaq:115.41(0) T:11.30(16.90) H:61.79(43.07) sIaq:302.85(0) Stabilization:1 Run in:0
 0h01:42.041 2026/02/09T08:28:59z: DATA B(41),52,61,39,1010.71,0.03,26352,-48,102,1,1,1,1,1,1,4,4,270,82,11,0,0,0,302.85
 0h01:42.943 2026/02/09T08:29:00z: DATA B(42),52,61,39,1010.71,0.03,26352,-48,102,1,1,1,1,1,1,4,4,270,82,12,0,0,0,302.85
 0h01:42.963 2026/02/09T08:29:00z: p:1010.73 gasR:1552103.12 iaq:115.40(0) T:11.44(16.90) H:61.22(43.07) sIaq:302.79(0) Stabilization:1 Run in:0
 0h01:43.776 2026/02/09T08:29:00z: DATA B(43),52,61,39,1010.73,0.03,26352,-48,103,1,1,1,1,1,1,4,4,270,82,12,0,0,0,302.79
{"SensorId":"48:3f:da:26:d5:2a","DateTime":"2026/02/09T08:29:01z","Geo":"PurpleAir-d52a","Mem":26352,"memfrag":1,"memfb":26280,"memcs":568,"Id":1,"lat":0.000000,"lon":0.000000,"Adc":"nan","loggingrate":15,"place":"outside","version":"7.04","uptime":103,"rssi":-48,"period":103,"httpsuccess":0,"httpsends":0,"hardwareversion":"3.0","hardwarediscovered":"3.0+RV3028+BME68X+PMSX003-A+PMSX003-B","current_temp_f":52,"current_humidity":61,"current_dewpoint_f":39,"pressure":1010.73,"current_temp_f_680":52,"current_humidity_680":61,"current_dewpoint_f_680":39,"pressure_680":1010.73,"gas_680":"nan","p25aqic_b":"rgb(0,228,0)","pm2.5_aqi_b":5,"pm1_0_cf_1_b":0.95,"p_0_3_um_b":333.77,"pm2_5_cf_1_b":1.30,"p_0_5_um_b":94.33,"pm10_0_cf_1_b":1.35,"p_1_0_um_b":11.88,"pm1_0_atm_b":0.95,"p_2_5_um_b":0.40,"pm2_5_atm_b":1.30,"p_5_0_um_b":0.26,"pm10_0_atm_b":1.35,"p_10_0_um_b":0.00,"p25aqic":"rgb(1,228,0)","pm2.5_aqi":8,"pm1_0_cf_1":1.00,"p_0_3_um":361.09,"pm2_5_cf_1":1.82,"p_0_5_um":100.41,"pm10_0_cf_1":2.11,"p_1_0_um":12.09,"pm1_0_atm":1.00,"p_2_5_um":1.18,"pm2_5_atm":1.82,"p_5_0_um":0.68,"pm10_0_atm":2.11,"p_10_0_um":0.00,"wlstate":"Failed","status_0":0,"status_1":0,"status_2":0,"status_3":0,"status_4":2,"status_5":2,"status_7":0,"status_8":2,"status_9":2}
 0h01:44.068 2026/02/09T08:29:01z: update.purpleair.com:80/firmware/2mb/update.asp
 0h01:44.075 2026/02/09T08:29:01z: Error: -1
1 BSEC warning code : 100

UTCDateTime,mac_address,firmware_ver,hardware,current_temp_f,current_humidity,current_dewpoint_f,pressure,adc,mem,rssi,uptime,pm1_0_cf_1,pm2_5_cf_1,pm10_0_cf_1,pm1_0_atm,pm2_5_atm,pm10_0_atm,pm2.5_aqi_cf_1,pm2.5_aqi_atm,p_0_3_um,p_0_5_um,p_1_0_um,p_2_5_um,p_5_0_um,p_10_0_um,pm1_0_cf_1_b,pm2_5_cf_1_b,pm10_0_cf_1_b,pm1_0_atm_b,pm2_5_atm_b,pm10_0_atm_b,pm2.5_aqi_cf_1_b,pm2.5_aqi_atm_b,p_0_3_um_b,p_0_5_um_b,p_1_0_um_b,p_2_5_um_b,p_5_0_um_b,p_10_0_um_b,gas
2026/02/09T08:29:01z,48:3f:da:26:d5:2a,7.04,3.0+RV3028+BME68X+PMSX003-A+PMSX003-B,52,61,39,1010.73,nan,26352,-48,104,1.00,1.82,2.11,1.00,1.82,2.11,8,8,361.09,100.41,12.09,1.18,0.68,0.00,0.95,1.30,1.35,0.95,1.30,1.35,5,5,333.77,94.33,11.88,0.40,0.26,0.00,nan
1 BSEC warning code : 100

1 BSEC warning code : 100

1 BSEC warning code : 100

1 BSEC warning code : 100

1 BSEC warning code : 100

1 BSEC warning code : 100

1 BSEC warning code : 100

1 BSEC warning code : 100

1 BSEC warning code : 100

1 BSEC warning code : 100

 ets Jan  8 2013,rst cause:1, boot mode:(3,6)

load 0x4010f000, len 1384, room 16 
tail 8
chksum 0x2d
csum 0x2d
v8b899c12
~ld


7.04
 0h00:00.276 1970/01/01T08:00:00z: SPIFFS Active
 0h00:03.949 2026/02/09T09:46:18z: 48:3f:da:26:d5:2a
 0h00:03.950 2026/02/09T09:46:18z: SSID: VALIS
1 BSEC warning code : 100

1 BSEC warning code : 100

1 BSEC warning code : 100

1 BSEC warning code : 100

1 BSEC warning code : 100

1 BSEC warning code : 100

1 BSEC warning code : 100

1 BSEC warning code : 100

1 BSEC warning code : 100

1 BSEC warning code : 100

 ets Jan  8 2013,rst cause:1, boot mode:(3,6)

load 0x4010f000, len 1384, room 16 
tail 8
chksum 0x2d
csum 0x2d
v8b899c12
~ld


7.04
 0h00:00.280 1970/01/01T08:00:00z: SPIFFS Active
 0h00:03.953 2026/02/09T10:06:03z: 48:3f:da:26:d5:2a
 0h00:03.955 2026/02/09T10:06:03z: SSID: VALIS
1 BSEC warning code : 100

1 BSEC warning code : 100

1 BSEC warning code : 100

1 BSEC warning code : 100

1 BSEC warning code : 100

1 BSEC warning code : 100

1 BSEC warning code : 100

1 BSEC warning code : 100

1 BSEC warning code : 100

1 BSEC warning code : 100

 ets Jan  8 2013,rst cause:1, boot mode:(3,6)

load 0x4010f000, len 1384, room 16 
tail 8
chksum 0x2d
csum 0x2d
v8b899c12
~ld


7.04
 0h00:00.276 1970/01/01T08:00:00z: SPIFFS Active
 0h00:03.950 2026/02/09T10:25:49z: 48:3f:da:26:d5:2a
 0h00:03.951 2026/02/09T10:25:49z: SSID: VALIS
1 BSEC warning code : 100

1 BSEC warning code : 100

1 BSEC warning code : 100

1 BSEC warning code : 100

1 BSEC warning code : 100

1 BSEC warning code : 100

1 BSEC warning code : 100

1 BSEC warning code : 100

1 BSEC warning code : 100

1 BSEC warning code : 100

 ets Jan  8 2013,rst cause:1, boot mode:(3,6)

load 0x4010f000, len 1384, room 16 
tail 8
chksum 0x2d
csum 0x2d
v8b899c12
~ld


7.04
 0h00:00.279 1970/01/01T08:00:00z: SPIFFS Active
 0h00:03.952 2026/02/09T10:45:35z: 48:3f:da:26:d5:2a
 0h00:03.954 2026/02/09T10:45:35z: SSID: VALIS
1 BSEC warning code : 100

1 BSEC warning code : 100

1 BSEC warning code : 100

1 BSEC warning code : 100

1 BSEC warning code : 100

1 BSEC warning code : 100

1 BSEC warning code : 100

1 BSEC warning code : 100

1 BSEC warning code : 100

1 BSEC warning code : 100

 ets Jan  8 2013,rst cause:1, boot mode:(3,6)

load 0x4010f000, len 1384, room 16 
tail 8
chksum 0x2d
csum 0x2d
v8b899c12
~ld


7.04
 0h00:00.279 1970/01/01T08:00:00z: SPIFFS Active
 0h00:03.952 2026/02/09T11:05:21z: 48:3f:da:26:d5:2a
 0h00:03.953 2026/02/09T11:05:21z: SSID: VALIS
1 BSEC warning code : 100

1 BSEC warning code : 100

1 BSEC warning code : 100

1 BSEC warning code : 100

1 BSEC warning code : 100

1 BSEC warning code : 100

1 BSEC warning code : 100

1 BSEC warning code : 100

1 BSEC warning code : 100

1 BSEC warning code : 100

 ets Jan  8 2013,rst cause:1, boot mode:(3,6)

load 0x4010f000, len 1384, room 16 
tail 8
chksum 0x2d
csum 0x2d
v8b899c12
~ld


7.04
 0h00:00.277 1970/01/01T08:00:00z: SPIFFS Active
 0h00:03.950 2026/02/09T11:25:07z: 48:3f:da:26:d5:2a
 0h00:03.952 2026/02/09T11:25:07z: SSID: VALIS
1 BSEC warning code : 100

1 BSEC warning code : 100

1 BSEC warning code : 100

1 BSEC warning code : 100

1 BSEC warning code : 100

1 BSEC warning code : 100

1 BSEC warning code : 100

1 BSEC warning code : 100

1 BSEC warning code : 100

1 BSEC warning code : 100

 ets Jan  8 2013,rst cause:1, boot mode:(3,6)

load 0x4010f000, len 1384, room 16 
tail 8
chksum 0x2d
csum 0x2d
v8b899c12
~ld


7.04
 0h00:00.278 1970/01/01T08:00:00z: SPIFFS Active
 0h00:03.952 2026/02/09T11:44:52z: 48:3f:da:26:d5:2a
 0h00:03.954 2026/02/09T11:44:52z: SSID: VALIS
1 BSEC warning code : 100

1 BSEC warning code : 100

1 BSEC warning code : 100

1 BSEC warning code : 100

1 BSEC warning code : 100

1 BSEC warning code : 100

1 BSEC warning code : 100

1 BSEC warning code : 100

1 BSEC warning code : 100

1 BSEC warning code : 100

 ets Jan  8 2013,rst cause:1, boot mode:(3,6)

load 0x4010f000, len 1384, room 16 
tail 8
chksum 0x2d
csum 0x2d
v8b899c12
~ld


7.04
 0h00:00.270 1970/01/01T08:00:00z: SPIFFS Active
 0h00:03.943 2026/02/09T12:04:37z: 48:3f:da:26:d5:2a
 0h00:03.945 2026/02/09T12:04:37z: SSID: VALIS
1 BSEC warning code : 100

1 BSEC warning code : 100

1 BSEC warning code : 100

1 BSEC warning code : 100

1 BSEC warning code : 100

1 BSEC warning code : 100

1 BSEC warning code : 100

1 BSEC warning code : 100

1 BSEC warning code : 100

1 BSEC warning code : 100

 ets Jan  8 2013,rst cause:1, boot mode:(3,6)

load 0x4010f000, len 1384, room 16 
tail 8
chksum 0x2d
csum 0x2d
v8b899c12
~ld


7.04
 0h00:00.279 1970/01/01T08:00:00z: SPIFFS Active
 0h00:03.952 2026/02/09T12:24:23z: 48:3f:da:26:d5:2a
 0h00:03.954 2026/02/09T12:24:23z: SSID: VALIS
1 BSEC warning code : 100

1 BSEC warning code : 100

1 BSEC warning code : 100

1 BSEC warning code : 100

1 BSEC warning code : 100

1 BSEC warning code : 100

1 BSEC warning code : 100

1 BSEC warning code : 100

1 BSEC warning code : 100

1 BSEC warning code : 100

 ets Jan  8 2013,rst cause:1, boot mode:(3,6)

load 0x4010f000, len 1384, room 16 
tail 8
chksum 0x2d
csum 0x2d
v8b899c12
~ld


7.04
 0h00:00.280 1970/01/01T08:00:00z: SPIFFS Active
 0h00:03.953 2026/02/09T12:44:08z: 48:3f:da:26:d5:2a
 0h00:03.955 2026/02/09T12:44:08z: SSID: VALIS
1 BSEC warning code : 100

1 BSEC warning code : 100

1 BSEC warning code : 100

1 BSEC warning code : 100

1 BSEC warning code : 100

1 BSEC warning code : 100

1 BSEC warning code : 100

1 BSEC warning code : 100

1 BSEC warning code : 100

1 BSEC warning code : 100

 ets Jan  8 2013,rst cause:1, boot mode:(3,6)

load 0x4010f000, len 1384, room 16 
tail 8
chksum 0x2d
csum 0x2d
v8b899c12
~ld


7.04
 0h00:00.280 1970/01/01T08:00:00z: SPIFFS Active
 0h00:03.953 2026/02/09T13:03:54z: 48:3f:da:26:d5:2a
 0h00:03.954 2026/02/09T13:03:54z: SSID: VALIS
1 BSEC warning code : 100

1 BSEC warning code : 100

1 BSEC warning code : 100

1 BSEC warning code : 100

1 BSEC warning code : 100

1 BSEC warning code : 100

1 BSEC warning code : 100

1 BSEC warning code : 100

1 BSEC warning code : 100

1 BSEC warning code : 100

 ets Jan  8 2013,rst cause:1, boot mode:(3,6)

load 0x4010f000, len 1384, room 16 
tail 8
chksum 0x2d
csum 0x2d
v8b899c12
~ld


7.04
 0h00:00.283 1970/01/01T08:00:00z: SPIFFS Active
 0h00:03.956 2026/02/09T13:23:39z: 48:3f:da:26:d5:2a
 0h00:03.958 2026/02/09T13:23:39z: SSID: VALIS
1 BSEC warning code : 100

1 BSEC warning code : 100

1 BSEC warning code : 100

1 BSEC warning code : 100

1 BSEC warning code : 100

1 BSEC warning code : 100

1 BSEC warning code : 100

1 BSEC warning code : 100

1 BSEC warning code : 100

1 BSEC warning code : 100

 ets Jan  8 2013,rst cause:1, boot mode:(3,6)

load 0x4010f000, len 1384, room 16 
tail 8
chksum 0x2d
csum 0x2d
v8b899c12
~ld


7.04
 0h00:00.279 1970/01/01T08:00:00z: SPIFFS Active
 0h00:03.952 2026/02/09T13:43:25z: 48:3f:da:26:d5:2a
 0h00:03.954 2026/02/09T13:43:25z: SSID: VALIS
1 BSEC warning code : 100

1 BSEC warning code : 100

1 BSEC warning code : 100

1 BSEC warning code : 100

1 BSEC warning code : 100

1 BSEC warning code : 100

1 BSEC warning code : 100

1 BSEC warning code : 100

1 BSEC warning code : 100

1 BSEC warning code : 100

 ets Jan  8 2013,rst cause:1, boot mode:(3,6)

load 0x4010f000, len 1384, room 16 
tail 8
chksum 0x2d
csum 0x2d
v8b899c12
~ld


7.04
 0h00:00.276 1970/01/01T08:00:00z: SPIFFS Active
 0h00:03.949 2026/02/09T14:03:11z: 48:3f:da:26:d5:2a
 0h00:03.951 2026/02/09T14:03:11z: SSID: VALIS
1 BSEC warning code : 100

1 BSEC warning code : 100

1 BSEC warning code : 100

1 BSEC warning code : 100

1 BSEC warning code : 100

1 BSEC warning code : 100

1 BSEC warning code : 100

1 BSEC warning code : 100

1 BSEC warning code : 100

1 BSEC warning code : 100

 ets Jan  8 2013,rst cause:1, boot mode:(3,6)

load 0x4010f000, len 1384, room 16 
tail 8
chksum 0x2d
csum 0x2d
v8b899c12
~ld


7.04
 0h00:00.278 1970/01/01T08:00:00z: SPIFFS Active
 0h00:03.952 2026/02/09T14:22:55z: 48:3f:da:26:d5:2a
 0h00:03.953 2026/02/09T14:22:55z: SSID: VALIS
1 BSEC warning code : 100

1 BSEC warning code : 100

1 BSEC warning code : 100

1 BSEC warning code : 100

1 BSEC warning code : 100

1 BSEC warning code : 100

1 BSEC warning code : 100

1 BSEC warning code : 100

1 BSEC warning code : 100

1 BSEC warning code : 100

 ets Jan  8 2013,rst cause:1, boot mode:(3,6)

load 0x4010f000, len 1384, room 16 
tail 8
chksum 0x2d
csum 0x2d
v8b899c12
~ld


7.04
 0h00:00.280 1970/01/01T08:00:00z: SPIFFS Active
 0h00:03.953 2026/02/09T14:42:41z: 48:3f:da:26:d5:2a
 0h00:03.955 2026/02/09T14:42:41z: SSID: VALIS
1 BSEC warning code : 100

1 BSEC warning code : 100

1 BSEC warning code : 100

1 BSEC warning code : 100

1 BSEC warning code : 100

1 BSEC warning code : 100

1 BSEC warning code : 100

1 BSEC warning code : 100

1 BSEC warning code : 100

1 BSEC warning code : 100

 ets Jan  8 2013,rst cause:1, boot mode:(3,6)

load 0x4010f000, len 1384, room 16 
tail 8
chksum 0x2d
csum 0x2d
v8b899c12
~ld


7.04
 0h00:00.277 1970/01/01T08:00:00z: SPIFFS Active
 0h00:03.951 2026/02/09T15:02:27z: 48:3f:da:26:d5:2a
 0h00:03.952 2026/02/09T15:02:27z: SSID: VALIS
1 BSEC warning code : 100

1 BSEC warning code : 100

1 BSEC warning code : 100

1 BSEC warning code : 100

1 BSEC warning code : 100

1 BSEC warning code : 100

1 BSEC warning code : 100

1 BSEC warning code : 100

1 BSEC warning code : 100

1 BSEC warning code : 100

 ets Jan  8 2013,rst cause:1, boot mode:(3,6)

load 0x4010f000, len 1384, room 16 
tail 8
chksum 0x2d
csum 0x2d
v8b899c12
~ld


7.04
 0h00:00.276 1970/01/01T08:00:00z: SPIFFS Active
 0h00:03.950 2026/02/09T15:22:13z: 48:3f:da:26:d5:2a
 0h00:03.951 2026/02/09T15:22:13z: SSID: VALIS
1 BSEC warning code : 100

1 BSEC warning code : 100

1 BSEC warning code : 100

1 BSEC warning code : 100

1 BSEC warning code : 100

1 BSEC warning code : 100

1 BSEC warning code : 100

1 BSEC warning code : 100

1 BSEC warning code : 100

1 BSEC warning code : 100

 ets Jan  8 2013,rst cause:1, boot mode:(3,6)

load 0x4010f000, len 1384, room 16 
tail 8
chksum 0x2d
csum 0x2d
v8b899c12
~ld


7.04
 0h00:00.276 1970/01/01T08:00:00z: SPIFFS Active
 0h00:03.950 2026/02/09T15:41:58z: 48:3f:da:26:d5:2a
 0h00:03.952 2026/02/09T15:41:58z: SSID: VALIS
1 BSEC warning code : 100

1 BSEC warning code : 100

1 BSEC warning code : 100

1 BSEC warning code : 100

1 BSEC warning code : 100

1 BSEC warning code : 100

1 BSEC warning code : 100

1 BSEC warning code : 100

1 BSEC warning code : 100

1 BSEC warning code : 100

 ets Jan  8 2013,rst cause:1, boot mode:(3,6)

load 0x4010f000, len 1384, room 16 
tail 8
chksum 0x2d
csum 0x2d
v8b899c12
~ld


7.04
 0h00:00.279 1970/01/01T08:00:00z: SPIFFS Active
 0h00:03.953 2026/02/09T16:01:44z: 48:3f:da:26:d5:2a
 0h00:03.955 2026/02/09T16:01:44z: SSID: VALIS
1 BSEC warning code : 100

1 BSEC warning code : 100

1 BSEC warning code : 100

1 BSEC warning code : 100

1 BSEC warning code : 100

1 BSEC warning code : 100

1 BSEC warning code : 100

1 BSEC warning code : 100

1 BSEC warning code : 100

1 BSEC warning code : 100

 ets Jan  8 2013,rst cause:1, boot mode:(3,6)

load 0x4010f000, len 1384, room 16 
tail 8
chksum 0x2d
csum 0x2d
v8b899c12
~ld


7.04
 0h00:00.279 1970/01/01T08:00:00z: SPIFFS Active
 0h00:03.953 2026/02/09T16:21:29z: 48:3f:da:26:d5:2a
 0h00:03.955 2026/02/09T16:21:29z: SSID: VALIS
1 BSEC warning code : 100

1 BSEC warning code : 100

1 BSEC warning code : 100

1 BSEC warning code : 100

1 BSEC warning code : 100

1 BSEC warning code : 100

1 BSEC warning code : 100

1 BSEC warning code : 100

1 BSEC warning code : 100

1 BSEC warning code : 100

 ets Jan  8 2013,rst cause:1, boot mode:(3,6)

load 0x4010f000, len 1384, room 16 
tail 8
chksum 0x2d
csum 0x2d
v8b899c12
~ld


7.04
 0h00:00.281 1970/01/01T08:00:00z: SPIFFS Active
 0h00:03.955 2026/02/09T16:41:15z: 48:3f:da:26:d5:2a
 0h00:03.957 2026/02/09T16:41:15z: SSID: VALIS
1 BSEC warning code : 100

1 BSEC warning code : 100

1 BSEC warning code : 100

1 BSEC warning code : 100

1 BSEC warning code : 100

1 BSEC warning code : 100

1 BSEC warning code : 100

1 BSEC warning code : 100

1 BSEC warning code : 100

1 BSEC warning code : 100

 ets Jan  8 2013,rst cause:1, boot mode:(3,6)

load 0x4010f000, len 1384, room 16 
tail 8
chksum 0x2d
csum 0x2d
v8b899c12
~ld


7.04
 0h00:00.282 1970/01/01T08:00:00z: SPIFFS Active
 0h00:03.956 2026/02/09T17:01:01z: 48:3f:da:26:d5:2a
 0h00:03.957 2026/02/09T17:01:01z: SSID: VALIS
1 BSEC warning code : 100

1 BSEC warning code : 100

1 BSEC warning code : 100

1 BSEC warning code : 100

1 BSEC warning code : 100

1 BSEC warning code : 100

1 BSEC warning code : 100

1 BSEC warning code : 100

1 BSEC warning code : 100

1 BSEC warning code : 100

 ets Jan  8 2013,rst cause:1, boot mode:(3,6)

load 0x4010f000, len 1384, room 16 
tail 8
chksum 0x2d
csum 0x2d
v8b899c12
~ld


7.04
 0h00:00.277 1970/01/01T08:00:00z: SPIFFS Active
 0h00:03.951 2026/02/09T17:20:47z: 48:3f:da:26:d5:2a
 0h00:03.952 2026/02/09T17:20:47z: SSID: VALIS
1 BSEC warning code : 100

1 BSEC warning code : 100

1 BSEC warning code : 100

1 BSEC warning code : 100

1 BSEC warning code : 100

1 BSEC warning code : 100

1 BSEC warning code : 100

1 BSEC warning code : 100

1 BSEC warning code : 100

1 BSEC warning code : 100

 ets Jan  8 2013,rst cause:1, boot mode:(3,6)

load 0x4010f000, len 1384, room 16 
tail 8
chksum 0x2d
csum 0x2d
v8b899c12
~ld


7.04
 0h00:00.276 1970/01/01T08:00:00z: SPIFFS Active
 0h00:03.950 2026/02/09T17:40:33z: 48:3f:da:26:d5:2a
 0h00:03.952 2026/02/09T17:40:33z: SSID: VALIS
1 BSEC warning code : 100

1 BSEC warning code : 100

1 BSEC warning code : 100

1 BSEC warning code : 100

1 BSEC warning code : 100

1 BSEC warning code : 100

1 BSEC warning code : 100

1 BSEC warning code : 100

1 BSEC warning code : 100

1 BSEC warning code : 100

 ets Jan  8 2013,rst cause:1, boot mode:(3,6)

load 0x4010f000, len 1384, room 16 
tail 8
chksum 0x2d
csum 0x2d
v8b899c12
~ld


7.04
 0h00:00.276 1970/01/01T08:00:00z: SPIFFS Active
 0h00:03.950 2026/02/09T18:00:18z: 48:3f:da:26:d5:2a
 0h00:03.951 2026/02/09T18:00:18z: SSID: VALIS
1 BSEC warning code : 100

1 BSEC warning code : 100

1 BSEC warning code : 100

1 BSEC warning code : 100

1 BSEC warning code : 100

1 BSEC warning code : 100

1 BSEC warning code : 100

1 BSEC warning code : 100

1 BSEC warning code : 100

1 BSEC warning code : 100

 ets Jan  8 2013,rst cause:1, boot mode:(3,6)

load 0x4010f000, len 1384, room 16 
tail 8
chksum 0x2d
csum 0x2d
v8b899c12
~ld


7.04
 0h00:00.283 1970/01/01T08:00:00z: SPIFFS Active
 0h00:03.957 2026/02/09T18:20:04z: 48:3f:da:26:d5:2a
 0h00:03.959 2026/02/09T18:20:04z: SSID: VALIS
1 BSEC warning code : 100

1 BSEC warning code : 100

1 BSEC warning code : 100

1 BSEC warning code : 100

1 BSEC warning code : 100

1 BSEC warning code : 100

1 BSEC warning code : 100

1 BSEC warning code : 100

1 BSEC warning code : 100

1 BSEC warning code : 100

 ets Jan  8 2013,rst cause:1, boot mode:(3,6)

load 0x4010f000, len 1384, room 16 
tail 8
chksum 0x2d
csum 0x2d
v8b899c12
~ld


7.04
 0h00:00.278 1970/01/01T08:00:00z: SPIFFS Active
 0h00:03.952 2026/02/09T18:39:50z: 48:3f:da:26:d5:2a
 0h00:03.954 2026/02/09T18:39:50z: SSID: VALIS
1 BSEC warning code : 100

1 BSEC warning code : 100

1 BSEC warning code : 100

1 BSEC warning code : 100

1 BSEC warning code : 100

1 BSEC warning code : 100

1 BSEC warning code : 100

1 BSEC warning code : 100

1 BSEC warning code : 100

1 BSEC warning code : 100

 ets Jan  8 2013,rst cause:1, boot mode:(3,6)

load 0x4010f000, len 1384, room 16 
tail 8
chksum 0x2d
csum 0x2d
v8b899c12
~ld


7.04
 0h00:00.282 1970/01/01T08:00:00z: SPIFFS Active
 0h00:03.956 2026/02/09T18:59:36z: 48:3f:da:26:d5:2a
 0h00:03.957 2026/02/09T18:59:36z: SSID: VALIS
1 BSEC warning code : 100

1 BSEC warning code : 100

1 BSEC warning code : 100

1 BSEC warning code : 100

1 BSEC warning code : 100

1 BSEC warning code : 100

1 BSEC warning code : 100

1 BSEC warning code : 100

1 BSEC warning code : 100

1 BSEC warning code : 100

 ets Jan  8 2013,rst cause:1, boot mode:(3,6)

load 0x4010f000, len 1384, room 16 
tail 8
chksum 0x2d
csum 0x2d
v8b899c12
~ld


7.04
 0h00:00.282 1970/01/01T08:00:00z: SPIFFS Active
 0h00:03.956 2026/02/09T19:19:21z: 48:3f:da:26:d5:2a
 0h00:03.958 2026/02/09T19:19:21z: SSID: VALIS
1 BSEC warning code : 100

1 BSEC warning code : 100

1 BSEC warning code : 100

1 BSEC warning code : 100

1 BSEC warning code : 100

1 BSEC warning code : 100

1 BSEC warning code : 100

1 BSEC warning code : 100

1 BSEC warning code : 100

1 BSEC warning code : 100

 ets Jan  8 2013,rst cause:1, boot mode:(3,6)

load 0x4010f000, len 1384, room 16 
tail 8
chksum 0x2d
csum 0x2d
v8b899c12
~ld


7.04
 0h00:00.276 1970/01/01T08:00:00z: SPIFFS Active
 0h00:03.950 2026/02/09T19:39:07z: 48:3f:da:26:d5:2a
 0h00:03.952 2026/02/09T19:39:07z: SSID: VALIS
1 BSEC warning code : 100

1 BSEC warning code : 100

1 BSEC warning code : 100

1 BSEC warning code : 100

1 BSEC warning code : 100

1 BSEC warning code : 100

1 BSEC warning code : 100

1 BSEC warning code : 100

1 BSEC warning code : 100

1 BSEC warning code : 100

 ets Jan  8 2013,rst cause:1, boot mode:(3,6)

load 0x4010f000, len 1384, room 16 
tail 8
chksum 0x2d
csum 0x2d
v8b899c12
~ld


7.04
 0h00:00.281 1970/01/01T08:00:00z: SPIFFS Active
 0h00:03.955 2026/02/09T19:58:52z: 48:3f:da:26:d5:2a
 0h00:03.956 2026/02/09T19:58:52z: SSID: VALIS
1 BSEC warning code : 100

1 BSEC warning code : 100

1 BSEC warning code : 100

1 BSEC warning code : 100

1 BSEC warning code : 100

1 BSEC warning code : 100

1 BSEC warning code : 100

1 BSEC warning code : 100

1 BSEC warning code : 100

1 BSEC warning code : 100

 ets Jan  8 2013,rst cause:1, boot mode:(3,6)

load 0x4010f000, len 1384, room 16 
tail 8
chksum 0x2d
csum 0x2d
v8b899c12
~ld


7.04
 0h00:00.282 1970/01/01T08:00:00z: SPIFFS Active
 0h00:03.956 2026/02/09T20:18:39z: 48:3f:da:26:d5:2a
 0h00:03.957 2026/02/09T20:18:39z: SSID: VALIS
1 BSEC warning code : 100

1 BSEC warning code : 100

1 BSEC warning code : 100

1 BSEC warning code : 100

1 BSEC warning code : 100

1 BSEC warning code : 100

1 BSEC warning code : 100

1 BSEC warning code : 100

1 BSEC warning code : 100

1 BSEC warning code : 100

 ets Jan  8 2013,rst cause:1, boot mode:(3,6)

load 0x4010f000, len 1384, room 16 
tail 8
chksum 0x2d
csum 0x2d
v8b899c12
~ld


7.04
 0h00:00.280 1970/01/01T08:00:00z: SPIFFS Active
 0h00:03.953 2026/02/09T20:38:24z: 48:3f:da:26:d5:2a
 0h00:03.955 2026/02/09T20:38:24z: SSID: VALIS
1 BSEC warning code : 100

1 BSEC warning code : 100

1 BSEC warning code : 100

1 BSEC warning code : 100

1 BSEC warning code : 100

1 BSEC warning code : 100

1 BSEC warning code : 100

1 BSEC warning code : 100

1 BSEC warning code : 100

1 BSEC warning code : 100

 ets Jan  8 2013,rst cause:1, boot mode:(3,6)

load 0x4010f000, len 1384, room 16 
tail 8
chksum 0x2d
csum 0x2d
v8b899c12
~ld


7.04
 0h00:00.281 1970/01/01T08:00:00z: SPIFFS Active
 0h00:03.955 2026/02/09T20:58:09z: 48:3f:da:26:d5:2a
 0h00:03.956 2026/02/09T20:58:09z: SSID: VALIS
1 BSEC warning code : 100

1 BSEC warning code : 100

1 BSEC warning code : 100

1 BSEC warning code : 100

1 BSEC warning code : 100

1 BSEC warning code : 100

1 BSEC warning code : 100

1 BSEC warning code : 100

1 BSEC warning code : 100

1 BSEC warning code : 100

 ets Jan  8 2013,rst cause:1, boot mode:(3,6)

load 0x4010f000, len 1384, room 16 
tail 8
chksum 0x2d
csum 0x2d
v8b899c12
~ld


7.04
 0h00:00.276 1970/01/01T08:00:00z: SPIFFS Active
 0h00:03.950 2026/02/09T21:17:56z: 48:3f:da:26:d5:2a
 0h00:03.951 2026/02/09T21:17:56z: SSID: VALIS
1 BSEC warning code : 100

1 BSEC warning code : 100

1 BSEC warning code : 100

1 BSEC warning code : 100

1 BSEC warning code : 100

1 BSEC warning code : 100

1 BSEC warning code : 100

1 BSEC warning code : 100

1 BSEC warning code : 100

1 BSEC warning code : 100

 ets Jan  8 2013,rst cause:1, boot mode:(3,6)

load 0x4010f000, len 1384, room 16 
tail 8
chksum 0x2d
csum 0x2d
v8b899c12
~ld


7.04
 0h00:00.279 1970/01/01T08:00:00z: SPIFFS Active
 0h00:03.954 2026/02/09T21:37:41z: 48:3f:da:26:d5:2a
 0h00:03.955 2026/02/09T21:37:41z: SSID: VALIS
1 BSEC warning code : 100

1 BSEC warning code : 100

1 BSEC warning code : 100

1 BSEC warning code : 100

1 BSEC warning code : 100

1 BSEC warning code : 100

1 BSEC warning code : 100

1 BSEC warning code : 100

1 BSEC warning code : 100

1 BSEC warning code : 100

 ets Jan  8 2013,rst cause:1, boot mode:(3,6)

load 0x4010f000, len 1384, room 16 
tail 8
chksum 0x2d
csum 0x2d
v8b899c12
~ld


7.04
 0h00:00.281 1970/01/01T08:00:00z: SPIFFS Active
 0h00:03.955 2026/02/09T21:57:27z: 48:3f:da:26:d5:2a
 0h00:03.956 2026/02/09T21:57:27z: SSID: VALIS
1 BSEC warning code : 100

1 BSEC warning code : 100

1 BSEC warning code : 100

1 BSEC warning code : 100

1 BSEC warning code : 100

1 BSEC warning code : 100

1 BSEC warning code : 100

1 BSEC warning code : 100

1 BSEC warning code : 100

1 BSEC warning code : 100

 ets Jan  8 2013,rst cause:1, boot mode:(3,6)

load 0x4010f000, len 1384, room 16 
tail 8
chksum 0x2d
csum 0x2d
v8b899c12
~ld


7.04
 0h00:00.276 1970/01/01T08:00:00z: SPIFFS Active
 0h00:03.950 2026/02/09T22:17:12z: 48:3f:da:26:d5:2a
 0h00:03.951 2026/02/09T22:17:12z: SSID: VALIS
1 BSEC warning code : 100

1 BSEC warning code : 100

1 BSEC warning code : 100

1 BSEC warning code : 100

1 BSEC warning code : 100

1 BSEC warning code : 100

1 BSEC warning code : 100

1 BSEC warning code : 100

1 BSEC warning code : 100

1 BSEC warning code : 100

 ets Jan  8 2013,rst cause:1, boot mode:(3,6)

load 0x4010f000, len 1384, room 16 
tail 8
chksum 0x2d
csum 0x2d
v8b899c12
~ld


7.04
 0h00:00.282 1970/01/01T08:00:00z: SPIFFS Active
 0h00:03.956 2026/02/09T22:36:58z: 48:3f:da:26:d5:2a
 0h00:03.958 2026/02/09T22:36:58z: SSID: VALIS
1 BSEC warning code : 100

1 BSEC warning code : 100

1 BSEC warning code : 100

1 BSEC warning code : 100

1 BSEC warning code : 100

1 BSEC warning code : 100

1 BSEC warning code : 100

1 BSEC warning code : 100

1 BSEC warning code : 100

1 BSEC warning code : 100

 ets Jan  8 2013,rst cause:1, boot mode:(3,6)

load 0x4010f000, len 1384, room 16 
tail 8
chksum 0x2d
csum 0x2d
v8b899c12
~ld


7.04
 0h00:00.280 1970/01/01T08:00:00z: SPIFFS Active
 0h00:03.954 2026/02/09T22:56:44z: 48:3f:da:26:d5:2a
 0h00:03.956 2026/02/09T22:56:44z: SSID: VALIS
1 BSEC warning code : 100

1 BSEC warning code : 100

1 BSEC warning code : 100

1 BSEC warning code : 100

1 BSEC warning code : 100

1 BSEC warning code : 100

1 BSEC warning code : 100

1 BSEC warning code : 100

1 BSEC warning code : 100

1 BSEC warning code : 100

 ets Jan  8 2013,rst cause:1, boot mode:(3,6)

load 0x4010f000, len 1384, room 16 
tail 8
chksum 0x2d
csum 0x2d
v8b899c12
~ld


7.04
 0h00:00.279 1970/01/01T08:00:00z: SPIFFS Active
 0h00:03.953 2026/02/09T23:16:29z: 48:3f:da:26:d5:2a
 0h00:03.954 2026/02/09T23:16:29z: SSID: VALIS
1 BSEC warning code : 100

1 BSEC warning code : 100

1 BSEC warning code : 100

1 BSEC warning code : 100

1 BSEC warning code : 100

1 BSEC warning code : 100

1 BSEC warning code : 100

1 BSEC warning code : 100

1 BSEC warning code : 100

1 BSEC warning code : 100

 ets Jan  8 2013,rst cause:1, boot mode:(3,6)

load 0x4010f000, len 1384, room 16 
tail 8
chksum 0x2d
csum 0x2d
v8b899c12
~ld


7.04
 0h00:00.280 1970/01/01T08:00:00z: SPIFFS Active
 0h00:03.954 2026/02/09T23:36:15z: 48:3f:da:26:d5:2a
 0h00:03.956 2026/02/09T23:36:15z: SSID: VALIS
1 BSEC warning code : 100

1 BSEC warning code : 100

1 BSEC warning code : 100

1 BSEC warning code : 100

1 BSEC warning code : 100

1 BSEC warning code : 100

1 BSEC warning code : 100

1 BSEC warning code : 100

1 BSEC warning code : 100

1 BSEC warning code : 100

 ets Jan  8 2013,rst cause:1, boot mode:(3,6)

load 0x4010f000, len 1384, room 16 
tail 8
chksum 0x2d
csum 0x2d
v8b899c12
~ld


7.04
 0h00:00.280 1970/01/01T08:00:00z: SPIFFS Active
 0h00:03.955 2026/02/09T23:56:00z: 48:3f:da:26:d5:2a
 0h00:03.956 2026/02/09T23:56:00z: SSID: VALIS
1 BSEC warning code : 100

1 BSEC warning code : 100
