
1 BSEC warning code : 100

1 BSEC warning code : 100

1 BSEC warning code : 100

1 BSEC warning code : 100

 ets Jan  8 2013,rst cause:4, boot mode:(3,7)

wdt reset
load 0x4010f000, len 1384, room 16 
tail 8
chksum 0x2d
csum 0x2d
v8b899c12
~ld


7.04
 0h00:00.277 1970/01/01T08:00:00z: SPIFFS Active
 0h00:03.950 2025/04/13T00:07:19z: a4:e5:7c:26:24:d4
 0h00:03.952 2025/04/13T00:07:19z: SSID: NothingButSunshine
1 BSEC warning code : 100

1 BSEC warning code : 100

1 BSEC warning code : 100

1 BSEC warning code : 100

1 BSEC warning code : 100

1 BSEC warning code : 100

1 BSEC warning code : 100

1 BSEC warning code : 100

1 BSEC warning code : 100

1 BSEC warning code : 100

 ets Jan  8 2013,rst cause:4, boot mode:(3,7)

wdt reset
load 0x4010f000, len 1384, room 16 
tail 8
chksum 0x2d
csum 0x2d
v8b899c12
~ld


7.04
 0h00:00.281 1970/01/01T08:00:00z: SPIFFS Active
 0h00:03.955 2025/04/13T00:27:01z: a4:e5:7c:26:24:d4
 0h00:03.956 2025/04/13T00:27:01z: SSID: NothingButSunshine
1 BSEC warning code : 100

1 BSEC warning code : 100

1 BSEC warning code : 100

1 BSEC warning code : 100

1 BSEC warning code : 100

1 BSEC warning code : 100

1 BSEC warning code : 100

1 BSEC warning code : 100

1 BSEC warning code : 100

1 BSEC warning code : 100

 ets Jan  8 2013,rst cause:4, boot mode:(3,7)

wdt reset
load 0x4010f000, len 1384, room 16 
tail 8
chksum 0x2d
csum 0x2d
v8b899c12
~ld


7.04
 0h00:00.281 1970/01/01T08:00:00z: SPIFFS Active
 0h00:03.955 2025/04/13T00:46:44z: a4:e5:7c:26:24:d4
 0h00:03.957 2025/04/13T00:46:44z: SSID: NothingButSunshine
1 BSEC warning code : 100

1 BSEC warning code : 100

1 BSEC warning code : 100

1 BSEC warning code : 100

1 BSEC warning code : 100

1 BSEC warning code : 100

1 BSEC warning code : 100

1 BSEC warning code : 100

1 BSEC warning code : 100

1 BSEC warning code : 100

 ets Jan  8 2013,rst cause:4, boot mode:(3,7)

wdt reset
load 0x4010f000, len 1384, room 16 
tail 8
chksum 0x2d
csum 0x2d
v8b899c12
~ld


7.04
 0h00:00.276 1970/01/01T08:00:00z: SPIFFS Active
 0h00:03.949 2025/04/13T01:06:27z: a4:e5:7c:26:24:d4
 0h00:03.951 2025/04/13T01:06:27z: SSID: NothingButSunshine
1 BSEC warning code : 100

1 BSEC warning code : 100

1 BSEC warning code : 100

1 BSEC warning code : 100

1 BSEC warning code : 100

1 BSEC warning code : 100

1 BSEC warning code : 100

1 BSEC warning code : 100

1 BSEC warning code : 100

1 BSEC warning code : 100

 ets Jan  8 2013,rst cause:4, boot mode:(3,7)

wdt reset
load 0x4010f000, len 1384, room 16 
tail 8
chksum 0x2d
csum 0x2d
v8b899c12
~ld


7.04
 0h00:00.281 1970/01/01T08:00:00z: SPIFFS Active
 0h00:03.955 2025/04/13T01:26:09z: a4:e5:7c:26:24:d4
 0h00:03.956 2025/04/13T01:26:09z: SSID: NothingButSunshine
1 BSEC warning code : 100

1 BSEC warning code : 100

1 BSEC warning code : 100

1 BSEC warning code : 100

1 BSEC warning code : 100

1 BSEC warning code : 100

1 BSEC warning code : 100

1 BSEC warning code : 100

1 BSEC warning code : 100

1 BSEC warning code : 100

 ets Jan  8 2013,rst cause:4, boot mode:(3,7)

wdt reset
load 0x4010f000, len 1384, room 16 
tail 8
chksum 0x2d
csum 0x2d
v8b899c12
~ld


7.04
 0h00:00.283 1970/01/01T08:00:00z: SPIFFS Active
 0h00:03.957 2025/04/13T01:45:52z: a4:e5:7c:26:24:d4
 0h00:03.958 2025/04/13T01:45:52z: SSID: NothingButSunshine
1 BSEC warning code : 100

1 BSEC warning code : 100

1 BSEC warning code : 100

1 BSEC warning code : 100

1 BSEC warning code : 100

1 BSEC warning code : 100

1 BSEC warning code : 100

1 BSEC warning code : 100

1 BSEC warning code : 100

1 BSEC warning code : 100

 ets Jan  8 2013,rst cause:4, boot mode:(3,7)

wdt reset
load 0x4010f000, len 1384, room 16 
tail 8
chksum 0x2d
csum 0x2d
v8b899c12
~ld


7.04
 0h00:00.279 1970/01/01T08:00:00z: SPIFFS Active
 0h00:03.953 2025/04/13T02:05:34z: a4:e5:7c:26:24:d4
 0h00:03.954 2025/04/13T02:05:34z: SSID: NothingButSunshine
1 BSEC warning code : 100

1 BSEC warning code : 100

1 BSEC warning code : 100

1 BSEC warning code : 100

1 BSEC warning code : 100

1 BSEC warning code : 100

1 BSEC warning code : 100

1 BSEC warning code : 100

1 BSEC warning code : 100

1 BSEC warning code : 100

 ets Jan  8 2013,rst cause:4, boot mode:(3,7)

wdt reset
load 0x4010f000, len 1384, room 16 
tail 8
chksum 0x2d
csum 0x2d
v8b899c12
~ld


7.04
 0h00:00.282 1970/01/01T08:00:00z: SPIFFS Active
 0h00:03.956 2025/04/13T02:25:17z: a4:e5:7c:26:24:d4
 0h00:03.958 2025/04/13T02:25:17z: SSID: NothingButSunshine
1 BSEC warning code : 100

1 BSEC warning code : 100

1 BSEC warning code : 100

1 BSEC warning code : 100

1 BSEC warning code : 100

1 BSEC warning code : 100

1 BSEC warning code : 100

1 BSEC warning code : 100

1 BSEC warning code : 100

1 BSEC warning code : 100

 ets Jan  8 2013,rst cause:4, boot mode:(3,7)

wdt reset
load 0x4010f000, len 1384, room 16 
tail 8
chksum 0x2d
csum 0x2d
v8b899c12
~ld


7.04
 0h00:00.281 1970/01/01T08:00:00z: SPIFFS Active
 0h00:03.955 2025/04/13T02:44:59z: a4:e5:7c:26:24:d4
 0h00:03.956 2025/04/13T02:44:59z: SSID: NothingButSunshine
1 BSEC warning code : 100

1 BSEC warning code : 100

1 BSEC warning code : 100

1 BSEC warning code : 100

1 BSEC warning code : 100

1 BSEC warning code : 100

1 BSEC warning code : 100

1 BSEC warning code : 100

1 BSEC warning code : 100

1 BSEC warning code : 100

 ets Jan  8 2013,rst cause:4, boot mode:(3,7)

wdt reset
load 0x4010f000, len 1384, room 16 
tail 8
chksum 0x2d
csum 0x2d
v8b899c12
~ld


7.04
 0h00:00.281 1970/01/01T08:00:00z: SPIFFS Active
 0h00:03.955 2025/04/13T03:04:42z: a4:e5:7c:26:24:d4
 0h00:03.957 2025/04/13T03:04:42z: SSID: NothingButSunshine
1 BSEC warning code : 100

1 BSEC warning code : 100

1 BSEC warning code : 100

1 BSEC warning code : 100

1 BSEC warning code : 100

1 BSEC warning code : 100

1 BSEC warning code : 100

1 BSEC warning code : 100

1 BSEC warning code : 100

1 BSEC warning code : 100

 ets Jan  8 2013,rst cause:4, boot mode:(3,7)

wdt reset
load 0x4010f000, len 1384, room 16 
tail 8
chksum 0x2d
csum 0x2d
v8b899c12
~ld


7.04
 0h00:00.281 1970/01/01T08:00:00z: SPIFFS Active
 0h00:03.955 2025/04/13T03:24:24z: a4:e5:7c:26:24:d4
 0h00:03.957 2025/04/13T03:24:24z: SSID: NothingButSunshine
1 BSEC warning code : 100

1 BSEC warning code : 100

1 BSEC warning code : 100

1 BSEC warning code : 100

1 BSEC warning code : 100

1 BSEC warning code : 100

1 BSEC warning code : 100

1 BSEC warning code : 100

1 BSEC warning code : 100

1 BSEC warning code : 100

 ets Jan  8 2013,rst cause:4, boot mode:(3,7)

wdt reset
load 0x4010f000, len 1384, room 16 
tail 8
chksum 0x2d
csum 0x2d
v8b899c12
~ld


7.04
 0h00:00.286 1970/01/01T08:00:00z: SPIFFS Active
 0h00:03.960 2025/04/13T03:44:07z: a4:e5:7c:26:24:d4
 0h00:03.961 2025/04/13T03:44:07z: SSID: NothingButSunshine
1 BSEC warning code : 100

1 BSEC warning code : 100

1 BSEC warning code : 100

1 BSEC warning code : 100

1 BSEC warning code : 100

1 BSEC warning code : 100

1 BSEC warning code : 100

1 BSEC warning code : 100

1 BSEC warning code : 100

1 BSEC warning code : 100

 ets Jan  8 2013,rst cause:4, boot mode:(3,7)

wdt reset
load 0x4010f000, len 1384, room 16 
tail 8
chksum 0x2d
csum 0x2d
v8b899c12
~ld


7.04
 0h00:00.278 1970/01/01T08:00:00z: SPIFFS Active
 0h00:03.952 2025/04/13T04:03:50z: a4:e5:7c:26:24:d4
 0h00:03.953 2025/04/13T04:03:50z: SSID: NothingButSunshine
1 BSEC warning code : 100

1 BSEC warning code : 100

1 BSEC warning code : 100

1 BSEC warning code : 100

1 BSEC warning code : 100

1 BSEC warning code : 100

1 BSEC warning code : 100

1 BSEC warning code : 100

1 BSEC warning code : 100

1 BSEC warning code : 100

 ets Jan  8 2013,rst cause:4, boot mode:(3,7)

wdt reset
load 0x4010f000, len 1384, room 16 
tail 8
chksum 0x2d
csum 0x2d
v8b899c12
~ld


7.04
 0h00:00.282 1970/01/01T08:00:00z: SPIFFS Active
 0h00:03.955 2025/04/13T04:23:33z: a4:e5:7c:26:24:d4
 0h00:03.957 2025/04/13T04:23:33z: SSID: NothingButSunshine
1 BSEC warning code : 100

1 BSEC warning code : 100

1 BSEC warning code : 100

1 BSEC warning code : 100

1 BSEC warning code : 100

1 BSEC warning code : 100

1 BSEC warning code : 100

1 BSEC warning code : 100

1 BSEC warning code : 100

1 BSEC warning code : 100

 ets Jan  8 2013,rst cause:4, boot mode:(3,7)

wdt reset
load 0x4010f000, len 1384, room 16 
tail 8
chksum 0x2d
csum 0x2d
v8b899c12
~ld


7.04
 0h00:00.281 1970/01/01T08:00:00z: SPIFFS Active
 0h00:03.955 2025/04/13T04:43:16z: a4:e5:7c:26:24:d4
 0h00:03.956 2025/04/13T04:43:16z: SSID: NothingButSunshine
1 BSEC warning code : 100

1 BSEC warning code : 100

1 BSEC warning code : 100

1 BSEC warning code : 100

1 BSEC warning code : 100

1 BSEC warning code : 100

1 BSEC warning code : 100

1 BSEC warning code : 100

1 BSEC warning code : 100

1 BSEC warning code : 100

 ets Jan  8 2013,rst cause:4, boot mode:(3,7)

wdt reset
load 0x4010f000, len 1384, room 16 
tail 8
chksum 0x2d
csum 0x2d
v8b899c12
~ld


7.04
 0h00:00.282 1970/01/01T08:00:00z: SPIFFS Active
 0h00:03.955 2025/04/13T05:02:59z: a4:e5:7c:26:24:d4
 0h00:03.957 2025/04/13T05:02:59z: SSID: NothingButSunshine
1 BSEC warning code : 100

1 BSEC warning code : 100

1 BSEC warning code : 100

1 BSEC warning code : 100

1 BSEC warning code : 100

1 BSEC warning code : 100

1 BSEC warning code : 100

1 BSEC warning code : 100

1 BSEC warning code : 100

1 BSEC warning code : 100

 ets Jan  8 2013,rst cause:4, boot mode:(3,7)

wdt reset
load 0x4010f000, len 1384, room 16 
tail 8
chksum 0x2d
csum 0x2d
v8b899c12
~ld


7.04
 0h00:00.282 1970/01/01T08:00:00z: SPIFFS Active
 0h00:03.956 2025/04/13T05:22:41z: a4:e5:7c:26:24:d4
 0h00:03.957 2025/04/13T05:22:41z: SSID: NothingButSunshine
1 BSEC warning code : 100

1 BSEC warning code : 100

1 BSEC warning code : 100

1 BSEC warning code : 100

1 BSEC warning code : 100

1 BSEC warning code : 100

1 BSEC warning code : 100

1 BSEC warning code : 100

1 BSEC warning code : 100

1 BSEC warning code : 100

 ets Jan  8 2013,rst cause:4, boot mode:(3,7)

wdt reset
load 0x4010f000, len 1384, room 16 
tail 8
chksum 0x2d
csum 0x2d
v8b899c12
~ld


7.04
 0h00:00.282 1970/01/01T08:00:00z: SPIFFS Active
 0h00:03.956 2025/04/13T05:42:24z: a4:e5:7c:26:24:d4
 0h00:03.958 2025/04/13T05:42:24z: SSID: NothingButSunshine
1 BSEC warning code : 100

1 BSEC warning code : 100

1 BSEC warning code : 100

1 BSEC warning code : 100

1 BSEC warning code : 100

1 BSEC warning code : 100

1 BSEC warning code : 100

1 BSEC warning code : 100

1 BSEC warning code : 100

1 BSEC warning code : 100

 ets Jan  8 2013,rst cause:4, boot mode:(3,7)

wdt reset
load 0x4010f000, len 1384, room 16 
tail 8
chksum 0x2d
csum 0x2d
v8b899c12
~ld


7.04
 0h00:00.277 1970/01/01T08:00:00z: SPIFFS Active
 0h00:03.951 2025/04/13T06:02:07z: a4:e5:7c:26:24:d4
 0h00:03.953 2025/04/13T06:02:07z: SSID: NothingButSunshine
1 BSEC warning code : 100

1 BSEC warning code : 100

1 BSEC warning code : 100

1 BSEC warning code : 100

1 BSEC warning code : 100

1 BSEC warning code : 100

1 BSEC warning code : 100

1 BSEC warning code : 100

1 BSEC warning code : 100

1 BSEC warning code : 100

 ets Jan  8 2013,rst cause:4, boot mode:(3,7)

wdt reset
load 0x4010f000, len 1384, room 16 
tail 8
chksum 0x2d
csum 0x2d
v8b899c12
~ld


7.04
 0h00:00.276 1970/01/01T08:00:00z: SPIFFS Active
 0h00:03.951 2025/04/13T06:21:50z: a4:e5:7c:26:24:d4
 0h00:03.952 2025/04/13T06:21:50z: SSID: NothingButSunshine
1 BSEC warning code : 100

1 BSEC warning code : 100

1 BSEC warning code : 100

1 BSEC warning code : 100

1 BSEC warning code : 100

1 BSEC warning code : 100

1 BSEC warning code : 100

1 BSEC warning code : 100

1 BSEC warning code : 100

1 BSEC warning code : 100

 ets Jan  8 2013,rst cause:4, boot mode:(3,7)

wdt reset
load 0x4010f000, len 1384, room 16 
tail 8
chksum 0x2d
csum 0x2d
v8b899c12
~ld


7.04
 0h00:00.280 1970/01/01T08:00:00z: SPIFFS Active
 0h00:03.955 2025/04/13T06:41:33z: a4:e5:7c:26:24:d4
 0h00:03.956 2025/04/13T06:41:33z: SSID: NothingButSunshine
1 BSEC warning code : 100

1 BSEC warning code : 100

1 BSEC warning code : 100

1 BSEC warning code : 100

1 BSEC warning code : 100

1 BSEC warning code : 100

1 BSEC warning code : 100

1 BSEC warning code : 100

1 BSEC warning code : 100

1 BSEC warning code : 100

 ets Jan  8 2013,rst cause:4, boot mode:(3,7)

wdt reset
load 0x4010f000, len 1384, room 16 
tail 8
chksum 0x2d
csum 0x2d
v8b899c12
~ld


7.04
 0h00:00.279 1970/01/01T08:00:00z: SPIFFS Active
 0h00:03.953 2025/04/13T07:01:16z: a4:e5:7c:26:24:d4
 0h00:03.955 2025/04/13T07:01:16z: SSID: NothingButSunshine
1 BSEC warning code : 100

1 BSEC warning code : 100

1 BSEC warning code : 100

1 BSEC warning code : 100

1 BSEC warning code : 100

1 BSEC warning code : 100

1 BSEC warning code : 100

1 BSEC warning code : 100

1 BSEC warning code : 100

1 BSEC warning code : 100

 ets Jan  8 2013,rst cause:4, boot mode:(3,7)

wdt reset
load 0x4010f000, len 1384, room 16 
tail 8
chksum 0x2d
csum 0x2d
v8b899c12
~ld


7.04
 0h00:00.282 1970/01/01T08:00:00z: SPIFFS Active
 0h00:03.957 2025/04/13T07:20:59z: a4:e5:7c:26:24:d4
 0h00:03.958 2025/04/13T07:20:59z: SSID: NothingButSunshine
1 BSEC warning code : 100

1 BSEC warning code : 100

1 BSEC warning code : 100

1 BSEC warning code : 100

1 BSEC warning code : 100

1 BSEC warning code : 100

1 BSEC warning code : 100

1 BSEC warning code : 100

1 BSEC warning code : 100

1 BSEC warning code : 100

 ets Jan  8 2013,rst cause:4, boot mode:(3,7)

wdt reset
load 0x4010f000, len 1384, room 16 
tail 8
chksum 0x2d
csum 0x2d
v8b899c12
~ld


7.04
 0h00:00.279 1970/01/01T08:00:00z: SPIFFS Active
 0h00:03.953 2025/04/13T07:40:41z: a4:e5:7c:26:24:d4
 0h00:03.954 2025/04/13T07:40:41z: SSID: NothingButSunshine
1 BSEC warning code : 100

1 BSEC warning code : 100

1 BSEC warning code : 100

1 BSEC warning code : 100

1 BSEC warning code : 100

1 BSEC warning code : 100

1 BSEC warning code : 100

1 BSEC warning code : 100

1 BSEC warning code : 100

1 BSEC warning code : 100

 ets Jan  8 2013,rst cause:4, boot mode:(3,7)

wdt reset
load 0x4010f000, len 1384, room 16 
tail 8
chksum 0x2d
csum 0x2d
v8b899c12
~ld


7.04
 0h00:00.281 1970/01/01T08:00:00z: SPIFFS Active
 0h00:03.955 2025/04/13T08:00:24z: a4:e5:7c:26:24:d4
 0h00:03.956 2025/04/13T08:00:24z: SSID: NothingButSunshine
1 BSEC warning code : 100

1 BSEC warning code : 100

1 BSEC warning code : 100

1 BSEC warning code : 100

1 BSEC warning code : 100

1 BSEC warning code : 100

1 BSEC warning code : 100

1 BSEC warning code : 100

1 BSEC warning code : 100

1 BSEC warning code : 100

 ets Jan  8 2013,rst cause:4, boot mode:(3,7)

wdt reset
load 0x4010f000, len 1384, room 16 
tail 8
chksum 0x2d
csum 0x2d
v8b899c12
~ld


7.04
 0h00:00.286 1970/01/01T08:00:00z: SPIFFS Active
 0h00:03.960 2025/04/13T08:20:07z: a4:e5:7c:26:24:d4
 0h00:03.961 2025/04/13T08:20:07z: SSID: NothingButSunshine
1 BSEC warning code : 100

1 BSEC warning code : 100

1 BSEC warning code : 100

1 BSEC warning code : 100

1 BSEC warning code : 100

1 BSEC warning code : 100

1 BSEC warning code : 100

1 BSEC warning code : 100

1 BSEC warning code : 100

1 BSEC warning code : 100

 ets Jan  8 2013,rst cause:4, boot mode:(3,7)

wdt reset
load 0x4010f000, len 1384, room 16 
tail 8
chksum 0x2d
csum 0x2d
v8b899c12
~ld


7.04
 0h00:00.275 1970/01/01T08:00:00z: SPIFFS Active
 0h00:03.949 2025/04/13T08:39:51z: a4:e5:7c:26:24:d4
 0h00:03.950 2025/04/13T08:39:51z: SSID: NothingButSunshine
1 BSEC warning code : 100

1 BSEC warning code : 100

1 BSEC warning code : 100

1 BSEC warning code : 100

1 BSEC warning code : 100

1 BSEC warning code : 100

1 BSEC warning code : 100

1 BSEC warning code : 100

1 BSEC warning code : 100

1 BSEC warning code : 100

 ets Jan  8 2013,rst cause:4, boot mode:(3,7)

wdt reset
load 0x4010f000, len 1384, room 16 
tail 8
chksum 0x2d
csum 0x2d
v8b899c12
~ld


7.04
 0h00:00.282 1970/01/01T08:00:00z: SPIFFS Active
 0h00:03.956 2025/04/13T08:59:33z: a4:e5:7c:26:24:d4
 0h00:03.957 2025/04/13T08:59:33z: SSID: NothingButSunshine
1 BSEC warning code : 100

1 BSEC warning code : 100

1 BSEC warning code : 100

1 BSEC warning code : 100

1 BSEC warning code : 100

1 BSEC warning code : 100

1 BSEC warning code : 100

1 BSEC warning code : 100

1 BSEC warning code : 100

1 BSEC warning code : 100

 ets Jan  8 2013,rst cause:4, boot mode:(3,7)

wdt reset
load 0x4010f000, len 1384, room 16 
tail 8
chksum 0x2d
csum 0x2d
v8b899c12
~ld


7.04
 0h00:00.284 1970/01/01T08:00:00z: SPIFFS Active
 0h00:03.959 2025/04/13T09:19:16z: a4:e5:7c:26:24:d4
 0h00:03.960 2025/04/13T09:19:16z: SSID: NothingButSunshine
1 BSEC warning code : 100

1 BSEC warning code : 100

1 BSEC warning code : 100

1 BSEC warning code : 100

1 BSEC warning code : 100

1 BSEC warning code : 100

1 BSEC warning code : 100

1 BSEC warning code : 100

1 BSEC warning code : 100

1 BSEC warning code : 100

 ets Jan  8 2013,rst cause:4, boot mode:(3,7)

wdt reset
load 0x4010f000, len 1384, room 16 
tail 8
chksum 0x2d
csum 0x2d
v8b899c12
~ld


7.04
 0h00:00.271 1970/01/01T08:00:00z: SPIFFS Active
 0h00:03.945 2025/04/13T09:38:58z: a4:e5:7c:26:24:d4
 0h00:03.947 2025/04/13T09:38:58z: SSID: NothingButSunshine
1 BSEC warning code : 100

1 BSEC warning code : 100

1 BSEC warning code : 100

1 BSEC warning code : 100

1 BSEC warning code : 100

1 BSEC warning code : 100

1 BSEC warning code : 100

1 BSEC warning code : 100

1 BSEC warning code : 100

1 BSEC warning code : 100

 ets Jan  8 2013,rst cause:4, boot mode:(3,7)

wdt reset
load 0x4010f000, len 1384, room 16 
tail 8
chksum 0x2d
csum 0x2d
v8b899c12
~ld


7.04
 0h00:00.282 1970/01/01T08:00:00z: SPIFFS Active
 0h00:03.956 2025/04/13T09:58:40z: a4:e5:7c:26:24:d4
 0h00:03.958 2025/04/13T09:58:40z: SSID: NothingButSunshine
1 BSEC warning code : 100

1 BSEC warning code : 100

1 BSEC warning code : 100

1 BSEC warning code : 100

1 BSEC warning code : 100

1 BSEC warning code : 100

1 BSEC warning code : 100

1 BSEC warning code : 100

1 BSEC warning code : 100

1 BSEC warning code : 100

 ets Jan  8 2013,rst cause:4, boot mode:(3,7)

wdt reset
load 0x4010f000, len 1384, room 16 
tail 8
chksum 0x2d
csum 0x2d
v8b899c12
~ld


7.04
 0h00:00.283 1970/01/01T08:00:00z: SPIFFS Active
 0h00:03.957 2025/04/13T10:18:23z: a4:e5:7c:26:24:d4
 0h00:03.958 2025/04/13T10:18:23z: SSID: NothingButSunshine
1 BSEC warning code : 100

1 BSEC warning code : 100

1 BSEC warning code : 100

1 BSEC warning code : 100

1 BSEC warning code : 100

1 BSEC warning code : 100

1 BSEC warning code : 100

1 BSEC warning code : 100

1 BSEC warning code : 100

1 BSEC warning code : 100

 ets Jan  8 2013,rst cause:4, boot mode:(3,7)

wdt reset
load 0x4010f000, len 1384, room 16 
tail 8
chksum 0x2d
csum 0x2d
v8b899c12
~ld


7.04
 0h00:00.285 1970/01/01T08:00:00z: SPIFFS Active
 0h00:03.959 2025/04/13T10:38:05z: a4:e5:7c:26:24:d4
 0h00:03.960 2025/04/13T10:38:05z: SSID: NothingButSunshine
1 BSEC warning code : 100

1 BSEC warning code : 100

1 BSEC warning code : 100

1 BSEC warning code : 100

1 BSEC warning code : 100

1 BSEC warning code : 100

1 BSEC warning code : 100

1 BSEC warning code : 100

1 BSEC warning code : 100

1 BSEC warning code : 100

 ets Jan  8 2013,rst cause:4, boot mode:(3,7)

wdt reset
load 0x4010f000, len 1384, room 16 
tail 8
chksum 0x2d
csum 0x2d
v8b899c12
~ld


7.04
 0h00:00.283 1970/01/01T08:00:00z: SPIFFS Active
 0h00:03.958 2025/04/13T10:57:47z: a4:e5:7c:26:24:d4
 0h00:03.959 2025/04/13T10:57:47z: SSID: NothingButSunshine
1 BSEC warning code : 100

1 BSEC warning code : 100

1 BSEC warning code : 100

1 BSEC warning code : 100

1 BSEC warning code : 100

1 BSEC warning code : 100

1 BSEC warning code : 100

1 BSEC warning code : 100

1 BSEC warning code : 100

1 BSEC warning code : 100

 ets Jan  8 2013,rst cause:4, boot mode:(3,7)

wdt reset
load 0x4010f000, len 1384, room 16 
tail 8
chksum 0x2d
csum 0x2d
v8b899c12
~ld


7.04
 0h00:00.282 1970/01/01T08:00:00z: SPIFFS Active
 0h00:03.956 2025/04/13T11:17:30z: a4:e5:7c:26:24:d4
 0h00:03.957 2025/04/13T11:17:30z: SSID: NothingButSunshine
1 BSEC warning code : 100

1 BSEC warning code : 100

1 BSEC warning code : 100

1 BSEC warning code : 100

1 BSEC warning code : 100

1 BSEC warning code : 100

1 BSEC warning code : 100

1 BSEC warning code : 100

1 BSEC warning code : 100

1 BSEC warning code : 100

 ets Jan  8 2013,rst cause:4, boot mode:(3,7)

wdt reset
load 0x4010f000, len 1384, room 16 
tail 8
chksum 0x2d
csum 0x2d
v8b899c12
~ld


7.04
 0h00:00.283 1970/01/01T08:00:00z: SPIFFS Active
 0h00:03.957 2025/04/13T11:37:13z: a4:e5:7c:26:24:d4
 0h00:03.959 2025/04/13T11:37:13z: SSID: NothingButSunshine
1 BSEC warning code : 100

1 BSEC warning code : 100

1 BSEC warning code : 100

1 BSEC warning code : 100

1 BSEC warning code : 100

1 BSEC warning code : 100

1 BSEC warning code : 100

1 BSEC warning code : 100

1 BSEC warning code : 100

1 BSEC warning code : 100

 ets Jan  8 2013,rst cause:4, boot mode:(3,7)

wdt reset
load 0x4010f000, len 1384, room 16 
tail 8
chksum 0x2d
csum 0x2d
v8b899c12
~ld


7.04
 0h00:00.282 1970/01/01T08:00:00z: SPIFFS Active
 0h00:03.956 2025/04/13T11:56:56z: a4:e5:7c:26:24:d4
 0h00:03.958 2025/04/13T11:56:56z: SSID: NothingButSunshine
1 BSEC warning code : 100

1 BSEC warning code : 100

1 BSEC warning code : 100

1 BSEC warning code : 100

1 BSEC warning code : 100

1 BSEC warning code : 100

1 BSEC warning code : 100

1 BSEC warning code : 100

1 BSEC warning code : 100

1 BSEC warning code : 100

 ets Jan  8 2013,rst cause:4, boot mode:(3,7)

wdt reset
load 0x4010f000, len 1384, room 16 
tail 8
chksum 0x2d
csum 0x2d
v8b899c12
~ld


7.04
 0h00:00.283 1970/01/01T08:00:00z: SPIFFS Active
 0h00:03.958 2025/04/13T12:16:39z: a4:e5:7c:26:24:d4
 0h00:03.959 2025/04/13T12:16:39z: SSID: NothingButSunshine
1 BSEC warning code : 100

1 BSEC warning code : 100

1 BSEC warning code : 100

1 BSEC warning code : 100

1 BSEC warning code : 100

1 BSEC warning code : 100

1 BSEC warning code : 100

1 BSEC warning code : 100

1 BSEC warning code : 100

1 BSEC warning code : 100

 ets Jan  8 2013,rst cause:4, boot mode:(3,7)

wdt reset
load 0x4010f000, len 1384, room 16 
tail 8
chksum 0x2d
csum 0x2d
v8b899c12
~ld


7.04
 0h00:00.281 1970/01/01T08:00:00z: SPIFFS Active
 0h00:03.956 2025/04/13T12:36:22z: a4:e5:7c:26:24:d4
 0h00:03.957 2025/04/13T12:36:22z: SSID: NothingButSunshine
 0h00:12.646 2025/04/13T12:36:31z: PMSX003-A (1683ms)
 0h00:13.770 2025/04/13T12:36:32z: PMSX003-B (1122ms)
 0h00:13.771 2025/04/13T12:36:32z: 3.0+RV3028+BME68X+PMSX003-A+PMSX003-B
 0h00:14.787 2025/04/13T12:36:33z: p:1016.57 gasR:1626042.12 iaq:108.96(0) T:8.67(11.66) H:69.95(39.17) sIaq:245.49(0) Stabilization:1 Run in:0
 0h00:15.233 2025/04/13T12:36:34z: DATA A(2),47,69,37,1016.57,0.05,26352,0,15,1,2,3,1,2,3,8,8,414,115,8,3,2,2,245.49
 0h00:15.787 2025/04/13T12:36:34z: p:1016.66 gasR:1621215.12 iaq:108.96(0) T:9.27(14.87) H:67.53(39.89) sIaq:245.49(0) Stabilization:1 Run in:0
 0h00:16.068 2025/04/13T12:36:35z: DATA A(3),48,67,37,1016.66,0.05,26352,0,16,1,2,3,1,2,3,8,8,414,115,8,3,2,2,245.49
 0h00:16.787 2025/04/13T12:36:35z: p:1016.68 gasR:1626042.12 iaq:108.96(0) T:10.06(15.67) H:63.85(40.11) sIaq:245.49(0) Stabilization:1 Run in:0
 0h00:16.903 2025/04/13T12:36:35z: DATA A(4),50,63,38,1016.68,0.05,26352,0,16,1,2,3,1,2,3,8,8,414,115,8,3,2,2,245.49
 0h00:17.787 2025/04/13T12:36:36z: p:1016.70 gasR:1639711.75 iaq:108.96(0) T:10.40(16.00) H:62.06(40.09) sIaq:245.49(0) Stabilization:1 Run in:0
 0h00:17.807 2025/04/13T12:36:36z: DATA A(5),50,62,37,1016.70,0.05,26352,0,17,1,1,3,1,1,3,4,4,357,102,8,3,2,2,245.49
 0h00:18.642 2025/04/13T12:36:37z: DATA A(6),50,62,37,1016.70,0.05,26352,0,18,1,1,3,1,1,3,4,4,357,102,8,3,2,2,245.49
 0h00:18.787 2025/04/13T12:36:37z: p:1016.68 gasR:1647626.75 iaq:108.96(0) T:10.59(16.19) H:60.80(39.97) sIaq:245.49(0) Stabilization:1 Run in:0
 0h00:19.787 2025/04/13T12:36:38z: p:1016.69 gasR:1657628.50 iaq:108.96(0) T:10.73(16.33) H:59.79(39.82) sIaq:245.49(0) Stabilization:1 Run in:0
 0h00:20.609 2025/04/13T12:36:39z: DATA B(2),51,59,37,1016.69,0.05,26352,0,20,6278,6278,6278,4185,4185,4185,4313,2932,1194,168,18,0,0,0,245.49
 0h00:20.787 2025/04/13T12:36:39z: p:1016.70 gasR:1623142.50 iaq:108.96(0) T:10.84(16.44) H:58.96(39.65) sIaq:245.49(0) Stabilization:1 Run in:0
 0h00:21.515 2025/04/13T12:36:40z: DATA B(3),51,58,37,1016.70,0.05,26352,0,21,6278,6278,6278,4185,4185,4185,4313,2932,1140,156,15,0,0,0,245.49
 0h00:21.787 2025/04/13T12:36:40z: p:1016.70 gasR:1642671.00 iaq:108.96(0) T:10.93(16.53) H:58.19(39.46) sIaq:245.49(0) Stabilization:1 Run in:0
 0h00:22.351 2025/04/13T12:36:41z: DATA B(4),51,58,36,1016.70,0.05,26352,0,22,6278,6278,6278,4185,4185,4185,4313,2932,1140,156,15,0,0,0,245.49
 0h00:22.787 2025/04/13T12:36:41z: p:1016.68 gasR:1660652.75 iaq:108.96(0) T:11.01(16.61) H:57.57(39.30) sIaq:245.50(0) Stabilization:1 Run in:0
 0h00:23.187 2025/04/13T12:36:42z: DATA B(5),51,57,36,1016.68,0.05,26352,0,23,6278,6278,6278,4185,4185,4185,4313,2932,1140,156,15,0,0,0,245.50
 0h00:23.787 2025/04/13T12:36:42z: p:1016.67 gasR:1626042.12 iaq:108.96(0) T:11.07(16.67) H:57.09(39.18) sIaq:245.50(0) Stabilization:1 Run in:0
 0h00:24.787 2025/04/13T12:36:43z: p:1016.68 gasR:1635782.75 iaq:108.96(0) T:11.14(16.74) H:56.58(39.03) sIaq:245.50(0) Stabilization:1 Run in:0
 0h00:25.530 2025/04/13T12:36:44z: DATA A(7),52,56,37,1016.68,0.05,26352,0,25,1,1,3,1,1,3,4,4,342,96,7,2,2,2,245.50
 0h00:25.787 2025/04/13T12:36:44z: p:1016.68 gasR:1655618.38 iaq:108.96(0) T:11.19(16.79) H:56.18(38.91) sIaq:245.50(0) Stabilization:1 Run in:0
 0h00:26.365 2025/04/13T12:36:45z: DATA A(8),52,56,36,1016.68,0.05,26352,0,26,1,1,3,1,1,3,4,4,342,96,7,2,2,2,245.50
 0h00:26.787 2025/04/13T12:36:45z: p:1016.68 gasR:1641683.38 iaq:108.97(0) T:11.24(16.84) H:55.87(38.82) sIaq:245.51(0) Stabilization:1 Run in:0
 0h00:27.199 2025/04/13T12:36:46z: DATA A(9),52,55,36,1016.68,0.05,26352,0,27,1,1,3,1,1,3,4,4,342,96,7,2,2,2,245.51
 0h00:27.787 2025/04/13T12:36:46z: p:1016.68 gasR:1666734.50 iaq:108.97(0) T:11.28(16.88) H:55.57(38.70) sIaq:245.51(0) Stabilization:1 Run in:0
 0h00:28.104 2025/04/13T12:36:47z: DATA A(10),52,55,36,1016.68,0.05,26352,0,28,1,2,3,1,2,3,8,8,360,102,9,3,2,2,245.51
 0h00:28.787 2025/04/13T12:36:47z: p:1016.68 gasR:1659643.38 iaq:108.97(0) T:11.32(16.92) H:55.28(38.60) sIaq:245.51(0) Stabilization:1 Run in:0
 0h00:28.939 2025/04/13T12:36:47z: DATA A(11),52,55,36,1016.68,0.05,26352,0,28,1,2,3,1,2,3,8,8,360,102,9,3,2,2,245.51
 0h00:29.787 2025/04/13T12:36:48z: p:1016.70 gasR:1671836.75 iaq:108.97(0) T:11.37(16.97) H:55.01(38.51) sIaq:245.52(0) Stabilization:1 Run in:0
 0h00:30.083 2025/04/13T12:36:49z: DATA B(6),52,55,36,1016.70,0.05,26352,0,30,6293,6293,6293,4195,4195,4195,4323,2939,954,132,20,4,4,0,245.52
 0h00:30.787 2025/04/13T12:36:49z: p:1016.69 gasR:1663688.00 iaq:108.97(0) T:11.40(17.00) H:54.83(38.44) sIaq:245.52(0) Stabilization:1 Run in:0
 0h00:30.919 2025/04/13T12:36:49z: DATA B(7),52,54,36,1016.69,0.05,26352,0,30,6293,6293,6293,4195,4195,4195,4323,2939,954,132,20,4,4,0,245.52
 0h00:31.787 2025/04/13T12:36:50z: p:1016.68 gasR:1658635.38 iaq:108.97(0) T:11.43(17.03) H:54.66(38.36) sIaq:245.53(0) Stabilization:1 Run in:0
 0h00:31.825 2025/04/13T12:36:50z: DATA B(8),52,54,36,1016.68,0.05,26352,0,31,6293,6293,6293,4195,4195,4195,4323,2939,918,134,18,4,4,0,245.53
 0h00:32.661 2025/04/13T12:36:51z: DATA B(9),52,54,36,1016.68,0.05,26352,0,32,6293,6293,6293,4195,4195,4195,4323,2939,918,134,18,4,4,0,245.53
 0h00:32.787 2025/04/13T12:36:51z: p:1016.69 gasR:1675941.12 iaq:108.97(0) T:11.47(17.07) H:54.48(38.31) sIaq:245.53(0) Stabilization:1 Run in:0
 0h00:33.496 2025/04/13T12:36:52z: DATA B(10),52,54,36,1016.69,0.05,26352,0,33,6293,6293,6293,4195,4195,4195,4323,2939,918,134,18,4,4,0,245.53
 0h00:33.787 2025/04/13T12:36:52z: p:1016.71 gasR:1650614.50 iaq:108.97(0) T:11.50(17.10) H:54.35(38.25) sIaq:245.53(0) Stabilization:1 Run in:0
 0h00:34.787 2025/04/13T12:36:53z: p:1016.68 gasR:1659643.38 iaq:108.98(0) T:11.51(17.11) H:54.25(38.19) sIaq:245.54(0) Stabilization:1 Run in:0
 0h00:35.787 2025/04/13T12:36:54z: p:1016.68 gasR:1668771.62 iaq:108.98(0) T:11.54(17.14) H:54.11(38.12) sIaq:245.54(0) Stabilization:1 Run in:0
 0h00:35.826 2025/04/13T12:36:54z: DATA A(12),52,54,35,1016.68,0.05,26352,0,35,1,2,2,1,2,2,8,8,378,96,9,2,1,0,245.54
 0h00:36.661 2025/04/13T12:36:55z: DATA A(13),52,54,35,1016.68,0.05,26352,0,36,1,2,2,1,2,2,8,8,378,96,9,2,1,0,245.54
 0h00:36.787 2025/04/13T12:36:55z: p:1016.68 gasR:1663688.00 iaq:108.98(0) T:11.55(17.15) H:54.03(38.06) sIaq:245.55(0) Stabilization:1 Run in:0
 0h00:37.495 2025/04/13T12:36:56z: DATA A(14),52,54,35,1016.68,0.05,26352,0,37,1,2,2,1,2,2,8,8,378,96,9,2,1,0,245.55
 0h00:37.787 2025/04/13T12:36:56z: p:1016.70 gasR:1671836.75 iaq:108.98(0) T:11.58(17.18) H:53.90(38.00) sIaq:245.55(0) Stabilization:1 Run in:0
 0h00:38.401 2025/04/13T12:36:57z: DATA A(15),52,53,35,1016.70,0.05,26352,0,38,1,2,3,1,2,3,8,8,423,107,10,2,1,0,245.55
 0h00:38.787 2025/04/13T12:36:57z: p:1016.69 gasR:1655618.38 iaq:108.98(0) T:11.61(17.21) H:53.77(37.94) sIaq:245.56(0) Stabilization:1 Run in:0
 0h00:39.235 2025/04/13T12:36:58z: DATA A(16),52,53,35,1016.69,0.05,26352,0,39,1,2,3,1,2,3,8,8,423,107,10,2,1,0,245.56
 0h00:39.787 2025/04/13T12:36:58z: p:1016.67 gasR:1660652.75 iaq:108.98(0) T:11.64(17.24) H:53.68(37.91) sIaq:245.57(0) Stabilization:1 Run in:0
 0h00:40.393 2025/04/13T12:36:59z: DATA B(11),52,53,35,1016.67,0.05,26352,0,40,6293,6293,6293,4195,4195,4195,4323,2939,1026,162,22,5,4,0,245.57
 0h00:40.786 2025/04/13T12:36:59z: p:1016.69 gasR:1664702.25 iaq:108.99(0) T:11.66(17.26) H:53.63(37.87) sIaq:245.57(0) Stabilization:1 Run in:0
 0h00:41.229 2025/04/13T12:37:00z: DATA B(12),52,53,35,1016.69,0.05,26352,0,41,6293,6293,6293,4195,4195,4195,4323,2939,1026,162,22,5,4,0,245.57
 0h00:41.787 2025/04/13T12:37:00z: p:1016.68 gasR:1667752.50 iaq:108.99(0) T:11.68(17.28) H:53.55(37.82) sIaq:245.58(0) Stabilization:1 Run in:0
 0h00:42.135 2025/04/13T12:37:01z: DATA B(13),53,53,36,1016.68,0.05,26352,0,42,6293,6293,6293,4195,4195,4195,4323,2939,996,152,18,5,4,0,245.58
 0h00:42.787 2025/04/13T12:37:01z: p:1016.66 gasR:1683172.38 iaq:108.99(0) T:11.68(17.29) H:53.53(37.78) sIaq:245.58(0) Stabilization:1 Run in:0
 0h00:42.971 2025/04/13T12:37:01z: DATA B(14),53,53,36,1016.66,0.05,26352,0,42,6293,6293,6293,4195,4195,4195,4323,2939,996,152,18,5,4,0,245.58
 0h00:43.787 2025/04/13T12:37:02z: p:1016.66 gasR:1670813.75 iaq:108.99(0) T:11.70(17.30) H:53.48(37.74) sIaq:245.59(0) Stabilization:1 Run in:0
 0h00:43.806 2025/04/13T12:37:02z: DATA B(15),53,53,36,1016.66,0.05,26352,0,43,6293,6293,6293,4195,4195,4195,4323,2939,996,152,18,5,4,0,245.59
 0h00:44.787 2025/04/13T12:37:03z: p:1016.66 gasR:1671836.75 iaq:108.99(0) T:11.70(17.30) H:53.48(37.70) sIaq:245.60(0) Stabilization:1 Run in:0
 0h00:45.787 2025/04/13T12:37:04z: p:1016.68 gasR:1666734.50 iaq:108.99(0) T:11.72(17.32) H:53.43(37.68) sIaq:245.60(0) Stabilization:1 Run in:0
 0h00:46.123 2025/04/13T12:37:05z: DATA A(17),53,53,36,1016.68,0.05,26352,0,46,2,2,4,2,2,4,8,8,453,121,11,3,2,1,245.60
 0h00:46.787 2025/04/13T12:37:05z: p:1016.69 gasR:1668771.62 iaq:109.00(0) T:11.73(17.33) H:53.38(37.63) sIaq:245.61(0) Stabilization:1 Run in:0
 0h00:46.957 2025/04/13T12:37:05z: DATA A(18),53,53,36,1016.69,0.05,26352,0,46,2,2,4,2,2,4,8,8,453,121,11,3,2,1,245.61
 0h00:47.787 2025/04/13T12:37:06z: p:1016.68 gasR:1658635.38 iaq:109.00(0) T:11.74(17.34) H:53.34(37.59) sIaq:245.62(0) Stabilization:1 Run in:0
 0h00:47.805 2025/04/13T12:37:06z: DATA A(19),53,53,36,1016.68,0.05,26352,0,47,2,2,4,2,2,4,8,8,453,121,11,3,2,1,245.62
 0h00:48.697 2025/04/13T12:37:07z: DATA A(20),53,53,36,1016.68,0.05,26352,0,48,1,2,3,1,2,3,8,8,429,113,10,3,2,1,245.62
 0h00:48.787 2025/04/13T12:37:07z: p:1016.68 gasR:1663688.00 iaq:109.00(0) T:11.75(17.35) H:53.29(37.55) sIaq:245.63(0) Stabilization:1 Run in:0
 0h00:49.532 2025/04/13T12:37:08z: DATA A(21),53,53,36,1016.68,0.05,26352,0,49,1,2,3,1,2,3,8,8,429,113,10,3,2,1,245.63
 0h00:49.787 2025/04/13T12:37:08z: p:1016.70 gasR:1663688.00 iaq:109.00(0) T:11.76(17.36) H:53.24(37.51) sIaq:245.64(0) Stabilization:1 Run in:0
 0h00:50.704 2025/04/13T12:37:09z: DATA B(16),53,53,36,1016.70,0.05,26352,0,50,6293,6293,6293,4195,4195,4195,4323,2939,1038,158,15,2,1,0,245.64
 0h00:50.787 2025/04/13T12:37:09z: p:1016.70 gasR:1672860.88 iaq:109.01(0) T:11.77(17.37) H:53.21(37.47) sIaq:245.64(0) Stabilization:1 Run in:0
 0h00:51.539 2025/04/13T12:37:10z: DATA B(17),53,53,36,1016.70,0.05,26352,0,51,6293,6293,6293,4195,4195,4195,4323,2939,1038,158,15,2,1,0,245.64
 0h00:51.787 2025/04/13T12:37:10z: p:1016.67 gasR:1675941.12 iaq:109.01(0) T:11.77(17.37) H:53.21(37.44) sIaq:245.65(0) Stabilization:1 Run in:0
 0h00:52.445 2025/04/13T12:37:11z: DATA B(18),53,53,36,1016.67,0.05,26352,0,52,6293,6293,6293,4195,4195,4195,4323,2939,990,158,10,1,0,0,245.65
 0h00:52.786 2025/04/13T12:37:11z: p:1016.68 gasR:1661663.25 iaq:109.01(0) T:11.77(17.37) H:53.17(37.39) sIaq:245.66(0) Stabilization:1 Run in:0
 0h00:53.281 2025/04/13T12:37:12z: DATA B(19),53,53,36,1016.68,0.05,26352,0,53,6293,6293,6293,4195,4195,4195,4323,2939,990,158,10,1,0,0,245.66
 0h00:53.787 2025/04/13T12:37:12z: p:1016.67 gasR:1661663.25 iaq:109.01(0) T:11.78(17.38) H:53.12(37.35) sIaq:245.67(0) Stabilization:1 Run in:0
 0h00:54.117 2025/04/13T12:37:13z: DATA B(20),53,53,36,1016.67,0.05,26352,0,54,6278,6278,6278,4185,4185,4185,4313,2932,990,158,10,1,0,0,245.67
 0h00:54.787 2025/04/13T12:37:13z: p:1016.68 gasR:1673886.38 iaq:109.02(0) T:11.79(17.40) H:53.07(37.32) sIaq:245.68(0) Stabilization:1 Run in:0
 0h00:55.787 2025/04/13T12:37:14z: p:1016.69 gasR:1672860.88 iaq:109.02(0) T:11.80(17.41) H:53.04(37.30) sIaq:245.69(0) Stabilization:1 Run in:0
 0h00:56.419 2025/04/13T12:37:15z: DATA A(22),53,53,36,1016.69,0.05,26352,0,56,1,1,3,1,1,3,4,4,417,119,6,2,2,1,245.69
 0h00:56.787 2025/04/13T12:37:15z: p:1016.70 gasR:1684210.50 iaq:109.02(0) T:11.82(17.43) H:52.96(37.26) sIaq:245.69(0) Stabilization:1 Run in:0
 0h00:57.254 2025/04/13T12:37:16z: DATA A(23),53,52,36,1016.70,0.05,26352,0,57,1,1,3,1,1,3,4,4,417,119,6,2,2,1,245.69
 0h00:57.787 2025/04/13T12:37:16z: p:1016.70 gasR:1685250.00 iaq:109.02(0) T:11.84(17.44) H:52.93(37.25) sIaq:245.70(0) Stabilization:1 Run in:0
 0h00:58.089 2025/04/13T12:37:17z: DATA A(24),53,52,36,1016.70,0.05,26352,0,58,1,1,3,1,1,3,4,4,417,119,6,2,2,1,245.70
 0h00:58.787 2025/04/13T12:37:17z: p:1016.69 gasR:1666734.50 iaq:109.03(0) T:11.85(17.45) H:52.88(37.21) sIaq:245.71(0) Stabilization:1 Run in:0
 0h00:58.994 2025/04/13T12:37:17z: DATA A(25),53,52,36,1016.69,0.05,26352,0,58,2,2,3,2,2,3,8,8,429,123,9,2,2,1,245.71
 0h00:59.787 2025/04/13T12:37:18z: p:1016.71 gasR:1671836.75 iaq:109.03(0) T:11.87(17.47) H:52.85(37.21) sIaq:245.72(0) Stabilization:1 Run in:0
 0h01:00.787 2025/04/13T12:37:19z: p:1016.70 gasR:1676970.38 iaq:109.03(0) T:11.88(17.48) H:52.82(37.18) sIaq:245.73(0) Stabilization:1 Run in:0
 0h01:01.014 2025/04/13T12:37:19z: DATA B(21),53,52,36,1016.70,0.05,26352,0,61,6293,6293,6293,4195,4195,4195,4323,2939,1032,170,13,1,0,0,245.73
 0h01:01.787 2025/04/13T12:37:20z: p:1016.69 gasR:1672860.88 iaq:109.03(0) T:11.89(17.49) H:52.85(37.19) sIaq:245.74(0) Stabilization:1 Run in:0
 0h01:01.849 2025/04/13T12:37:20z: DATA B(22),53,52,36,1016.69,0.05,26352,0,61,6293,6293,6293,4195,4195,4195,4323,2939,1032,170,13,1,0,0,245.74
 0h01:02.756 2025/04/13T12:37:21z: DATA B(23),53,52,36,1016.69,0.05,26352,0,62,6278,6278,6278,4185,4185,4185,4313,2932,1074,182,13,0,0,0,245.74
 0h01:02.788 2025/04/13T12:37:21z: p:1016.71 gasR:1664702.25 iaq:109.04(0) T:11.92(17.51) H:52.80(37.19) sIaq:245.75(0) Stabilization:1 Run in:0
 0h01:03.592 2025/04/13T12:37:22z: DATA B(24),53,52,36,1016.71,0.05,26352,0,63,6278,6278,6278,4185,4185,4185,4313,2932,1074,182,13,0,0,0,245.75
 0h01:03.787 2025/04/13T12:37:22z: p:1016.71 gasR:1671836.75 iaq:109.04(0) T:11.90(17.50) H:52.89(37.19) sIaq:245.76(0) Stabilization:1 Run in:0
 0h01:04.427 2025/04/13T12:37:23z: DATA B(25),53,52,36,1016.71,0.05,26352,0,64,6278,6278,6278,4185,4185,4185,4313,2932,1074,182,13,0,0,0,245.76
 0h01:04.788 2025/04/13T12:37:23z: p:1016.69 gasR:1681100.00 iaq:109.04(0) T:11.92(17.52) H:52.88(37.19) sIaq:245.77(0) Stabilization:1 Run in:0
 0h01:05.788 2025/04/13T12:37:24z: p:1016.70 gasR:1672860.88 iaq:109.05(0) T:11.93(17.53) H:52.85(37.17) sIaq:245.78(0) Stabilization:1 Run in:0
 0h01:05.811 2025/04/13T12:37:24z: DATA A(26),53,52,36,1016.70,0.05,26352,0,65,2,2,4,2,2,4,8,8,447,135,18,3,3,2,245.78
 0h01:06.716 2025/04/13T12:37:25z: DATA A(27),53,52,36,1016.70,0.05,26352,0,66,2,2,4,2,2,4,8,8,429,133,18,3,3,2,245.78
 0h01:06.788 2025/04/13T12:37:25z: p:1016.68 gasR:1672860.88 iaq:109.05(0) T:11.93(17.53) H:52.87(37.16) sIaq:245.79(0) Stabilization:1 Run in:0
 0h01:07.551 2025/04/13T12:37:26z: DATA A(28),53,52,36,1016.68,0.05,26352,0,67,2,2,4,2,2,4,8,8,429,133,18,3,3,2,245.79
 0h01:07.788 2025/04/13T12:37:26z: p:1016.71 gasR:1671836.75 iaq:109.05(0) T:11.95(17.55) H:52.85(37.16) sIaq:245.80(0) Stabilization:1 Run in:0
 0h01:08.386 2025/04/13T12:37:27z: DATA A(29),53,52,36,1016.71,0.05,26040,0,68,2,2,4,2,2,4,8,8,429,133,18,3,3,2,245.80
 0h01:08.788 2025/04/13T12:37:27z: p:1016.71 gasR:1673886.38 iaq:109.06(0) T:11.94(17.54) H:52.89(37.15) sIaq:245.81(0) Stabilization:1 Run in:0
 0h01:09.291 2025/04/13T12:37:28z: DATA A(30),53,52,36,1016.71,0.05,26352,0,69,2,2,4,2,2,4,8,8,432,134,15,2,2,1,245.81
 0h01:09.788 2025/04/13T12:37:28z: p:1016.68 gasR:1657628.50 iaq:109.06(0) T:11.94(17.54) H:52.90(37.13) sIaq:245.83(0) Stabilization:1 Run in:0
 0h01:10.788 2025/04/13T12:37:29z: p:1016.71 gasR:1663688.00 iaq:109.07(0) T:11.95(17.55) H:52.86(37.11) sIaq:245.85(0) Stabilization:1 Run in:0
 0h01:11.325 2025/04/13T12:37:30z: DATA B(26),53,52,36,1016.71,0.05,26352,0,71,6293,6293,6293,4195,4195,4195,4323,2939,1014,158,9,2,1,1,245.85
 0h01:11.788 2025/04/13T12:37:30z: p:1016.70 gasR:1683172.38 iaq:109.07(0) T:11.95(17.55) H:52.91(37.12) sIaq:245.85(0) Stabilization:1 Run in:0
 0h01:12.160 2025/04/13T12:37:31z: DATA B(27),53,52,36,1016.70,0.05,26352,0,72,6278,6278,6278,4185,4185,4185,4313,2932,1014,158,9,2,1,1,245.85
 0h01:12.788 2025/04/13T12:37:31z: p:1016.70 gasR:1659643.38 iaq:109.07(0) T:11.96(17.56) H:52.91(37.13) sIaq:245.87(0) Stabilization:1 Run in:0
 0h01:13.067 2025/04/13T12:37:32z: DATA B(28),53,52,36,1016.70,0.05,26352,0,73,6278,6278,6278,4185,4185,4185,4313,2932,984,158,9,2,1,1,245.87
 0h01:13.788 2025/04/13T12:37:32z: p:1016.69 gasR:1672860.88 iaq:109.08(0) T:11.96(17.57) H:52.89(37.10) sIaq:245.88(0) Stabilization:1 Run in:0
 0h01:13.902 2025/04/13T12:37:32z: DATA B(29),53,52,36,1016.69,0.05,26352,0,73,6278,6278,6278,4185,4185,4185,4313,2932,984,158,9,2,1,1,245.88
 0h01:14.738 2025/04/13T12:37:33z: DATA B(30),53,52,36,1016.69,0.05,26352,0,74,6278,6278,6278,4185,4185,4185,4313,2932,984,158,9,2,1,1,245.88
 0h01:14.787 2025/04/13T12:37:33z: p:1016.71 gasR:1660652.75 iaq:109.08(0) T:11.97(17.57) H:52.90(37.10) sIaq:245.90(0) Stabilization:1 Run in:0
 0h01:15.787 2025/04/13T12:37:34z: p:1016.68 gasR:1660652.75 iaq:109.09(0) T:11.96(17.56) H:52.95(37.09) sIaq:245.92(0) Stabilization:1 Run in:0
 0h01:16.108 2025/04/13T12:37:35z: DATA A(31),53,52,36,1016.68,0.05,26352,0,76,2,3,4,2,3,4,13,13,456,138,17,3,2,1,245.92
 0h01:16.788 2025/04/13T12:37:35z: p:1016.71 gasR:1658635.38 iaq:109.10(0) T:11.95(17.55) H:52.98(37.08) sIaq:245.94(0) Stabilization:1 Run in:0
 0h01:17.013 2025/04/13T12:37:35z: DATA A(32),53,52,36,1016.71,0.05,26352,0,77,2,3,4,2,3,4,13,13,459,138,17,3,2,1,245.94
 0h01:17.788 2025/04/13T12:37:36z: p:1016.71 gasR:1669792.12 iaq:109.10(0) T:11.95(17.55) H:52.97(37.07) sIaq:245.95(0) Stabilization:1 Run in:0
 0h01:17.848 2025/04/13T12:37:36z: DATA A(33),53,52,36,1016.71,0.05,26352,0,77,2,3,4,2,3,4,13,13,459,138,17,3,2,1,245.95
 0h01:18.682 2025/04/13T12:37:37z: DATA A(34),53,52,36,1016.71,0.05,26352,0,78,2,3,4,2,3,4,13,13,459,138,17,3,2,1,245.95
 0h01:18.788 2025/04/13T12:37:37z: p:1016.69 gasR:1656622.88 iaq:109.11(0) T:11.95(17.55) H:53.00(37.08) sIaq:245.97(0) Stabilization:1 Run in:0
 0h01:19.587 2025/04/13T12:37:38z: DATA A(35),53,53,36,1016.69,0.05,26352,0,79,2,3,5,2,3,5,13,13,459,138,20,6,3,2,245.97
 0h01:19.788 2025/04/13T12:37:38z: p:1016.71 gasR:1656622.88 iaq:109.11(0) T:11.96(17.56) H:52.96(37.06) sIaq:245.99(0) Stabilization:1 Run in:0
 0h01:20.788 2025/04/13T12:37:39z: p:1016.70 gasR:1661663.25 iaq:109.12(0) T:11.96(17.57) H:52.94(37.04) sIaq:246.01(0) Stabilization:1 Run in:0
 0h01:21.635 2025/04/13T12:37:40z: DATA B(31),53,52,36,1016.70,0.05,26352,0,81,6278,6278,6278,4185,4185,4185,4313,2932,972,164,14,3,1,1,246.01
 0h01:21.788 2025/04/13T12:37:40z: p:1016.68 gasR:1659643.38 iaq:109.12(0) T:11.97(17.57) H:52.94(37.04) sIaq:246.03(0) Stabilization:1 Run in:0
 0h01:22.471 2025/04/13T12:37:41z: DATA B(32),53,52,36,1016.68,0.05,26352,0,82,6278,6278,6278,4185,4185,4185,4313,2932,972,164,14,3,1,1,246.03
 0h01:22.788 2025/04/13T12:37:41z: p:1016.71 gasR:1658635.38 iaq:109.13(0) T:11.98(17.58) H:52.88(37.01) sIaq:246.05(0) Stabilization:1 Run in:0
 0h01:23.377 2025/04/13T12:37:42z: DATA B(33),53,52,36,1016.71,0.05,26352,0,83,6278,6278,6278,4185,4185,4185,4313,2932,912,154,14,3,1,1,246.05
 0h01:23.788 2025/04/13T12:37:42z: p:1016.70 gasR:1659643.38 iaq:109.14(0) T:11.98(17.58) H:52.90(37.02) sIaq:246.07(0) Stabilization:1 Run in:0
 0h01:24.212 2025/04/13T12:37:43z: DATA B(34),53,52,36,1016.70,0.05,26352,0,84,6278,6278,6278,4185,4185,4185,4313,2932,912,154,14,3,1,1,246.07
 0h01:24.788 2025/04/13T12:37:43z: p:1016.71 gasR:1649617.38 iaq:109.14(0) T:11.99(17.59) H:52.88(37.01) sIaq:246.10(0) Stabilization:1 Run in:0
 0h01:25.048 2025/04/13T12:37:43z: DATA B(35),53,52,36,1016.71,0.05,26352,0,85,6278,6278,6278,4185,4185,4185,4313,2932,912,154,14,3,1,1,246.10
 0h01:25.788 2025/04/13T12:37:44z: p:1016.71 gasR:1667752.50 iaq:109.15(0) T:12.00(17.60) H:52.83(36.99) sIaq:246.11(0) Stabilization:1 Run in:0
 0h01:26.405 2025/04/13T12:37:45z: DATA A(36),53,52,36,1016.71,0.05,26352,0,86,2,3,6,2,3,6,13,13,477,138,19,6,3,3,246.11
 0h01:26.788 2025/04/13T12:37:45z: p:1016.71 gasR:1668771.62 iaq:109.15(0) T:12.00(17.60) H:52.83(36.98) sIaq:246.12(0) Stabilization:1 Run in:0
 0h01:27.310 2025/04/13T12:37:46z: DATA A(37),53,52,36,1016.71,0.05,26352,0,87,2,3,5,2,3,5,13,13,504,146,15,5,2,2,246.12
 0h01:27.788 2025/04/13T12:37:46z: p:1016.69 gasR:1663688.00 iaq:109.16(0) T:12.00(17.61) H:52.85(36.99) sIaq:246.14(0) Stabilization:1 Run in:0
 0h01:28.145 2025/04/13T12:37:47z: DATA A(38),53,52,36,1016.69,0.05,26352,0,88,2,3,5,2,3,5,13,13,504,146,15,5,2,2,246.14
 0h01:28.787 2025/04/13T12:37:47z: p:1016.71 gasR:1671836.75 iaq:109.16(0) T:12.01(17.62) H:52.81(36.97) sIaq:246.15(0) Stabilization:1 Run in:0
 0h01:28.979 2025/04/13T12:37:47z: DATA A(39),53,52,36,1016.71,0.05,26352,0,88,2,3,5,2,3,5,13,13,504,146,15,5,2,2,246.15
 0h01:29.787 2025/04/13T12:37:48z: p:1016.70 gasR:1652612.50 iaq:109.17(0) T:12.02(17.62) H:52.79(36.95) sIaq:246.18(0) Stabilization:1 Run in:0
 0h01:29.884 2025/04/13T12:37:48z: DATA A(40),53,52,36,1016.70,0.05,26352,0,89,2,3,4,2,3,4,13,13,447,125,13,5,2,2,246.18
 0h01:30.788 2025/04/13T12:37:49z: p:1016.71 gasR:1676970.38 iaq:109.17(0) T:12.02(17.62) H:52.78(36.94) sIaq:246.18(0) Stabilization:1 Run in:0
 0h01:31.788 2025/04/13T12:37:50z: p:1016.72 gasR:1667752.50 iaq:109.17(0) T:12.02(17.62) H:52.79(36.94) sIaq:246.20(0) Stabilization:1 Run in:0
 0h01:31.945 2025/04/13T12:37:50z: DATA B(36),53,52,36,1016.72,0.05,26352,0,91,6278,6278,6278,4185,4185,4185,4313,2932,1050,162,12,3,1,1,246.20
 0h01:32.781 2025/04/13T12:37:51z: DATA B(37),53,52,36,1016.72,0.05,26352,0,92,6293,6293,6293,4195,4195,4195,4323,2939,1050,162,12,3,1,1,246.20
 0h01:32.802 2025/04/13T12:37:51z: p:1016.71 gasR:1656622.88 iaq:109.18(0) T:12.12(17.62) H:52.43(36.92) sIaq:246.23(0) Stabilization:1 Run in:0
 0h01:33.687 2025/04/13T12:37:52z: DATA B(38),53,52,36,1016.71,0.05,26352,0,93,6293,6293,6293,4195,4195,4195,4323,2939,996,156,11,2,1,1,246.23
 0h01:33.801 2025/04/13T12:37:52z: p:1016.73 gasR:1650614.50 iaq:109.19(0) T:11.95(17.56) H:52.96(36.89) sIaq:246.26(0) Stabilization:1 Run in:0
 0h01:34.523 2025/04/13T12:37:53z: DATA B(39),53,52,36,1016.73,0.05,26352,0,94,6293,6293,6293,4195,4195,4195,4323,2939,996,156,11,2,1,1,246.26
 0h01:34.802 2025/04/13T12:37:53z: p:1016.68 gasR:1642671.00 iaq:109.20(0) T:12.01(17.62) H:52.74(36.87) sIaq:246.30(0) Stabilization:1 Run in:0
 0h01:35.358 2025/04/13T12:37:54z: DATA B(40),53,52,36,1016.68,0.05,26352,0,95,6293,6293,6293,4195,4195,4195,4323,2939,996,156,11,2,1,1,246.30
 0h01:35.802 2025/04/13T12:37:54z: p:1016.69 gasR:1658635.38 iaq:109.21(0) T:12.03(17.63) H:52.74(36.90) sIaq:246.32(0) Stabilization:1 Run in:0
 0h01:36.702 2025/04/13T12:37:55z: DATA A(41),53,52,36,1016.69,0.05,26352,0,96,2,3,4,2,3,4,13,13,465,125,13,5,2,2,246.32
 0h01:36.801 2025/04/13T12:37:55z: p:1016.69 gasR:1652612.50 iaq:109.22(0) T:12.03(17.64) H:52.71(36.88) sIaq:246.35(0) Stabilization:1 Run in:0
 0h01:37.607 2025/04/13T12:37:56z: DATA A(42),53,52,36,1016.69,0.05,26352,0,97,2,3,4,2,3,4,13,13,453,125,13,4,2,2,246.35
 0h01:37.801 2025/04/13T12:37:56z: p:1016.68 gasR:1667752.50 iaq:109.22(0) T:12.03(17.63) H:52.73(36.88) sIaq:246.36(0) Stabilization:1 Run in:0
 0h01:38.441 2025/04/13T12:37:57z: DATA A(43),53,52,36,1016.68,0.05,26352,0,98,2,3,4,2,3,4,13,13,453,125,13,4,2,2,246.36
 0h01:38.802 2025/04/13T12:37:57z: p:1016.71 gasR:1655618.38 iaq:109.23(0) T:12.03(17.64) H:52.71(36.86) sIaq:246.38(0) Stabilization:1 Run in:0
 0h01:39.276 2025/04/13T12:37:58z: DATA A(44),53,52,36,1016.71,0.05,26352,0,99,2,3,4,2,3,4,13,13,453,125,13,4,2,2,246.38
 0h01:39.802 2025/04/13T12:37:58z: p:1016.70 gasR:1653613.25 iaq:109.24(0) T:12.04(17.64) H:52.68(36.84) sIaq:246.41(0) Stabilization:1 Run in:0
 0h01:40.181 2025/04/13T12:37:59z: DATA A(45),53,52,36,1016.70,0.05,26040,0,100,2,3,4,2,3,4,13,13,459,125,13,4,2,2,246.41
 0h01:40.801 2025/04/13T12:37:59z: p:1016.69 gasR:1657628.50 iaq:109.25(0) T:12.04(17.64) H:52.67(36.82) sIaq:246.44(0) Stabilization:1 Run in:0
 0h01:41.802 2025/04/13T12:38:00z: p:1016.67 gasR:1657628.50 iaq:109.25(0) T:12.03(17.64) H:52.71(36.83) sIaq:246.46(0) Stabilization:1 Run in:0
 0h01:42.255 2025/04/13T12:38:01z: DATA B(41),53,52,36,1016.67,0.05,26352,0,102,6293,6293,6293,4195,4195,4195,4323,2939,1008,160,10,2,1,1,246.46
 0h01:42.801 2025/04/13T12:38:01z: p:1016.69 gasR:1657628.50 iaq:109.26(0) T:12.04(17.65) H:52.69(36.83) sIaq:246.48(0) Stabilization:1 Run in:0
 0h01:43.091 2025/04/13T12:38:02z: DATA B(42),53,52,36,1016.69,0.05,26352,0,103,6293,6293,6293,4195,4195,4195,4323,2939,1008,160,10,2,1,1,246.48
{"SensorId":"a4:e5:7c:26:24:d4","DateTime":"2025/04/13T12:38:02z","Geo":"PurpleAir-24d4","Mem":26352,"memfrag":2,"memfb":25968,"memcs":800,"Id":1,"lat":0.000000,"lon":0.000000,"Adc":"nan","loggingrate":15,"place":"outside","version":"7.04","uptime":103,"rssi":0,"period":103,"httpsuccess":0,"httpsends":0,"hardwareversion":"3.0","hardwarediscovered":"3.0+RV3028+BME68X+PMSX003-A+PMSX003-B","current_temp_f":53,"current_humidity":52,"current_dewpoint_f":36,"pressure":1016.69,"current_temp_f_680":53,"current_humidity_680":52,"current_dewpoint_f_680":36,"pressure_680":1016.69,"gas_680":"nan","p25aqic_b":"rgb(126,0,35)","pm2.5_aqi_b":2936,"pm1_0_cf_1_b":6286.21,"p_0_3_um_b":1012.43,"pm2_5_cf_1_b":6286.21,"p_0_5_um_b":157.19,"pm10_0_cf_1_b":6286.21,"p_1_0_um_b":14.00,"pm1_0_atm_b":4190.48,"p_2_5_um_b":2.26,"pm2_5_atm_b":4190.48,"p_5_0_um_b":1.40,"pm10_0_atm_b":4190.48,"p_10_0_um_b":0.40,"p25aqic":"rgb(1,228,0)","pm2.5_aqi":9,"pm1_0_cf_1":1.53,"p_0_3_um":425.33,"pm2_5_cf_1":2.16,"p_0_5_um":120.16,"pm10_0_cf_1":3.58,"p_1_0_um":11.84,"pm1_0_atm":1.53,"p_2_5_um":3.18,"pm2_5_atm":2.16,"p_5_0_um":2.02,"pm10_0_atm":3.58,"p_10_0_um":1.49,"wlstate":"No SSID","status_0":0,"status_1":0,"status_2":0,"status_3":0,"status_4":2,"status_5":2,"status_7":0,"status_8":2,"status_9":2}
 0h01:43.912 2025/04/13T12:38:02z: update.purpleair.com:80/firmware/2mb/update.asp
 0h01:43.919 2025/04/13T12:38:02z: Error: -1
1 BSEC warning code : 100

UTCDateTime,mac_address,firmware_ver,hardware,current_temp_f,current_humidity,current_dewpoint_f,pressure,adc,mem,rssi,uptime,pm1_0_cf_1,pm2_5_cf_1,pm10_0_cf_1,pm1_0_atm,pm2_5_atm,pm10_0_atm,pm2.5_aqi_cf_1,pm2.5_aqi_atm,p_0_3_um,p_0_5_um,p_1_0_um,p_2_5_um,p_5_0_um,p_10_0_um,pm1_0_cf_1_b,pm2_5_cf_1_b,pm10_0_cf_1_b,pm1_0_atm_b,pm2_5_atm_b,pm10_0_atm_b,pm2.5_aqi_cf_1_b,pm2.5_aqi_atm_b,p_0_3_um_b,p_0_5_um_b,p_1_0_um_b,p_2_5_um_b,p_5_0_um_b,p_10_0_um_b,gas
2025/04/13T12:38:02z,a4:e5:7c:26:24:d4,7.04,3.0+RV3028+BME68X+PMSX003-A+PMSX003-B,53,52,36,1016.69,nan,26352,0,103,1.53,2.16,3.58,1.53,2.16,3.58,9,9,425.33,120.16,11.84,3.18,2.02,1.49,6286.21,6286.21,6286.21,4190.48,4190.48,4190.48,4319,2936,1012.43,157.19,14.00,2.26,1.40,0.40,nan
1 BSEC warning code : 100

1 BSEC warning code : 100

1 BSEC warning code : 100

1 BSEC warning code : 100

1 BSEC warning code : 100

1 BSEC warning code : 100

1 BSEC warning code : 100

1 BSEC warning code : 100

1 BSEC warning code : 100

1 BSEC warning code : 100

 ets Jan  8 2013,rst cause:4, boot mode:(3,7)

wdt reset
load 0x4010f000, len 1384, room 16 
tail 8
chksum 0x2d
csum 0x2d
v8b899c12
~ld


7.04
 0h00:00.278 1970/01/01T08:00:00z: SPIFFS Active
 0h00:03.953 2025/04/13T15:14:18z: a4:e5:7c:26:24:d4
 0h00:03.954 2025/04/13T15:14:18z: SSID: NothingButSunshine
1 BSEC warning code : 100

1 BSEC warning code : 100

1 BSEC warning code : 100

1 BSEC warning code : 100

1 BSEC warning code : 100

1 BSEC warning code : 100

1 BSEC warning code : 100

1 BSEC warning code : 100

1 BSEC warning code : 100

1 BSEC warning code : 100

 ets Jan  8 2013,rst cause:4, boot mode:(3,7)

wdt reset
load 0x4010f000, len 1384, room 16 
tail 8
chksum 0x2d
csum 0x2d
v8b899c12
~ld


7.04
 0h00:00.277 1970/01/01T08:00:00z: SPIFFS Active
 0h00:03.951 2025/04/13T15:34:01z: a4:e5:7c:26:24:d4
 0h00:03.953 2025/04/13T15:34:01z: SSID: NothingButSunshine
1 BSEC warning code : 100

1 BSEC warning code : 100

1 BSEC warning code : 100

1 BSEC warning code : 100

1 BSEC warning code : 100

1 BSEC warning code : 100

1 BSEC warning code : 100

1 BSEC warning code : 100

1 BSEC warning code : 100

1 BSEC warning code : 100

 ets Jan  8 2013,rst cause:4, boot mode:(3,7)

wdt reset
load 0x4010f000, len 1384, room 16 
tail 8
chksum 0x2d
csum 0x2d
v8b899c12
~ld


7.04
 0h00:00.284 1970/01/01T08:00:00z: SPIFFS Active
 0h00:03.959 2025/04/13T15:53:44z: a4:e5:7c:26:24:d4
 0h00:03.960 2025/04/13T15:53:44z: SSID: NothingButSunshine
1 BSEC warning code : 100

1 BSEC warning code : 100

1 BSEC warning code : 100

1 BSEC warning code : 100

1 BSEC warning code : 100

1 BSEC warning code : 100

1 BSEC warning code : 100

1 BSEC warning code : 100

1 BSEC warning code : 100

1 BSEC warning code : 100

 ets Jan  8 2013,rst cause:4, boot mode:(3,7)

wdt reset
load 0x4010f000, len 1384, room 16 
tail 8
chksum 0x2d
csum 0x2d
v8b899c12
~ld


7.04
 0h00:00.284 1970/01/01T08:00:00z: SPIFFS Active
 0h00:03.959 2025/04/13T16:13:26z: a4:e5:7c:26:24:d4
 0h00:03.960 2025/04/13T16:13:26z: SSID: NothingButSunshine
1 BSEC warning code : 100

1 BSEC warning code : 100

1 BSEC warning code : 100

1 BSEC warning code : 100

1 BSEC warning code : 100

1 BSEC warning code : 100

1 BSEC warning code : 100

1 BSEC warning code : 100

1 BSEC warning code : 100

1 BSEC warning code : 100

 ets Jan  8 2013,rst cause:4, boot mode:(3,7)

wdt reset
load 0x4010f000, len 1384, room 16 
tail 8
chksum 0x2d
csum 0x2d
v8b899c12
~ld


7.04
 0h00:00.281 1970/01/01T08:00:00z: SPIFFS Active
 0h00:03.956 2025/04/13T16:33:09z: a4:e5:7c:26:24:d4
 0h00:03.957 2025/04/13T16:33:09z: SSID: NothingButSunshine
1 BSEC warning code : 100

1 BSEC warning code : 100

1 BSEC warning code : 100

1 BSEC warning code : 100

1 BSEC warning code : 100

1 BSEC warning code : 100

1 BSEC warning code : 100

1 BSEC warning code : 100

1 BSEC warning code : 100

1 BSEC warning code : 100

 ets Jan  8 2013,rst cause:4, boot mode:(3,7)

wdt reset
load 0x4010f000, len 1384, room 16 
tail 8
chksum 0x2d
csum 0x2d
v8b899c12
~ld


7.04
 0h00:00.279 1970/01/01T08:00:00z: SPIFFS Active
 0h00:03.954 2025/04/13T16:52:51z: a4:e5:7c:26:24:d4
 0h00:03.956 2025/04/13T16:52:51z: SSID: NothingButSunshine
1 BSEC warning code : 100

1 BSEC warning code : 100

1 BSEC warning code : 100

1 BSEC warning code : 100

1 BSEC warning code : 100

1 BSEC warning code : 100

1 BSEC warning code : 100

1 BSEC warning code : 100

1 BSEC warning code : 100

1 BSEC warning code : 100

 ets Jan  8 2013,rst cause:4, boot mode:(3,7)

wdt reset
load 0x4010f000, len 1384, room 16 
tail 8
chksum 0x2d
csum 0x2d
v8b899c12
~ld


7.04
 0h00:00.276 1970/01/01T08:00:00z: SPIFFS Active
 0h00:03.951 2025/04/13T17:12:34z: a4:e5:7c:26:24:d4
 0h00:03.952 2025/04/13T17:12:34z: SSID: NothingButSunshine
1 BSEC warning code : 100

1 BSEC warning code : 100

1 BSEC warning code : 100

1 BSEC warning code : 100

1 BSEC warning code : 100

1 BSEC warning code : 100

1 BSEC warning code : 100

1 BSEC warning code : 100

1 BSEC warning code : 100

1 BSEC warning code : 100

 ets Jan  8 2013,rst cause:4, boot mode:(3,7)

wdt reset
load 0x4010f000, len 1384, room 16 
tail 8
chksum 0x2d
csum 0x2d
v8b899c12
~ld


7.04
 0h00:00.279 1970/01/01T08:00:00z: SPIFFS Active
 0h00:03.954 2025/04/13T17:32:17z: a4:e5:7c:26:24:d4
 0h00:03.955 2025/04/13T17:32:17z: SSID: NothingButSunshine
1 BSEC warning code : 100

1 BSEC warning code : 100

1 BSEC warning code : 100

1 BSEC warning code : 100

1 BSEC warning code : 100

1 BSEC warning code : 100

1 BSEC warning code : 100

1 BSEC warning code : 100

1 BSEC warning code : 100

1 BSEC warning code : 100

 ets Jan  8 2013,rst cause:4, boot mode:(3,7)

wdt reset
load 0x4010f000, len 1384, room 16 
tail 8
chksum 0x2d
csum 0x2d
v8b899c12
~ld


7.04
 0h00:00.273 1970/01/01T08:00:00z: SPIFFS Active
 0h00:03.947 2025/04/13T17:51:59z: a4:e5:7c:26:24:d4
 0h00:03.949 2025/04/13T17:51:59z: SSID: NothingButSunshine
1 BSEC warning code : 100

1 BSEC warning code : 100

1 BSEC warning code : 100

1 BSEC warning code : 100

1 BSEC warning code : 100

1 BSEC warning code : 100

1 BSEC warning code : 100

1 BSEC warning code : 100

1 BSEC warning code : 100

1 BSEC warning code : 100

 ets Jan  8 2013,rst cause:4, boot mode:(3,7)

wdt reset
load 0x4010f000, len 1384, room 16 
tail 8
chksum 0x2d
csum 0x2d
v8b899c12
~ld


7.04
 0h00:00.276 1970/01/01T08:00:00z: SPIFFS Active
 0h00:03.951 2025/04/13T18:11:42z: a4:e5:7c:26:24:d4
 0h00:03.953 2025/04/13T18:11:42z: SSID: NothingButSunshine
1 BSEC warning code : 100

1 BSEC warning code : 100

1 BSEC warning code : 100

1 BSEC warning code : 100

1 BSEC warning code : 100

1 BSEC warning code : 100

1 BSEC warning code : 100

1 BSEC warning code : 100

1 BSEC warning code : 100

1 BSEC warning code : 100

 ets Jan  8 2013,rst cause:4, boot mode:(3,7)

wdt reset
load 0x4010f000, len 1384, room 16 
tail 8
chksum 0x2d
csum 0x2d
v8b899c12
~ld


7.04
 0h00:00.274 1970/01/01T08:00:00z: SPIFFS Active
 0h00:03.948 2025/04/13T18:31:24z: a4:e5:7c:26:24:d4
 0h00:03.950 2025/04/13T18:31:24z: SSID: NothingButSunshine
1 BSEC warning code : 100

1 BSEC warning code : 100

1 BSEC warning code : 100

1 BSEC warning code : 100

1 BSEC warning code : 100

1 BSEC warning code : 100

1 BSEC warning code : 100

1 BSEC warning code : 100

1 BSEC warning code : 100

1 BSEC warning code : 100

 ets Jan  8 2013,rst cause:4, boot mode:(3,7)

wdt reset
load 0x4010f000, len 1384, room 16 
tail 8
chksum 0x2d
csum 0x2d
v8b899c12
~ld


7.04
 0h00:00.278 1970/01/01T08:00:00z: SPIFFS Active
 0h00:03.953 2025/04/13T18:51:06z: a4:e5:7c:26:24:d4
 0h00:03.954 2025/04/13T18:51:06z: SSID: NothingButSunshine
1 BSEC warning code : 100

1 BSEC warning code : 100

1 BSEC warning code : 100

1 BSEC warning code : 100

1 BSEC warning code : 100

1 BSEC warning code : 100

1 BSEC warning code : 100

1 BSEC warning code : 100

1 BSEC warning code : 100

1 BSEC warning code : 100

 ets Jan  8 2013,rst cause:4, boot mode:(3,7)

wdt reset
load 0x4010f000, len 1384, room 16 
tail 8
chksum 0x2d
csum 0x2d
v8b899c12
~ld


7.04
 0h00:00.275 1970/01/01T08:00:00z: SPIFFS Active
 0h00:03.948 2025/04/13T19:10:49z: a4:e5:7c:26:24:d4
 0h00:03.949 2025/04/13T19:10:49z: SSID: NothingButSunshine
1 BSEC warning code : 100

1 BSEC warning code : 100

1 BSEC warning code : 100

1 BSEC warning code : 100

1 BSEC warning code : 100

1 BSEC warning code : 100

1 BSEC warning code : 100

1 BSEC warning code : 100

1 BSEC warning code : 100

1 BSEC warning code : 100

 ets Jan  8 2013,rst cause:4, boot mode:(3,7)

wdt reset
load 0x4010f000, len 1384, room 16 
tail 8
chksum 0x2d
csum 0x2d
v8b899c12
~ld


7.04
 0h00:00.285 1970/01/01T08:00:00z: SPIFFS Active
 0h00:03.958 2025/04/13T19:30:32z: a4:e5:7c:26:24:d4
 0h00:03.960 2025/04/13T19:30:32z: SSID: NothingButSunshine
1 BSEC warning code : 100

1 BSEC warning code : 100

1 BSEC warning code : 100

1 BSEC warning code : 100

1 BSEC warning code : 100

1 BSEC warning code : 100

1 BSEC warning code : 100

1 BSEC warning code : 100

1 BSEC warning code : 100

1 BSEC warning code : 100

 ets Jan  8 2013,rst cause:4, boot mode:(3,7)

wdt reset
load 0x4010f000, len 1384, room 16 
tail 8
chksum 0x2d
csum 0x2d
v8b899c12
~ld


7.04
 0h00:00.275 1970/01/01T08:00:00z: SPIFFS Active
 0h00:03.947 2025/04/13T19:50:14z: a4:e5:7c:26:24:d4
 0h00:03.949 2025/04/13T19:50:14z: SSID: NothingButSunshine
1 BSEC warning code : 100

1 BSEC warning code : 100

1 BSEC warning code : 100

1 BSEC warning code : 100

1 BSEC warning code : 100

1 BSEC warning code : 100

1 BSEC warning code : 100

1 BSEC warning code : 100

1 BSEC warning code : 100

1 BSEC warning code : 100

 ets Jan  8 2013,rst cause:4, boot mode:(3,7)

wdt reset
load 0x4010f000, len 1384, room 16 
tail 8
chksum 0x2d
csum 0x2d
v8b899c12
~ld


7.04
 0h00:00.288 1970/01/01T08:00:00z: SPIFFS Active
 0h00:03.961 2025/04/13T20:09:56z: a4:e5:7c:26:24:d4
 0h00:03.962 2025/04/13T20:09:56z: SSID: NothingButSunshine
1 BSEC warning code : 100

1 BSEC warning code : 100

1 BSEC warning code : 100

1 BSEC warning code : 100

1 BSEC warning code : 100

1 BSEC warning code : 100

1 BSEC warning code : 100

1 BSEC warning code : 100

1 BSEC warning code : 100

1 BSEC warning code : 100

 ets Jan  8 2013,rst cause:4, boot mode:(3,7)

wdt reset
load 0x4010f000, len 1384, room 16 
tail 8
chksum 0x2d
csum 0x2d
v8b899c12
~ld


7.04
 0h00:00.276 1970/01/01T08:00:00z: SPIFFS Active
 0h00:03.949 2025/04/13T20:29:39z: a4:e5:7c:26:24:d4
 0h00:03.951 2025/04/13T20:29:39z: SSID: NothingButSunshine
1 BSEC warning code : 100

1 BSEC warning code : 100

1 BSEC warning code : 100

1 BSEC warning code : 100

1 BSEC warning code : 100

1 BSEC warning code : 100

1 BSEC warning code : 100

1 BSEC warning code : 100

1 BSEC warning code : 100

1 BSEC warning code : 100

 ets Jan  8 2013,rst cause:4, boot mode:(3,7)

wdt reset
load 0x4010f000, len 1384, room 16 
tail 8
chksum 0x2d
csum 0x2d
v8b899c12
~ld


7.04
 0h00:00.282 1970/01/01T08:00:00z: SPIFFS Active
 0h00:03.955 2025/04/13T20:49:21z: a4:e5:7c:26:24:d4
 0h00:03.957 2025/04/13T20:49:21z: SSID: NothingButSunshine
1 BSEC warning code : 100

1 BSEC warning code : 100

1 BSEC warning code : 100

1 BSEC warning code : 100

1 BSEC warning code : 100

1 BSEC warning code : 100

1 BSEC warning code : 100

1 BSEC warning code : 100

1 BSEC warning code : 100

1 BSEC warning code : 100

 ets Jan  8 2013,rst cause:4, boot mode:(3,7)

wdt reset
load 0x4010f000, len 1384, room 16 
tail 8
chksum 0x2d
csum 0x2d
v8b899c12
~ld


7.04
 0h00:00.282 1970/01/01T08:00:00z: SPIFFS Active
 0h00:03.955 2025/04/13T21:09:04z: a4:e5:7c:26:24:d4
 0h00:03.956 2025/04/13T21:09:04z: SSID: NothingButSunshine
1 BSEC warning code : 100

1 BSEC warning code : 100

1 BSEC warning code : 100

1 BSEC warning code : 100

1 BSEC warning code : 100

1 BSEC warning code : 100

1 BSEC warning code : 100

1 BSEC warning code : 100

1 BSEC warning code : 100

1 BSEC warning code : 100

 ets Jan  8 2013,rst cause:4, boot mode:(3,7)

wdt reset
load 0x4010f000, len 1384, room 16 
tail 8
chksum 0x2d
csum 0x2d
v8b899c12
~ld


7.04
 0h00:00.277 1970/01/01T08:00:00z: SPIFFS Active
 0h00:03.950 2025/04/13T21:28:46z: a4:e5:7c:26:24:d4
 0h00:03.951 2025/04/13T21:28:46z: SSID: NothingButSunshine
1 BSEC warning code : 100

1 BSEC warning code : 100

1 BSEC warning code : 100

1 BSEC warning code : 100

1 BSEC warning code : 100

1 BSEC warning code : 100

1 BSEC warning code : 100

1 BSEC warning code : 100

1 BSEC warning code : 100

1 BSEC warning code : 100

 ets Jan  8 2013,rst cause:4, boot mode:(3,7)

wdt reset
load 0x4010f000, len 1384, room 16 
tail 8
chksum 0x2d
csum 0x2d
v8b899c12
~ld


7.04
 0h00:00.276 1970/01/01T08:00:00z: SPIFFS Active
 0h00:03.949 2025/04/13T21:48:29z: a4:e5:7c:26:24:d4
 0h00:03.951 2025/04/13T21:48:29z: SSID: NothingButSunshine
1 BSEC warning code : 100

1 BSEC warning code : 100

1 BSEC warning code : 100

1 BSEC warning code : 100

1 BSEC warning code : 100

1 BSEC warning code : 100

1 BSEC warning code : 100

1 BSEC warning code : 100

1 BSEC warning code : 100

1 BSEC warning code : 100

 ets Jan  8 2013,rst cause:4, boot mode:(3,7)

wdt reset
load 0x4010f000, len 1384, room 16 
tail 8
chksum 0x2d
csum 0x2d
v8b899c12
~ld


7.04
 0h00:00.277 1970/01/01T08:00:00z: SPIFFS Active
 0h00:03.950 2025/04/13T22:08:11z: a4:e5:7c:26:24:d4
 0h00:03.951 2025/04/13T22:08:11z: SSID: NothingButSunshine
1 BSEC warning code : 100

1 BSEC warning code : 100

1 BSEC warning code : 100

1 BSEC warning code : 100

1 BSEC warning code : 100

1 BSEC warning code : 100

1 BSEC warning code : 100

1 BSEC warning code : 100

1 BSEC warning code : 100

1 BSEC warning code : 100

 ets Jan  8 2013,rst cause:4, boot mode:(3,7)

wdt reset
load 0x4010f000, len 1384, room 16 
tail 8
chksum 0x2d
csum 0x2d
v8b899c12
~ld


7.04
 0h00:00.279 1970/01/01T08:00:00z: SPIFFS Active
 0h00:03.952 2025/04/13T22:27:54z: a4:e5:7c:26:24:d4
 0h00:03.954 2025/04/13T22:27:54z: SSID: NothingButSunshine
1 BSEC warning code : 100

1 BSEC warning code : 100

1 BSEC warning code : 100

1 BSEC warning code : 100

1 BSEC warning code : 100

1 BSEC warning code : 100

1 BSEC warning code : 100

1 BSEC warning code : 100

1 BSEC warning code : 100

1 BSEC warning code : 100

 ets Jan  8 2013,rst cause:4, boot mode:(3,7)

wdt reset
load 0x4010f000, len 1384, room 16 
tail 8
chksum 0x2d
csum 0x2d
v8b899c12
~ld


7.04
 0h00:00.276 1970/01/01T08:00:00z: SPIFFS Active
 0h00:03.949 2025/04/13T22:47:37z: a4:e5:7c:26:24:d4
 0h00:03.951 2025/04/13T22:47:37z: SSID: NothingButSunshine
1 BSEC warning code : 100

1 BSEC warning code : 100

1 BSEC warning code : 100

1 BSEC warning code : 100

1 BSEC warning code : 100

1 BSEC warning code : 100

1 BSEC warning code : 100

1 BSEC warning code : 100

1 BSEC warning code : 100

1 BSEC warning code : 100

 ets Jan  8 2013,rst cause:4, boot mode:(3,7)

wdt reset
load 0x4010f000, len 1384, room 16 
tail 8
chksum 0x2d
csum 0x2d
v8b899c12
~ld


7.04
 0h00:00.265 1970/01/01T08:00:00z: SPIFFS Active
 0h00:03.938 2025/04/13T23:07:19z: a4:e5:7c:26:24:d4
 0h00:03.939 2025/04/13T23:07:19z: SSID: NothingButSunshine
1 BSEC warning code : 100

1 BSEC warning code : 100

1 BSEC warning code : 100

1 BSEC warning code : 100

1 BSEC warning code : 100

1 BSEC warning code : 100

1 BSEC warning code : 100

1 BSEC warning code : 100

1 BSEC warning code : 100

1 BSEC warning code : 100

 ets Jan  8 2013,rst cause:4, boot mode:(3,7)

wdt reset
load 0x4010f000, len 1384, room 16 
tail 8
chksum 0x2d
csum 0x2d
v8b899c12
~ld


7.04
 0h00:00.277 1970/01/01T08:00:00z: SPIFFS Active
 0h00:03.950 2025/04/13T23:27:01z: a4:e5:7c:26:24:d4
 0h00:03.951 2025/04/13T23:27:01z: SSID: NothingButSunshine
1 BSEC warning code : 100

1 BSEC warning code : 100

1 BSEC warning code : 100

1 BSEC warning code : 100

1 BSEC warning code : 100

1 BSEC warning code : 100

1 BSEC warning code : 100

1 BSEC warning code : 100

1 BSEC warning code : 100

1 BSEC warning code : 100

 ets Jan  8 2013,rst cause:4, boot mode:(3,7)

wdt reset
load 0x4010f000, len 1384, room 16 
tail 8
chksum 0x2d
csum 0x2d
v8b899c12
~ld


7.04
 0h00:00.276 1970/01/01T08:00:00z: SPIFFS Active
 0h00:03.949 2025/04/13T23:46:44z: a4:e5:7c:26:24:d4
 0h00:03.951 2025/04/13T23:46:44z: SSID: NothingButSunshine
1 BSEC warning code : 100

1 BSEC warning code : 100

1 BSEC warning code : 100

1 BSEC warning code : 100

1 BSEC warning code : 100

1 BSEC warning code : 100
