
1 BSEC warning code : 100

1 BSEC warning code : 100

 ets Jan  8 2013,rst cause:4, boot mode:(3,7)

wdt reset
load 0x4010f000, len 1384, room 16 
tail 8
chksum 0x2d
csum 0x2d
v8b899c12
~ld


7.04
 0h00:00.279 1970/01/01T08:00:00z: SPIFFS Active
 0h00:03.954 2025/03/01T00:02:23z: a4:e5:7c:26:24:d4
 0h00:03.955 2025/03/01T00:02:23z: SSID: NothingButSunshine
1 BSEC warning code : 100

1 BSEC warning code : 100

1 BSEC warning code : 100

1 BSEC warning code : 100

1 BSEC warning code : 100

1 BSEC warning code : 100

1 BSEC warning code : 100

1 BSEC warning code : 100

1 BSEC warning code : 100

1 BSEC warning code : 100

 ets Jan  8 2013,rst cause:4, boot mode:(3,7)

wdt reset
load 0x4010f000, len 1384, room 16 
tail 8
chksum 0x2d
csum 0x2d
v8b899c12
~ld


7.04
 0h00:00.282 1970/01/01T08:00:00z: SPIFFS Active
 0h00:03.957 2025/03/01T00:22:05z: a4:e5:7c:26:24:d4
 0h00:03.958 2025/03/01T00:22:05z: SSID: NothingButSunshine
1 BSEC warning code : 100

1 BSEC warning code : 100

1 BSEC warning code : 100

1 BSEC warning code : 100

1 BSEC warning code : 100

1 BSEC warning code : 100

1 BSEC warning code : 100

1 BSEC warning code : 100

1 BSEC warning code : 100

1 BSEC warning code : 100

 ets Jan  8 2013,rst cause:4, boot mode:(3,7)

wdt reset
load 0x4010f000, len 1384, room 16 
tail 8
chksum 0x2d
csum 0x2d
v8b899c12
~ld


7.04
 0h00:00.278 1970/01/01T08:00:00z: SPIFFS Active
 0h00:03.952 2025/03/01T00:41:48z: a4:e5:7c:26:24:d4
 0h00:03.954 2025/03/01T00:41:48z: SSID: NothingButSunshine
1 BSEC warning code : 100

1 BSEC warning code : 100

1 BSEC warning code : 100

1 BSEC warning code : 100

1 BSEC warning code : 100

1 BSEC warning code : 100

1 BSEC warning code : 100

1 BSEC warning code : 100

1 BSEC warning code : 100

1 BSEC warning code : 100

 ets Jan  8 2013,rst cause:4, boot mode:(3,7)

wdt reset
load 0x4010f000, len 1384, room 16 
tail 8
chksum 0x2d
csum 0x2d
v8b899c12
~ld


7.04
 0h00:00.284 1970/01/01T08:00:00z: SPIFFS Active
 0h00:03.957 2025/03/01T01:01:30z: a4:e5:7c:26:24:d4
 0h00:03.959 2025/03/01T01:01:30z: SSID: NothingButSunshine
1 BSEC warning code : 100

1 BSEC warning code : 100

1 BSEC warning code : 100

1 BSEC warning code : 100

1 BSEC warning code : 100

1 BSEC warning code : 100

1 BSEC warning code : 100

1 BSEC warning code : 100

1 BSEC warning code : 100

1 BSEC warning code : 100

 ets Jan  8 2013,rst cause:4, boot mode:(3,7)

wdt reset
load 0x4010f000, len 1384, room 16 
tail 8
chksum 0x2d
csum 0x2d
v8b899c12
~ld


7.04
 0h00:00.281 1970/01/01T08:00:00z: SPIFFS Active
 0h00:03.954 2025/03/01T01:21:12z: a4:e5:7c:26:24:d4
 0h00:03.955 2025/03/01T01:21:12z: SSID: NothingButSunshine
1 BSEC warning code : 100

1 BSEC warning code : 100

1 BSEC warning code : 100

1 BSEC warning code : 100

1 BSEC warning code : 100

1 BSEC warning code : 100

1 BSEC warning code : 100

1 BSEC warning code : 100

1 BSEC warning code : 100

1 BSEC warning code : 100

 ets Jan  8 2013,rst cause:4, boot mode:(3,7)

wdt reset
load 0x4010f000, len 1384, room 16 
tail 8
chksum 0x2d
csum 0x2d
v8b899c12
~ld


7.04
 0h00:00.276 1970/01/01T08:00:00z: SPIFFS Active
 0h00:03.949 2025/03/01T01:40:55z: a4:e5:7c:26:24:d4
 0h00:03.950 2025/03/01T01:40:55z: SSID: NothingButSunshine
1 BSEC warning code : 100

1 BSEC warning code : 100

1 BSEC warning code : 100

1 BSEC warning code : 100

1 BSEC warning code : 100

1 BSEC warning code : 100

1 BSEC warning code : 100

1 BSEC warning code : 100

1 BSEC warning code : 100

1 BSEC warning code : 100

 ets Jan  8 2013,rst cause:4, boot mode:(3,7)

wdt reset
load 0x4010f000, len 1384, room 16 
tail 8
chksum 0x2d
csum 0x2d
v8b899c12
~ld


7.04
 0h00:00.283 1970/01/01T08:00:00z: SPIFFS Active
 0h00:03.956 2025/03/01T02:00:37z: a4:e5:7c:26:24:d4
 0h00:03.957 2025/03/01T02:00:37z: SSID: NothingButSunshine
1 BSEC warning code : 100

1 BSEC warning code : 100

1 BSEC warning code : 100

1 BSEC warning code : 100

1 BSEC warning code : 100

1 BSEC warning code : 100

1 BSEC warning code : 100

1 BSEC warning code : 100

1 BSEC warning code : 100

1 BSEC warning code : 100

 ets Jan  8 2013,rst cause:4, boot mode:(3,7)

wdt reset
load 0x4010f000, len 1384, room 16 
tail 8
chksum 0x2d
csum 0x2d
v8b899c12
~ld


7.04
 0h00:00.276 1970/01/01T08:00:00z: SPIFFS Active
 0h00:03.949 2025/03/01T02:20:19z: a4:e5:7c:26:24:d4
 0h00:03.951 2025/03/01T02:20:19z: SSID: NothingButSunshine
1 BSEC warning code : 100

1 BSEC warning code : 100

1 BSEC warning code : 100

1 BSEC warning code : 100

1 BSEC warning code : 100

1 BSEC warning code : 100

1 BSEC warning code : 100

1 BSEC warning code : 100

1 BSEC warning code : 100

1 BSEC warning code : 100

 ets Jan  8 2013,rst cause:4, boot mode:(3,7)

wdt reset
load 0x4010f000, len 1384, room 16 
tail 8
chksum 0x2d
csum 0x2d
v8b899c12
~ld


7.04
 0h00:00.285 1970/01/01T08:00:00z: SPIFFS Active
 0h00:03.958 2025/03/01T02:40:01z: a4:e5:7c:26:24:d4
 0h00:03.960 2025/03/01T02:40:01z: SSID: NothingButSunshine
1 BSEC warning code : 100

1 BSEC warning code : 100

1 BSEC warning code : 100

1 BSEC warning code : 100

1 BSEC warning code : 100

1 BSEC warning code : 100

1 BSEC warning code : 100

1 BSEC warning code : 100

1 BSEC warning code : 100

1 BSEC warning code : 100

 ets Jan  8 2013,rst cause:4, boot mode:(3,7)

wdt reset
load 0x4010f000, len 1384, room 16 
tail 8
chksum 0x2d
csum 0x2d
v8b899c12
~ld


7.04
 0h00:00.283 1970/01/01T08:00:00z: SPIFFS Active
 0h00:03.956 2025/03/01T02:59:43z: a4:e5:7c:26:24:d4
 0h00:03.958 2025/03/01T02:59:43z: SSID: NothingButSunshine
1 BSEC warning code : 100

1 BSEC warning code : 100

1 BSEC warning code : 100

1 BSEC warning code : 100

1 BSEC warning code : 100

1 BSEC warning code : 100

1 BSEC warning code : 100

1 BSEC warning code : 100

1 BSEC warning code : 100

1 BSEC warning code : 100

 ets Jan  8 2013,rst cause:4, boot mode:(3,7)

wdt reset
load 0x4010f000, len 1384, room 16 
tail 8
chksum 0x2d
csum 0x2d
v8b899c12
~ld


7.04
 0h00:00.287 1970/01/01T08:00:00z: SPIFFS Active
 0h00:03.960 2025/03/01T03:19:25z: a4:e5:7c:26:24:d4
 0h00:03.961 2025/03/01T03:19:25z: SSID: NothingButSunshine
1 BSEC warning code : 100

1 BSEC warning code : 100

1 BSEC warning code : 100

1 BSEC warning code : 100

1 BSEC warning code : 100

1 BSEC warning code : 100

1 BSEC warning code : 100

1 BSEC warning code : 100

1 BSEC warning code : 100

1 BSEC warning code : 100

 ets Jan  8 2013,rst cause:4, boot mode:(3,7)

wdt reset
load 0x4010f000, len 1384, room 16 
tail 8
chksum 0x2d
csum 0x2d
v8b899c12
~ld


7.04
 0h00:00.280 1970/01/01T08:00:00z: SPIFFS Active
 0h00:03.953 2025/03/01T03:39:08z: a4:e5:7c:26:24:d4
 0h00:03.954 2025/03/01T03:39:08z: SSID: NothingButSunshine
1 BSEC warning code : 100

1 BSEC warning code : 100

1 BSEC warning code : 100

1 BSEC warning code : 100

1 BSEC warning code : 100

1 BSEC warning code : 100

1 BSEC warning code : 100

1 BSEC warning code : 100

1 BSEC warning code : 100

1 BSEC warning code : 100

 ets Jan  8 2013,rst cause:4, boot mode:(3,7)

wdt reset
load 0x4010f000, len 1384, room 16 
tail 8
chksum 0x2d
csum 0x2d
v8b899c12
~ld


7.04
 0h00:00.273 1970/01/01T08:00:00z: SPIFFS Active
 0h00:03.946 2025/03/01T03:58:50z: a4:e5:7c:26:24:d4
 0h00:03.948 2025/03/01T03:58:50z: SSID: NothingButSunshine
1 BSEC warning code : 100

1 BSEC warning code : 100

1 BSEC warning code : 100

1 BSEC warning code : 100

1 BSEC warning code : 100

1 BSEC warning code : 100

1 BSEC warning code : 100

1 BSEC warning code : 100

1 BSEC warning code : 100

1 BSEC warning code : 100

 ets Jan  8 2013,rst cause:4, boot mode:(3,7)

wdt reset
load 0x4010f000, len 1384, room 16 
tail 8
chksum 0x2d
csum 0x2d
v8b899c12
~ld


7.04
 0h00:00.282 1970/01/01T08:00:00z: SPIFFS Active
 0h00:03.955 2025/03/01T04:18:32z: a4:e5:7c:26:24:d4
 0h00:03.956 2025/03/01T04:18:32z: SSID: NothingButSunshine
1 BSEC warning code : 100

1 BSEC warning code : 100

1 BSEC warning code : 100

1 BSEC warning code : 100

1 BSEC warning code : 100

1 BSEC warning code : 100

1 BSEC warning code : 100

1 BSEC warning code : 100

1 BSEC warning code : 100

1 BSEC warning code : 100

 ets Jan  8 2013,rst cause:4, boot mode:(3,7)

wdt reset
load 0x4010f000, len 1384, room 16 
tail 8
chksum 0x2d
csum 0x2d
v8b899c12
~ld


7.04
 0h00:00.282 1970/01/01T08:00:00z: SPIFFS Active
 0h00:03.955 2025/03/01T04:38:14z: a4:e5:7c:26:24:d4
 0h00:03.956 2025/03/01T04:38:14z: SSID: NothingButSunshine
1 BSEC warning code : 100

1 BSEC warning code : 100

1 BSEC warning code : 100

1 BSEC warning code : 100

1 BSEC warning code : 100

1 BSEC warning code : 100

1 BSEC warning code : 100

1 BSEC warning code : 100

1 BSEC warning code : 100

1 BSEC warning code : 100

 ets Jan  8 2013,rst cause:4, boot mode:(3,7)

wdt reset
load 0x4010f000, len 1384, room 16 
tail 8
chksum 0x2d
csum 0x2d
v8b899c12
~ld


7.04
 0h00:00.285 1970/01/01T08:00:00z: SPIFFS Active
 0h00:03.958 2025/03/01T04:57:57z: a4:e5:7c:26:24:d4
 0h00:03.960 2025/03/01T04:57:57z: SSID: NothingButSunshine
1 BSEC warning code : 100

1 BSEC warning code : 100

1 BSEC warning code : 100

1 BSEC warning code : 100

1 BSEC warning code : 100

1 BSEC warning code : 100

1 BSEC warning code : 100

1 BSEC warning code : 100

1 BSEC warning code : 100

1 BSEC warning code : 100

 ets Jan  8 2013,rst cause:4, boot mode:(3,7)

wdt reset
load 0x4010f000, len 1384, room 16 
tail 8
chksum 0x2d
csum 0x2d
v8b899c12
~ld


7.04
 0h00:00.280 1970/01/01T08:00:00z: SPIFFS Active
 0h00:03.953 2025/03/01T05:17:39z: a4:e5:7c:26:24:d4
 0h00:03.954 2025/03/01T05:17:39z: SSID: NothingButSunshine
1 BSEC warning code : 100

1 BSEC warning code : 100

1 BSEC warning code : 100

1 BSEC warning code : 100

1 BSEC warning code : 100

1 BSEC warning code : 100

1 BSEC warning code : 100

1 BSEC warning code : 100

1 BSEC warning code : 100

1 BSEC warning code : 100

 ets Jan  8 2013,rst cause:4, boot mode:(3,7)

wdt reset
load 0x4010f000, len 1384, room 16 
tail 8
chksum 0x2d
csum 0x2d
v8b899c12
~ld


7.04
 0h00:00.284 1970/01/01T08:00:00z: SPIFFS Active
 0h00:03.957 2025/03/01T05:37:22z: a4:e5:7c:26:24:d4
 0h00:03.958 2025/03/01T05:37:22z: SSID: NothingButSunshine
1 BSEC warning code : 100

1 BSEC warning code : 100

1 BSEC warning code : 100

1 BSEC warning code : 100

1 BSEC warning code : 100

1 BSEC warning code : 100

1 BSEC warning code : 100

1 BSEC warning code : 100

1 BSEC warning code : 100

1 BSEC warning code : 100

 ets Jan  8 2013,rst cause:4, boot mode:(3,7)

wdt reset
load 0x4010f000, len 1384, room 16 
tail 8
chksum 0x2d
csum 0x2d
v8b899c12
~ld


7.04
 0h00:00.277 1970/01/01T08:00:00z: SPIFFS Active
 0h00:03.951 2025/03/01T05:57:04z: a4:e5:7c:26:24:d4
 0h00:03.952 2025/03/01T05:57:04z: SSID: NothingButSunshine
1 BSEC warning code : 100

1 BSEC warning code : 100

1 BSEC warning code : 100

1 BSEC warning code : 100

1 BSEC warning code : 100

1 BSEC warning code : 100

1 BSEC warning code : 100

1 BSEC warning code : 100

1 BSEC warning code : 100

1 BSEC warning code : 100

 ets Jan  8 2013,rst cause:4, boot mode:(3,7)

wdt reset
load 0x4010f000, len 1384, room 16 
tail 8
chksum 0x2d
csum 0x2d
v8b899c12
~ld


7.04
 0h00:00.282 1970/01/01T08:00:00z: SPIFFS Active
 0h00:03.956 2025/03/01T06:16:46z: a4:e5:7c:26:24:d4
 0h00:03.957 2025/03/01T06:16:46z: SSID: NothingButSunshine
1 BSEC warning code : 100

1 BSEC warning code : 100

1 BSEC warning code : 100

1 BSEC warning code : 100

1 BSEC warning code : 100

1 BSEC warning code : 100

1 BSEC warning code : 100

1 BSEC warning code : 100

1 BSEC warning code : 100

1 BSEC warning code : 100

 ets Jan  8 2013,rst cause:4, boot mode:(3,7)

wdt reset
load 0x4010f000, len 1384, room 16 
tail 8
chksum 0x2d
csum 0x2d
v8b899c12
~ld


7.04
 0h00:00.277 1970/01/01T08:00:00z: SPIFFS Active
 0h00:03.951 2025/03/01T06:36:28z: a4:e5:7c:26:24:d4
 0h00:03.952 2025/03/01T06:36:28z: SSID: NothingButSunshine
1 BSEC warning code : 100

1 BSEC warning code : 100

1 BSEC warning code : 100

1 BSEC warning code : 100

1 BSEC warning code : 100

1 BSEC warning code : 100

1 BSEC warning code : 100

1 BSEC warning code : 100

1 BSEC warning code : 100

1 BSEC warning code : 100

 ets Jan  8 2013,rst cause:4, boot mode:(3,7)

wdt reset
load 0x4010f000, len 1384, room 16 
tail 8
chksum 0x2d
csum 0x2d
v8b899c12
~ld


7.04
 0h00:00.270 1970/01/01T08:00:00z: SPIFFS Active
 0h00:03.943 2025/03/01T06:56:11z: a4:e5:7c:26:24:d4
 0h00:03.945 2025/03/01T06:56:11z: SSID: NothingButSunshine
1 BSEC warning code : 100

1 BSEC warning code : 100

1 BSEC warning code : 100

1 BSEC warning code : 100

1 BSEC warning code : 100

1 BSEC warning code : 100

1 BSEC warning code : 100

1 BSEC warning code : 100

1 BSEC warning code : 100

1 BSEC warning code : 100

 ets Jan  8 2013,rst cause:4, boot mode:(3,7)

wdt reset
load 0x4010f000, len 1384, room 16 
tail 8
chksum 0x2d
csum 0x2d
v8b899c12
~ld


7.04
 0h00:00.277 1970/01/01T08:00:00z: SPIFFS Active
 0h00:03.950 2025/03/01T07:15:53z: a4:e5:7c:26:24:d4
 0h00:03.952 2025/03/01T07:15:53z: SSID: NothingButSunshine
1 BSEC warning code : 100

1 BSEC warning code : 100

1 BSEC warning code : 100

1 BSEC warning code : 100

1 BSEC warning code : 100

1 BSEC warning code : 100

1 BSEC warning code : 100

1 BSEC warning code : 100

1 BSEC warning code : 100

1 BSEC warning code : 100

 ets Jan  8 2013,rst cause:4, boot mode:(3,7)

wdt reset
load 0x4010f000, len 1384, room 16 
tail 8
chksum 0x2d
csum 0x2d
v8b899c12
~ld


7.04
 0h00:00.284 1970/01/01T08:00:00z: SPIFFS Active
 0h00:03.957 2025/03/01T07:35:35z: a4:e5:7c:26:24:d4
 0h00:03.959 2025/03/01T07:35:35z: SSID: NothingButSunshine
1 BSEC warning code : 100

1 BSEC warning code : 100

1 BSEC warning code : 100

1 BSEC warning code : 100

1 BSEC warning code : 100

1 BSEC warning code : 100

1 BSEC warning code : 100

1 BSEC warning code : 100

1 BSEC warning code : 100

1 BSEC warning code : 100

 ets Jan  8 2013,rst cause:4, boot mode:(3,7)

wdt reset
load 0x4010f000, len 1384, room 16 
tail 8
chksum 0x2d
csum 0x2d
v8b899c12
~ld


7.04
 0h00:00.279 1970/01/01T08:00:00z: SPIFFS Active
 0h00:03.953 2025/03/01T07:55:17z: a4:e5:7c:26:24:d4
 0h00:03.954 2025/03/01T07:55:17z: SSID: NothingButSunshine
1 BSEC warning code : 100

1 BSEC warning code : 100

1 BSEC warning code : 100

1 BSEC warning code : 100

1 BSEC warning code : 100

1 BSEC warning code : 100

1 BSEC warning code : 100

1 BSEC warning code : 100

1 BSEC warning code : 100

1 BSEC warning code : 100

 ets Jan  8 2013,rst cause:4, boot mode:(3,7)

wdt reset
load 0x4010f000, len 1384, room 16 
tail 8
chksum 0x2d
csum 0x2d
v8b899c12
~ld


7.04
 0h00:00.282 1970/01/01T08:00:00z: SPIFFS Active
 0h00:03.955 2025/03/01T08:15:00z: a4:e5:7c:26:24:d4
 0h00:03.957 2025/03/01T08:15:00z: SSID: NothingButSunshine
1 BSEC warning code : 100

1 BSEC warning code : 100

1 BSEC warning code : 100

1 BSEC warning code : 100

1 BSEC warning code : 100

1 BSEC warning code : 100

1 BSEC warning code : 100

1 BSEC warning code : 100

1 BSEC warning code : 100

1 BSEC warning code : 100

 ets Jan  8 2013,rst cause:4, boot mode:(3,7)

wdt reset
load 0x4010f000, len 1384, room 16 
tail 8
chksum 0x2d
csum 0x2d
v8b899c12
~ld


7.04
 0h00:00.280 1970/01/01T08:00:00z: SPIFFS Active
 0h00:03.954 2025/03/01T08:34:42z: a4:e5:7c:26:24:d4
 0h00:03.955 2025/03/01T08:34:42z: SSID: NothingButSunshine
1 BSEC warning code : 100

1 BSEC warning code : 100

1 BSEC warning code : 100

1 BSEC warning code : 100

1 BSEC warning code : 100

1 BSEC warning code : 100

1 BSEC warning code : 100

1 BSEC warning code : 100

1 BSEC warning code : 100

1 BSEC warning code : 100

 ets Jan  8 2013,rst cause:4, boot mode:(3,7)

wdt reset
load 0x4010f000, len 1384, room 16 
tail 8
chksum 0x2d
csum 0x2d
v8b899c12
~ld


7.04
 0h00:00.275 1970/01/01T08:00:00z: SPIFFS Active
 0h00:03.948 2025/03/01T08:54:24z: a4:e5:7c:26:24:d4
 0h00:03.950 2025/03/01T08:54:24z: SSID: NothingButSunshine
1 BSEC warning code : 100

1 BSEC warning code : 100

1 BSEC warning code : 100

1 BSEC warning code : 100

1 BSEC warning code : 100

1 BSEC warning code : 100

1 BSEC warning code : 100

1 BSEC warning code : 100

1 BSEC warning code : 100

1 BSEC warning code : 100

 ets Jan  8 2013,rst cause:4, boot mode:(3,7)

wdt reset
load 0x4010f000, len 1384, room 16 
tail 8
chksum 0x2d
csum 0x2d
v8b899c12
~ld


7.04
 0h00:00.274 1970/01/01T08:00:00z: SPIFFS Active
 0h00:03.948 2025/03/01T09:14:06z: a4:e5:7c:26:24:d4
 0h00:03.949 2025/03/01T09:14:06z: SSID: NothingButSunshine
1 BSEC warning code : 100

1 BSEC warning code : 100

1 BSEC warning code : 100

1 BSEC warning code : 100

1 BSEC warning code : 100

1 BSEC warning code : 100

1 BSEC warning code : 100

1 BSEC warning code : 100

1 BSEC warning code : 100

1 BSEC warning code : 100

 ets Jan  8 2013,rst cause:4, boot mode:(3,7)

wdt reset
load 0x4010f000, len 1384, room 16 
tail 8
chksum 0x2d
csum 0x2d
v8b899c12
~ld


7.04
 0h00:00.284 1970/01/01T08:00:00z: SPIFFS Active
 0h00:03.957 2025/03/01T09:33:48z: a4:e5:7c:26:24:d4
 0h00:03.959 2025/03/01T09:33:48z: SSID: NothingButSunshine
1 BSEC warning code : 100

1 BSEC warning code : 100

1 BSEC warning code : 100

1 BSEC warning code : 100

1 BSEC warning code : 100

1 BSEC warning code : 100

1 BSEC warning code : 100

1 BSEC warning code : 100

1 BSEC warning code : 100

1 BSEC warning code : 100

 ets Jan  8 2013,rst cause:4, boot mode:(3,7)

wdt reset
load 0x4010f000, len 1384, room 16 
tail 8
chksum 0x2d
csum 0x2d
v8b899c12
~ld


7.04
 0h00:00.280 1970/01/01T08:00:00z: SPIFFS Active
 0h00:03.954 2025/03/01T09:53:30z: a4:e5:7c:26:24:d4
 0h00:03.955 2025/03/01T09:53:30z: SSID: NothingButSunshine
1 BSEC warning code : 100

1 BSEC warning code : 100

1 BSEC warning code : 100

1 BSEC warning code : 100

1 BSEC warning code : 100

1 BSEC warning code : 100

1 BSEC warning code : 100

1 BSEC warning code : 100

1 BSEC warning code : 100

1 BSEC warning code : 100

 ets Jan  8 2013,rst cause:4, boot mode:(3,7)

wdt reset
load 0x4010f000, len 1384, room 16 
tail 8
chksum 0x2d
csum 0x2d
v8b899c12
~ld


7.04
 0h00:00.276 1970/01/01T08:00:00z: SPIFFS Active
 0h00:03.950 2025/03/01T10:13:13z: a4:e5:7c:26:24:d4
 0h00:03.951 2025/03/01T10:13:13z: SSID: NothingButSunshine
1 BSEC warning code : 100

1 BSEC warning code : 100

1 BSEC warning code : 100

1 BSEC warning code : 100

1 BSEC warning code : 100

1 BSEC warning code : 100

1 BSEC warning code : 100

1 BSEC warning code : 100

1 BSEC warning code : 100

1 BSEC warning code : 100

 ets Jan  8 2013,rst cause:4, boot mode:(3,7)

wdt reset
load 0x4010f000, len 1384, room 16 
tail 8
chksum 0x2d
csum 0x2d
v8b899c12
~ld


7.04
 0h00:00.278 1970/01/01T08:00:00z: SPIFFS Active
 0h00:03.952 2025/03/01T10:32:55z: a4:e5:7c:26:24:d4
 0h00:03.953 2025/03/01T10:32:55z: SSID: NothingButSunshine
 0h00:12.554 2025/03/01T10:33:04z: PMSX003-A (1595ms)
 0h00:13.684 2025/03/01T10:33:05z: PMSX003-B (1129ms)
 0h00:13.686 2025/03/01T10:33:05z: 3.0+RV3028+BME68X+PMSX003-A+PMSX003-B
 0h00:14.701 2025/03/01T10:33:06z: p:1001.11 gasR:701369.88 iaq:164.94(0) T:8.06(11.06) H:76.71(43.10) sIaq:379.19(0) Stabilization:1 Run in:0
 0h00:15.141 2025/03/01T10:33:07z: DATA A(2),46,76,39,1001.11,0.05,26352,0,15,10,13,13,10,13,13,53,53,1629,477,51,4,1,0,379.19
 0h00:15.700 2025/03/01T10:33:07z: p:1001.15 gasR:707182.31 iaq:164.94(0) T:8.69(14.29) H:73.90(43.85) sIaq:379.19(0) Stabilization:1 Run in:0
 0h00:16.046 2025/03/01T10:33:07z: DATA A(3),47,73,39,1001.15,0.05,26352,0,16,10,13,13,10,13,13,53,53,1662,486,47,1,0,0,379.19
 0h00:16.701 2025/03/01T10:33:08z: p:1001.21 gasR:713837.56 iaq:164.94(0) T:9.51(15.11) H:69.77(44.08) sIaq:379.19(0) Stabilization:1 Run in:0
 0h00:16.881 2025/03/01T10:33:08z: DATA A(4),49,69,39,1001.21,0.05,26352,0,16,10,13,13,10,13,13,53,53,1662,486,47,1,0,0,379.19
 0h00:17.701 2025/03/01T10:33:09z: p:1001.21 gasR:722143.88 iaq:164.94(0) T:9.86(15.46) H:67.77(44.08) sIaq:379.19(0) Stabilization:1 Run in:0
 0h00:17.718 2025/03/01T10:33:09z: DATA A(5),49,67,38,1001.21,0.05,26352,0,17,10,13,13,10,13,13,53,53,1662,486,47,1,0,0,379.19
 0h00:18.620 2025/03/01T10:33:10z: DATA A(6),49,67,38,1001.21,0.05,26352,0,18,10,12,12,10,12,12,50,50,1611,465,43,1,0,0,379.19
 0h00:18.700 2025/03/01T10:33:10z: p:1001.21 gasR:727531.06 iaq:164.94(0) T:10.07(15.67) H:66.39(43.95) sIaq:379.19(0) Stabilization:1 Run in:0
 0h00:19.701 2025/03/01T10:33:11z: p:1001.20 gasR:729864.56 iaq:164.94(0) T:10.22(15.82) H:65.25(43.75) sIaq:379.19(0) Stabilization:1 Run in:0
 0h00:20.610 2025/03/01T10:33:12z: DATA B(2),50,65,38,1001.20,0.05,26352,0,20,6246,6246,6246,4164,4164,4164,4292,2918,20736,3682,47,4,2,2,379.19
 0h00:20.701 2025/03/01T10:33:12z: p:1001.19 gasR:734576.75 iaq:164.94(0) T:10.32(15.93) H:64.37(43.56) sIaq:379.20(0) Stabilization:1 Run in:0
 0h00:21.446 2025/03/01T10:33:13z: DATA B(3),50,64,38,1001.19,0.05,26352,0,21,6246,6246,6246,4164,4164,4164,4292,2918,20736,3682,47,4,2,2,379.20
 0h00:21.701 2025/03/01T10:33:13z: p:1001.18 gasR:747445.25 iaq:164.94(0) T:10.41(16.01) H:63.59(43.35) sIaq:379.20(0) Stabilization:1 Run in:0
 0h00:22.357 2025/03/01T10:33:14z: DATA B(4),50,63,38,1001.18,0.05,26352,0,22,6246,6246,6246,4164,4164,4164,4292,2918,20553,3638,51,4,2,2,379.20
 0h00:22.701 2025/03/01T10:33:14z: p:1001.22 gasR:732999.31 iaq:164.94(0) T:10.50(16.10) H:62.92(43.19) sIaq:379.20(0) Stabilization:1 Run in:0
 0h00:23.192 2025/03/01T10:33:15z: DATA B(5),50,62,37,1001.22,0.05,26352,0,23,6246,6246,6246,4164,4164,4164,4292,2918,20553,3638,51,4,2,2,379.20
 0h00:23.701 2025/03/01T10:33:15z: p:1001.23 gasR:748264.50 iaq:164.94(0) T:10.56(16.16) H:62.34(42.98) sIaq:379.20(0) Stabilization:1 Run in:0
 0h00:24.701 2025/03/01T10:33:16z: p:1001.24 gasR:742567.06 iaq:164.94(0) T:10.62(16.22) H:61.83(42.81) sIaq:379.20(0) Stabilization:1 Run in:0
 0h00:25.437 2025/03/01T10:33:17z: DATA A(7),51,61,38,1001.24,0.05,26352,0,25,10,12,12,10,12,12,50,50,1620,468,56,1,0,0,379.20
 0h00:25.701 2025/03/01T10:33:17z: p:1001.22 gasR:744998.19 iaq:164.94(0) T:10.67(16.27) H:61.42(42.67) sIaq:379.20(0) Stabilization:1 Run in:0
 0h00:26.342 2025/03/01T10:33:18z: DATA A(8),51,61,38,1001.22,0.05,26352,0,26,9,11,11,9,11,11,46,46,1524,438,53,1,0,0,379.20
 0h00:26.700 2025/03/01T10:33:18z: p:1001.22 gasR:752941.19 iaq:164.94(0) T:10.71(16.31) H:61.06(42.53) sIaq:379.21(0) Stabilization:1 Run in:0
 0h00:27.177 2025/03/01T10:33:19z: DATA A(9),51,61,38,1001.22,0.05,26352,0,27,9,11,11,9,11,11,46,46,1524,438,53,1,0,0,379.21
 0h00:27.701 2025/03/01T10:33:19z: p:1001.22 gasR:744998.19 iaq:164.94(0) T:10.76(16.36) H:60.72(42.40) sIaq:379.21(0) Stabilization:1 Run in:0
 0h00:28.011 2025/03/01T10:33:19z: DATA A(10),51,60,37,1001.22,0.05,26352,0,28,9,11,11,9,11,11,46,46,1524,438,53,1,0,0,379.21
 0h00:28.701 2025/03/01T10:33:20z: p:1001.22 gasR:760914.00 iaq:164.94(0) T:10.80(16.40) H:60.42(42.29) sIaq:379.21(0) Stabilization:1 Run in:0
 0h00:28.916 2025/03/01T10:33:20z: DATA A(11),51,60,37,1001.22,0.05,26352,0,28,9,12,12,9,12,12,50,50,1542,443,53,1,0,0,379.21
 0h00:29.701 2025/03/01T10:33:21z: p:1001.20 gasR:755859.00 iaq:164.94(0) T:10.84(16.44) H:60.16(42.19) sIaq:379.21(0) Stabilization:1 Run in:0
 0h00:30.104 2025/03/01T10:33:22z: DATA B(6),51,60,37,1001.20,0.05,26352,0,30,6246,6246,6246,4164,4164,4164,4292,2918,20994,3708,61,2,1,0,379.21
 0h00:30.701 2025/03/01T10:33:22z: p:1001.19 gasR:756696.81 iaq:164.94(0) T:10.88(16.48) H:59.94(42.10) sIaq:379.21(0) Stabilization:1 Run in:0
 0h00:30.939 2025/03/01T10:33:22z: DATA B(7),51,59,37,1001.19,0.05,26352,0,30,6246,6246,6246,4164,4164,4164,4292,2918,20994,3708,61,2,1,0,379.21
 0h00:31.701 2025/03/01T10:33:23z: p:1001.20 gasR:755440.81 iaq:164.94(0) T:10.91(16.51) H:59.73(42.00) sIaq:379.22(0) Stabilization:1 Run in:0
 0h00:31.775 2025/03/01T10:33:23z: DATA B(8),51,59,37,1001.20,0.05,26352,0,31,6246,6246,6246,4164,4164,4164,4292,2918,20994,3708,61,2,1,0,379.22
 0h00:32.687 2025/03/01T10:33:24z: DATA B(9),51,59,37,1001.20,0.05,26352,0,32,6246,6246,6246,4164,4164,4164,4292,2918,20691,3632,65,2,1,0,379.22
 0h00:32.709 2025/03/01T10:33:24z: p:1001.21 gasR:756277.69 iaq:164.95(0) T:11.01(16.56) H:59.27(41.92) sIaq:379.22(0) Stabilization:1 Run in:0
 0h00:33.523 2025/03/01T10:33:25z: DATA B(10),51,59,37,1001.21,0.05,26352,0,33,6246,6246,6246,4164,4164,4164,4292,2918,20691,3632,65,2,1,0,379.22
 0h00:33.708 2025/03/01T10:33:25z: p:1001.21 gasR:758799.56 iaq:164.95(0) T:10.94(16.54) H:59.51(41.83) sIaq:379.22(0) Stabilization:1 Run in:0
 0h00:34.709 2025/03/01T10:33:26z: p:1001.22 gasR:765607.50 iaq:164.95(0) T:11.00(16.60) H:59.24(41.77) sIaq:379.22(0) Stabilization:1 Run in:0
 0h00:35.709 2025/03/01T10:33:27z: p:1001.20 gasR:764321.69 iaq:164.95(0) T:11.02(16.63) H:59.13(41.71) sIaq:379.22(0) Stabilization:1 Run in:0
 0h00:35.734 2025/03/01T10:33:27z: DATA A(12),51,59,37,1001.20,0.05,26040,0,35,10,12,12,10,12,12,50,50,1605,460,47,2,1,0,379.22
 0h00:36.639 2025/03/01T10:33:28z: DATA A(13),51,59,37,1001.20,0.05,26352,0,36,10,12,13,10,12,13,50,50,1599,463,57,4,1,0,379.22
 0h00:36.708 2025/03/01T10:33:28z: p:1001.22 gasR:767328.56 iaq:164.95(0) T:11.05(16.65) H:59.00(41.63) sIaq:379.22(0) Stabilization:1 Run in:0
 0h00:37.473 2025/03/01T10:33:29z: DATA A(14),51,58,37,1001.22,0.05,26352,0,37,10,12,13,10,12,13,50,50,1599,463,57,4,1,0,379.22
 0h00:37.709 2025/03/01T10:33:29z: p:1001.22 gasR:768192.06 iaq:164.95(0) T:11.07(16.67) H:58.91(41.57) sIaq:379.22(0) Stabilization:1 Run in:0
 0h00:38.308 2025/03/01T10:33:30z: DATA A(15),51,58,37,1001.22,0.05,26352,0,38,10,12,13,10,12,13,50,50,1599,463,57,4,1,0,379.22
 0h00:38.708 2025/03/01T10:33:30z: p:1001.23 gasR:767760.06 iaq:164.95(0) T:11.09(16.69) H:58.82(41.51) sIaq:379.22(0) Stabilization:1 Run in:0
 0h00:39.213 2025/03/01T10:33:31z: DATA A(16),51,58,37,1001.23,0.05,26352,0,39,10,13,15,10,13,15,53,53,1641,476,61,5,2,0,379.22
 0h00:39.709 2025/03/01T10:33:31z: p:1001.22 gasR:767760.06 iaq:164.95(0) T:11.10(16.70) H:58.77(41.46) sIaq:379.22(0) Stabilization:1 Run in:0
 0h00:40.433 2025/03/01T10:33:32z: DATA B(11),51,58,37,1001.22,0.05,26352,0,40,6246,6246,6246,4164,4164,4164,4292,2918,19050,3297,59,2,2,0,379.22
 0h00:40.709 2025/03/01T10:33:32z: p:1001.22 gasR:773413.88 iaq:164.95(0) T:11.10(16.71) H:58.75(41.41) sIaq:379.22(0) Stabilization:1 Run in:0
 0h00:41.269 2025/03/01T10:33:33z: DATA B(12),51,58,37,1001.22,0.05,26352,0,41,6262,6262,6262,4174,4174,4174,4303,2925,19050,3297,59,2,2,0,379.22
 0h00:41.709 2025/03/01T10:33:33z: p:1001.22 gasR:774730.50 iaq:164.95(0) T:11.13(16.73) H:58.70(41.39) sIaq:379.22(0) Stabilization:1 Run in:0
 0h00:42.104 2025/03/01T10:33:34z: DATA B(13),52,58,37,1001.22,0.05,26352,0,42,6262,6262,6262,4174,4174,4174,4303,2925,19050,3297,59,2,2,0,379.22
 0h00:42.709 2025/03/01T10:33:34z: p:1001.23 gasR:775610.69 iaq:164.95(0) T:11.14(16.74) H:58.63(41.34) sIaq:379.22(0) Stabilization:1 Run in:0
 0h00:43.015 2025/03/01T10:33:34z: DATA B(14),52,58,37,1001.23,0.05,26352,0,43,6262,6262,6262,4174,4174,4174,4303,2925,18561,3217,66,2,2,0,379.22
 0h00:43.708 2025/03/01T10:33:35z: p:1001.24 gasR:771665.44 iaq:164.95(0) T:11.15(16.76) H:58.58(41.29) sIaq:379.22(0) Stabilization:1 Run in:0
 0h00:43.850 2025/03/01T10:33:35z: DATA B(15),52,58,37,1001.24,0.05,26352,0,43,6246,6246,6246,4164,4164,4164,4292,2918,18561,3217,66,2,2,0,379.22
 0h00:44.708 2025/03/01T10:33:36z: p:1001.22 gasR:781828.56 iaq:164.95(0) T:11.17(16.77) H:58.56(41.26) sIaq:379.22(0) Stabilization:1 Run in:0
 0h00:45.709 2025/03/01T10:33:37z: p:1001.24 gasR:773852.25 iaq:164.95(0) T:11.17(16.77) H:58.55(41.23) sIaq:379.22(0) Stabilization:1 Run in:0
 0h00:46.030 2025/03/01T10:33:37z: DATA A(17),52,58,37,1001.24,0.05,26352,0,46,9,13,15,9,13,15,53,53,1593,451,61,6,3,0,379.22
 0h00:46.709 2025/03/01T10:33:38z: p:1001.22 gasR:771665.44 iaq:164.95(0) T:11.18(16.78) H:58.54(41.19) sIaq:379.22(0) Stabilization:1 Run in:0
 0h00:46.935 2025/03/01T10:33:38z: DATA A(18),52,58,37,1001.22,0.05,26352,0,46,9,13,15,9,13,15,53,53,1572,450,57,6,3,0,379.22
 0h00:47.708 2025/03/01T10:33:39z: p:1001.22 gasR:777820.00 iaq:164.95(0) T:11.19(16.79) H:58.50(41.15) sIaq:379.22(0) Stabilization:1 Run in:0
 0h00:47.770 2025/03/01T10:33:39z: DATA A(19),52,58,37,1001.22,0.05,26352,0,47,9,13,15,9,13,15,53,53,1572,450,57,6,3,0,379.22
 0h00:48.604 2025/03/01T10:33:40z: DATA A(20),52,58,37,1001.22,0.05,26352,0,48,9,13,15,9,13,15,53,53,1572,450,57,6,3,0,379.22
 0h00:48.708 2025/03/01T10:33:40z: p:1001.21 gasR:778707.25 iaq:164.95(0) T:11.20(16.80) H:58.49(41.13) sIaq:379.22(0) Stabilization:1 Run in:0
 0h00:49.709 2025/03/01T10:33:41z: p:1001.23 gasR:776934.75 iaq:164.94(0) T:11.21(16.82) H:58.45(41.12) sIaq:379.22(0) Stabilization:1 Run in:0
 0h00:50.709 2025/03/01T10:33:42z: p:1001.22 gasR:782725.00 iaq:164.94(0) T:11.23(16.83) H:58.40(41.09) sIaq:379.21(0) Stabilization:1 Run in:0
 0h00:50.759 2025/03/01T10:33:42z: DATA B(16),52,58,37,1001.22,0.05,26352,0,50,6246,6246,6246,4164,4164,4164,4292,2918,17697,3025,62,2,1,0,379.21
 0h00:51.595 2025/03/01T10:33:43z: DATA B(17),52,58,37,1001.22,0.05,26352,0,51,6246,6246,6246,4164,4164,4164,4292,2918,17697,3025,62,2,1,0,379.21
 0h00:51.708 2025/03/01T10:33:43z: p:1001.24 gasR:786784.50 iaq:164.94(0) T:11.26(16.86) H:58.31(41.05) sIaq:379.21(0) Stabilization:1 Run in:0
 0h00:52.430 2025/03/01T10:33:44z: DATA B(18),52,58,37,1001.24,0.05,26352,0,52,6246,6246,6246,4164,4164,4164,4292,2918,17697,3025,62,2,1,0,379.21
 0h00:52.709 2025/03/01T10:33:44z: p:1001.22 gasR:778263.38 iaq:164.94(0) T:11.26(16.86) H:58.35(41.05) sIaq:379.21(0) Stabilization:1 Run in:0
 0h00:53.341 2025/03/01T10:33:45z: DATA B(19),52,58,37,1001.22,0.05,26352,0,53,6262,6262,6262,4174,4174,4174,4303,2925,17481,2945,58,2,1,0,379.21
 0h00:53.709 2025/03/01T10:33:45z: p:1001.22 gasR:780041.88 iaq:164.94(0) T:11.27(16.87) H:58.32(41.02) sIaq:379.20(0) Stabilization:1 Run in:0
 0h00:54.176 2025/03/01T10:33:46z: DATA B(20),52,58,37,1001.22,0.05,26352,0,54,6262,6262,6262,4174,4174,4174,4303,2925,17481,2945,58,2,1,0,379.20
 0h00:54.709 2025/03/01T10:33:46z: p:1001.25 gasR:781381.12 iaq:164.94(0) T:11.29(16.89) H:58.30(41.01) sIaq:379.20(0) Stabilization:1 Run in:0
 0h00:55.493 2025/03/01T10:33:47z: DATA A(21),52,58,37,1001.25,0.05,26352,0,55,9,15,16,9,15,16,57,57,1626,463,62,9,3,0,379.20
 0h00:55.709 2025/03/01T10:33:47z: p:1001.23 gasR:780934.25 iaq:164.94(0) T:11.29(16.89) H:58.33(41.00) sIaq:379.20(0) Stabilization:1 Run in:0
 0h00:56.327 2025/03/01T10:33:48z: DATA A(22),52,58,37,1001.23,0.05,26352,0,56,9,15,16,9,15,16,57,57,1626,463,62,9,3,0,379.20
 0h00:56.708 2025/03/01T10:33:48z: p:1001.24 gasR:782276.56 iaq:164.94(0) T:11.29(16.90) H:58.32(40.98) sIaq:379.20(0) Stabilization:1 Run in:0
 0h00:57.232 2025/03/01T10:33:49z: DATA A(23),52,58,37,1001.24,0.05,26040,0,57,9,15,16,9,15,16,57,57,1590,461,66,8,2,0,379.20
 0h00:57.709 2025/03/01T10:33:49z: p:1001.23 gasR:792723.06 iaq:164.86(0) T:11.29(16.89) H:58.33(40.95) sIaq:378.96(0) Stabilization:1 Run in:0
 0h00:58.067 2025/03/01T10:33:49z: DATA A(24),52,58,37,1001.23,0.05,26352,0,58,9,15,16,9,15,16,57,57,1590,461,66,8,2,0,378.96
 0h00:58.709 2025/03/01T10:33:50z: p:1001.23 gasR:780041.88 iaq:164.85(0) T:11.28(16.89) H:58.38(40.94) sIaq:378.94(0) Stabilization:1 Run in:0
 0h00:58.901 2025/03/01T10:33:50z: DATA A(25),52,58,37,1001.23,0.05,26352,0,58,9,15,16,9,15,16,57,57,1590,461,66,8,2,0,378.94
 0h00:59.709 2025/03/01T10:33:51z: p:1001.23 gasR:785878.75 iaq:164.78(0) T:11.28(16.88) H:58.42(40.93) sIaq:378.75(0) Stabilization:1 Run in:0
 0h01:00.709 2025/03/01T10:33:52z: p:1001.24 gasR:781381.12 iaq:164.77(0) T:11.27(16.88) H:58.46(40.92) sIaq:378.71(0) Stabilization:1 Run in:0
 0h01:01.087 2025/03/01T10:33:52z: DATA B(21),52,58,37,1001.24,0.05,26352,0,61,6262,6262,6262,4174,4174,4174,4303,2925,16884,2918,62,2,1,0,378.71
 0h01:01.708 2025/03/01T10:33:53z: p:1001.25 gasR:788147.00 iaq:164.69(0) T:11.28(16.89) H:58.44(40.91) sIaq:378.48(0) Stabilization:1 Run in:0
 0h01:01.922 2025/03/01T10:33:53z: DATA B(22),52,58,37,1001.25,0.05,26352,0,61,6262,6262,6262,4174,4174,4174,4303,2925,16884,2918,62,2,1,0,378.48
 0h01:02.709 2025/03/01T10:33:54z: p:1001.22 gasR:782725.00 iaq:164.67(0) T:11.28(16.88) H:58.44(40.89) sIaq:378.44(0) Stabilization:1 Run in:0
 0h01:02.758 2025/03/01T10:33:54z: DATA B(23),52,58,37,1001.22,0.05,26352,0,62,6262,6262,6262,4174,4174,4174,4303,2925,16884,2918,62,2,1,0,378.44
 0h01:03.668 2025/03/01T10:33:55z: DATA B(24),52,58,37,1001.22,0.05,26352,0,63,6262,6262,6262,4174,4174,4174,4303,2925,16281,2798,64,2,1,0,378.44
 0h01:03.708 2025/03/01T10:33:55z: p:1001.23 gasR:789058.00 iaq:164.59(0) T:11.28(16.88) H:58.49(40.90) sIaq:378.21(0) Stabilization:1 Run in:0
 0h01:04.503 2025/03/01T10:33:56z: DATA B(25),52,58,37,1001.23,0.05,26352,0,64,6262,6262,6262,4174,4174,4174,4303,2925,16281,2798,64,2,1,0,378.21
 0h01:04.708 2025/03/01T10:33:56z: p:1001.25 gasR:788147.00 iaq:164.53(0) T:11.29(16.89) H:58.47(40.89) sIaq:378.04(0) Stabilization:1 Run in:0
 0h01:05.708 2025/03/01T10:33:57z: p:1001.23 gasR:786784.50 iaq:164.50(0) T:11.29(16.89) H:58.45(40.86) sIaq:377.93(0) Stabilization:1 Run in:0
 0h01:05.789 2025/03/01T10:33:57z: DATA A(26),52,58,37,1001.23,0.05,26352,0,65,9,12,13,9,12,13,50,50,1512,439,50,5,1,0,377.93
 0h01:06.624 2025/03/01T10:33:58z: DATA A(27),52,58,37,1001.23,0.05,26352,0,66,9,12,13,9,12,13,50,50,1512,439,50,5,1,0,377.93
 0h01:06.708 2025/03/01T10:33:58z: p:1001.23 gasR:788147.00 iaq:164.45(0) T:11.30(16.91) H:58.43(40.87) sIaq:377.80(0) Stabilization:1 Run in:0
 0h01:07.529 2025/03/01T10:33:59z: DATA A(28),52,58,37,1001.23,0.05,26352,0,67,10,13,13,10,13,13,53,53,1524,457,54,5,1,0,377.80
 0h01:07.709 2025/03/01T10:33:59z: p:1001.24 gasR:788147.00 iaq:164.41(0) T:11.31(16.91) H:58.41(40.86) sIaq:377.68(0) Stabilization:1 Run in:0
 0h01:08.363 2025/03/01T10:34:00z: DATA A(29),52,58,37,1001.24,0.05,26352,0,68,10,13,13,10,13,13,53,53,1524,457,54,5,1,0,377.68
 0h01:08.708 2025/03/01T10:34:00z: p:1001.24 gasR:794106.25 iaq:164.31(0) T:11.32(16.92) H:58.38(40.85) sIaq:377.40(0) Stabilization:1 Run in:0
 0h01:09.198 2025/03/01T10:34:01z: DATA A(30),52,58,37,1001.24,0.05,26352,0,69,10,13,13,10,13,13,53,53,1524,457,54,5,1,0,377.40
 0h01:09.709 2025/03/01T10:34:01z: p:1001.23 gasR:792263.06 iaq:164.24(0) T:11.33(16.94) H:58.39(40.87) sIaq:377.20(0) Stabilization:1 Run in:0
 0h01:10.708 2025/03/01T10:34:02z: p:1001.23 gasR:790886.25 iaq:164.20(0) T:11.35(16.96) H:58.32(40.85) sIaq:377.08(0) Stabilization:1 Run in:0
 0h01:11.414 2025/03/01T10:34:03z: DATA B(26),52,58,37,1001.23,0.05,26352,0,71,6278,6278,6278,4185,4185,4185,4313,2932,17076,2978,78,3,1,0,377.08
 0h01:11.708 2025/03/01T10:34:03z: p:1001.25 gasR:789971.06 iaq:164.17(0) T:11.38(16.98) H:58.27(40.85) sIaq:376.99(0) Stabilization:1 Run in:0
 0h01:12.250 2025/03/01T10:34:04z: DATA B(27),52,58,37,1001.25,0.05,26352,0,72,6278,6278,6278,4185,4185,4185,4313,2932,17076,2978,78,3,1,0,376.99
 0h01:12.709 2025/03/01T10:34:04z: p:1001.26 gasR:798284.94 iaq:164.06(0) T:11.39(16.99) H:58.23(40.84) sIaq:376.67(0) Stabilization:1 Run in:0
 0h01:13.085 2025/03/01T10:34:04z: DATA B(28),52,58,37,1001.26,0.05,25104,0,73,6278,6278,6278,4185,4185,4185,4313,2932,17076,2978,78,3,1,0,376.67
 0h01:13.708 2025/03/01T10:34:05z: p:1001.25 gasR:796422.31 iaq:163.98(0) T:11.40(17.00) H:58.24(40.84) sIaq:376.45(0) Stabilization:1 Run in:0
 0h01:13.995 2025/03/01T10:34:05z: DATA B(29),52,58,37,1001.25,0.05,26352,0,74,6262,6262,6262,4174,4174,4174,4303,2925,16926,2974,72,3,1,0,376.45
 0h01:14.709 2025/03/01T10:34:06z: p:1001.24 gasR:798751.94 iaq:163.89(0) T:11.40(17.00) H:58.27(40.84) sIaq:376.18(0) Stabilization:1 Run in:0
 0h01:14.831 2025/03/01T10:34:06z: DATA B(30),52,58,37,1001.24,0.05,26352,0,74,6262,6262,6262,4174,4174,4174,4303,2925,16926,2974,72,3,1,0,376.18
 0h01:15.709 2025/03/01T10:34:07z: p:1001.23 gasR:794568.38 iaq:163.85(0) T:11.42(17.02) H:58.22(40.82) sIaq:376.07(0) Stabilization:1 Run in:0
 0h01:16.086 2025/03/01T10:34:07z: DATA A(31),52,58,37,1001.23,0.05,26352,0,76,9,12,12,9,12,12,50,50,1500,450,48,2,1,0,376.07
 0h01:16.708 2025/03/01T10:34:08z: p:1001.25 gasR:796422.31 iaq:163.79(0) T:11.42(17.02) H:58.25(40.82) sIaq:375.92(0) Stabilization:1 Run in:0
 0h01:16.920 2025/03/01T10:34:08z: DATA A(32),52,58,37,1001.25,0.05,26352,0,76,9,12,12,9,12,12,50,50,1500,450,48,2,1,0,375.92
 0h01:17.708 2025/03/01T10:34:09z: p:1001.26 gasR:796887.19 iaq:163.74(0) T:11.43(17.03) H:58.20(40.80) sIaq:375.77(0) Stabilization:1 Run in:0
 0h01:17.826 2025/03/01T10:34:09z: DATA A(33),52,58,37,1001.26,0.05,26352,0,77,10,13,13,10,13,13,53,53,1620,491,54,2,1,0,375.77
 0h01:18.660 2025/03/01T10:34:10z: DATA A(34),52,58,37,1001.26,0.05,26352,0,78,10,13,13,10,13,13,53,53,1620,491,54,2,1,0,375.77
 0h01:18.708 2025/03/01T10:34:10z: p:1001.26 gasR:800156.25 iaq:163.67(0) T:11.45(17.05) H:58.17(40.79) sIaq:375.55(0) Stabilization:1 Run in:0
 0h01:19.494 2025/03/01T10:34:11z: DATA A(35),52,58,37,1001.26,0.05,26352,0,79,10,13,13,10,13,13,53,53,1620,491,54,2,1,0,375.55
 0h01:19.708 2025/03/01T10:34:11z: p:1001.25 gasR:801095.25 iaq:163.59(0) T:11.45(17.06) H:58.17(40.79) sIaq:375.33(0) Stabilization:1 Run in:0
 0h01:20.709 2025/03/01T10:34:12z: p:1001.25 gasR:801095.25 iaq:163.52(0) T:11.47(17.08) H:58.10(40.76) sIaq:375.13(0) Stabilization:1 Run in:0
 0h01:21.709 2025/03/01T10:34:13z: p:1001.28 gasR:802507.81 iaq:163.44(0) T:11.49(17.09) H:58.08(40.76) sIaq:374.92(0) Stabilization:1 Run in:0
 0h01:21.739 2025/03/01T10:34:13z: DATA B(31),52,58,37,1001.28,0.05,26352,0,81,6278,6278,6278,4185,4185,4185,4313,2932,16626,2870,64,2,1,0,374.92
 0h01:22.575 2025/03/01T10:34:14z: DATA B(32),52,58,37,1001.28,0.05,26352,0,82,6278,6278,6278,4185,4185,4185,4313,2932,16626,2870,64,2,1,0,374.92
 0h01:22.708 2025/03/01T10:34:14z: p:1001.27 gasR:796887.19 iaq:163.44(0) T:11.50(17.10) H:58.06(40.75) sIaq:374.90(0) Stabilization:1 Run in:0
 0h01:23.410 2025/03/01T10:34:15z: DATA B(33),52,58,37,1001.27,0.05,26352,0,83,6262,6262,6262,4174,4174,4174,4303,2925,16626,2870,64,2,1,0,374.90
 0h01:23.709 2025/03/01T10:34:15z: p:1001.25 gasR:799687.62 iaq:163.40(0) T:11.51(17.11) H:58.07(40.75) sIaq:374.80(0) Stabilization:1 Run in:0
 0h01:24.320 2025/03/01T10:34:16z: DATA B(34),52,58,37,1001.25,0.05,26352,0,84,6262,6262,6262,4174,4174,4174,4303,2925,16218,2759,66,3,2,0,374.80
 0h01:24.708 2025/03/01T10:34:16z: p:1001.26 gasR:795494.25 iaq:163.42(0) T:11.51(17.11) H:58.05(40.71) sIaq:374.84(0) Stabilization:1 Run in:0
 0h01:25.155 2025/03/01T10:34:17z: DATA B(35),52,58,37,1001.26,0.05,26352,0,85,6262,6262,6262,4174,4174,4174,4303,2925,16218,2759,66,3,2,0,374.84
 0h01:25.709 2025/03/01T10:34:17z: p:1001.27 gasR:799687.62 iaq:163.39(0) T:11.52(17.12) H:58.05(40.72) sIaq:374.75(0) Stabilization:1 Run in:0
 0h01:26.382 2025/03/01T10:34:18z: DATA A(36),52,58,37,1001.27,0.05,26352,0,86,10,13,16,10,13,16,53,53,1593,479,64,7,2,1,374.75
 0h01:26.708 2025/03/01T10:34:18z: p:1001.25 gasR:795958.00 iaq:163.40(0) T:11.52(17.12) H:58.06(40.70) sIaq:374.78(0) Stabilization:1 Run in:0
 0h01:27.217 2025/03/01T10:34:19z: DATA A(37),52,58,37,1001.25,0.05,26352,0,87,10,13,16,10,13,16,53,53,1593,479,64,7,2,1,374.78
 0h01:27.709 2025/03/01T10:34:19z: p:1001.24 gasR:798284.94 iaq:163.38(0) T:11.52(17.13) H:58.05(40.69) sIaq:374.74(0) Stabilization:1 Run in:0
 0h01:28.122 2025/03/01T10:34:20z: DATA A(38),52,58,37,1001.24,0.05,26352,0,88,10,13,16,10,13,16,53,53,1677,507,66,7,2,1,374.74
 0h01:28.709 2025/03/01T10:34:20z: p:1001.27 gasR:797352.56 iaq:163.38(0) T:11.54(17.14) H:58.02(40.68) sIaq:374.74(0) Stabilization:1 Run in:0
 0h01:28.956 2025/03/01T10:34:20z: DATA A(39),52,58,37,1001.27,0.05,26352,0,88,10,13,16,10,13,16,53,53,1677,507,66,7,2,1,374.74
 0h01:29.708 2025/03/01T10:34:21z: p:1001.27 gasR:800625.50 iaq:163.35(0) T:11.55(17.15) H:58.00(40.68) sIaq:374.64(0) Stabilization:1 Run in:0
 0h01:29.791 2025/03/01T10:34:21z: DATA A(40),52,58,37,1001.27,0.05,26352,0,89,10,13,16,10,13,16,53,53,1677,507,66,7,2,1,374.64
 0h01:30.709 2025/03/01T10:34:22z: p:1001.26 gasR:795958.00 iaq:163.37(0) T:11.55(17.16) H:58.03(40.68) sIaq:374.69(0) Stabilization:1 Run in:0
 0h01:31.158 2025/03/01T10:34:23z: DATA B(36),52,58,37,1001.26,0.05,26352,0,91,6278,6278,6278,4185,4185,4185,4313,2932,17292,2956,52,3,2,0,374.69
 0h01:31.708 2025/03/01T10:34:23z: p:1001.26 gasR:801095.25 iaq:163.33(0) T:11.57(17.17) H:58.00(40.67) sIaq:374.59(0) Stabilization:1 Run in:0
 0h01:32.067 2025/03/01T10:34:23z: DATA B(37),52,57,37,1001.26,0.05,26352,0,92,6262,6262,6262,4174,4174,4174,4303,2925,16740,2836,56,6,2,0,374.59
 0h01:32.709 2025/03/01T10:34:24z: p:1001.26 gasR:800625.50 iaq:163.30(0) T:11.58(17.18) H:57.99(40.66) sIaq:374.51(0) Stabilization:1 Run in:0
 0h01:32.903 2025/03/01T10:34:24z: DATA B(38),52,57,37,1001.26,0.05,26352,0,92,6262,6262,6262,4174,4174,4174,4303,2925,16740,2836,56,6,2,0,374.51
 0h01:33.709 2025/03/01T10:34:25z: p:1001.27 gasR:802036.44 iaq:163.26(0) T:11.58(17.18) H:57.98(40.65) sIaq:374.40(0) Stabilization:1 Run in:0
 0h01:33.738 2025/03/01T10:34:25z: DATA B(39),52,57,37,1001.27,0.05,26352,0,93,6262,6262,6262,4174,4174,4174,4303,2925,16740,2836,56,6,2,0,374.40
 0h01:34.648 2025/03/01T10:34:26z: DATA B(40),52,57,37,1001.27,0.05,26352,0,94,6262,6262,6262,4174,4174,4174,4303,2925,16371,2770,54,5,2,0,374.40
 0h01:34.708 2025/03/01T10:34:26z: p:1001.27 gasR:795958.00 iaq:163.29(0) T:11.60(17.20) H:57.96(40.65) sIaq:374.49(0) Stabilization:1 Run in:0
 0h01:35.708 2025/03/01T10:34:27z: p:1001.28 gasR:802979.81 iaq:163.25(0) T:11.60(17.20) H:57.97(40.65) sIaq:374.36(0) Stabilization:1 Run in:0
 0h01:36.679 2025/03/01T10:34:28z: DATA A(41),52,57,37,1001.28,0.05,26352,0,96,9,13,17,9,13,17,53,53,1653,494,74,8,3,2,374.36
 0h01:36.708 2025/03/01T10:34:28z: p:1001.29 gasR:801565.56 iaq:163.22(0) T:11.62(17.22) H:57.93(40.65) sIaq:374.29(0) Stabilization:1 Run in:0
 0h01:37.513 2025/03/01T10:34:29z: DATA A(42),52,57,37,1001.29,0.05,26352,0,97,9,13,17,9,13,17,53,53,1653,494,74,8,3,2,374.29
 0h01:37.709 2025/03/01T10:34:29z: p:1001.28 gasR:798284.94 iaq:163.24(0) T:11.63(17.23) H:57.92(40.63) sIaq:374.32(0) Stabilization:1 Run in:0
 0h01:38.418 2025/03/01T10:34:30z: DATA A(43),52,57,37,1001.28,0.05,26352,0,98,9,13,17,9,13,17,53,53,1629,486,72,9,3,2,374.32
 0h01:38.708 2025/03/01T10:34:30z: p:1001.28 gasR:797352.56 iaq:163.26(0) T:11.64(17.24) H:57.91(40.63) sIaq:374.38(0) Stabilization:1 Run in:0
 0h01:39.253 2025/03/01T10:34:31z: DATA A(44),52,57,37,1001.28,0.05,26352,0,99,9,13,17,9,13,17,53,53,1629,486,72,9,3,2,374.38
 0h01:39.709 2025/03/01T10:34:31z: p:1001.27 gasR:798751.94 iaq:163.26(0) T:11.65(17.25) H:57.91(40.63) sIaq:374.40(0) Stabilization:1 Run in:0
 0h01:40.087 2025/03/01T10:34:31z: DATA A(45),52,57,37,1001.27,0.05,26352,0,100,9,13,17,9,13,17,53,53,1629,486,72,9,3,2,374.40
 0h01:40.708 2025/03/01T10:34:32z: p:1001.28 gasR:798284.94 iaq:163.27(0) T:11.66(17.26) H:57.90(40.62) sIaq:374.42(0) Stabilization:1 Run in:0
 0h01:41.481 2025/03/01T10:34:33z: DATA B(41),52,57,37,1001.28,0.05,26352,0,101,6262,6262,6262,4174,4174,4174,4303,2925,16035,2674,42,5,2,0,374.42
 0h01:41.708 2025/03/01T10:34:33z: p:1001.30 gasR:803452.31 iaq:163.23(0) T:11.67(17.27) H:57.90(40.63) sIaq:374.30(0) Stabilization:1 Run in:0
 0h01:42.391 2025/03/01T10:34:34z: DATA B(42),53,57,38,1001.30,0.05,26352,0,102,6262,6262,6262,4174,4174,4174,4303,2925,15642,2587,44,4,1,0,374.30
 0h01:42.709 2025/03/01T10:34:34z: p:1001.30 gasR:801095.25 iaq:163.21(0) T:11.67(17.27) H:57.94(40.63) sIaq:374.26(0) Stabilization:1 Run in:0
 0h01:43.226 2025/03/01T10:34:35z: DATA B(43),53,57,38,1001.30,0.05,26352,0,103,6262,6262,6262,4174,4174,4174,4303,2925,15642,2587,44,4,1,0,374.26
{"SensorId":"a4:e5:7c:26:24:d4","DateTime":"2025/03/01T10:34:35z","Geo":"PurpleAir-24d4","Mem":26352,"memfrag":2,"memfb":25968,"memcs":448,"Id":1,"lat":0.000000,"lon":0.000000,"Adc":"nan","loggingrate":15,"place":"outside","version":"7.04","uptime":103,"rssi":0,"period":103,"httpsuccess":0,"httpsends":0,"hardwareversion":"3.0","hardwarediscovered":"3.0+RV3028+BME68X+PMSX003-A+PMSX003-B","current_temp_f":53,"current_humidity":57,"current_dewpoint_f":38,"pressure":1001.30,"current_temp_f_680":53,"current_humidity_680":57,"current_dewpoint_f_680":38,"pressure_680":1001.30,"gas_680":"nan","p25aqic_b":"rgb(126,0,35)","pm2.5_aqi_b":2924,"pm1_0_cf_1_b":6258.65,"p_0_3_um_b":17937.42,"pm2_5_cf_1_b":6258.65,"p_0_5_um_b":3105.00,"pm10_0_cf_1_b":6258.65,"p_1_0_um_b":60.42,"pm1_0_atm_b":4172.05,"p_2_5_um_b":3.02,"pm2_5_atm_b":4172.05,"p_5_0_um_b":1.47,"pm10_0_atm_b":4172.05,"p_10_0_um_b":0.23,"p25aqic":"rgb(255,255,0)","pm2.5_aqi":53,"pm1_0_cf_1":9.51,"p_0_3_um":1596.33,"pm2_5_cf_1":12.84,"p_0_5_um":468.71,"pm10_0_cf_1":14.09,"p_1_0_um":57.62,"pm1_0_atm":9.51,"p_2_5_um":4.80,"pm2_5_atm":12.84,"p_5_0_um":1.49,"pm10_0_atm":14.09,"p_10_0_um":0.33,"wlstate":"No SSID","status_0":0,"status_1":0,"status_2":0,"status_3":0,"status_4":2,"status_5":2,"status_7":0,"status_8":2,"status_9":2}
 0h01:43.830 2025/03/01T10:34:35z: update.purpleair.com:80/firmware/2mb/update.asp
 0h01:43.837 2025/03/01T10:34:35z: Error: -1
1 BSEC warning code : 100

UTCDateTime,mac_address,firmware_ver,hardware,current_temp_f,current_humidity,current_dewpoint_f,pressure,adc,mem,rssi,uptime,pm1_0_cf_1,pm2_5_cf_1,pm10_0_cf_1,pm1_0_atm,pm2_5_atm,pm10_0_atm,pm2.5_aqi_cf_1,pm2.5_aqi_atm,p_0_3_um,p_0_5_um,p_1_0_um,p_2_5_um,p_5_0_um,p_10_0_um,pm1_0_cf_1_b,pm2_5_cf_1_b,pm10_0_cf_1_b,pm1_0_atm_b,pm2_5_atm_b,pm10_0_atm_b,pm2.5_aqi_cf_1_b,pm2.5_aqi_atm_b,p_0_3_um_b,p_0_5_um_b,p_1_0_um_b,p_2_5_um_b,p_5_0_um_b,p_10_0_um_b,gas
2025/03/01T10:34:35z,a4:e5:7c:26:24:d4,7.04,3.0+RV3028+BME68X+PMSX003-A+PMSX003-B,53,57,38,1001.30,nan,26352,0,103,9.51,12.84,14.09,9.51,12.84,14.09,53,53,1596.33,468.71,57.62,4.80,1.49,0.33,6258.65,6258.65,6258.65,4172.05,4172.05,4172.05,4301,2924,17937.42,3105.00,60.42,3.02,1.47,0.23,nan
1 BSEC warning code : 100

1 BSEC warning code : 100

1 BSEC warning code : 100

1 BSEC warning code : 100

1 BSEC warning code : 100

1 BSEC warning code : 100

1 BSEC warning code : 100

1 BSEC warning code : 100

1 BSEC warning code : 100

1 BSEC warning code : 100

 ets Jan  8 2013,rst cause:4, boot mode:(3,7)

wdt reset
load 0x4010f000, len 1384, room 16 
tail 8
chksum 0x2d
csum 0x2d
v8b899c12
~ld


7.04
 0h00:00.283 1970/01/01T08:00:00z: SPIFFS Active
 0h00:03.957 2025/03/01T16:47:54z: a4:e5:7c:26:24:d4
 0h00:03.959 2025/03/01T16:47:54z: SSID: NothingButSunshine
1 BSEC warning code : 100

1 BSEC warning code : 100

1 BSEC warning code : 100

1 BSEC warning code : 100

1 BSEC warning code : 100

1 BSEC warning code : 100

1 BSEC warning code : 100

1 BSEC warning code : 100

1 BSEC warning code : 100

1 BSEC warning code : 100

 ets Jan  8 2013,rst cause:4, boot mode:(3,7)

wdt reset
load 0x4010f000, len 1384, room 16 
tail 8
chksum 0x2d
csum 0x2d
v8b899c12
~ld


7.04
 0h00:00.287 1970/01/01T08:00:00z: SPIFFS Active
 0h00:03.961 2025/03/01T17:07:37z: a4:e5:7c:26:24:d4
 0h00:03.963 2025/03/01T17:07:37z: SSID: NothingButSunshine
1 BSEC warning code : 100

1 BSEC warning code : 100

1 BSEC warning code : 100

1 BSEC warning code : 100

1 BSEC warning code : 100

1 BSEC warning code : 100

1 BSEC warning code : 100

1 BSEC warning code : 100

1 BSEC warning code : 100

1 BSEC warning code : 100

 ets Jan  8 2013,rst cause:4, boot mode:(3,7)

wdt reset
load 0x4010f000, len 1384, room 16 
tail 8
chksum 0x2d
csum 0x2d
v8b899c12
~ld


7.04
 0h00:00.282 1970/01/01T08:00:00z: SPIFFS Active
 0h00:03.956 2025/03/01T17:27:19z: a4:e5:7c:26:24:d4
 0h00:03.957 2025/03/01T17:27:19z: SSID: NothingButSunshine
1 BSEC warning code : 100

1 BSEC warning code : 100

1 BSEC warning code : 100

1 BSEC warning code : 100

1 BSEC warning code : 100

1 BSEC warning code : 100

1 BSEC warning code : 100

1 BSEC warning code : 100

1 BSEC warning code : 100

1 BSEC warning code : 100

 ets Jan  8 2013,rst cause:4, boot mode:(3,7)

wdt reset
load 0x4010f000, len 1384, room 16 
tail 8
chksum 0x2d
csum 0x2d
v8b899c12
~ld


7.04
 0h00:00.280 1970/01/01T08:00:00z: SPIFFS Active
 0h00:03.954 2025/03/01T17:47:01z: a4:e5:7c:26:24:d4
 0h00:03.956 2025/03/01T17:47:01z: SSID: NothingButSunshine
1 BSEC warning code : 100

1 BSEC warning code : 100

1 BSEC warning code : 100

1 BSEC warning code : 100

1 BSEC warning code : 100

1 BSEC warning code : 100

1 BSEC warning code : 100

1 BSEC warning code : 100

1 BSEC warning code : 100

1 BSEC warning code : 100

 ets Jan  8 2013,rst cause:4, boot mode:(3,7)

wdt reset
load 0x4010f000, len 1384, room 16 
tail 8
chksum 0x2d
csum 0x2d
v8b899c12
~ld


7.04
 0h00:00.280 1970/01/01T08:00:00z: SPIFFS Active
 0h00:03.954 2025/03/01T18:06:43z: a4:e5:7c:26:24:d4
 0h00:03.956 2025/03/01T18:06:43z: SSID: NothingButSunshine
1 BSEC warning code : 100

1 BSEC warning code : 100

1 BSEC warning code : 100

1 BSEC warning code : 100

1 BSEC warning code : 100

1 BSEC warning code : 100

1 BSEC warning code : 100

1 BSEC warning code : 100

1 BSEC warning code : 100

1 BSEC warning code : 100

 ets Jan  8 2013,rst cause:4, boot mode:(3,7)

wdt reset
load 0x4010f000, len 1384, room 16 
tail 8
chksum 0x2d
csum 0x2d
v8b899c12
~ld


7.04
 0h00:00.285 1970/01/01T08:00:00z: SPIFFS Active
 0h00:03.960 2025/03/01T18:26:25z: a4:e5:7c:26:24:d4
 0h00:03.961 2025/03/01T18:26:25z: SSID: NothingButSunshine
1 BSEC warning code : 100

1 BSEC warning code : 100

1 BSEC warning code : 100

1 BSEC warning code : 100

1 BSEC warning code : 100

1 BSEC warning code : 100

1 BSEC warning code : 100

1 BSEC warning code : 100

1 BSEC warning code : 100

1 BSEC warning code : 100

 ets Jan  8 2013,rst cause:4, boot mode:(3,7)

wdt reset
load 0x4010f000, len 1384, room 16 
tail 8
chksum 0x2d
csum 0x2d
v8b899c12
~ld


7.04
 0h00:00.285 1970/01/01T08:00:00z: SPIFFS Active
 0h00:03.959 2025/03/01T18:46:08z: a4:e5:7c:26:24:d4
 0h00:03.961 2025/03/01T18:46:08z: SSID: NothingButSunshine
1 BSEC warning code : 100

1 BSEC warning code : 100

1 BSEC warning code : 100

1 BSEC warning code : 100

1 BSEC warning code : 100

1 BSEC warning code : 100

1 BSEC warning code : 100

1 BSEC warning code : 100

1 BSEC warning code : 100

1 BSEC warning code : 100

 ets Jan  8 2013,rst cause:4, boot mode:(3,7)

wdt reset
load 0x4010f000, len 1384, room 16 
tail 8
chksum 0x2d
csum 0x2d
v8b899c12
~ld


7.04
 0h00:00.276 1970/01/01T08:00:00z: SPIFFS Active
 0h00:03.950 2025/03/01T19:05:49z: a4:e5:7c:26:24:d4
 0h00:03.952 2025/03/01T19:05:49z: SSID: NothingButSunshine
1 BSEC warning code : 100

1 BSEC warning code : 100

1 BSEC warning code : 100

1 BSEC warning code : 100

1 BSEC warning code : 100

1 BSEC warning code : 100

1 BSEC warning code : 100

1 BSEC warning code : 100

1 BSEC warning code : 100

1 BSEC warning code : 100

 ets Jan  8 2013,rst cause:4, boot mode:(3,7)

wdt reset
load 0x4010f000, len 1384, room 16 
tail 8
chksum 0x2d
csum 0x2d
v8b899c12
~ld


7.04
 0h00:00.287 1970/01/01T08:00:00z: SPIFFS Active
 0h00:03.961 2025/03/01T19:25:32z: a4:e5:7c:26:24:d4
 0h00:03.963 2025/03/01T19:25:32z: SSID: NothingButSunshine
1 BSEC warning code : 100

1 BSEC warning code : 100

1 BSEC warning code : 100

1 BSEC warning code : 100

1 BSEC warning code : 100

1 BSEC warning code : 100

1 BSEC warning code : 100

1 BSEC warning code : 100

1 BSEC warning code : 100

1 BSEC warning code : 100

 ets Jan  8 2013,rst cause:4, boot mode:(3,7)

wdt reset
load 0x4010f000, len 1384, room 16 
tail 8
chksum 0x2d
csum 0x2d
v8b899c12
~ld


7.04
 0h00:00.284 1970/01/01T08:00:00z: SPIFFS Active
 0h00:03.958 2025/03/01T19:45:13z: a4:e5:7c:26:24:d4
 0h00:03.960 2025/03/01T19:45:13z: SSID: NothingButSunshine
1 BSEC warning code : 100

1 BSEC warning code : 100

1 BSEC warning code : 100

1 BSEC warning code : 100

1 BSEC warning code : 100

1 BSEC warning code : 100

1 BSEC warning code : 100

1 BSEC warning code : 100

1 BSEC warning code : 100

1 BSEC warning code : 100

 ets Jan  8 2013,rst cause:4, boot mode:(3,7)

wdt reset
load 0x4010f000, len 1384, room 16 
tail 8
chksum 0x2d
csum 0x2d
v8b899c12
~ld


7.04
 0h00:00.281 1970/01/01T08:00:00z: SPIFFS Active
 0h00:03.955 2025/03/01T20:04:55z: a4:e5:7c:26:24:d4
 0h00:03.957 2025/03/01T20:04:55z: SSID: NothingButSunshine
1 BSEC warning code : 100

1 BSEC warning code : 100

1 BSEC warning code : 100

1 BSEC warning code : 100

1 BSEC warning code : 100

1 BSEC warning code : 100

1 BSEC warning code : 100

1 BSEC warning code : 100

1 BSEC warning code : 100

1 BSEC warning code : 100

 ets Jan  8 2013,rst cause:4, boot mode:(3,7)

wdt reset
load 0x4010f000, len 1384, room 16 
tail 8
chksum 0x2d
csum 0x2d
v8b899c12
~ld


7.04
 0h00:00.278 1970/01/01T08:00:00z: SPIFFS Active
 0h00:03.952 2025/03/01T20:24:38z: a4:e5:7c:26:24:d4
 0h00:03.954 2025/03/01T20:24:38z: SSID: NothingButSunshine
1 BSEC warning code : 100

1 BSEC warning code : 100

1 BSEC warning code : 100

1 BSEC warning code : 100

1 BSEC warning code : 100

1 BSEC warning code : 100

1 BSEC warning code : 100

1 BSEC warning code : 100

1 BSEC warning code : 100

1 BSEC warning code : 100

 ets Jan  8 2013,rst cause:4, boot mode:(3,7)

wdt reset
load 0x4010f000, len 1384, room 16 
tail 8
chksum 0x2d
csum 0x2d
v8b899c12
~ld


7.04
 0h00:00.280 1970/01/01T08:00:00z: SPIFFS Active
 0h00:03.955 2025/03/01T20:44:20z: a4:e5:7c:26:24:d4
 0h00:03.956 2025/03/01T20:44:20z: SSID: NothingButSunshine
1 BSEC warning code : 100

1 BSEC warning code : 100

1 BSEC warning code : 100

1 BSEC warning code : 100

1 BSEC warning code : 100

1 BSEC warning code : 100

1 BSEC warning code : 100

1 BSEC warning code : 100

1 BSEC warning code : 100

1 BSEC warning code : 100

 ets Jan  8 2013,rst cause:4, boot mode:(3,7)

wdt reset
load 0x4010f000, len 1384, room 16 
tail 8
chksum 0x2d
csum 0x2d
v8b899c12
~ld


7.04
 0h00:00.287 1970/01/01T08:00:00z: SPIFFS Active
 0h00:03.961 2025/03/01T21:04:02z: a4:e5:7c:26:24:d4
 0h00:03.962 2025/03/01T21:04:02z: SSID: NothingButSunshine
1 BSEC warning code : 100

1 BSEC warning code : 100

1 BSEC warning code : 100

1 BSEC warning code : 100

1 BSEC warning code : 100

1 BSEC warning code : 100

1 BSEC warning code : 100

1 BSEC warning code : 100

1 BSEC warning code : 100

1 BSEC warning code : 100

 ets Jan  8 2013,rst cause:4, boot mode:(3,7)

wdt reset
load 0x4010f000, len 1384, room 16 
tail 8
chksum 0x2d
csum 0x2d
v8b899c12
~ld


7.04
 0h00:00.281 1970/01/01T08:00:00z: SPIFFS Active
 0h00:03.955 2025/03/01T21:23:44z: a4:e5:7c:26:24:d4
 0h00:03.957 2025/03/01T21:23:44z: SSID: NothingButSunshine
1 BSEC warning code : 100

1 BSEC warning code : 100

1 BSEC warning code : 100

1 BSEC warning code : 100

1 BSEC warning code : 100

1 BSEC warning code : 100

1 BSEC warning code : 100

1 BSEC warning code : 100

1 BSEC warning code : 100

1 BSEC warning code : 100

 ets Jan  8 2013,rst cause:4, boot mode:(3,7)

wdt reset
load 0x4010f000, len 1384, room 16 
tail 8
chksum 0x2d
csum 0x2d
v8b899c12
~ld


7.04
 0h00:00.282 1970/01/01T08:00:00z: SPIFFS Active
 0h00:03.957 2025/03/01T21:43:27z: a4:e5:7c:26:24:d4
 0h00:03.958 2025/03/01T21:43:27z: SSID: NothingButSunshine
1 BSEC warning code : 100

1 BSEC warning code : 100

1 BSEC warning code : 100

1 BSEC warning code : 100

1 BSEC warning code : 100

1 BSEC warning code : 100

1 BSEC warning code : 100

1 BSEC warning code : 100

1 BSEC warning code : 100

1 BSEC warning code : 100

 ets Jan  8 2013,rst cause:4, boot mode:(3,7)

wdt reset
load 0x4010f000, len 1384, room 16 
tail 8
chksum 0x2d
csum 0x2d
v8b899c12
~ld


7.04
 0h00:00.272 1970/01/01T08:00:00z: SPIFFS Active
 0h00:03.946 2025/03/01T22:03:09z: a4:e5:7c:26:24:d4
 0h00:03.947 2025/03/01T22:03:09z: SSID: NothingButSunshine
1 BSEC warning code : 100

1 BSEC warning code : 100

1 BSEC warning code : 100

1 BSEC warning code : 100

1 BSEC warning code : 100

1 BSEC warning code : 100

1 BSEC warning code : 100

1 BSEC warning code : 100

1 BSEC warning code : 100

1 BSEC warning code : 100

 ets Jan  8 2013,rst cause:4, boot mode:(3,7)

wdt reset
load 0x4010f000, len 1384, room 16 
tail 8
chksum 0x2d
csum 0x2d
v8b899c12
~ld


7.04
 0h00:00.284 1970/01/01T08:00:00z: SPIFFS Active
 0h00:03.958 2025/03/01T22:22:51z: a4:e5:7c:26:24:d4
 0h00:03.960 2025/03/01T22:22:51z: SSID: NothingButSunshine
1 BSEC warning code : 100

1 BSEC warning code : 100

1 BSEC warning code : 100

1 BSEC warning code : 100

1 BSEC warning code : 100

1 BSEC warning code : 100

1 BSEC warning code : 100

1 BSEC warning code : 100

1 BSEC warning code : 100

1 BSEC warning code : 100

 ets Jan  8 2013,rst cause:4, boot mode:(3,7)

wdt reset
load 0x4010f000, len 1384, room 16 
tail 8
chksum 0x2d
csum 0x2d
v8b899c12
~ld


7.04
 0h00:00.279 1970/01/01T08:00:00z: SPIFFS Active
 0h00:03.953 2025/03/01T22:42:34z: a4:e5:7c:26:24:d4
 0h00:03.955 2025/03/01T22:42:34z: SSID: NothingButSunshine
1 BSEC warning code : 100

1 BSEC warning code : 100

1 BSEC warning code : 100

1 BSEC warning code : 100

1 BSEC warning code : 100

1 BSEC warning code : 100

1 BSEC warning code : 100

1 BSEC warning code : 100

1 BSEC warning code : 100

1 BSEC warning code : 100

 ets Jan  8 2013,rst cause:4, boot mode:(3,7)

wdt reset
load 0x4010f000, len 1384, room 16 
tail 8
chksum 0x2d
csum 0x2d
v8b899c12
~ld


7.04
 0h00:00.276 1970/01/01T08:00:00z: SPIFFS Active
 0h00:03.951 2025/03/01T23:02:16z: a4:e5:7c:26:24:d4
 0h00:03.952 2025/03/01T23:02:16z: SSID: NothingButSunshine
1 BSEC warning code : 100

1 BSEC warning code : 100

1 BSEC warning code : 100

1 BSEC warning code : 100

1 BSEC warning code : 100

1 BSEC warning code : 100

1 BSEC warning code : 100

1 BSEC warning code : 100

1 BSEC warning code : 100

1 BSEC warning code : 100

 ets Jan  8 2013,rst cause:4, boot mode:(3,7)

wdt reset
load 0x4010f000, len 1384, room 16 
tail 8
chksum 0x2d
csum 0x2d
v8b899c12
~ld


7.04
 0h00:00.282 1970/01/01T08:00:00z: SPIFFS Active
 0h00:03.957 2025/03/01T23:21:57z: a4:e5:7c:26:24:d4
 0h00:03.959 2025/03/01T23:21:57z: SSID: NothingButSunshine
1 BSEC warning code : 100

1 BSEC warning code : 100

1 BSEC warning code : 100

1 BSEC warning code : 100

1 BSEC warning code : 100

1 BSEC warning code : 100

1 BSEC warning code : 100

1 BSEC warning code : 100

1 BSEC warning code : 100

1 BSEC warning code : 100

 ets Jan  8 2013,rst cause:4, boot mode:(3,7)

wdt reset
load 0x4010f000, len 1384, room 16 
tail 8
chksum 0x2d
csum 0x2d
v8b899c12
~ld


7.04
 0h00:00.279 1970/01/01T08:00:00z: SPIFFS Active
 0h00:03.953 2025/03/01T23:41:40z: a4:e5:7c:26:24:d4
 0h00:03.955 2025/03/01T23:41:40z: SSID: NothingButSunshine
1 BSEC warning code : 100

1 BSEC warning code : 100

1 BSEC warning code : 100

1 BSEC warning code : 100

1 BSEC warning code : 100

1 BSEC warning code : 100

1 BSEC warning code : 100

1 BSEC warning code : 100

1 BSEC warning code : 100
