
1 BSEC warning code : 100

1 BSEC warning code : 100

1 BSEC warning code : 100

1 BSEC warning code : 100

1 BSEC warning code : 100

 ets Jan  8 2013,rst cause:4, boot mode:(3,7)

wdt reset
load 0x4010f000, len 1384, room 16 
tail 8
chksum 0x2d
csum 0x2d
v8b899c12
~ld


7.04
 0h00:00.280 1970/01/01T08:00:00z: SPIFFS Active
 0h00:03.954 2025/01/30T00:09:45z: a4:e5:7c:26:24:d4
 0h00:03.956 2025/01/30T00:09:45z: SSID: NothingButSunshine
1 BSEC warning code : 100

1 BSEC warning code : 100

1 BSEC warning code : 100

1 BSEC warning code : 100

1 BSEC warning code : 100

1 BSEC warning code : 100

1 BSEC warning code : 100

1 BSEC warning code : 100

1 BSEC warning code : 100

1 BSEC warning code : 100

 ets Jan  8 2013,rst cause:4, boot mode:(3,7)

wdt reset
load 0x4010f000, len 1384, room 16 
tail 8
chksum 0x2d
csum 0x2d
v8b899c12
~ld


7.04
 0h00:00.281 1970/01/01T08:00:00z: SPIFFS Active
 0h00:03.955 2025/01/30T00:29:26z: a4:e5:7c:26:24:d4
 0h00:03.956 2025/01/30T00:29:26z: SSID: NothingButSunshine
1 BSEC warning code : 100

1 BSEC warning code : 100

1 BSEC warning code : 100

1 BSEC warning code : 100

1 BSEC warning code : 100

1 BSEC warning code : 100

1 BSEC warning code : 100

1 BSEC warning code : 100

1 BSEC warning code : 100

1 BSEC warning code : 100

 ets Jan  8 2013,rst cause:4, boot mode:(3,7)

wdt reset
load 0x4010f000, len 1384, room 16 
tail 8
chksum 0x2d
csum 0x2d
v8b899c12
~ld


7.04
 0h00:00.281 1970/01/01T08:00:00z: SPIFFS Active
 0h00:03.955 2025/01/30T00:49:08z: a4:e5:7c:26:24:d4
 0h00:03.956 2025/01/30T00:49:08z: SSID: NothingButSunshine
1 BSEC warning code : 100

1 BSEC warning code : 100

1 BSEC warning code : 100

1 BSEC warning code : 100

1 BSEC warning code : 100

1 BSEC warning code : 100

1 BSEC warning code : 100

1 BSEC warning code : 100

1 BSEC warning code : 100

1 BSEC warning code : 100

 ets Jan  8 2013,rst cause:4, boot mode:(3,7)

wdt reset
load 0x4010f000, len 1384, room 16 
tail 8
chksum 0x2d
csum 0x2d
v8b899c12
~ld


7.04
 0h00:00.285 1970/01/01T08:00:00z: SPIFFS Active
 0h00:03.958 2025/01/30T01:08:50z: a4:e5:7c:26:24:d4
 0h00:03.960 2025/01/30T01:08:50z: SSID: NothingButSunshine
1 BSEC warning code : 100

1 BSEC warning code : 100

1 BSEC warning code : 100

1 BSEC warning code : 100

1 BSEC warning code : 100

1 BSEC warning code : 100

1 BSEC warning code : 100

1 BSEC warning code : 100

1 BSEC warning code : 100

1 BSEC warning code : 100

 ets Jan  8 2013,rst cause:4, boot mode:(3,7)

wdt reset
load 0x4010f000, len 1384, room 16 
tail 8
chksum 0x2d
csum 0x2d
v8b899c12
~ld


7.04
 0h00:00.282 1970/01/01T08:00:00z: SPIFFS Active
 0h00:03.956 2025/01/30T01:28:32z: a4:e5:7c:26:24:d4
 0h00:03.958 2025/01/30T01:28:32z: SSID: NothingButSunshine
1 BSEC warning code : 100

1 BSEC warning code : 100

1 BSEC warning code : 100

1 BSEC warning code : 100

1 BSEC warning code : 100

1 BSEC warning code : 100

1 BSEC warning code : 100

1 BSEC warning code : 100

1 BSEC warning code : 100

1 BSEC warning code : 100

 ets Jan  8 2013,rst cause:4, boot mode:(3,7)

wdt reset
load 0x4010f000, len 1384, room 16 
tail 8
chksum 0x2d
csum 0x2d
v8b899c12
~ld


7.04
 0h00:00.281 1970/01/01T08:00:00z: SPIFFS Active
 0h00:03.955 2025/01/30T01:48:14z: a4:e5:7c:26:24:d4
 0h00:03.956 2025/01/30T01:48:14z: SSID: NothingButSunshine
1 BSEC warning code : 100

1 BSEC warning code : 100

1 BSEC warning code : 100

1 BSEC warning code : 100

1 BSEC warning code : 100

1 BSEC warning code : 100

1 BSEC warning code : 100

1 BSEC warning code : 100

1 BSEC warning code : 100

1 BSEC warning code : 100

 ets Jan  8 2013,rst cause:4, boot mode:(3,7)

wdt reset
load 0x4010f000, len 1384, room 16 
tail 8
chksum 0x2d
csum 0x2d
v8b899c12
~ld


7.04
 0h00:00.283 1970/01/01T08:00:00z: SPIFFS Active
 0h00:03.957 2025/01/30T02:07:56z: a4:e5:7c:26:24:d4
 0h00:03.959 2025/01/30T02:07:56z: SSID: NothingButSunshine
 0h00:12.455 2025/01/30T02:08:04z: PMSX003-A (1491ms)
 0h00:14.006 2025/01/30T02:08:06z: PMSX003-B (1550ms)
 0h00:14.007 2025/01/30T02:08:06z: 3.0+RV3028+BME68X+PMSX003-A+PMSX003-B
 0h00:15.023 2025/01/30T02:08:07z: p:1006.91 gasR:984852.12 iaq:127.88(0) T:8.04(11.04) H:64.91(36.11) sIaq:232.86(0) Stabilization:1 Run in:0
 0h00:15.049 2025/01/30T02:08:07z: DATA A(2),46,64,34,1006.91,0.05,26352,0,15,15,21,22,15,21,22,70,70,2349,693,94,7,3,0,232.86
 0h00:15.877 2025/01/30T02:08:08z: DATA A(3),46,64,34,1006.91,0.05,26352,0,15,15,21,22,15,21,22,70,70,2349,693,94,7,3,0,232.86
 0h00:16.022 2025/01/30T02:08:08z: p:1006.99 gasR:992729.06 iaq:127.88(0) T:8.65(14.26) H:62.69(36.83) sIaq:232.86(0) Stabilization:1 Run in:0
 0h00:16.782 2025/01/30T02:08:09z: DATA A(4),47,62,34,1006.99,0.05,26352,0,16,15,21,23,15,21,23,70,70,2394,691,100,8,4,1,232.86
 0h00:17.022 2025/01/30T02:08:09z: p:1007.01 gasR:1000000.00 iaq:127.88(0) T:9.46(15.06) H:59.22(37.04) sIaq:232.86(0) Stabilization:1 Run in:0
 0h00:17.617 2025/01/30T02:08:10z: DATA A(5),49,59,35,1007.01,0.05,26352,0,17,15,21,23,15,21,23,70,70,2394,691,100,8,4,1,232.86
 0h00:18.022 2025/01/30T02:08:10z: p:1007.03 gasR:1003675.56 iaq:127.88(0) T:9.80(15.40) H:57.59(37.07) sIaq:232.86(0) Stabilization:1 Run in:0
 0h00:18.451 2025/01/30T02:08:10z: DATA A(6),49,57,34,1007.03,0.05,26352,0,18,15,21,23,15,21,23,70,70,2394,691,100,8,4,1,232.86
 0h00:19.023 2025/01/30T02:08:11z: p:1007.02 gasR:1008867.00 iaq:127.88(0) T:10.00(15.60) H:56.46(37.00) sIaq:232.86(0) Stabilization:1 Run in:0
 0h00:20.023 2025/01/30T02:08:12z: p:1007.00 gasR:1012608.19 iaq:127.88(0) T:10.12(15.72) H:55.64(36.91) sIaq:232.86(0) Stabilization:1 Run in:0
 0h00:20.917 2025/01/30T02:08:13z: DATA B(2),50,55,34,1007.00,0.05,26352,0,20,17,22,26,17,22,26,72,72,2502,728,92,8,4,1,232.86
 0h00:21.023 2025/01/30T02:08:13z: p:1007.00 gasR:1014112.38 iaq:127.88(0) T:10.21(15.81) H:54.93(36.76) sIaq:232.86(0) Stabilization:1 Run in:0
 0h00:21.753 2025/01/30T02:08:14z: DATA B(3),50,54,34,1007.00,0.05,26352,0,21,17,22,26,17,22,26,72,72,2502,728,92,8,4,1,232.86
 0h00:22.023 2025/01/30T02:08:14z: p:1007.00 gasR:1019412.62 iaq:127.88(0) T:10.29(15.89) H:54.28(36.61) sIaq:232.86(0) Stabilization:1 Run in:0
 0h00:22.659 2025/01/30T02:08:15z: DATA B(4),50,54,34,1007.00,0.05,26352,0,22,17,22,26,17,22,26,72,72,2532,720,100,8,4,1,232.86
 0h00:23.023 2025/01/30T02:08:15z: p:1007.03 gasR:1014112.38 iaq:127.88(0) T:10.36(15.96) H:53.74(36.48) sIaq:232.86(0) Stabilization:1 Run in:0
 0h00:23.495 2025/01/30T02:08:15z: DATA B(5),50,53,33,1007.03,0.05,26352,0,23,17,22,26,17,22,26,72,72,2532,720,100,8,4,1,232.86
 0h00:24.023 2025/01/30T02:08:16z: p:1007.01 gasR:1034866.12 iaq:127.88(0) T:10.41(16.01) H:53.28(36.34) sIaq:232.87(0) Stabilization:1 Run in:0
 0h00:25.023 2025/01/30T02:08:17z: p:1007.00 gasR:1042769.88 iaq:127.88(0) T:10.46(16.06) H:52.86(36.21) sIaq:232.87(0) Stabilization:1 Run in:0
 0h00:25.412 2025/01/30T02:08:17z: DATA A(7),50,52,33,1007.00,0.05,26352,0,25,14,18,23,14,18,23,64,64,2391,665,78,11,7,2,232.87
 0h00:26.023 2025/01/30T02:08:18z: p:1007.03 gasR:1024000.00 iaq:127.88(0) T:10.51(16.11) H:52.45(36.08) sIaq:232.87(0) Stabilization:1 Run in:0
 0h00:26.317 2025/01/30T02:08:18z: DATA A(8),50,52,33,1007.03,0.05,26352,0,26,15,19,24,15,19,24,66,66,2418,677,80,11,7,2,232.87
 0h00:27.023 2025/01/30T02:08:19z: p:1007.01 gasR:1041179.44 iaq:127.88(0) T:10.54(16.14) H:52.15(35.97) sIaq:232.87(0) Stabilization:1 Run in:0
 0h00:27.223 2025/01/30T02:08:19z: DATA A(9),50,52,33,1007.01,0.05,26352,0,27,15,20,25,15,20,25,68,68,2451,687,80,12,8,2,232.87
 0h00:28.023 2025/01/30T02:08:20z: p:1007.03 gasR:1041974.06 iaq:127.89(0) T:10.58(16.19) H:51.83(35.86) sIaq:232.88(0) Stabilization:1 Run in:0
 0h00:28.128 2025/01/30T02:08:20z: DATA A(10),51,51,33,1007.03,0.05,26352,0,28,15,20,25,15,20,25,68,68,2502,700,90,12,9,2,232.88
 0h00:29.023 2025/01/30T02:08:21z: p:1007.02 gasR:1045965.25 iaq:127.89(0) T:10.61(16.21) H:51.58(35.76) sIaq:232.88(0) Stabilization:1 Run in:0
 0h00:29.040 2025/01/30T02:08:21z: DATA A(11),51,51,33,1007.02,0.05,26352,0,29,14,18,25,14,18,25,64,64,2487,691,84,13,10,2,232.88
 0h00:30.023 2025/01/30T02:08:22z: p:1007.01 gasR:1041179.44 iaq:127.89(0) T:10.64(16.24) H:51.32(35.64) sIaq:232.88(0) Stabilization:1 Run in:0
 0h00:30.393 2025/01/30T02:08:22z: DATA B(6),51,51,33,1007.01,0.05,26352,0,30,17,24,28,17,24,28,77,77,2532,718,118,8,4,1,232.88
 0h00:31.023 2025/01/30T02:08:23z: p:1007.03 gasR:1044365.12 iaq:127.89(0) T:10.67(16.27) H:51.11(35.56) sIaq:232.89(0) Stabilization:1 Run in:0
 0h00:31.228 2025/01/30T02:08:23z: DATA B(7),51,51,33,1007.03,0.05,26352,0,31,17,24,28,17,24,28,77,77,2532,718,118,8,4,1,232.89
 0h00:32.023 2025/01/30T02:08:24z: p:1007.03 gasR:1050795.25 iaq:127.89(0) T:10.70(16.30) H:50.90(35.47) sIaq:232.89(0) Stabilization:1 Run in:0
 0h00:32.064 2025/01/30T02:08:24z: DATA B(8),51,50,33,1007.03,0.05,26352,0,32,17,24,28,17,24,28,77,77,2532,718,118,8,4,1,232.89
 0h00:32.970 2025/01/30T02:08:25z: DATA B(9),51,50,33,1007.03,0.05,26352,0,32,16,21,26,16,21,26,70,70,2430,694,114,8,5,1,232.89
 0h00:33.023 2025/01/30T02:08:25z: p:1007.03 gasR:1043566.88 iaq:127.89(0) T:10.71(16.32) H:50.74(35.39) sIaq:232.89(0) Stabilization:1 Run in:0
 0h00:33.806 2025/01/30T02:08:26z: DATA B(10),51,50,33,1007.03,0.05,26352,0,33,16,21,26,16,21,26,70,70,2430,694,114,8,5,1,232.89
 0h00:34.022 2025/01/30T02:08:26z: p:1007.03 gasR:1047570.31 iaq:127.89(0) T:10.74(16.34) H:50.56(35.31) sIaq:232.90(0) Stabilization:1 Run in:0
 0h00:35.023 2025/01/30T02:08:27z: p:1007.03 gasR:1046767.19 iaq:127.90(0) T:10.76(16.36) H:50.45(35.26) sIaq:232.90(0) Stabilization:1 Run in:0
 0h00:36.023 2025/01/30T02:08:28z: p:1007.03 gasR:1043566.88 iaq:127.90(0) T:10.79(16.40) H:50.25(35.18) sIaq:232.90(0) Stabilization:1 Run in:0
 0h00:36.208 2025/01/30T02:08:28z: DATA A(12),51,50,33,1007.03,0.05,26352,0,36,15,21,29,15,21,29,70,70,2553,734,84,20,12,0,232.90
 0h00:37.023 2025/01/30T02:08:29z: p:1007.04 gasR:1047570.31 iaq:127.90(0) T:10.82(16.42) H:50.12(35.13) sIaq:232.91(0) Stabilization:1 Run in:0
 0h00:37.042 2025/01/30T02:08:29z: DATA A(13),51,50,33,1007.04,0.05,26352,0,37,15,21,29,15,21,29,70,70,2553,734,84,20,12,0,232.91
 0h00:37.948 2025/01/30T02:08:30z: DATA A(14),51,50,33,1007.04,0.05,26352,0,37,16,22,29,16,22,29,72,72,2586,741,84,20,11,0,232.91
 0h00:38.022 2025/01/30T02:08:30z: p:1007.06 gasR:1058124.50 iaq:127.90(0) T:10.84(16.45) H:50.03(35.09) sIaq:232.91(0) Stabilization:1 Run in:0
 0h00:38.782 2025/01/30T02:08:31z: DATA A(15),51,50,33,1007.06,0.05,26352,0,38,16,22,29,16,22,29,72,72,2586,741,84,20,11,0,232.91
 0h00:39.023 2025/01/30T02:08:31z: p:1007.04 gasR:1051604.62 iaq:127.90(0) T:10.87(16.47) H:49.93(35.04) sIaq:232.92(0) Stabilization:1 Run in:0
 0h00:39.617 2025/01/30T02:08:32z: DATA A(16),51,49,32,1007.04,0.05,26352,0,39,16,22,29,16,22,29,72,72,2586,741,84,20,11,0,232.92
 0h00:40.023 2025/01/30T02:08:32z: p:1007.04 gasR:1053227.00 iaq:127.90(0) T:10.89(16.49) H:49.86(35.01) sIaq:232.92(0) Stabilization:1 Run in:0
 0h00:40.704 2025/01/30T02:08:33z: DATA B(11),51,49,32,1007.04,0.05,26352,0,40,16,22,26,16,22,26,72,72,2436,696,110,12,2,1,232.92
 0h00:41.023 2025/01/30T02:08:33z: p:1007.04 gasR:1051604.62 iaq:127.91(0) T:10.91(16.51) H:49.76(34.96) sIaq:232.92(0) Stabilization:1 Run in:0
 0h00:41.540 2025/01/30T02:08:33z: DATA B(12),51,49,32,1007.04,0.05,26352,0,41,16,22,26,16,22,26,72,72,2436,696,110,12,2,1,232.92
 0h00:42.023 2025/01/30T02:08:34z: p:1007.04 gasR:1049180.38 iaq:127.91(0) T:10.93(16.53) H:49.71(34.94) sIaq:232.93(0) Stabilization:1 Run in:0
 0h00:42.375 2025/01/30T02:08:34z: DATA B(13),51,49,32,1007.04,0.05,26352,0,42,16,22,26,16,22,26,72,72,2436,696,110,12,2,1,232.93
 0h00:43.022 2025/01/30T02:08:35z: p:1007.04 gasR:1052415.25 iaq:127.91(0) T:10.96(16.56) H:49.65(34.92) sIaq:232.93(0) Stabilization:1 Run in:0
 0h00:43.282 2025/01/30T02:08:35z: DATA B(14),51,49,32,1007.04,0.05,26352,0,43,16,22,25,16,22,25,72,72,2394,682,108,12,2,1,232.93
 0h00:44.023 2025/01/30T02:08:36z: p:1007.06 gasR:1054854.50 iaq:127.91(0) T:10.97(16.58) H:49.61(34.90) sIaq:232.94(0) Stabilization:1 Run in:0
 0h00:44.118 2025/01/30T02:08:36z: DATA B(15),51,49,32,1007.06,0.05,26352,0,44,16,22,25,16,22,25,72,72,2394,682,108,12,2,1,232.94
 0h00:45.023 2025/01/30T02:08:37z: p:1007.05 gasR:1056487.00 iaq:127.91(0) T:10.99(16.59) H:49.56(34.87) sIaq:232.94(0) Stabilization:1 Run in:0
 0h00:45.671 2025/01/30T02:08:38z: DATA A(17),51,49,32,1007.05,0.05,26352,0,45,16,22,27,16,22,27,72,72,2517,742,80,14,7,0,232.94
 0h00:46.022 2025/01/30T02:08:38z: p:1007.04 gasR:1053227.00 iaq:127.92(0) T:11.00(16.60) H:49.56(34.85) sIaq:232.95(0) Stabilization:1 Run in:0
 0h00:46.505 2025/01/30T02:08:38z: DATA A(18),51,49,32,1007.04,0.05,26352,0,46,16,22,27,16,22,27,72,72,2517,742,80,14,7,0,232.95
 0h00:47.023 2025/01/30T02:08:39z: p:1007.06 gasR:1063896.12 iaq:127.92(0) T:11.01(16.61) H:49.52(34.83) sIaq:232.95(0) Stabilization:1 Run in:0
 0h00:47.340 2025/01/30T02:08:39z: DATA A(19),51,49,32,1007.06,0.05,26352,0,47,16,22,27,16,22,27,72,72,2517,742,80,14,7,0,232.95
 0h00:48.023 2025/01/30T02:08:40z: p:1007.04 gasR:1059767.12 iaq:127.92(0) T:11.02(16.63) H:49.51(34.81) sIaq:232.95(0) Stabilization:1 Run in:0
 0h00:48.245 2025/01/30T02:08:40z: DATA A(20),51,49,32,1007.04,0.05,26352,0,48,15,22,25,15,22,25,72,72,2460,725,84,13,6,0,232.95
 0h00:49.023 2025/01/30T02:08:41z: p:1007.05 gasR:1057305.12 iaq:127.92(0) T:11.05(16.65) H:49.44(34.78) sIaq:232.96(0) Stabilization:1 Run in:0
 0h00:49.079 2025/01/30T02:08:41z: DATA A(21),51,49,32,1007.05,0.05,26352,0,49,15,22,25,15,22,25,72,72,2460,725,84,13,6,0,232.96
 0h00:50.023 2025/01/30T02:08:42z: p:1007.03 gasR:1068893.50 iaq:127.92(0) T:11.06(16.66) H:49.45(34.78) sIaq:232.96(0) Stabilization:1 Run in:0
 0h00:51.015 2025/01/30T02:08:43z: DATA B(16),51,49,32,1007.03,0.05,26352,0,51,16,20,24,16,20,24,68,68,2304,656,90,11,2,1,232.96
 0h00:51.035 2025/01/30T02:08:43z: p:1007.05 gasR:1058945.25 iaq:127.92(0) T:11.17(16.68) H:49.14(34.78) sIaq:232.96(0) Stabilization:1 Run in:0
 0h00:51.851 2025/01/30T02:08:44z: DATA B(17),52,49,33,1007.05,0.05,26352,0,51,16,20,24,16,20,24,68,68,2304,656,90,11,2,1,232.96
 0h00:52.035 2025/01/30T02:08:44z: p:1007.08 gasR:1059767.12 iaq:127.92(0) T:11.04(16.64) H:49.56(34.75) sIaq:232.97(0) Stabilization:1 Run in:0
 0h00:52.686 2025/01/30T02:08:45z: DATA B(18),51,49,32,1007.08,0.05,26352,0,52,16,20,24,16,20,24,68,68,2304,656,90,11,2,1,232.97
 0h00:53.035 2025/01/30T02:08:45z: p:1007.04 gasR:1062240.62 iaq:127.93(0) T:11.10(16.70) H:49.41(34.76) sIaq:232.97(0) Stabilization:1 Run in:0
 0h00:53.593 2025/01/30T02:08:46z: DATA B(19),51,49,32,1007.04,0.05,26352,0,53,16,20,24,16,20,24,68,68,2304,660,88,11,2,1,232.97
 0h00:54.035 2025/01/30T02:08:46z: p:1007.08 gasR:1058945.25 iaq:127.93(0) T:11.13(16.73) H:49.34(34.74) sIaq:232.97(0) Stabilization:1 Run in:0
 0h00:54.428 2025/01/30T02:08:46z: DATA B(20),52,49,33,1007.08,0.05,26352,0,54,16,20,24,16,20,24,68,68,2304,660,88,11,2,1,232.97
 0h00:55.035 2025/01/30T02:08:47z: p:1007.06 gasR:1058945.25 iaq:127.93(0) T:11.14(16.75) H:49.35(34.75) sIaq:232.98(0) Stabilization:1 Run in:0
 0h00:55.968 2025/01/30T02:08:48z: DATA A(22),52,49,33,1007.06,0.05,26352,0,55,15,21,23,15,21,23,70,70,2436,690,84,8,4,1,232.98
 0h00:56.035 2025/01/30T02:08:48z: p:1007.04 gasR:1065556.75 iaq:127.93(0) T:11.15(16.75) H:49.36(34.73) sIaq:232.98(0) Stabilization:1 Run in:0
 0h00:56.803 2025/01/30T02:08:49z: DATA A(23),52,49,33,1007.04,0.05,26352,0,56,15,21,23,15,21,23,70,70,2436,690,84,8,4,1,232.98
 0h00:57.035 2025/01/30T02:08:49z: p:1007.05 gasR:1060590.38 iaq:127.93(0) T:11.17(16.77) H:49.37(34.74) sIaq:232.99(0) Stabilization:1 Run in:0
 0h00:57.637 2025/01/30T02:08:50z: DATA A(24),52,49,33,1007.05,0.05,26352,0,57,15,21,23,15,21,23,70,70,2436,690,84,8,4,1,232.99
 0h00:58.035 2025/01/30T02:08:50z: p:1007.06 gasR:1066389.00 iaq:127.93(0) T:11.18(16.78) H:49.34(34.71) sIaq:232.99(0) Stabilization:1 Run in:0
 0h00:58.543 2025/01/30T02:08:50z: DATA A(25),52,49,33,1007.06,0.05,26352,0,58,15,20,22,15,20,22,68,68,2436,688,82,5,3,1,232.99
 0h00:59.035 2025/01/30T02:08:51z: p:1007.06 gasR:1062240.62 iaq:127.94(0) T:11.19(16.79) H:49.38(34.74) sIaq:232.99(0) Stabilization:1 Run in:0
 0h00:59.378 2025/01/30T02:08:51z: DATA A(26),52,49,33,1007.06,0.05,26352,0,59,15,20,22,15,20,22,68,68,2436,688,82,5,3,1,232.99
 0h01:00.035 2025/01/30T02:08:52z: p:1007.04 gasR:1075630.25 iaq:127.94(0) T:11.20(16.80) H:49.37(34.71) sIaq:232.99(0) Stabilization:1 Run in:0
 0h01:01.035 2025/01/30T02:08:53z: p:1007.07 gasR:1060590.38 iaq:127.94(0) T:11.21(16.81) H:49.36(34.69) sIaq:233.00(0) Stabilization:1 Run in:0
 0h01:01.326 2025/01/30T02:08:53z: DATA B(21),52,49,33,1007.07,0.05,26352,0,61,15,20,22,15,20,22,68,68,2244,650,66,11,1,1,233.00
 0h01:02.035 2025/01/30T02:08:54z: p:1007.06 gasR:1064725.75 iaq:127.94(0) T:11.23(16.83) H:49.33(34.69) sIaq:233.00(0) Stabilization:1 Run in:0
 0h01:02.162 2025/01/30T02:08:54z: DATA B(22),52,49,33,1007.06,0.05,26352,0,62,15,20,22,15,20,22,68,68,2244,650,66,11,1,1,233.00
 0h01:02.997 2025/01/30T02:08:55z: DATA B(23),52,49,33,1007.06,0.05,26352,0,63,15,20,22,15,20,22,68,68,2244,650,66,11,1,1,233.00
 0h01:03.034 2025/01/30T02:08:55z: p:1007.05 gasR:1064725.75 iaq:127.94(0) T:11.23(16.83) H:49.35(34.68) sIaq:233.01(0) Stabilization:1 Run in:0
 0h01:03.904 2025/01/30T02:08:56z: DATA B(24),52,49,33,1007.05,0.05,26352,0,63,15,19,19,15,19,19,66,66,2160,628,62,3,0,0,233.01
 0h01:04.034 2025/01/30T02:08:56z: p:1007.07 gasR:1078178.50 iaq:127.94(0) T:11.24(16.84) H:49.34(34.68) sIaq:233.00(0) Stabilization:1 Run in:0
 0h01:04.740 2025/01/30T02:08:57z: DATA B(25),52,49,33,1007.07,0.05,26352,0,64,15,19,19,15,19,19,66,66,2160,628,62,3,0,0,233.00
 0h01:05.035 2025/01/30T02:08:57z: p:1007.06 gasR:1068057.38 iaq:127.94(0) T:11.24(16.85) H:49.36(34.66) sIaq:233.01(0) Stabilization:1 Run in:0
 0h01:06.035 2025/01/30T02:08:58z: p:1007.06 gasR:1072251.25 iaq:127.94(0) T:11.24(16.85) H:49.39(34.66) sIaq:233.01(0) Stabilization:1 Run in:0
 0h01:06.266 2025/01/30T02:08:58z: DATA A(27),52,49,33,1007.06,0.05,26352,0,66,15,19,21,15,19,21,66,66,2436,693,82,3,2,1,233.01
 0h01:07.035 2025/01/30T02:08:59z: p:1007.07 gasR:1068057.38 iaq:127.94(0) T:11.25(16.86) H:49.38(34.65) sIaq:233.01(0) Stabilization:1 Run in:0
 0h01:07.101 2025/01/30T02:08:59z: DATA A(28),52,49,33,1007.07,0.05,26352,0,67,15,19,21,15,19,21,66,66,2436,693,82,3,2,1,233.01
 0h01:07.935 2025/01/30T02:09:00z: DATA A(29),52,49,33,1007.07,0.05,26352,0,67,15,19,21,15,19,21,66,66,2436,693,82,3,2,1,233.01
 0h01:08.035 2025/01/30T02:09:00z: p:1007.07 gasR:1063896.12 iaq:127.95(0) T:11.25(16.85) H:49.41(34.65) sIaq:233.02(0) Stabilization:1 Run in:0
 0h01:08.841 2025/01/30T02:09:01z: DATA A(30),52,49,33,1007.07,0.05,26352,0,68,15,21,22,15,21,22,70,70,2460,701,92,4,2,1,233.02
 0h01:09.035 2025/01/30T02:09:01z: p:1007.06 gasR:1061414.88 iaq:127.95(0) T:11.25(16.85) H:49.44(34.64) sIaq:233.03(0) Stabilization:1 Run in:0
 0h01:09.675 2025/01/30T02:09:02z: DATA A(31),52,49,33,1007.06,0.05,26352,0,69,15,21,22,15,21,22,70,70,2460,701,92,4,2,1,233.03
 0h01:10.035 2025/01/30T02:09:02z: p:1007.05 gasR:1060590.38 iaq:127.95(0) T:11.25(16.86) H:49.47(34.65) sIaq:233.04(0) Stabilization:1 Run in:0
 0h01:11.035 2025/01/30T02:09:03z: p:1007.07 gasR:1063896.12 iaq:127.96(0) T:11.26(16.86) H:49.46(34.63) sIaq:233.04(0) Stabilization:1 Run in:0
 0h01:11.638 2025/01/30T02:09:04z: DATA B(26),52,49,33,1007.07,0.05,26352,0,71,16,21,21,16,21,21,70,70,2304,682,66,3,0,0,233.04
 0h01:12.035 2025/01/30T02:09:04z: p:1007.06 gasR:1064725.75 iaq:127.96(0) T:11.25(16.85) H:49.52(34.64) sIaq:233.05(0) Stabilization:1 Run in:0
 0h01:12.473 2025/01/30T02:09:04z: DATA B(27),52,49,33,1007.06,0.05,26352,0,72,16,21,21,16,21,21,70,70,2304,682,66,3,0,0,233.05
 0h01:13.034 2025/01/30T02:09:05z: p:1007.08 gasR:1075630.25 iaq:127.96(0) T:11.25(16.86) H:49.51(34.63) sIaq:233.05(0) Stabilization:1 Run in:0
 0h01:13.309 2025/01/30T02:09:05z: DATA B(28),52,49,33,1007.08,0.05,26352,0,73,16,21,21,16,21,21,70,70,2304,682,66,3,0,0,233.05
 0h01:14.035 2025/01/30T02:09:06z: p:1007.05 gasR:1065556.75 iaq:127.96(0) T:11.26(16.86) H:49.48(34.61) sIaq:233.05(0) Stabilization:1 Run in:0
 0h01:14.216 2025/01/30T02:09:06z: DATA B(29),52,49,33,1007.05,0.05,26352,0,74,16,22,22,16,22,22,72,72,2370,694,70,6,0,0,233.05
 0h01:15.035 2025/01/30T02:09:07z: p:1007.07 gasR:1068057.38 iaq:127.96(0) T:11.27(16.88) H:49.44(34.60) sIaq:233.06(0) Stabilization:1 Run in:0
 0h01:15.054 2025/01/30T02:09:07z: DATA B(30),52,49,33,1007.07,0.05,26352,0,75,16,22,22,16,22,22,72,72,2370,694,70,6,0,0,233.06
 0h01:16.035 2025/01/30T02:09:08z: p:1007.07 gasR:1070569.75 iaq:127.96(0) T:11.28(16.88) H:49.48(34.61) sIaq:233.06(0) Stabilization:1 Run in:0
 0h01:16.564 2025/01/30T02:09:08z: DATA A(32),52,49,33,1007.07,0.05,26352,0,76,16,21,23,16,21,23,70,70,2583,743,92,3,2,2,233.06
 0h01:17.035 2025/01/30T02:09:09z: p:1007.06 gasR:1062240.62 iaq:127.97(0) T:11.29(16.89) H:49.45(34.60) sIaq:233.07(0) Stabilization:1 Run in:0
 0h01:17.399 2025/01/30T02:09:09z: DATA A(33),52,49,33,1007.06,0.05,26352,0,77,16,21,23,16,21,23,70,70,2583,743,92,3,2,2,233.07
 0h01:18.035 2025/01/30T02:09:10z: p:1007.07 gasR:1072251.25 iaq:127.97(0) T:11.28(16.89) H:49.45(34.58) sIaq:233.07(0) Stabilization:1 Run in:0
 0h01:18.234 2025/01/30T02:09:10z: DATA A(34),52,49,33,1007.07,0.05,26352,0,78,16,21,23,16,21,23,70,70,2583,743,92,3,2,2,233.07
 0h01:19.035 2025/01/30T02:09:11z: p:1007.07 gasR:1068893.50 iaq:127.97(0) T:11.29(16.89) H:49.46(34.57) sIaq:233.08(0) Stabilization:1 Run in:0
 0h01:19.139 2025/01/30T02:09:11z: DATA A(35),52,49,33,1007.07,0.05,26352,0,79,16,21,22,16,21,22,70,70,2544,742,86,2,1,1,233.08
 0h01:19.973 2025/01/30T02:09:12z: DATA A(36),52,49,33,1007.07,0.05,26352,0,79,16,21,22,16,21,22,70,70,2544,742,86,2,1,1,233.08
 0h01:20.034 2025/01/30T02:09:12z: p:1007.05 gasR:1066389.00 iaq:127.97(0) T:11.29(16.89) H:49.49(34.59) sIaq:233.08(0) Stabilization:1 Run in:0
 0h01:21.035 2025/01/30T02:09:13z: p:1007.06 gasR:1065556.75 iaq:127.98(0) T:11.29(16.89) H:49.49(34.59) sIaq:233.09(0) Stabilization:1 Run in:0
 0h01:21.949 2025/01/30T02:09:14z: DATA B(31),52,49,33,1007.06,0.05,26352,0,81,16,21,22,16,21,22,70,70,2346,690,72,6,1,0,233.09
 0h01:22.034 2025/01/30T02:09:14z: p:1007.08 gasR:1075630.25 iaq:127.98(0) T:11.29(16.90) H:49.48(34.57) sIaq:233.09(0) Stabilization:1 Run in:0
 0h01:22.785 2025/01/30T02:09:15z: DATA B(32),52,49,33,1007.08,0.05,26352,0,82,16,21,22,16,21,22,70,70,2346,690,72,6,1,0,233.09
 0h01:23.035 2025/01/30T02:09:15z: p:1007.07 gasR:1073094.00 iaq:127.98(0) T:11.28(16.89) H:49.56(34.59) sIaq:233.09(0) Stabilization:1 Run in:0
 0h01:23.620 2025/01/30T02:09:16z: DATA B(33),52,49,33,1007.07,0.05,26352,0,83,16,21,22,16,21,22,70,70,2346,690,72,6,1,0,233.09
 0h01:24.035 2025/01/30T02:09:16z: p:1007.06 gasR:1068057.38 iaq:127.98(0) T:11.28(16.88) H:49.55(34.57) sIaq:233.10(0) Stabilization:1 Run in:0
 0h01:24.527 2025/01/30T02:09:16z: DATA B(34),52,49,33,1007.06,0.05,26352,0,84,16,22,24,16,22,24,72,72,2424,706,78,6,1,0,233.10
 0h01:25.035 2025/01/30T02:09:17z: p:1007.06 gasR:1072251.25 iaq:127.98(0) T:11.28(16.88) H:49.55(34.57) sIaq:233.10(0) Stabilization:1 Run in:0
 0h01:25.363 2025/01/30T02:09:17z: DATA B(35),52,49,33,1007.06,0.05,26352,0,85,16,22,24,16,22,24,72,72,2424,706,78,6,1,0,233.10
 0h01:26.035 2025/01/30T02:09:18z: p:1007.07 gasR:1068893.50 iaq:127.98(0) T:11.28(16.88) H:49.55(34.56) sIaq:233.11(0) Stabilization:1 Run in:0
 0h01:26.862 2025/01/30T02:09:19z: DATA A(37),52,49,33,1007.07,0.05,26352,0,86,16,22,23,16,22,23,72,72,2589,755,92,7,2,1,233.11
 0h01:27.035 2025/01/30T02:09:19z: p:1007.06 gasR:1072251.25 iaq:127.98(0) T:11.27(16.88) H:49.59(34.56) sIaq:233.11(0) Stabilization:1 Run in:0
 0h01:27.697 2025/01/30T02:09:20z: DATA A(38),52,49,33,1007.06,0.05,26352,0,87,16,22,23,16,22,23,72,72,2589,755,92,7,2,1,233.11
 0h01:28.035 2025/01/30T02:09:20z: p:1007.07 gasR:1083311.25 iaq:127.98(0) T:11.28(16.89) H:49.55(34.55) sIaq:233.10(0) Stabilization:1 Run in:0
 0h01:28.531 2025/01/30T02:09:20z: DATA A(39),52,49,33,1007.07,0.05,26352,0,88,16,22,23,16,22,23,72,72,2589,755,92,7,2,1,233.10
 0h01:29.034 2025/01/30T02:09:21z: p:1007.07 gasR:1073094.00 iaq:127.98(0) T:11.29(16.89) H:49.53(34.55) sIaq:233.10(0) Stabilization:1 Run in:0
 0h01:29.436 2025/01/30T02:09:21z: DATA A(40),52,49,33,1007.07,0.05,26352,0,89,16,22,24,16,22,24,72,72,2562,741,90,8,3,2,233.10
 0h01:30.035 2025/01/30T02:09:22z: p:1007.09 gasR:1067222.50 iaq:127.99(0) T:11.30(16.90) H:49.50(34.54) sIaq:233.11(0) Stabilization:1 Run in:0
 0h01:30.271 2025/01/30T02:09:22z: DATA A(41),52,49,33,1007.09,0.05,26352,0,90,16,22,24,16,22,24,72,72,2562,741,90,8,3,2,233.11
 0h01:31.035 2025/01/30T02:09:23z: p:1007.09 gasR:1085033.12 iaq:127.98(0) T:11.31(16.91) H:49.48(34.54) sIaq:233.10(0) Stabilization:1 Run in:0
 0h01:32.035 2025/01/30T02:09:24z: p:1007.07 gasR:1072251.25 iaq:127.98(0) T:11.31(16.92) H:49.49(34.54) sIaq:233.10(0) Stabilization:1 Run in:0
 0h01:32.261 2025/01/30T02:09:24z: DATA B(36),52,49,33,1007.07,0.05,26352,0,92,17,22,25,17,22,25,72,72,2532,734,82,7,2,1,233.10
 0h01:33.035 2025/01/30T02:09:25z: p:1007.07 gasR:1078178.50 iaq:127.98(0) T:11.32(16.92) H:49.49(34.54) sIaq:233.10(0) Stabilization:1 Run in:0
 0h01:33.096 2025/01/30T02:09:25z: DATA B(37),52,49,33,1007.07,0.05,26352,0,93,17,22,25,17,22,25,72,72,2532,734,82,7,2,1,233.10
 0h01:33.932 2025/01/30T02:09:26z: DATA B(38),52,49,33,1007.07,0.05,26352,0,93,17,22,25,17,22,25,72,72,2532,734,82,7,2,1,233.10
 0h01:34.034 2025/01/30T02:09:26z: p:1007.08 gasR:1078178.50 iaq:127.98(0) T:11.32(16.92) H:49.48(34.54) sIaq:233.10(0) Stabilization:1 Run in:0
 0h01:34.839 2025/01/30T02:09:27z: DATA B(39),52,49,33,1007.08,0.05,26352,0,94,19,22,25,19,22,25,72,72,2586,758,86,7,2,1,233.10
 0h01:35.035 2025/01/30T02:09:27z: p:1007.07 gasR:1074783.50 iaq:127.98(0) T:11.31(16.92) H:49.48(34.51) sIaq:233.10(0) Stabilization:1 Run in:0
 0h01:35.675 2025/01/30T02:09:28z: DATA B(40),52,49,33,1007.07,0.05,26352,0,95,19,22,25,19,22,25,72,72,2586,758,86,7,2,1,233.10
 0h01:36.035 2025/01/30T02:09:28z: p:1007.09 gasR:1079884.00 iaq:127.98(0) T:11.32(16.92) H:49.50(34.53) sIaq:233.10(0) Stabilization:1 Run in:0
 0h01:37.035 2025/01/30T02:09:29z: p:1007.06 gasR:1076478.38 iaq:127.98(0) T:11.32(16.92) H:49.48(34.51) sIaq:233.10(0) Stabilization:1 Run in:0
 0h01:37.161 2025/01/30T02:09:29z: DATA A(42),52,49,33,1007.06,0.05,26352,0,97,15,21,23,15,21,23,70,70,2493,730,82,7,3,1,233.10
 0h01:37.994 2025/01/30T02:09:30z: DATA A(43),52,49,33,1007.06,0.05,26352,0,97,15,21,23,15,21,23,70,70,2493,730,82,7,3,1,233.10
 0h01:38.034 2025/01/30T02:09:30z: p:1007.08 gasR:1074783.50 iaq:127.98(0) T:11.32(16.92) H:49.51(34.53) sIaq:233.11(0) Stabilization:1 Run in:0
 0h01:38.828 2025/01/30T02:09:31z: DATA A(44),52,49,33,1007.08,0.05,26352,0,98,15,21,23,15,21,23,70,70,2493,730,82,7,3,1,233.11
 0h01:39.036 2025/01/30T02:09:31z: p:1007.08 gasR:1071409.88 iaq:127.99(0) T:11.33(16.93) H:49.45(34.50) sIaq:233.12(0) Stabilization:1 Run in:0
 0h01:39.734 2025/01/30T02:09:32z: DATA A(45),52,49,33,1007.08,0.05,26352,0,99,15,21,23,15,21,23,70,70,2460,717,74,7,3,1,233.12
 0h01:40.035 2025/01/30T02:09:32z: p:1007.09 gasR:1079884.00 iaq:127.99(0) T:11.33(16.94) H:49.47(34.51) sIaq:233.12(0) Stabilization:1 Run in:0
 0h01:40.568 2025/01/30T02:09:32z: DATA A(46),52,49,33,1007.09,0.05,26352,0,100,15,21,23,15,21,23,70,70,2460,717,74,7,3,1,233.12
 0h01:41.034 2025/01/30T02:09:33z: p:1007.07 gasR:1073094.00 iaq:127.99(0) T:11.35(16.95) H:49.43(34.51) sIaq:233.12(0) Stabilization:1 Run in:0
 0h01:41.667 2025/01/30T02:09:34z: DATA B(41),52,49,33,1007.07,0.05,26352,0,101,17,22,25,17,22,25,72,72,2532,746,82,5,3,1,233.12
 0h01:42.035 2025/01/30T02:09:34z: p:1007.07 gasR:1079884.00 iaq:127.99(0) T:11.35(16.95) H:49.40(34.48) sIaq:233.12(0) Stabilization:1 Run in:0
 0h01:42.574 2025/01/30T02:09:34z: DATA B(42),52,49,33,1007.07,0.05,26352,0,102,17,22,25,17,22,25,72,72,2508,738,84,5,3,2,233.12
 0h01:43.034 2025/01/30T02:09:35z: p:1007.07 gasR:1083311.25 iaq:127.99(0) T:11.36(16.97) H:49.35(34.47) sIaq:233.11(0) Stabilization:1 Run in:0
 0h01:43.409 2025/01/30T02:09:35z: DATA B(43),52,49,33,1007.07,0.05,26352,0,103,17,22,25,17,22,25,72,72,2508,738,84,5,3,2,233.11
{"SensorId":"a4:e5:7c:26:24:d4","DateTime":"2025/01/30T02:09:36z","Geo":"PurpleAir-24d4","Mem":26352,"memfrag":2,"memfb":25968,"memcs":800,"Id":1,"lat":0.000000,"lon":0.000000,"Adc":"nan","loggingrate":15,"place":"outside","version":"7.04","uptime":104,"rssi":0,"period":103,"httpsuccess":0,"httpsends":0,"hardwareversion":"3.0","hardwarediscovered":"3.0+RV3028+BME68X+PMSX003-A+PMSX003-B","current_temp_f":52,"current_humidity":49,"current_dewpoint_f":33,"pressure":1007.07,"current_temp_f_680":52,"current_humidity_680":49,"current_dewpoint_f_680":33,"pressure_680":1007.07,"gas_680":"nan","p25aqic_b":"rgb(255,245,0)","pm2.5_aqi_b":71,"pm1_0_cf_1_b":16.35,"p_0_3_um_b":2406.98,"pm2_5_cf_1_b":21.42,"p_0_5_um_b":696.79,"pm10_0_cf_1_b":24.19,"p_1_0_um_b":86.84,"pm1_0_atm_b":16.35,"p_2_5_um_b":7.95,"pm2_5_atm_b":21.42,"p_5_0_um_b":2.12,"pm10_0_atm_b":24.19,"p_10_0_um_b":0.79,"p25aqic":"rgb(255,247,0)","pm2.5_aqi":70,"pm1_0_cf_1":15.30,"p_0_3_um":2485.96,"pm2_5_cf_1":20.85,"p_0_5_um":716.26,"pm10_0_cf_1":23.85,"p_1_0_um":86.09,"pm1_0_atm":15.30,"p_2_5_um":8.87,"pm2_5_atm":20.85,"p_5_0_um":4.65,"pm10_0_atm":23.85,"p_10_0_um":0.93,"wlstate":"No SSID","status_0":0,"status_1":0,"status_2":0,"status_3":0,"status_4":2,"status_5":2,"status_7":0,"status_8":2,"status_9":2}
 0h01:44.149 2025/01/30T02:09:36z: update.purpleair.com:80/firmware/2mb/update.asp
 0h01:44.156 2025/01/30T02:09:36z: Error: -1
1 BSEC warning code : 100

UTCDateTime,mac_address,firmware_ver,hardware,current_temp_f,current_humidity,current_dewpoint_f,pressure,adc,mem,rssi,uptime,pm1_0_cf_1,pm2_5_cf_1,pm10_0_cf_1,pm1_0_atm,pm2_5_atm,pm10_0_atm,pm2.5_aqi_cf_1,pm2.5_aqi_atm,p_0_3_um,p_0_5_um,p_1_0_um,p_2_5_um,p_5_0_um,p_10_0_um,pm1_0_cf_1_b,pm2_5_cf_1_b,pm10_0_cf_1_b,pm1_0_atm_b,pm2_5_atm_b,pm10_0_atm_b,pm2.5_aqi_cf_1_b,pm2.5_aqi_atm_b,p_0_3_um_b,p_0_5_um_b,p_1_0_um_b,p_2_5_um_b,p_5_0_um_b,p_10_0_um_b,gas
2025/01/30T02:09:36z,a4:e5:7c:26:24:d4,7.04,3.0+RV3028+BME68X+PMSX003-A+PMSX003-B,52,49,33,1007.07,nan,26352,0,104,15.30,20.85,23.85,15.30,20.85,23.85,70,70,2485.96,716.26,86.09,8.87,4.65,0.93,16.35,21.42,24.19,16.35,21.42,24.19,71,71,2406.98,696.79,86.84,7.95,2.12,0.79,nan
1 BSEC warning code : 100

1 BSEC warning code : 100

1 BSEC warning code : 100

1 BSEC warning code : 100

1 BSEC warning code : 100

1 BSEC warning code : 100

1 BSEC warning code : 100

1 BSEC warning code : 100

1 BSEC warning code : 100

1 BSEC warning code : 100

 ets Jan  8 2013,rst cause:4, boot mode:(3,7)

wdt reset
load 0x4010f000, len 1384, room 16 
tail 8
chksum 0x2d
csum 0x2d
v8b899c12
~ld


7.04
 0h00:00.278 1970/01/01T08:00:00z: SPIFFS Active
 0h00:03.951 2025/01/30T19:53:28z: a4:e5:7c:26:24:d4
 0h00:03.953 2025/01/30T19:53:28z: SSID: NothingButSunshine
1 BSEC warning code : 100

1 BSEC warning code : 100

1 BSEC warning code : 100

1 BSEC warning code : 100

1 BSEC warning code : 100

1 BSEC warning code : 100

1 BSEC warning code : 100

1 BSEC warning code : 100

1 BSEC warning code : 100

1 BSEC warning code : 100

 ets Jan  8 2013,rst cause:4, boot mode:(3,7)

wdt reset
load 0x4010f000, len 1384, room 16 
tail 8
chksum 0x2d
csum 0x2d
v8b899c12
~ld


7.04
 0h00:00.284 1970/01/01T08:00:00z: SPIFFS Active
 0h00:03.957 2025/01/30T20:13:10z: a4:e5:7c:26:24:d4
 0h00:03.958 2025/01/30T20:13:10z: SSID: NothingButSunshine
1 BSEC warning code : 100

1 BSEC warning code : 100

1 BSEC warning code : 100

1 BSEC warning code : 100

1 BSEC warning code : 100

1 BSEC warning code : 100

1 BSEC warning code : 100

1 BSEC warning code : 100

1 BSEC warning code : 100

1 BSEC warning code : 100

 ets Jan  8 2013,rst cause:4, boot mode:(3,7)

wdt reset
load 0x4010f000, len 1384, room 16 
tail 8
chksum 0x2d
csum 0x2d
v8b899c12
~ld


7.04
 0h00:00.281 1970/01/01T08:00:00z: SPIFFS Active
 0h00:03.954 2025/01/30T20:32:52z: a4:e5:7c:26:24:d4
 0h00:03.956 2025/01/30T20:32:52z: SSID: NothingButSunshine
1 BSEC warning code : 100

1 BSEC warning code : 100

1 BSEC warning code : 100

1 BSEC warning code : 100

1 BSEC warning code : 100

1 BSEC warning code : 100

1 BSEC warning code : 100

1 BSEC warning code : 100

1 BSEC warning code : 100

1 BSEC warning code : 100

 ets Jan  8 2013,rst cause:4, boot mode:(3,7)

wdt reset
load 0x4010f000, len 1384, room 16 
tail 8
chksum 0x2d
csum 0x2d
v8b899c12
~ld


7.04
 0h00:00.275 1970/01/01T08:00:00z: SPIFFS Active
 0h00:03.948 2025/01/30T20:52:34z: a4:e5:7c:26:24:d4
 0h00:03.950 2025/01/30T20:52:34z: SSID: NothingButSunshine
1 BSEC warning code : 100

1 BSEC warning code : 100

1 BSEC warning code : 100

1 BSEC warning code : 100

1 BSEC warning code : 100

1 BSEC warning code : 100

1 BSEC warning code : 100

1 BSEC warning code : 100

1 BSEC warning code : 100

1 BSEC warning code : 100

 ets Jan  8 2013,rst cause:4, boot mode:(3,7)

wdt reset
load 0x4010f000, len 1384, room 16 
tail 8
chksum 0x2d
csum 0x2d
v8b899c12
~ld


7.04
 0h00:00.281 1970/01/01T08:00:00z: SPIFFS Active
 0h00:03.954 2025/01/30T21:12:16z: a4:e5:7c:26:24:d4
 0h00:03.956 2025/01/30T21:12:16z: SSID: NothingButSunshine
1 BSEC warning code : 100

1 BSEC warning code : 100

1 BSEC warning code : 100

1 BSEC warning code : 100

1 BSEC warning code : 100

1 BSEC warning code : 100

1 BSEC warning code : 100

1 BSEC warning code : 100

1 BSEC warning code : 100

1 BSEC warning code : 100

 ets Jan  8 2013,rst cause:4, boot mode:(3,7)

wdt reset
load 0x4010f000, len 1384, room 16 
tail 8
chksum 0x2d
csum 0x2d
v8b899c12
~ld


7.04
 0h00:00.280 1970/01/01T08:00:00z: SPIFFS Active
 0h00:03.953 2025/01/30T21:31:58z: a4:e5:7c:26:24:d4
 0h00:03.955 2025/01/30T21:31:58z: SSID: NothingButSunshine
1 BSEC warning code : 100

1 BSEC warning code : 100

1 BSEC warning code : 100

1 BSEC warning code : 100

1 BSEC warning code : 100

1 BSEC warning code : 100

1 BSEC warning code : 100

1 BSEC warning code : 100

1 BSEC warning code : 100

1 BSEC warning code : 100

 ets Jan  8 2013,rst cause:4, boot mode:(3,7)

wdt reset
load 0x4010f000, len 1384, room 16 
tail 8
chksum 0x2d
csum 0x2d
v8b899c12
~ld


7.04
 0h00:00.278 1970/01/01T08:00:00z: SPIFFS Active
 0h00:03.952 2025/01/30T21:51:41z: a4:e5:7c:26:24:d4
 0h00:03.953 2025/01/30T21:51:41z: SSID: NothingButSunshine
1 BSEC warning code : 100

1 BSEC warning code : 100

1 BSEC warning code : 100

1 BSEC warning code : 100

1 BSEC warning code : 100

1 BSEC warning code : 100

1 BSEC warning code : 100

1 BSEC warning code : 100

1 BSEC warning code : 100

1 BSEC warning code : 100

 ets Jan  8 2013,rst cause:4, boot mode:(3,7)

wdt reset
load 0x4010f000, len 1384, room 16 
tail 8
chksum 0x2d
csum 0x2d
v8b899c12
~ld


7.04
 0h00:00.286 1970/01/01T08:00:00z: SPIFFS Active
 0h00:03.959 2025/01/30T22:11:23z: a4:e5:7c:26:24:d4
 0h00:03.961 2025/01/30T22:11:23z: SSID: NothingButSunshine
1 BSEC warning code : 100

1 BSEC warning code : 100

1 BSEC warning code : 100

1 BSEC warning code : 100

1 BSEC warning code : 100

1 BSEC warning code : 100

1 BSEC warning code : 100

1 BSEC warning code : 100

1 BSEC warning code : 100

1 BSEC warning code : 100

 ets Jan  8 2013,rst cause:4, boot mode:(3,7)

wdt reset
load 0x4010f000, len 1384, room 16 
tail 8
chksum 0x2d
csum 0x2d
v8b899c12
~ld


7.04
 0h00:00.283 1970/01/01T08:00:00z: SPIFFS Active
 0h00:03.956 2025/01/30T22:31:05z: a4:e5:7c:26:24:d4
 0h00:03.958 2025/01/30T22:31:05z: SSID: NothingButSunshine
1 BSEC warning code : 100

1 BSEC warning code : 100

1 BSEC warning code : 100

1 BSEC warning code : 100

1 BSEC warning code : 100

1 BSEC warning code : 100

1 BSEC warning code : 100

1 BSEC warning code : 100

1 BSEC warning code : 100

1 BSEC warning code : 100

 ets Jan  8 2013,rst cause:4, boot mode:(3,7)

wdt reset
load 0x4010f000, len 1384, room 16 
tail 8
chksum 0x2d
csum 0x2d
v8b899c12
~ld


7.04
 0h00:00.277 1970/01/01T08:00:00z: SPIFFS Active
 0h00:03.950 2025/01/30T22:50:47z: a4:e5:7c:26:24:d4
 0h00:03.951 2025/01/30T22:50:47z: SSID: NothingButSunshine
1 BSEC warning code : 100

1 BSEC warning code : 100

1 BSEC warning code : 100

1 BSEC warning code : 100

1 BSEC warning code : 100

1 BSEC warning code : 100

1 BSEC warning code : 100

1 BSEC warning code : 100

1 BSEC warning code : 100

1 BSEC warning code : 100

 ets Jan  8 2013,rst cause:4, boot mode:(3,7)

wdt reset
load 0x4010f000, len 1384, room 16 
tail 8
chksum 0x2d
csum 0x2d
v8b899c12
~ld


7.04
 0h00:00.275 1970/01/01T08:00:00z: SPIFFS Active
 0h00:03.949 2025/01/30T23:10:29z: a4:e5:7c:26:24:d4
 0h00:03.950 2025/01/30T23:10:29z: SSID: NothingButSunshine
1 BSEC warning code : 100

1 BSEC warning code : 100

1 BSEC warning code : 100

1 BSEC warning code : 100

1 BSEC warning code : 100

1 BSEC warning code : 100

1 BSEC warning code : 100

1 BSEC warning code : 100

1 BSEC warning code : 100

1 BSEC warning code : 100

 ets Jan  8 2013,rst cause:4, boot mode:(3,7)

wdt reset
load 0x4010f000, len 1384, room 16 
tail 8
chksum 0x2d
csum 0x2d
v8b899c12
~ld


7.04
 0h00:00.278 1970/01/01T08:00:00z: SPIFFS Active
 0h00:03.952 2025/01/30T23:30:11z: a4:e5:7c:26:24:d4
 0h00:03.953 2025/01/30T23:30:11z: SSID: NothingButSunshine
1 BSEC warning code : 100

1 BSEC warning code : 100

1 BSEC warning code : 100

1 BSEC warning code : 100

1 BSEC warning code : 100

1 BSEC warning code : 100

1 BSEC warning code : 100

1 BSEC warning code : 100

1 BSEC warning code : 100

1 BSEC warning code : 100

 ets Jan  8 2013,rst cause:4, boot mode:(3,7)

wdt reset
load 0x4010f000, len 1384, room 16 
tail 8
chksum 0x2d
csum 0x2d
v8b899c12
~ld


7.04
 0h00:00.277 1970/01/01T08:00:00z: SPIFFS Active
 0h00:03.951 2025/01/30T23:49:53z: a4:e5:7c:26:24:d4
 0h00:03.952 2025/01/30T23:49:53z: SSID: NothingButSunshine
1 BSEC warning code : 100

1 BSEC warning code : 100

1 BSEC warning code : 100

1 BSEC warning code : 100

1 BSEC warning code : 100
