
1 BSEC warning code : 100

1 BSEC warning code : 100

1 BSEC warning code : 100

1 BSEC warning code : 100

1 BSEC warning code : 100

1 BSEC warning code : 100

 ets Jan  8 2013,rst cause:1, boot mode:(3,7)

load 0x4010f000, len 1384, room 16 
tail 8
chksum 0x2d
csum 0x2d
v8b899c12
~ld


7.04
 0h00:00.289 1970/01/01T08:00:00z: SPIFFS Active
 0h00:03.963 2025/11/11T00:10:28z: a4:e5:7c:26:24:d4
 0h00:03.965 2025/11/11T00:10:28z: SSID: NothingButSunshine
1 BSEC warning code : 100

1 BSEC warning code : 100

1 BSEC warning code : 100

1 BSEC warning code : 100

1 BSEC warning code : 100

1 BSEC warning code : 100

1 BSEC warning code : 100

1 BSEC warning code : 100

1 BSEC warning code : 100

1 BSEC warning code : 100

 ets Jan  8 2013,rst cause:1, boot mode:(3,7)

load 0x4010f000, len 1384, room 16 
tail 8
chksum 0x2d
csum 0x2d
v8b899c12
~ld


7.04
 0h00:00.293 1970/01/01T08:00:00z: SPIFFS Active
 0h00:03.968 2025/11/11T00:30:13z: a4:e5:7c:26:24:d4
 0h00:03.969 2025/11/11T00:30:13z: SSID: NothingButSunshine
1 BSEC warning code : 100

1 BSEC warning code : 100

1 BSEC warning code : 100

1 BSEC warning code : 100

1 BSEC warning code : 100

1 BSEC warning code : 100

1 BSEC warning code : 100

1 BSEC warning code : 100

1 BSEC warning code : 100

1 BSEC warning code : 100

 ets Jan  8 2013,rst cause:1, boot mode:(3,7)

load 0x4010f000, len 1384, room 16 
tail 8
chksum 0x2d
csum 0x2d
v8b899c12
~ld


7.04
 0h00:00.290 1970/01/01T08:00:00z: SPIFFS Active
 0h00:03.964 2025/11/11T00:49:58z: a4:e5:7c:26:24:d4
 0h00:03.965 2025/11/11T00:49:58z: SSID: NothingButSunshine
1 BSEC warning code : 100

1 BSEC warning code : 100

1 BSEC warning code : 100

1 BSEC warning code : 100

1 BSEC warning code : 100

1 BSEC warning code : 100

1 BSEC warning code : 100

1 BSEC warning code : 100

1 BSEC warning code : 100

1 BSEC warning code : 100

 ets Jan  8 2013,rst cause:1, boot mode:(3,7)

load 0x4010f000, len 1384, room 16 
tail 8
chksum 0x2d
csum 0x2d
v8b899c12
~ld


7.04
 0h00:00.295 1970/01/01T08:00:00z: SPIFFS Active
 0h00:03.968 2025/11/11T01:09:43z: a4:e5:7c:26:24:d4
 0h00:03.970 2025/11/11T01:09:43z: SSID: NothingButSunshine
1 BSEC warning code : 100

1 BSEC warning code : 100

1 BSEC warning code : 100

1 BSEC warning code : 100

1 BSEC warning code : 100

1 BSEC warning code : 100

1 BSEC warning code : 100

1 BSEC warning code : 100

1 BSEC warning code : 100

1 BSEC warning code : 100

 ets Jan  8 2013,rst cause:1, boot mode:(3,7)

load 0x4010f000, len 1384, room 16 
tail 8
chksum 0x2d
csum 0x2d
v8b899c12
~ld


7.04
 0h00:00.294 1970/01/01T08:00:00z: SPIFFS Active
 0h00:03.968 2025/11/11T01:29:28z: a4:e5:7c:26:24:d4
 0h00:03.969 2025/11/11T01:29:28z: SSID: NothingButSunshine
1 BSEC warning code : 100

1 BSEC warning code : 100

1 BSEC warning code : 100

1 BSEC warning code : 100

1 BSEC warning code : 100

1 BSEC warning code : 100

1 BSEC warning code : 100

1 BSEC warning code : 100

1 BSEC warning code : 100

1 BSEC warning code : 100

 ets Jan  8 2013,rst cause:1, boot mode:(3,7)

load 0x4010f000, len 1384, room 16 
tail 8
chksum 0x2d
csum 0x2d
v8b899c12
~ld


7.04
 0h00:00.288 1970/01/01T08:00:00z: SPIFFS Active
 0h00:03.962 2025/11/11T01:49:13z: a4:e5:7c:26:24:d4
 0h00:03.963 2025/11/11T01:49:13z: SSID: NothingButSunshine
1 BSEC warning code : 100

1 BSEC warning code : 100

1 BSEC warning code : 100

1 BSEC warning code : 100

1 BSEC warning code : 100

1 BSEC warning code : 100

1 BSEC warning code : 100

1 BSEC warning code : 100

1 BSEC warning code : 100

1 BSEC warning code : 100

 ets Jan  8 2013,rst cause:1, boot mode:(3,7)

load 0x4010f000, len 1384, room 16 
tail 8
chksum 0x2d
csum 0x2d
v8b899c12
~ld


7.04
 0h00:00.277 1970/01/01T08:00:00z: SPIFFS Active
 0h00:03.951 2025/11/11T02:08:58z: a4:e5:7c:26:24:d4
 0h00:03.952 2025/11/11T02:08:58z: SSID: NothingButSunshine
1 BSEC warning code : 100

1 BSEC warning code : 100

1 BSEC warning code : 100

1 BSEC warning code : 100

1 BSEC warning code : 100

1 BSEC warning code : 100

1 BSEC warning code : 100

1 BSEC warning code : 100

1 BSEC warning code : 100

1 BSEC warning code : 100

 ets Jan  8 2013,rst cause:1, boot mode:(3,7)

load 0x4010f000, len 1384, room 16 
tail 8
chksum 0x2d
csum 0x2d
v8b899c12
~ld


7.04
 0h00:00.288 1970/01/01T08:00:00z: SPIFFS Active
 0h00:03.962 2025/11/11T02:28:43z: a4:e5:7c:26:24:d4
 0h00:03.964 2025/11/11T02:28:43z: SSID: NothingButSunshine
1 BSEC warning code : 100

1 BSEC warning code : 100

1 BSEC warning code : 100

1 BSEC warning code : 100

1 BSEC warning code : 100

1 BSEC warning code : 100

1 BSEC warning code : 100

1 BSEC warning code : 100

1 BSEC warning code : 100

1 BSEC warning code : 100

 ets Jan  8 2013,rst cause:1, boot mode:(3,7)

load 0x4010f000, len 1384, room 16 
tail 8
chksum 0x2d
csum 0x2d
v8b899c12
~ld


7.04
 0h00:00.286 1970/01/01T08:00:00z: SPIFFS Active
 0h00:03.959 2025/11/11T02:48:28z: a4:e5:7c:26:24:d4
 0h00:03.961 2025/11/11T02:48:28z: SSID: NothingButSunshine
1 BSEC warning code : 100

1 BSEC warning code : 100

1 BSEC warning code : 100

1 BSEC warning code : 100

1 BSEC warning code : 100

1 BSEC warning code : 100

1 BSEC warning code : 100

1 BSEC warning code : 100

1 BSEC warning code : 100

1 BSEC warning code : 100

 ets Jan  8 2013,rst cause:1, boot mode:(3,7)

load 0x4010f000, len 1384, room 16 
tail 8
chksum 0x2d
csum 0x2d
v8b899c12
~ld


7.04
 0h00:00.288 1970/01/01T08:00:00z: SPIFFS Active
 0h00:03.962 2025/11/11T03:08:13z: a4:e5:7c:26:24:d4
 0h00:03.963 2025/11/11T03:08:13z: SSID: NothingButSunshine
1 BSEC warning code : 100

1 BSEC warning code : 100

1 BSEC warning code : 100

1 BSEC warning code : 100

1 BSEC warning code : 100

1 BSEC warning code : 100

1 BSEC warning code : 100

1 BSEC warning code : 100

1 BSEC warning code : 100

1 BSEC warning code : 100

 ets Jan  8 2013,rst cause:1, boot mode:(3,7)

load 0x4010f000, len 1384, room 16 
tail 8
chksum 0x2d
csum 0x2d
v8b899c12
~ld


7.04
 0h00:00.293 1970/01/01T08:00:00z: SPIFFS Active
 0h00:03.966 2025/11/11T03:27:58z: a4:e5:7c:26:24:d4
 0h00:03.968 2025/11/11T03:27:58z: SSID: NothingButSunshine
1 BSEC warning code : 100

1 BSEC warning code : 100

1 BSEC warning code : 100

1 BSEC warning code : 100

1 BSEC warning code : 100

1 BSEC warning code : 100

1 BSEC warning code : 100

1 BSEC warning code : 100

1 BSEC warning code : 100

1 BSEC warning code : 100

 ets Jan  8 2013,rst cause:1, boot mode:(3,7)

load 0x4010f000, len 1384, room 16 
tail 8
chksum 0x2d
csum 0x2d
v8b899c12
~ld


7.04
 0h00:00.285 1970/01/01T08:00:00z: SPIFFS Active
 0h00:03.959 2025/11/11T03:47:43z: a4:e5:7c:26:24:d4
 0h00:03.960 2025/11/11T03:47:43z: SSID: NothingButSunshine
1 BSEC warning code : 100

1 BSEC warning code : 100

1 BSEC warning code : 100

1 BSEC warning code : 100

1 BSEC warning code : 100

1 BSEC warning code : 100

1 BSEC warning code : 100

1 BSEC warning code : 100

1 BSEC warning code : 100

1 BSEC warning code : 100

 ets Jan  8 2013,rst cause:1, boot mode:(3,7)

load 0x4010f000, len 1384, room 16 
tail 8
chksum 0x2d
csum 0x2d
v8b899c12
~ld


7.04
 0h00:00.294 1970/01/01T08:00:00z: SPIFFS Active
 0h00:03.968 2025/11/11T04:07:28z: a4:e5:7c:26:24:d4
 0h00:03.969 2025/11/11T04:07:28z: SSID: NothingButSunshine
1 BSEC warning code : 100

1 BSEC warning code : 100

1 BSEC warning code : 100

1 BSEC warning code : 100

1 BSEC warning code : 100

1 BSEC warning code : 100

1 BSEC warning code : 100

1 BSEC warning code : 100

1 BSEC warning code : 100

1 BSEC warning code : 100

 ets Jan  8 2013,rst cause:1, boot mode:(3,7)

load 0x4010f000, len 1384, room 16 
tail 8
chksum 0x2d
csum 0x2d
v8b899c12
~ld


7.04
 0h00:00.285 1970/01/01T08:00:00z: SPIFFS Active
 0h00:03.959 2025/11/11T04:27:12z: a4:e5:7c:26:24:d4
 0h00:03.960 2025/11/11T04:27:12z: SSID: NothingButSunshine
1 BSEC warning code : 100

1 BSEC warning code : 100

1 BSEC warning code : 100

1 BSEC warning code : 100

1 BSEC warning code : 100

1 BSEC warning code : 100

1 BSEC warning code : 100

1 BSEC warning code : 100

1 BSEC warning code : 100

1 BSEC warning code : 100

 ets Jan  8 2013,rst cause:1, boot mode:(3,7)

load 0x4010f000, len 1384, room 16 
tail 8
chksum 0x2d
csum 0x2d
v8b899c12
~ld


7.04
 0h00:00.287 1970/01/01T08:00:00z: SPIFFS Active
 0h00:03.961 2025/11/11T04:46:57z: a4:e5:7c:26:24:d4
 0h00:03.962 2025/11/11T04:46:57z: SSID: NothingButSunshine
1 BSEC warning code : 100

1 BSEC warning code : 100

1 BSEC warning code : 100

1 BSEC warning code : 100

1 BSEC warning code : 100

1 BSEC warning code : 100

1 BSEC warning code : 100

1 BSEC warning code : 100

1 BSEC warning code : 100

1 BSEC warning code : 100

 ets Jan  8 2013,rst cause:1, boot mode:(3,7)

load 0x4010f000, len 1384, room 16 
tail 8
chksum 0x2d
csum 0x2d
v8b899c12
~ld


7.04
 0h00:00.290 1970/01/01T08:00:00z: SPIFFS Active
 0h00:03.964 2025/11/11T05:06:43z: a4:e5:7c:26:24:d4
 0h00:03.965 2025/11/11T05:06:43z: SSID: NothingButSunshine
1 BSEC warning code : 100

1 BSEC warning code : 100

1 BSEC warning code : 100

1 BSEC warning code : 100

1 BSEC warning code : 100

1 BSEC warning code : 100

1 BSEC warning code : 100

1 BSEC warning code : 100

1 BSEC warning code : 100

1 BSEC warning code : 100

 ets Jan  8 2013,rst cause:1, boot mode:(3,7)

load 0x4010f000, len 1384, room 16 
tail 8
chksum 0x2d
csum 0x2d
v8b899c12
~ld


7.04
 0h00:00.289 1970/01/01T08:00:00z: SPIFFS Active
 0h00:03.963 2025/11/11T05:26:28z: a4:e5:7c:26:24:d4
 0h00:03.964 2025/11/11T05:26:28z: SSID: NothingButSunshine
1 BSEC warning code : 100

1 BSEC warning code : 100

1 BSEC warning code : 100

1 BSEC warning code : 100

1 BSEC warning code : 100

1 BSEC warning code : 100

1 BSEC warning code : 100

1 BSEC warning code : 100

1 BSEC warning code : 100

1 BSEC warning code : 100

 ets Jan  8 2013,rst cause:1, boot mode:(3,7)

load 0x4010f000, len 1384, room 16 
tail 8
chksum 0x2d
csum 0x2d
v8b899c12
~ld


7.04
 0h00:00.289 1970/01/01T08:00:00z: SPIFFS Active
 0h00:03.963 2025/11/11T05:46:12z: a4:e5:7c:26:24:d4
 0h00:03.964 2025/11/11T05:46:12z: SSID: NothingButSunshine
1 BSEC warning code : 100

1 BSEC warning code : 100

1 BSEC warning code : 100

1 BSEC warning code : 100

1 BSEC warning code : 100

1 BSEC warning code : 100

1 BSEC warning code : 100

1 BSEC warning code : 100

1 BSEC warning code : 100

1 BSEC warning code : 100

 ets Jan  8 2013,rst cause:1, boot mode:(3,7)

load 0x4010f000, len 1384, room 16 
tail 8
chksum 0x2d
csum 0x2d
v8b899c12
~ld


7.04
 0h00:00.285 1970/01/01T08:00:00z: SPIFFS Active
 0h00:03.959 2025/11/11T06:05:56z: a4:e5:7c:26:24:d4
 0h00:03.961 2025/11/11T06:05:56z: SSID: NothingButSunshine
1 BSEC warning code : 100

1 BSEC warning code : 100

1 BSEC warning code : 100

1 BSEC warning code : 100

1 BSEC warning code : 100

1 BSEC warning code : 100

1 BSEC warning code : 100

1 BSEC warning code : 100

1 BSEC warning code : 100

1 BSEC warning code : 100

 ets Jan  8 2013,rst cause:1, boot mode:(3,7)

load 0x4010f000, len 1384, room 16 
tail 8
chksum 0x2d
csum 0x2d
v8b899c12
~ld


7.04
 0h00:00.286 1970/01/01T08:00:00z: SPIFFS Active
 0h00:03.961 2025/11/11T06:25:41z: a4:e5:7c:26:24:d4
 0h00:03.962 2025/11/11T06:25:41z: SSID: NothingButSunshine
1 BSEC warning code : 100

1 BSEC warning code : 100

1 BSEC warning code : 100

1 BSEC warning code : 100

1 BSEC warning code : 100

1 BSEC warning code : 100

1 BSEC warning code : 100

1 BSEC warning code : 100

1 BSEC warning code : 100

1 BSEC warning code : 100

 ets Jan  8 2013,rst cause:1, boot mode:(3,7)

load 0x4010f000, len 1384, room 16 
tail 8
chksum 0x2d
csum 0x2d
v8b899c12
~ld


7.04
 0h00:00.292 1970/01/01T08:00:00z: SPIFFS Active
 0h00:03.966 2025/11/11T06:45:27z: a4:e5:7c:26:24:d4
 0h00:03.967 2025/11/11T06:45:27z: SSID: NothingButSunshine
1 BSEC warning code : 100

1 BSEC warning code : 100

1 BSEC warning code : 100

1 BSEC warning code : 100

1 BSEC warning code : 100

1 BSEC warning code : 100

1 BSEC warning code : 100

1 BSEC warning code : 100

1 BSEC warning code : 100

1 BSEC warning code : 100

 ets Jan  8 2013,rst cause:1, boot mode:(3,7)

load 0x4010f000, len 1384, room 16 
tail 8
chksum 0x2d
csum 0x2d
v8b899c12
~ld


7.04
 0h00:00.291 1970/01/01T08:00:00z: SPIFFS Active
 0h00:03.965 2025/11/11T07:05:12z: a4:e5:7c:26:24:d4
 0h00:03.966 2025/11/11T07:05:12z: SSID: NothingButSunshine
1 BSEC warning code : 100

1 BSEC warning code : 100

1 BSEC warning code : 100

1 BSEC warning code : 100

1 BSEC warning code : 100

1 BSEC warning code : 100

1 BSEC warning code : 100

1 BSEC warning code : 100

1 BSEC warning code : 100

1 BSEC warning code : 100

 ets Jan  8 2013,rst cause:1, boot mode:(3,7)

load 0x4010f000, len 1384, room 16 
tail 8
chksum 0x2d
csum 0x2d
v8b899c12
~ld


7.04
 0h00:00.292 1970/01/01T08:00:00z: SPIFFS Active
 0h00:03.967 2025/11/11T07:24:57z: a4:e5:7c:26:24:d4
 0h00:03.968 2025/11/11T07:24:57z: SSID: NothingButSunshine
1 BSEC warning code : 100

1 BSEC warning code : 100

1 BSEC warning code : 100

1 BSEC warning code : 100

1 BSEC warning code : 100

1 BSEC warning code : 100

1 BSEC warning code : 100

1 BSEC warning code : 100

1 BSEC warning code : 100

1 BSEC warning code : 100

 ets Jan  8 2013,rst cause:1, boot mode:(3,7)

load 0x4010f000, len 1384, room 16 
tail 8
chksum 0x2d
csum 0x2d
v8b899c12
~ld


7.04
 0h00:00.288 1970/01/01T08:00:00z: SPIFFS Active
 0h00:03.962 2025/11/11T07:44:41z: a4:e5:7c:26:24:d4
 0h00:03.963 2025/11/11T07:44:41z: SSID: NothingButSunshine
1 BSEC warning code : 100

1 BSEC warning code : 100

1 BSEC warning code : 100

1 BSEC warning code : 100

1 BSEC warning code : 100

1 BSEC warning code : 100

1 BSEC warning code : 100

1 BSEC warning code : 100

1 BSEC warning code : 100

1 BSEC warning code : 100

 ets Jan  8 2013,rst cause:1, boot mode:(3,7)

load 0x4010f000, len 1384, room 16 
tail 8
chksum 0x2d
csum 0x2d
v8b899c12
~ld


7.04
 0h00:00.291 1970/01/01T08:00:00z: SPIFFS Active
 0h00:03.965 2025/11/11T08:04:26z: a4:e5:7c:26:24:d4
 0h00:03.967 2025/11/11T08:04:26z: SSID: NothingButSunshine
1 BSEC warning code : 100

1 BSEC warning code : 100

1 BSEC warning code : 100

1 BSEC warning code : 100

1 BSEC warning code : 100

1 BSEC warning code : 100

1 BSEC warning code : 100

1 BSEC warning code : 100

1 BSEC warning code : 100

1 BSEC warning code : 100

 ets Jan  8 2013,rst cause:1, boot mode:(3,7)

load 0x4010f000, len 1384, room 16 
tail 8
chksum 0x2d
csum 0x2d
v8b899c12
~ld


7.04
 0h00:00.285 1970/01/01T08:00:00z: SPIFFS Active
 0h00:03.960 2025/11/11T08:24:11z: a4:e5:7c:26:24:d4
 0h00:03.961 2025/11/11T08:24:11z: SSID: NothingButSunshine
1 BSEC warning code : 100

1 BSEC warning code : 100

1 BSEC warning code : 100

1 BSEC warning code : 100

1 BSEC warning code : 100

1 BSEC warning code : 100

1 BSEC warning code : 100

1 BSEC warning code : 100

1 BSEC warning code : 100

1 BSEC warning code : 100

 ets Jan  8 2013,rst cause:1, boot mode:(3,7)

load 0x4010f000, len 1384, room 16 
tail 8
chksum 0x2d
csum 0x2d
v8b899c12
~ld


7.04
 0h00:00.291 1970/01/01T08:00:00z: SPIFFS Active
 0h00:03.965 2025/11/11T08:43:55z: a4:e5:7c:26:24:d4
 0h00:03.967 2025/11/11T08:43:55z: SSID: NothingButSunshine
1 BSEC warning code : 100

1 BSEC warning code : 100

1 BSEC warning code : 100

1 BSEC warning code : 100

1 BSEC warning code : 100

1 BSEC warning code : 100

1 BSEC warning code : 100

1 BSEC warning code : 100

1 BSEC warning code : 100

1 BSEC warning code : 100

 ets Jan  8 2013,rst cause:1, boot mode:(3,7)

load 0x4010f000, len 1384, room 16 
tail 8
chksum 0x2d
csum 0x2d
v8b899c12
~ld


7.04
 0h00:00.292 1970/01/01T08:00:00z: SPIFFS Active
 0h00:03.967 2025/11/11T09:03:39z: a4:e5:7c:26:24:d4
 0h00:03.968 2025/11/11T09:03:39z: SSID: NothingButSunshine
1 BSEC warning code : 100

1 BSEC warning code : 100

1 BSEC warning code : 100

1 BSEC warning code : 100

1 BSEC warning code : 100

1 BSEC warning code : 100

1 BSEC warning code : 100

1 BSEC warning code : 100

1 BSEC warning code : 100

1 BSEC warning code : 100

 ets Jan  8 2013,rst cause:1, boot mode:(3,7)

load 0x4010f000, len 1384, room 16 
tail 8
chksum 0x2d
csum 0x2d
v8b899c12
~ld


7.04
 0h00:00.294 1970/01/01T08:00:00z: SPIFFS Active
 0h00:03.969 2025/11/11T09:23:25z: a4:e5:7c:26:24:d4
 0h00:03.970 2025/11/11T09:23:25z: SSID: NothingButSunshine
1 BSEC warning code : 100

1 BSEC warning code : 100

1 BSEC warning code : 100

1 BSEC warning code : 100

1 BSEC warning code : 100

1 BSEC warning code : 100

1 BSEC warning code : 100

1 BSEC warning code : 100

1 BSEC warning code : 100

1 BSEC warning code : 100

 ets Jan  8 2013,rst cause:1, boot mode:(3,7)

load 0x4010f000, len 1384, room 16 
tail 8
chksum 0x2d
csum 0x2d
v8b899c12
~ld


7.04
 0h00:00.284 1970/01/01T08:00:00z: SPIFFS Active
 0h00:03.958 2025/11/11T09:43:10z: a4:e5:7c:26:24:d4
 0h00:03.959 2025/11/11T09:43:10z: SSID: NothingButSunshine
1 BSEC warning code : 100

1 BSEC warning code : 100

1 BSEC warning code : 100

1 BSEC warning code : 100

1 BSEC warning code : 100

1 BSEC warning code : 100

1 BSEC warning code : 100

1 BSEC warning code : 100

1 BSEC warning code : 100

1 BSEC warning code : 100

 ets Jan  8 2013,rst cause:1, boot mode:(3,7)

load 0x4010f000, len 1384, room 16 
tail 8
chksum 0x2d
csum 0x2d
v8b899c12
~ld


7.04
 0h00:00.290 1970/01/01T08:00:00z: SPIFFS Active
 0h00:03.964 2025/11/11T10:02:55z: a4:e5:7c:26:24:d4
 0h00:03.965 2025/11/11T10:02:55z: SSID: NothingButSunshine
1 BSEC warning code : 100

1 BSEC warning code : 100

1 BSEC warning code : 100

1 BSEC warning code : 100

1 BSEC warning code : 100

1 BSEC warning code : 100

1 BSEC warning code : 100

1 BSEC warning code : 100

1 BSEC warning code : 100

1 BSEC warning code : 100

 ets Jan  8 2013,rst cause:1, boot mode:(3,7)

load 0x4010f000, len 1384, room 16 
tail 8
chksum 0x2d
csum 0x2d
v8b899c12
~ld


7.04
 0h00:00.286 1970/01/01T08:00:00z: SPIFFS Active
 0h00:03.960 2025/11/11T10:22:39z: a4:e5:7c:26:24:d4
 0h00:03.962 2025/11/11T10:22:39z: SSID: NothingButSunshine
1 BSEC warning code : 100

1 BSEC warning code : 100

1 BSEC warning code : 100

1 BSEC warning code : 100

1 BSEC warning code : 100

1 BSEC warning code : 100

1 BSEC warning code : 100

1 BSEC warning code : 100

1 BSEC warning code : 100

1 BSEC warning code : 100

 ets Jan  8 2013,rst cause:1, boot mode:(3,7)

load 0x4010f000, len 1384, room 16 
tail 8
chksum 0x2d
csum 0x2d
v8b899c12
~ld


7.04
 0h00:00.288 1970/01/01T08:00:00z: SPIFFS Active
 0h00:03.963 2025/11/11T10:42:23z: a4:e5:7c:26:24:d4
 0h00:03.964 2025/11/11T10:42:23z: SSID: NothingButSunshine
1 BSEC warning code : 100

1 BSEC warning code : 100

1 BSEC warning code : 100

1 BSEC warning code : 100

1 BSEC warning code : 100

1 BSEC warning code : 100

1 BSEC warning code : 100

1 BSEC warning code : 100

1 BSEC warning code : 100

1 BSEC warning code : 100

 ets Jan  8 2013,rst cause:1, boot mode:(3,7)

load 0x4010f000, len 1384, room 16 
tail 8
chksum 0x2d
csum 0x2d
v8b899c12
~ld


7.04
 0h00:00.287 1970/01/01T08:00:00z: SPIFFS Active
 0h00:03.961 2025/11/11T11:02:08z: a4:e5:7c:26:24:d4
 0h00:03.963 2025/11/11T11:02:08z: SSID: NothingButSunshine
1 BSEC warning code : 100

1 BSEC warning code : 100

1 BSEC warning code : 100

1 BSEC warning code : 100

1 BSEC warning code : 100

1 BSEC warning code : 100

1 BSEC warning code : 100

1 BSEC warning code : 100

1 BSEC warning code : 100

1 BSEC warning code : 100

 ets Jan  8 2013,rst cause:1, boot mode:(3,7)

load 0x4010f000, len 1384, room 16 
tail 8
chksum 0x2d
csum 0x2d
v8b899c12
~ld


7.04
 0h00:00.286 1970/01/01T08:00:00z: SPIFFS Active
 0h00:03.961 2025/11/11T11:21:54z: a4:e5:7c:26:24:d4
 0h00:03.962 2025/11/11T11:21:54z: SSID: NothingButSunshine
1 BSEC warning code : 100

1 BSEC warning code : 100

1 BSEC warning code : 100

1 BSEC warning code : 100

1 BSEC warning code : 100

1 BSEC warning code : 100

1 BSEC warning code : 100

1 BSEC warning code : 100

1 BSEC warning code : 100

1 BSEC warning code : 100

 ets Jan  8 2013,rst cause:1, boot mode:(3,7)

load 0x4010f000, len 1384, room 16 
tail 8
chksum 0x2d
csum 0x2d
v8b899c12
~ld


7.04
 0h00:00.291 1970/01/01T08:00:00z: SPIFFS Active
 0h00:03.966 2025/11/11T11:41:39z: a4:e5:7c:26:24:d4
 0h00:03.967 2025/11/11T11:41:39z: SSID: NothingButSunshine
1 BSEC warning code : 100

1 BSEC warning code : 100

1 BSEC warning code : 100

1 BSEC warning code : 100

1 BSEC warning code : 100

1 BSEC warning code : 100

1 BSEC warning code : 100

1 BSEC warning code : 100

1 BSEC warning code : 100

1 BSEC warning code : 100

 ets Jan  8 2013,rst cause:1, boot mode:(3,7)

load 0x4010f000, len 1384, room 16 
tail 8
chksum 0x2d
csum 0x2d
v8b899c12
~ld


7.04
 0h00:00.287 1970/01/01T08:00:00z: SPIFFS Active
 0h00:03.961 2025/11/11T12:01:24z: a4:e5:7c:26:24:d4
 0h00:03.963 2025/11/11T12:01:24z: SSID: NothingButSunshine
1 BSEC warning code : 100

1 BSEC warning code : 100

1 BSEC warning code : 100

1 BSEC warning code : 100

1 BSEC warning code : 100

1 BSEC warning code : 100

1 BSEC warning code : 100

1 BSEC warning code : 100

1 BSEC warning code : 100

1 BSEC warning code : 100

 ets Jan  8 2013,rst cause:1, boot mode:(3,7)

load 0x4010f000, len 1384, room 16 
tail 8
chksum 0x2d
csum 0x2d
v8b899c12
~ld


7.04
 0h00:00.286 1970/01/01T08:00:00z: SPIFFS Active
 0h00:03.960 2025/11/11T12:21:08z: a4:e5:7c:26:24:d4
 0h00:03.962 2025/11/11T12:21:08z: SSID: NothingButSunshine
1 BSEC warning code : 100

1 BSEC warning code : 100

1 BSEC warning code : 100

1 BSEC warning code : 100

1 BSEC warning code : 100

1 BSEC warning code : 100

1 BSEC warning code : 100

1 BSEC warning code : 100

1 BSEC warning code : 100

1 BSEC warning code : 100

 ets Jan  8 2013,rst cause:1, boot mode:(3,7)

load 0x4010f000, len 1384, room 16 
tail 8
chksum 0x2d
csum 0x2d
v8b899c12
~ld


7.04
 0h00:00.296 1970/01/01T08:00:00z: SPIFFS Active
 0h00:03.970 2025/11/11T12:40:54z: a4:e5:7c:26:24:d4
 0h00:03.972 2025/11/11T12:40:54z: SSID: NothingButSunshine
1 BSEC warning code : 100

1 BSEC warning code : 100

1 BSEC warning code : 100

1 BSEC warning code : 100

1 BSEC warning code : 100

1 BSEC warning code : 100

1 BSEC warning code : 100

1 BSEC warning code : 100

1 BSEC warning code : 100

1 BSEC warning code : 100

 ets Jan  8 2013,rst cause:1, boot mode:(3,7)

load 0x4010f000, len 1384, room 16 
tail 8
chksum 0x2d
csum 0x2d
v8b899c12
~ld


7.04
 0h00:00.283 1970/01/01T08:00:00z: SPIFFS Active
 0h00:03.958 2025/11/11T13:00:39z: a4:e5:7c:26:24:d4
 0h00:03.959 2025/11/11T13:00:39z: SSID: NothingButSunshine
1 BSEC warning code : 100

1 BSEC warning code : 100

1 BSEC warning code : 100

1 BSEC warning code : 100

1 BSEC warning code : 100

1 BSEC warning code : 100

1 BSEC warning code : 100

1 BSEC warning code : 100

1 BSEC warning code : 100

1 BSEC warning code : 100

 ets Jan  8 2013,rst cause:1, boot mode:(3,7)

load 0x4010f000, len 1384, room 16 
tail 8
chksum 0x2d
csum 0x2d
v8b899c12
~ld


7.04
 0h00:00.290 1970/01/01T08:00:00z: SPIFFS Active
 0h00:03.965 2025/11/11T13:20:24z: a4:e5:7c:26:24:d4
 0h00:03.966 2025/11/11T13:20:24z: SSID: NothingButSunshine
1 BSEC warning code : 100

1 BSEC warning code : 100

1 BSEC warning code : 100

1 BSEC warning code : 100

1 BSEC warning code : 100

1 BSEC warning code : 100

1 BSEC warning code : 100

1 BSEC warning code : 100

1 BSEC warning code : 100

1 BSEC warning code : 100

 ets Jan  8 2013,rst cause:1, boot mode:(3,7)

load 0x4010f000, len 1384, room 16 
tail 8
chksum 0x2d
csum 0x2d
v8b899c12
~ld


7.04
 0h00:00.292 1970/01/01T08:00:00z: SPIFFS Active
 0h00:03.966 2025/11/11T13:40:09z: a4:e5:7c:26:24:d4
 0h00:03.968 2025/11/11T13:40:09z: SSID: NothingButSunshine
 0h00:11.898 2025/11/11T13:40:17z: PMSX003-A (924ms)
 0h00:12.975 2025/11/11T13:40:18z: PMSX003-B (1075ms)
 0h00:12.977 2025/11/11T13:40:18z: 3.0+RV3028+BME68X+PMSX003-A+PMSX003-B
 0h00:13.992 2025/11/11T13:40:19z: p:1011.29 gasR:704991.38 iaq:161.12(0) T:7.93(10.92) H:80.81(44.41) sIaq:489.52(0) Stabilization:1 Run in:0
 0h00:14.485 2025/11/11T13:40:20z: DATA A(2),46,80,40,1011.29,0.05,26352,0,14,3,7,10,3,7,10,29,29,819,245,39,5,5,1,489.52
 0h00:14.992 2025/11/11T13:40:20z: p:1011.36 gasR:710864.31 iaq:161.12(0) T:8.54(14.14) H:77.78(45.19) sIaq:489.52(0) Stabilization:1 Run in:0
 0h00:15.319 2025/11/11T13:40:21z: DATA A(3),47,77,40,1011.36,0.05,26352,0,15,3,7,10,3,7,10,29,29,819,245,39,5,5,1,489.52
 0h00:15.992 2025/11/11T13:40:21z: p:1011.40 gasR:714584.81 iaq:161.12(0) T:9.35(14.95) H:73.35(45.42) sIaq:489.52(0) Stabilization:1 Run in:0
 0h00:16.153 2025/11/11T13:40:22z: DATA A(4),48,73,39,1011.40,0.05,26352,0,16,3,7,10,3,7,10,29,29,819,245,39,5,5,1,489.52
 0h00:16.992 2025/11/11T13:40:22z: p:1011.41 gasR:722908.56 iaq:161.12(0) T:9.68(15.28) H:71.23(45.42) sIaq:489.52(0) Stabilization:1 Run in:0
 0h00:17.057 2025/11/11T13:40:23z: DATA A(5),49,71,40,1011.41,0.05,26352,0,17,3,5,8,3,5,8,21,21,768,228,35,4,4,0,489.52
 0h00:17.891 2025/11/11T13:40:23z: DATA A(6),49,71,40,1011.41,0.05,26352,0,17,3,5,8,3,5,8,21,21,768,228,35,4,4,0,489.52
 0h00:17.992 2025/11/11T13:40:23z: p:1011.39 gasR:724442.88 iaq:161.12(0) T:9.87(15.48) H:69.74(45.29) sIaq:489.52(0) Stabilization:1 Run in:0
 0h00:18.992 2025/11/11T13:40:24z: p:1011.40 gasR:719101.12 iaq:161.13(0) T:10.01(15.61) H:68.55(45.11) sIaq:489.53(0) Stabilization:1 Run in:0
 0h00:19.883 2025/11/11T13:40:25z: DATA B(2),50,68,40,1011.40,0.05,26352,0,19,6309,6309,6309,4206,4206,4206,4334,2946,234,78,0,0,0,0,489.53
 0h00:19.992 2025/11/11T13:40:25z: p:1011.39 gasR:732999.31 iaq:161.13(0) T:10.10(15.70) H:67.56(44.90) sIaq:489.53(0) Stabilization:1 Run in:0
 0h00:20.718 2025/11/11T13:40:26z: DATA B(3),50,67,39,1011.39,0.05,26352,0,20,6309,6309,6309,4206,4206,4206,4334,2946,234,78,0,0,0,0,489.53
 0h00:20.992 2025/11/11T13:40:26z: p:1011.39 gasR:730645.75 iaq:161.13(0) T:10.18(15.79) H:66.70(44.70) sIaq:489.53(0) Stabilization:1 Run in:0
 0h00:21.554 2025/11/11T13:40:27z: DATA B(4),50,66,39,1011.39,0.05,26352,0,21,6309,6309,6309,4206,4206,4206,4334,2946,234,78,0,0,0,0,489.53
 0h00:21.992 2025/11/11T13:40:27z: p:1011.39 gasR:729864.56 iaq:161.13(0) T:10.26(15.86) H:65.94(44.51) sIaq:489.53(0) Stabilization:1 Run in:0
 0h00:22.460 2025/11/11T13:40:28z: DATA B(5),50,65,39,1011.39,0.05,26352,0,22,6309,6309,6309,4206,4206,4206,4334,2946,201,67,0,0,0,0,489.53
 0h00:22.992 2025/11/11T13:40:28z: p:1011.39 gasR:731428.56 iaq:161.13(0) T:10.32(15.92) H:65.29(44.32) sIaq:489.53(0) Stabilization:1 Run in:0
 0h00:23.992 2025/11/11T13:40:29z: p:1011.41 gasR:735368.06 iaq:161.13(0) T:10.36(15.97) H:64.73(44.15) sIaq:489.54(0) Stabilization:1 Run in:0
 0h00:24.775 2025/11/11T13:40:30z: DATA A(7),50,64,38,1011.41,0.05,26352,0,24,3,4,7,3,4,7,17,17,669,196,23,3,3,0,489.54
 0h00:24.992 2025/11/11T13:40:30z: p:1011.39 gasR:736955.75 iaq:161.13(0) T:10.39(16.00) H:64.26(43.97) sIaq:489.54(0) Stabilization:1 Run in:0
 0h00:25.610 2025/11/11T13:40:31z: DATA A(8),50,64,38,1011.39,0.05,26352,0,25,3,4,7,3,4,7,17,17,669,196,23,3,3,0,489.54
 0h00:25.992 2025/11/11T13:40:31z: p:1011.40 gasR:740151.81 iaq:161.13(0) T:10.43(16.03) H:63.85(43.83) sIaq:489.54(0) Stabilization:1 Run in:0
 0h00:26.444 2025/11/11T13:40:32z: DATA A(9),50,63,38,1011.40,0.05,26352,0,26,3,4,7,3,4,7,17,17,669,196,23,3,3,0,489.54
 0h00:26.991 2025/11/11T13:40:32z: p:1011.38 gasR:741760.25 iaq:161.13(0) T:10.46(16.06) H:63.48(43.69) sIaq:489.54(0) Stabilization:1 Run in:0
 0h00:27.348 2025/11/11T13:40:33z: DATA A(10),50,63,38,1011.38,0.05,26352,0,27,3,3,5,3,3,5,13,13,612,178,18,2,2,0,489.54
 0h00:27.993 2025/11/11T13:40:33z: p:1011.39 gasR:742567.06 iaq:161.13(0) T:10.50(16.10) H:63.09(43.57) sIaq:489.55(0) Stabilization:1 Run in:0
 0h00:28.182 2025/11/11T13:40:34z: DATA A(11),50,63,37,1011.39,0.05,26352,0,28,3,3,5,3,3,5,13,13,612,178,18,2,2,0,489.55
 0h00:28.993 2025/11/11T13:40:34z: p:1011.41 gasR:743375.69 iaq:161.13(0) T:10.51(16.11) H:62.88(43.46) sIaq:489.55(0) Stabilization:1 Run in:0
 0h00:29.284 2025/11/11T13:40:35z: DATA B(6),50,62,37,1011.41,0.05,26352,0,29,6309,6309,6309,4206,4206,4206,4334,2946,171,57,0,0,0,0,489.55
 0h00:29.993 2025/11/11T13:40:35z: p:1011.39 gasR:746627.75 iaq:161.13(0) T:10.52(16.12) H:62.67(43.36) sIaq:489.55(0) Stabilization:1 Run in:0
 0h00:30.190 2025/11/11T13:40:36z: DATA B(7),50,62,37,1011.39,0.05,26352,0,30,6309,6309,6309,4206,4206,4206,4334,2946,195,65,0,0,0,0,489.55
 0h00:30.993 2025/11/11T13:40:36z: p:1011.39 gasR:744186.06 iaq:161.13(0) T:10.54(16.14) H:62.44(43.25) sIaq:489.56(0) Stabilization:1 Run in:0
 0h00:31.025 2025/11/11T13:40:36z: DATA B(8),50,62,37,1011.39,0.05,26352,0,31,6309,6309,6309,4206,4206,4206,4334,2946,195,65,0,0,0,0,489.56
 0h00:31.861 2025/11/11T13:40:37z: DATA B(9),50,62,37,1011.39,0.05,26352,0,31,6309,6309,6309,4206,4206,4206,4334,2946,195,65,0,0,0,0,489.56
 0h00:31.992 2025/11/11T13:40:37z: p:1011.38 gasR:746627.75 iaq:161.13(0) T:10.55(16.15) H:62.27(43.17) sIaq:489.56(0) Stabilization:1 Run in:0
 0h00:32.767 2025/11/11T13:40:38z: DATA B(10),50,62,37,1011.38,0.05,26352,0,32,6309,6309,6309,4206,4206,4206,4334,2946,237,79,0,0,0,0,489.56
 0h00:32.993 2025/11/11T13:40:38z: p:1011.38 gasR:747445.25 iaq:161.14(0) T:10.55(16.16) H:62.12(43.09) sIaq:489.57(0) Stabilization:1 Run in:0
 0h00:33.992 2025/11/11T13:40:39z: p:1011.37 gasR:747445.25 iaq:161.14(0) T:10.57(16.17) H:61.95(43.01) sIaq:489.57(0) Stabilization:1 Run in:0
 0h00:34.993 2025/11/11T13:40:40z: p:1011.39 gasR:749085.56 iaq:161.14(0) T:10.58(16.19) H:61.80(42.95) sIaq:489.57(0) Stabilization:1 Run in:0
 0h00:35.067 2025/11/11T13:40:41z: DATA A(12),51,61,38,1011.39,0.05,26352,0,35,2,3,4,2,3,4,13,13,588,170,15,1,1,0,489.57
 0h00:35.901 2025/11/11T13:40:41z: DATA A(13),51,61,38,1011.39,0.05,26352,0,35,2,3,4,2,3,4,13,13,588,170,15,1,1,0,489.57
 0h00:35.992 2025/11/11T13:40:41z: p:1011.38 gasR:740151.81 iaq:161.14(0) T:10.60(16.20) H:61.67(42.89) sIaq:489.58(0) Stabilization:1 Run in:0
 0h00:36.735 2025/11/11T13:40:42z: DATA A(14),51,61,38,1011.38,0.05,26352,0,36,2,3,4,2,3,4,13,13,588,170,15,1,1,0,489.58
 0h00:36.993 2025/11/11T13:40:42z: p:1011.37 gasR:733787.19 iaq:161.14(0) T:10.61(16.21) H:61.54(42.84) sIaq:489.59(0) Stabilization:1 Run in:0
 0h00:37.640 2025/11/11T13:40:43z: DATA A(15),51,61,38,1011.37,0.05,26352,0,37,3,3,3,3,3,3,13,13,582,171,13,1,1,0,489.59
 0h00:37.993 2025/11/11T13:40:43z: p:1011.38 gasR:740151.81 iaq:161.14(0) T:10.63(16.24) H:61.40(42.79) sIaq:489.59(0) Stabilization:1 Run in:0
 0h00:38.474 2025/11/11T13:40:44z: DATA A(16),51,61,38,1011.38,0.05,26352,0,38,3,3,3,3,3,3,13,13,582,171,13,1,1,0,489.59
 0h00:38.993 2025/11/11T13:40:44z: p:1011.36 gasR:740955.12 iaq:161.14(0) T:10.64(16.24) H:61.33(42.75) sIaq:489.60(0) Stabilization:1 Run in:0
 0h00:39.592 2025/11/11T13:40:45z: DATA B(11),51,61,38,1011.36,0.05,26352,0,39,6309,6309,6309,4206,4206,4206,4334,2946,279,93,0,0,0,0,489.60
 0h00:39.993 2025/11/11T13:40:45z: p:1011.37 gasR:741760.25 iaq:161.14(0) T:10.67(16.27) H:61.19(42.71) sIaq:489.60(0) Stabilization:1 Run in:0
 0h00:40.498 2025/11/11T13:40:46z: DATA B(12),51,61,38,1011.37,0.05,26352,0,40,6309,6309,6309,4206,4206,4206,4334,2946,261,87,0,0,0,0,489.60
 0h00:40.992 2025/11/11T13:40:46z: p:1011.38 gasR:745812.06 iaq:161.15(0) T:10.69(16.29) H:61.07(42.66) sIaq:489.61(0) Stabilization:1 Run in:0
 0h00:41.334 2025/11/11T13:40:47z: DATA B(13),51,61,38,1011.38,0.05,26352,0,41,6309,6309,6309,4206,4206,4206,4334,2946,261,87,0,0,0,0,489.61
 0h00:41.993 2025/11/11T13:40:47z: p:1011.37 gasR:746627.75 iaq:161.15(0) T:10.71(16.31) H:60.97(42.62) sIaq:489.61(0) Stabilization:1 Run in:0
 0h00:42.169 2025/11/11T13:40:48z: DATA B(14),51,60,38,1011.37,0.05,26352,0,42,6309,6309,6309,4206,4206,4206,4334,2946,261,87,0,0,0,0,489.61
 0h00:42.993 2025/11/11T13:40:48z: p:1011.37 gasR:745812.06 iaq:161.15(0) T:10.72(16.32) H:60.89(42.58) sIaq:489.62(0) Stabilization:1 Run in:0
 0h00:43.075 2025/11/11T13:40:49z: DATA B(15),51,60,37,1011.37,0.05,26352,0,43,6309,6309,6309,4206,4206,4206,4334,2946,240,80,0,0,0,0,489.62
 0h00:43.993 2025/11/11T13:40:49z: p:1011.38 gasR:745812.06 iaq:161.15(0) T:10.75(16.35) H:60.76(42.54) sIaq:489.62(0) Stabilization:1 Run in:0
 0h00:44.992 2025/11/11T13:40:50z: p:1011.38 gasR:744998.19 iaq:161.15(0) T:10.76(16.36) H:60.70(42.50) sIaq:489.63(0) Stabilization:1 Run in:0
 0h00:45.359 2025/11/11T13:40:51z: DATA A(17),51,60,37,1011.38,0.05,26352,0,45,3,3,4,3,3,4,13,13,660,191,11,1,1,1,489.63
 0h00:45.993 2025/11/11T13:40:51z: p:1011.40 gasR:744998.19 iaq:161.15(0) T:10.77(16.37) H:60.66(42.47) sIaq:489.64(0) Stabilization:1 Run in:0
 0h00:46.193 2025/11/11T13:40:52z: DATA A(18),51,60,37,1011.40,0.05,26352,0,46,3,3,4,3,3,4,13,13,660,191,11,1,1,1,489.64
 0h00:46.993 2025/11/11T13:40:52z: p:1011.38 gasR:746627.75 iaq:161.15(0) T:10.77(16.38) H:60.62(42.43) sIaq:489.64(0) Stabilization:1 Run in:0
 0h00:47.027 2025/11/11T13:40:52z: DATA A(19),51,60,37,1011.38,0.05,26352,0,47,3,3,4,3,3,4,13,13,660,191,11,1,1,1,489.64
 0h00:47.932 2025/11/11T13:40:53z: DATA A(20),51,60,37,1011.38,0.05,26352,0,47,3,4,5,3,4,5,17,17,669,198,17,1,1,1,489.64
 0h00:47.992 2025/11/11T13:40:53z: p:1011.36 gasR:744998.19 iaq:161.16(0) T:10.78(16.38) H:60.58(42.39) sIaq:489.65(0) Stabilization:1 Run in:0
 0h00:48.766 2025/11/11T13:40:54z: DATA A(21),51,60,37,1011.36,0.05,26352,0,48,3,4,5,3,4,5,17,17,669,198,17,1,1,1,489.65
 0h00:48.993 2025/11/11T13:40:54z: p:1011.36 gasR:745812.06 iaq:161.16(0) T:10.79(16.39) H:60.51(42.36) sIaq:489.66(0) Stabilization:1 Run in:0
 0h00:49.900 2025/11/11T13:40:55z: DATA B(16),51,60,37,1011.36,0.05,26352,0,49,6309,6309,6309,4206,4206,4206,4334,2946,228,76,0,0,0,0,489.66
 0h00:49.992 2025/11/11T13:40:55z: p:1011.38 gasR:744186.06 iaq:161.16(0) T:10.80(16.40) H:60.50(42.34) sIaq:489.66(0) Stabilization:1 Run in:0
 0h00:50.806 2025/11/11T13:40:56z: DATA B(17),51,60,37,1011.38,0.05,26352,0,50,6309,6309,6309,4206,4206,4206,4334,2946,246,82,0,0,0,0,489.66
 0h00:50.992 2025/11/11T13:40:56z: p:1011.38 gasR:751697.56 iaq:161.16(0) T:10.82(16.42) H:60.42(42.31) sIaq:489.67(0) Stabilization:1 Run in:0
 0h00:51.641 2025/11/11T13:40:57z: DATA B(18),51,60,37,1011.38,0.05,26352,0,51,6309,6309,6309,4206,4206,4206,4334,2946,246,82,0,0,0,0,489.67
 0h00:51.992 2025/11/11T13:40:57z: p:1011.37 gasR:764321.69 iaq:161.16(0) T:10.83(16.43) H:60.40(42.30) sIaq:489.66(0) Stabilization:1 Run in:0
 0h00:52.477 2025/11/11T13:40:58z: DATA B(19),51,60,37,1011.37,0.05,26352,0,52,6309,6309,6309,4206,4206,4206,4334,2946,246,82,0,0,0,0,489.66
 0h00:52.993 2025/11/11T13:40:58z: p:1011.37 gasR:755023.06 iaq:161.16(0) T:10.84(16.44) H:60.36(42.27) sIaq:489.67(0) Stabilization:1 Run in:0
 0h00:53.383 2025/11/11T13:40:59z: DATA B(20),51,60,37,1011.37,0.05,26352,0,53,6309,6309,6309,4206,4206,4206,4334,2946,282,94,0,0,0,0,489.67
 0h00:53.993 2025/11/11T13:40:59z: p:1011.40 gasR:753772.56 iaq:161.16(0) T:10.85(16.46) H:60.32(42.26) sIaq:489.67(0) Stabilization:1 Run in:0
 0h00:54.992 2025/11/11T13:41:00z: p:1011.39 gasR:754605.75 iaq:161.16(0) T:10.85(16.46) H:60.35(42.25) sIaq:489.68(0) Stabilization:1 Run in:0
 0h00:55.650 2025/11/11T13:41:01z: DATA A(22),51,60,37,1011.39,0.05,26352,0,55,3,4,5,3,4,5,17,17,654,195,20,1,1,1,489.68
 0h00:55.993 2025/11/11T13:41:01z: p:1011.39 gasR:756277.69 iaq:161.16(0) T:10.86(16.46) H:60.33(42.24) sIaq:489.68(0) Stabilization:1 Run in:0
 0h00:56.484 2025/11/11T13:41:02z: DATA A(23),51,60,37,1011.39,0.05,26352,0,56,3,4,5,3,4,5,17,17,654,195,20,1,1,1,489.68
 0h00:56.993 2025/11/11T13:41:02z: p:1011.38 gasR:753356.62 iaq:161.17(0) T:10.86(16.46) H:60.33(42.21) sIaq:489.68(0) Stabilization:1 Run in:0
 0h00:57.318 2025/11/11T13:41:03z: DATA A(24),51,60,37,1011.38,0.05,26352,0,57,3,4,5,3,4,5,17,17,654,195,20,1,1,1,489.68
 0h00:57.993 2025/11/11T13:41:03z: p:1011.39 gasR:757116.44 iaq:161.17(0) T:10.87(16.47) H:60.33(42.21) sIaq:489.69(0) Stabilization:1 Run in:0
 0h00:58.223 2025/11/11T13:41:04z: DATA A(25),51,60,37,1011.39,0.05,26352,0,58,3,4,5,3,4,5,17,17,642,191,19,1,1,1,489.69
 0h00:58.993 2025/11/11T13:41:04z: p:1011.37 gasR:754188.94 iaq:161.17(0) T:10.87(16.47) H:60.34(42.19) sIaq:489.69(0) Stabilization:1 Run in:0
 0h00:59.992 2025/11/11T13:41:05z: p:1011.38 gasR:756277.69 iaq:161.17(0) T:10.89(16.49) H:60.30(42.19) sIaq:489.70(0) Stabilization:1 Run in:0
 0h01:00.208 2025/11/11T13:41:06z: DATA B(21),51,60,37,1011.38,0.05,26352,0,60,6309,6309,6309,4206,4206,4206,4334,2946,312,104,0,0,0,0,489.70
 0h01:00.993 2025/11/11T13:41:06z: p:1011.38 gasR:755023.06 iaq:161.17(0) T:10.89(16.49) H:60.29(42.18) sIaq:489.70(0) Stabilization:1 Run in:0
 0h01:01.114 2025/11/11T13:41:07z: DATA B(22),51,60,37,1011.38,0.05,26352,0,61,6309,6309,6309,4206,4206,4206,4334,2946,276,92,0,0,0,0,489.70
 0h01:01.950 2025/11/11T13:41:07z: DATA B(23),51,60,37,1011.38,0.05,26352,0,61,6309,6309,6309,4206,4206,4206,4334,2946,276,92,0,0,0,0,489.70
 0h01:01.992 2025/11/11T13:41:07z: p:1011.37 gasR:755859.00 iaq:161.17(0) T:10.90(16.50) H:60.29(42.17) sIaq:489.71(0) Stabilization:1 Run in:0
 0h01:02.785 2025/11/11T13:41:08z: DATA B(24),51,60,37,1011.37,0.05,26352,0,62,6309,6309,6309,4206,4206,4206,4334,2946,276,92,0,0,0,0,489.71
 0h01:02.993 2025/11/11T13:41:08z: p:1011.38 gasR:755440.81 iaq:161.17(0) T:10.91(16.51) H:60.27(42.17) sIaq:489.71(0) Stabilization:1 Run in:0
 0h01:03.691 2025/11/11T13:41:09z: DATA B(25),51,60,37,1011.38,0.05,26352,0,63,6309,6309,6309,4206,4206,4206,4334,2946,222,74,0,0,0,0,489.71
 0h01:03.993 2025/11/11T13:41:09z: p:1011.35 gasR:757536.50 iaq:161.17(0) T:10.92(16.52) H:60.24(42.15) sIaq:489.72(0) Stabilization:1 Run in:0
 0h01:04.993 2025/11/11T13:41:10z: p:1011.39 gasR:758799.56 iaq:161.17(0) T:10.94(16.54) H:60.19(42.13) sIaq:489.72(0) Stabilization:1 Run in:0
 0h01:05.037 2025/11/11T13:41:11z: DATA A(26),51,60,37,1011.39,0.05,26352,0,65,3,4,5,3,4,5,17,17,666,186,17,1,1,1,489.72
 0h01:05.941 2025/11/11T13:41:11z: DATA A(27),51,60,37,1011.39,0.05,26352,0,65,3,4,4,3,4,4,17,17,639,177,19,1,1,1,489.72
 0h01:05.992 2025/11/11T13:41:11z: p:1011.39 gasR:759643.94 iaq:161.18(0) T:10.95(16.55) H:60.17(42.13) sIaq:489.72(0) Stabilization:1 Run in:0
 0h01:06.775 2025/11/11T13:41:12z: DATA A(28),51,60,37,1011.39,0.05,26352,0,66,3,4,4,3,4,4,17,17,639,177,19,1,1,1,489.72
 0h01:06.992 2025/11/11T13:41:12z: p:1011.36 gasR:759643.94 iaq:161.18(0) T:10.95(16.56) H:60.17(42.12) sIaq:489.73(0) Stabilization:1 Run in:0
 0h01:07.609 2025/11/11T13:41:13z: DATA A(29),51,60,37,1011.36,0.05,26352,0,67,3,4,4,3,4,4,17,17,639,177,19,1,1,1,489.73
 0h01:07.992 2025/11/11T13:41:13z: p:1011.39 gasR:760066.81 iaq:161.18(0) T:10.96(16.56) H:60.18(42.12) sIaq:489.73(0) Stabilization:1 Run in:0
 0h01:08.514 2025/11/11T13:41:14z: DATA A(30),51,60,37,1011.39,0.05,26352,0,68,3,3,8,3,3,8,13,13,609,170,21,4,4,4,489.73
 0h01:08.993 2025/11/11T13:41:14z: p:1011.39 gasR:763040.25 iaq:161.18(0) T:10.97(16.57) H:60.15(42.10) sIaq:489.73(0) Stabilization:1 Run in:0
 0h01:09.992 2025/11/11T13:41:15z: p:1011.39 gasR:758378.06 iaq:161.18(0) T:10.98(16.58) H:60.16(42.10) sIaq:489.73(0) Stabilization:1 Run in:0
 0h01:10.516 2025/11/11T13:41:16z: DATA B(26),51,60,37,1011.39,0.05,26352,0,70,6309,6309,6309,4206,4206,4206,4334,2946,216,72,0,0,0,0,489.73
 0h01:10.993 2025/11/11T13:41:16z: p:1011.37 gasR:760066.81 iaq:161.18(0) T:10.97(16.58) H:60.19(42.09) sIaq:489.74(0) Stabilization:1 Run in:0
 0h01:11.422 2025/11/11T13:41:17z: DATA B(27),51,60,37,1011.37,0.05,26352,0,71,6309,6309,6309,4206,4206,4206,4334,2946,234,78,0,0,0,0,489.74
 0h01:11.993 2025/11/11T13:41:17z: p:1011.38 gasR:754188.94 iaq:161.18(0) T:10.98(16.58) H:60.19(42.08) sIaq:489.75(0) Stabilization:1 Run in:0
 0h01:12.257 2025/11/11T13:41:18z: DATA B(28),51,60,37,1011.38,0.05,26352,0,72,6309,6309,6309,4206,4206,4206,4334,2946,234,78,0,0,0,0,489.75
 0h01:12.993 2025/11/11T13:41:18z: p:1011.40 gasR:761338.31 iaq:161.18(0) T:10.98(16.58) H:60.19(42.08) sIaq:489.75(0) Stabilization:1 Run in:0
 0h01:13.093 2025/11/11T13:41:19z: DATA B(29),51,60,37,1011.40,0.05,26352,0,73,6309,6309,6309,4206,4206,4206,4334,2946,234,78,0,0,0,0,489.75
 0h01:13.993 2025/11/11T13:41:19z: p:1011.37 gasR:763894.06 iaq:161.18(0) T:10.98(16.58) H:60.23(42.08) sIaq:489.75(0) Stabilization:1 Run in:0
 0h01:14.011 2025/11/11T13:41:19z: DATA B(30),51,60,37,1011.37,0.05,26352,0,74,6309,6309,6309,4206,4206,4206,4334,2946,273,91,0,0,0,0,489.75
 0h01:14.993 2025/11/11T13:41:20z: p:1011.38 gasR:760914.00 iaq:161.18(0) T:10.98(16.59) H:60.21(42.06) sIaq:489.76(0) Stabilization:1 Run in:0
 0h01:15.328 2025/11/11T13:41:21z: DATA A(31),51,60,37,1011.38,0.05,26352,0,75,3,3,7,3,3,7,13,13,621,164,14,4,4,4,489.76
 0h01:15.993 2025/11/11T13:41:21z: p:1011.39 gasR:760914.00 iaq:161.18(0) T:10.99(16.60) H:60.20(42.07) sIaq:489.76(0) Stabilization:1 Run in:0
 0h01:16.233 2025/11/11T13:41:22z: DATA A(32),51,60,37,1011.39,0.05,26352,0,76,3,3,7,3,3,7,13,13,633,165,14,4,4,4,489.76
 0h01:16.993 2025/11/11T13:41:22z: p:1011.39 gasR:761763.06 iaq:161.19(0) T:10.99(16.59) H:60.25(42.07) sIaq:489.76(0) Stabilization:1 Run in:0
 0h01:17.067 2025/11/11T13:41:23z: DATA A(33),51,60,37,1011.39,0.05,26352,0,77,3,3,7,3,3,7,13,13,633,165,14,4,4,4,489.76
 0h01:17.901 2025/11/11T13:41:23z: DATA A(34),51,60,37,1011.39,0.05,26352,0,77,3,3,7,3,3,7,13,13,633,165,14,4,4,4,489.76
 0h01:17.992 2025/11/11T13:41:23z: p:1011.40 gasR:760490.19 iaq:161.19(0) T:10.99(16.60) H:60.22(42.05) sIaq:489.77(0) Stabilization:1 Run in:0
 0h01:18.806 2025/11/11T13:41:24z: DATA A(35),51,60,37,1011.40,0.05,26352,0,78,3,3,7,3,3,7,13,13,684,180,17,4,4,4,489.77
 0h01:18.993 2025/11/11T13:41:24z: p:1011.38 gasR:763894.06 iaq:161.19(0) T:10.99(16.60) H:60.23(42.04) sIaq:489.77(0) Stabilization:1 Run in:0
 0h01:19.993 2025/11/11T13:41:25z: p:1011.38 gasR:769924.81 iaq:161.19(0) T:11.00(16.60) H:60.25(42.05) sIaq:489.76(0) Stabilization:1 Run in:0
 0h01:20.823 2025/11/11T13:41:26z: DATA B(31),51,60,37,1011.38,0.05,26168,0,80,6309,6309,6309,4206,4206,4206,4334,2946,321,107,0,0,0,0,489.76
 0h01:20.993 2025/11/11T13:41:26z: p:1011.38 gasR:766467.06 iaq:161.18(0) T:11.00(16.60) H:60.24(42.04) sIaq:489.76(0) Stabilization:1 Run in:0
 0h01:21.730 2025/11/11T13:41:27z: DATA B(32),51,60,37,1011.38,0.05,26352,0,81,6309,6309,6309,4206,4206,4206,4334,2946,375,125,0,0,0,0,489.76
 0h01:21.992 2025/11/11T13:41:27z: p:1011.37 gasR:762614.06 iaq:161.19(0) T:10.99(16.59) H:60.32(42.06) sIaq:489.77(0) Stabilization:1 Run in:0
 0h01:22.565 2025/11/11T13:41:28z: DATA B(33),51,60,37,1011.37,0.05,26352,0,82,6309,6309,6309,4206,4206,4206,4334,2946,375,125,0,0,0,0,489.77
 0h01:22.993 2025/11/11T13:41:28z: p:1011.38 gasR:767328.56 iaq:161.19(0) T:10.99(16.59) H:60.34(42.05) sIaq:489.76(0) Stabilization:1 Run in:0
 0h01:23.400 2025/11/11T13:41:29z: DATA B(34),51,60,37,1011.38,0.05,26352,0,83,6309,6309,6309,4206,4206,4206,4334,2946,375,125,0,0,0,0,489.76
 0h01:23.993 2025/11/11T13:41:29z: p:1011.38 gasR:767760.06 iaq:161.19(0) T:10.99(16.59) H:60.33(42.03) sIaq:489.76(0) Stabilization:1 Run in:0
 0h01:24.306 2025/11/11T13:41:30z: DATA B(35),51,60,37,1011.38,0.05,26352,0,84,6309,6309,6309,4206,4206,4206,4334,2946,333,111,0,0,0,0,489.76
 0h01:24.992 2025/11/11T13:41:30z: p:1011.38 gasR:764749.81 iaq:161.19(0) T:10.99(16.59) H:60.34(42.03) sIaq:489.77(0) Stabilization:1 Run in:0
 0h01:25.620 2025/11/11T13:41:31z: DATA A(36),51,60,37,1011.38,0.05,26352,0,85,3,3,7,3,3,7,13,13,690,179,21,4,4,4,489.77
 0h01:25.993 2025/11/11T13:41:31z: p:1011.38 gasR:768624.50 iaq:161.19(0) T:10.98(16.58) H:60.36(42.02) sIaq:489.76(0) Stabilization:1 Run in:0
 0h01:26.524 2025/11/11T13:41:32z: DATA A(37),51,60,37,1011.38,0.05,26352,0,86,3,3,8,3,3,8,13,13,672,179,24,5,5,5,489.76
 0h01:26.992 2025/11/11T13:41:32z: p:1011.37 gasR:779596.50 iaq:161.18(0) T:10.99(16.59) H:60.34(42.02) sIaq:489.74(0) Stabilization:1 Run in:0
 0h01:27.358 2025/11/11T13:41:33z: DATA A(38),51,60,37,1011.37,0.05,26352,0,87,3,3,8,3,3,8,13,13,672,179,24,5,5,5,489.74
 0h01:27.993 2025/11/11T13:41:33z: p:1011.38 gasR:765178.38 iaq:161.18(0) T:11.00(16.60) H:60.32(42.03) sIaq:489.75(0) Stabilization:1 Run in:0
 0h01:28.193 2025/11/11T13:41:34z: DATA A(39),51,60,37,1011.38,0.05,26352,0,88,3,3,8,3,3,8,13,13,672,179,24,5,5,5,489.75
 0h01:28.993 2025/11/11T13:41:34z: p:1011.38 gasR:767760.06 iaq:161.18(0) T:11.00(16.60) H:60.33(42.03) sIaq:489.75(0) Stabilization:1 Run in:0
 0h01:29.097 2025/11/11T13:41:35z: DATA A(40),51,60,37,1011.38,0.05,26352,0,89,2,3,8,2,3,8,13,13,654,174,28,5,5,5,489.75
 0h01:29.993 2025/11/11T13:41:35z: p:1011.37 gasR:763894.06 iaq:161.18(0) T:11.02(16.62) H:60.26(42.03) sIaq:489.76(0) Stabilization:1 Run in:0
 0h01:30.992 2025/11/11T13:41:36z: p:1011.35 gasR:763894.06 iaq:161.19(0) T:11.02(16.62) H:60.27(42.03) sIaq:489.77(0) Stabilization:1 Run in:0
 0h01:31.130 2025/11/11T13:41:37z: DATA B(36),51,60,37,1011.35,0.05,26352,0,91,6309,6309,6309,4206,4206,4206,4334,2946,306,102,0,0,0,0,489.77
 0h01:31.993 2025/11/11T13:41:37z: p:1011.37 gasR:769490.88 iaq:161.19(0) T:11.04(16.65) H:60.16(42.01) sIaq:489.77(0) Stabilization:1 Run in:0
 0h01:32.036 2025/11/11T13:41:38z: DATA B(37),51,60,37,1011.37,0.05,26352,0,92,6309,6309,6309,4206,4206,4206,4334,2946,312,104,0,0,0,0,489.77
 0h01:32.872 2025/11/11T13:41:38z: DATA B(38),51,60,37,1011.37,0.05,26168,0,92,6309,6309,6309,4206,4206,4206,4334,2946,312,104,0,0,0,0,489.77
 0h01:32.993 2025/11/11T13:41:38z: p:1011.38 gasR:766467.06 iaq:161.19(0) T:11.06(16.67) H:60.12(42.01) sIaq:489.77(0) Stabilization:1 Run in:0
 0h01:33.707 2025/11/11T13:41:39z: DATA B(39),51,60,37,1011.38,0.05,26352,0,93,6309,6309,6309,4206,4206,4206,4334,2946,312,104,0,0,0,0,489.77
 0h01:33.993 2025/11/11T13:41:39z: p:1011.38 gasR:764749.81 iaq:161.19(0) T:11.07(16.67) H:60.09(42.00) sIaq:489.78(0) Stabilization:1 Run in:0
 0h01:34.614 2025/11/11T13:41:40z: DATA B(40),51,60,37,1011.38,0.05,26352,0,94,6309,6309,6309,4206,4206,4206,4334,2946,351,117,0,0,0,0,489.78
 0h01:34.993 2025/11/11T13:41:40z: p:1011.36 gasR:767328.56 iaq:161.19(0) T:11.08(16.68) H:60.10(42.01) sIaq:489.78(0) Stabilization:1 Run in:0
 0h01:35.911 2025/11/11T13:41:41z: DATA A(41),51,60,37,1011.36,0.05,26352,0,95,3,4,7,3,4,7,17,17,705,190,30,3,3,2,489.78
 0h01:35.992 2025/11/11T13:41:41z: p:1011.37 gasR:766467.06 iaq:161.19(0) T:11.08(16.68) H:60.10(41.99) sIaq:489.79(0) Stabilization:1 Run in:0
 0h01:36.816 2025/11/11T13:41:42z: DATA A(42),51,60,37,1011.37,0.05,26352,0,96,2,4,7,2,4,7,17,17,678,185,30,3,3,2,489.79
 0h01:36.992 2025/11/11T13:41:42z: p:1011.37 gasR:769924.81 iaq:161.19(0) T:11.08(16.69) H:60.13(42.01) sIaq:489.79(0) Stabilization:1 Run in:0
 0h01:37.650 2025/11/11T13:41:43z: DATA A(43),51,60,37,1011.37,0.05,26352,0,97,2,4,7,2,4,7,17,17,678,185,30,3,3,2,489.79
 0h01:37.993 2025/11/11T13:41:43z: p:1011.36 gasR:769490.88 iaq:161.19(0) T:11.08(16.68) H:60.14(41.99) sIaq:489.79(0) Stabilization:1 Run in:0
 0h01:38.484 2025/11/11T13:41:44z: DATA A(44),51,60,37,1011.36,0.05,26352,0,98,2,4,7,2,4,7,17,17,678,185,30,3,3,2,489.79
 0h01:38.993 2025/11/11T13:41:44z: p:1011.37 gasR:778707.25 iaq:161.19(0) T:11.08(16.68) H:60.18(42.00) sIaq:489.76(0) Stabilization:1 Run in:0
 0h01:39.388 2025/11/11T13:41:45z: DATA A(45),51,60,37,1011.37,0.05,26352,0,99,2,4,5,2,4,5,17,17,639,174,30,2,2,1,489.76
 0h01:39.992 2025/11/11T13:41:45z: p:1011.38 gasR:766467.06 iaq:161.19(0) T:11.07(16.67) H:60.21(41.99) sIaq:489.77(0) Stabilization:1 Run in:0
 0h01:40.992 2025/11/11T13:41:46z: p:1011.38 gasR:774730.50 iaq:161.19(0) T:11.07(16.67) H:60.23(41.99) sIaq:489.76(0) Stabilization:1 Run in:0
 0h01:41.438 2025/11/11T13:41:47z: DATA B(41),51,60,37,1011.38,0.05,26352,0,101,6309,6309,6309,4206,4206,4206,4334,2946,375,125,0,0,0,0,489.76
 0h01:41.993 2025/11/11T13:41:47z: p:1011.36 gasR:771665.44 iaq:161.18(0) T:11.07(16.67) H:60.24(41.99) sIaq:489.76(0) Stabilization:1 Run in:0
 0h01:42.344 2025/11/11T13:41:48z: DATA B(42),51,60,37,1011.36,0.05,26352,0,102,6309,6309,6309,4206,4206,4206,4334,2946,375,125,0,0,0,0,489.76
{"SensorId":"a4:e5:7c:26:24:d4","DateTime":"2025/11/11T13:41:48z","Geo":"PurpleAir-24d4","Mem":26352,"memfrag":2,"memfb":25968,"memcs":800,"Id":1,"lat":0.000000,"lon":0.000000,"Adc":"nan","loggingrate":15,"place":"outside","version":"7.04","uptime":102,"rssi":0,"period":102,"httpsuccess":0,"httpsends":0,"hardwareversion":"3.0","hardwarediscovered":"3.0+RV3028+BME68X+PMSX003-A+PMSX003-B","current_temp_f":51,"current_humidity":60,"current_dewpoint_f":37,"pressure":1011.36,"current_temp_f_680":51,"current_humidity_680":60,"current_dewpoint_f_680":37,"pressure_680":1011.36,"gas_680":"nan","p25aqic_b":"rgb(126,0,35)","pm2.5_aqi_b":2946,"pm1_0_cf_1_b":6308.26,"p_0_3_um_b":272.79,"pm2_5_cf_1_b":6308.26,"p_0_5_um_b":90.93,"pm10_0_cf_1_b":6308.26,"p_1_0_um_b":0.00,"pm1_0_atm_b":4205.50,"p_2_5_um_b":0.00,"pm2_5_atm_b":4205.50,"p_5_0_um_b":0.00,"pm10_0_atm_b":4205.50,"p_10_0_um_b":0.00,"p25aqic":"rgb(8,229,0)","pm2.5_aqi":16,"pm1_0_cf_1":2.84,"p_0_3_um":667.13,"pm2_5_cf_1":3.80,"p_0_5_um":189.07,"pm10_0_cf_1":6.18,"p_1_0_um":21.82,"pm1_0_atm":2.84,"p_2_5_um":2.67,"pm2_5_atm":3.80,"p_5_0_um":2.67,"pm10_0_atm":6.18,"p_10_0_um":1.64,"wlstate":"No SSID","status_0":0,"status_1":0,"status_2":0,"status_3":0,"status_4":2,"status_5":2,"status_7":0,"status_8":2,"status_9":2}
 0h01:43.117 2025/11/11T13:41:49z: update.purpleair.com:80/firmware/2mb/update.asp
 0h01:43.124 2025/11/11T13:41:49z: Error: -1
1 BSEC warning code : 100

UTCDateTime,mac_address,firmware_ver,hardware,current_temp_f,current_humidity,current_dewpoint_f,pressure,adc,mem,rssi,uptime,pm1_0_cf_1,pm2_5_cf_1,pm10_0_cf_1,pm1_0_atm,pm2_5_atm,pm10_0_atm,pm2.5_aqi_cf_1,pm2.5_aqi_atm,p_0_3_um,p_0_5_um,p_1_0_um,p_2_5_um,p_5_0_um,p_10_0_um,pm1_0_cf_1_b,pm2_5_cf_1_b,pm10_0_cf_1_b,pm1_0_atm_b,pm2_5_atm_b,pm10_0_atm_b,pm2.5_aqi_cf_1_b,pm2.5_aqi_atm_b,p_0_3_um_b,p_0_5_um_b,p_1_0_um_b,p_2_5_um_b,p_5_0_um_b,p_10_0_um_b,gas
2025/11/11T13:41:49z,a4:e5:7c:26:24:d4,7.04,3.0+RV3028+BME68X+PMSX003-A+PMSX003-B,51,60,37,1011.36,nan,26352,0,103,2.84,3.80,6.18,2.84,3.80,6.18,16,16,667.13,189.07,21.82,2.67,2.67,1.64,6308.26,6308.26,6308.26,4205.50,4205.50,4205.50,4333,2946,272.79,90.93,0.00,0.00,0.00,0.00,nan
1 BSEC warning code : 100

1 BSEC warning code : 100

1 BSEC warning code : 100

1 BSEC warning code : 100

1 BSEC warning code : 100

1 BSEC warning code : 100

1 BSEC warning code : 100

1 BSEC warning code : 100

1 BSEC warning code : 100

1 BSEC warning code : 100

 ets Jan  8 2013,rst cause:1, boot mode:(3,7)

load 0x4010f000, len 1384, room 16 
tail 8
chksum 0x2d
csum 0x2d
v8b899c12
~ld


7.04
 0h00:00.287 1970/01/01T08:00:00z: SPIFFS Active
 0h00:03.962 2025/11/11T15:58:20z: a4:e5:7c:26:24:d4
 0h00:03.963 2025/11/11T15:58:20z: SSID: NothingButSunshine
1 BSEC warning code : 100

1 BSEC warning code : 100

1 BSEC warning code : 100

1 BSEC warning code : 100

1 BSEC warning code : 100

1 BSEC warning code : 100

1 BSEC warning code : 100

1 BSEC warning code : 100

1 BSEC warning code : 100

1 BSEC warning code : 100

 ets Jan  8 2013,rst cause:1, boot mode:(3,7)

load 0x4010f000, len 1384, room 16 
tail 8
chksum 0x2d
csum 0x2d
v8b899c12
~ld


7.04
 0h00:00.291 1970/01/01T08:00:00z: SPIFFS Active
 0h00:03.966 2025/11/11T16:18:04z: a4:e5:7c:26:24:d4
 0h00:03.968 2025/11/11T16:18:04z: SSID: NothingButSunshine
1 BSEC warning code : 100

1 BSEC warning code : 100

1 BSEC warning code : 100

1 BSEC warning code : 100

1 BSEC warning code : 100

1 BSEC warning code : 100

1 BSEC warning code : 100

1 BSEC warning code : 100

1 BSEC warning code : 100

1 BSEC warning code : 100

 ets Jan  8 2013,rst cause:1, boot mode:(3,7)

load 0x4010f000, len 1384, room 16 
tail 8
chksum 0x2d
csum 0x2d
v8b899c12
~ld


7.04
 0h00:00.284 1970/01/01T08:00:00z: SPIFFS Active
 0h00:03.958 2025/11/11T16:37:49z: a4:e5:7c:26:24:d4
 0h00:03.960 2025/11/11T16:37:49z: SSID: NothingButSunshine
1 BSEC warning code : 100

1 BSEC warning code : 100

1 BSEC warning code : 100

1 BSEC warning code : 100

1 BSEC warning code : 100

1 BSEC warning code : 100

1 BSEC warning code : 100

1 BSEC warning code : 100

1 BSEC warning code : 100

1 BSEC warning code : 100

 ets Jan  8 2013,rst cause:1, boot mode:(3,7)

load 0x4010f000, len 1384, room 16 
tail 8
chksum 0x2d
csum 0x2d
v8b899c12
~ld


7.04
 0h00:00.288 1970/01/01T08:00:00z: SPIFFS Active
 0h00:03.963 2025/11/11T16:57:33z: a4:e5:7c:26:24:d4
 0h00:03.965 2025/11/11T16:57:33z: SSID: NothingButSunshine
1 BSEC warning code : 100

1 BSEC warning code : 100

1 BSEC warning code : 100

1 BSEC warning code : 100

1 BSEC warning code : 100

1 BSEC warning code : 100

1 BSEC warning code : 100

1 BSEC warning code : 100

1 BSEC warning code : 100

1 BSEC warning code : 100

 ets Jan  8 2013,rst cause:1, boot mode:(3,7)

load 0x4010f000, len 1384, room 16 
tail 8
chksum 0x2d
csum 0x2d
v8b899c12
~ld


7.04
 0h00:00.286 1970/01/01T08:00:00z: SPIFFS Active
 0h00:03.959 2025/11/11T17:17:19z: a4:e5:7c:26:24:d4
 0h00:03.961 2025/11/11T17:17:19z: SSID: NothingButSunshine
1 BSEC warning code : 100

1 BSEC warning code : 100

1 BSEC warning code : 100

1 BSEC warning code : 100

1 BSEC warning code : 100

1 BSEC warning code : 100

1 BSEC warning code : 100

1 BSEC warning code : 100

1 BSEC warning code : 100

1 BSEC warning code : 100

 ets Jan  8 2013,rst cause:1, boot mode:(3,7)

load 0x4010f000, len 1384, room 16 
tail 8
chksum 0x2d
csum 0x2d
v8b899c12
~ld


7.04
 0h00:00.290 1970/01/01T08:00:00z: SPIFFS Active
 0h00:03.963 2025/11/11T17:37:04z: a4:e5:7c:26:24:d4
 0h00:03.964 2025/11/11T17:37:04z: SSID: NothingButSunshine
1 BSEC warning code : 100

1 BSEC warning code : 100

1 BSEC warning code : 100

1 BSEC warning code : 100

1 BSEC warning code : 100

1 BSEC warning code : 100

1 BSEC warning code : 100

1 BSEC warning code : 100

1 BSEC warning code : 100

1 BSEC warning code : 100

 ets Jan  8 2013,rst cause:1, boot mode:(3,7)

load 0x4010f000, len 1384, room 16 
tail 8
chksum 0x2d
csum 0x2d
v8b899c12
~ld


7.04
 0h00:00.289 1970/01/01T08:00:00z: SPIFFS Active
 0h00:03.962 2025/11/11T17:56:48z: a4:e5:7c:26:24:d4
 0h00:03.963 2025/11/11T17:56:48z: SSID: NothingButSunshine
1 BSEC warning code : 100

1 BSEC warning code : 100

1 BSEC warning code : 100

1 BSEC warning code : 100

1 BSEC warning code : 100

1 BSEC warning code : 100

1 BSEC warning code : 100

1 BSEC warning code : 100

1 BSEC warning code : 100

1 BSEC warning code : 100

 ets Jan  8 2013,rst cause:1, boot mode:(3,7)

load 0x4010f000, len 1384, room 16 
tail 8
chksum 0x2d
csum 0x2d
v8b899c12
~ld


7.04
 0h00:00.290 1970/01/01T08:00:00z: SPIFFS Active
 0h00:03.963 2025/11/11T18:16:32z: a4:e5:7c:26:24:d4
 0h00:03.964 2025/11/11T18:16:32z: SSID: NothingButSunshine
1 BSEC warning code : 100

1 BSEC warning code : 100

1 BSEC warning code : 100

1 BSEC warning code : 100

1 BSEC warning code : 100

1 BSEC warning code : 100

1 BSEC warning code : 100

1 BSEC warning code : 100

1 BSEC warning code : 100

1 BSEC warning code : 100

 ets Jan  8 2013,rst cause:1, boot mode:(3,7)

load 0x4010f000, len 1384, room 16 
tail 8
chksum 0x2d
csum 0x2d
v8b899c12
~ld


7.04
 0h00:00.289 1970/01/01T08:00:00z: SPIFFS Active
 0h00:03.962 2025/11/11T18:36:17z: a4:e5:7c:26:24:d4
 0h00:03.963 2025/11/11T18:36:17z: SSID: NothingButSunshine
1 BSEC warning code : 100

1 BSEC warning code : 100

1 BSEC warning code : 100

1 BSEC warning code : 100

1 BSEC warning code : 100

1 BSEC warning code : 100

1 BSEC warning code : 100

1 BSEC warning code : 100

1 BSEC warning code : 100

1 BSEC warning code : 100

 ets Jan  8 2013,rst cause:1, boot mode:(3,7)

load 0x4010f000, len 1384, room 16 
tail 8
chksum 0x2d
csum 0x2d
v8b899c12
~ld


7.04
 0h00:00.294 1970/01/01T08:00:00z: SPIFFS Active
 0h00:03.967 2025/11/11T18:56:02z: a4:e5:7c:26:24:d4
 0h00:03.969 2025/11/11T18:56:02z: SSID: NothingButSunshine
1 BSEC warning code : 100

1 BSEC warning code : 100

1 BSEC warning code : 100

1 BSEC warning code : 100

1 BSEC warning code : 100

1 BSEC warning code : 100

1 BSEC warning code : 100

1 BSEC warning code : 100

1 BSEC warning code : 100

1 BSEC warning code : 100

 ets Jan  8 2013,rst cause:1, boot mode:(3,7)

load 0x4010f000, len 1384, room 16 
tail 8
chksum 0x2d
csum 0x2d
v8b899c12
~ld


7.04
 0h00:00.291 1970/01/01T08:00:00z: SPIFFS Active
 0h00:03.964 2025/11/11T19:15:47z: a4:e5:7c:26:24:d4
 0h00:03.965 2025/11/11T19:15:47z: SSID: NothingButSunshine
1 BSEC warning code : 100

1 BSEC warning code : 100

1 BSEC warning code : 100

1 BSEC warning code : 100

1 BSEC warning code : 100

1 BSEC warning code : 100

1 BSEC warning code : 100

1 BSEC warning code : 100

1 BSEC warning code : 100

1 BSEC warning code : 100

 ets Jan  8 2013,rst cause:1, boot mode:(3,7)

load 0x4010f000, len 1384, room 16 
tail 8
chksum 0x2d
csum 0x2d
v8b899c12
~ld


7.04
 0h00:00.293 1970/01/01T08:00:00z: SPIFFS Active
 0h00:03.966 2025/11/11T19:35:31z: a4:e5:7c:26:24:d4
 0h00:03.967 2025/11/11T19:35:31z: SSID: NothingButSunshine
1 BSEC warning code : 100

1 BSEC warning code : 100

1 BSEC warning code : 100

1 BSEC warning code : 100

1 BSEC warning code : 100

1 BSEC warning code : 100

1 BSEC warning code : 100

1 BSEC warning code : 100

1 BSEC warning code : 100

1 BSEC warning code : 100

 ets Jan  8 2013,rst cause:1, boot mode:(3,7)

load 0x4010f000, len 1384, room 16 
tail 8
chksum 0x2d
csum 0x2d
v8b899c12
~ld


7.04
 0h00:00.287 1970/01/01T08:00:00z: SPIFFS Active
 0h00:03.960 2025/11/11T19:55:17z: a4:e5:7c:26:24:d4
 0h00:03.962 2025/11/11T19:55:17z: SSID: NothingButSunshine
1 BSEC warning code : 100

1 BSEC warning code : 100

1 BSEC warning code : 100

1 BSEC warning code : 100

1 BSEC warning code : 100

1 BSEC warning code : 100

1 BSEC warning code : 100

1 BSEC warning code : 100

1 BSEC warning code : 100

1 BSEC warning code : 100

 ets Jan  8 2013,rst cause:1, boot mode:(3,7)

load 0x4010f000, len 1384, room 16 
tail 8
chksum 0x2d
csum 0x2d
v8b899c12
~ld


7.04
 0h00:00.288 1970/01/01T08:00:00z: SPIFFS Active
 0h00:03.961 2025/11/11T20:15:01z: a4:e5:7c:26:24:d4
 0h00:03.963 2025/11/11T20:15:01z: SSID: NothingButSunshine
1 BSEC warning code : 100

1 BSEC warning code : 100

1 BSEC warning code : 100

1 BSEC warning code : 100

1 BSEC warning code : 100

1 BSEC warning code : 100

1 BSEC warning code : 100

1 BSEC warning code : 100

1 BSEC warning code : 100

1 BSEC warning code : 100

 ets Jan  8 2013,rst cause:1, boot mode:(3,7)

load 0x4010f000, len 1384, room 16 
tail 8
chksum 0x2d
csum 0x2d
v8b899c12
~ld


7.04
 0h00:00.287 1970/01/01T08:00:00z: SPIFFS Active
 0h00:03.960 2025/11/11T20:34:45z: a4:e5:7c:26:24:d4
 0h00:03.962 2025/11/11T20:34:45z: SSID: NothingButSunshine
1 BSEC warning code : 100

1 BSEC warning code : 100

1 BSEC warning code : 100

1 BSEC warning code : 100

1 BSEC warning code : 100

1 BSEC warning code : 100

1 BSEC warning code : 100

1 BSEC warning code : 100

1 BSEC warning code : 100

1 BSEC warning code : 100

 ets Jan  8 2013,rst cause:1, boot mode:(3,7)

load 0x4010f000, len 1384, room 16 
tail 8
chksum 0x2d
csum 0x2d
v8b899c12
~ld


7.04
 0h00:00.288 1970/01/01T08:00:00z: SPIFFS Active
 0h00:03.962 2025/11/11T20:54:30z: a4:e5:7c:26:24:d4
 0h00:03.963 2025/11/11T20:54:30z: SSID: NothingButSunshine
1 BSEC warning code : 100

1 BSEC warning code : 100

1 BSEC warning code : 100

1 BSEC warning code : 100

1 BSEC warning code : 100

1 BSEC warning code : 100

1 BSEC warning code : 100

1 BSEC warning code : 100

1 BSEC warning code : 100

1 BSEC warning code : 100

 ets Jan  8 2013,rst cause:1, boot mode:(3,7)

load 0x4010f000, len 1384, room 16 
tail 8
chksum 0x2d
csum 0x2d
v8b899c12
~ld


7.04
 0h00:00.291 1970/01/01T08:00:00z: SPIFFS Active
 0h00:03.964 2025/11/11T21:14:15z: a4:e5:7c:26:24:d4
 0h00:03.965 2025/11/11T21:14:15z: SSID: NothingButSunshine
1 BSEC warning code : 100

1 BSEC warning code : 100

1 BSEC warning code : 100

1 BSEC warning code : 100

1 BSEC warning code : 100

1 BSEC warning code : 100

1 BSEC warning code : 100

1 BSEC warning code : 100

1 BSEC warning code : 100

1 BSEC warning code : 100

 ets Jan  8 2013,rst cause:1, boot mode:(3,7)

load 0x4010f000, len 1384, room 16 
tail 8
chksum 0x2d
csum 0x2d
v8b899c12
~ld


7.04
 0h00:00.292 1970/01/01T08:00:00z: SPIFFS Active
 0h00:03.966 2025/11/11T21:33:59z: a4:e5:7c:26:24:d4
 0h00:03.967 2025/11/11T21:33:59z: SSID: NothingButSunshine
1 BSEC warning code : 100

1 BSEC warning code : 100

1 BSEC warning code : 100

1 BSEC warning code : 100

1 BSEC warning code : 100

1 BSEC warning code : 100

1 BSEC warning code : 100

1 BSEC warning code : 100

1 BSEC warning code : 100

1 BSEC warning code : 100

 ets Jan  8 2013,rst cause:1, boot mode:(3,7)

load 0x4010f000, len 1384, room 16 
tail 8
chksum 0x2d
csum 0x2d
v8b899c12
~ld


7.04
 0h00:00.289 1970/01/01T08:00:00z: SPIFFS Active
 0h00:03.962 2025/11/11T21:53:43z: a4:e5:7c:26:24:d4
 0h00:03.964 2025/11/11T21:53:43z: SSID: NothingButSunshine
1 BSEC warning code : 100

1 BSEC warning code : 100

1 BSEC warning code : 100

1 BSEC warning code : 100

1 BSEC warning code : 100

1 BSEC warning code : 100

1 BSEC warning code : 100

1 BSEC warning code : 100

1 BSEC warning code : 100

1 BSEC warning code : 100

 ets Jan  8 2013,rst cause:1, boot mode:(3,7)

load 0x4010f000, len 1384, room 16 
tail 8
chksum 0x2d
csum 0x2d
v8b899c12
~ld


7.04
 0h00:00.291 1970/01/01T08:00:00z: SPIFFS Active
 0h00:03.964 2025/11/11T22:13:28z: a4:e5:7c:26:24:d4
 0h00:03.965 2025/11/11T22:13:28z: SSID: NothingButSunshine
1 BSEC warning code : 100

1 BSEC warning code : 100

1 BSEC warning code : 100

1 BSEC warning code : 100

1 BSEC warning code : 100

1 BSEC warning code : 100

1 BSEC warning code : 100

1 BSEC warning code : 100

1 BSEC warning code : 100

1 BSEC warning code : 100

 ets Jan  8 2013,rst cause:1, boot mode:(3,7)

load 0x4010f000, len 1384, room 16 
tail 8
chksum 0x2d
csum 0x2d
v8b899c12
~ld


7.04
 0h00:00.281 1970/01/01T08:00:00z: SPIFFS Active
 0h00:03.954 2025/11/11T22:33:13z: a4:e5:7c:26:24:d4
 0h00:03.956 2025/11/11T22:33:13z: SSID: NothingButSunshine
1 BSEC warning code : 100

1 BSEC warning code : 100

1 BSEC warning code : 100

1 BSEC warning code : 100

1 BSEC warning code : 100

1 BSEC warning code : 100

1 BSEC warning code : 100

1 BSEC warning code : 100

1 BSEC warning code : 100

1 BSEC warning code : 100

 ets Jan  8 2013,rst cause:1, boot mode:(3,7)

load 0x4010f000, len 1384, room 16 
tail 8
chksum 0x2d
csum 0x2d
v8b899c12
~ld


7.04
 0h00:00.286 1970/01/01T08:00:00z: SPIFFS Active
 0h00:03.959 2025/11/11T22:52:58z: a4:e5:7c:26:24:d4
 0h00:03.961 2025/11/11T22:52:58z: SSID: NothingButSunshine
1 BSEC warning code : 100

1 BSEC warning code : 100

1 BSEC warning code : 100

1 BSEC warning code : 100

1 BSEC warning code : 100

1 BSEC warning code : 100

1 BSEC warning code : 100

1 BSEC warning code : 100

1 BSEC warning code : 100

1 BSEC warning code : 100

 ets Jan  8 2013,rst cause:1, boot mode:(3,7)

load 0x4010f000, len 1384, room 16 
tail 8
chksum 0x2d
csum 0x2d
v8b899c12
~ld


7.04
 0h00:00.290 1970/01/01T08:00:00z: SPIFFS Active
 0h00:03.963 2025/11/11T23:12:43z: a4:e5:7c:26:24:d4
 0h00:03.965 2025/11/11T23:12:43z: SSID: NothingButSunshine
1 BSEC warning code : 100

1 BSEC warning code : 100

1 BSEC warning code : 100

1 BSEC warning code : 100

1 BSEC warning code : 100

1 BSEC warning code : 100

1 BSEC warning code : 100

1 BSEC warning code : 100

1 BSEC warning code : 100

1 BSEC warning code : 100

 ets Jan  8 2013,rst cause:1, boot mode:(3,7)

load 0x4010f000, len 1384, room 16 
tail 8
chksum 0x2d
csum 0x2d
v8b899c12
~ld


7.04
 0h00:00.288 1970/01/01T08:00:00z: SPIFFS Active
 0h00:03.961 2025/11/11T23:32:28z: a4:e5:7c:26:24:d4
 0h00:03.963 2025/11/11T23:32:28z: SSID: NothingButSunshine
1 BSEC warning code : 100

1 BSEC warning code : 100

1 BSEC warning code : 100

1 BSEC warning code : 100

1 BSEC warning code : 100

1 BSEC warning code : 100

1 BSEC warning code : 100

1 BSEC warning code : 100

1 BSEC warning code : 100

1 BSEC warning code : 100

 ets Jan  8 2013,rst cause:1, boot mode:(3,7)

load 0x4010f000, len 1384, room 16 
tail 8
chksum 0x2d
csum 0x2d
v8b899c12
~ld


7.04
 0h00:00.282 1970/01/01T08:00:00z: SPIFFS Active
 0h00:03.955 2025/11/11T23:52:13z: a4:e5:7c:26:24:d4
 0h00:03.957 2025/11/11T23:52:13z: SSID: NothingButSunshine
1 BSEC warning code : 100

1 BSEC warning code : 100

1 BSEC warning code : 100

1 BSEC warning code : 100
