
1 BSEC warning code : 100

1 BSEC warning code : 100

1 BSEC warning code : 100

 ets Jan  8 2013,rst cause:1, boot mode:(3,7)

load 0x4010f000, len 1384, room 16 
tail 8
chksum 0x2d
csum 0x2d
v8b899c12
~ld


7.04
 0h00:00.290 1970/01/01T08:00:00z: SPIFFS Active
 0h00:03.964 2025/01/03T00:09:20z: a4:e5:7c:26:24:d4
 0h00:03.966 2025/01/03T00:09:20z: SSID: NothingButSunshine
1 BSEC warning code : 100

1 BSEC warning code : 100

1 BSEC warning code : 100

1 BSEC warning code : 100

 ets Jan  8 2013,rst cause:1, boot mode:(3,7)

load 0x4010f000, len 1384, room 16 
tail 8
chksum 0x2d
csum 0x2d
v8b899c12
~ld


7.04
 0h00:00.286 1970/01/01T08:00:00z: SPIFFS Active
 0h00:03.960 2025/01/03T00:29:02z: a4:e5:7c:26:24:d4
 0h00:03.962 2025/01/03T00:29:02z: SSID: NothingButSunshine
1 BSEC warning code : 100

1 BSEC warning code : 100

 ets Jan  8 2013,rst cause:1, boot mode:(3,7)

load 0x4010f000, len 1384, room 16 
tail 8
chksum 0x2d
csum 0x2d
v8b899c12
~ld


7.04
 0h00:00.292 1970/01/01T08:00:00z: SPIFFS Active
 0h00:03.966 2025/01/03T00:48:44z: a4:e5:7c:26:24:d4
 0h00:03.968 2025/01/03T00:48:44z: SSID: NothingButSunshine
1 BSEC warning code : 100

1 BSEC warning code : 100

 ets Jan  8 2013,rst cause:1, boot mode:(3,7)

load 0x4010f000, len 1384, room 16 
tail 8
chksum 0x2d
csum 0x2d
v8b899c12
~ld


7.04
 0h00:00.292 1970/01/01T08:00:00z: SPIFFS Active
 0h00:03.966 2025/01/03T01:08:26z: a4:e5:7c:26:24:d4
 0h00:03.968 2025/01/03T01:08:26z: SSID: NothingButSunshine
1 BSEC warning code : 100

1 BSEC warning code : 100

1 BSEC warning code : 100

 ets Jan  8 2013,rst cause:1, boot mode:(3,7)

load 0x4010f000, len 1384, room 16 
tail 8
chksum 0x2d
csum 0x2d
v8b899c12
~ld


7.04
 0h00:00.291 1970/01/01T08:00:00z: SPIFFS Active
 0h00:03.965 2025/01/03T01:28:08z: a4:e5:7c:26:24:d4
 0h00:03.966 2025/01/03T01:28:08z: SSID: NothingButSunshine
1 BSEC warning code : 100

1 BSEC warning code : 100

1 BSEC warning code : 100

1 BSEC warning code : 100

 ets Jan  8 2013,rst cause:1, boot mode:(3,7)

load 0x4010f000, len 1384, room 16 
tail 8
chksum 0x2d
csum 0x2d
v8b899c12
~ld


7.04
 0h00:00.290 1970/01/01T08:00:00z: SPIFFS Active
 0h00:03.964 2025/01/03T01:47:49z: a4:e5:7c:26:24:d4
 0h00:03.966 2025/01/03T01:47:49z: SSID: NothingButSunshine
1 BSEC warning code : 100

1 BSEC warning code : 100

1 BSEC warning code : 100

1 BSEC warning code : 100

 ets Jan  8 2013,rst cause:1, boot mode:(3,7)

load 0x4010f000, len 1384, room 16 
tail 8
chksum 0x2d
csum 0x2d
v8b899c12
~ld


7.04
 0h00:00.285 1970/01/01T08:00:00z: SPIFFS Active
 0h00:03.959 2025/01/03T02:07:32z: a4:e5:7c:26:24:d4
 0h00:03.961 2025/01/03T02:07:32z: SSID: NothingButSunshine
1 BSEC warning code : 100

1 BSEC warning code : 100

1 BSEC warning code : 100

1 BSEC warning code : 100

 ets Jan  8 2013,rst cause:1, boot mode:(3,7)

load 0x4010f000, len 1384, room 16 
tail 8
chksum 0x2d
csum 0x2d
v8b899c12
~ld


7.04
 0h00:00.295 1970/01/01T08:00:00z: SPIFFS Active
 0h00:03.969 2025/01/03T02:27:13z: a4:e5:7c:26:24:d4
 0h00:03.971 2025/01/03T02:27:13z: SSID: NothingButSunshine
1 BSEC warning code : 100

1 BSEC warning code : 100

1 BSEC warning code : 100

1 BSEC warning code : 100

 ets Jan  8 2013,rst cause:1, boot mode:(3,7)

load 0x4010f000, len 1384, room 16 
tail 8
chksum 0x2d
csum 0x2d
v8b899c12
~ld


7.04
 0h00:00.280 1970/01/01T08:00:00z: SPIFFS Active
 0h00:03.954 2025/01/03T02:46:54z: a4:e5:7c:26:24:d4
 0h00:03.956 2025/01/03T02:46:54z: SSID: NothingButSunshine
1 BSEC warning code : 100

1 BSEC warning code : 100

1 BSEC warning code : 100

 ets Jan  8 2013,rst cause:1, boot mode:(3,7)

load 0x4010f000, len 1384, room 16 
tail 8
chksum 0x2d
csum 0x2d
v8b899c12
~ld


7.04
 0h00:00.288 1970/01/01T08:00:00z: SPIFFS Active
 0h00:03.962 2025/01/03T03:06:35z: a4:e5:7c:26:24:d4
 0h00:03.964 2025/01/03T03:06:35z: SSID: NothingButSunshine
1 BSEC warning code : 100

1 BSEC warning code : 100

1 BSEC warning code : 100

 ets Jan  8 2013,rst cause:1, boot mode:(3,7)

load 0x4010f000, len 1384, room 16 
tail 8
chksum 0x2d
csum 0x2d
v8b899c12
~ld


7.04
 0h00:00.280 1970/01/01T08:00:00z: SPIFFS Active
 0h00:03.954 2025/01/03T03:26:17z: a4:e5:7c:26:24:d4
 0h00:03.956 2025/01/03T03:26:17z: SSID: NothingButSunshine
1 BSEC warning code : 100

1 BSEC warning code : 100

 ets Jan  8 2013,rst cause:1, boot mode:(3,7)

load 0x4010f000, len 1384, room 16 
tail 8
chksum 0x2d
csum 0x2d
v8b899c12
~ld


7.04
 0h00:00.286 1970/01/01T08:00:00z: SPIFFS Active
 0h00:03.960 2025/01/03T03:45:59z: a4:e5:7c:26:24:d4
 0h00:03.961 2025/01/03T03:45:59z: SSID: NothingButSunshine
1 BSEC warning code : 100

1 BSEC warning code : 100

1 BSEC warning code : 100

 ets Jan  8 2013,rst cause:1, boot mode:(3,7)

load 0x4010f000, len 1384, room 16 
tail 8
chksum 0x2d
csum 0x2d
v8b899c12
~ld


7.04
 0h00:00.299 1970/01/01T08:00:00z: SPIFFS Active
 0h00:03.973 2025/01/03T04:05:41z: a4:e5:7c:26:24:d4
 0h00:03.975 2025/01/03T04:05:41z: SSID: NothingButSunshine
1 BSEC warning code : 100

1 BSEC warning code : 100

 ets Jan  8 2013,rst cause:1, boot mode:(3,7)

load 0x4010f000, len 1384, room 16 
tail 8
chksum 0x2d
csum 0x2d
v8b899c12
~ld


7.04
 0h00:00.293 1970/01/01T08:00:00z: SPIFFS Active
 0h00:03.967 2025/01/03T04:25:23z: a4:e5:7c:26:24:d4
 0h00:03.969 2025/01/03T04:25:23z: SSID: NothingButSunshine
1 BSEC warning code : 100

1 BSEC warning code : 100

1 BSEC warning code : 100

 ets Jan  8 2013,rst cause:1, boot mode:(3,7)

load 0x4010f000, len 1384, room 16 
tail 8
chksum 0x2d
csum 0x2d
v8b899c12
~ld


7.04
 0h00:00.289 1970/01/01T08:00:00z: SPIFFS Active
 0h00:03.963 2025/01/03T04:45:04z: a4:e5:7c:26:24:d4
 0h00:03.965 2025/01/03T04:45:04z: SSID: NothingButSunshine
1 BSEC warning code : 100

1 BSEC warning code : 100

1 BSEC warning code : 100

1 BSEC warning code : 100

 ets Jan  8 2013,rst cause:1, boot mode:(3,7)

load 0x4010f000, len 1384, room 16 
tail 8
chksum 0x2d
csum 0x2d
v8b899c12
~ld


7.04
 0h00:00.287 1970/01/01T08:00:00z: SPIFFS Active
 0h00:03.961 2025/01/03T05:04:46z: a4:e5:7c:26:24:d4
 0h00:03.962 2025/01/03T05:04:46z: SSID: NothingButSunshine
1 BSEC warning code : 100

1 BSEC warning code : 100

1 BSEC warning code : 100

1 BSEC warning code : 100

1 BSEC warning code : 100

 ets Jan  8 2013,rst cause:1, boot mode:(3,7)

load 0x4010f000, len 1384, room 16 
tail 8
chksum 0x2d
csum 0x2d
v8b899c12
~ld


7.04
 0h00:00.288 1970/01/01T08:00:00z: SPIFFS Active
 0h00:03.962 2025/01/03T05:24:28z: a4:e5:7c:26:24:d4
 0h00:03.964 2025/01/03T05:24:28z: SSID: NothingButSunshine
1 BSEC warning code : 100

1 BSEC warning code : 100

1 BSEC warning code : 100

1 BSEC warning code : 100

 ets Jan  8 2013,rst cause:1, boot mode:(3,7)

load 0x4010f000, len 1384, room 16 
tail 8
chksum 0x2d
csum 0x2d
v8b899c12
~ld


7.04
 0h00:00.286 1970/01/01T08:00:00z: SPIFFS Active
 0h00:03.960 2025/01/03T05:44:09z: a4:e5:7c:26:24:d4
 0h00:03.962 2025/01/03T05:44:09z: SSID: NothingButSunshine
1 BSEC warning code : 100

1 BSEC warning code : 100

1 BSEC warning code : 100

 ets Jan  8 2013,rst cause:1, boot mode:(3,7)

load 0x4010f000, len 1384, room 16 
tail 8
chksum 0x2d
csum 0x2d
v8b899c12
~ld


7.04
 0h00:00.292 1970/01/01T08:00:00z: SPIFFS Active
 0h00:03.967 2025/01/03T06:03:51z: a4:e5:7c:26:24:d4
 0h00:03.968 2025/01/03T06:03:51z: SSID: NothingButSunshine
1 BSEC warning code : 100

1 BSEC warning code : 100

1 BSEC warning code : 100

 ets Jan  8 2013,rst cause:1, boot mode:(3,7)

load 0x4010f000, len 1384, room 16 
tail 8
chksum 0x2d
csum 0x2d
v8b899c12
~ld


7.04
 0h00:00.291 1970/01/01T08:00:00z: SPIFFS Active
 0h00:03.965 2025/01/03T06:23:33z: a4:e5:7c:26:24:d4
 0h00:03.967 2025/01/03T06:23:33z: SSID: NothingButSunshine
1 BSEC warning code : 100

1 BSEC warning code : 100

1 BSEC warning code : 100

1 BSEC warning code : 100

 ets Jan  8 2013,rst cause:1, boot mode:(3,7)

load 0x4010f000, len 1384, room 16 
tail 8
chksum 0x2d
csum 0x2d
v8b899c12
~ld


7.04
 0h00:00.290 1970/01/01T08:00:00z: SPIFFS Active
 0h00:03.965 2025/01/03T06:43:15z: a4:e5:7c:26:24:d4
 0h00:03.966 2025/01/03T06:43:15z: SSID: NothingButSunshine
1 BSEC warning code : 100

1 BSEC warning code : 100

1 BSEC warning code : 100

 ets Jan  8 2013,rst cause:1, boot mode:(3,7)

load 0x4010f000, len 1384, room 16 
tail 8
chksum 0x2d
csum 0x2d
v8b899c12
~ld


7.04
 0h00:00.285 1970/01/01T08:00:00z: SPIFFS Active
 0h00:03.960 2025/01/03T07:02:57z: a4:e5:7c:26:24:d4
 0h00:03.961 2025/01/03T07:02:57z: SSID: NothingButSunshine
 0h00:12.122 2025/01/03T07:03:05z: PMSX003-A (1156ms)
 0h00:13.425 2025/01/03T07:03:06z: PMSX003-B (1301ms)
 0h00:13.427 2025/01/03T07:03:06z: 3.0+RV3028+BME68X+PMSX003-A+PMSX003-B
 0h00:14.442 2025/01/03T07:03:07z: p:1001.61 gasR:1087626.12 iaq:145.50(0) T:8.59(11.58) H:77.15(44.81) sIaq:234.72(0) Stabilization:1 Run in:0
 0h00:14.709 2025/01/03T07:03:07z: DATA A(2),47,77,40,1001.61,0.05,26352,0,14,3,4,7,3,4,7,17,17,663,181,21,6,2,1,234.72
 0h00:15.441 2025/01/03T07:03:08z: p:1001.66 gasR:1092849.50 iaq:145.50(0) T:9.20(14.80) H:74.57(45.60) sIaq:234.72(0) Stabilization:1 Run in:0
 0h00:15.543 2025/01/03T07:03:08z: DATA A(3),48,74,40,1001.66,0.05,26040,0,15,3,4,7,3,4,7,17,17,663,181,21,6,2,1,234.72
 0h00:16.377 2025/01/03T07:03:09z: DATA A(4),48,74,40,1001.66,0.05,26352,0,16,3,4,7,3,4,7,17,17,663,181,21,6,2,1,234.72
 0h00:16.441 2025/01/03T07:03:09z: p:1001.69 gasR:1115164.75 iaq:145.50(0) T:9.99(15.60) H:70.69(45.84) sIaq:234.72(0) Stabilization:1 Run in:0
 0h00:17.282 2025/01/03T07:03:10z: DATA A(5),49,70,39,1001.69,0.05,26040,0,17,3,5,7,3,5,7,21,21,687,191,20,6,2,1,234.72
 0h00:17.442 2025/01/03T07:03:10z: p:1001.70 gasR:1125274.75 iaq:145.50(0) T:10.35(15.95) H:68.71(45.79) sIaq:234.72(0) Stabilization:1 Run in:0
 0h00:18.117 2025/01/03T07:03:11z: DATA A(6),50,68,40,1001.70,0.05,26352,0,18,3,5,7,3,5,7,21,21,687,191,20,6,2,1,234.72
 0h00:18.442 2025/01/03T07:03:11z: p:1001.68 gasR:1116989.38 iaq:145.50(0) T:10.55(16.15) H:67.47(45.65) sIaq:234.72(0) Stabilization:1 Run in:0
 0h00:19.442 2025/01/03T07:03:12z: p:1001.71 gasR:1122499.38 iaq:145.51(0) T:10.68(16.28) H:66.54(45.48) sIaq:234.72(0) Stabilization:1 Run in:0
 0h00:20.334 2025/01/03T07:03:13z: DATA B(2),51,66,40,1001.71,0.05,26352,0,20,3,5,5,3,5,5,21,21,642,176,20,4,0,0,234.72
 0h00:20.442 2025/01/03T07:03:13z: p:1001.71 gasR:1127132.62 iaq:145.51(0) T:10.77(16.38) H:65.72(45.24) sIaq:234.72(0) Stabilization:1 Run in:0
 0h00:21.169 2025/01/03T07:03:14z: DATA B(3),51,65,39,1001.71,0.05,26352,0,21,3,5,5,3,5,5,21,21,642,176,20,4,0,0,234.72
 0h00:21.442 2025/01/03T07:03:14z: p:1001.70 gasR:1124348.12 iaq:145.51(0) T:10.85(16.45) H:65.11(45.06) sIaq:234.72(0) Stabilization:1 Run in:0
 0h00:22.005 2025/01/03T07:03:15z: DATA B(4),51,65,39,1001.70,0.05,26352,0,22,3,5,5,3,5,5,21,21,642,176,20,4,0,0,234.72
 0h00:22.442 2025/01/03T07:03:15z: p:1001.73 gasR:1127132.62 iaq:145.51(0) T:10.92(16.52) H:64.48(44.83) sIaq:234.72(0) Stabilization:1 Run in:0
 0h00:22.911 2025/01/03T07:03:16z: DATA B(5),51,64,39,1001.73,0.05,26352,0,22,3,5,6,3,5,6,21,21,684,190,24,4,0,0,234.72
 0h00:23.442 2025/01/03T07:03:16z: p:1001.69 gasR:1128063.88 iaq:145.51(0) T:10.97(16.58) H:63.99(44.64) sIaq:234.72(0) Stabilization:1 Run in:0
 0h00:24.442 2025/01/03T07:03:17z: p:1001.70 gasR:1142219.75 iaq:145.51(0) T:11.03(16.63) H:63.55(44.47) sIaq:234.72(0) Stabilization:1 Run in:0
 0h00:25.003 2025/01/03T07:03:18z: DATA A(7),51,63,39,1001.70,0.05,26352,0,25,3,4,5,3,4,5,17,17,663,187,17,3,1,1,234.72
 0h00:25.442 2025/01/03T07:03:18z: p:1001.69 gasR:1133683.88 iaq:145.51(0) T:11.07(16.67) H:63.20(44.31) sIaq:234.72(0) Stabilization:1 Run in:0
 0h00:25.838 2025/01/03T07:03:19z: DATA A(8),51,63,38,1001.69,0.05,26352,0,25,3,4,5,3,4,5,17,17,663,187,17,3,1,1,234.72
 0h00:26.442 2025/01/03T07:03:19z: p:1001.67 gasR:1138410.25 iaq:145.51(0) T:11.11(16.71) H:62.88(44.16) sIaq:234.72(0) Stabilization:1 Run in:0
 0h00:26.672 2025/01/03T07:03:19z: DATA A(9),51,62,38,1001.67,0.05,26352,0,26,3,4,5,3,4,5,17,17,663,187,17,3,1,1,234.72
 0h00:27.441 2025/01/03T07:03:20z: p:1001.68 gasR:1141265.00 iaq:145.51(0) T:11.15(16.75) H:62.60(44.04) sIaq:234.72(0) Stabilization:1 Run in:0
 0h00:27.577 2025/01/03T07:03:20z: DATA A(10),52,62,39,1001.68,0.05,26352,0,27,3,4,5,3,4,5,17,17,687,198,17,2,1,1,234.72
 0h00:28.411 2025/01/03T07:03:21z: DATA A(11),52,62,39,1001.68,0.05,26352,0,28,3,4,5,3,4,5,17,17,687,198,17,2,1,1,234.72
 0h00:28.442 2025/01/03T07:03:21z: p:1001.69 gasR:1133683.88 iaq:145.51(0) T:11.18(16.78) H:62.33(43.89) sIaq:234.72(0) Stabilization:1 Run in:0
 0h00:29.442 2025/01/03T07:03:22z: p:1001.69 gasR:1131804.38 iaq:145.51(0) T:11.20(16.81) H:62.14(43.78) sIaq:234.72(0) Stabilization:1 Run in:0
 0h00:29.735 2025/01/03T07:03:23z: DATA B(6),52,62,39,1001.69,0.05,26352,0,29,3,5,5,3,5,5,21,21,726,206,25,1,0,0,234.72
 0h00:30.442 2025/01/03T07:03:23z: p:1001.69 gasR:1145093.62 iaq:145.51(0) T:11.24(16.84) H:61.94(43.69) sIaq:234.72(0) Stabilization:1 Run in:0
 0h00:30.641 2025/01/03T07:03:23z: DATA B(7),52,61,39,1001.69,0.05,26352,0,30,5,6,6,5,6,6,25,25,744,214,32,2,1,0,234.72
 0h00:31.442 2025/01/03T07:03:24z: p:1001.70 gasR:1138410.25 iaq:145.51(0) T:11.27(16.87) H:61.75(43.59) sIaq:234.72(0) Stabilization:1 Run in:0
 0h00:31.476 2025/01/03T07:03:24z: DATA B(8),52,61,39,1001.70,0.05,26040,0,31,5,6,6,5,6,6,25,25,744,214,32,2,1,0,234.72
 0h00:32.312 2025/01/03T07:03:25z: DATA B(9),52,61,39,1001.70,0.05,26352,0,32,5,6,6,5,6,6,25,25,744,214,32,2,1,0,234.72
 0h00:32.442 2025/01/03T07:03:25z: p:1001.69 gasR:1144134.12 iaq:145.51(0) T:11.30(16.90) H:61.60(43.51) sIaq:234.72(0) Stabilization:1 Run in:0
 0h00:33.218 2025/01/03T07:03:26z: DATA B(10),52,61,39,1001.69,0.05,26352,0,33,3,5,6,3,5,6,21,21,678,194,29,1,1,0,234.72
 0h00:33.441 2025/01/03T07:03:26z: p:1001.69 gasR:1149915.75 iaq:145.51(0) T:11.33(16.93) H:61.41(43.42) sIaq:234.72(0) Stabilization:1 Run in:0
 0h00:34.441 2025/01/03T07:03:27z: p:1001.70 gasR:1136515.00 iaq:145.51(0) T:11.35(16.96) H:61.30(43.35) sIaq:234.72(0) Stabilization:1 Run in:0
 0h00:35.297 2025/01/03T07:03:28z: DATA A(12),52,61,39,1001.70,0.05,26352,0,35,2,3,4,2,3,4,13,13,600,173,16,2,1,1,234.72
 0h00:35.443 2025/01/03T07:03:28z: p:1001.72 gasR:1141265.00 iaq:145.51(0) T:11.38(16.98) H:61.16(43.28) sIaq:234.72(0) Stabilization:1 Run in:0
 0h00:36.131 2025/01/03T07:03:29z: DATA A(13),52,61,39,1001.72,0.05,26352,0,36,2,3,4,2,3,4,13,13,600,173,16,2,1,1,234.72
 0h00:36.443 2025/01/03T07:03:29z: p:1001.70 gasR:1145093.62 iaq:145.50(0) T:11.39(16.99) H:61.14(43.23) sIaq:234.72(0) Stabilization:1 Run in:0
 0h00:36.966 2025/01/03T07:03:30z: DATA A(14),52,61,39,1001.70,0.05,26040,0,36,2,3,4,2,3,4,13,13,600,173,16,2,1,1,234.72
 0h00:37.443 2025/01/03T07:03:30z: p:1001.69 gasR:1157716.25 iaq:145.34(0) T:11.42(17.02) H:61.04(43.18) sIaq:234.40(0) Stabilization:1 Run in:0
 0h00:37.871 2025/01/03T07:03:31z: DATA A(15),52,61,38,1001.69,0.05,26352,0,37,3,4,4,3,4,4,17,17,645,190,14,2,1,1,234.40
 0h00:38.443 2025/01/03T07:03:31z: p:1001.70 gasR:1146054.88 iaq:145.27(0) T:11.43(17.03) H:60.96(43.10) sIaq:234.27(0) Stabilization:1 Run in:0
 0h00:38.705 2025/01/03T07:03:31z: DATA A(16),52,60,38,1001.70,0.05,26040,0,38,3,4,4,3,4,4,17,17,645,190,14,2,1,1,234.27
 0h00:39.442 2025/01/03T07:03:32z: p:1001.68 gasR:1138410.25 iaq:145.29(0) T:11.45(17.06) H:60.91(43.07) sIaq:234.31(0) Stabilization:1 Run in:0
 0h00:40.042 2025/01/03T07:03:33z: DATA B(11),52,60,38,1001.68,0.05,26352,0,40,3,5,6,3,5,6,21,21,642,186,31,2,1,0,234.31
 0h00:40.443 2025/01/03T07:03:33z: p:1001.71 gasR:1152828.62 iaq:145.15(0) T:11.47(17.08) H:60.82(43.01) sIaq:234.04(0) Stabilization:1 Run in:0
 0h00:40.948 2025/01/03T07:03:34z: DATA B(12),52,60,38,1001.71,0.05,26352,0,40,3,5,6,3,5,6,21,21,618,178,29,2,1,0,234.04
 0h00:41.443 2025/01/03T07:03:34z: p:1001.71 gasR:1147017.62 iaq:145.09(0) T:11.50(17.10) H:60.76(42.98) sIaq:233.92(0) Stabilization:1 Run in:0
 0h00:41.783 2025/01/03T07:03:35z: DATA B(13),52,60,38,1001.71,0.05,26352,0,41,3,5,6,3,5,6,21,21,618,178,29,2,1,0,233.92
 0h00:42.443 2025/01/03T07:03:35z: p:1001.69 gasR:1140311.75 iaq:145.11(0) T:11.50(17.11) H:60.74(42.93) sIaq:233.96(0) Stabilization:1 Run in:0
 0h00:42.619 2025/01/03T07:03:35z: DATA B(14),52,60,38,1001.69,0.05,26352,0,42,3,5,6,3,5,6,21,21,618,178,29,2,1,0,233.96
 0h00:43.443 2025/01/03T07:03:36z: p:1001.71 gasR:1145093.62 iaq:145.07(0) T:11.52(17.12) H:60.70(42.88) sIaq:233.89(0) Stabilization:1 Run in:0
 0h00:43.525 2025/01/03T07:03:36z: DATA B(15),52,60,38,1001.71,0.05,26352,0,43,3,5,6,3,5,6,21,21,630,184,29,2,1,0,233.89
 0h00:44.443 2025/01/03T07:03:37z: p:1001.69 gasR:1149915.75 iaq:144.99(0) T:11.53(17.14) H:60.64(42.84) sIaq:233.72(0) Stabilization:1 Run in:0
 0h00:45.443 2025/01/03T07:03:38z: p:1001.69 gasR:1148948.12 iaq:144.93(0) T:11.54(17.14) H:60.64(42.81) sIaq:233.60(0) Stabilization:1 Run in:0
 0h00:45.592 2025/01/03T07:03:38z: DATA A(17),52,60,38,1001.69,0.05,26352,0,45,3,3,4,3,3,4,13,13,606,181,16,2,1,1,233.60
 0h00:46.426 2025/01/03T07:03:39z: DATA A(18),52,60,38,1001.69,0.05,26352,0,46,3,3,4,3,3,4,13,13,606,181,16,2,1,1,233.60
 0h00:46.446 2025/01/03T07:03:39z: p:1001.70 gasR:1145093.62 iaq:144.91(0) T:11.58(17.16) H:60.51(42.77) sIaq:233.57(0) Stabilization:1 Run in:0
 0h00:47.260 2025/01/03T07:03:40z: DATA A(19),52,60,38,1001.70,0.05,26352,0,47,3,3,4,3,3,4,13,13,606,181,16,2,1,1,233.57
 0h00:47.446 2025/01/03T07:03:40z: p:1001.71 gasR:1147982.12 iaq:144.86(0) T:11.55(17.15) H:60.64(42.74) sIaq:233.48(0) Stabilization:1 Run in:0
 0h00:48.165 2025/01/03T07:03:41z: DATA A(20),52,60,38,1001.71,0.05,26352,0,48,3,4,4,3,4,4,17,17,588,181,18,2,1,0,233.48
 0h00:48.446 2025/01/03T07:03:41z: p:1001.70 gasR:1145093.62 iaq:144.85(0) T:11.58(17.18) H:60.54(42.71) sIaq:233.46(0) Stabilization:1 Run in:0
 0h00:49.000 2025/01/03T07:03:42z: DATA A(21),52,60,38,1001.70,0.05,26352,0,49,3,4,4,3,4,4,17,17,588,181,18,2,1,0,233.46
 0h00:49.446 2025/01/03T07:03:42z: p:1001.69 gasR:1151856.00 iaq:144.77(0) T:11.60(17.20) H:60.49(42.67) sIaq:233.30(0) Stabilization:1 Run in:0
 0h00:50.349 2025/01/03T07:03:43z: DATA B(16),52,60,38,1001.69,0.05,26352,0,50,3,5,6,3,5,6,21,21,612,176,26,2,1,0,233.30
 0h00:50.446 2025/01/03T07:03:43z: p:1001.69 gasR:1147982.12 iaq:144.74(0) T:11.60(17.21) H:60.48(42.64) sIaq:233.24(0) Stabilization:1 Run in:0
 0h00:51.255 2025/01/03T07:03:44z: DATA B(17),52,60,38,1001.69,0.05,26352,0,51,3,5,5,3,5,5,21,21,576,164,24,2,1,0,233.24
 0h00:51.446 2025/01/03T07:03:44z: p:1001.71 gasR:1149915.75 iaq:144.69(0) T:11.62(17.22) H:60.44(42.62) sIaq:233.14(0) Stabilization:1 Run in:0
 0h00:52.090 2025/01/03T07:03:45z: DATA B(18),52,60,38,1001.71,0.05,26352,0,52,3,5,5,3,5,5,21,21,576,164,24,2,1,0,233.14
 0h00:52.446 2025/01/03T07:03:45z: p:1001.70 gasR:1153802.88 iaq:144.60(0) T:11.63(17.23) H:60.43(42.59) sIaq:232.98(0) Stabilization:1 Run in:0
 0h00:52.926 2025/01/03T07:03:46z: DATA B(19),52,60,38,1001.70,0.05,26352,0,52,3,5,5,3,5,5,21,21,576,164,24,2,1,0,232.98
 0h00:53.446 2025/01/03T07:03:46z: p:1001.71 gasR:1154778.62 iaq:144.52(0) T:11.65(17.25) H:60.37(42.57) sIaq:232.81(0) Stabilization:1 Run in:0
 0h00:53.831 2025/01/03T07:03:47z: DATA B(20),52,60,38,1001.71,0.05,26352,0,53,2,5,5,2,5,5,21,21,552,160,21,2,1,0,232.81
 0h00:54.446 2025/01/03T07:03:47z: p:1001.69 gasR:1148948.12 iaq:144.50(0) T:11.65(17.25) H:60.39(42.55) sIaq:232.78(0) Stabilization:1 Run in:0
 0h00:55.446 2025/01/03T07:03:48z: p:1001.72 gasR:1153802.88 iaq:144.44(0) T:11.67(17.27) H:60.36(42.54) sIaq:232.66(0) Stabilization:1 Run in:0
 0h00:55.886 2025/01/03T07:03:49z: DATA A(22),53,60,39,1001.72,0.05,26352,0,55,3,3,4,3,3,4,13,13,630,189,13,1,1,0,232.66
 0h00:56.446 2025/01/03T07:03:49z: p:1001.72 gasR:1148948.12 iaq:144.43(0) T:11.69(17.29) H:60.34(42.52) sIaq:232.64(0) Stabilization:1 Run in:0
 0h00:56.721 2025/01/03T07:03:50z: DATA A(23),53,60,39,1001.72,0.05,26352,0,56,3,3,4,3,3,4,13,13,630,189,13,1,1,0,232.64
 0h00:57.445 2025/01/03T07:03:50z: p:1001.67 gasR:1149915.75 iaq:144.42(0) T:11.69(17.29) H:60.35(42.50) sIaq:232.61(0) Stabilization:1 Run in:0
 0h00:57.555 2025/01/03T07:03:50z: DATA A(24),53,60,39,1001.67,0.05,26352,0,57,3,3,4,3,3,4,13,13,630,189,13,1,1,0,232.61
 0h00:58.447 2025/01/03T07:03:51z: p:1001.73 gasR:1149915.75 iaq:144.40(0) T:11.72(17.31) H:60.28(42.49) sIaq:232.58(0) Stabilization:1 Run in:0
 0h00:58.464 2025/01/03T07:03:51z: DATA A(25),53,60,39,1001.73,0.05,26352,0,58,2,3,4,2,3,4,13,13,603,178,12,1,1,0,232.58
 0h00:59.294 2025/01/03T07:03:52z: DATA A(26),53,60,39,1001.73,0.05,26352,0,59,2,3,4,2,3,4,13,13,603,178,12,1,1,0,232.58
 0h00:59.447 2025/01/03T07:03:52z: p:1001.69 gasR:1154778.62 iaq:144.34(0) T:11.70(17.30) H:60.36(42.46) sIaq:232.46(0) Stabilization:1 Run in:0
 0h01:00.446 2025/01/03T07:03:53z: p:1001.72 gasR:1155756.25 iaq:144.27(0) T:11.72(17.32) H:60.33(42.45) sIaq:232.32(0) Stabilization:1 Run in:0
 0h01:00.656 2025/01/03T07:03:53z: DATA B(21),53,60,39,1001.72,0.05,26352,0,60,2,5,5,2,5,5,21,21,558,162,18,2,0,0,232.32
 0h01:01.447 2025/01/03T07:03:54z: p:1001.71 gasR:1155756.25 iaq:144.21(0) T:11.71(17.31) H:60.39(42.45) sIaq:232.21(0) Stabilization:1 Run in:0
 0h01:01.562 2025/01/03T07:03:54z: DATA B(22),53,60,39,1001.71,0.05,26352,0,61,2,5,5,2,5,5,21,21,594,170,20,2,0,0,232.21
 0h01:02.397 2025/01/03T07:03:55z: DATA B(23),53,60,39,1001.71,0.05,26352,0,62,2,5,5,2,5,5,21,21,594,170,20,2,0,0,232.21
 0h01:02.447 2025/01/03T07:03:55z: p:1001.72 gasR:1154778.62 iaq:144.16(0) T:11.72(17.32) H:60.38(42.42) sIaq:232.12(0) Stabilization:1 Run in:0
 0h01:03.232 2025/01/03T07:03:56z: DATA B(24),53,60,39,1001.72,0.05,26352,0,63,2,5,5,2,5,5,21,21,594,170,20,2,0,0,232.12
 0h01:03.446 2025/01/03T07:03:56z: p:1001.73 gasR:1162645.50 iaq:144.04(0) T:11.72(17.32) H:60.40(42.41) sIaq:231.89(0) Stabilization:1 Run in:0
 0h01:04.138 2025/01/03T07:03:57z: DATA B(25),53,60,39,1001.73,0.05,26352,0,64,3,5,5,3,5,5,21,21,606,182,20,2,0,0,231.89
 0h01:04.447 2025/01/03T07:03:57z: p:1001.72 gasR:1152828.62 iaq:144.04(0) T:11.71(17.31) H:60.45(42.39) sIaq:231.88(0) Stabilization:1 Run in:0
 0h01:05.447 2025/01/03T07:03:58z: p:1001.71 gasR:1157716.25 iaq:143.98(0) T:11.70(17.30) H:60.45(42.35) sIaq:231.77(0) Stabilization:1 Run in:0
 0h01:06.180 2025/01/03T07:03:59z: DATA A(27),53,60,39,1001.71,0.05,26352,0,66,2,2,3,2,2,3,8,8,525,149,10,1,1,0,231.77
 0h01:06.447 2025/01/03T07:03:59z: p:1001.72 gasR:1147017.62 iaq:144.05(0) T:11.70(17.30) H:60.47(42.35) sIaq:231.90(0) Stabilization:1 Run in:0
 0h01:07.014 2025/01/03T07:04:00z: DATA A(28),53,60,39,1001.72,0.05,26352,0,67,2,2,3,2,2,3,8,8,525,149,10,1,1,0,231.90
 0h01:07.447 2025/01/03T07:04:00z: p:1001.71 gasR:1153802.88 iaq:144.03(0) T:11.70(17.30) H:60.43(42.30) sIaq:231.87(0) Stabilization:1 Run in:0
 0h01:07.849 2025/01/03T07:04:01z: DATA A(29),53,60,39,1001.71,0.05,26352,0,67,2,2,3,2,2,3,8,8,525,149,10,1,1,0,231.87
 0h01:08.447 2025/01/03T07:04:01z: p:1001.70 gasR:1152828.62 iaq:144.03(0) T:11.70(17.30) H:60.40(42.27) sIaq:231.86(0) Stabilization:1 Run in:0
 0h01:08.754 2025/01/03T07:04:02z: DATA A(30),53,60,39,1001.70,0.05,26352,0,68,2,3,3,2,3,3,13,13,558,164,11,1,1,0,231.86
 0h01:09.447 2025/01/03T07:04:02z: p:1001.71 gasR:1147017.62 iaq:144.09(0) T:11.71(17.31) H:60.36(42.25) sIaq:231.98(0) Stabilization:1 Run in:0
 0h01:09.589 2025/01/03T07:04:02z: DATA A(31),53,60,39,1001.71,0.05,26352,0,69,2,3,3,2,3,3,13,13,558,164,11,1,1,0,231.98
 0h01:10.447 2025/01/03T07:04:03z: p:1001.71 gasR:1151856.00 iaq:144.09(0) T:11.72(17.32) H:60.31(42.22) sIaq:231.98(0) Stabilization:1 Run in:0
 0h01:10.963 2025/01/03T07:04:04z: DATA B(26),53,60,39,1001.71,0.05,26040,0,70,2,5,6,2,5,6,21,21,594,174,24,3,1,0,231.98
 0h01:11.447 2025/01/03T07:04:04z: p:1001.70 gasR:1162645.50 iaq:143.97(0) T:11.74(17.34) H:60.26(42.21) sIaq:231.75(0) Stabilization:1 Run in:0
 0h01:11.869 2025/01/03T07:04:05z: DATA B(27),53,60,39,1001.70,0.05,26168,0,71,2,5,6,2,5,6,21,21,600,174,24,4,1,0,231.75
 0h01:12.447 2025/01/03T07:04:05z: p:1001.70 gasR:1152828.62 iaq:143.98(0) T:11.74(17.34) H:60.22(42.18) sIaq:231.76(0) Stabilization:1 Run in:0
 0h01:12.704 2025/01/03T07:04:05z: DATA B(28),53,60,39,1001.70,0.05,26352,0,72,2,5,6,2,5,6,21,21,600,174,24,4,1,0,231.76
 0h01:13.446 2025/01/03T07:04:06z: p:1001.69 gasR:1160668.75 iaq:143.90(0) T:11.75(17.36) H:60.21(42.19) sIaq:231.60(0) Stabilization:1 Run in:0
 0h01:13.539 2025/01/03T07:04:06z: DATA B(29),53,60,39,1001.69,0.05,26352,0,73,2,5,6,2,5,6,21,21,600,174,24,4,1,0,231.60
 0h01:14.445 2025/01/03T07:04:07z: DATA B(30),53,60,39,1001.69,0.05,26352,0,74,3,5,6,3,5,6,21,21,606,176,24,4,1,0,231.60
 0h01:14.467 2025/01/03T07:04:07z: p:1001.71 gasR:1156735.38 iaq:143.87(0) T:11.91(17.37) H:59.61(42.18) sIaq:231.55(0) Stabilization:1 Run in:0
 0h01:15.467 2025/01/03T07:04:08z: p:1001.73 gasR:1152828.62 iaq:143.88(0) T:11.66(17.26) H:60.58(42.16) sIaq:231.58(0) Stabilization:1 Run in:0
 0h01:16.467 2025/01/03T07:04:09z: p:1001.70 gasR:1157716.25 iaq:143.84(0) T:11.76(17.36) H:60.24(42.18) sIaq:231.50(0) Stabilization:1 Run in:0
 0h01:16.486 2025/01/03T07:04:09z: DATA A(32),53,60,39,1001.70,0.05,26352,0,76,2,3,3,2,3,3,13,13,585,160,8,1,1,0,231.50
 0h01:17.309 2025/01/03T07:04:10z: DATA A(33),53,60,39,1001.70,0.05,26352,0,77,2,3,3,2,3,3,13,13,585,160,8,1,1,0,231.50
 0h01:17.466 2025/01/03T07:04:10z: p:1001.71 gasR:1157716.25 iaq:143.81(0) T:11.78(17.38) H:60.20(42.19) sIaq:231.43(0) Stabilization:1 Run in:0
 0h01:18.144 2025/01/03T07:04:11z: DATA A(34),53,60,39,1001.71,0.05,26352,0,78,2,3,3,2,3,3,13,13,585,160,8,1,1,0,231.43
 0h01:18.467 2025/01/03T07:04:11z: p:1001.71 gasR:1154778.62 iaq:143.81(0) T:11.79(17.39) H:60.20(42.20) sIaq:231.43(0) Stabilization:1 Run in:0
 0h01:19.048 2025/01/03T07:04:12z: DATA A(35),53,60,39,1001.71,0.05,26352,0,79,2,2,3,2,2,3,8,8,534,145,9,2,1,0,231.43
 0h01:19.467 2025/01/03T07:04:12z: p:1001.71 gasR:1157716.25 iaq:143.78(0) T:11.80(17.40) H:60.18(42.20) sIaq:231.37(0) Stabilization:1 Run in:0
 0h01:20.467 2025/01/03T07:04:13z: p:1001.71 gasR:1163636.38 iaq:143.69(0) T:11.81(17.41) H:60.20(42.20) sIaq:231.20(0) Stabilization:1 Run in:0
 0h01:21.271 2025/01/03T07:04:14z: DATA B(31),53,60,39,1001.71,0.05,26352,0,81,3,6,6,3,6,6,25,25,666,192,24,4,1,0,231.20
 0h01:21.467 2025/01/03T07:04:14z: p:1001.72 gasR:1159682.88 iaq:143.65(0) T:11.81(17.41) H:60.19(42.19) sIaq:231.12(0) Stabilization:1 Run in:0
 0h01:22.176 2025/01/03T07:04:15z: DATA B(32),53,60,39,1001.72,0.05,26352,0,82,3,6,6,3,6,6,25,25,666,192,21,4,1,0,231.12
 0h01:22.467 2025/01/03T07:04:15z: p:1001.71 gasR:1161656.25 iaq:143.59(0) T:11.82(17.42) H:60.19(42.19) sIaq:231.02(0) Stabilization:1 Run in:0
 0h01:23.011 2025/01/03T07:04:16z: DATA B(33),53,60,39,1001.71,0.05,26352,0,83,3,6,6,3,6,6,25,25,666,192,21,4,1,0,231.02
 0h01:23.467 2025/01/03T07:04:16z: p:1001.73 gasR:1159682.88 iaq:143.56(0) T:11.83(17.44) H:60.17(42.20) sIaq:230.96(0) Stabilization:1 Run in:0
 0h01:23.846 2025/01/03T07:04:17z: DATA B(34),53,60,39,1001.73,0.05,26352,0,83,3,6,6,3,6,6,25,25,666,192,21,4,1,0,230.96
 0h01:24.467 2025/01/03T07:04:17z: p:1001.73 gasR:1163636.38 iaq:143.50(0) T:11.84(17.44) H:60.17(42.19) sIaq:230.83(0) Stabilization:1 Run in:0
 0h01:24.753 2025/01/03T07:04:18z: DATA B(35),53,60,39,1001.73,0.05,26352,0,84,3,6,7,3,6,7,25,25,678,194,27,4,2,1,230.83
 0h01:25.467 2025/01/03T07:04:18z: p:1001.72 gasR:1163636.38 iaq:143.44(0) T:11.84(17.45) H:60.19(42.19) sIaq:230.72(0) Stabilization:1 Run in:0
 0h01:25.865 2025/01/03T07:04:19z: DATA A(36),53,60,39,1001.72,0.05,26352,0,85,2,3,4,2,3,4,13,13,543,152,11,3,2,0,230.72
 0h01:26.467 2025/01/03T07:04:19z: p:1001.74 gasR:1160668.75 iaq:143.42(0) T:11.85(17.45) H:60.22(42.20) sIaq:230.68(0) Stabilization:1 Run in:0
 0h01:26.769 2025/01/03T07:04:20z: DATA A(37),53,60,39,1001.74,0.05,26352,0,86,2,3,4,2,3,4,13,13,606,171,10,3,2,0,230.68
 0h01:27.467 2025/01/03T07:04:20z: p:1001.74 gasR:1147982.12 iaq:143.53(0) T:11.85(17.45) H:60.25(42.21) sIaq:230.90(0) Stabilization:1 Run in:0
 0h01:27.604 2025/01/03T07:04:20z: DATA A(38),53,60,39,1001.74,0.05,26352,0,87,2,3,4,2,3,4,13,13,606,171,10,3,2,0,230.90
 0h01:28.438 2025/01/03T07:04:21z: DATA A(39),53,60,39,1001.74,0.05,26352,0,88,2,3,4,2,3,4,13,13,606,171,10,3,2,0,230.90
 0h01:28.467 2025/01/03T07:04:21z: p:1001.71 gasR:1154778.62 iaq:143.56(0) T:11.84(17.44) H:60.33(42.22) sIaq:230.96(0) Stabilization:1 Run in:0
 0h01:29.343 2025/01/03T07:04:22z: DATA A(40),53,60,39,1001.71,0.05,26352,0,89,2,3,4,2,3,4,13,13,627,174,12,4,2,0,230.96
 0h01:29.467 2025/01/03T07:04:22z: p:1001.71 gasR:1154778.62 iaq:143.59(0) T:11.84(17.45) H:60.33(42.22) sIaq:231.01(0) Stabilization:1 Run in:0
 0h01:30.467 2025/01/03T07:04:23z: p:1001.72 gasR:1151856.00 iaq:143.64(0) T:11.84(17.45) H:60.32(42.21) sIaq:231.11(0) Stabilization:1 Run in:0
 0h01:31.467 2025/01/03T07:04:24z: p:1001.73 gasR:1163636.38 iaq:143.56(0) T:11.86(17.46) H:60.31(42.21) sIaq:230.96(0) Stabilization:1 Run in:0
 0h01:31.577 2025/01/03T07:04:24z: DATA B(36),53,60,39,1001.73,0.05,26352,0,91,3,5,6,3,5,6,21,21,642,180,21,3,2,1,230.96
 0h01:32.468 2025/01/03T07:04:25z: p:1001.73 gasR:1165623.25 iaq:143.47(0) T:11.86(17.45) H:60.31(42.21) sIaq:230.78(0) Stabilization:1 Run in:0
 0h01:32.485 2025/01/03T07:04:25z: DATA B(37),53,60,39,1001.73,0.05,26352,0,92,3,5,6,3,5,6,21,21,684,196,21,3,2,1,230.78
 0h01:33.318 2025/01/03T07:04:26z: DATA B(38),53,60,39,1001.73,0.05,26352,0,93,3,5,6,3,5,6,21,21,684,196,21,3,2,1,230.78
 0h01:33.467 2025/01/03T07:04:26z: p:1001.72 gasR:1162645.50 iaq:143.42(0) T:11.84(17.44) H:60.48(42.25) sIaq:230.69(0) Stabilization:1 Run in:0
 0h01:34.154 2025/01/03T07:04:27z: DATA B(39),53,60,39,1001.72,0.05,26352,0,94,3,5,6,3,5,6,21,21,684,196,21,3,2,1,230.69
 0h01:34.467 2025/01/03T07:04:27z: p:1001.72 gasR:1162645.50 iaq:143.38(0) T:11.83(17.44) H:60.48(42.24) sIaq:230.61(0) Stabilization:1 Run in:0
 0h01:35.060 2025/01/03T07:04:28z: DATA B(40),53,60,39,1001.72,0.05,26352,0,95,3,5,6,3,5,6,21,21,690,194,17,2,1,1,230.61
 0h01:35.468 2025/01/03T07:04:28z: p:1001.70 gasR:1154778.62 iaq:143.42(0) T:11.83(17.44) H:60.48(42.23) sIaq:230.69(0) Stabilization:1 Run in:0
 0h01:36.159 2025/01/03T07:04:29z: DATA A(41),53,60,39,1001.70,0.05,26352,0,96,2,3,5,2,3,5,13,13,651,180,12,4,2,0,230.69
 0h01:36.468 2025/01/03T07:04:29z: p:1001.71 gasR:1158698.75 iaq:143.42(0) T:11.84(17.44) H:60.50(42.25) sIaq:230.69(0) Stabilization:1 Run in:0
 0h01:37.064 2025/01/03T07:04:30z: DATA A(42),53,60,39,1001.71,0.05,26352,0,97,3,4,5,3,4,5,17,17,672,187,13,4,2,0,230.69
 0h01:37.468 2025/01/03T07:04:30z: p:1001.71 gasR:1154778.62 iaq:143.46(0) T:11.84(17.45) H:60.49(42.25) sIaq:230.76(0) Stabilization:1 Run in:0
 0h01:37.898 2025/01/03T07:04:31z: DATA A(43),53,60,39,1001.71,0.05,26352,0,97,3,4,5,3,4,5,17,17,672,187,13,4,2,0,230.76
 0h01:38.468 2025/01/03T07:04:31z: p:1001.71 gasR:1165623.25 iaq:143.38(0) T:11.85(17.45) H:60.48(42.26) sIaq:230.61(0) Stabilization:1 Run in:0
 0h01:38.733 2025/01/03T07:04:32z: DATA A(44),53,60,39,1001.71,0.05,26352,0,98,3,4,5,3,4,5,17,17,672,187,13,4,2,0,230.61
 0h01:39.469 2025/01/03T07:04:32z: p:1001.73 gasR:1159682.88 iaq:143.37(0) T:11.87(17.46) H:60.45(42.27) sIaq:230.59(0) Stabilization:1 Run in:0
 0h01:39.637 2025/01/03T07:04:32z: DATA A(45),53,60,39,1001.73,0.05,26352,0,99,3,4,5,3,4,5,17,17,639,181,13,4,2,0,230.59
 0h01:40.469 2025/01/03T07:04:33z: p:1001.73 gasR:1174648.75 iaq:143.21(0) T:11.85(17.45) H:60.55(42.28) sIaq:230.27(0) Stabilization:1 Run in:0
 0h01:41.468 2025/01/03T07:04:34z: p:1001.70 gasR:1160668.75 iaq:143.21(0) T:11.85(17.45) H:60.55(42.27) sIaq:230.27(0) Stabilization:1 Run in:0
 0h01:41.884 2025/01/03T07:04:35z: DATA B(41),53,60,39,1001.70,0.05,26352,0,101,3,3,5,3,3,5,13,13,642,186,15,1,1,1,230.27
 0h01:42.469 2025/01/03T07:04:35z: p:1001.72 gasR:1155756.25 iaq:143.26(0) T:11.85(17.45) H:60.56(42.27) sIaq:230.37(0) Stabilization:1 Run in:0
 0h01:42.790 2025/01/03T07:04:36z: DATA B(42),53,60,39,1001.72,0.05,26352,0,102,3,3,5,3,3,5,13,13,636,178,15,1,1,1,230.37
{"SensorId":"a4:e5:7c:26:24:d4","DateTime":"2025/01/03T07:04:36z","Geo":"PurpleAir-24d4","Mem":26352,"memfrag":2,"memfb":25968,"memcs":504,"Id":1,"lat":0.000000,"lon":0.000000,"Adc":"nan","loggingrate":15,"place":"outside","version":"7.04","uptime":103,"rssi":0,"period":103,"httpsuccess":0,"httpsends":0,"hardwareversion":"3.0","hardwarediscovered":"3.0+RV3028+BME68X+PMSX003-A+PMSX003-B","current_temp_f":53,"current_humidity":60,"current_dewpoint_f":39,"pressure":1001.72,"current_temp_f_680":53,"current_humidity_680":60,"current_dewpoint_f_680":39,"pressure_680":1001.72,"gas_680":"nan","p25aqic_b":"rgb(19,230,0)","pm2.5_aqi_b":21,"pm1_0_cf_1_b":2.90,"p_0_3_um_b":639.57,"pm2_5_cf_1_b":5.10,"p_0_5_um_b":182.81,"pm10_0_cf_1_b":5.67,"p_1_0_um_b":23.50,"pm1_0_atm_b":2.90,"p_2_5_um_b":2.74,"pm2_5_atm_b":5.10,"p_5_0_um_b":0.88,"pm10_0_atm_b":5.67,"p_10_0_um_b":0.21,"p25aqic":"rgb(6,229,0)","pm2.5_aqi":14,"pm1_0_cf_1":2.56,"p_0_3_um":618.93,"pm2_5_cf_1":3.38,"p_0_5_um":176.78,"pm10_0_cf_1":4.44,"p_1_0_um":14.09,"pm1_0_atm":2.56,"p_2_5_um":2.69,"pm2_5_atm":3.38,"p_5_0_um":1.38,"pm10_0_atm":4.44,"p_10_0_um":0.44,"wlstate":"No SSID","status_0":0,"status_1":0,"status_2":0,"status_3":0,"status_4":2,"status_5":2,"status_7":0,"status_8":2,"status_9":2}
 0h01:43.567 2025/01/03T07:04:36z: update.purpleair.com:80/firmware/2mb/update.asp
 0h01:43.574 2025/01/03T07:04:36z: Error: -1
1 BSEC warning code : 100

UTCDateTime,mac_address,firmware_ver,hardware,current_temp_f,current_humidity,current_dewpoint_f,pressure,adc,mem,rssi,uptime,pm1_0_cf_1,pm2_5_cf_1,pm10_0_cf_1,pm1_0_atm,pm2_5_atm,pm10_0_atm,pm2.5_aqi_cf_1,pm2.5_aqi_atm,p_0_3_um,p_0_5_um,p_1_0_um,p_2_5_um,p_5_0_um,p_10_0_um,pm1_0_cf_1_b,pm2_5_cf_1_b,pm10_0_cf_1_b,pm1_0_atm_b,pm2_5_atm_b,pm10_0_atm_b,pm2.5_aqi_cf_1_b,pm2.5_aqi_atm_b,p_0_3_um_b,p_0_5_um_b,p_1_0_um_b,p_2_5_um_b,p_5_0_um_b,p_10_0_um_b,gas
2025/01/03T07:04:36z,a4:e5:7c:26:24:d4,7.04,3.0+RV3028+BME68X+PMSX003-A+PMSX003-B,53,60,39,1001.72,nan,26352,0,103,2.56,3.38,4.44,2.56,3.38,4.44,14,14,618.93,176.78,14.09,2.69,1.38,0.44,2.90,5.10,5.67,2.90,5.10,5.67,21,21,639.57,182.81,23.50,2.74,0.88,0.21,nan
1 BSEC warning code : 100

1 BSEC warning code : 100

1 BSEC warning code : 100

 ets Jan  8 2013,rst cause:1, boot mode:(3,7)

load 0x4010f000, len 1384, room 16 
tail 8
chksum 0x2d
csum 0x2d
v8b899c12
~ld


7.04
 0h00:00.291 1970/01/01T08:00:00z: SPIFFS Active
 0h00:03.966 2025/01/03T07:42:22z: a4:e5:7c:26:24:d4
 0h00:03.967 2025/01/03T07:42:22z: SSID: NothingButSunshine
1 BSEC warning code : 100

1 BSEC warning code : 100

1 BSEC warning code : 100

1 BSEC warning code : 100

1 BSEC warning code : 100

 ets Jan  8 2013,rst cause:1, boot mode:(3,7)

load 0x4010f000, len 1384, room 16 
tail 8
chksum 0x2d
csum 0x2d
v8b899c12
~ld


7.04
 0h00:00.286 1970/01/01T08:00:00z: SPIFFS Active
 0h00:03.960 2025/01/03T08:02:04z: a4:e5:7c:26:24:d4
 0h00:03.962 2025/01/03T08:02:04z: SSID: NothingButSunshine
1 BSEC warning code : 100

1 BSEC warning code : 100

1 BSEC warning code : 100

1 BSEC warning code : 100

 ets Jan  8 2013,rst cause:1, boot mode:(3,7)

load 0x4010f000, len 1384, room 16 
tail 8
chksum 0x2d
csum 0x2d
v8b899c12
~ld


7.04
 0h00:00.287 1970/01/01T08:00:00z: SPIFFS Active
 0h00:03.962 2025/01/03T08:21:46z: a4:e5:7c:26:24:d4
 0h00:03.963 2025/01/03T08:21:46z: SSID: NothingButSunshine
1 BSEC warning code : 100

1 BSEC warning code : 100

1 BSEC warning code : 100

 ets Jan  8 2013,rst cause:1, boot mode:(3,7)

load 0x4010f000, len 1384, room 16 
tail 8
chksum 0x2d
csum 0x2d
v8b899c12
~ld


7.04
 0h00:00.283 1970/01/01T08:00:00z: SPIFFS Active
 0h00:03.958 2025/01/03T08:41:28z: a4:e5:7c:26:24:d4
 0h00:03.960 2025/01/03T08:41:28z: SSID: NothingButSunshine
1 BSEC warning code : 100

1 BSEC warning code : 100

1 BSEC warning code : 100

1 BSEC warning code : 100

 ets Jan  8 2013,rst cause:1, boot mode:(3,7)

load 0x4010f000, len 1384, room 16 
tail 8
chksum 0x2d
csum 0x2d
v8b899c12
~ld


7.04
 0h00:00.288 1970/01/01T08:00:00z: SPIFFS Active
 0h00:03.962 2025/01/03T09:01:10z: a4:e5:7c:26:24:d4
 0h00:03.964 2025/01/03T09:01:10z: SSID: NothingButSunshine
1 BSEC warning code : 100

1 BSEC warning code : 100

1 BSEC warning code : 100

 ets Jan  8 2013,rst cause:1, boot mode:(3,7)

load 0x4010f000, len 1384, room 16 
tail 8
chksum 0x2d
csum 0x2d
v8b899c12
~ld


7.04
 0h00:00.289 1970/01/01T08:00:00z: SPIFFS Active
 0h00:03.963 2025/01/03T09:20:52z: a4:e5:7c:26:24:d4
 0h00:03.965 2025/01/03T09:20:52z: SSID: NothingButSunshine
1 BSEC warning code : 100

1 BSEC warning code : 100

1 BSEC warning code : 100

1 BSEC warning code : 100

 ets Jan  8 2013,rst cause:1, boot mode:(3,7)

load 0x4010f000, len 1384, room 16 
tail 8
chksum 0x2d
csum 0x2d
v8b899c12
~ld


7.04
 0h00:00.289 1970/01/01T08:00:00z: SPIFFS Active
 0h00:03.963 2025/01/03T09:40:33z: a4:e5:7c:26:24:d4
 0h00:03.965 2025/01/03T09:40:33z: SSID: NothingButSunshine
1 BSEC warning code : 100

1 BSEC warning code : 100

1 BSEC warning code : 100

1 BSEC warning code : 100

 ets Jan  8 2013,rst cause:1, boot mode:(3,7)

load 0x4010f000, len 1384, room 16 
tail 8
chksum 0x2d
csum 0x2d
v8b899c12
~ld


7.04
 0h00:00.290 1970/01/01T08:00:00z: SPIFFS Active
 0h00:03.965 2025/01/03T10:00:15z: a4:e5:7c:26:24:d4
 0h00:03.966 2025/01/03T10:00:15z: SSID: NothingButSunshine
1 BSEC warning code : 100

1 BSEC warning code : 100

1 BSEC warning code : 100

1 BSEC warning code : 100

 ets Jan  8 2013,rst cause:1, boot mode:(3,7)

load 0x4010f000, len 1384, room 16 
tail 8
chksum 0x2d
csum 0x2d
v8b899c12
~ld


7.04
 0h00:00.289 1970/01/01T08:00:00z: SPIFFS Active
 0h00:03.964 2025/01/03T10:19:58z: a4:e5:7c:26:24:d4
 0h00:03.965 2025/01/03T10:19:58z: SSID: NothingButSunshine
1 BSEC warning code : 100

1 BSEC warning code : 100

 ets Jan  8 2013,rst cause:1, boot mode:(3,7)

load 0x4010f000, len 1384, room 16 
tail 8
chksum 0x2d
csum 0x2d
v8b899c12
~ld


7.04
 0h00:00.285 1970/01/01T08:00:00z: SPIFFS Active
 0h00:03.959 2025/01/03T10:39:39z: a4:e5:7c:26:24:d4
 0h00:03.961 2025/01/03T10:39:39z: SSID: NothingButSunshine
1 BSEC warning code : 100

1 BSEC warning code : 100

1 BSEC warning code : 100

1 BSEC warning code : 100

 ets Jan  8 2013,rst cause:1, boot mode:(3,7)

load 0x4010f000, len 1384, room 16 
tail 8
chksum 0x2d
csum 0x2d
v8b899c12
~ld


7.04
 0h00:00.286 1970/01/01T08:00:00z: SPIFFS Active
 0h00:03.961 2025/01/03T10:59:21z: a4:e5:7c:26:24:d4
 0h00:03.962 2025/01/03T10:59:21z: SSID: NothingButSunshine
1 BSEC warning code : 100

1 BSEC warning code : 100

1 BSEC warning code : 100

 ets Jan  8 2013,rst cause:1, boot mode:(3,7)

load 0x4010f000, len 1384, room 16 
tail 8
chksum 0x2d
csum 0x2d
v8b899c12
~ld


7.04
 0h00:00.277 1970/01/01T08:00:00z: SPIFFS Active
 0h00:03.950 2025/01/03T11:19:03z: a4:e5:7c:26:24:d4
 0h00:03.952 2025/01/03T11:19:03z: SSID: NothingButSunshine
1 BSEC warning code : 100

1 BSEC warning code : 100

 ets Jan  8 2013,rst cause:1, boot mode:(3,7)

load 0x4010f000, len 1384, room 16 
tail 8
chksum 0x2d
csum 0x2d
v8b899c12
~ld


7.04
 0h00:00.281 1970/01/01T08:00:00z: SPIFFS Active
 0h00:03.954 2025/01/03T11:38:44z: a4:e5:7c:26:24:d4
 0h00:03.956 2025/01/03T11:38:44z: SSID: NothingButSunshine
1 BSEC warning code : 100

1 BSEC warning code : 100

1 BSEC warning code : 100

1 BSEC warning code : 100

1 BSEC warning code : 100

 ets Jan  8 2013,rst cause:1, boot mode:(3,7)

load 0x4010f000, len 1384, room 16 
tail 8
chksum 0x2d
csum 0x2d
v8b899c12
~ld


7.04
 0h00:00.287 1970/01/01T08:00:00z: SPIFFS Active
 0h00:03.960 2025/01/03T11:58:26z: a4:e5:7c:26:24:d4
 0h00:03.961 2025/01/03T11:58:26z: SSID: NothingButSunshine
1 BSEC warning code : 100

1 BSEC warning code : 100

1 BSEC warning code : 100

1 BSEC warning code : 100

 ets Jan  8 2013,rst cause:1, boot mode:(3,7)

load 0x4010f000, len 1384, room 16 
tail 8
chksum 0x2d
csum 0x2d
v8b899c12
~ld


7.04
 0h00:00.284 1970/01/01T08:00:00z: SPIFFS Active
 0h00:03.957 2025/01/03T12:18:08z: a4:e5:7c:26:24:d4
 0h00:03.959 2025/01/03T12:18:08z: SSID: NothingButSunshine
1 BSEC warning code : 100

1 BSEC warning code : 100

1 BSEC warning code : 100

 ets Jan  8 2013,rst cause:1, boot mode:(3,7)

load 0x4010f000, len 1384, room 16 
tail 8
chksum 0x2d
csum 0x2d
v8b899c12
~ld


7.04
 0h00:00.290 1970/01/01T08:00:00z: SPIFFS Active
 0h00:03.962 2025/01/03T12:37:50z: a4:e5:7c:26:24:d4
 0h00:03.964 2025/01/03T12:37:50z: SSID: NothingButSunshine
1 BSEC warning code : 100

1 BSEC warning code : 100

 ets Jan  8 2013,rst cause:1, boot mode:(3,7)

load 0x4010f000, len 1384, room 16 
tail 8
chksum 0x2d
csum 0x2d
v8b899c12
~ld


7.04
 0h00:00.285 1970/01/01T08:00:00z: SPIFFS Active
 0h00:03.958 2025/01/03T12:57:32z: a4:e5:7c:26:24:d4
 0h00:03.959 2025/01/03T12:57:32z: SSID: NothingButSunshine
1 BSEC warning code : 100

1 BSEC warning code : 100

1 BSEC warning code : 100

1 BSEC warning code : 100

1 BSEC warning code : 100

 ets Jan  8 2013,rst cause:1, boot mode:(3,7)

load 0x4010f000, len 1384, room 16 
tail 8
chksum 0x2d
csum 0x2d
v8b899c12
~ld


7.04
 0h00:00.292 1970/01/01T08:00:00z: SPIFFS Active
 0h00:03.965 2025/01/03T13:17:13z: a4:e5:7c:26:24:d4
 0h00:03.966 2025/01/03T13:17:13z: SSID: NothingButSunshine
1 BSEC warning code : 100

1 BSEC warning code : 100

1 BSEC warning code : 100

1 BSEC warning code : 100

 ets Jan  8 2013,rst cause:1, boot mode:(3,7)

load 0x4010f000, len 1384, room 16 
tail 8
chksum 0x2d
csum 0x2d
v8b899c12
~ld


7.04
 0h00:00.291 1970/01/01T08:00:00z: SPIFFS Active
 0h00:03.964 2025/01/03T13:36:55z: a4:e5:7c:26:24:d4
 0h00:03.966 2025/01/03T13:36:55z: SSID: NothingButSunshine
1 BSEC warning code : 100

1 BSEC warning code : 100

1 BSEC warning code : 100

1 BSEC warning code : 100

 ets Jan  8 2013,rst cause:1, boot mode:(3,7)

load 0x4010f000, len 1384, room 16 
tail 8
chksum 0x2d
csum 0x2d
v8b899c12
~ld


7.04
 0h00:00.290 1970/01/01T08:00:00z: SPIFFS Active
 0h00:03.963 2025/01/03T13:56:37z: a4:e5:7c:26:24:d4
 0h00:03.965 2025/01/03T13:56:37z: SSID: NothingButSunshine
1 BSEC warning code : 100

1 BSEC warning code : 100

1 BSEC warning code : 100

 ets Jan  8 2013,rst cause:1, boot mode:(3,7)

load 0x4010f000, len 1384, room 16 
tail 8
chksum 0x2d
csum 0x2d
v8b899c12
~ld


7.04
 0h00:00.284 1970/01/01T08:00:00z: SPIFFS Active
 0h00:03.957 2025/01/03T14:16:20z: a4:e5:7c:26:24:d4
 0h00:03.959 2025/01/03T14:16:20z: SSID: NothingButSunshine
 0h00:11.834 2025/01/03T14:16:28z: PMSX003-A (871ms)
 0h00:13.308 2025/01/03T14:16:29z: PMSX003-B (1472ms)
 0h00:13.309 2025/01/03T14:16:29z: 3.0+RV3028+BME68X+PMSX003-A+PMSX003-B
 0h00:14.324 2025/01/03T14:16:30z: p:993.48 gasR:1505052.38 iaq:117.24(0) T:8.60(11.60) H:83.20(47.29) sIaq:180.02(0) Stabilization:1 Run in:0
 0h00:14.421 2025/01/03T14:16:30z: DATA A(2),47,83,42,993.48,0.04,26352,0,14,0,1,1,0,1,1,4,4,210,66,12,1,1,0,180.02
 0h00:15.256 2025/01/03T14:16:31z: DATA A(3),47,83,42,993.48,0.05,26352,0,15,0,1,1,0,1,1,4,4,210,66,12,1,1,0,180.02
 0h00:15.323 2025/01/03T14:16:31z: p:993.55 gasR:1501741.50 iaq:116.95(0) T:9.18(14.79) H:80.42(48.11) sIaq:179.46(0) Stabilization:1 Run in:0
 0h00:16.161 2025/01/03T14:16:32z: DATA A(4),48,80,42,993.55,0.05,26352,0,16,0,1,2,0,1,2,4,4,228,72,14,1,1,0,179.46
 0h00:16.323 2025/01/03T14:16:32z: p:993.53 gasR:1540718.50 iaq:116.37(0) T:9.98(15.58) H:76.05(48.33) sIaq:178.33(0) Stabilization:1 Run in:0
 0h00:16.995 2025/01/03T14:16:33z: DATA A(5),49,76,41,993.53,0.05,26352,0,16,0,1,2,0,1,2,4,4,228,72,14,1,1,0,178.33
 0h00:17.324 2025/01/03T14:16:33z: p:993.57 gasR:1539849.62 iaq:115.86(0) T:10.32(15.93) H:73.88(48.29) sIaq:177.34(0) Stabilization:1 Run in:0
 0h00:17.829 2025/01/03T14:16:33z: DATA A(6),50,73,41,993.57,0.05,26352,0,17,0,1,2,0,1,2,4,4,228,72,14,1,1,0,177.34
 0h00:18.324 2025/01/03T14:16:34z: p:993.56 gasR:1550340.62 iaq:115.32(0) T:10.52(16.12) H:72.42(48.13) sIaq:176.30(0) Stabilization:1 Run in:0
 0h00:19.324 2025/01/03T14:16:35z: p:993.58 gasR:1550340.62 iaq:114.84(0) T:10.65(16.25) H:71.28(47.91) sIaq:175.38(0) Stabilization:1 Run in:0
 0h00:20.145 2025/01/03T14:16:36z: DATA B(2),51,71,42,993.58,0.05,26352,0,20,0,0,0,0,0,0,0,0,162,50,6,0,0,0,175.38
 0h00:20.324 2025/01/03T14:16:36z: p:993.56 gasR:1544203.62 iaq:114.47(0) T:10.74(16.35) H:70.37(47.70) sIaq:174.66(0) Stabilization:1 Run in:0
 0h00:21.051 2025/01/03T14:16:37z: DATA B(3),51,70,41,993.56,0.05,26352,0,21,0,0,0,0,0,0,0,0,186,52,2,0,0,0,174.66
 0h00:21.324 2025/01/03T14:16:37z: p:993.56 gasR:1533795.12 iaq:114.23(0) T:10.83(16.43) H:69.55(47.49) sIaq:174.19(0) Stabilization:1 Run in:0
 0h00:21.887 2025/01/03T14:16:38z: DATA B(4),51,69,41,993.56,0.05,26352,0,21,0,0,0,0,0,0,0,0,186,52,2,0,0,0,174.19
 0h00:22.324 2025/01/03T14:16:38z: p:993.55 gasR:1539849.62 iaq:113.96(0) T:10.90(16.50) H:68.92(47.31) sIaq:173.68(0) Stabilization:1 Run in:0
 0h00:22.722 2025/01/03T14:16:38z: DATA B(5),51,68,41,993.55,0.05,26352,0,22,0,0,0,0,0,0,0,0,186,52,2,0,0,0,173.68
 0h00:23.324 2025/01/03T14:16:39z: p:993.57 gasR:1542459.00 iaq:113.71(0) T:10.96(16.57) H:68.29(47.12) sIaq:173.18(0) Stabilization:1 Run in:0
 0h00:24.324 2025/01/03T14:16:40z: p:993.56 gasR:1554754.25 iaq:113.38(0) T:11.01(16.61) H:67.83(46.95) sIaq:172.56(0) Stabilization:1 Run in:0
 0h00:24.715 2025/01/03T14:16:40z: DATA A(7),51,67,40,993.56,0.05,26352,0,24,0,1,1,0,1,1,4,4,216,64,13,1,1,0,172.56
 0h00:25.324 2025/01/03T14:16:41z: p:993.55 gasR:1550340.62 iaq:113.13(0) T:11.04(16.64) H:67.43(46.78) sIaq:172.08(0) Stabilization:1 Run in:0
 0h00:25.549 2025/01/03T14:16:41z: DATA A(8),51,67,40,993.55,0.05,26352,0,25,0,1,1,0,1,1,4,4,216,64,13,1,1,0,172.08
 0h00:26.324 2025/01/03T14:16:42z: p:993.55 gasR:1552985.75 iaq:112.89(0) T:11.07(16.68) H:67.06(46.63) sIaq:171.61(0) Stabilization:1 Run in:0
 0h00:26.454 2025/01/03T14:16:42z: DATA A(9),51,67,40,993.55,0.05,26352,0,26,0,0,0,0,0,0,0,0,204,60,8,0,0,0,171.61
 0h00:27.288 2025/01/03T14:16:43z: DATA A(10),51,67,40,993.55,0.05,26352,0,27,0,0,0,0,0,0,0,0,204,60,8,0,0,0,171.61
 0h00:27.323 2025/01/03T14:16:43z: p:993.55 gasR:1541588.25 iaq:112.77(0) T:11.11(16.72) H:66.70(46.50) sIaq:171.38(0) Stabilization:1 Run in:0
 0h00:28.123 2025/01/03T14:16:44z: DATA A(11),52,66,41,993.55,0.05,26352,0,28,0,0,0,0,0,0,0,0,204,60,8,0,0,0,171.38
 0h00:28.324 2025/01/03T14:16:44z: p:993.57 gasR:1553869.50 iaq:112.57(0) T:11.17(16.77) H:66.31(46.37) sIaq:170.98(0) Stabilization:1 Run in:0
 0h00:29.325 2025/01/03T14:16:45z: p:993.59 gasR:1550340.62 iaq:112.42(0) T:11.20(16.80) H:66.02(46.25) sIaq:170.69(0) Stabilization:1 Run in:0
 0h00:29.617 2025/01/03T14:16:45z: DATA B(6),52,66,41,993.59,0.05,26352,0,29,0,0,0,0,0,0,0,0,204,56,1,0,0,0,170.69
 0h00:30.325 2025/01/03T14:16:46z: p:993.56 gasR:1550340.62 iaq:112.28(0) T:11.23(16.83) H:65.82(46.15) sIaq:170.43(0) Stabilization:1 Run in:0
 0h00:30.452 2025/01/03T14:16:46z: DATA B(7),52,65,40,993.56,0.05,26352,0,30,0,0,0,0,0,0,0,0,204,56,1,0,0,0,170.43
 0h00:31.325 2025/01/03T14:16:47z: p:993.55 gasR:1557414.50 iaq:112.11(0) T:11.27(16.87) H:65.59(46.07) sIaq:170.09(0) Stabilization:1 Run in:0
 0h00:31.358 2025/01/03T14:16:47z: DATA B(8),52,65,40,993.55,0.05,26352,0,31,0,0,0,0,0,0,0,0,192,52,1,0,0,0,170.09
 0h00:32.194 2025/01/03T14:16:48z: DATA B(9),52,65,40,993.55,0.05,26352,0,32,0,0,0,0,0,0,0,0,192,52,1,0,0,0,170.09
 0h00:32.325 2025/01/03T14:16:48z: p:993.56 gasR:1555640.00 iaq:111.97(0) T:11.30(16.90) H:65.39(45.99) sIaq:169.82(0) Stabilization:1 Run in:0
 0h00:33.029 2025/01/03T14:16:49z: DATA B(10),52,65,40,993.56,0.05,26352,0,33,0,0,0,0,0,0,0,0,192,52,1,0,0,0,169.82
 0h00:33.325 2025/01/03T14:16:49z: p:993.55 gasR:1553869.50 iaq:111.86(0) T:11.34(16.94) H:65.21(45.93) sIaq:169.61(0) Stabilization:1 Run in:0
 0h00:34.325 2025/01/03T14:16:50z: p:993.55 gasR:1555640.00 iaq:111.75(0) T:11.37(16.97) H:65.08(45.88) sIaq:169.39(0) Stabilization:1 Run in:0
 0h00:35.008 2025/01/03T14:16:51z: DATA A(12),52,65,40,993.55,0.05,26352,0,35,0,0,0,0,0,0,0,0,168,48,6,0,0,0,169.39
 0h00:35.325 2025/01/03T14:16:51z: p:993.56 gasR:1579942.12 iaq:111.46(0) T:11.40(17.00) H:64.93(45.83) sIaq:168.83(0) Stabilization:1 Run in:0
 0h00:35.843 2025/01/03T14:16:52z: DATA A(13),52,64,40,993.56,0.05,26352,0,35,0,0,0,0,0,0,0,0,168,48,6,0,0,0,168.83
 0h00:36.325 2025/01/03T14:16:52z: p:993.57 gasR:1562762.25 iaq:111.34(0) T:11.43(17.03) H:64.85(45.79) sIaq:168.60(0) Stabilization:1 Run in:0
 0h00:36.747 2025/01/03T14:16:52z: DATA A(14),52,64,40,993.57,0.05,26352,0,36,0,0,0,0,0,0,0,0,174,50,8,0,0,0,168.60
 0h00:37.325 2025/01/03T14:16:53z: p:993.58 gasR:1557414.50 iaq:111.27(0) T:11.46(17.06) H:64.75(45.75) sIaq:168.47(0) Stabilization:1 Run in:0
 0h00:37.582 2025/01/03T14:16:53z: DATA A(15),52,64,40,993.58,0.05,26352,0,37,0,0,0,0,0,0,0,0,174,50,8,0,0,0,168.47
 0h00:38.325 2025/01/03T14:16:54z: p:993.59 gasR:1570853.25 iaq:111.11(0) T:11.48(17.08) H:64.68(45.72) sIaq:168.16(0) Stabilization:1 Run in:0
 0h00:38.416 2025/01/03T14:16:54z: DATA A(16),52,64,40,993.59,0.05,26352,0,38,0,0,0,0,0,0,0,0,174,50,8,0,0,0,168.16
 0h00:39.325 2025/01/03T14:16:55z: p:993.54 gasR:1569950.12 iaq:110.97(0) T:11.50(17.11) H:64.60(45.67) sIaq:167.89(0) Stabilization:1 Run in:0
 0h00:39.924 2025/01/03T14:16:56z: DATA B(11),52,64,40,993.54,0.05,26352,0,39,0,0,0,0,0,0,0,0,216,58,2,0,0,0,167.89
 0h00:40.325 2025/01/03T14:16:56z: p:993.54 gasR:1562762.25 iaq:110.90(0) T:11.52(17.12) H:64.55(45.63) sIaq:167.77(0) Stabilization:1 Run in:0
 0h00:40.759 2025/01/03T14:16:56z: DATA B(12),52,64,40,993.54,0.05,26352,0,40,0,0,0,0,0,0,0,0,216,58,2,0,0,0,167.77
 0h00:41.325 2025/01/03T14:16:57z: p:993.54 gasR:1560975.62 iaq:110.86(0) T:11.53(17.14) H:64.56(45.62) sIaq:167.68(0) Stabilization:1 Run in:0
 0h00:41.665 2025/01/03T14:16:57z: DATA B(13),52,64,40,993.54,0.05,26168,0,41,0,0,0,0,0,0,0,0,228,62,2,0,0,0,167.68
 0h00:42.325 2025/01/03T14:16:58z: p:993.55 gasR:1561868.50 iaq:110.82(0) T:11.55(17.15) H:64.53(45.58) sIaq:167.60(0) Stabilization:1 Run in:0
 0h00:42.501 2025/01/03T14:16:58z: DATA B(14),52,64,40,993.55,0.05,26352,0,42,0,0,0,0,0,0,0,0,228,62,2,0,0,0,167.60
 0h00:43.325 2025/01/03T14:16:59z: p:993.54 gasR:1568147.00 iaq:110.73(0) T:11.56(17.16) H:64.51(45.55) sIaq:167.42(0) Stabilization:1 Run in:0
 0h00:43.341 2025/01/03T14:16:59z: DATA B(15),52,64,40,993.54,0.05,26352,0,43,0,0,0,0,0,0,0,0,228,62,2,0,0,0,167.42
 0h00:44.325 2025/01/03T14:17:00z: p:993.53 gasR:1560975.62 iaq:110.70(0) T:11.58(17.18) H:64.45(45.51) sIaq:167.38(0) Stabilization:1 Run in:0
 0h00:45.301 2025/01/03T14:17:01z: DATA A(17),52,64,40,993.53,0.05,26352,0,45,0,0,0,0,0,0,0,0,174,48,5,0,0,0,167.38
 0h00:45.325 2025/01/03T14:17:01z: p:993.56 gasR:1568147.00 iaq:110.63(0) T:11.59(17.19) H:64.41(45.47) sIaq:167.23(0) Stabilization:1 Run in:0
 0h00:46.135 2025/01/03T14:17:02z: DATA A(18),52,64,40,993.56,0.05,26352,0,46,0,0,0,0,0,0,0,0,174,48,5,0,0,0,167.23
 0h00:46.325 2025/01/03T14:17:02z: p:993.56 gasR:1573569.00 iaq:110.52(0) T:11.61(17.21) H:64.39(45.46) sIaq:167.02(0) Stabilization:1 Run in:0
 0h00:47.040 2025/01/03T14:17:03z: DATA A(19),52,64,40,993.56,0.05,26352,0,47,0,0,0,0,0,0,0,0,180,50,5,0,0,0,167.02
 0h00:47.325 2025/01/03T14:17:03z: p:993.56 gasR:1575384.62 iaq:110.40(0) T:11.62(17.23) H:64.35(45.42) sIaq:166.80(0) Stabilization:1 Run in:0
 0h00:47.874 2025/01/03T14:17:04z: DATA A(20),52,64,40,993.56,0.05,26352,0,47,0,0,0,0,0,0,0,0,180,50,5,0,0,0,166.80
 0h00:48.325 2025/01/03T14:17:04z: p:993.56 gasR:1577204.50 iaq:110.29(0) T:11.63(17.23) H:64.32(45.37) sIaq:166.58(0) Stabilization:1 Run in:0
 0h00:48.709 2025/01/03T14:17:04z: DATA A(21),52,64,40,993.56,0.05,26352,0,48,0,0,0,0,0,0,0,0,180,50,5,0,0,0,166.58
 0h00:49.325 2025/01/03T14:17:05z: p:993.57 gasR:1576294.00 iaq:110.20(0) T:11.63(17.24) H:64.31(45.34) sIaq:166.40(0) Stabilization:1 Run in:0
 0h00:50.231 2025/01/03T14:17:06z: DATA B(16),52,64,40,993.57,0.05,26352,0,50,0,0,0,0,0,0,0,0,210,58,2,0,0,0,166.40
 0h00:50.325 2025/01/03T14:17:06z: p:993.58 gasR:1576294.00 iaq:110.12(0) T:11.65(17.25) H:64.30(45.31) sIaq:166.25(0) Stabilization:1 Run in:0
 0h00:51.066 2025/01/03T14:17:07z: DATA B(17),52,64,40,993.58,0.05,26352,0,51,0,0,0,0,0,0,0,0,210,58,2,0,0,0,166.25
 0h00:51.325 2025/01/03T14:17:07z: p:993.58 gasR:1571757.50 iaq:110.08(0) T:11.65(17.25) H:64.28(45.26) sIaq:166.18(0) Stabilization:1 Run in:0
 0h00:51.972 2025/01/03T14:17:08z: DATA B(18),52,64,40,993.58,0.05,26352,0,51,0,0,0,0,0,0,0,0,222,62,2,0,0,0,166.18
 0h00:52.325 2025/01/03T14:17:08z: p:993.59 gasR:1579028.50 iaq:109.99(0) T:11.66(17.26) H:64.25(45.23) sIaq:166.00(0) Stabilization:1 Run in:0
 0h00:52.807 2025/01/03T14:17:08z: DATA B(19),52,64,40,993.59,0.05,26352,0,52,0,0,0,0,0,0,0,0,222,62,2,0,0,0,166.00
 0h00:53.326 2025/01/03T14:17:09z: p:993.58 gasR:1579028.50 iaq:109.92(0) T:11.66(17.25) H:64.21(45.17) sIaq:165.86(0) Stabilization:1 Run in:0
 0h00:53.643 2025/01/03T14:17:09z: DATA B(20),52,64,40,993.58,0.05,26352,0,53,0,0,0,0,0,0,0,0,222,62,2,0,0,0,165.86
 0h00:54.326 2025/01/03T14:17:10z: p:993.58 gasR:1586367.12 iaq:109.79(0) T:11.65(17.25) H:64.23(45.12) sIaq:165.61(0) Stabilization:1 Run in:0
 0h00:55.326 2025/01/03T14:17:11z: p:993.56 gasR:1579028.50 iaq:109.74(0) T:11.66(17.26) H:64.16(45.08) sIaq:165.51(0) Stabilization:1 Run in:0
 0h00:55.594 2025/01/03T14:17:11z: DATA A(22),52,64,40,993.56,0.05,26352,0,55,0,1,1,0,1,1,4,4,216,58,6,0,0,0,165.51
 0h00:56.326 2025/01/03T14:17:12z: p:993.57 gasR:1577204.50 iaq:109.71(0) T:11.68(17.28) H:64.08(45.05) sIaq:165.45(0) Stabilization:1 Run in:0
 0h00:56.428 2025/01/03T14:17:12z: DATA A(23),53,64,41,993.57,0.05,26352,0,56,0,1,1,0,1,1,4,4,216,58,6,0,0,0,165.45
 0h00:57.326 2025/01/03T14:17:13z: p:993.57 gasR:1583607.25 iaq:109.63(0) T:11.69(17.29) H:64.03(45.01) sIaq:165.30(0) Stabilization:1 Run in:0
 0h00:57.342 2025/01/03T14:17:13z: DATA A(24),53,64,41,993.57,0.05,26352,0,57,0,0,0,0,0,0,0,0,210,56,5,0,0,0,165.30
 0h00:58.167 2025/01/03T14:17:14z: DATA A(25),53,64,41,993.57,0.05,26352,0,58,0,0,0,0,0,0,0,0,210,56,5,0,0,0,165.30
 0h00:58.326 2025/01/03T14:17:14z: p:993.58 gasR:1575384.62 iaq:109.62(0) T:11.71(17.31) H:63.97(44.99) sIaq:165.29(0) Stabilization:1 Run in:0
 0h00:59.001 2025/01/03T14:17:15z: DATA A(26),53,63,41,993.58,0.05,26352,0,59,0,0,0,0,0,0,0,0,210,56,5,0,0,0,165.29
 0h00:59.325 2025/01/03T14:17:15z: p:993.58 gasR:1591916.00 iaq:109.49(0) T:11.73(17.33) H:63.95(44.99) sIaq:165.03(0) Stabilization:1 Run in:0
 0h01:00.325 2025/01/03T14:17:16z: p:993.58 gasR:1589136.75 iaq:109.39(0) T:11.74(17.35) H:63.91(44.97) sIaq:164.84(0) Stabilization:1 Run in:0
 0h01:00.537 2025/01/03T14:17:16z: DATA B(21),53,63,41,993.58,0.05,26352,0,60,0,0,0,0,0,0,0,0,228,66,5,0,0,0,164.84
 0h01:01.326 2025/01/03T14:17:17z: p:993.55 gasR:1577204.50 iaq:109.40(0) T:11.76(17.36) H:63.87(44.95) sIaq:164.86(0) Stabilization:1 Run in:0
 0h01:01.372 2025/01/03T14:17:17z: DATA B(22),53,63,41,993.55,0.05,26352,0,61,0,0,0,0,0,0,0,0,228,66,5,0,0,0,164.86
 0h01:02.278 2025/01/03T14:17:18z: DATA B(23),53,63,41,993.55,0.05,26352,0,62,0,0,0,0,0,0,0,0,204,59,4,0,0,0,164.86
 0h01:02.325 2025/01/03T14:17:18z: p:993.53 gasR:1578116.00 iaq:109.40(0) T:11.78(17.38) H:63.86(44.97) sIaq:164.86(0) Stabilization:1 Run in:0
 0h01:03.113 2025/01/03T14:17:19z: DATA B(24),53,63,41,993.53,0.05,26352,0,63,0,0,0,0,0,0,0,0,204,59,4,0,0,0,164.86
 0h01:03.325 2025/01/03T14:17:19z: p:993.55 gasR:1578116.00 iaq:109.40(0) T:11.80(17.40) H:63.82(44.94) sIaq:164.86(0) Stabilization:1 Run in:0
 0h01:03.948 2025/01/03T14:17:20z: DATA B(25),53,63,41,993.55,0.05,26352,0,63,0,0,0,0,0,0,0,0,204,59,4,0,0,0,164.86
 0h01:04.326 2025/01/03T14:17:20z: p:993.56 gasR:1577204.50 iaq:109.41(0) T:11.80(17.40) H:63.90(44.98) sIaq:164.87(0) Stabilization:1 Run in:0
 0h01:05.326 2025/01/03T14:17:21z: p:993.59 gasR:1579028.50 iaq:109.40(0) T:11.80(17.40) H:63.95(44.97) sIaq:164.85(0) Stabilization:1 Run in:0
 0h01:05.886 2025/01/03T14:17:22z: DATA A(27),53,63,41,993.59,0.05,26352,0,65,0,0,0,0,0,0,0,0,192,54,1,0,0,0,164.85
 0h01:06.325 2025/01/03T14:17:22z: p:993.59 gasR:1583607.25 iaq:109.35(0) T:11.81(17.41) H:63.96(44.97) sIaq:164.77(0) Stabilization:1 Run in:0
 0h01:06.720 2025/01/03T14:17:22z: DATA A(28),53,63,41,993.59,0.05,26352,0,66,0,0,0,0,0,0,0,0,192,54,1,0,0,0,164.77
 0h01:07.326 2025/01/03T14:17:23z: p:993.57 gasR:1587289.25 iaq:109.29(0) T:11.81(17.41) H:63.98(44.96) sIaq:164.64(0) Stabilization:1 Run in:0
 0h01:07.625 2025/01/03T14:17:23z: DATA A(29),53,63,41,993.57,0.05,26352,0,67,0,0,0,0,0,0,0,0,198,58,1,0,0,0,164.64
 0h01:08.326 2025/01/03T14:17:24z: p:993.58 gasR:1585446.12 iaq:109.24(0) T:11.80(17.41) H:63.99(44.92) sIaq:164.55(0) Stabilization:1 Run in:0
 0h01:08.459 2025/01/03T14:17:24z: DATA A(30),53,63,41,993.58,0.05,26352,0,68,0,0,0,0,0,0,0,0,198,58,1,0,0,0,164.55
 0h01:09.293 2025/01/03T14:17:25z: DATA A(31),53,63,41,993.58,0.05,26352,0,69,0,0,0,0,0,0,0,0,198,58,1,0,0,0,164.55
 0h01:09.326 2025/01/03T14:17:25z: p:993.56 gasR:1582689.38 iaq:109.22(0) T:11.81(17.41) H:63.99(44.90) sIaq:164.52(0) Stabilization:1 Run in:0
 0h01:10.326 2025/01/03T14:17:26z: p:993.56 gasR:1582689.38 iaq:109.21(0) T:11.81(17.41) H:64.01(44.89) sIaq:164.49(0) Stabilization:1 Run in:0
 0h01:10.843 2025/01/03T14:17:27z: DATA B(26),53,64,41,993.56,0.05,26352,0,70,0,1,1,0,1,1,4,4,216,63,5,1,0,0,164.49
 0h01:11.326 2025/01/03T14:17:27z: p:993.56 gasR:1579028.50 iaq:109.22(0) T:11.81(17.42) H:63.99(44.87) sIaq:164.52(0) Stabilization:1 Run in:0
 0h01:11.678 2025/01/03T14:17:27z: DATA B(27),53,63,41,993.56,0.05,26352,0,71,0,1,1,0,1,1,4,4,216,63,5,1,0,0,164.52
 0h01:12.326 2025/01/03T14:17:28z: p:993.55 gasR:1587289.25 iaq:109.17(0) T:11.81(17.42) H:64.00(44.86) sIaq:164.42(0) Stabilization:1 Run in:0
 0h01:12.584 2025/01/03T14:17:28z: DATA B(28),53,63,41,993.55,0.05,26352,0,72,0,1,1,0,1,1,4,4,216,63,6,1,0,0,164.42
 0h01:13.326 2025/01/03T14:17:29z: p:993.55 gasR:1581772.50 iaq:109.17(0) T:11.81(17.42) H:64.02(44.85) sIaq:164.41(0) Stabilization:1 Run in:0
 0h01:13.420 2025/01/03T14:17:29z: DATA B(29),53,64,41,993.55,0.05,26352,0,73,0,1,1,0,1,1,4,4,216,63,6,1,0,0,164.41
 0h01:14.255 2025/01/03T14:17:30z: DATA B(30),53,64,41,993.55,0.05,26352,0,74,0,1,1,0,1,1,4,4,216,63,6,1,0,0,164.41
 0h01:14.325 2025/01/03T14:17:30z: p:993.54 gasR:1591916.00 iaq:109.09(0) T:11.82(17.42) H:64.02(44.84) sIaq:164.26(0) Stabilization:1 Run in:0
 0h01:15.326 2025/01/03T14:17:31z: p:993.57 gasR:1579028.50 iaq:109.12(0) T:11.83(17.43) H:63.96(44.82) sIaq:164.32(0) Stabilization:1 Run in:0
 0h01:16.179 2025/01/03T14:17:32z: DATA A(32),53,63,41,993.57,0.05,26352,0,76,0,1,1,0,1,1,4,4,216,62,5,1,0,0,164.32
 0h01:16.326 2025/01/03T14:17:32z: p:993.56 gasR:1601251.00 iaq:108.97(0) T:11.83(17.43) H:63.99(44.82) sIaq:164.03(0) Stabilization:1 Run in:0
 0h01:17.013 2025/01/03T14:17:33z: DATA A(33),53,63,41,993.56,0.05,26352,0,77,0,1,1,0,1,1,4,4,216,62,5,1,0,0,164.03
 0h01:17.325 2025/01/03T14:17:33z: p:993.55 gasR:1583607.25 iaq:108.98(0) T:11.84(17.44) H:63.98(44.82) sIaq:164.05(0) Stabilization:1 Run in:0
 0h01:17.918 2025/01/03T14:17:34z: DATA A(34),53,63,41,993.55,0.05,26352,0,77,0,1,1,0,1,1,4,4,192,56,4,1,0,0,164.05
 0h01:18.326 2025/01/03T14:17:34z: p:993.56 gasR:1601251.00 iaq:108.85(0) T:11.85(17.45) H:63.98(44.82) sIaq:163.79(0) Stabilization:1 Run in:0
 0h01:18.752 2025/01/03T14:17:34z: DATA A(35),53,63,41,993.56,0.05,26168,0,78,0,1,1,0,1,1,4,4,192,56,4,1,0,0,163.79
 0h01:19.326 2025/01/03T14:17:35z: p:993.55 gasR:1597503.88 iaq:108.76(0) T:11.84(17.44) H:63.99(44.79) sIaq:163.63(0) Stabilization:1 Run in:0
 0h01:19.586 2025/01/03T14:17:35z: DATA A(36),53,63,41,993.55,0.05,26352,0,79,0,1,1,0,1,1,4,4,192,56,4,1,0,0,163.63
 0h01:20.325 2025/01/03T14:17:36z: p:993.57 gasR:1613551.25 iaq:108.57(0) T:11.84(17.44) H:63.99(44.78) sIaq:163.24(0) Stabilization:1 Run in:0
 0h01:21.149 2025/01/03T14:17:37z: DATA B(31),53,63,41,993.57,0.05,26352,0,81,0,1,1,0,1,1,4,4,186,55,5,2,0,0,163.24
 0h01:21.326 2025/01/03T14:17:37z: p:993.54 gasR:1580856.75 iaq:108.64(0) T:11.84(17.44) H:64.01(44.78) sIaq:163.39(0) Stabilization:1 Run in:0
 0h01:21.985 2025/01/03T14:17:38z: DATA B(32),53,64,41,993.54,0.05,26352,0,81,0,1,1,0,1,1,4,4,186,55,5,2,0,0,163.39
 0h01:22.326 2025/01/03T14:17:38z: p:993.54 gasR:1595636.88 iaq:108.60(0) T:11.85(17.46) H:63.95(44.76) sIaq:163.30(0) Stabilization:1 Run in:0
 0h01:22.891 2025/01/03T14:17:39z: DATA B(33),53,63,41,993.54,0.05,26352,0,82,0,0,1,0,0,1,0,0,174,49,4,2,0,0,163.30
 0h01:23.326 2025/01/03T14:17:39z: p:993.54 gasR:1591916.00 iaq:108.58(0) T:11.87(17.47) H:63.89(44.74) sIaq:163.28(0) Stabilization:1 Run in:0
 0h01:23.726 2025/01/03T14:17:39z: DATA B(34),53,63,41,993.54,0.05,26352,0,83,0,0,1,0,0,1,0,0,174,49,4,2,0,0,163.28
 0h01:24.326 2025/01/03T14:17:40z: p:993.55 gasR:1596569.88 iaq:108.54(0) T:11.87(17.47) H:63.91(44.74) sIaq:163.19(0) Stabilization:1 Run in:0
 0h01:24.561 2025/01/03T14:17:40z: DATA B(35),53,63,41,993.55,0.05,26352,0,84,0,0,1,0,0,1,0,0,174,49,4,2,0,0,163.19
 0h01:25.326 2025/01/03T14:17:41z: p:993.54 gasR:1592844.62 iaq:108.52(0) T:11.87(17.47) H:63.91(44.73) sIaq:163.16(0) Stabilization:1 Run in:0
 0h01:26.326 2025/01/03T14:17:42z: p:993.56 gasR:1592844.62 iaq:108.51(0) T:11.89(17.49) H:63.84(44.71) sIaq:163.14(0) Stabilization:1 Run in:0
 0h01:26.472 2025/01/03T14:17:42z: DATA A(37),53,63,41,993.56,0.05,26352,0,86,0,1,1,0,1,1,4,4,195,57,5,1,0,0,163.14
 0h01:27.306 2025/01/03T14:17:43z: DATA A(38),53,63,41,993.56,0.05,26040,0,87,0,1,1,0,1,1,4,4,195,57,5,1,0,0,163.14
 0h01:27.328 2025/01/03T14:17:43z: p:993.53 gasR:1595636.88 iaq:108.48(0) T:11.90(17.49) H:63.81(44.69) sIaq:163.08(0) Stabilization:1 Run in:0
 0h01:28.211 2025/01/03T14:17:44z: DATA A(39),53,63,41,993.53,0.05,26352,0,88,0,1,1,0,1,1,4,4,213,63,5,1,0,0,163.08
 0h01:28.327 2025/01/03T14:17:44z: p:993.54 gasR:1602190.50 iaq:108.40(0) T:11.88(17.48) H:63.89(44.69) sIaq:162.93(0) Stabilization:1 Run in:0
 0h01:29.045 2025/01/03T14:17:45z: DATA A(40),53,63,41,993.54,0.05,26352,0,89,0,1,1,0,1,1,4,4,213,63,5,1,0,0,162.93
 0h01:29.327 2025/01/03T14:17:45z: p:993.54 gasR:1585446.12 iaq:108.46(0) T:11.90(17.50) H:63.83(44.69) sIaq:163.05(0) Stabilization:1 Run in:0
 0h01:29.880 2025/01/03T14:17:46z: DATA A(41),53,63,41,993.54,0.05,26352,0,89,0,1,1,0,1,1,4,4,213,63,5,1,0,0,163.05
 0h01:30.327 2025/01/03T14:17:46z: p:993.57 gasR:1584526.12 iaq:108.52(0) T:11.92(17.52) H:63.77(44.67) sIaq:163.16(0) Stabilization:1 Run in:0
 0h01:31.326 2025/01/03T14:17:47z: p:993.54 gasR:1598439.00 iaq:108.47(0) T:11.92(17.52) H:63.81(44.69) sIaq:163.06(0) Stabilization:1 Run in:0
 0h01:31.455 2025/01/03T14:17:47z: DATA B(36),53,63,41,993.54,0.05,26352,0,91,0,0,1,0,0,1,0,0,168,46,3,2,0,0,163.06
 0h01:32.291 2025/01/03T14:17:48z: DATA B(37),53,63,41,993.54,0.05,26352,0,92,0,0,1,0,0,1,0,0,168,46,3,2,0,0,163.06
 0h01:32.326 2025/01/03T14:17:48z: p:993.56 gasR:1598439.00 iaq:108.42(0) T:11.93(17.53) H:63.76(44.66) sIaq:162.97(0) Stabilization:1 Run in:0
 0h01:33.196 2025/01/03T14:17:49z: DATA B(38),53,63,41,993.56,0.05,26352,0,93,0,0,0,0,0,0,0,0,150,40,2,1,0,0,162.97
 0h01:33.327 2025/01/03T14:17:49z: p:993.56 gasR:1590062.12 iaq:108.44(0) T:11.93(17.53) H:63.79(44.67) sIaq:163.01(0) Stabilization:1 Run in:0
 0h01:34.032 2025/01/03T14:17:50z: DATA B(39),53,63,41,993.56,0.05,26352,0,94,0,0,0,0,0,0,0,0,150,40,2,1,0,0,163.01
 0h01:34.327 2025/01/03T14:17:50z: p:993.56 gasR:1591916.00 iaq:108.45(0) T:11.93(17.53) H:63.80(44.66) sIaq:163.02(0) Stabilization:1 Run in:0
 0h01:34.867 2025/01/03T14:17:51z: DATA B(40),53,63,41,993.56,0.05,26352,0,94,0,0,0,0,0,0,0,0,150,40,2,1,0,0,163.02
 0h01:35.327 2025/01/03T14:17:51z: p:993.55 gasR:1595636.88 iaq:108.43(0) T:11.94(17.54) H:63.76(44.65) sIaq:162.97(0) Stabilization:1 Run in:0
 0h01:36.326 2025/01/03T14:17:52z: p:993.58 gasR:1591916.00 iaq:108.43(0) T:11.94(17.55) H:63.76(44.65) sIaq:162.99(0) Stabilization:1 Run in:0
 0h01:36.766 2025/01/03T14:17:52z: DATA A(42),53,63,41,993.58,0.05,26352,0,96,1,1,1,1,1,1,4,4,237,73,4,1,0,0,162.99
 0h01:37.327 2025/01/03T14:17:53z: p:993.57 gasR:1595636.88 iaq:108.41(0) T:11.93(17.54) H:63.82(44.65) sIaq:162.94(0) Stabilization:1 Run in:0
 0h01:37.600 2025/01/03T14:17:53z: DATA A(43),53,63,41,993.57,0.05,26352,0,97,1,1,1,1,1,1,4,4,237,73,4,1,0,0,162.94
 0h01:38.326 2025/01/03T14:17:54z: p:993.57 gasR:1598439.00 iaq:108.37(0) T:11.93(17.53) H:63.88(44.65) sIaq:162.87(0) Stabilization:1 Run in:0
 0h01:38.505 2025/01/03T14:17:54z: DATA A(44),53,63,41,993.57,0.05,26352,0,98,0,0,0,0,0,0,0,0,219,69,3,0,0,0,162.87
 0h01:39.327 2025/01/03T14:17:55z: p:993.57 gasR:1596569.88 iaq:108.35(0) T:11.91(17.51) H:63.93(44.64) sIaq:162.82(0) Stabilization:1 Run in:0
 0h01:39.344 2025/01/03T14:17:55z: DATA A(45),53,63,41,993.57,0.05,26352,0,99,0,0,0,0,0,0,0,0,219,69,3,0,0,0,162.82
 0h01:40.327 2025/01/03T14:17:56z: p:993.57 gasR:1594705.12 iaq:108.34(0) T:11.90(17.50) H:63.99(44.64) sIaq:162.82(0) Stabilization:1 Run in:0
 0h01:41.327 2025/01/03T14:17:57z: p:993.57 gasR:1602190.50 iaq:108.28(0) T:11.90(17.50) H:63.99(44.64) sIaq:162.70(0) Stabilization:1 Run in:0
 0h01:41.762 2025/01/03T14:17:57z: DATA B(41),53,63,41,993.57,0.05,26352,0,101,0,0,1,0,0,1,0,0,186,52,4,2,0,0,162.70
 0h01:42.327 2025/01/03T14:17:58z: p:993.58 gasR:1599375.25 iaq:108.25(0) T:11.89(17.49) H:64.02(44.63) sIaq:162.63(0) Stabilization:1 Run in:0
 0h01:42.597 2025/01/03T14:17:58z: DATA B(42),53,64,41,993.58,0.05,26352,0,102,0,0,1,0,0,1,0,0,186,52,4,2,0,0,162.63
{"SensorId":"a4:e5:7c:26:24:d4","DateTime":"2025/01/03T14:17:59z","Geo":"PurpleAir-24d4","Mem":26352,"memfrag":2,"memfb":25968,"memcs":800,"Id":1,"lat":0.000000,"lon":0.000000,"Adc":"nan","loggingrate":15,"place":"outside","version":"7.04","uptime":103,"rssi":0,"period":103,"httpsuccess":0,"httpsends":0,"hardwareversion":"3.0","hardwarediscovered":"3.0+RV3028+BME68X+PMSX003-A+PMSX003-B","current_temp_f":53,"current_humidity":64,"current_dewpoint_f":41,"pressure":993.58,"current_temp_f_680":53,"current_humidity_680":64,"current_dewpoint_f_680":41,"pressure_680":993.58,"gas_680":"nan","p25aqic_b":"rgb(0,228,0)","pm2.5_aqi_b":1,"pm1_0_cf_1_b":0.00,"p_0_3_um_b":197.57,"pm2_5_cf_1_b":0.19,"p_0_5_um_b":55.50,"pm10_0_cf_1_b":0.36,"p_1_0_um_b":3.21,"pm1_0_atm_b":0.00,"p_2_5_um_b":0.62,"pm2_5_atm_b":0.19,"p_5_0_um_b":0.00,"pm10_0_atm_b":0.36,"p_10_0_um_b":0.00,"p25aqic":"rgb(0,228,0)","pm2.5_aqi":2,"pm1_0_cf_1":0.04,"p_0_3_um":201.67,"pm2_5_cf_1":0.49,"p_0_5_um":58.96,"pm10_0_cf_1":0.56,"p_1_0_um":6.27,"pm1_0_atm":0.04,"p_2_5_um":0.44,"pm2_5_atm":0.49,"p_5_0_um":0.18,"pm10_0_atm":0.56,"p_10_0_um":0.00,"wlstate":"No SSID","status_0":0,"status_1":0,"status_2":0,"status_3":0,"status_4":2,"status_5":2,"status_7":0,"status_8":2,"status_9":2}
 0h01:43.448 2025/01/03T14:17:59z: update.purpleair.com:80/firmware/2mb/update.asp
 0h01:43.455 2025/01/03T14:17:59z: Error: -1
1 BSEC warning code : 100

UTCDateTime,mac_address,firmware_ver,hardware,current_temp_f,current_humidity,current_dewpoint_f,pressure,adc,mem,rssi,uptime,pm1_0_cf_1,pm2_5_cf_1,pm10_0_cf_1,pm1_0_atm,pm2_5_atm,pm10_0_atm,pm2.5_aqi_cf_1,pm2.5_aqi_atm,p_0_3_um,p_0_5_um,p_1_0_um,p_2_5_um,p_5_0_um,p_10_0_um,pm1_0_cf_1_b,pm2_5_cf_1_b,pm10_0_cf_1_b,pm1_0_atm_b,pm2_5_atm_b,pm10_0_atm_b,pm2.5_aqi_cf_1_b,pm2.5_aqi_atm_b,p_0_3_um_b,p_0_5_um_b,p_1_0_um_b,p_2_5_um_b,p_5_0_um_b,p_10_0_um_b,gas
2025/01/03T14:17:59z,a4:e5:7c:26:24:d4,7.04,3.0+RV3028+BME68X+PMSX003-A+PMSX003-B,53,64,41,993.58,nan,26352,0,103,0.04,0.49,0.56,0.04,0.49,0.56,2,2,201.67,58.96,6.27,0.44,0.18,0.00,0.00,0.19,0.36,0.00,0.19,0.36,1,1,197.57,55.50,3.21,0.62,0.00,0.00,nan
1 BSEC warning code : 100

1 BSEC warning code : 100

1 BSEC warning code : 100

 ets Jan  8 2013,rst cause:1, boot mode:(3,7)

load 0x4010f000, len 1384, room 16 
tail 8
chksum 0x2d
csum 0x2d
v8b899c12
~ld


7.04
 0h00:00.274 1970/01/01T08:00:00z: SPIFFS Active
 0h00:03.947 2025/01/03T14:55:45z: a4:e5:7c:26:24:d4
 0h00:03.948 2025/01/03T14:55:45z: SSID: NothingButSunshine
1 BSEC warning code : 100

1 BSEC warning code : 100

1 BSEC warning code : 100

1 BSEC warning code : 100

 ets Jan  8 2013,rst cause:1, boot mode:(3,7)

load 0x4010f000, len 1384, room 16 
tail 8
chksum 0x2d
csum 0x2d
v8b899c12
~ld


7.04
 0h00:00.285 1970/01/01T08:00:00z: SPIFFS Active
 0h00:03.958 2025/01/03T15:15:27z: a4:e5:7c:26:24:d4
 0h00:03.959 2025/01/03T15:15:27z: SSID: NothingButSunshine
1 BSEC warning code : 100

1 BSEC warning code : 100

1 BSEC warning code : 100

 ets Jan  8 2013,rst cause:1, boot mode:(3,7)

load 0x4010f000, len 1384, room 16 
tail 8
chksum 0x2d
csum 0x2d
v8b899c12
~ld


7.04
 0h00:00.292 1970/01/01T08:00:00z: SPIFFS Active
 0h00:03.965 2025/01/03T15:35:08z: a4:e5:7c:26:24:d4
 0h00:03.967 2025/01/03T15:35:08z: SSID: NothingButSunshine
1 BSEC warning code : 100

1 BSEC warning code : 100

1 BSEC warning code : 100

1 BSEC warning code : 100

 ets Jan  8 2013,rst cause:1, boot mode:(3,7)

load 0x4010f000, len 1384, room 16 
tail 8
chksum 0x2d
csum 0x2d
v8b899c12
~ld


7.04
 0h00:00.289 1970/01/01T08:00:00z: SPIFFS Active
 0h00:03.962 2025/01/03T15:54:50z: a4:e5:7c:26:24:d4
 0h00:03.964 2025/01/03T15:54:50z: SSID: NothingButSunshine
1 BSEC warning code : 100

1 BSEC warning code : 100

1 BSEC warning code : 100

1 BSEC warning code : 100

 ets Jan  8 2013,rst cause:1, boot mode:(3,7)

load 0x4010f000, len 1384, room 16 
tail 8
chksum 0x2d
csum 0x2d
v8b899c12
~ld


7.04
 0h00:00.288 1970/01/01T08:00:00z: SPIFFS Active
 0h00:03.961 2025/01/03T16:14:32z: a4:e5:7c:26:24:d4
 0h00:03.963 2025/01/03T16:14:32z: SSID: NothingButSunshine
1 BSEC warning code : 100

1 BSEC warning code : 100

 ets Jan  8 2013,rst cause:1, boot mode:(3,7)

load 0x4010f000, len 1384, room 16 
tail 8
chksum 0x2d
csum 0x2d
v8b899c12
~ld


7.04
 0h00:00.284 1970/01/01T08:00:00z: SPIFFS Active
 0h00:03.958 2025/01/03T16:34:14z: a4:e5:7c:26:24:d4
 0h00:03.959 2025/01/03T16:34:14z: SSID: NothingButSunshine
1 BSEC warning code : 100

1 BSEC warning code : 100

1 BSEC warning code : 100

 ets Jan  8 2013,rst cause:1, boot mode:(3,7)

load 0x4010f000, len 1384, room 16 
tail 8
chksum 0x2d
csum 0x2d
v8b899c12
~ld


7.04
 0h00:00.288 1970/01/01T08:00:00z: SPIFFS Active
 0h00:03.961 2025/01/03T16:53:56z: a4:e5:7c:26:24:d4
 0h00:03.963 2025/01/03T16:53:56z: SSID: NothingButSunshine
1 BSEC warning code : 100

1 BSEC warning code : 100

 ets Jan  8 2013,rst cause:1, boot mode:(3,7)

load 0x4010f000, len 1384, room 16 
tail 8
chksum 0x2d
csum 0x2d
v8b899c12
~ld


7.04
 0h00:00.291 1970/01/01T08:00:00z: SPIFFS Active
 0h00:03.965 2025/01/03T17:13:38z: a4:e5:7c:26:24:d4
 0h00:03.966 2025/01/03T17:13:38z: SSID: NothingButSunshine
1 BSEC warning code : 100

1 BSEC warning code : 100

1 BSEC warning code : 100

1 BSEC warning code : 100

 ets Jan  8 2013,rst cause:1, boot mode:(3,7)

load 0x4010f000, len 1384, room 16 
tail 8
chksum 0x2d
csum 0x2d
v8b899c12
~ld


7.04
 0h00:00.290 1970/01/01T08:00:00z: SPIFFS Active
 0h00:03.964 2025/01/03T17:33:20z: a4:e5:7c:26:24:d4
 0h00:03.965 2025/01/03T17:33:20z: SSID: NothingButSunshine
1 BSEC warning code : 100

1 BSEC warning code : 100

1 BSEC warning code : 100

1 BSEC warning code : 100

 ets Jan  8 2013,rst cause:1, boot mode:(3,7)

load 0x4010f000, len 1384, room 16 
tail 8
chksum 0x2d
csum 0x2d
v8b899c12
~ld


7.04
 0h00:00.284 1970/01/01T08:00:00z: SPIFFS Active
 0h00:03.958 2025/01/03T17:53:02z: a4:e5:7c:26:24:d4
 0h00:03.959 2025/01/03T17:53:02z: SSID: NothingButSunshine
1 BSEC warning code : 100

1 BSEC warning code : 100

1 BSEC warning code : 100

 ets Jan  8 2013,rst cause:1, boot mode:(3,7)

load 0x4010f000, len 1384, room 16 
tail 8
chksum 0x2d
csum 0x2d
v8b899c12
~ld


7.04
 0h00:00.292 1970/01/01T08:00:00z: SPIFFS Active
 0h00:03.966 2025/01/03T18:12:43z: a4:e5:7c:26:24:d4
 0h00:03.967 2025/01/03T18:12:43z: SSID: NothingButSunshine
1 BSEC warning code : 100

1 BSEC warning code : 100

1 BSEC warning code : 100

 ets Jan  8 2013,rst cause:1, boot mode:(3,7)

load 0x4010f000, len 1384, room 16 
tail 8
chksum 0x2d
csum 0x2d
v8b899c12
~ld


7.04
 0h00:00.292 1970/01/01T08:00:00z: SPIFFS Active
 0h00:03.965 2025/01/03T18:32:25z: a4:e5:7c:26:24:d4
 0h00:03.967 2025/01/03T18:32:25z: SSID: NothingButSunshine
1 BSEC warning code : 100

1 BSEC warning code : 100

1 BSEC warning code : 100

 ets Jan  8 2013,rst cause:1, boot mode:(3,7)

load 0x4010f000, len 1384, room 16 
tail 8
chksum 0x2d
csum 0x2d
v8b899c12
~ld


7.04
 0h00:00.289 1970/01/01T08:00:00z: SPIFFS Active
 0h00:03.962 2025/01/03T18:52:07z: a4:e5:7c:26:24:d4
 0h00:03.964 2025/01/03T18:52:07z: SSID: NothingButSunshine
1 BSEC warning code : 100

1 BSEC warning code : 100

1 BSEC warning code : 100

1 BSEC warning code : 100

 ets Jan  8 2013,rst cause:1, boot mode:(3,7)

load 0x4010f000, len 1384, room 16 
tail 8
chksum 0x2d
csum 0x2d
v8b899c12
~ld


7.04
 0h00:00.280 1970/01/01T08:00:00z: SPIFFS Active
 0h00:03.954 2025/01/03T19:11:49z: a4:e5:7c:26:24:d4
 0h00:03.955 2025/01/03T19:11:49z: SSID: NothingButSunshine
1 BSEC warning code : 100

1 BSEC warning code : 100

1 BSEC warning code : 100

 ets Jan  8 2013,rst cause:1, boot mode:(3,7)

load 0x4010f000, len 1384, room 16 
tail 8
chksum 0x2d
csum 0x2d
v8b899c12
~ld


7.04
 0h00:00.291 1970/01/01T08:00:00z: SPIFFS Active
 0h00:03.964 2025/01/03T19:31:30z: a4:e5:7c:26:24:d4
 0h00:03.966 2025/01/03T19:31:30z: SSID: NothingButSunshine
1 BSEC warning code : 100

1 BSEC warning code : 100

1 BSEC warning code : 100

 ets Jan  8 2013,rst cause:1, boot mode:(3,7)

load 0x4010f000, len 1384, room 16 
tail 8
chksum 0x2d
csum 0x2d
v8b899c12
~ld


7.04
 0h00:00.287 1970/01/01T08:00:00z: SPIFFS Active
 0h00:03.961 2025/01/03T19:51:12z: a4:e5:7c:26:24:d4
 0h00:03.962 2025/01/03T19:51:12z: SSID: NothingButSunshine
1 BSEC warning code : 100

1 BSEC warning code : 100

1 BSEC warning code : 100

1 BSEC warning code : 100

1 BSEC warning code : 100

 ets Jan  8 2013,rst cause:1, boot mode:(3,7)

load 0x4010f000, len 1384, room 16 
tail 8
chksum 0x2d
csum 0x2d
v8b899c12
~ld


7.04
 0h00:00.292 1970/01/01T08:00:00z: SPIFFS Active
 0h00:03.966 2025/01/03T20:10:54z: a4:e5:7c:26:24:d4
 0h00:03.967 2025/01/03T20:10:54z: SSID: NothingButSunshine
1 BSEC warning code : 100

1 BSEC warning code : 100

1 BSEC warning code : 100

 ets Jan  8 2013,rst cause:1, boot mode:(3,7)

load 0x4010f000, len 1384, room 16 
tail 8
chksum 0x2d
csum 0x2d
v8b899c12
~ld


7.04
 0h00:00.281 1970/01/01T08:00:00z: SPIFFS Active
 0h00:03.954 2025/01/03T20:30:35z: a4:e5:7c:26:24:d4
 0h00:03.956 2025/01/03T20:30:35z: SSID: NothingButSunshine
1 BSEC warning code : 100

1 BSEC warning code : 100

1 BSEC warning code : 100

1 BSEC warning code : 100

1 BSEC warning code : 100

 ets Jan  8 2013,rst cause:1, boot mode:(3,7)

load 0x4010f000, len 1384, room 16 
tail 8
chksum 0x2d
csum 0x2d
v8b899c12
~ld


7.04
 0h00:00.292 1970/01/01T08:00:00z: SPIFFS Active
 0h00:03.965 2025/01/03T20:50:17z: a4:e5:7c:26:24:d4
 0h00:03.967 2025/01/03T20:50:17z: SSID: NothingButSunshine
1 BSEC warning code : 100

 ets Jan  8 2013,rst cause:1, boot mode:(3,7)

load 0x4010f000, len 1384, room 16 
tail 8
chksum 0x2d
csum 0x2d
v8b899c12
~ld


7.04
 0h00:00.287 1970/01/01T08:00:00z: SPIFFS Active
 0h00:03.962 2025/01/03T21:09:59z: a4:e5:7c:26:24:d4
 0h00:03.963 2025/01/03T21:09:59z: SSID: NothingButSunshine
1 BSEC warning code : 100

1 BSEC warning code : 100

1 BSEC warning code : 100

 ets Jan  8 2013,rst cause:1, boot mode:(3,7)

load 0x4010f000, len 1384, room 16 
tail 8
chksum 0x2d
csum 0x2d
v8b899c12
~ld


7.04
 0h00:00.292 1970/01/01T08:00:00z: SPIFFS Active
 0h00:03.966 2025/01/03T21:29:40z: a4:e5:7c:26:24:d4
 0h00:03.968 2025/01/03T21:29:40z: SSID: NothingButSunshine
1 BSEC warning code : 100

1 BSEC warning code : 100

1 BSEC warning code : 100

1 BSEC warning code : 100

 ets Jan  8 2013,rst cause:1, boot mode:(3,7)

load 0x4010f000, len 1384, room 16 
tail 8
chksum 0x2d
csum 0x2d
v8b899c12
~ld


7.04
 0h00:00.290 1970/01/01T08:00:00z: SPIFFS Active
 0h00:03.965 2025/01/03T21:49:22z: a4:e5:7c:26:24:d4
 0h00:03.966 2025/01/03T21:49:22z: SSID: NothingButSunshine
1 BSEC warning code : 100

1 BSEC warning code : 100

1 BSEC warning code : 100

 ets Jan  8 2013,rst cause:1, boot mode:(3,7)

load 0x4010f000, len 1384, room 16 
tail 8
chksum 0x2d
csum 0x2d
v8b899c12
~ld


7.04
 0h00:00.274 1970/01/01T08:00:00z: SPIFFS Active
 0h00:03.949 2025/01/03T22:09:04z: a4:e5:7c:26:24:d4
 0h00:03.950 2025/01/03T22:09:04z: SSID: NothingButSunshine
1 BSEC warning code : 100

1 BSEC warning code : 100

1 BSEC warning code : 100

 ets Jan  8 2013,rst cause:1, boot mode:(3,7)

load 0x4010f000, len 1384, room 16 
tail 8
chksum 0x2d
csum 0x2d
v8b899c12
~ld


7.04
 0h00:00.286 1970/01/01T08:00:00z: SPIFFS Active
 0h00:03.959 2025/01/03T22:28:45z: a4:e5:7c:26:24:d4
 0h00:03.961 2025/01/03T22:28:45z: SSID: NothingButSunshine
1 BSEC warning code : 100

1 BSEC warning code : 100

1 BSEC warning code : 100

 ets Jan  8 2013,rst cause:1, boot mode:(3,7)

load 0x4010f000, len 1384, room 16 
tail 8
chksum 0x2d
csum 0x2d
v8b899c12
~ld


7.04
 0h00:00.288 1970/01/01T08:00:00z: SPIFFS Active
 0h00:03.962 2025/01/03T22:48:27z: a4:e5:7c:26:24:d4
 0h00:03.963 2025/01/03T22:48:27z: SSID: NothingButSunshine
1 BSEC warning code : 100

1 BSEC warning code : 100

1 BSEC warning code : 100

1 BSEC warning code : 100

 ets Jan  8 2013,rst cause:1, boot mode:(3,7)

load 0x4010f000, len 1384, room 16 
tail 8
chksum 0x2d
csum 0x2d
v8b899c12
~ld


7.04
 0h00:00.291 1970/01/01T08:00:00z: SPIFFS Active
 0h00:03.964 2025/01/03T23:08:09z: a4:e5:7c:26:24:d4
 0h00:03.966 2025/01/03T23:08:09z: SSID: NothingButSunshine
1 BSEC warning code : 100

1 BSEC warning code : 100

1 BSEC warning code : 100

 ets Jan  8 2013,rst cause:1, boot mode:(3,7)

load 0x4010f000, len 1384, room 16 
tail 8
chksum 0x2d
csum 0x2d
v8b899c12
~ld


7.04
 0h00:00.293 1970/01/01T08:00:00z: SPIFFS Active
 0h00:03.966 2025/01/03T23:27:51z: a4:e5:7c:26:24:d4
 0h00:03.968 2025/01/03T23:27:51z: SSID: NothingButSunshine
1 BSEC warning code : 100

1 BSEC warning code : 100

1 BSEC warning code : 100

 ets Jan  8 2013,rst cause:1, boot mode:(3,7)

load 0x4010f000, len 1384, room 16 
tail 8
chksum 0x2d
csum 0x2d
v8b899c12
~ld


7.04
 0h00:00.280 1970/01/01T08:00:00z: SPIFFS Active
 0h00:03.954 2025/01/03T23:47:32z: a4:e5:7c:26:24:d4
 0h00:03.956 2025/01/03T23:47:32z: SSID: NothingButSunshine
1 BSEC warning code : 100

1 BSEC warning code : 100
