
1 BSEC warning code : 100

1 BSEC warning code : 100

1 BSEC warning code : 100

1 BSEC warning code : 100

1 BSEC warning code : 100

1 BSEC warning code : 100

1 BSEC warning code : 100

1 BSEC warning code : 100

1 BSEC warning code : 100

1 BSEC warning code : 100

 ets Jan  8 2013,rst cause:1, boot mode:(3,7)

load 0x4010f000, len 1384, room 16 
tail 8
chksum 0x2d
csum 0x2d
v8b899c12
~ld


7.04
 0h00:00.288 1970/01/01T08:00:00z: SPIFFS Active
 0h00:03.963 2025/12/24T00:19:08z: a4:e5:7c:26:24:d4
 0h00:03.964 2025/12/24T00:19:08z: SSID: NothingButSunshine
1 BSEC warning code : 100

1 BSEC warning code : 100

1 BSEC warning code : 100

1 BSEC warning code : 100

1 BSEC warning code : 100

1 BSEC warning code : 100

1 BSEC warning code : 100

1 BSEC warning code : 100

1 BSEC warning code : 100

1 BSEC warning code : 100

 ets Jan  8 2013,rst cause:1, boot mode:(3,7)

load 0x4010f000, len 1384, room 16 
tail 8
chksum 0x2d
csum 0x2d
v8b899c12
~ld


7.04
 0h00:00.285 1970/01/01T08:00:00z: SPIFFS Active
 0h00:03.959 2025/12/24T00:38:53z: a4:e5:7c:26:24:d4
 0h00:03.960 2025/12/24T00:38:53z: SSID: NothingButSunshine
1 BSEC warning code : 100

1 BSEC warning code : 100

1 BSEC warning code : 100

1 BSEC warning code : 100

1 BSEC warning code : 100

1 BSEC warning code : 100

1 BSEC warning code : 100

1 BSEC warning code : 100

1 BSEC warning code : 100

1 BSEC warning code : 100

 ets Jan  8 2013,rst cause:1, boot mode:(3,7)

load 0x4010f000, len 1384, room 16 
tail 8
chksum 0x2d
csum 0x2d
v8b899c12
~ld


7.04
 0h00:00.282 1970/01/01T08:00:00z: SPIFFS Active
 0h00:03.956 2025/12/24T00:58:38z: a4:e5:7c:26:24:d4
 0h00:03.958 2025/12/24T00:58:38z: SSID: NothingButSunshine
1 BSEC warning code : 100

1 BSEC warning code : 100

1 BSEC warning code : 100

1 BSEC warning code : 100

1 BSEC warning code : 100

1 BSEC warning code : 100

1 BSEC warning code : 100

1 BSEC warning code : 100

1 BSEC warning code : 100

1 BSEC warning code : 100

 ets Jan  8 2013,rst cause:1, boot mode:(3,7)

load 0x4010f000, len 1384, room 16 
tail 8
chksum 0x2d
csum 0x2d
v8b899c12
~ld


7.04
 0h00:00.292 1970/01/01T08:00:00z: SPIFFS Active
 0h00:03.965 2025/12/24T01:18:23z: a4:e5:7c:26:24:d4
 0h00:03.967 2025/12/24T01:18:23z: SSID: NothingButSunshine
1 BSEC warning code : 100

1 BSEC warning code : 100

1 BSEC warning code : 100

1 BSEC warning code : 100

1 BSEC warning code : 100

1 BSEC warning code : 100

1 BSEC warning code : 100

1 BSEC warning code : 100

1 BSEC warning code : 100

1 BSEC warning code : 100

 ets Jan  8 2013,rst cause:1, boot mode:(3,7)

load 0x4010f000, len 1384, room 16 
tail 8
chksum 0x2d
csum 0x2d
v8b899c12
~ld


7.04
 0h00:00.286 1970/01/01T08:00:00z: SPIFFS Active
 0h00:03.960 2025/12/24T01:38:09z: a4:e5:7c:26:24:d4
 0h00:03.961 2025/12/24T01:38:09z: SSID: NothingButSunshine
1 BSEC warning code : 100

1 BSEC warning code : 100

1 BSEC warning code : 100

1 BSEC warning code : 100

1 BSEC warning code : 100

1 BSEC warning code : 100

1 BSEC warning code : 100

1 BSEC warning code : 100

1 BSEC warning code : 100

1 BSEC warning code : 100

 ets Jan  8 2013,rst cause:1, boot mode:(3,7)

load 0x4010f000, len 1384, room 16 
tail 8
chksum 0x2d
csum 0x2d
v8b899c12
~ld


7.04
 0h00:00.293 1970/01/01T08:00:00z: SPIFFS Active
 0h00:03.967 2025/12/24T01:57:55z: a4:e5:7c:26:24:d4
 0h00:03.968 2025/12/24T01:57:55z: SSID: NothingButSunshine
1 BSEC warning code : 100

1 BSEC warning code : 100

1 BSEC warning code : 100

1 BSEC warning code : 100

1 BSEC warning code : 100

1 BSEC warning code : 100

1 BSEC warning code : 100

1 BSEC warning code : 100

1 BSEC warning code : 100

1 BSEC warning code : 100

 ets Jan  8 2013,rst cause:1, boot mode:(3,7)

load 0x4010f000, len 1384, room 16 
tail 8
chksum 0x2d
csum 0x2d
v8b899c12
~ld


7.04
 0h00:00.297 1970/01/01T08:00:00z: SPIFFS Active
 0h00:03.971 2025/12/24T02:17:41z: a4:e5:7c:26:24:d4
 0h00:03.973 2025/12/24T02:17:41z: SSID: NothingButSunshine
1 BSEC warning code : 100

1 BSEC warning code : 100

1 BSEC warning code : 100

1 BSEC warning code : 100

1 BSEC warning code : 100

1 BSEC warning code : 100

1 BSEC warning code : 100

1 BSEC warning code : 100

1 BSEC warning code : 100

1 BSEC warning code : 100

 ets Jan  8 2013,rst cause:1, boot mode:(3,7)

load 0x4010f000, len 1384, room 16 
tail 8
chksum 0x2d
csum 0x2d
v8b899c12
~ld


7.04
 0h00:00.298 1970/01/01T08:00:00z: SPIFFS Active
 0h00:03.972 2025/12/24T02:37:26z: a4:e5:7c:26:24:d4
 0h00:03.973 2025/12/24T02:37:26z: SSID: NothingButSunshine
1 BSEC warning code : 100

1 BSEC warning code : 100

1 BSEC warning code : 100

1 BSEC warning code : 100

1 BSEC warning code : 100

1 BSEC warning code : 100

1 BSEC warning code : 100

1 BSEC warning code : 100

1 BSEC warning code : 100

1 BSEC warning code : 100

 ets Jan  8 2013,rst cause:1, boot mode:(3,7)

load 0x4010f000, len 1384, room 16 
tail 8
chksum 0x2d
csum 0x2d
v8b899c12
~ld


7.04
 0h00:00.282 1970/01/01T08:00:00z: SPIFFS Active
 0h00:03.956 2025/12/24T02:57:11z: a4:e5:7c:26:24:d4
 0h00:03.958 2025/12/24T02:57:11z: SSID: NothingButSunshine
1 BSEC warning code : 100

1 BSEC warning code : 100

1 BSEC warning code : 100

1 BSEC warning code : 100

1 BSEC warning code : 100

1 BSEC warning code : 100

1 BSEC warning code : 100

1 BSEC warning code : 100

1 BSEC warning code : 100

1 BSEC warning code : 100

 ets Jan  8 2013,rst cause:1, boot mode:(3,7)

load 0x4010f000, len 1384, room 16 
tail 8
chksum 0x2d
csum 0x2d
v8b899c12
~ld


7.04
 0h00:00.289 1970/01/01T08:00:00z: SPIFFS Active
 0h00:03.963 2025/12/24T03:16:56z: a4:e5:7c:26:24:d4
 0h00:03.965 2025/12/24T03:16:56z: SSID: NothingButSunshine
1 BSEC warning code : 100

1 BSEC warning code : 100

1 BSEC warning code : 100

1 BSEC warning code : 100

1 BSEC warning code : 100

1 BSEC warning code : 100

1 BSEC warning code : 100

1 BSEC warning code : 100

1 BSEC warning code : 100

1 BSEC warning code : 100

 ets Jan  8 2013,rst cause:1, boot mode:(3,7)

load 0x4010f000, len 1384, room 16 
tail 8
chksum 0x2d
csum 0x2d
v8b899c12
~ld


7.04
 0h00:00.288 1970/01/01T08:00:00z: SPIFFS Active
 0h00:03.962 2025/12/24T03:36:41z: a4:e5:7c:26:24:d4
 0h00:03.964 2025/12/24T03:36:41z: SSID: NothingButSunshine
1 BSEC warning code : 100

1 BSEC warning code : 100

1 BSEC warning code : 100

1 BSEC warning code : 100

1 BSEC warning code : 100

1 BSEC warning code : 100

1 BSEC warning code : 100

1 BSEC warning code : 100

1 BSEC warning code : 100

1 BSEC warning code : 100

 ets Jan  8 2013,rst cause:1, boot mode:(3,7)

load 0x4010f000, len 1384, room 16 
tail 8
chksum 0x2d
csum 0x2d
v8b899c12
~ld


7.04
 0h00:00.287 1970/01/01T08:00:00z: SPIFFS Active
 0h00:03.961 2025/12/24T03:56:26z: a4:e5:7c:26:24:d4
 0h00:03.963 2025/12/24T03:56:26z: SSID: NothingButSunshine
1 BSEC warning code : 100

1 BSEC warning code : 100

1 BSEC warning code : 100

1 BSEC warning code : 100

1 BSEC warning code : 100

1 BSEC warning code : 100

1 BSEC warning code : 100

1 BSEC warning code : 100

1 BSEC warning code : 100

1 BSEC warning code : 100

 ets Jan  8 2013,rst cause:1, boot mode:(3,7)

load 0x4010f000, len 1384, room 16 
tail 8
chksum 0x2d
csum 0x2d
v8b899c12
~ld


7.04
 0h00:00.281 1970/01/01T08:00:00z: SPIFFS Active
 0h00:03.956 2025/12/24T04:16:11z: a4:e5:7c:26:24:d4
 0h00:03.957 2025/12/24T04:16:11z: SSID: NothingButSunshine
1 BSEC warning code : 100

1 BSEC warning code : 100

1 BSEC warning code : 100

1 BSEC warning code : 100

1 BSEC warning code : 100

1 BSEC warning code : 100

1 BSEC warning code : 100

1 BSEC warning code : 100

1 BSEC warning code : 100

1 BSEC warning code : 100

 ets Jan  8 2013,rst cause:1, boot mode:(3,7)

load 0x4010f000, len 1384, room 16 
tail 8
chksum 0x2d
csum 0x2d
v8b899c12
~ld


7.04
 0h00:00.287 1970/01/01T08:00:00z: SPIFFS Active
 0h00:03.961 2025/12/24T04:35:56z: a4:e5:7c:26:24:d4
 0h00:03.963 2025/12/24T04:35:56z: SSID: NothingButSunshine
1 BSEC warning code : 100

1 BSEC warning code : 100

1 BSEC warning code : 100

1 BSEC warning code : 100

1 BSEC warning code : 100

1 BSEC warning code : 100

1 BSEC warning code : 100

1 BSEC warning code : 100

1 BSEC warning code : 100

1 BSEC warning code : 100

 ets Jan  8 2013,rst cause:1, boot mode:(3,7)

load 0x4010f000, len 1384, room 16 
tail 8
chksum 0x2d
csum 0x2d
v8b899c12
~ld


7.04
 0h00:00.282 1970/01/01T08:00:00z: SPIFFS Active
 0h00:03.957 2025/12/24T04:55:42z: a4:e5:7c:26:24:d4
 0h00:03.958 2025/12/24T04:55:42z: SSID: NothingButSunshine
1 BSEC warning code : 100

1 BSEC warning code : 100

1 BSEC warning code : 100

1 BSEC warning code : 100

1 BSEC warning code : 100

1 BSEC warning code : 100

1 BSEC warning code : 100

1 BSEC warning code : 100

1 BSEC warning code : 100

1 BSEC warning code : 100

 ets Jan  8 2013,rst cause:1, boot mode:(3,7)

load 0x4010f000, len 1384, room 16 
tail 8
chksum 0x2d
csum 0x2d
v8b899c12
~ld


7.04
 0h00:00.289 1970/01/01T08:00:00z: SPIFFS Active
 0h00:03.964 2025/12/24T05:15:27z: a4:e5:7c:26:24:d4
 0h00:03.965 2025/12/24T05:15:27z: SSID: NothingButSunshine
1 BSEC warning code : 100

1 BSEC warning code : 100

1 BSEC warning code : 100

1 BSEC warning code : 100

1 BSEC warning code : 100

1 BSEC warning code : 100

1 BSEC warning code : 100

1 BSEC warning code : 100

1 BSEC warning code : 100

1 BSEC warning code : 100

 ets Jan  8 2013,rst cause:1, boot mode:(3,7)

load 0x4010f000, len 1384, room 16 
tail 8
chksum 0x2d
csum 0x2d
v8b899c12
~ld


7.04
 0h00:00.288 1970/01/01T08:00:00z: SPIFFS Active
 0h00:03.962 2025/12/24T05:35:13z: a4:e5:7c:26:24:d4
 0h00:03.964 2025/12/24T05:35:13z: SSID: NothingButSunshine
1 BSEC warning code : 100

1 BSEC warning code : 100

1 BSEC warning code : 100

1 BSEC warning code : 100

1 BSEC warning code : 100

1 BSEC warning code : 100

1 BSEC warning code : 100

1 BSEC warning code : 100

1 BSEC warning code : 100

1 BSEC warning code : 100

 ets Jan  8 2013,rst cause:1, boot mode:(3,7)

load 0x4010f000, len 1384, room 16 
tail 8
chksum 0x2d
csum 0x2d
v8b899c12
~ld


7.04
 0h00:00.282 1970/01/01T08:00:00z: SPIFFS Active
 0h00:03.956 2025/12/24T05:54:58z: a4:e5:7c:26:24:d4
 0h00:03.958 2025/12/24T05:54:58z: SSID: NothingButSunshine
1 BSEC warning code : 100

1 BSEC warning code : 100

1 BSEC warning code : 100

1 BSEC warning code : 100

1 BSEC warning code : 100

1 BSEC warning code : 100

1 BSEC warning code : 100

1 BSEC warning code : 100

1 BSEC warning code : 100

1 BSEC warning code : 100

 ets Jan  8 2013,rst cause:1, boot mode:(3,7)

load 0x4010f000, len 1384, room 16 
tail 8
chksum 0x2d
csum 0x2d
v8b899c12
~ld


7.04
 0h00:00.284 1970/01/01T08:00:00z: SPIFFS Active
 0h00:03.958 2025/12/24T06:14:43z: a4:e5:7c:26:24:d4
 0h00:03.960 2025/12/24T06:14:43z: SSID: NothingButSunshine
1 BSEC warning code : 100

1 BSEC warning code : 100

1 BSEC warning code : 100

1 BSEC warning code : 100

1 BSEC warning code : 100

1 BSEC warning code : 100

1 BSEC warning code : 100

1 BSEC warning code : 100

1 BSEC warning code : 100

1 BSEC warning code : 100

 ets Jan  8 2013,rst cause:1, boot mode:(3,7)

load 0x4010f000, len 1384, room 16 
tail 8
chksum 0x2d
csum 0x2d
v8b899c12
~ld


7.04
 0h00:00.292 1970/01/01T08:00:00z: SPIFFS Active
 0h00:03.967 2025/12/24T06:34:28z: a4:e5:7c:26:24:d4
 0h00:03.968 2025/12/24T06:34:28z: SSID: NothingButSunshine
1 BSEC warning code : 100

1 BSEC warning code : 100

1 BSEC warning code : 100

1 BSEC warning code : 100

1 BSEC warning code : 100

1 BSEC warning code : 100

1 BSEC warning code : 100

1 BSEC warning code : 100

1 BSEC warning code : 100

1 BSEC warning code : 100

 ets Jan  8 2013,rst cause:1, boot mode:(3,7)

load 0x4010f000, len 1384, room 16 
tail 8
chksum 0x2d
csum 0x2d
v8b899c12
~ld


7.04
 0h00:00.287 1970/01/01T08:00:00z: SPIFFS Active
 0h00:03.962 2025/12/24T06:54:14z: a4:e5:7c:26:24:d4
 0h00:03.963 2025/12/24T06:54:14z: SSID: NothingButSunshine
1 BSEC warning code : 100

1 BSEC warning code : 100

1 BSEC warning code : 100

1 BSEC warning code : 100

1 BSEC warning code : 100

1 BSEC warning code : 100

1 BSEC warning code : 100

1 BSEC warning code : 100

1 BSEC warning code : 100

1 BSEC warning code : 100

 ets Jan  8 2013,rst cause:1, boot mode:(3,7)

load 0x4010f000, len 1384, room 16 
tail 8
chksum 0x2d
csum 0x2d
v8b899c12
~ld


7.04
 0h00:00.291 1970/01/01T08:00:00z: SPIFFS Active
 0h00:03.965 2025/12/24T07:13:59z: a4:e5:7c:26:24:d4
 0h00:03.967 2025/12/24T07:13:59z: SSID: NothingButSunshine
1 BSEC warning code : 100

1 BSEC warning code : 100

1 BSEC warning code : 100

1 BSEC warning code : 100

1 BSEC warning code : 100

1 BSEC warning code : 100

1 BSEC warning code : 100

1 BSEC warning code : 100

1 BSEC warning code : 100

1 BSEC warning code : 100

 ets Jan  8 2013,rst cause:1, boot mode:(3,7)

load 0x4010f000, len 1384, room 16 
tail 8
chksum 0x2d
csum 0x2d
v8b899c12
~ld


7.04
 0h00:00.286 1970/01/01T08:00:00z: SPIFFS Active
 0h00:03.961 2025/12/24T07:33:44z: a4:e5:7c:26:24:d4
 0h00:03.962 2025/12/24T07:33:44z: SSID: NothingButSunshine
1 BSEC warning code : 100

1 BSEC warning code : 100

1 BSEC warning code : 100

1 BSEC warning code : 100

1 BSEC warning code : 100

1 BSEC warning code : 100

1 BSEC warning code : 100

1 BSEC warning code : 100

1 BSEC warning code : 100

1 BSEC warning code : 100

 ets Jan  8 2013,rst cause:1, boot mode:(3,7)

load 0x4010f000, len 1384, room 16 
tail 8
chksum 0x2d
csum 0x2d
v8b899c12
~ld


7.04
 0h00:00.284 1970/01/01T08:00:00z: SPIFFS Active
 0h00:03.958 2025/12/24T07:53:29z: a4:e5:7c:26:24:d4
 0h00:03.960 2025/12/24T07:53:29z: SSID: NothingButSunshine
1 BSEC warning code : 100

1 BSEC warning code : 100

1 BSEC warning code : 100

1 BSEC warning code : 100

1 BSEC warning code : 100

1 BSEC warning code : 100

1 BSEC warning code : 100

1 BSEC warning code : 100

1 BSEC warning code : 100

1 BSEC warning code : 100

 ets Jan  8 2013,rst cause:1, boot mode:(3,7)

load 0x4010f000, len 1384, room 16 
tail 8
chksum 0x2d
csum 0x2d
v8b899c12
~ld


7.04
 0h00:00.289 1970/01/01T08:00:00z: SPIFFS Active
 0h00:03.964 2025/12/24T08:13:14z: a4:e5:7c:26:24:d4
 0h00:03.965 2025/12/24T08:13:14z: SSID: NothingButSunshine
1 BSEC warning code : 100

1 BSEC warning code : 100

1 BSEC warning code : 100

1 BSEC warning code : 100

1 BSEC warning code : 100

1 BSEC warning code : 100

1 BSEC warning code : 100

1 BSEC warning code : 100

1 BSEC warning code : 100

1 BSEC warning code : 100

 ets Jan  8 2013,rst cause:1, boot mode:(3,7)

load 0x4010f000, len 1384, room 16 
tail 8
chksum 0x2d
csum 0x2d
v8b899c12
~ld


7.04
 0h00:00.288 1970/01/01T08:00:00z: SPIFFS Active
 0h00:03.963 2025/12/24T08:32:59z: a4:e5:7c:26:24:d4
 0h00:03.964 2025/12/24T08:32:59z: SSID: NothingButSunshine
 0h00:11.858 2025/12/24T08:33:07z: PMSX003-A (889ms)
 0h00:13.362 2025/12/24T08:33:09z: PMSX003-B (1502ms)
 0h00:13.363 2025/12/24T08:33:09z: 3.0+RV3028+BME68X+PMSX003-A+PMSX003-B
 0h00:14.378 2025/12/24T08:33:10z: p:987.95 gasR:1085033.12 iaq:152.93(0) T:8.33(11.32) H:82.33(45.97) sIaq:618.74(0) Stabilization:1 Run in:0
 0h00:14.444 2025/12/24T08:33:10z: DATA A(2),46,82,40,987.95,0.05,26352,0,14,2,3,3,2,3,3,13,13,537,142,22,0,0,0,618.74
 0h00:15.278 2025/12/24T08:33:11z: DATA A(3),46,82,40,987.95,0.05,26352,0,15,2,3,3,2,3,3,13,13,537,142,22,0,0,0,618.74
 0h00:15.378 2025/12/24T08:33:11z: p:988.03 gasR:1076478.38 iaq:152.78(0) T:8.94(14.54) H:79.26(46.74) sIaq:617.89(0) Stabilization:1 Run in:0
 0h00:16.182 2025/12/24T08:33:11z: DATA A(4),48,79,41,988.03,0.05,26352,0,16,2,3,3,2,3,3,13,13,531,140,24,0,0,0,617.89
 0h00:16.378 2025/12/24T08:33:12z: p:988.02 gasR:1080738.75 iaq:152.63(0) T:9.74(15.34) H:74.79(46.93) sIaq:617.08(0) Stabilization:1 Run in:0
 0h00:17.016 2025/12/24T08:33:12z: DATA A(5),49,74,41,988.02,0.05,26352,0,17,2,3,3,2,3,3,13,13,531,140,24,0,0,0,617.08
 0h00:17.378 2025/12/24T08:33:13z: p:988.06 gasR:1093725.00 iaq:152.45(0) T:10.10(15.70) H:72.52(46.88) sIaq:616.09(0) Stabilization:1 Run in:0
 0h00:17.850 2025/12/24T08:33:13z: DATA A(6),50,72,41,988.06,0.05,26352,0,17,2,3,3,2,3,3,13,13,531,140,24,0,0,0,616.09
 0h00:18.378 2025/12/24T08:33:14z: p:988.06 gasR:1087626.12 iaq:152.32(0) T:10.31(15.91) H:70.95(46.71) sIaq:615.35(0) Stabilization:1 Run in:0
 0h00:19.378 2025/12/24T08:33:15z: p:988.04 gasR:1096359.75 iaq:152.17(0) T:10.44(16.04) H:69.77(46.49) sIaq:614.50(0) Stabilization:1 Run in:0
 0h00:20.269 2025/12/24T08:33:16z: DATA B(2),50,69,40,988.04,0.05,26352,0,20,2,3,3,2,3,3,13,13,552,152,8,2,0,0,614.50
 0h00:20.377 2025/12/24T08:33:16z: p:988.06 gasR:1093725.00 iaq:152.04(0) T:10.55(16.15) H:68.78(46.28) sIaq:613.81(0) Stabilization:1 Run in:0
 0h00:21.104 2025/12/24T08:33:16z: DATA B(3),50,68,40,988.06,0.05,26352,0,21,2,3,3,2,3,3,13,13,552,152,8,2,0,0,613.81
 0h00:21.378 2025/12/24T08:33:17z: p:988.07 gasR:1093725.00 iaq:151.93(0) T:10.64(16.24) H:67.88(46.04) sIaq:613.19(0) Stabilization:1 Run in:0
 0h00:22.010 2025/12/24T08:33:17z: DATA B(4),51,67,40,988.07,0.05,26352,0,22,2,3,3,2,3,3,13,13,534,148,10,1,0,0,613.19
 0h00:22.378 2025/12/24T08:33:18z: p:988.02 gasR:1099892.62 iaq:151.81(0) T:10.70(16.30) H:67.20(45.85) sIaq:612.51(0) Stabilization:1 Run in:0
 0h00:22.845 2025/12/24T08:33:18z: DATA B(5),51,67,40,988.02,0.05,26352,0,22,2,3,3,2,3,3,13,13,534,148,10,1,0,0,612.51
 0h00:23.378 2025/12/24T08:33:19z: p:988.05 gasR:1088493.25 iaq:151.74(0) T:10.77(16.38) H:66.52(45.65) sIaq:612.15(0) Stabilization:1 Run in:0
 0h00:24.378 2025/12/24T08:33:20z: p:988.05 gasR:1093725.00 iaq:151.66(0) T:10.84(16.44) H:65.94(45.47) sIaq:611.72(0) Stabilization:1 Run in:0
 0h00:24.734 2025/12/24T08:33:20z: DATA A(7),51,65,40,988.05,0.05,26352,0,24,2,4,4,2,4,4,17,17,612,162,25,0,0,0,611.72
 0h00:25.378 2025/12/24T08:33:21z: p:988.06 gasR:1098123.38 iaq:151.58(0) T:10.90(16.50) H:65.44(45.32) sIaq:611.24(0) Stabilization:1 Run in:0
 0h00:25.568 2025/12/24T08:33:21z: DATA A(8),51,65,39,988.06,0.05,26352,0,25,2,4,4,2,4,4,17,17,612,162,25,0,0,0,611.24
 0h00:26.378 2025/12/24T08:33:22z: p:988.06 gasR:1097240.88 iaq:151.50(0) T:10.95(16.55) H:65.02(45.18) sIaq:610.83(0) Stabilization:1 Run in:0
 0h00:26.472 2025/12/24T08:33:22z: DATA A(9),51,65,39,988.06,0.07,26352,0,26,2,4,5,2,4,5,17,17,612,162,29,1,1,1,610.83
 0h00:27.306 2025/12/24T08:33:23z: DATA A(10),51,65,39,988.06,0.05,26352,0,27,2,4,5,2,4,5,17,17,612,162,29,1,1,1,610.83
 0h00:27.378 2025/12/24T08:33:23z: p:988.04 gasR:1095480.12 iaq:151.44(0) T:10.99(16.59) H:64.67(45.05) sIaq:610.50(0) Stabilization:1 Run in:0
 0h00:28.140 2025/12/24T08:33:23z: DATA A(11),51,64,39,988.04,0.05,26352,0,28,2,4,5,2,4,5,17,17,612,162,29,1,1,1,610.50
 0h00:28.378 2025/12/24T08:33:24z: p:988.04 gasR:1106130.12 iaq:151.35(0) T:11.04(16.65) H:64.30(44.94) sIaq:609.98(0) Stabilization:1 Run in:0
 0h00:29.378 2025/12/24T08:33:25z: p:988.04 gasR:1118820.00 iaq:151.22(0) T:11.07(16.68) H:64.08(44.85) sIaq:609.25(0) Stabilization:1 Run in:0
 0h00:29.739 2025/12/24T08:33:25z: DATA B(6),51,64,39,988.04,0.05,26352,0,29,3,3,5,3,3,5,13,13,606,178,14,2,1,1,609.25
 0h00:30.378 2025/12/24T08:33:26z: p:988.05 gasR:1101667.62 iaq:151.17(0) T:11.12(16.73) H:63.74(44.73) sIaq:608.97(0) Stabilization:1 Run in:0
 0h00:30.575 2025/12/24T08:33:26z: DATA B(7),52,63,40,988.05,0.05,26352,0,30,3,3,5,3,3,5,13,13,606,178,14,2,1,1,608.97
 0h00:31.378 2025/12/24T08:33:27z: p:988.06 gasR:1099892.62 iaq:151.13(0) T:11.15(16.76) H:63.59(44.67) sIaq:608.76(0) Stabilization:1 Run in:0
 0h00:31.410 2025/12/24T08:33:27z: DATA B(8),52,63,40,988.06,0.05,26352,0,31,3,3,5,3,3,5,13,13,606,178,14,2,1,1,608.76
 0h00:32.316 2025/12/24T08:33:28z: DATA B(9),52,63,40,988.06,0.05,26352,0,32,2,3,5,2,3,5,13,13,576,164,14,2,1,1,608.76
 0h00:32.378 2025/12/24T08:33:28z: p:988.05 gasR:1099007.25 iaq:151.10(0) T:11.19(16.79) H:63.39(44.60) sIaq:608.59(0) Stabilization:1 Run in:0
 0h00:33.151 2025/12/24T08:33:28z: DATA B(10),52,63,39,988.05,0.05,26352,0,33,2,3,5,2,3,5,13,13,576,164,14,2,1,1,608.59
 0h00:33.377 2025/12/24T08:33:29z: p:988.09 gasR:1121577.25 iaq:150.98(0) T:11.23(16.84) H:63.18(44.52) sIaq:607.96(0) Stabilization:1 Run in:0
 0h00:34.378 2025/12/24T08:33:30z: p:988.08 gasR:1107925.38 iaq:150.93(0) T:11.27(16.87) H:63.04(44.47) sIaq:607.69(0) Stabilization:1 Run in:0
 0h00:35.024 2025/12/24T08:33:30z: DATA A(12),52,63,39,988.08,0.05,26352,0,35,3,4,5,3,4,5,17,17,582,169,26,3,2,1,607.69
 0h00:35.378 2025/12/24T08:33:31z: p:988.08 gasR:1104340.75 iaq:150.91(0) T:11.29(16.90) H:62.92(44.41) sIaq:607.53(0) Stabilization:1 Run in:0
 0h00:35.857 2025/12/24T08:33:31z: DATA A(13),52,62,39,988.08,0.05,26352,0,35,3,4,5,3,4,5,17,17,582,169,26,3,2,1,607.53
 0h00:36.377 2025/12/24T08:33:32z: p:988.10 gasR:1128996.75 iaq:150.78(0) T:11.31(16.91) H:62.87(44.37) sIaq:606.86(0) Stabilization:1 Run in:0
 0h00:36.762 2025/12/24T08:33:32z: DATA A(14),52,62,39,988.10,0.05,26352,0,36,3,4,7,3,4,7,17,17,621,181,29,4,2,1,606.86
 0h00:37.377 2025/12/24T08:33:33z: p:988.04 gasR:1102557.25 iaq:150.78(0) T:11.33(16.94) H:62.78(44.33) sIaq:606.83(0) Stabilization:1 Run in:0
 0h00:37.596 2025/12/24T08:33:33z: DATA A(15),52,62,39,988.04,0.05,26352,0,37,3,4,7,3,4,7,17,17,621,181,29,4,2,1,606.83
 0h00:38.378 2025/12/24T08:33:34z: p:988.06 gasR:1132743.38 iaq:150.66(0) T:11.36(16.96) H:62.67(44.27) sIaq:606.16(0) Stabilization:1 Run in:0
 0h00:38.430 2025/12/24T08:33:34z: DATA A(16),52,62,39,988.06,0.05,26352,0,38,3,4,7,3,4,7,17,17,621,181,29,4,2,1,606.16
 0h00:39.378 2025/12/24T08:33:35z: p:988.06 gasR:1127132.62 iaq:150.57(0) T:11.38(16.99) H:62.60(44.23) sIaq:605.69(0) Stabilization:1 Run in:0
 0h00:40.045 2025/12/24T08:33:35z: DATA B(11),52,62,39,988.06,0.05,26352,0,40,2,3,5,2,3,5,13,13,510,156,16,1,1,1,605.69
 0h00:40.377 2025/12/24T08:33:36z: p:988.07 gasR:1121577.25 iaq:150.52(0) T:11.42(17.02) H:62.51(44.21) sIaq:605.39(0) Stabilization:1 Run in:0
 0h00:40.881 2025/12/24T08:33:36z: DATA B(12),52,62,39,988.07,0.05,26352,0,40,2,3,5,2,3,5,13,13,510,156,16,1,1,1,605.39
 0h00:41.378 2025/12/24T08:33:37z: p:988.06 gasR:1110629.12 iaq:150.51(0) T:11.43(17.03) H:62.46(44.16) sIaq:605.36(0) Stabilization:1 Run in:0
 0h00:41.716 2025/12/24T08:33:37z: DATA B(13),52,62,39,988.06,0.05,26352,0,41,2,3,5,2,3,5,13,13,510,156,16,1,1,1,605.36
 0h00:42.378 2025/12/24T08:33:38z: p:988.05 gasR:1109726.38 iaq:150.51(0) T:11.46(17.06) H:62.42(44.16) sIaq:605.35(0) Stabilization:1 Run in:0
 0h00:42.622 2025/12/24T08:33:38z: DATA B(14),52,62,39,988.05,0.05,26352,0,42,2,3,5,2,3,5,13,13,516,158,16,1,1,1,605.35
 0h00:43.378 2025/12/24T08:33:39z: p:988.04 gasR:1126202.88 iaq:150.45(0) T:11.48(17.09) H:62.37(44.13) sIaq:605.00(0) Stabilization:1 Run in:0
 0h00:43.457 2025/12/24T08:33:39z: DATA B(15),52,62,39,988.04,0.05,26352,0,43,2,3,5,2,3,5,13,13,516,158,16,1,1,1,605.00
 0h00:44.378 2025/12/24T08:33:40z: p:988.05 gasR:1134626.00 iaq:150.36(0) T:11.50(17.11) H:62.33(44.10) sIaq:604.51(0) Stabilization:1 Run in:0
 0h00:45.313 2025/12/24T08:33:41z: DATA A(17),52,62,39,988.05,0.05,26352,0,45,3,4,7,3,4,7,17,17,624,177,27,4,2,1,604.51
 0h00:45.378 2025/12/24T08:33:41z: p:988.06 gasR:1123422.88 iaq:150.32(0) T:11.52(17.12) H:62.32(44.07) sIaq:604.31(0) Stabilization:1 Run in:0
 0h00:46.147 2025/12/24T08:33:41z: DATA A(18),52,62,39,988.06,0.05,26352,0,46,3,4,7,3,4,7,17,17,624,177,27,4,2,1,604.31
 0h00:46.378 2025/12/24T08:33:42z: p:988.07 gasR:1111533.25 iaq:150.34(0) T:11.53(17.13) H:62.33(44.06) sIaq:604.39(0) Stabilization:1 Run in:0
 0h00:47.052 2025/12/24T08:33:42z: DATA A(19),52,62,39,988.07,0.05,26352,0,47,2,4,5,2,4,5,17,17,549,156,27,4,2,1,604.39
 0h00:47.377 2025/12/24T08:33:43z: p:988.06 gasR:1125274.75 iaq:150.30(0) T:11.54(17.14) H:62.29(44.00) sIaq:604.17(0) Stabilization:1 Run in:0
 0h00:47.886 2025/12/24T08:33:43z: DATA A(20),52,62,39,988.06,0.05,26352,0,47,2,4,5,2,4,5,17,17,549,156,27,4,2,1,604.17
 0h00:48.378 2025/12/24T08:33:44z: p:988.02 gasR:1128063.88 iaq:150.25(0) T:11.55(17.15) H:62.28(43.98) sIaq:603.91(0) Stabilization:1 Run in:0
 0h00:48.720 2025/12/24T08:33:44z: DATA A(21),52,62,39,988.02,0.05,26352,0,48,2,4,5,2,4,5,17,17,549,156,27,4,2,1,603.91
 0h00:49.378 2025/12/24T08:33:45z: p:988.00 gasR:1138410.25 iaq:150.17(0) T:11.56(17.16) H:62.25(43.94) sIaq:603.47(0) Stabilization:1 Run in:0
 0h00:50.351 2025/12/24T08:33:46z: DATA B(16),52,62,39,988.00,0.05,26352,0,50,2,5,6,2,5,6,21,21,564,166,22,1,1,1,603.47
 0h00:50.377 2025/12/24T08:33:46z: p:988.00 gasR:1135569.75 iaq:150.11(0) T:11.56(17.17) H:62.28(43.92) sIaq:603.14(0) Stabilization:1 Run in:0
 0h00:51.186 2025/12/24T08:33:46z: DATA B(17),52,62,39,988.00,0.05,26352,0,51,2,5,6,2,5,6,21,21,564,166,22,1,1,1,603.14
 0h00:51.378 2025/12/24T08:33:47z: p:988.01 gasR:1126202.88 iaq:150.09(0) T:11.56(17.17) H:62.27(43.87) sIaq:603.05(0) Stabilization:1 Run in:0
 0h00:52.022 2025/12/24T08:33:47z: DATA B(18),52,62,39,988.01,0.05,26352,0,52,2,5,6,2,5,6,21,21,564,166,22,1,1,1,603.05
 0h00:52.377 2025/12/24T08:33:48z: p:988.04 gasR:1129931.00 iaq:150.07(0) T:11.57(17.18) H:62.26(43.85) sIaq:602.89(0) Stabilization:1 Run in:0
 0h00:52.927 2025/12/24T08:33:48z: DATA B(19),52,62,39,988.04,0.05,26352,0,52,2,3,5,2,3,5,13,13,534,154,20,1,1,1,602.89
 0h00:53.378 2025/12/24T08:33:49z: p:988.06 gasR:1131804.38 iaq:150.03(0) T:11.58(17.18) H:62.22(43.80) sIaq:602.70(0) Stabilization:1 Run in:0
 0h00:53.763 2025/12/24T08:33:49z: DATA B(20),52,62,39,988.06,0.05,26352,0,53,2,3,5,2,3,5,13,13,534,154,20,1,1,1,602.70
 0h00:54.378 2025/12/24T08:33:50z: p:988.06 gasR:1133683.88 iaq:150.00(0) T:11.59(17.19) H:62.22(43.78) sIaq:602.50(0) Stabilization:1 Run in:0
 0h00:55.378 2025/12/24T08:33:51z: p:988.04 gasR:1131804.38 iaq:149.97(0) T:11.59(17.19) H:62.20(43.73) sIaq:602.37(0) Stabilization:1 Run in:0
 0h00:55.603 2025/12/24T08:33:51z: DATA A(22),52,62,39,988.04,0.05,26352,0,55,2,4,7,2,4,7,17,17,585,167,24,6,2,0,602.37
 0h00:56.378 2025/12/24T08:33:52z: p:988.06 gasR:1147017.62 iaq:149.89(0) T:11.59(17.19) H:62.17(43.69) sIaq:601.93(0) Stabilization:1 Run in:0
 0h00:56.437 2025/12/24T08:33:52z: DATA A(23),52,62,39,988.06,0.05,26352,0,56,2,4,7,2,4,7,17,17,585,167,24,6,2,0,601.93
 0h00:57.342 2025/12/24T08:33:53z: DATA A(24),52,62,39,988.06,0.05,26352,0,57,2,4,5,2,4,5,17,17,600,169,19,5,1,0,601.93
 0h00:57.378 2025/12/24T08:33:53z: p:988.06 gasR:1132743.38 iaq:149.88(0) T:11.58(17.19) H:62.19(43.65) sIaq:601.85(0) Stabilization:1 Run in:0
 0h00:58.176 2025/12/24T08:33:53z: DATA A(25),52,62,39,988.06,0.05,26352,0,58,2,4,5,2,4,5,17,17,600,169,19,5,1,0,601.85
 0h00:58.378 2025/12/24T08:33:54z: p:988.05 gasR:1112438.88 iaq:149.94(0) T:11.59(17.19) H:62.15(43.61) sIaq:602.20(0) Stabilization:1 Run in:0
 0h00:59.010 2025/12/24T08:33:54z: DATA A(26),52,62,39,988.05,0.05,26352,0,59,2,4,5,2,4,5,17,17,600,169,19,5,1,0,602.20
 0h00:59.378 2025/12/24T08:33:55z: p:988.06 gasR:1145093.62 iaq:149.87(0) T:11.60(17.20) H:62.11(43.58) sIaq:601.82(0) Stabilization:1 Run in:0
 0h01:00.378 2025/12/24T08:33:56z: p:988.07 gasR:1132743.38 iaq:149.86(0) T:11.60(17.20) H:62.06(43.53) sIaq:601.75(0) Stabilization:1 Run in:0
 0h01:00.657 2025/12/24T08:33:56z: DATA B(21),52,62,39,988.07,0.05,26352,0,60,2,5,5,2,5,5,21,21,588,164,17,1,0,0,601.75
 0h01:01.378 2025/12/24T08:33:57z: p:988.06 gasR:1129931.00 iaq:149.86(0) T:11.59(17.19) H:62.09(43.50) sIaq:601.75(0) Stabilization:1 Run in:0
 0h01:01.492 2025/12/24T08:33:57z: DATA B(22),52,62,39,988.06,0.05,26352,0,61,2,5,5,2,5,5,21,21,588,164,17,1,0,0,601.75
 0h01:02.328 2025/12/24T08:33:58z: DATA B(23),52,62,39,988.06,0.05,26352,0,62,2,5,5,2,5,5,21,21,588,164,17,1,0,0,601.75
 0h01:02.378 2025/12/24T08:33:58z: p:988.06 gasR:1137461.88 iaq:149.83(0) T:11.56(17.16) H:62.19(43.47) sIaq:601.58(0) Stabilization:1 Run in:0
 0h01:03.233 2025/12/24T08:33:59z: DATA B(24),52,62,39,988.06,0.05,26352,0,63,2,3,3,2,3,3,13,13,576,158,17,1,0,0,601.58
 0h01:03.378 2025/12/24T08:33:59z: p:988.04 gasR:1143176.12 iaq:149.78(0) T:11.52(17.12) H:62.29(43.42) sIaq:601.32(0) Stabilization:1 Run in:0
 0h01:04.069 2025/12/24T08:33:59z: DATA B(25),52,62,39,988.04,0.05,26352,0,64,2,3,3,2,3,3,13,13,576,158,17,1,0,0,601.32
 0h01:04.377 2025/12/24T08:34:00z: p:988.05 gasR:1138410.25 iaq:149.76(0) T:11.49(17.09) H:62.33(43.36) sIaq:601.18(0) Stabilization:1 Run in:0
 0h01:05.378 2025/12/24T08:34:01z: p:988.03 gasR:1146054.88 iaq:149.71(0) T:11.47(17.08) H:62.27(43.28) sIaq:600.90(0) Stabilization:1 Run in:0
 0h01:05.893 2025/12/24T08:34:01z: DATA A(27),52,62,39,988.03,0.05,26352,0,65,2,3,4,2,3,4,13,13,528,148,13,4,1,0,600.90
 0h01:06.378 2025/12/24T08:34:02z: p:987.98 gasR:1123422.88 iaq:149.75(0) T:11.46(17.07) H:62.22(43.22) sIaq:601.12(0) Stabilization:1 Run in:0
 0h01:06.727 2025/12/24T08:34:02z: DATA A(28),52,62,39,987.98,0.05,26352,0,66,2,3,4,2,3,4,13,13,528,148,13,4,1,0,601.12
 0h01:07.378 2025/12/24T08:34:03z: p:987.99 gasR:1126202.88 iaq:149.77(0) T:11.46(17.06) H:62.12(43.15) sIaq:601.26(0) Stabilization:1 Run in:0
 0h01:07.632 2025/12/24T08:34:03z: DATA A(29),52,62,39,987.99,0.05,26352,0,67,2,3,4,2,3,4,13,13,483,139,13,4,1,0,601.26
 0h01:08.378 2025/12/24T08:34:04z: p:988.01 gasR:1139360.25 iaq:149.74(0) T:11.46(17.06) H:62.05(43.11) sIaq:601.11(0) Stabilization:1 Run in:0
 0h01:08.466 2025/12/24T08:34:04z: DATA A(30),52,62,39,988.01,0.05,26352,0,68,2,3,4,2,3,4,13,13,483,139,13,4,1,0,601.11
 0h01:09.300 2025/12/24T08:34:05z: DATA A(31),52,62,39,988.01,0.05,26352,0,69,2,3,4,2,3,4,13,13,483,139,13,4,1,0,601.11
 0h01:09.378 2025/12/24T08:34:05z: p:988.00 gasR:1146054.88 iaq:149.69(0) T:11.46(17.06) H:61.99(43.06) sIaq:600.84(0) Stabilization:1 Run in:0
 0h01:10.378 2025/12/24T08:34:06z: p:988.02 gasR:1138410.25 iaq:149.68(0) T:11.47(17.07) H:61.87(43.02) sIaq:600.75(0) Stabilization:1 Run in:0
 0h01:10.963 2025/12/24T08:34:06z: DATA B(26),52,61,39,988.02,0.05,26352,0,70,2,3,3,2,3,3,13,13,618,166,16,2,0,0,600.75
 0h01:11.378 2025/12/24T08:34:07z: p:988.02 gasR:1138410.25 iaq:149.67(0) T:11.47(17.07) H:61.80(42.98) sIaq:600.68(0) Stabilization:1 Run in:0
 0h01:11.798 2025/12/24T08:34:07z: DATA B(27),52,61,39,988.02,0.05,26168,0,71,2,3,3,2,3,3,13,13,618,166,16,2,0,0,600.68
 0h01:12.378 2025/12/24T08:34:08z: p:988.03 gasR:1139360.25 iaq:149.65(0) T:11.49(17.09) H:61.69(42.95) sIaq:600.60(0) Stabilization:1 Run in:0
 0h01:12.633 2025/12/24T08:34:08z: DATA B(28),52,61,39,988.03,0.05,26352,0,72,2,3,3,2,3,3,13,13,618,166,16,2,0,0,600.60
 0h01:13.378 2025/12/24T08:34:09z: p:988.01 gasR:1159682.88 iaq:149.56(0) T:11.49(17.09) H:61.66(42.93) sIaq:600.11(0) Stabilization:1 Run in:0
 0h01:13.539 2025/12/24T08:34:09z: DATA B(29),52,61,39,988.01,0.05,26352,0,73,2,5,5,2,5,5,21,21,618,168,18,2,0,0,600.11
 0h01:14.375 2025/12/24T08:34:10z: DATA B(30),52,61,39,988.01,0.05,26352,0,74,2,5,5,2,5,5,21,21,618,168,18,2,0,0,600.11
 0h01:14.396 2025/12/24T08:34:10z: p:988.01 gasR:1123422.88 iaq:149.62(0) T:11.62(17.09) H:61.08(42.90) sIaq:600.43(0) Stabilization:1 Run in:0
 0h01:15.396 2025/12/24T08:34:11z: p:988.05 gasR:1154778.62 iaq:149.55(0) T:11.39(17.00) H:61.92(42.87) sIaq:600.05(0) Stabilization:1 Run in:0
 0h01:16.184 2025/12/24T08:34:11z: DATA A(32),52,61,39,988.05,0.05,26352,0,76,2,4,5,2,4,5,17,17,534,152,18,7,2,0,600.05
 0h01:16.396 2025/12/24T08:34:12z: p:988.05 gasR:1127132.62 iaq:149.60(0) T:11.49(17.09) H:61.55(42.87) sIaq:600.30(0) Stabilization:1 Run in:0
 0h01:17.018 2025/12/24T08:34:12z: DATA A(33),52,61,39,988.05,0.05,26352,0,77,2,4,5,2,4,5,17,17,534,152,18,7,2,0,600.30
 0h01:17.396 2025/12/24T08:34:13z: p:988.05 gasR:1148948.12 iaq:149.56(0) T:11.50(17.11) H:61.46(42.85) sIaq:600.07(0) Stabilization:1 Run in:0
 0h01:17.922 2025/12/24T08:34:13z: DATA A(34),52,61,39,988.05,0.05,26352,0,77,2,3,4,2,3,4,13,13,471,133,18,7,2,0,600.07
 0h01:18.396 2025/12/24T08:34:14z: p:988.03 gasR:1144134.12 iaq:149.54(0) T:11.51(17.12) H:61.43(42.84) sIaq:599.96(0) Stabilization:1 Run in:0
 0h01:18.756 2025/12/24T08:34:14z: DATA A(35),52,61,39,988.03,0.05,26352,0,78,2,3,4,2,3,4,13,13,471,133,18,7,2,0,599.96
 0h01:19.396 2025/12/24T08:34:15z: p:988.04 gasR:1160668.75 iaq:149.46(0) T:11.50(17.11) H:61.41(42.80) sIaq:599.53(0) Stabilization:1 Run in:0
 0h01:19.590 2025/12/24T08:34:15z: DATA A(36),52,61,39,988.04,0.05,26352,0,79,2,3,4,2,3,4,13,13,471,133,18,7,2,0,599.53
 0h01:20.396 2025/12/24T08:34:16z: p:988.03 gasR:1148948.12 iaq:149.43(0) T:11.49(17.10) H:61.47(42.81) sIaq:599.39(0) Stabilization:1 Run in:0
 0h01:21.268 2025/12/24T08:34:17z: DATA B(31),52,61,39,988.03,0.05,26352,0,81,2,3,3,2,3,3,13,13,582,158,12,1,0,0,599.39
 0h01:21.395 2025/12/24T08:34:17z: p:988.05 gasR:1151856.00 iaq:149.40(0) T:11.49(17.10) H:61.46(42.80) sIaq:599.20(0) Stabilization:1 Run in:0
 0h01:22.103 2025/12/24T08:34:17z: DATA B(32),52,61,39,988.05,0.05,26352,0,82,2,3,3,2,3,3,13,13,582,158,12,1,0,0,599.20
 0h01:22.395 2025/12/24T08:34:18z: p:988.04 gasR:1149915.75 iaq:149.38(0) T:11.49(17.09) H:61.45(42.78) sIaq:599.08(0) Stabilization:1 Run in:0
 0h01:22.939 2025/12/24T08:34:18z: DATA B(33),52,61,39,988.04,0.05,26352,0,82,2,3,3,2,3,3,13,13,582,158,12,1,0,0,599.08
 0h01:23.396 2025/12/24T08:34:19z: p:988.06 gasR:1161656.25 iaq:149.31(0) T:11.51(17.11) H:61.35(42.76) sIaq:598.73(0) Stabilization:1 Run in:0
 0h01:23.845 2025/12/24T08:34:19z: DATA B(34),52,61,39,988.06,0.05,26352,0,83,2,3,3,2,3,3,13,13,564,160,14,1,0,0,598.73
 0h01:24.396 2025/12/24T08:34:20z: p:988.04 gasR:1152828.62 iaq:149.29(0) T:11.51(17.11) H:61.33(42.75) sIaq:598.60(0) Stabilization:1 Run in:0
 0h01:24.680 2025/12/24T08:34:20z: DATA B(35),52,61,39,988.04,0.05,26352,0,84,2,3,3,2,3,3,13,13,564,160,14,1,0,0,598.60
 0h01:25.396 2025/12/24T08:34:21z: p:988.04 gasR:1157716.25 iaq:149.25(0) T:11.53(17.13) H:61.28(42.77) sIaq:598.39(0) Stabilization:1 Run in:0
 0h01:26.396 2025/12/24T08:34:22z: p:988.02 gasR:1147017.62 iaq:149.26(0) T:11.54(17.14) H:61.28(42.77) sIaq:598.43(0) Stabilization:1 Run in:0
 0h01:26.473 2025/12/24T08:34:22z: DATA A(37),52,61,39,988.02,0.05,26352,0,86,2,3,4,2,3,4,13,13,462,134,16,4,1,0,598.43
 0h01:27.308 2025/12/24T08:34:23z: DATA A(38),52,61,39,988.02,0.05,26352,0,87,2,3,4,2,3,4,13,13,462,134,16,4,1,0,598.43
 0h01:27.395 2025/12/24T08:34:23z: p:988.01 gasR:1135569.75 iaq:149.31(0) T:11.54(17.14) H:61.29(42.77) sIaq:598.70(0) Stabilization:1 Run in:0
 0h01:28.212 2025/12/24T08:34:24z: DATA A(39),52,61,39,988.01,0.05,26352,0,88,2,4,4,2,4,4,17,17,504,146,19,5,1,0,598.70
 0h01:28.396 2025/12/24T08:34:24z: p:988.01 gasR:1163636.38 iaq:149.25(0) T:11.51(17.12) H:61.38(42.77) sIaq:598.36(0) Stabilization:1 Run in:0
 0h01:29.046 2025/12/24T08:34:24z: DATA A(40),52,61,39,988.01,0.05,26352,0,89,2,4,4,2,4,4,17,17,504,146,19,5,1,0,598.36
 0h01:29.396 2025/12/24T08:34:25z: p:987.99 gasR:1163636.38 iaq:149.19(0) T:11.50(17.10) H:61.43(42.76) sIaq:598.06(0) Stabilization:1 Run in:0
 0h01:29.880 2025/12/24T08:34:25z: DATA A(41),52,61,39,987.99,0.05,26352,0,89,2,4,4,2,4,4,17,17,504,146,19,5,1,0,598.06
 0h01:30.396 2025/12/24T08:34:26z: p:988.01 gasR:1157716.25 iaq:149.16(0) T:11.49(17.09) H:61.48(42.77) sIaq:597.91(0) Stabilization:1 Run in:0
 0h01:31.396 2025/12/24T08:34:27z: p:988.03 gasR:1135569.75 iaq:149.22(0) T:11.48(17.08) H:61.49(42.75) sIaq:598.24(0) Stabilization:1 Run in:0
 0h01:31.574 2025/12/24T08:34:27z: DATA B(36),52,61,39,988.03,0.05,26352,0,91,2,5,5,2,5,5,21,21,594,166,22,2,0,0,598.24
 0h01:32.396 2025/12/24T08:34:28z: p:988.03 gasR:1143176.12 iaq:149.25(0) T:11.47(17.08) H:61.53(42.77) sIaq:598.37(0) Stabilization:1 Run in:0
 0h01:32.414 2025/12/24T08:34:28z: DATA B(37),52,61,39,988.03,0.05,26352,0,92,2,5,5,2,5,5,21,21,594,166,22,2,0,0,598.37
 0h01:33.244 2025/12/24T08:34:29z: DATA B(38),52,61,39,988.03,0.05,26352,0,93,2,5,5,2,5,5,21,21,594,166,22,2,0,0,598.37
 0h01:33.395 2025/12/24T08:34:29z: p:988.01 gasR:1142219.75 iaq:149.27(0) T:11.46(17.06) H:61.54(42.73) sIaq:598.51(0) Stabilization:1 Run in:0
 0h01:34.150 2025/12/24T08:34:29z: DATA B(39),52,61,39,988.01,0.05,26352,0,94,2,3,3,2,3,3,13,13,540,150,19,2,0,0,598.51
 0h01:34.396 2025/12/24T08:34:30z: p:988.03 gasR:1141265.00 iaq:149.30(0) T:11.47(17.07) H:61.47(42.73) sIaq:598.65(0) Stabilization:1 Run in:0
 0h01:34.985 2025/12/24T08:34:30z: DATA B(40),52,61,39,988.03,0.05,26352,0,94,2,3,3,2,3,3,13,13,540,150,19,2,0,0,598.65
 0h01:35.395 2025/12/24T08:34:31z: p:988.00 gasR:1136515.00 iaq:149.34(0) T:11.48(17.08) H:61.44(42.74) sIaq:598.87(0) Stabilization:1 Run in:0
 0h01:36.395 2025/12/24T08:34:32z: p:988.02 gasR:1166619.25 iaq:149.26(0) T:11.48(17.09) H:61.44(42.75) sIaq:598.45(0) Stabilization:1 Run in:0
 0h01:36.764 2025/12/24T08:34:32z: DATA A(42),52,61,39,988.02,0.05,26352,0,96,2,3,4,2,3,4,13,13,504,142,16,5,1,0,598.45
 0h01:37.396 2025/12/24T08:34:33z: p:988.03 gasR:1158698.75 iaq:149.22(0) T:11.48(17.09) H:61.42(42.74) sIaq:598.23(0) Stabilization:1 Run in:0
 0h01:37.599 2025/12/24T08:34:33z: DATA A(43),52,61,39,988.03,0.05,26352,0,97,2,3,4,2,3,4,13,13,504,142,16,5,1,0,598.23
 0h01:38.395 2025/12/24T08:34:34z: p:988.05 gasR:1162645.50 iaq:149.18(0) T:11.49(17.09) H:61.43(42.76) sIaq:597.97(0) Stabilization:1 Run in:0
 0h01:38.502 2025/12/24T08:34:34z: DATA A(44),52,61,39,988.05,0.05,26352,0,98,2,3,4,2,3,4,13,13,537,150,14,6,2,0,597.97
 0h01:39.337 2025/12/24T08:34:35z: DATA A(45),52,61,39,988.05,0.05,26352,0,99,2,3,4,2,3,4,13,13,537,150,14,6,2,0,597.97
 0h01:39.396 2025/12/24T08:34:35z: p:988.02 gasR:1147982.12 iaq:149.19(0) T:11.49(17.10) H:61.43(42.77) sIaq:598.03(0) Stabilization:1 Run in:0
 0h01:40.170 2025/12/24T08:34:35z: DATA A(46),52,61,39,988.02,0.05,26352,0,100,2,3,4,2,3,4,13,13,537,150,14,6,2,0,598.03
 0h01:40.396 2025/12/24T08:34:36z: p:988.02 gasR:1163636.38 iaq:149.14(0) T:11.51(17.11) H:61.41(42.81) sIaq:597.77(0) Stabilization:1 Run in:0
 0h01:41.396 2025/12/24T08:34:37z: p:988.01 gasR:1166619.25 iaq:149.09(0) T:11.51(17.11) H:61.46(42.83) sIaq:597.48(0) Stabilization:1 Run in:0
 0h01:41.880 2025/12/24T08:34:37z: DATA B(41),52,61,39,988.01,0.05,26352,0,101,2,3,3,2,3,3,13,13,492,140,17,2,0,0,597.48
 0h01:42.396 2025/12/24T08:34:38z: p:988.02 gasR:1160668.75 iaq:149.06(0) T:11.50(17.11) H:61.49(42.84) sIaq:597.34(0) Stabilization:1 Run in:0
 0h01:42.715 2025/12/24T08:34:38z: DATA B(42),52,61,39,988.02,0.05,26352,0,102,2,3,3,2,3,3,13,13,492,140,17,2,0,0,597.34
{"SensorId":"a4:e5:7c:26:24:d4","DateTime":"2025/12/24T08:34:39z","Geo":"PurpleAir-24d4","Mem":26352,"memfrag":2,"memfb":25968,"memcs":800,"Id":1,"lat":0.000000,"lon":0.000000,"Adc":"nan","loggingrate":15,"place":"outside","version":"7.04","uptime":103,"rssi":0,"period":103,"httpsuccess":0,"httpsends":0,"hardwareversion":"3.0","hardwarediscovered":"3.0+RV3028+BME68X+PMSX003-A+PMSX003-B","current_temp_f":52,"current_humidity":61,"current_dewpoint_f":39,"pressure":988.02,"current_temp_f_680":52,"current_humidity_680":61,"current_dewpoint_f_680":39,"pressure_680":988.02,"gas_680":"nan","p25aqic_b":"rgb(7,229,0)","pm2.5_aqi_b":15,"pm1_0_cf_1_b":2.10,"p_0_3_um_b":567.00,"pm2_5_cf_1_b":3.55,"p_0_5_um_b":160.33,"pm10_0_cf_1_b":4.19,"p_1_0_um_b":16.07,"pm1_0_atm_b":2.10,"p_2_5_um_b":1.45,"pm2_5_atm_b":3.55,"p_5_0_um_b":0.36,"pm10_0_atm_b":4.19,"p_10_0_um_b":0.36,"p25aqic":"rgb(7,229,0)","pm2.5_aqi":15,"pm1_0_cf_1":2.15,"p_0_3_um":548.67,"pm2_5_cf_1":3.54,"p_0_5_um":153.59,"pm10_0_cf_1":4.61,"p_1_0_um":21.09,"pm1_0_atm":2.15,"p_2_5_um":3.78,"pm2_5_atm":3.54,"p_5_0_um":1.26,"pm10_0_atm":4.61,"p_10_0_um":0.28,"wlstate":"No SSID","status_0":0,"status_1":0,"status_2":0,"status_3":0,"status_4":2,"status_5":2,"status_7":0,"status_8":2,"status_9":2}
 0h01:43.502 2025/12/24T08:34:39z: update.purpleair.com:80/firmware/2mb/update.asp
 0h01:43.509 2025/12/24T08:34:39z: Error: -1
1 BSEC warning code : 100

UTCDateTime,mac_address,firmware_ver,hardware,current_temp_f,current_humidity,current_dewpoint_f,pressure,adc,mem,rssi,uptime,pm1_0_cf_1,pm2_5_cf_1,pm10_0_cf_1,pm1_0_atm,pm2_5_atm,pm10_0_atm,pm2.5_aqi_cf_1,pm2.5_aqi_atm,p_0_3_um,p_0_5_um,p_1_0_um,p_2_5_um,p_5_0_um,p_10_0_um,pm1_0_cf_1_b,pm2_5_cf_1_b,pm10_0_cf_1_b,pm1_0_atm_b,pm2_5_atm_b,pm10_0_atm_b,pm2.5_aqi_cf_1_b,pm2.5_aqi_atm_b,p_0_3_um_b,p_0_5_um_b,p_1_0_um_b,p_2_5_um_b,p_5_0_um_b,p_10_0_um_b,gas
2025/12/24T08:34:39z,a4:e5:7c:26:24:d4,7.04,3.0+RV3028+BME68X+PMSX003-A+PMSX003-B,52,61,39,988.02,nan,26352,0,103,2.15,3.54,4.61,2.15,3.54,4.61,15,15,548.67,153.59,21.09,3.78,1.26,0.28,2.10,3.55,4.19,2.10,3.55,4.19,15,15,567.00,160.33,16.07,1.45,0.36,0.36,nan
1 BSEC warning code : 100

1 BSEC warning code : 100

1 BSEC warning code : 100

1 BSEC warning code : 100

1 BSEC warning code : 100

1 BSEC warning code : 100

1 BSEC warning code : 100

1 BSEC warning code : 100

1 BSEC warning code : 100

1 BSEC warning code : 100

 ets Jan  8 2013,rst cause:1, boot mode:(3,7)

load 0x4010f000, len 1384, room 16 
tail 8
chksum 0x2d
csum 0x2d
v8b899c12
~ld


7.04
 0h00:00.295 1970/01/01T08:00:00z: SPIFFS Active
 0h00:03.968 2025/12/24T17:06:13z: a4:e5:7c:26:24:d4
 0h00:03.970 2025/12/24T17:06:13z: SSID: NothingButSunshine
1 BSEC warning code : 100

1 BSEC warning code : 100

1 BSEC warning code : 100

1 BSEC warning code : 100

1 BSEC warning code : 100

1 BSEC warning code : 100

1 BSEC warning code : 100

1 BSEC warning code : 100

1 BSEC warning code : 100

1 BSEC warning code : 100

 ets Jan  8 2013,rst cause:1, boot mode:(3,7)

load 0x4010f000, len 1384, room 16 
tail 8
chksum 0x2d
csum 0x2d
v8b899c12
~ld


7.04
 0h00:00.297 1970/01/01T08:00:00z: SPIFFS Active
 0h00:03.970 2025/12/24T17:25:59z: a4:e5:7c:26:24:d4
 0h00:03.972 2025/12/24T17:25:59z: SSID: NothingButSunshine
1 BSEC warning code : 100

1 BSEC warning code : 100

1 BSEC warning code : 100

1 BSEC warning code : 100

1 BSEC warning code : 100

1 BSEC warning code : 100

1 BSEC warning code : 100

1 BSEC warning code : 100

1 BSEC warning code : 100

1 BSEC warning code : 100

 ets Jan  8 2013,rst cause:1, boot mode:(3,7)

load 0x4010f000, len 1384, room 16 
tail 8
chksum 0x2d
csum 0x2d
v8b899c12
~ld


7.04
 0h00:00.292 1970/01/01T08:00:00z: SPIFFS Active
 0h00:03.965 2025/12/24T17:45:44z: a4:e5:7c:26:24:d4
 0h00:03.967 2025/12/24T17:45:44z: SSID: NothingButSunshine
1 BSEC warning code : 100

1 BSEC warning code : 100

1 BSEC warning code : 100

1 BSEC warning code : 100

1 BSEC warning code : 100

1 BSEC warning code : 100

1 BSEC warning code : 100

1 BSEC warning code : 100

1 BSEC warning code : 100

1 BSEC warning code : 100

 ets Jan  8 2013,rst cause:1, boot mode:(3,7)

load 0x4010f000, len 1384, room 16 
tail 8
chksum 0x2d
csum 0x2d
v8b899c12
~ld


7.04
 0h00:00.288 1970/01/01T08:00:00z: SPIFFS Active
 0h00:03.961 2025/12/24T18:05:29z: a4:e5:7c:26:24:d4
 0h00:03.962 2025/12/24T18:05:29z: SSID: NothingButSunshine
1 BSEC warning code : 100

1 BSEC warning code : 100

1 BSEC warning code : 100

1 BSEC warning code : 100

1 BSEC warning code : 100

1 BSEC warning code : 100

1 BSEC warning code : 100

1 BSEC warning code : 100

1 BSEC warning code : 100

1 BSEC warning code : 100

 ets Jan  8 2013,rst cause:1, boot mode:(3,7)

load 0x4010f000, len 1384, room 16 
tail 8
chksum 0x2d
csum 0x2d
v8b899c12
~ld


7.04
 0h00:00.288 1970/01/01T08:00:00z: SPIFFS Active
 0h00:03.961 2025/12/24T18:25:14z: a4:e5:7c:26:24:d4
 0h00:03.963 2025/12/24T18:25:14z: SSID: NothingButSunshine
1 BSEC warning code : 100

1 BSEC warning code : 100

1 BSEC warning code : 100

1 BSEC warning code : 100

1 BSEC warning code : 100

1 BSEC warning code : 100

1 BSEC warning code : 100

1 BSEC warning code : 100

1 BSEC warning code : 100

1 BSEC warning code : 100

 ets Jan  8 2013,rst cause:1, boot mode:(3,7)

load 0x4010f000, len 1384, room 16 
tail 8
chksum 0x2d
csum 0x2d
v8b899c12
~ld


7.04
 0h00:00.282 1970/01/01T08:00:00z: SPIFFS Active
 0h00:03.956 2025/12/24T18:45:00z: a4:e5:7c:26:24:d4
 0h00:03.957 2025/12/24T18:45:00z: SSID: NothingButSunshine
1 BSEC warning code : 100

1 BSEC warning code : 100

1 BSEC warning code : 100

1 BSEC warning code : 100

1 BSEC warning code : 100

1 BSEC warning code : 100

1 BSEC warning code : 100

1 BSEC warning code : 100

1 BSEC warning code : 100

1 BSEC warning code : 100

 ets Jan  8 2013,rst cause:1, boot mode:(3,7)

load 0x4010f000, len 1384, room 16 
tail 8
chksum 0x2d
csum 0x2d
v8b899c12
~ld


7.04
 0h00:00.286 1970/01/01T08:00:00z: SPIFFS Active
 0h00:03.959 2025/12/24T19:04:46z: a4:e5:7c:26:24:d4
 0h00:03.961 2025/12/24T19:04:46z: SSID: NothingButSunshine
1 BSEC warning code : 100

1 BSEC warning code : 100

1 BSEC warning code : 100

1 BSEC warning code : 100

1 BSEC warning code : 100

1 BSEC warning code : 100

1 BSEC warning code : 100

1 BSEC warning code : 100

1 BSEC warning code : 100

1 BSEC warning code : 100

 ets Jan  8 2013,rst cause:1, boot mode:(3,7)

load 0x4010f000, len 1384, room 16 
tail 8
chksum 0x2d
csum 0x2d
v8b899c12
~ld


7.04
 0h00:00.286 1970/01/01T08:00:00z: SPIFFS Active
 0h00:03.960 2025/12/24T19:24:32z: a4:e5:7c:26:24:d4
 0h00:03.962 2025/12/24T19:24:32z: SSID: NothingButSunshine
1 BSEC warning code : 100

1 BSEC warning code : 100

1 BSEC warning code : 100

1 BSEC warning code : 100

1 BSEC warning code : 100

1 BSEC warning code : 100

1 BSEC warning code : 100

1 BSEC warning code : 100

1 BSEC warning code : 100

1 BSEC warning code : 100

 ets Jan  8 2013,rst cause:1, boot mode:(3,7)

load 0x4010f000, len 1384, room 16 
tail 8
chksum 0x2d
csum 0x2d
v8b899c12
~ld


7.04
 0h00:00.285 1970/01/01T08:00:00z: SPIFFS Active
 0h00:03.960 2025/12/24T19:44:18z: a4:e5:7c:26:24:d4
 0h00:03.961 2025/12/24T19:44:18z: SSID: NothingButSunshine
1 BSEC warning code : 100

1 BSEC warning code : 100

1 BSEC warning code : 100

1 BSEC warning code : 100

1 BSEC warning code : 100

1 BSEC warning code : 100

1 BSEC warning code : 100

1 BSEC warning code : 100

1 BSEC warning code : 100

1 BSEC warning code : 100

 ets Jan  8 2013,rst cause:1, boot mode:(3,7)

load 0x4010f000, len 1384, room 16 
tail 8
chksum 0x2d
csum 0x2d
v8b899c12
~ld


7.04
 0h00:00.289 1970/01/01T08:00:00z: SPIFFS Active
 0h00:03.964 2025/12/24T20:04:02z: a4:e5:7c:26:24:d4
 0h00:03.966 2025/12/24T20:04:02z: SSID: NothingButSunshine
1 BSEC warning code : 100

1 BSEC warning code : 100

1 BSEC warning code : 100

1 BSEC warning code : 100

1 BSEC warning code : 100

1 BSEC warning code : 100

1 BSEC warning code : 100

1 BSEC warning code : 100

1 BSEC warning code : 100

1 BSEC warning code : 100

 ets Jan  8 2013,rst cause:1, boot mode:(3,7)

load 0x4010f000, len 1384, room 16 
tail 8
chksum 0x2d
csum 0x2d
v8b899c12
~ld


7.04
 0h00:00.289 1970/01/01T08:00:00z: SPIFFS Active
 0h00:03.962 2025/12/24T20:23:47z: a4:e5:7c:26:24:d4
 0h00:03.964 2025/12/24T20:23:47z: SSID: NothingButSunshine
1 BSEC warning code : 100

1 BSEC warning code : 100

1 BSEC warning code : 100

1 BSEC warning code : 100

1 BSEC warning code : 100

1 BSEC warning code : 100

1 BSEC warning code : 100

1 BSEC warning code : 100

1 BSEC warning code : 100

1 BSEC warning code : 100

 ets Jan  8 2013,rst cause:1, boot mode:(3,7)

load 0x4010f000, len 1384, room 16 
tail 8
chksum 0x2d
csum 0x2d
v8b899c12
~ld


7.04
 0h00:00.292 1970/01/01T08:00:00z: SPIFFS Active
 0h00:03.965 2025/12/24T20:43:32z: a4:e5:7c:26:24:d4
 0h00:03.967 2025/12/24T20:43:32z: SSID: NothingButSunshine
1 BSEC warning code : 100

1 BSEC warning code : 100

1 BSEC warning code : 100

1 BSEC warning code : 100

1 BSEC warning code : 100

1 BSEC warning code : 100

1 BSEC warning code : 100

1 BSEC warning code : 100

1 BSEC warning code : 100

1 BSEC warning code : 100

 ets Jan  8 2013,rst cause:1, boot mode:(3,7)

load 0x4010f000, len 1384, room 16 
tail 8
chksum 0x2d
csum 0x2d
v8b899c12
~ld


7.04
 0h00:00.293 1970/01/01T08:00:00z: SPIFFS Active
 0h00:03.967 2025/12/24T21:03:17z: a4:e5:7c:26:24:d4
 0h00:03.968 2025/12/24T21:03:17z: SSID: NothingButSunshine
1 BSEC warning code : 100

1 BSEC warning code : 100

1 BSEC warning code : 100

1 BSEC warning code : 100

1 BSEC warning code : 100

1 BSEC warning code : 100

1 BSEC warning code : 100

1 BSEC warning code : 100

1 BSEC warning code : 100

1 BSEC warning code : 100

 ets Jan  8 2013,rst cause:1, boot mode:(3,7)

load 0x4010f000, len 1384, room 16 
tail 8
chksum 0x2d
csum 0x2d
v8b899c12
~ld


7.04
 0h00:00.292 1970/01/01T08:00:00z: SPIFFS Active
 0h00:03.966 2025/12/24T21:23:03z: a4:e5:7c:26:24:d4
 0h00:03.967 2025/12/24T21:23:03z: SSID: NothingButSunshine
1 BSEC warning code : 100

1 BSEC warning code : 100

1 BSEC warning code : 100

1 BSEC warning code : 100

1 BSEC warning code : 100

1 BSEC warning code : 100

1 BSEC warning code : 100

1 BSEC warning code : 100

1 BSEC warning code : 100

1 BSEC warning code : 100

 ets Jan  8 2013,rst cause:1, boot mode:(3,7)

load 0x4010f000, len 1384, room 16 
tail 8
chksum 0x2d
csum 0x2d
v8b899c12
~ld


7.04
 0h00:00.287 1970/01/01T08:00:00z: SPIFFS Active
 0h00:03.960 2025/12/24T21:42:49z: a4:e5:7c:26:24:d4
 0h00:03.962 2025/12/24T21:42:49z: SSID: NothingButSunshine
1 BSEC warning code : 100

1 BSEC warning code : 100

1 BSEC warning code : 100

1 BSEC warning code : 100

1 BSEC warning code : 100

1 BSEC warning code : 100

1 BSEC warning code : 100

1 BSEC warning code : 100

1 BSEC warning code : 100

1 BSEC warning code : 100

 ets Jan  8 2013,rst cause:1, boot mode:(3,7)

load 0x4010f000, len 1384, room 16 
tail 8
chksum 0x2d
csum 0x2d
v8b899c12
~ld


7.04
 0h00:00.291 1970/01/01T08:00:00z: SPIFFS Active
 0h00:03.965 2025/12/24T22:02:34z: a4:e5:7c:26:24:d4
 0h00:03.966 2025/12/24T22:02:34z: SSID: NothingButSunshine
1 BSEC warning code : 100

1 BSEC warning code : 100

1 BSEC warning code : 100

1 BSEC warning code : 100

1 BSEC warning code : 100

1 BSEC warning code : 100

1 BSEC warning code : 100

1 BSEC warning code : 100

1 BSEC warning code : 100

1 BSEC warning code : 100

 ets Jan  8 2013,rst cause:1, boot mode:(3,7)

load 0x4010f000, len 1384, room 16 
tail 8
chksum 0x2d
csum 0x2d
v8b899c12
~ld


7.04
 0h00:00.290 1970/01/01T08:00:00z: SPIFFS Active
 0h00:03.963 2025/12/24T22:22:19z: a4:e5:7c:26:24:d4
 0h00:03.965 2025/12/24T22:22:19z: SSID: NothingButSunshine
1 BSEC warning code : 100

1 BSEC warning code : 100

1 BSEC warning code : 100

1 BSEC warning code : 100

1 BSEC warning code : 100

1 BSEC warning code : 100

1 BSEC warning code : 100

1 BSEC warning code : 100

1 BSEC warning code : 100

1 BSEC warning code : 100

 ets Jan  8 2013,rst cause:1, boot mode:(3,7)

load 0x4010f000, len 1384, room 16 
tail 8
chksum 0x2d
csum 0x2d
v8b899c12
~ld


7.04
 0h00:00.294 1970/01/01T08:00:00z: SPIFFS Active
 0h00:03.967 2025/12/24T22:42:04z: a4:e5:7c:26:24:d4
 0h00:03.968 2025/12/24T22:42:04z: SSID: NothingButSunshine
1 BSEC warning code : 100

1 BSEC warning code : 100

1 BSEC warning code : 100

1 BSEC warning code : 100

1 BSEC warning code : 100

1 BSEC warning code : 100

1 BSEC warning code : 100

1 BSEC warning code : 100

1 BSEC warning code : 100

1 BSEC warning code : 100

 ets Jan  8 2013,rst cause:1, boot mode:(3,7)

load 0x4010f000, len 1384, room 16 
tail 8
chksum 0x2d
csum 0x2d
v8b899c12
~ld


7.04
 0h00:00.283 1970/01/01T08:00:00z: SPIFFS Active
 0h00:03.956 2025/12/24T23:01:49z: a4:e5:7c:26:24:d4
 0h00:03.958 2025/12/24T23:01:49z: SSID: NothingButSunshine
1 BSEC warning code : 100

1 BSEC warning code : 100

1 BSEC warning code : 100

1 BSEC warning code : 100

1 BSEC warning code : 100

1 BSEC warning code : 100

1 BSEC warning code : 100

1 BSEC warning code : 100

1 BSEC warning code : 100

1 BSEC warning code : 100

 ets Jan  8 2013,rst cause:1, boot mode:(3,7)

load 0x4010f000, len 1384, room 16 
tail 8
chksum 0x2d
csum 0x2d
v8b899c12
~ld


7.04
 0h00:00.294 1970/01/01T08:00:00z: SPIFFS Active
 0h00:03.968 2025/12/24T23:21:35z: a4:e5:7c:26:24:d4
 0h00:03.969 2025/12/24T23:21:35z: SSID: NothingButSunshine
1 BSEC warning code : 100

1 BSEC warning code : 100

1 BSEC warning code : 100

1 BSEC warning code : 100

1 BSEC warning code : 100

1 BSEC warning code : 100

1 BSEC warning code : 100

1 BSEC warning code : 100

1 BSEC warning code : 100

1 BSEC warning code : 100

 ets Jan  8 2013,rst cause:1, boot mode:(3,7)

load 0x4010f000, len 1384, room 16 
tail 8
chksum 0x2d
csum 0x2d
v8b899c12
~ld


7.04
 0h00:00.293 1970/01/01T08:00:00z: SPIFFS Active
 0h00:03.966 2025/12/24T23:41:20z: a4:e5:7c:26:24:d4
 0h00:03.968 2025/12/24T23:41:20z: SSID: NothingButSunshine
1 BSEC warning code : 100

1 BSEC warning code : 100

1 BSEC warning code : 100

1 BSEC warning code : 100

1 BSEC warning code : 100

1 BSEC warning code : 100

1 BSEC warning code : 100

1 BSEC warning code : 100

1 BSEC warning code : 100
