
1 BSEC warning code : 100

1 BSEC warning code : 100

1 BSEC warning code : 100

1 BSEC warning code : 100

 ets Jan  8 2013,rst cause:1, boot mode:(3,7)

load 0x4010f000, len 1384, room 16 
tail 8
chksum 0x2d
csum 0x2d
v8b899c12
~ld


7.04
 0h00:00.285 1970/01/01T08:00:00z: SPIFFS Active
 0h00:03.960 2025/12/23T00:07:33z: a4:e5:7c:26:24:d4
 0h00:03.961 2025/12/23T00:07:33z: SSID: NothingButSunshine
1 BSEC warning code : 100

1 BSEC warning code : 100

1 BSEC warning code : 100

1 BSEC warning code : 100

1 BSEC warning code : 100

1 BSEC warning code : 100

1 BSEC warning code : 100

1 BSEC warning code : 100

1 BSEC warning code : 100

1 BSEC warning code : 100

 ets Jan  8 2013,rst cause:1, boot mode:(3,7)

load 0x4010f000, len 1384, room 16 
tail 8
chksum 0x2d
csum 0x2d
v8b899c12
~ld


7.04
 0h00:00.287 1970/01/01T08:00:00z: SPIFFS Active
 0h00:03.961 2025/12/23T00:27:18z: a4:e5:7c:26:24:d4
 0h00:03.963 2025/12/23T00:27:18z: SSID: NothingButSunshine
1 BSEC warning code : 100

1 BSEC warning code : 100

1 BSEC warning code : 100

1 BSEC warning code : 100

1 BSEC warning code : 100

1 BSEC warning code : 100

1 BSEC warning code : 100

1 BSEC warning code : 100

1 BSEC warning code : 100

1 BSEC warning code : 100

 ets Jan  8 2013,rst cause:1, boot mode:(3,7)

load 0x4010f000, len 1384, room 16 
tail 8
chksum 0x2d
csum 0x2d
v8b899c12
~ld


7.04
 0h00:00.282 1970/01/01T08:00:00z: SPIFFS Active
 0h00:03.956 2025/12/23T00:47:03z: a4:e5:7c:26:24:d4
 0h00:03.957 2025/12/23T00:47:03z: SSID: NothingButSunshine
1 BSEC warning code : 100

1 BSEC warning code : 100

1 BSEC warning code : 100

1 BSEC warning code : 100

1 BSEC warning code : 100

1 BSEC warning code : 100

1 BSEC warning code : 100

1 BSEC warning code : 100

1 BSEC warning code : 100

1 BSEC warning code : 100

 ets Jan  8 2013,rst cause:1, boot mode:(3,7)

load 0x4010f000, len 1384, room 16 
tail 8
chksum 0x2d
csum 0x2d
v8b899c12
~ld


7.04
 0h00:00.286 1970/01/01T08:00:00z: SPIFFS Active
 0h00:03.961 2025/12/23T01:06:48z: a4:e5:7c:26:24:d4
 0h00:03.962 2025/12/23T01:06:48z: SSID: NothingButSunshine
1 BSEC warning code : 100

1 BSEC warning code : 100

1 BSEC warning code : 100

1 BSEC warning code : 100

1 BSEC warning code : 100

1 BSEC warning code : 100

1 BSEC warning code : 100

1 BSEC warning code : 100

1 BSEC warning code : 100

1 BSEC warning code : 100

 ets Jan  8 2013,rst cause:1, boot mode:(3,7)

load 0x4010f000, len 1384, room 16 
tail 8
chksum 0x2d
csum 0x2d
v8b899c12
~ld


7.04
 0h00:00.287 1970/01/01T08:00:00z: SPIFFS Active
 0h00:03.962 2025/12/23T01:26:33z: a4:e5:7c:26:24:d4
 0h00:03.963 2025/12/23T01:26:33z: SSID: NothingButSunshine
1 BSEC warning code : 100

1 BSEC warning code : 100

1 BSEC warning code : 100

1 BSEC warning code : 100

1 BSEC warning code : 100

1 BSEC warning code : 100

1 BSEC warning code : 100

1 BSEC warning code : 100

1 BSEC warning code : 100

1 BSEC warning code : 100

 ets Jan  8 2013,rst cause:1, boot mode:(3,7)

load 0x4010f000, len 1384, room 16 
tail 8
chksum 0x2d
csum 0x2d
v8b899c12
~ld


7.04
 0h00:00.293 1970/01/01T08:00:00z: SPIFFS Active
 0h00:03.968 2025/12/23T01:46:18z: a4:e5:7c:26:24:d4
 0h00:03.969 2025/12/23T01:46:18z: SSID: NothingButSunshine
1 BSEC warning code : 100

1 BSEC warning code : 100

1 BSEC warning code : 100

1 BSEC warning code : 100

1 BSEC warning code : 100

1 BSEC warning code : 100

1 BSEC warning code : 100

1 BSEC warning code : 100

1 BSEC warning code : 100

1 BSEC warning code : 100

 ets Jan  8 2013,rst cause:1, boot mode:(3,7)

load 0x4010f000, len 1384, room 16 
tail 8
chksum 0x2d
csum 0x2d
v8b899c12
~ld


7.04
 0h00:00.295 1970/01/01T08:00:00z: SPIFFS Active
 0h00:03.969 2025/12/23T02:06:03z: a4:e5:7c:26:24:d4
 0h00:03.971 2025/12/23T02:06:03z: SSID: NothingButSunshine
1 BSEC warning code : 100

1 BSEC warning code : 100

1 BSEC warning code : 100

1 BSEC warning code : 100

1 BSEC warning code : 100

1 BSEC warning code : 100

1 BSEC warning code : 100

1 BSEC warning code : 100

1 BSEC warning code : 100

1 BSEC warning code : 100

 ets Jan  8 2013,rst cause:1, boot mode:(3,7)

load 0x4010f000, len 1384, room 16 
tail 8
chksum 0x2d
csum 0x2d
v8b899c12
~ld


7.04
 0h00:00.291 1970/01/01T08:00:00z: SPIFFS Active
 0h00:03.965 2025/12/23T02:25:48z: a4:e5:7c:26:24:d4
 0h00:03.967 2025/12/23T02:25:48z: SSID: NothingButSunshine
1 BSEC warning code : 100

1 BSEC warning code : 100

1 BSEC warning code : 100

1 BSEC warning code : 100

1 BSEC warning code : 100

1 BSEC warning code : 100

1 BSEC warning code : 100

1 BSEC warning code : 100

1 BSEC warning code : 100

1 BSEC warning code : 100

 ets Jan  8 2013,rst cause:1, boot mode:(3,7)

load 0x4010f000, len 1384, room 16 
tail 8
chksum 0x2d
csum 0x2d
v8b899c12
~ld


7.04
 0h00:00.292 1970/01/01T08:00:00z: SPIFFS Active
 0h00:03.967 2025/12/23T02:45:33z: a4:e5:7c:26:24:d4
 0h00:03.968 2025/12/23T02:45:33z: SSID: NothingButSunshine
1 BSEC warning code : 100

1 BSEC warning code : 100

1 BSEC warning code : 100

1 BSEC warning code : 100

1 BSEC warning code : 100

1 BSEC warning code : 100

1 BSEC warning code : 100

1 BSEC warning code : 100

1 BSEC warning code : 100

1 BSEC warning code : 100

 ets Jan  8 2013,rst cause:1, boot mode:(3,7)

load 0x4010f000, len 1384, room 16 
tail 8
chksum 0x2d
csum 0x2d
v8b899c12
~ld


7.04
 0h00:00.293 1970/01/01T08:00:00z: SPIFFS Active
 0h00:03.967 2025/12/23T03:05:18z: a4:e5:7c:26:24:d4
 0h00:03.969 2025/12/23T03:05:18z: SSID: NothingButSunshine
1 BSEC warning code : 100

1 BSEC warning code : 100

1 BSEC warning code : 100

1 BSEC warning code : 100

1 BSEC warning code : 100

1 BSEC warning code : 100

1 BSEC warning code : 100

1 BSEC warning code : 100

1 BSEC warning code : 100

1 BSEC warning code : 100

 ets Jan  8 2013,rst cause:1, boot mode:(3,7)

load 0x4010f000, len 1384, room 16 
tail 8
chksum 0x2d
csum 0x2d
v8b899c12
~ld


7.04
 0h00:00.285 1970/01/01T08:00:00z: SPIFFS Active
 0h00:03.959 2025/12/23T03:25:03z: a4:e5:7c:26:24:d4
 0h00:03.961 2025/12/23T03:25:03z: SSID: NothingButSunshine
1 BSEC warning code : 100

1 BSEC warning code : 100

1 BSEC warning code : 100

1 BSEC warning code : 100

1 BSEC warning code : 100

1 BSEC warning code : 100

1 BSEC warning code : 100

1 BSEC warning code : 100

1 BSEC warning code : 100

1 BSEC warning code : 100

 ets Jan  8 2013,rst cause:1, boot mode:(3,7)

load 0x4010f000, len 1384, room 16 
tail 8
chksum 0x2d
csum 0x2d
v8b899c12
~ld


7.04
 0h00:00.285 1970/01/01T08:00:00z: SPIFFS Active
 0h00:03.959 2025/12/23T03:44:48z: a4:e5:7c:26:24:d4
 0h00:03.961 2025/12/23T03:44:48z: SSID: NothingButSunshine
1 BSEC warning code : 100

1 BSEC warning code : 100

1 BSEC warning code : 100

1 BSEC warning code : 100

1 BSEC warning code : 100

1 BSEC warning code : 100

1 BSEC warning code : 100

1 BSEC warning code : 100

1 BSEC warning code : 100

1 BSEC warning code : 100

 ets Jan  8 2013,rst cause:1, boot mode:(3,7)

load 0x4010f000, len 1384, room 16 
tail 8
chksum 0x2d
csum 0x2d
v8b899c12
~ld


7.04
 0h00:00.288 1970/01/01T08:00:00z: SPIFFS Active
 0h00:03.962 2025/12/23T04:04:33z: a4:e5:7c:26:24:d4
 0h00:03.964 2025/12/23T04:04:33z: SSID: NothingButSunshine
1 BSEC warning code : 100

1 BSEC warning code : 100

1 BSEC warning code : 100

1 BSEC warning code : 100

1 BSEC warning code : 100

1 BSEC warning code : 100

1 BSEC warning code : 100

1 BSEC warning code : 100

1 BSEC warning code : 100

1 BSEC warning code : 100

1 BSEC warning code : 100

1 BSEC warning code : 100

1 BSEC warning code : 100

1 BSEC warning code : 100

1 BSEC warning code : 100

 ets Jan  8 2013,rst cause:1, boot mode:(3,7)

load 0x4010f000, len 1384, room 16 
tail 8
chksum 0x2d
csum 0x2d
v8b899c12
~ld


7.04
 0h00:00.283 1970/01/01T08:00:00z: SPIFFS Active
 0h00:03.958 2025/12/23T04:34:18z: a4:e5:7c:26:24:d4
 0h00:03.959 2025/12/23T04:34:18z: SSID: NothingButSunshine
1 BSEC warning code : 100

1 BSEC warning code : 100

1 BSEC warning code : 100

1 BSEC warning code : 100

1 BSEC warning code : 100

1 BSEC warning code : 100

1 BSEC warning code : 100

1 BSEC warning code : 100

1 BSEC warning code : 100

1 BSEC warning code : 100

 ets Jan  8 2013,rst cause:1, boot mode:(3,7)

load 0x4010f000, len 1384, room 16 
tail 8
chksum 0x2d
csum 0x2d
v8b899c12
~ld


7.04
 0h00:00.288 1970/01/01T08:00:00z: SPIFFS Active
 0h00:03.962 2025/12/23T04:54:03z: a4:e5:7c:26:24:d4
 0h00:03.964 2025/12/23T04:54:03z: SSID: NothingButSunshine
1 BSEC warning code : 100

1 BSEC warning code : 100

1 BSEC warning code : 100

1 BSEC warning code : 100

1 BSEC warning code : 100

1 BSEC warning code : 100

1 BSEC warning code : 100

1 BSEC warning code : 100

1 BSEC warning code : 100

1 BSEC warning code : 100

 ets Jan  8 2013,rst cause:1, boot mode:(3,7)

load 0x4010f000, len 1384, room 16 
tail 8
chksum 0x2d
csum 0x2d
v8b899c12
~ld


7.04
 0h00:00.292 1970/01/01T08:00:00z: SPIFFS Active
 0h00:03.966 2025/12/23T05:13:49z: a4:e5:7c:26:24:d4
 0h00:03.968 2025/12/23T05:13:49z: SSID: NothingButSunshine
1 BSEC warning code : 100

1 BSEC warning code : 100

1 BSEC warning code : 100

1 BSEC warning code : 100

1 BSEC warning code : 100

1 BSEC warning code : 100

1 BSEC warning code : 100

1 BSEC warning code : 100

1 BSEC warning code : 100

1 BSEC warning code : 100

 ets Jan  8 2013,rst cause:1, boot mode:(3,7)

load 0x4010f000, len 1384, room 16 
tail 8
chksum 0x2d
csum 0x2d
v8b899c12
~ld


7.04
 0h00:00.284 1970/01/01T08:00:00z: SPIFFS Active
 0h00:03.958 2025/12/23T05:33:34z: a4:e5:7c:26:24:d4
 0h00:03.960 2025/12/23T05:33:34z: SSID: NothingButSunshine
1 BSEC warning code : 100

1 BSEC warning code : 100

1 BSEC warning code : 100

1 BSEC warning code : 100

1 BSEC warning code : 100

1 BSEC warning code : 100

1 BSEC warning code : 100

1 BSEC warning code : 100

1 BSEC warning code : 100

1 BSEC warning code : 100

 ets Jan  8 2013,rst cause:1, boot mode:(3,7)

load 0x4010f000, len 1384, room 16 
tail 8
chksum 0x2d
csum 0x2d
v8b899c12
~ld


7.04
 0h00:00.285 1970/01/01T08:00:00z: SPIFFS Active
 0h00:03.960 2025/12/23T05:53:20z: a4:e5:7c:26:24:d4
 0h00:03.962 2025/12/23T05:53:20z: SSID: NothingButSunshine
1 BSEC warning code : 100

1 BSEC warning code : 100

1 BSEC warning code : 100

1 BSEC warning code : 100

1 BSEC warning code : 100

1 BSEC warning code : 100

1 BSEC warning code : 100

1 BSEC warning code : 100

1 BSEC warning code : 100

1 BSEC warning code : 100

 ets Jan  8 2013,rst cause:1, boot mode:(3,7)

load 0x4010f000, len 1384, room 16 
tail 8
chksum 0x2d
csum 0x2d
v8b899c12
~ld


7.04
 0h00:00.284 1970/01/01T08:00:00z: SPIFFS Active
 0h00:03.959 2025/12/23T06:13:06z: a4:e5:7c:26:24:d4
 0h00:03.961 2025/12/23T06:13:06z: SSID: NothingButSunshine
1 BSEC warning code : 100

1 BSEC warning code : 100

1 BSEC warning code : 100

1 BSEC warning code : 100

1 BSEC warning code : 100

1 BSEC warning code : 100

1 BSEC warning code : 100

1 BSEC warning code : 100

1 BSEC warning code : 100

1 BSEC warning code : 100

 ets Jan  8 2013,rst cause:1, boot mode:(3,7)

load 0x4010f000, len 1384, room 16 
tail 8
chksum 0x2d
csum 0x2d
v8b899c12
~ld


7.04
 0h00:00.287 1970/01/01T08:00:00z: SPIFFS Active
 0h00:03.962 2025/12/23T06:32:52z: a4:e5:7c:26:24:d4
 0h00:03.964 2025/12/23T06:32:52z: SSID: NothingButSunshine
1 BSEC warning code : 100

1 BSEC warning code : 100

1 BSEC warning code : 100

1 BSEC warning code : 100

1 BSEC warning code : 100

1 BSEC warning code : 100

1 BSEC warning code : 100

1 BSEC warning code : 100

1 BSEC warning code : 100

1 BSEC warning code : 100

 ets Jan  8 2013,rst cause:1, boot mode:(3,7)

load 0x4010f000, len 1384, room 16 
tail 8
chksum 0x2d
csum 0x2d
v8b899c12
~ld


7.04
 0h00:00.288 1970/01/01T08:00:00z: SPIFFS Active
 0h00:03.962 2025/12/23T06:52:38z: a4:e5:7c:26:24:d4
 0h00:03.964 2025/12/23T06:52:38z: SSID: NothingButSunshine
1 BSEC warning code : 100

1 BSEC warning code : 100

1 BSEC warning code : 100

1 BSEC warning code : 100

1 BSEC warning code : 100

1 BSEC warning code : 100

1 BSEC warning code : 100

1 BSEC warning code : 100

1 BSEC warning code : 100

1 BSEC warning code : 100

 ets Jan  8 2013,rst cause:1, boot mode:(3,7)

load 0x4010f000, len 1384, room 16 
tail 8
chksum 0x2d
csum 0x2d
v8b899c12
~ld


7.04
 0h00:00.284 1970/01/01T08:00:00z: SPIFFS Active
 0h00:03.958 2025/12/23T07:12:23z: a4:e5:7c:26:24:d4
 0h00:03.960 2025/12/23T07:12:23z: SSID: NothingButSunshine
1 BSEC warning code : 100

1 BSEC warning code : 100

1 BSEC warning code : 100

1 BSEC warning code : 100

1 BSEC warning code : 100

1 BSEC warning code : 100

1 BSEC warning code : 100

1 BSEC warning code : 100

1 BSEC warning code : 100

1 BSEC warning code : 100

 ets Jan  8 2013,rst cause:1, boot mode:(3,7)

load 0x4010f000, len 1384, room 16 
tail 8
chksum 0x2d
csum 0x2d
v8b899c12
~ld


7.04
 0h00:00.287 1970/01/01T08:00:00z: SPIFFS Active
 0h00:03.962 2025/12/23T07:32:09z: a4:e5:7c:26:24:d4
 0h00:03.963 2025/12/23T07:32:09z: SSID: NothingButSunshine
 0h00:12.391 2025/12/23T07:32:18z: PMSX003-A (1423ms)
 0h00:14.022 2025/12/23T07:32:19z: PMSX003-B (1630ms)
 0h00:14.023 2025/12/23T07:32:19z: 3.0+RV3028+BME68X+PMSX003-A+PMSX003-B
 0h00:14.977 2025/12/23T07:32:20z: DATA A(2),nan,nan,nan,nan,0.05,26448,0,14,0,0,1,0,0,1,0,0,96,28,7,1,1,0,nan
 0h00:15.037 2025/12/23T07:32:20z: p:998.18 gasR:2852367.75 iaq:112.33(0) T:8.48(11.48) H:78.64(45.11) sIaq:391.24(0) Stabilization:1 Run in:0
 0h00:15.881 2025/12/23T07:32:21z: DATA A(3),47,78,40,998.18,0.05,26448,0,15,0,0,1,0,0,1,0,0,90,24,6,1,1,0,391.24
 0h00:16.038 2025/12/23T07:32:21z: p:998.24 gasR:2843457.25 iaq:112.33(0) T:9.10(14.70) H:75.81(45.84) sIaq:391.24(0) Stabilization:1 Run in:0
 0h00:16.715 2025/12/23T07:32:22z: DATA A(4),48,75,40,998.24,0.05,26448,0,16,0,0,1,0,0,1,0,0,90,24,6,1,1,0,391.24
 0h00:17.038 2025/12/23T07:32:22z: p:998.29 gasR:2840499.25 iaq:112.33(0) T:9.91(15.51) H:71.68(46.05) sIaq:391.24(0) Stabilization:1 Run in:0
 0h00:17.549 2025/12/23T07:32:23z: DATA A(5),49,71,40,998.29,0.05,26448,0,17,0,0,1,0,0,1,0,0,90,24,6,1,1,0,391.24
 0h00:18.037 2025/12/23T07:32:23z: p:998.30 gasR:2870357.50 iaq:112.33(0) T:10.25(15.85) H:69.71(45.99) sIaq:391.24(0) Stabilization:1 Run in:0
 0h00:18.453 2025/12/23T07:32:24z: DATA A(6),50,69,40,998.30,0.05,26448,0,18,0,0,2,0,0,2,0,0,90,24,7,2,2,1,391.24
 0h00:19.038 2025/12/23T07:32:24z: p:998.32 gasR:2849391.25 iaq:112.33(0) T:10.45(16.05) H:68.33(45.83) sIaq:391.24(0) Stabilization:1 Run in:0
 0h00:20.037 2025/12/23T07:32:25z: p:998.28 gasR:2861334.25 iaq:112.33(0) T:10.58(16.18) H:67.29(45.61) sIaq:391.25(0) Stabilization:1 Run in:0
 0h00:20.928 2025/12/23T07:32:26z: DATA B(2),51,67,40,998.28,0.05,26448,0,20,0,0,0,0,0,0,0,0,57,18,8,1,0,0,391.25
 0h00:21.037 2025/12/23T07:32:26z: p:998.28 gasR:2852367.75 iaq:112.33(0) T:10.68(16.28) H:66.43(45.39) sIaq:391.25(0) Stabilization:1 Run in:0
 0h00:21.764 2025/12/23T07:32:27z: DATA B(3),51,66,40,998.28,0.05,26448,0,21,0,0,0,0,0,0,0,0,57,18,8,1,0,0,391.25
 0h00:22.037 2025/12/23T07:32:27z: p:998.31 gasR:2858339.25 iaq:112.33(0) T:10.76(16.36) H:65.68(45.16) sIaq:391.25(0) Stabilization:1 Run in:0
 0h00:22.670 2025/12/23T07:32:28z: DATA B(4),51,65,39,998.31,0.05,26448,0,22,0,1,1,0,1,1,4,4,81,27,9,2,0,0,391.25
 0h00:23.038 2025/12/23T07:32:28z: p:998.29 gasR:2864335.75 iaq:112.33(0) T:10.83(16.43) H:65.02(44.94) sIaq:391.25(0) Stabilization:1 Run in:0
 0h00:23.505 2025/12/23T07:32:29z: DATA B(5),51,65,39,998.29,0.05,26448,0,23,0,1,1,0,1,1,4,4,81,27,9,2,0,0,391.25
 0h00:24.038 2025/12/23T07:32:29z: p:998.31 gasR:2858339.25 iaq:112.33(0) T:10.89(16.50) H:64.45(44.74) sIaq:391.26(0) Stabilization:1 Run in:0
 0h00:25.038 2025/12/23T07:32:30z: p:998.29 gasR:2903934.75 iaq:112.33(0) T:10.95(16.55) H:63.97(44.56) sIaq:391.26(0) Stabilization:1 Run in:0
 0h00:25.266 2025/12/23T07:32:30z: DATA A(7),51,63,39,998.29,0.05,26448,0,25,0,0,2,0,0,2,0,0,120,36,7,2,2,1,391.26
 0h00:26.038 2025/12/23T07:32:31z: p:998.30 gasR:2843457.25 iaq:112.34(0) T:11.01(16.61) H:63.52(44.39) sIaq:391.27(0) Stabilization:1 Run in:0
 0h00:26.171 2025/12/23T07:32:31z: DATA A(8),51,63,39,998.30,0.05,26448,0,26,0,0,2,0,0,2,0,0,132,40,7,2,2,1,391.27
 0h00:27.005 2025/12/23T07:32:32z: DATA A(9),51,63,39,998.30,0.05,26448,0,27,0,0,2,0,0,2,0,0,132,40,7,2,2,1,391.27
 0h00:27.037 2025/12/23T07:32:32z: p:998.30 gasR:2864335.75 iaq:112.34(0) T:11.05(16.65) H:63.15(44.22) sIaq:391.27(0) Stabilization:1 Run in:0
 0h00:27.839 2025/12/23T07:32:33z: DATA A(10),51,63,38,998.30,0.05,26448,0,27,0,0,2,0,0,2,0,0,132,40,7,2,2,1,391.27
 0h00:28.038 2025/12/23T07:32:33z: p:998.31 gasR:2852367.75 iaq:112.34(0) T:11.09(16.69) H:62.82(44.09) sIaq:391.28(0) Stabilization:1 Run in:0
 0h00:28.744 2025/12/23T07:32:34z: DATA A(11),51,62,38,998.31,0.05,26448,0,28,0,1,2,0,1,2,4,4,204,58,8,3,2,1,391.28
 0h00:29.037 2025/12/23T07:32:34z: p:998.31 gasR:2867343.25 iaq:112.34(0) T:11.13(16.73) H:62.52(43.95) sIaq:391.29(0) Stabilization:1 Run in:0
 0h00:30.038 2025/12/23T07:32:35z: p:998.28 gasR:2903934.75 iaq:112.34(0) T:11.17(16.77) H:62.27(43.84) sIaq:391.30(0) Stabilization:1 Run in:0
 0h00:30.399 2025/12/23T07:32:36z: DATA B(6),52,62,39,998.28,0.05,26448,0,30,0,1,1,0,1,1,4,4,90,30,8,1,0,0,391.30
 0h00:31.038 2025/12/23T07:32:36z: p:998.30 gasR:2903934.75 iaq:112.34(0) T:11.21(16.81) H:62.00(43.71) sIaq:391.30(0) Stabilization:1 Run in:0
 0h00:31.234 2025/12/23T07:32:36z: DATA B(7),52,62,39,998.30,0.05,26448,0,31,0,1,1,0,1,1,4,4,90,30,8,1,0,0,391.30
 0h00:32.038 2025/12/23T07:32:37z: p:998.29 gasR:2837547.75 iaq:112.34(0) T:11.23(16.83) H:61.84(43.62) sIaq:391.31(0) Stabilization:1 Run in:0
 0h00:32.069 2025/12/23T07:32:37z: DATA B(8),52,61,39,998.29,0.04,26448,0,32,0,1,1,0,1,1,4,4,90,30,8,1,0,0,391.31
 0h00:32.975 2025/12/23T07:32:38z: DATA B(9),52,61,39,998.29,0.05,26448,0,32,0,1,1,0,1,1,4,4,96,30,8,1,0,0,391.31
 0h00:33.038 2025/12/23T07:32:38z: p:998.29 gasR:2913229.00 iaq:112.35(0) T:11.26(16.86) H:61.68(43.54) sIaq:391.32(0) Stabilization:1 Run in:0
 0h00:33.810 2025/12/23T07:32:39z: DATA B(10),52,61,39,998.29,0.05,26448,0,33,0,1,1,0,1,1,4,4,96,30,8,1,0,0,391.32
 0h00:34.037 2025/12/23T07:32:39z: p:998.30 gasR:2876404.50 iaq:112.35(0) T:11.28(16.89) H:61.51(43.43) sIaq:391.33(0) Stabilization:1 Run in:0
 0h00:35.038 2025/12/23T07:32:40z: p:998.28 gasR:2870357.50 iaq:112.35(0) T:11.30(16.90) H:61.43(43.36) sIaq:391.34(0) Stabilization:1 Run in:0
 0h00:35.557 2025/12/23T07:32:41z: DATA A(12),52,61,39,998.28,0.05,26448,0,35,0,1,2,0,1,2,4,4,192,56,5,3,2,1,391.34
 0h00:36.037 2025/12/23T07:32:41z: p:998.27 gasR:2900849.75 iaq:112.35(0) T:11.32(16.92) H:61.34(43.30) sIaq:391.35(0) Stabilization:1 Run in:0
 0h00:36.461 2025/12/23T07:32:42z: DATA A(13),52,61,39,998.27,0.05,26448,0,36,0,0,1,0,0,1,0,0,174,50,2,2,1,1,391.35
 0h00:37.038 2025/12/23T07:32:42z: p:998.28 gasR:2900849.75 iaq:112.35(0) T:11.33(16.93) H:61.26(43.24) sIaq:391.36(0) Stabilization:1 Run in:0
 0h00:37.295 2025/12/23T07:32:43z: DATA A(14),52,61,39,998.28,0.05,26448,0,37,0,0,1,0,0,1,0,0,174,50,2,2,1,1,391.36
 0h00:38.038 2025/12/23T07:32:43z: p:998.27 gasR:2913229.00 iaq:112.35(0) T:11.34(16.94) H:61.19(43.16) sIaq:391.37(0) Stabilization:1 Run in:0
 0h00:38.129 2025/12/23T07:32:43z: DATA A(15),52,61,39,998.27,0.05,26448,0,38,0,0,1,0,0,1,0,0,174,50,2,2,1,1,391.37
 0h00:39.033 2025/12/23T07:32:44z: DATA A(16),52,61,39,998.27,0.05,26448,0,39,0,1,1,0,1,1,4,4,207,57,3,2,1,1,391.37
 0h00:39.053 2025/12/23T07:32:44z: p:998.25 gasR:2916340.25 iaq:112.36(0) T:11.44(16.94) H:60.75(43.10) sIaq:391.39(0) Stabilization:1 Run in:0
 0h00:40.052 2025/12/23T07:32:45z: p:998.25 gasR:2919458.25 iaq:112.36(0) T:11.24(16.84) H:61.45(42.98) sIaq:391.40(0) Stabilization:1 Run in:0
 0h00:40.704 2025/12/23T07:32:46z: DATA B(11),52,61,39,998.25,0.05,26448,0,40,0,0,1,0,0,1,0,0,99,31,4,2,1,0,391.40
 0h00:41.053 2025/12/23T07:32:46z: p:998.26 gasR:2916340.25 iaq:112.36(0) T:11.29(16.90) H:61.17(42.92) sIaq:391.41(0) Stabilization:1 Run in:0
 0h00:41.539 2025/12/23T07:32:47z: DATA B(12),52,61,39,998.26,0.05,26448,0,41,0,0,1,0,0,1,0,0,99,31,4,2,1,0,391.41
 0h00:42.053 2025/12/23T07:32:47z: p:998.26 gasR:2888575.50 iaq:112.36(0) T:11.28(16.88) H:61.11(42.82) sIaq:391.42(0) Stabilization:1 Run in:0
 0h00:42.374 2025/12/23T07:32:48z: DATA B(13),52,61,39,998.26,0.05,26448,0,42,0,0,1,0,0,1,0,0,99,31,4,2,1,0,391.42
 0h00:43.052 2025/12/23T07:32:48z: p:998.26 gasR:2873377.75 iaq:112.37(0) T:11.26(16.86) H:61.08(42.72) sIaq:391.44(0) Stabilization:1 Run in:0
 0h00:43.280 2025/12/23T07:32:49z: DATA B(14),52,61,39,998.26,0.05,26448,0,43,0,0,1,0,0,1,0,0,90,28,3,2,1,0,391.44
 0h00:44.053 2025/12/23T07:32:49z: p:998.26 gasR:2938307.00 iaq:112.37(0) T:11.23(16.84) H:61.03(42.60) sIaq:391.45(0) Stabilization:1 Run in:0
 0h00:44.115 2025/12/23T07:32:49z: DATA B(15),52,61,38,998.26,0.05,26448,0,44,0,0,1,0,0,1,0,0,90,28,3,2,1,0,391.45
 0h00:45.053 2025/12/23T07:32:50z: p:998.25 gasR:2941472.25 iaq:112.37(0) T:11.20(16.81) H:60.98(42.47) sIaq:391.46(0) Stabilization:1 Run in:0
 0h00:45.846 2025/12/23T07:32:51z: DATA A(17),52,60,38,998.25,0.05,26448,0,45,0,1,1,0,1,1,4,4,204,58,3,2,1,1,391.46
 0h00:46.053 2025/12/23T07:32:51z: p:998.25 gasR:2885523.00 iaq:112.37(0) T:11.18(16.78) H:60.90(42.35) sIaq:391.48(0) Stabilization:1 Run in:0
 0h00:46.751 2025/12/23T07:32:52z: DATA A(18),52,60,38,998.25,0.05,26448,0,46,0,0,2,0,0,2,0,0,174,48,4,3,2,1,391.48
 0h00:47.053 2025/12/23T07:32:52z: p:998.25 gasR:2891634.25 iaq:112.38(0) T:11.17(16.77) H:60.79(42.24) sIaq:391.50(0) Stabilization:1 Run in:0
 0h00:47.585 2025/12/23T07:32:53z: DATA A(19),52,60,38,998.25,0.05,26448,0,47,0,0,2,0,0,2,0,0,174,48,4,3,2,1,391.50
 0h00:48.052 2025/12/23T07:32:53z: p:998.27 gasR:2928852.25 iaq:112.38(0) T:11.17(16.77) H:60.64(42.14) sIaq:391.51(0) Stabilization:1 Run in:0
 0h00:48.419 2025/12/23T07:32:54z: DATA A(20),52,60,38,998.27,0.05,26448,0,48,0,0,2,0,0,2,0,0,174,48,4,3,2,1,391.51
 0h00:49.053 2025/12/23T07:32:54z: p:998.27 gasR:2910124.25 iaq:112.38(0) T:11.17(16.77) H:60.47(42.03) sIaq:391.53(0) Stabilization:1 Run in:0
 0h00:49.323 2025/12/23T07:32:55z: DATA A(21),52,60,38,998.27,0.05,26448,0,49,0,0,2,0,0,2,0,0,216,58,5,3,2,1,391.53
 0h00:50.052 2025/12/23T07:32:55z: p:998.28 gasR:2894699.75 iaq:112.39(0) T:11.17(16.77) H:60.37(41.96) sIaq:391.55(0) Stabilization:1 Run in:0
 0h00:51.009 2025/12/23T07:32:56z: DATA B(16),52,60,38,998.28,0.05,26448,0,51,0,0,1,0,0,1,0,0,87,27,3,1,1,0,391.55
 0h00:51.052 2025/12/23T07:32:56z: p:998.30 gasR:2967041.00 iaq:112.39(0) T:11.17(16.77) H:60.22(41.86) sIaq:391.56(0) Stabilization:1 Run in:0
 0h00:51.844 2025/12/23T07:32:57z: DATA B(17),52,60,38,998.30,0.05,26448,0,51,0,0,1,0,0,1,0,0,87,27,3,1,1,0,391.56
 0h00:52.052 2025/12/23T07:32:57z: p:998.27 gasR:2907026.25 iaq:112.39(0) T:11.17(16.77) H:60.12(41.79) sIaq:391.57(0) Stabilization:1 Run in:0
 0h00:52.680 2025/12/23T07:32:58z: DATA B(18),52,60,38,998.27,0.05,26448,0,52,0,0,1,0,0,1,0,0,87,27,3,1,1,0,391.57
 0h00:53.053 2025/12/23T07:32:58z: p:998.29 gasR:2938307.00 iaq:112.39(0) T:11.19(16.79) H:59.99(41.74) sIaq:391.59(0) Stabilization:1 Run in:0
 0h00:53.585 2025/12/23T07:32:59z: DATA B(19),52,59,38,998.29,0.05,26448,0,53,0,0,0,0,0,0,0,0,66,20,2,1,1,0,391.59
 0h00:54.053 2025/12/23T07:32:59z: p:998.28 gasR:2907026.25 iaq:112.40(0) T:11.19(16.79) H:59.96(41.73) sIaq:391.61(0) Stabilization:1 Run in:0
 0h00:54.420 2025/12/23T07:33:00z: DATA B(20),52,59,38,998.28,0.05,26448,0,54,0,0,0,0,0,0,0,0,66,20,2,1,1,0,391.61
 0h00:55.053 2025/12/23T07:33:00z: p:998.28 gasR:2928852.25 iaq:112.40(0) T:11.19(16.79) H:59.90(41.70) sIaq:391.63(0) Stabilization:1 Run in:0
 0h00:56.052 2025/12/23T07:33:01z: p:998.29 gasR:2983248.25 iaq:112.40(0) T:11.19(16.79) H:59.95(41.71) sIaq:391.64(0) Stabilization:1 Run in:0
 0h00:56.136 2025/12/23T07:33:01z: DATA A(22),52,59,38,998.29,0.05,26448,0,56,0,0,2,0,0,2,0,0,165,47,5,3,2,1,391.64
 0h00:57.040 2025/12/23T07:33:02z: DATA A(23),52,59,38,998.29,0.05,26448,0,57,0,0,2,0,0,2,0,0,159,45,5,3,2,1,391.64
 0h00:57.059 2025/12/23T07:33:02z: p:998.27 gasR:2967041.00 iaq:112.40(0) T:11.23(16.78) H:59.75(41.69) sIaq:391.65(0) Stabilization:1 Run in:0
 0h00:57.874 2025/12/23T07:33:03z: DATA A(24),52,59,38,998.27,0.05,26448,0,57,0,0,2,0,0,2,0,0,159,45,5,3,2,1,391.65
 0h00:58.059 2025/12/23T07:33:03z: p:998.31 gasR:2910124.25 iaq:112.41(0) T:11.16(16.76) H:59.99(41.67) sIaq:391.67(0) Stabilization:1 Run in:0
 0h00:58.708 2025/12/23T07:33:04z: DATA A(25),52,59,38,998.31,0.05,26448,0,58,0,0,2,0,0,2,0,0,159,45,5,3,2,1,391.67
 0h00:59.059 2025/12/23T07:33:04z: p:998.29 gasR:2935148.75 iaq:112.41(0) T:11.21(16.82) H:59.85(41.72) sIaq:391.69(0) Stabilization:1 Run in:0
 0h00:59.612 2025/12/23T07:33:05z: DATA A(26),52,59,38,998.29,0.05,26448,0,59,0,0,2,0,0,2,0,0,165,45,5,3,2,1,391.69
 0h01:00.059 2025/12/23T07:33:05z: p:998.29 gasR:2916340.25 iaq:112.42(0) T:11.22(16.83) H:59.88(41.75) sIaq:391.71(0) Stabilization:1 Run in:0
 0h01:01.059 2025/12/23T07:33:06z: p:998.28 gasR:2919458.25 iaq:112.42(0) T:11.23(16.83) H:59.90(41.78) sIaq:391.74(0) Stabilization:1 Run in:0
 0h01:01.314 2025/12/23T07:33:07z: DATA B(21),52,59,38,998.28,0.05,26448,0,61,0,0,1,0,0,1,0,0,84,24,3,2,1,0,391.74
 0h01:02.059 2025/12/23T07:33:07z: p:998.28 gasR:2979992.75 iaq:112.42(0) T:11.25(16.85) H:59.88(41.81) sIaq:391.75(0) Stabilization:1 Run in:0
 0h01:02.149 2025/12/23T07:33:07z: DATA B(22),52,59,38,998.28,0.05,26448,0,62,0,0,1,0,0,1,0,0,84,24,3,2,1,0,391.75
 0h01:02.985 2025/12/23T07:33:08z: DATA B(23),52,59,38,998.28,0.05,26448,0,62,0,0,1,0,0,1,0,0,84,24,3,2,1,0,391.75
 0h01:03.059 2025/12/23T07:33:08z: p:998.29 gasR:2973502.75 iaq:112.43(0) T:11.26(16.86) H:59.90(41.84) sIaq:391.76(0) Stabilization:1 Run in:0
 0h01:03.890 2025/12/23T07:33:09z: DATA B(24),52,59,38,998.29,0.05,26448,0,63,0,0,1,0,0,1,0,0,90,24,3,2,1,0,391.76
 0h01:04.058 2025/12/23T07:33:09z: p:998.29 gasR:2931997.25 iaq:112.43(0) T:11.27(16.88) H:59.92(41.87) sIaq:391.78(0) Stabilization:1 Run in:0
 0h01:04.726 2025/12/23T07:33:10z: DATA B(25),52,59,38,998.29,0.05,26448,0,64,0,0,1,0,0,1,0,0,90,24,3,2,1,0,391.78
 0h01:05.059 2025/12/23T07:33:10z: p:998.31 gasR:2935148.75 iaq:112.43(0) T:11.28(16.88) H:59.97(41.91) sIaq:391.81(0) Stabilization:1 Run in:0
 0h01:06.059 2025/12/23T07:33:11z: p:998.29 gasR:2928852.25 iaq:112.44(0) T:11.28(16.88) H:60.06(41.95) sIaq:391.83(0) Stabilization:1 Run in:0
 0h01:06.424 2025/12/23T07:33:12z: DATA A(27),52,60,38,998.29,0.05,26448,0,66,0,0,2,0,0,2,0,0,144,42,5,4,3,1,391.83
 0h01:07.059 2025/12/23T07:33:12z: p:998.30 gasR:2951008.75 iaq:112.44(0) T:11.28(16.88) H:60.13(41.99) sIaq:391.85(0) Stabilization:1 Run in:0
 0h01:07.328 2025/12/23T07:33:13z: DATA A(28),52,60,38,998.30,0.05,26448,0,67,0,0,2,0,0,2,0,0,153,43,5,4,3,1,391.85
 0h01:08.059 2025/12/23T07:33:13z: p:998.29 gasR:2925714.25 iaq:112.45(0) T:11.28(16.88) H:60.19(42.01) sIaq:391.88(0) Stabilization:1 Run in:0
 0h01:08.162 2025/12/23T07:33:13z: DATA A(29),52,60,38,998.29,0.05,26448,0,68,0,0,2,0,0,2,0,0,153,43,5,4,3,1,391.88
 0h01:08.996 2025/12/23T07:33:14z: DATA A(30),52,60,38,998.29,0.05,26448,0,69,0,0,2,0,0,2,0,0,153,43,5,4,3,1,391.88
 0h01:09.058 2025/12/23T07:33:14z: p:998.30 gasR:2922583.00 iaq:112.45(0) T:11.27(16.87) H:60.25(42.03) sIaq:391.91(0) Stabilization:1 Run in:0
 0h01:09.900 2025/12/23T07:33:15z: DATA A(31),52,60,38,998.30,0.05,26448,0,69,0,0,1,0,0,1,0,0,141,39,5,3,2,0,391.91
 0h01:10.059 2025/12/23T07:33:15z: p:998.28 gasR:2963820.50 iaq:112.45(0) T:11.27(16.87) H:60.30(42.05) sIaq:391.92(0) Stabilization:1 Run in:0
 0h01:11.058 2025/12/23T07:33:16z: p:998.27 gasR:2941472.25 iaq:112.46(0) T:11.27(16.88) H:60.29(42.05) sIaq:391.95(0) Stabilization:1 Run in:0
 0h01:11.619 2025/12/23T07:33:17z: DATA B(26),52,60,38,998.27,0.05,26448,0,71,0,0,1,0,0,1,0,0,129,35,4,2,1,0,391.95
 0h01:12.059 2025/12/23T07:33:17z: p:998.27 gasR:2928852.25 iaq:112.46(0) T:11.29(16.89) H:60.27(42.06) sIaq:391.97(0) Stabilization:1 Run in:0
 0h01:12.455 2025/12/23T07:33:18z: DATA B(27),52,60,38,998.27,0.05,26448,0,72,0,0,1,0,0,1,0,0,129,35,4,2,1,0,391.97
 0h01:13.058 2025/12/23T07:33:18z: p:998.29 gasR:2983248.25 iaq:112.47(0) T:11.30(16.90) H:60.26(42.08) sIaq:391.99(0) Stabilization:1 Run in:0
 0h01:13.290 2025/12/23T07:33:19z: DATA B(28),52,60,38,998.29,0.05,26448,0,73,0,0,1,0,0,1,0,0,129,35,4,2,1,0,391.99
 0h01:14.059 2025/12/23T07:33:19z: p:998.30 gasR:2963820.50 iaq:112.47(0) T:11.31(16.91) H:60.24(42.08) sIaq:392.01(0) Stabilization:1 Run in:0
 0h01:14.196 2025/12/23T07:33:19z: DATA B(29),52,60,38,998.30,0.05,26448,0,74,0,0,1,0,0,1,0,0,117,31,3,2,1,0,392.01
 0h01:15.031 2025/12/23T07:33:20z: DATA B(30),52,60,38,998.30,0.05,26448,0,75,0,0,1,0,0,1,0,0,117,31,3,2,1,0,392.01
 0h01:15.058 2025/12/23T07:33:20z: p:998.30 gasR:2941472.25 iaq:112.48(0) T:11.33(16.93) H:60.19(42.08) sIaq:392.03(0) Stabilization:1 Run in:0
 0h01:16.059 2025/12/23T07:33:21z: p:998.30 gasR:2967041.00 iaq:112.48(0) T:11.34(16.94) H:60.20(42.10) sIaq:392.05(0) Stabilization:1 Run in:0
 0h01:16.713 2025/12/23T07:33:22z: DATA A(32),52,60,38,998.30,0.05,26448,0,76,0,0,1,0,0,1,0,0,117,33,3,2,1,0,392.05
 0h01:17.059 2025/12/23T07:33:22z: p:998.31 gasR:2938307.00 iaq:112.48(0) T:11.35(16.95) H:60.14(42.07) sIaq:392.08(0) Stabilization:1 Run in:0
 0h01:17.618 2025/12/23T07:33:23z: DATA A(33),52,60,38,998.31,0.05,26448,0,77,0,0,0,0,0,0,0,0,99,27,3,1,1,0,392.08
 0h01:18.058 2025/12/23T07:33:23z: p:998.32 gasR:2973502.75 iaq:112.49(0) T:11.37(16.97) H:60.09(42.06) sIaq:392.10(0) Stabilization:1 Run in:0
 0h01:18.452 2025/12/23T07:33:24z: DATA A(34),52,60,38,998.32,0.05,26448,0,78,0,0,0,0,0,0,0,0,99,27,3,1,1,0,392.10
 0h01:19.059 2025/12/23T07:33:24z: p:998.33 gasR:2907026.25 iaq:112.50(0) T:11.37(16.98) H:60.10(42.06) sIaq:392.14(0) Stabilization:1 Run in:0
 0h01:19.286 2025/12/23T07:33:25z: DATA A(35),52,60,38,998.33,0.05,26448,0,79,0,0,0,0,0,0,0,0,99,27,3,1,1,0,392.14
 0h01:20.059 2025/12/23T07:33:25z: p:998.30 gasR:2976744.25 iaq:112.50(0) T:11.38(16.99) H:60.10(42.08) sIaq:392.16(0) Stabilization:1 Run in:0
 0h01:20.190 2025/12/23T07:33:25z: DATA A(36),52,60,38,998.30,0.05,26448,0,80,0,0,1,0,0,1,0,0,105,29,4,2,1,0,392.16
 0h01:21.059 2025/12/23T07:33:26z: p:998.30 gasR:2960607.25 iaq:112.50(0) T:11.40(17.00) H:60.06(42.07) sIaq:392.19(0) Stabilization:1 Run in:0
 0h01:21.925 2025/12/23T07:33:27z: DATA B(31),52,60,38,998.30,0.05,26448,0,81,0,0,0,0,0,0,0,0,120,31,4,2,1,0,392.19
 0h01:22.058 2025/12/23T07:33:27z: p:998.33 gasR:2976744.25 iaq:112.51(0) T:11.41(17.01) H:60.05(42.06) sIaq:392.20(0) Stabilization:1 Run in:0
 0h01:22.760 2025/12/23T07:33:28z: DATA B(32),52,60,38,998.33,0.05,26448,0,82,0,0,0,0,0,0,0,0,120,31,4,2,1,0,392.20
 0h01:23.059 2025/12/23T07:33:28z: p:998.31 gasR:2931997.25 iaq:112.51(0) T:11.42(17.02) H:60.04(42.06) sIaq:392.24(0) Stabilization:1 Run in:0
 0h01:23.595 2025/12/23T07:33:29z: DATA B(33),52,60,38,998.31,0.05,26448,0,83,0,0,0,0,0,0,0,0,120,31,4,2,1,0,392.24
 0h01:24.059 2025/12/23T07:33:29z: p:998.30 gasR:2960607.25 iaq:112.52(0) T:11.44(17.04) H:60.02(42.07) sIaq:392.27(0) Stabilization:1 Run in:0
 0h01:24.501 2025/12/23T07:33:30z: DATA B(34),52,60,38,998.30,0.05,26448,0,84,0,0,0,0,0,0,0,0,108,29,3,1,1,0,392.27
 0h01:25.059 2025/12/23T07:33:30z: p:998.31 gasR:2989781.00 iaq:112.52(0) T:11.45(17.05) H:60.01(42.07) sIaq:392.28(0) Stabilization:1 Run in:0
 0h01:25.336 2025/12/23T07:33:31z: DATA B(35),52,60,38,998.31,0.05,26448,0,85,0,0,0,0,0,0,0,0,108,29,3,1,1,0,392.28
 0h01:26.059 2025/12/23T07:33:31z: p:998.32 gasR:2947823.00 iaq:112.53(0) T:11.47(17.07) H:59.97(42.08) sIaq:392.31(0) Stabilization:1 Run in:0
 0h01:27.003 2025/12/23T07:33:32z: DATA A(37),52,59,38,998.32,0.05,26448,0,87,0,0,1,0,0,1,0,0,105,30,4,2,1,0,392.31
 0h01:27.058 2025/12/23T07:33:32z: p:998.32 gasR:2973502.75 iaq:112.53(0) T:11.49(17.09) H:59.96(42.08) sIaq:392.34(0) Stabilization:1 Run in:0
 0h01:27.907 2025/12/23T07:33:33z: DATA A(38),52,59,38,998.32,0.05,26448,0,87,0,0,0,0,0,0,0,0,90,25,3,1,0,0,392.34
 0h01:28.059 2025/12/23T07:33:33z: p:998.32 gasR:2960607.25 iaq:112.54(0) T:11.50(17.10) H:59.96(42.10) sIaq:392.37(0) Stabilization:1 Run in:0
 0h01:28.741 2025/12/23T07:33:34z: DATA A(39),52,59,38,998.32,0.05,26448,0,88,0,0,0,0,0,0,0,0,90,25,3,1,0,0,392.37
 0h01:29.059 2025/12/23T07:33:34z: p:998.33 gasR:2951008.75 iaq:112.54(0) T:11.51(17.12) H:59.98(42.11) sIaq:392.40(0) Stabilization:1 Run in:0
 0h01:29.575 2025/12/23T07:33:35z: DATA A(40),52,59,38,998.33,0.05,26448,0,89,0,0,0,0,0,0,0,0,90,25,3,1,0,0,392.40
 0h01:30.059 2025/12/23T07:33:35z: p:998.32 gasR:2916340.25 iaq:112.55(0) T:11.52(17.13) H:59.99(42.12) sIaq:392.45(0) Stabilization:1 Run in:0
 0h01:30.479 2025/12/23T07:33:36z: DATA A(41),52,59,38,998.32,0.05,26448,0,90,0,0,0,0,0,0,0,0,117,34,3,1,0,0,392.45
 0h01:31.059 2025/12/23T07:33:36z: p:998.33 gasR:2935148.75 iaq:112.56(0) T:11.53(17.14) H:60.01(42.13) sIaq:392.50(0) Stabilization:1 Run in:0
 0h01:32.058 2025/12/23T07:33:37z: p:998.30 gasR:3052161.00 iaq:112.56(0) T:11.54(17.14) H:60.07(42.16) sIaq:392.48(0) Stabilization:1 Run in:0
 0h01:32.230 2025/12/23T07:33:37z: DATA B(36),52,60,38,998.30,0.05,26448,0,92,0,0,0,0,0,0,0,0,81,24,3,0,0,0,392.48
 0h01:33.059 2025/12/23T07:33:38z: p:998.32 gasR:2922583.00 iaq:112.57(0) T:11.55(17.16) H:60.03(42.15) sIaq:392.53(0) Stabilization:1 Run in:0
 0h01:33.075 2025/12/23T07:33:38z: DATA B(37),52,60,38,998.32,0.05,26448,0,93,0,0,0,0,0,0,0,0,81,24,3,0,0,0,392.53
 0h01:33.900 2025/12/23T07:33:39z: DATA B(38),52,60,38,998.32,0.05,26448,0,93,0,0,0,0,0,0,0,0,81,24,3,0,0,0,392.53
 0h01:34.058 2025/12/23T07:33:39z: p:998.32 gasR:2973502.75 iaq:112.57(0) T:11.56(17.16) H:60.08(42.17) sIaq:392.56(0) Stabilization:1 Run in:0
 0h01:34.806 2025/12/23T07:33:40z: DATA B(39),52,60,38,998.32,0.05,26448,0,94,0,0,0,0,0,0,0,0,78,23,3,0,0,0,392.56
 0h01:35.059 2025/12/23T07:33:40z: p:998.32 gasR:2925714.25 iaq:112.58(0) T:11.58(17.19) H:60.04(42.18) sIaq:392.61(0) Stabilization:1 Run in:0
 0h01:35.641 2025/12/23T07:33:41z: DATA B(40),52,60,38,998.32,0.05,26448,0,95,0,0,0,0,0,0,0,0,78,23,3,0,0,0,392.61
 0h01:36.059 2025/12/23T07:33:41z: p:998.32 gasR:2947823.00 iaq:112.59(0) T:11.60(17.20) H:60.06(42.20) sIaq:392.65(0) Stabilization:1 Run in:0
 0h01:37.058 2025/12/23T07:33:42z: p:998.31 gasR:2983248.25 iaq:112.59(0) T:11.61(17.22) H:60.08(42.22) sIaq:392.67(0) Stabilization:1 Run in:0
 0h01:37.291 2025/12/23T07:33:43z: DATA A(42),52,60,38,998.31,0.05,26448,0,97,0,0,0,0,0,0,0,0,102,31,2,1,0,0,392.67
 0h01:38.059 2025/12/23T07:33:43z: p:998.29 gasR:2935148.75 iaq:112.60(0) T:11.62(17.22) H:60.13(42.25) sIaq:392.72(0) Stabilization:1 Run in:0
 0h01:38.196 2025/12/23T07:33:43z: DATA A(43),52,60,38,998.29,0.05,26448,0,98,0,0,0,0,0,0,0,0,102,31,3,2,0,0,392.72
 0h01:39.030 2025/12/23T07:33:44z: DATA A(44),52,60,38,998.29,0.05,26448,0,99,0,0,0,0,0,0,0,0,102,31,3,2,0,0,392.72
 0h01:39.058 2025/12/23T07:33:44z: p:998.31 gasR:2960607.25 iaq:112.61(0) T:11.64(17.24) H:60.09(42.25) sIaq:392.75(0) Stabilization:1 Run in:0
 0h01:39.864 2025/12/23T07:33:45z: DATA A(45),52,60,38,998.31,0.05,26448,0,99,0,0,0,0,0,0,0,0,102,31,3,2,0,0,392.75
 0h01:40.059 2025/12/23T07:33:45z: p:998.31 gasR:2944644.25 iaq:112.61(0) T:11.65(17.25) H:60.10(42.24) sIaq:392.79(0) Stabilization:1 Run in:0
 0h01:40.768 2025/12/23T07:33:46z: DATA A(46),52,60,38,998.31,0.05,26448,0,100,0,0,0,0,0,0,0,0,96,31,4,2,0,0,392.79
 0h01:41.058 2025/12/23T07:33:46z: p:998.30 gasR:2947823.00 iaq:112.62(0) T:11.66(17.26) H:60.14(42.26) sIaq:392.83(0) Stabilization:1 Run in:0
 0h01:42.059 2025/12/23T07:33:47z: p:998.30 gasR:2910124.25 iaq:112.63(0) T:11.66(17.26) H:60.18(42.26) sIaq:392.90(0) Stabilization:1 Run in:0
 0h01:42.535 2025/12/23T07:33:48z: DATA B(41),52,60,38,998.30,0.05,26448,0,102,0,0,1,0,0,1,0,0,84,27,9,2,1,0,392.90
 0h01:43.059 2025/12/23T07:33:48z: p:998.29 gasR:2947823.00 iaq:112.64(0) T:11.66(17.26) H:60.21(42.26) sIaq:392.94(0) Stabilization:1 Run in:0
 0h01:43.370 2025/12/23T07:33:49z: DATA B(42),52,60,38,998.29,0.05,26448,0,103,0,0,1,0,0,1,0,0,84,27,9,2,1,0,392.94
{"SensorId":"a4:e5:7c:26:24:d4","DateTime":"2025/12/23T07:33:49z","Geo":"PurpleAir-24d4","Mem":26448,"memfrag":2,"memfb":25968,"memcs":800,"Id":1,"lat":0.000000,"lon":0.000000,"Adc":"nan","loggingrate":15,"place":"outside","version":"7.04","uptime":104,"rssi":0,"period":103,"httpsuccess":0,"httpsends":0,"hardwareversion":"3.0","hardwarediscovered":"3.0+RV3028+BME68X+PMSX003-A+PMSX003-B","current_temp_f":52,"current_humidity":60,"current_dewpoint_f":38,"pressure":998.29,"current_temp_f_680":52,"current_humidity_680":60,"current_dewpoint_f_680":38,"pressure_680":998.29,"gas_680":"nan","p25aqic_b":"rgb(0,228,0)","pm2.5_aqi_b":1,"pm1_0_cf_1_b":0.00,"p_0_3_um_b":91.71,"pm2_5_cf_1_b":0.17,"p_0_5_um_b":27.02,"pm10_0_cf_1_b":0.64,"p_1_0_um_b":4.69,"pm1_0_atm_b":0.00,"p_2_5_um_b":1.40,"pm2_5_atm_b":0.17,"p_5_0_um_b":0.64,"pm10_0_atm_b":0.64,"p_10_0_um_b":0.00,"p25aqic":"rgb(0,228,0)","pm2.5_aqi":0,"pm1_0_cf_1":0.00,"p_0_3_um":135.00,"pm2_5_cf_1":0.09,"p_0_5_um":38.39,"pm10_0_cf_1":1.20,"p_1_0_um":4.50,"pm1_0_atm":0.00,"p_2_5_um":2.17,"pm2_5_atm":0.09,"p_5_0_um":1.37,"pm10_0_atm":1.20,"p_10_0_um":0.57,"wlstate":"No SSID","status_0":0,"status_1":0,"status_2":0,"status_3":0,"status_4":2,"status_5":2,"status_7":0,"status_8":2,"status_9":2}
 0h01:44.164 2025/12/23T07:33:49z: update.purpleair.com:80/firmware/2mb/update.asp
 0h01:44.171 2025/12/23T07:33:49z: Error: -1
1 BSEC warning code : 100

UTCDateTime,mac_address,firmware_ver,hardware,current_temp_f,current_humidity,current_dewpoint_f,pressure,adc,mem,rssi,uptime,pm1_0_cf_1,pm2_5_cf_1,pm10_0_cf_1,pm1_0_atm,pm2_5_atm,pm10_0_atm,pm2.5_aqi_cf_1,pm2.5_aqi_atm,p_0_3_um,p_0_5_um,p_1_0_um,p_2_5_um,p_5_0_um,p_10_0_um,pm1_0_cf_1_b,pm2_5_cf_1_b,pm10_0_cf_1_b,pm1_0_atm_b,pm2_5_atm_b,pm10_0_atm_b,pm2.5_aqi_cf_1_b,pm2.5_aqi_atm_b,p_0_3_um_b,p_0_5_um_b,p_1_0_um_b,p_2_5_um_b,p_5_0_um_b,p_10_0_um_b,gas
2025/12/23T07:33:49z,a4:e5:7c:26:24:d4,7.04,3.0+RV3028+BME68X+PMSX003-A+PMSX003-B,52,60,38,998.29,nan,26448,0,104,0.00,0.09,1.20,0.00,0.09,1.20,0,0,135.00,38.39,4.50,2.17,1.37,0.57,0.00,0.17,0.64,0.00,0.17,0.64,1,1,91.71,27.02,4.69,1.40,0.64,0.00,nan
1 BSEC warning code : 100

1 BSEC warning code : 100

1 BSEC warning code : 100

1 BSEC warning code : 100

1 BSEC warning code : 100

1 BSEC warning code : 100

1 BSEC warning code : 100

1 BSEC warning code : 100

1 BSEC warning code : 100

1 BSEC warning code : 100

 ets Jan  8 2013,rst cause:1, boot mode:(3,7)

load 0x4010f000, len 1384, room 16 
tail 8
chksum 0x2d
csum 0x2d
v8b899c12
~ld


7.04
 0h00:00.292 1970/01/01T08:00:00z: SPIFFS Active
 0h00:03.965 2025/12/23T19:03:02z: a4:e5:7c:26:24:d4
 0h00:03.967 2025/12/23T19:03:02z: SSID: NothingButSunshine
1 BSEC warning code : 100

1 BSEC warning code : 100

1 BSEC warning code : 100

1 BSEC warning code : 100

1 BSEC warning code : 100

1 BSEC warning code : 100

1 BSEC warning code : 100

1 BSEC warning code : 100

1 BSEC warning code : 100

1 BSEC warning code : 100

 ets Jan  8 2013,rst cause:1, boot mode:(3,7)

load 0x4010f000, len 1384, room 16 
tail 8
chksum 0x2d
csum 0x2d
v8b899c12
~ld


7.04
 0h00:00.286 1970/01/01T08:00:00z: SPIFFS Active
 0h00:03.959 2025/12/23T19:22:47z: a4:e5:7c:26:24:d4
 0h00:03.961 2025/12/23T19:22:47z: SSID: NothingButSunshine
1 BSEC warning code : 100

1 BSEC warning code : 100

1 BSEC warning code : 100

1 BSEC warning code : 100

1 BSEC warning code : 100

1 BSEC warning code : 100

1 BSEC warning code : 100

1 BSEC warning code : 100

1 BSEC warning code : 100

1 BSEC warning code : 100

 ets Jan  8 2013,rst cause:1, boot mode:(3,7)

load 0x4010f000, len 1384, room 16 
tail 8
chksum 0x2d
csum 0x2d
v8b899c12
~ld


7.04
 0h00:00.288 1970/01/01T08:00:00z: SPIFFS Active
 0h00:03.962 2025/12/23T19:42:33z: a4:e5:7c:26:24:d4
 0h00:03.964 2025/12/23T19:42:33z: SSID: NothingButSunshine
1 BSEC warning code : 100

1 BSEC warning code : 100

1 BSEC warning code : 100

1 BSEC warning code : 100

1 BSEC warning code : 100

1 BSEC warning code : 100

1 BSEC warning code : 100

1 BSEC warning code : 100

1 BSEC warning code : 100

1 BSEC warning code : 100

 ets Jan  8 2013,rst cause:1, boot mode:(3,7)

load 0x4010f000, len 1384, room 16 
tail 8
chksum 0x2d
csum 0x2d
v8b899c12
~ld


7.04
 0h00:00.282 1970/01/01T08:00:00z: SPIFFS Active
 0h00:03.956 2025/12/23T20:02:18z: a4:e5:7c:26:24:d4
 0h00:03.958 2025/12/23T20:02:18z: SSID: NothingButSunshine
1 BSEC warning code : 100

1 BSEC warning code : 100

1 BSEC warning code : 100

1 BSEC warning code : 100

1 BSEC warning code : 100

1 BSEC warning code : 100

1 BSEC warning code : 100

1 BSEC warning code : 100

1 BSEC warning code : 100

1 BSEC warning code : 100

 ets Jan  8 2013,rst cause:1, boot mode:(3,7)

load 0x4010f000, len 1384, room 16 
tail 8
chksum 0x2d
csum 0x2d
v8b899c12
~ld


7.04
 0h00:00.285 1970/01/01T08:00:00z: SPIFFS Active
 0h00:03.958 2025/12/23T20:22:03z: a4:e5:7c:26:24:d4
 0h00:03.960 2025/12/23T20:22:03z: SSID: NothingButSunshine
1 BSEC warning code : 100

1 BSEC warning code : 100

1 BSEC warning code : 100

1 BSEC warning code : 100

1 BSEC warning code : 100

1 BSEC warning code : 100

1 BSEC warning code : 100

1 BSEC warning code : 100

1 BSEC warning code : 100

1 BSEC warning code : 100

 ets Jan  8 2013,rst cause:1, boot mode:(3,7)

load 0x4010f000, len 1384, room 16 
tail 8
chksum 0x2d
csum 0x2d
v8b899c12
~ld


7.04
 0h00:00.292 1970/01/01T08:00:00z: SPIFFS Active
 0h00:03.966 2025/12/23T20:41:48z: a4:e5:7c:26:24:d4
 0h00:03.967 2025/12/23T20:41:48z: SSID: NothingButSunshine
1 BSEC warning code : 100

1 BSEC warning code : 100

1 BSEC warning code : 100

1 BSEC warning code : 100

1 BSEC warning code : 100

1 BSEC warning code : 100

1 BSEC warning code : 100

1 BSEC warning code : 100

1 BSEC warning code : 100

1 BSEC warning code : 100

 ets Jan  8 2013,rst cause:1, boot mode:(3,7)

load 0x4010f000, len 1384, room 16 
tail 8
chksum 0x2d
csum 0x2d
v8b899c12
~ld


7.04
 0h00:00.293 1970/01/01T08:00:00z: SPIFFS Active
 0h00:03.966 2025/12/23T21:01:34z: a4:e5:7c:26:24:d4
 0h00:03.968 2025/12/23T21:01:34z: SSID: NothingButSunshine
1 BSEC warning code : 100

1 BSEC warning code : 100

1 BSEC warning code : 100

1 BSEC warning code : 100

1 BSEC warning code : 100

1 BSEC warning code : 100

1 BSEC warning code : 100

1 BSEC warning code : 100

1 BSEC warning code : 100

1 BSEC warning code : 100

 ets Jan  8 2013,rst cause:1, boot mode:(3,7)

load 0x4010f000, len 1384, room 16 
tail 8
chksum 0x2d
csum 0x2d
v8b899c12
~ld


7.04
 0h00:00.282 1970/01/01T08:00:00z: SPIFFS Active
 0h00:03.956 2025/12/23T21:21:19z: a4:e5:7c:26:24:d4
 0h00:03.957 2025/12/23T21:21:19z: SSID: NothingButSunshine
1 BSEC warning code : 100

1 BSEC warning code : 100

1 BSEC warning code : 100

1 BSEC warning code : 100

1 BSEC warning code : 100

1 BSEC warning code : 100

1 BSEC warning code : 100

1 BSEC warning code : 100

1 BSEC warning code : 100

1 BSEC warning code : 100

 ets Jan  8 2013,rst cause:1, boot mode:(3,7)

load 0x4010f000, len 1384, room 16 
tail 8
chksum 0x2d
csum 0x2d
v8b899c12
~ld


7.04
 0h00:00.291 1970/01/01T08:00:00z: SPIFFS Active
 0h00:03.965 2025/12/23T21:41:05z: a4:e5:7c:26:24:d4
 0h00:03.967 2025/12/23T21:41:05z: SSID: NothingButSunshine
1 BSEC warning code : 100

1 BSEC warning code : 100

1 BSEC warning code : 100

1 BSEC warning code : 100

1 BSEC warning code : 100

1 BSEC warning code : 100

1 BSEC warning code : 100

1 BSEC warning code : 100

1 BSEC warning code : 100

1 BSEC warning code : 100

 ets Jan  8 2013,rst cause:1, boot mode:(3,7)

load 0x4010f000, len 1384, room 16 
tail 8
chksum 0x2d
csum 0x2d
v8b899c12
~ld


7.04
 0h00:00.283 1970/01/01T08:00:00z: SPIFFS Active
 0h00:03.957 2025/12/23T22:00:50z: a4:e5:7c:26:24:d4
 0h00:03.958 2025/12/23T22:00:50z: SSID: NothingButSunshine
1 BSEC warning code : 100

1 BSEC warning code : 100

1 BSEC warning code : 100

1 BSEC warning code : 100

1 BSEC warning code : 100

1 BSEC warning code : 100

1 BSEC warning code : 100

1 BSEC warning code : 100

1 BSEC warning code : 100

1 BSEC warning code : 100

 ets Jan  8 2013,rst cause:1, boot mode:(3,7)

load 0x4010f000, len 1384, room 16 
tail 8
chksum 0x2d
csum 0x2d
v8b899c12
~ld


7.04
 0h00:00.290 1970/01/01T08:00:00z: SPIFFS Active
 0h00:03.964 2025/12/23T22:20:36z: a4:e5:7c:26:24:d4
 0h00:03.965 2025/12/23T22:20:36z: SSID: NothingButSunshine
1 BSEC warning code : 100

1 BSEC warning code : 100

1 BSEC warning code : 100

1 BSEC warning code : 100

1 BSEC warning code : 100

1 BSEC warning code : 100

1 BSEC warning code : 100

1 BSEC warning code : 100

1 BSEC warning code : 100

1 BSEC warning code : 100

 ets Jan  8 2013,rst cause:1, boot mode:(3,7)

load 0x4010f000, len 1384, room 16 
tail 8
chksum 0x2d
csum 0x2d
v8b899c12
~ld


7.04
 0h00:00.291 1970/01/01T08:00:00z: SPIFFS Active
 0h00:03.965 2025/12/23T22:40:20z: a4:e5:7c:26:24:d4
 0h00:03.966 2025/12/23T22:40:20z: SSID: NothingButSunshine
1 BSEC warning code : 100

1 BSEC warning code : 100

1 BSEC warning code : 100

1 BSEC warning code : 100

1 BSEC warning code : 100

1 BSEC warning code : 100

1 BSEC warning code : 100

1 BSEC warning code : 100

1 BSEC warning code : 100

1 BSEC warning code : 100

 ets Jan  8 2013,rst cause:1, boot mode:(3,7)

load 0x4010f000, len 1384, room 16 
tail 8
chksum 0x2d
csum 0x2d
v8b899c12
~ld


7.04
 0h00:00.289 1970/01/01T08:00:00z: SPIFFS Active
 0h00:03.963 2025/12/23T23:00:06z: a4:e5:7c:26:24:d4
 0h00:03.964 2025/12/23T23:00:06z: SSID: NothingButSunshine
1 BSEC warning code : 100

1 BSEC warning code : 100

1 BSEC warning code : 100

1 BSEC warning code : 100

1 BSEC warning code : 100

1 BSEC warning code : 100

1 BSEC warning code : 100

1 BSEC warning code : 100

1 BSEC warning code : 100

1 BSEC warning code : 100

 ets Jan  8 2013,rst cause:1, boot mode:(3,7)

load 0x4010f000, len 1384, room 16 
tail 8
chksum 0x2d
csum 0x2d
v8b899c12
~ld


7.04
 0h00:00.286 1970/01/01T08:00:00z: SPIFFS Active
 0h00:03.960 2025/12/23T23:19:52z: a4:e5:7c:26:24:d4
 0h00:03.962 2025/12/23T23:19:52z: SSID: NothingButSunshine
1 BSEC warning code : 100

1 BSEC warning code : 100

1 BSEC warning code : 100

1 BSEC warning code : 100

1 BSEC warning code : 100

1 BSEC warning code : 100

1 BSEC warning code : 100

1 BSEC warning code : 100

1 BSEC warning code : 100

1 BSEC warning code : 100

 ets Jan  8 2013,rst cause:1, boot mode:(3,7)

load 0x4010f000, len 1384, room 16 
tail 8
chksum 0x2d
csum 0x2d
v8b899c12
~ld


7.04
 0h00:00.285 1970/01/01T08:00:00z: SPIFFS Active
 0h00:03.959 2025/12/23T23:39:38z: a4:e5:7c:26:24:d4
 0h00:03.961 2025/12/23T23:39:38z: SSID: NothingButSunshine
1 BSEC warning code : 100

1 BSEC warning code : 100

1 BSEC warning code : 100

1 BSEC warning code : 100

1 BSEC warning code : 100

1 BSEC warning code : 100

1 BSEC warning code : 100

1 BSEC warning code : 100

1 BSEC warning code : 100

1 BSEC warning code : 100

 ets Jan  8 2013,rst cause:1, boot mode:(3,7)

load 0x4010f000, len 1384, room 16 
tail 8
chksum 0x2d
csum 0x2d
v8b899c12
~ld


7.04
 0h00:00.290 1970/01/01T08:00:00z: SPIFFS Active
 0h00:03.964 2025/12/23T23:59:23z: a4:e5:7c:26:24:d4
 0h00:03.966 2025/12/23T23:59:23z: SSID: NothingButSunshine