
1 BSEC warning code : 100

1 BSEC warning code : 100

1 BSEC warning code : 100

1 BSEC warning code : 100

1 BSEC warning code : 100

1 BSEC warning code : 100

1 BSEC warning code : 100

1 BSEC warning code : 100

1 BSEC warning code : 100

1 BSEC warning code : 100

 ets Jan  8 2013,rst cause:4, boot mode:(3,7)

wdt reset
load 0x4010f000, len 1384, room 16 
tail 8
chksum 0x2d
csum 0x2d
v8b899c12
~ld


7.04
 0h00:00.274 1970/01/01T08:00:00z: SPIFFS Active
 0h00:03.948 2025/02/16T00:19:48z: a4:e5:7c:26:24:d4
 0h00:03.950 2025/02/16T00:19:48z: SSID: NothingButSunshine
1 BSEC warning code : 100

1 BSEC warning code : 100

1 BSEC warning code : 100

1 BSEC warning code : 100

1 BSEC warning code : 100

1 BSEC warning code : 100

1 BSEC warning code : 100

1 BSEC warning code : 100

1 BSEC warning code : 100

1 BSEC warning code : 100

 ets Jan  8 2013,rst cause:4, boot mode:(3,7)

wdt reset
load 0x4010f000, len 1384, room 16 
tail 8
chksum 0x2d
csum 0x2d
v8b899c12
~ld


7.04
 0h00:00.282 1970/01/01T08:00:00z: SPIFFS Active
 0h00:03.956 2025/02/16T00:39:30z: a4:e5:7c:26:24:d4
 0h00:03.958 2025/02/16T00:39:30z: SSID: NothingButSunshine
1 BSEC warning code : 100

1 BSEC warning code : 100

1 BSEC warning code : 100

1 BSEC warning code : 100

1 BSEC warning code : 100

1 BSEC warning code : 100

1 BSEC warning code : 100

1 BSEC warning code : 100

1 BSEC warning code : 100

1 BSEC warning code : 100

 ets Jan  8 2013,rst cause:4, boot mode:(3,7)

wdt reset
load 0x4010f000, len 1384, room 16 
tail 8
chksum 0x2d
csum 0x2d
v8b899c12
~ld


7.04
 0h00:00.285 1970/01/01T08:00:00z: SPIFFS Active
 0h00:03.959 2025/02/16T00:59:12z: a4:e5:7c:26:24:d4
 0h00:03.961 2025/02/16T00:59:12z: SSID: NothingButSunshine
1 BSEC warning code : 100

1 BSEC warning code : 100

1 BSEC warning code : 100

1 BSEC warning code : 100

1 BSEC warning code : 100

1 BSEC warning code : 100

1 BSEC warning code : 100

1 BSEC warning code : 100

1 BSEC warning code : 100

1 BSEC warning code : 100

 ets Jan  8 2013,rst cause:4, boot mode:(3,7)

wdt reset
load 0x4010f000, len 1384, room 16 
tail 8
chksum 0x2d
csum 0x2d
v8b899c12
~ld


7.04
 0h00:00.277 1970/01/01T08:00:00z: SPIFFS Active
 0h00:03.952 2025/02/16T01:18:54z: a4:e5:7c:26:24:d4
 0h00:03.954 2025/02/16T01:18:54z: SSID: NothingButSunshine
1 BSEC warning code : 100

1 BSEC warning code : 100

1 BSEC warning code : 100

1 BSEC warning code : 100

1 BSEC warning code : 100

1 BSEC warning code : 100

1 BSEC warning code : 100

1 BSEC warning code : 100

1 BSEC warning code : 100

1 BSEC warning code : 100

 ets Jan  8 2013,rst cause:4, boot mode:(3,7)

wdt reset
load 0x4010f000, len 1384, room 16 
tail 8
chksum 0x2d
csum 0x2d
v8b899c12
~ld


7.04
 0h00:00.284 1970/01/01T08:00:00z: SPIFFS Active
 0h00:03.958 2025/02/16T01:38:36z: a4:e5:7c:26:24:d4
 0h00:03.960 2025/02/16T01:38:36z: SSID: NothingButSunshine
1 BSEC warning code : 100

1 BSEC warning code : 100

1 BSEC warning code : 100

1 BSEC warning code : 100

1 BSEC warning code : 100

1 BSEC warning code : 100

1 BSEC warning code : 100

1 BSEC warning code : 100

1 BSEC warning code : 100

1 BSEC warning code : 100

 ets Jan  8 2013,rst cause:4, boot mode:(3,7)

wdt reset
load 0x4010f000, len 1384, room 16 
tail 8
chksum 0x2d
csum 0x2d
v8b899c12
~ld


7.04
 0h00:00.277 1970/01/01T08:00:00z: SPIFFS Active
 0h00:03.951 2025/02/16T01:58:18z: a4:e5:7c:26:24:d4
 0h00:03.953 2025/02/16T01:58:18z: SSID: NothingButSunshine
1 BSEC warning code : 100

1 BSEC warning code : 100

1 BSEC warning code : 100

1 BSEC warning code : 100

1 BSEC warning code : 100

1 BSEC warning code : 100

1 BSEC warning code : 100

1 BSEC warning code : 100

1 BSEC warning code : 100

1 BSEC warning code : 100

 ets Jan  8 2013,rst cause:4, boot mode:(3,7)

wdt reset
load 0x4010f000, len 1384, room 16 
tail 8
chksum 0x2d
csum 0x2d
v8b899c12
~ld


7.04
 0h00:00.284 1970/01/01T08:00:00z: SPIFFS Active
 0h00:03.959 2025/02/16T02:18:00z: a4:e5:7c:26:24:d4
 0h00:03.960 2025/02/16T02:18:00z: SSID: NothingButSunshine
1 BSEC warning code : 100

1 BSEC warning code : 100

1 BSEC warning code : 100

1 BSEC warning code : 100

1 BSEC warning code : 100

1 BSEC warning code : 100

1 BSEC warning code : 100

1 BSEC warning code : 100

1 BSEC warning code : 100

1 BSEC warning code : 100

 ets Jan  8 2013,rst cause:4, boot mode:(3,7)

wdt reset
load 0x4010f000, len 1384, room 16 
tail 8
chksum 0x2d
csum 0x2d
v8b899c12
~ld


7.04
 0h00:00.276 1970/01/01T08:00:00z: SPIFFS Active
 0h00:03.951 2025/02/16T02:37:42z: a4:e5:7c:26:24:d4
 0h00:03.953 2025/02/16T02:37:42z: SSID: NothingButSunshine
1 BSEC warning code : 100

1 BSEC warning code : 100

1 BSEC warning code : 100

1 BSEC warning code : 100

1 BSEC warning code : 100

1 BSEC warning code : 100

1 BSEC warning code : 100

1 BSEC warning code : 100

1 BSEC warning code : 100

1 BSEC warning code : 100

 ets Jan  8 2013,rst cause:4, boot mode:(3,7)

wdt reset
load 0x4010f000, len 1384, room 16 
tail 8
chksum 0x2d
csum 0x2d
v8b899c12
~ld


7.04
 0h00:00.285 1970/01/01T08:00:00z: SPIFFS Active
 0h00:03.960 2025/02/16T02:57:24z: a4:e5:7c:26:24:d4
 0h00:03.961 2025/02/16T02:57:24z: SSID: NothingButSunshine
 0h00:12.637 2025/02/16T02:57:33z: PMSX003-A (1671ms)
 0h00:13.837 2025/02/16T02:57:34z: PMSX003-B (1197ms)
 0h00:13.838 2025/02/16T02:57:34z: 3.0+RV3028+BME68X+PMSX003-A+PMSX003-B
 0h00:14.853 2025/02/16T02:57:35z: p:1005.94 gasR:966037.75 iaq:140.09(0) T:8.42(11.41) H:76.18(42.71) sIaq:280.15(0) Stabilization:1 Run in:0
 0h00:15.225 2025/02/16T02:57:36z: DATA A(2),47,76,39,1005.94,0.05,26448,0,15,15,19,20,15,19,20,66,66,2307,663,77,4,2,1,280.15
 0h00:15.853 2025/02/16T02:57:36z: p:1006.03 gasR:972228.81 iaq:140.09(0) T:9.04(14.64) H:73.39(43.47) sIaq:280.15(0) Stabilization:1 Run in:0
 0h00:16.059 2025/02/16T02:57:37z: DATA A(3),48,73,39,1006.03,0.05,26448,0,16,15,19,21,15,19,21,66,66,2307,663,77,4,2,1,280.15
 0h00:16.853 2025/02/16T02:57:37z: p:1006.05 gasR:977799.00 iaq:140.09(0) T:9.85(15.46) H:69.27(43.68) sIaq:280.15(0) Stabilization:1 Run in:0
 0h00:16.894 2025/02/16T02:57:37z: DATA A(4),49,69,39,1006.05,0.05,26448,0,16,15,19,21,15,19,21,66,66,2307,663,77,4,2,1,280.15
 0h00:17.799 2025/02/16T02:57:38z: DATA A(5),49,69,39,1006.05,0.05,26448,0,17,15,19,22,15,19,22,66,66,2262,665,90,5,3,1,280.15
 0h00:17.852 2025/02/16T02:57:38z: p:1006.04 gasR:997807.56 iaq:140.09(0) T:10.18(15.79) H:67.39(43.69) sIaq:280.15(0) Stabilization:1 Run in:0
 0h00:18.634 2025/02/16T02:57:39z: DATA A(6),50,67,39,1006.04,0.05,26448,0,18,15,19,22,15,19,22,66,66,2262,665,90,5,3,1,280.15
 0h00:18.852 2025/02/16T02:57:39z: p:1006.06 gasR:982725.50 iaq:140.09(0) T:10.39(15.99) H:65.99(43.54) sIaq:280.15(0) Stabilization:1 Run in:0
 0h00:19.853 2025/02/16T02:57:40z: p:1006.09 gasR:1003675.56 iaq:140.09(0) T:10.53(16.14) H:64.89(43.37) sIaq:280.15(0) Stabilization:1 Run in:0
 0h00:20.747 2025/02/16T02:57:41z: DATA B(2),50,64,38,1006.09,0.05,26448,0,20,15,25,29,15,25,29,79,79,2364,676,118,12,4,1,280.15
 0h00:20.853 2025/02/16T02:57:41z: p:1006.07 gasR:993451.38 iaq:140.09(0) T:10.63(16.24) H:64.02(43.18) sIaq:280.15(0) Stabilization:1 Run in:0
 0h00:21.583 2025/02/16T02:57:42z: DATA B(3),51,64,39,1006.07,0.05,26352,0,21,15,25,29,15,25,29,79,79,2364,676,118,12,4,1,280.15
 0h00:21.853 2025/02/16T02:57:42z: p:1006.05 gasR:1005893.94 iaq:139.94(0) T:10.70(16.30) H:63.31(42.98) sIaq:279.76(0) Stabilization:1 Run in:0
 0h00:22.418 2025/02/16T02:57:43z: DATA B(4),51,63,38,1006.05,0.05,26352,0,22,15,25,29,15,25,29,79,79,2364,676,118,12,4,1,279.76
 0h00:22.853 2025/02/16T02:57:43z: p:1006.09 gasR:1011108.38 iaq:139.74(0) T:10.77(16.38) H:62.67(42.81) sIaq:279.24(0) Stabilization:1 Run in:0
 0h00:23.325 2025/02/16T02:57:44z: DATA B(5),51,62,38,1006.09,0.05,26352,0,23,16,25,29,16,25,29,79,79,2466,702,118,10,4,2,279.24
 0h00:23.853 2025/02/16T02:57:44z: p:1006.06 gasR:1011857.69 iaq:139.55(0) T:10.83(16.43) H:62.10(42.63) sIaq:278.75(0) Stabilization:1 Run in:0
 0h00:24.853 2025/02/16T02:57:45z: p:1006.07 gasR:1005153.38 iaq:139.44(0) T:10.88(16.48) H:61.61(42.46) sIaq:278.48(0) Stabilization:1 Run in:0
 0h00:25.523 2025/02/16T02:57:46z: DATA A(7),51,61,38,1006.07,0.05,26352,0,25,15,21,26,15,21,26,70,70,2307,676,109,13,7,2,278.48
 0h00:25.853 2025/02/16T02:57:46z: p:1006.06 gasR:1011108.38 iaq:139.29(0) T:10.94(16.54) H:61.15(42.31) sIaq:278.10(0) Stabilization:1 Run in:0
 0h00:26.428 2025/02/16T02:57:47z: DATA A(8),51,61,38,1006.06,0.05,26352,0,26,14,19,25,14,19,25,66,66,2235,651,103,13,7,1,278.10
 0h00:26.853 2025/02/16T02:57:47z: p:1006.07 gasR:1011108.38 iaq:139.16(0) T:10.99(16.59) H:60.76(42.19) sIaq:277.76(0) Stabilization:1 Run in:0
 0h00:27.334 2025/02/16T02:57:48z: DATA A(9),51,60,37,1006.07,0.05,26352,0,27,14,21,30,14,21,30,70,70,2244,656,114,22,12,1,277.76
 0h00:27.853 2025/02/16T02:57:48z: p:1006.06 gasR:1011108.38 iaq:139.04(0) T:11.02(16.63) H:60.42(42.05) sIaq:277.46(0) Stabilization:1 Run in:0
 0h00:28.239 2025/02/16T02:57:49z: DATA A(10),51,60,37,1006.06,0.05,26352,0,28,14,21,30,14,21,30,70,70,2268,657,116,23,13,1,277.46
 0h00:28.853 2025/02/16T02:57:49z: p:1006.07 gasR:1015621.12 iaq:138.90(0) T:11.06(16.66) H:60.14(41.93) sIaq:277.09(0) Stabilization:1 Run in:0
 0h00:29.145 2025/02/16T02:57:50z: DATA A(11),51,60,37,1006.07,0.05,26352,0,29,14,22,34,14,22,34,72,72,2274,666,120,28,16,2,277.09
 0h00:29.853 2025/02/16T02:57:50z: p:1006.07 gasR:1015621.12 iaq:138.77(0) T:11.08(16.68) H:59.91(41.83) sIaq:276.76(0) Stabilization:1 Run in:0
 0h00:30.151 2025/02/16T02:57:51z: DATA B(6),51,59,37,1006.07,0.05,26352,0,30,15,22,28,15,22,28,72,72,2352,666,108,10,4,2,276.76
 0h00:30.853 2025/02/16T02:57:51z: p:1006.04 gasR:1020174.38 iaq:138.61(0) T:11.10(16.71) H:59.68(41.71) sIaq:276.37(0) Stabilization:1 Run in:0
 0h00:31.058 2025/02/16T02:57:52z: DATA B(7),51,59,37,1006.04,0.05,26352,0,31,15,22,28,15,22,28,72,72,2388,674,102,12,5,3,276.37
 0h00:31.853 2025/02/16T02:57:52z: p:1006.07 gasR:1026309.19 iaq:138.42(0) T:11.14(16.74) H:59.46(41.63) sIaq:275.87(0) Stabilization:1 Run in:0
 0h00:31.893 2025/02/16T02:57:52z: DATA B(8),52,59,38,1006.07,0.05,26352,0,31,15,22,28,15,22,28,72,72,2388,674,102,12,5,3,275.87
 0h00:32.728 2025/02/16T02:57:53z: DATA B(9),52,59,38,1006.07,0.05,26352,0,32,15,22,27,15,22,27,72,72,2388,674,102,12,5,3,275.87
 0h00:32.853 2025/02/16T02:57:53z: p:1006.08 gasR:1020174.38 iaq:138.30(0) T:11.17(16.77) H:59.28(41.55) sIaq:275.58(0) Stabilization:1 Run in:0
 0h00:33.635 2025/02/16T02:57:54z: DATA B(10),52,59,38,1006.08,0.05,26352,0,33,15,22,27,15,22,27,72,72,2394,684,102,13,5,3,275.58
 0h00:33.852 2025/02/16T02:57:54z: p:1006.09 gasR:1020937.19 iaq:138.19(0) T:11.19(16.79) H:59.09(41.46) sIaq:275.30(0) Stabilization:1 Run in:0
 0h00:34.853 2025/02/16T02:57:55z: p:1006.06 gasR:1020174.38 iaq:138.10(0) T:11.21(16.81) H:58.96(41.39) sIaq:275.07(0) Stabilization:1 Run in:0
 0h00:35.483 2025/02/16T02:57:56z: DATA A(12),52,58,38,1006.06,0.05,26352,0,35,14,22,38,14,22,38,72,72,2310,673,125,40,22,2,275.07
 0h00:35.852 2025/02/16T02:57:56z: p:1006.05 gasR:1020937.19 iaq:138.02(0) T:11.23(16.84) H:58.80(41.31) sIaq:274.85(0) Stabilization:1 Run in:0
 0h00:36.389 2025/02/16T02:57:57z: DATA A(13),52,58,38,1006.05,0.05,26352,0,36,14,21,38,14,21,38,70,70,2328,685,124,36,22,3,274.85
 0h00:36.853 2025/02/16T02:57:57z: p:1006.08 gasR:1027081.25 iaq:137.89(0) T:11.25(16.86) H:58.70(41.26) sIaq:274.51(0) Stabilization:1 Run in:0
 0h00:37.224 2025/02/16T02:57:58z: DATA A(14),52,58,37,1006.08,0.05,26352,0,37,14,21,38,14,21,38,70,70,2328,685,124,36,22,3,274.51
 0h00:37.853 2025/02/16T02:57:58z: p:1006.06 gasR:1024000.00 iaq:137.80(0) T:11.27(16.87) H:58.59(41.18) sIaq:274.29(0) Stabilization:1 Run in:0
 0h00:38.058 2025/02/16T02:57:59z: DATA A(15),52,58,37,1006.06,0.05,26352,0,38,14,21,38,14,21,38,70,70,2328,685,124,36,22,3,274.29
 0h00:38.853 2025/02/16T02:57:59z: p:1006.07 gasR:1019412.62 iaq:137.76(0) T:11.28(16.89) H:58.45(41.09) sIaq:274.19(0) Stabilization:1 Run in:0
 0h00:38.964 2025/02/16T02:57:59z: DATA A(16),52,58,37,1006.07,0.05,26352,0,38,14,21,37,14,21,37,70,70,2295,665,122,35,21,3,274.19
 0h00:39.853 2025/02/16T02:58:00z: p:1006.08 gasR:1019412.62 iaq:137.73(0) T:11.31(16.91) H:58.36(41.06) sIaq:274.11(0) Stabilization:1 Run in:0
 0h00:40.462 2025/02/16T02:58:01z: DATA B(11),52,58,37,1006.08,0.05,26352,0,40,15,21,26,15,21,26,70,70,2274,662,82,12,5,3,274.11
 0h00:40.853 2025/02/16T02:58:01z: p:1006.08 gasR:1020937.19 iaq:137.69(0) T:11.33(16.93) H:58.21(40.98) sIaq:274.00(0) Stabilization:1 Run in:0
 0h00:41.368 2025/02/16T02:58:02z: DATA B(12),52,58,37,1006.08,0.05,26352,0,41,13,19,24,13,19,24,66,66,2208,634,70,10,5,2,274.00
 0h00:41.853 2025/02/16T02:58:02z: p:1006.06 gasR:1020937.19 iaq:137.65(0) T:11.34(16.94) H:58.17(40.94) sIaq:273.90(0) Stabilization:1 Run in:0
 0h00:42.204 2025/02/16T02:58:03z: DATA B(13),52,58,37,1006.06,0.05,26352,0,42,14,19,24,14,19,24,66,66,2208,634,70,10,5,2,273.90
 0h00:42.853 2025/02/16T02:58:03z: p:1006.06 gasR:1017892.62 iaq:137.64(0) T:11.36(16.96) H:58.09(40.88) sIaq:273.89(0) Stabilization:1 Run in:0
 0h00:43.039 2025/02/16T02:58:04z: DATA B(14),52,58,37,1006.06,0.05,26352,0,43,14,19,24,14,19,24,66,66,2208,634,70,10,5,2,273.89
 0h00:43.853 2025/02/16T02:58:04z: p:1006.08 gasR:1031738.06 iaq:137.51(0) T:11.37(16.97) H:58.05(40.85) sIaq:273.55(0) Stabilization:1 Run in:0
 0h00:43.946 2025/02/16T02:58:04z: DATA B(15),52,58,37,1006.08,0.05,26168,0,43,15,20,24,15,20,24,68,68,2292,666,70,10,5,2,273.55
 0h00:44.853 2025/02/16T02:58:05z: p:1006.06 gasR:1029404.38 iaq:137.42(0) T:11.38(16.98) H:58.00(40.81) sIaq:273.31(0) Stabilization:1 Run in:0
 0h00:45.781 2025/02/16T02:58:06z: DATA A(17),52,57,37,1006.06,0.05,26352,0,45,14,19,33,14,19,33,66,66,2238,654,114,31,17,2,273.31
 0h00:45.852 2025/02/16T02:58:06z: p:1006.08 gasR:1027081.25 iaq:137.35(0) T:11.40(17.00) H:57.96(40.79) sIaq:273.15(0) Stabilization:1 Run in:0
 0h00:46.687 2025/02/16T02:58:07z: DATA A(18),52,57,37,1006.08,0.05,25728,0,46,14,19,31,14,19,31,66,66,2220,646,107,29,16,2,273.15
 0h00:46.853 2025/02/16T02:58:07z: p:1006.06 gasR:1025538.31 iaq:137.31(0) T:11.42(17.02) H:57.91(40.76) sIaq:273.05(0) Stabilization:1 Run in:0
 0h00:47.521 2025/02/16T02:58:08z: DATA A(19),52,57,37,1006.06,0.05,26352,0,47,14,19,31,14,19,31,66,66,2220,646,107,29,16,2,273.05
 0h00:47.852 2025/02/16T02:58:08z: p:1006.07 gasR:1026309.19 iaq:137.27(0) T:11.42(17.02) H:57.89(40.73) sIaq:272.94(0) Stabilization:1 Run in:0
 0h00:48.356 2025/02/16T02:58:09z: DATA A(20),52,57,37,1006.07,0.05,26352,0,48,14,19,31,14,19,31,66,66,2220,646,107,29,16,2,272.94
 0h00:48.853 2025/02/16T02:58:09z: p:1006.08 gasR:1024000.00 iaq:137.25(0) T:11.44(17.04) H:57.85(40.70) sIaq:272.89(0) Stabilization:1 Run in:0
 0h00:49.261 2025/02/16T02:58:10z: DATA A(21),52,57,37,1006.08,0.05,26352,0,49,14,18,30,14,18,30,64,64,2175,636,107,26,15,2,272.89
 0h00:49.852 2025/02/16T02:58:10z: p:1006.09 gasR:1021701.19 iaq:137.26(0) T:11.44(17.05) H:57.85(40.69) sIaq:272.91(0) Stabilization:1 Run in:0
 0h00:50.772 2025/02/16T02:58:11z: DATA B(16),52,57,37,1006.09,0.05,26352,0,50,15,19,22,15,19,22,66,66,2178,648,68,8,3,1,272.91
 0h00:50.852 2025/02/16T02:58:11z: p:1006.08 gasR:1034082.31 iaq:137.15(0) T:11.46(17.06) H:57.78(40.64) sIaq:272.63(0) Stabilization:1 Run in:0
 0h00:51.679 2025/02/16T02:58:12z: DATA B(17),52,57,37,1006.08,0.05,26352,0,51,15,20,24,15,20,24,68,68,2190,656,72,9,4,1,272.63
 0h00:51.852 2025/02/16T02:58:12z: p:1006.10 gasR:1031738.06 iaq:137.08(0) T:11.47(17.07) H:57.77(40.62) sIaq:272.45(0) Stabilization:1 Run in:0
 0h00:52.514 2025/02/16T02:58:13z: DATA B(18),52,57,37,1006.10,0.05,26352,0,52,15,20,24,15,20,24,68,68,2190,656,72,9,4,1,272.45
 0h00:52.852 2025/02/16T02:58:13z: p:1006.09 gasR:1030959.00 iaq:137.02(0) T:11.47(17.07) H:57.74(40.58) sIaq:272.30(0) Stabilization:1 Run in:0
 0h00:53.350 2025/02/16T02:58:14z: DATA B(19),52,57,37,1006.09,0.05,26352,0,53,15,20,24,15,20,24,68,68,2190,656,72,9,4,1,272.30
 0h00:53.852 2025/02/16T02:58:14z: p:1006.10 gasR:1030959.00 iaq:136.97(0) T:11.48(17.08) H:57.72(40.56) sIaq:272.17(0) Stabilization:1 Run in:0
 0h00:54.256 2025/02/16T02:58:15z: DATA B(20),52,57,37,1006.10,0.05,26352,0,54,16,20,25,16,20,25,68,68,2280,690,72,9,5,1,272.17
 0h00:54.852 2025/02/16T02:58:15z: p:1006.09 gasR:1032518.25 iaq:136.91(0) T:11.49(17.09) H:57.67(40.52) sIaq:272.02(0) Stabilization:1 Run in:0
 0h00:55.853 2025/02/16T02:58:16z: p:1006.08 gasR:1034866.12 iaq:136.84(0) T:11.50(17.10) H:57.63(40.49) sIaq:271.83(0) Stabilization:1 Run in:0
 0h00:56.080 2025/02/16T02:58:17z: DATA A(22),52,57,37,1006.08,0.05,26352,0,56,12,18,29,12,18,29,64,64,2169,627,105,22,13,2,271.83
 0h00:56.853 2025/02/16T02:58:17z: p:1006.11 gasR:1030181.06 iaq:136.82(0) T:11.50(17.11) H:57.60(40.45) sIaq:271.78(0) Stabilization:1 Run in:0
 0h00:56.985 2025/02/16T02:58:17z: DATA A(23),52,57,37,1006.11,0.05,26352,0,56,12,18,26,12,18,26,64,64,2142,616,104,20,11,2,271.78
 0h00:57.820 2025/02/16T02:58:18z: DATA A(24),52,57,37,1006.11,0.05,26352,0,57,12,18,27,12,18,27,64,64,2142,616,104,20,11,2,271.78
 0h00:57.852 2025/02/16T02:58:18z: p:1006.08 gasR:1047570.31 iaq:136.64(0) T:11.51(17.11) H:57.61(40.43) sIaq:271.33(0) Stabilization:1 Run in:0
 0h00:58.654 2025/02/16T02:58:19z: DATA A(25),52,57,37,1006.08,0.05,26352,0,58,12,18,27,12,18,27,64,64,2142,616,104,20,11,2,271.33
 0h00:58.852 2025/02/16T02:58:19z: p:1006.09 gasR:1031738.06 iaq:136.63(0) T:11.51(17.11) H:57.56(40.38) sIaq:271.30(0) Stabilization:1 Run in:0
 0h00:59.560 2025/02/16T02:58:20z: DATA A(26),52,57,37,1006.09,0.05,26352,0,59,12,17,27,12,17,27,62,62,2124,609,96,18,11,3,271.30
 0h00:59.853 2025/02/16T02:58:20z: p:1006.07 gasR:1036437.25 iaq:136.58(0) T:11.52(17.12) H:57.57(40.38) sIaq:271.17(0) Stabilization:1 Run in:0
 0h01:00.853 2025/02/16T02:58:21z: p:1006.10 gasR:1033299.69 iaq:136.56(0) T:11.53(17.13) H:57.53(40.36) sIaq:271.12(0) Stabilization:1 Run in:0
 0h01:01.082 2025/02/16T02:58:22z: DATA B(21),52,57,37,1006.10,0.05,26352,0,61,16,19,26,16,19,26,66,66,2148,648,74,12,9,1,271.12
 0h01:01.853 2025/02/16T02:58:22z: p:1006.07 gasR:1045164.56 iaq:136.43(0) T:11.53(17.14) H:57.53(40.35) sIaq:270.81(0) Stabilization:1 Run in:0
 0h01:01.989 2025/02/16T02:58:22z: DATA B(22),52,57,37,1006.07,0.05,26352,0,61,16,19,26,16,19,26,66,66,2226,664,80,12,9,1,270.81
 0h01:02.824 2025/02/16T02:58:23z: DATA B(23),52,57,37,1006.07,0.05,26352,0,62,16,19,26,16,19,26,66,66,2226,664,80,12,9,1,270.81
 0h01:02.852 2025/02/16T02:58:23z: p:1006.09 gasR:1034082.31 iaq:136.43(0) T:11.54(17.14) H:57.53(40.33) sIaq:270.78(0) Stabilization:1 Run in:0
 0h01:03.660 2025/02/16T02:58:24z: DATA B(24),52,57,37,1006.09,0.05,26352,0,63,16,19,26,16,19,26,66,66,2226,664,80,12,9,1,270.78
 0h01:03.852 2025/02/16T02:58:24z: p:1006.09 gasR:1027081.25 iaq:136.48(0) T:11.52(17.12) H:57.58(40.31) sIaq:270.92(0) Stabilization:1 Run in:0
 0h01:04.567 2025/02/16T02:58:25z: DATA B(25),52,57,37,1006.09,0.05,26352,0,64,16,19,25,16,19,25,66,66,2202,652,72,11,8,1,270.92
 0h01:04.853 2025/02/16T02:58:25z: p:1006.07 gasR:1040386.06 iaq:136.41(0) T:11.50(17.10) H:57.66(40.30) sIaq:270.75(0) Stabilization:1 Run in:0
 0h01:05.852 2025/02/16T02:58:26z: p:1006.10 gasR:1039593.94 iaq:136.36(0) T:11.50(17.10) H:57.66(40.29) sIaq:270.61(0) Stabilization:1 Run in:0
 0h01:06.378 2025/02/16T02:58:27z: DATA A(27),52,57,37,1006.10,0.05,26352,0,66,12,18,24,12,18,24,64,64,2136,616,98,14,6,2,270.61
 0h01:06.853 2025/02/16T02:58:27z: p:1006.09 gasR:1034082.31 iaq:136.36(0) T:11.50(17.10) H:57.69(40.30) sIaq:270.61(0) Stabilization:1 Run in:0
 0h01:07.284 2025/02/16T02:58:28z: DATA A(28),52,57,37,1006.09,0.05,26352,0,67,12,19,26,12,19,26,66,66,2199,633,104,16,9,2,270.61
 0h01:07.853 2025/02/16T02:58:28z: p:1006.09 gasR:1036437.25 iaq:136.34(0) T:11.50(17.11) H:57.65(40.26) sIaq:270.56(0) Stabilization:1 Run in:0
 0h01:08.118 2025/02/16T02:58:29z: DATA A(29),52,57,37,1006.09,0.05,26352,0,68,12,19,26,12,19,26,66,66,2199,633,104,16,9,2,270.56
 0h01:08.852 2025/02/16T02:58:29z: p:1006.10 gasR:1032518.25 iaq:136.35(0) T:11.51(17.11) H:57.69(40.29) sIaq:270.60(0) Stabilization:1 Run in:0
 0h01:08.952 2025/02/16T02:58:29z: DATA A(30),52,57,37,1006.10,0.09,26352,0,68,12,19,26,12,19,26,66,66,2199,633,104,16,9,2,270.60
 0h01:09.853 2025/02/16T02:58:30z: p:1006.10 gasR:1039593.94 iaq:136.31(0) T:11.52(17.12) H:57.70(40.32) sIaq:270.48(0) Stabilization:1 Run in:0
 0h01:09.870 2025/02/16T02:58:30z: DATA A(31),52,57,37,1006.10,0.04,26352,0,69,12,21,27,12,21,27,70,70,2262,654,110,18,9,2,270.48
 0h01:10.853 2025/02/16T02:58:31z: p:1006.10 gasR:1030181.06 iaq:136.35(0) T:11.53(17.14) H:57.62(40.29) sIaq:270.59(0) Stabilization:1 Run in:0
 0h01:11.393 2025/02/16T02:58:32z: DATA B(26),52,57,37,1006.10,0.05,26352,0,71,16,19,25,16,19,25,66,66,2202,650,68,11,7,1,270.59
 0h01:11.852 2025/02/16T02:58:32z: p:1006.08 gasR:1033299.69 iaq:136.36(0) T:11.55(17.15) H:57.60(40.29) sIaq:270.61(0) Stabilization:1 Run in:0
 0h01:12.300 2025/02/16T02:58:33z: DATA B(27),52,57,37,1006.08,0.05,26352,0,72,16,20,26,16,20,26,68,68,2256,674,80,11,7,1,270.61
 0h01:12.852 2025/02/16T02:58:33z: p:1006.09 gasR:1039593.94 iaq:136.31(0) T:11.56(17.16) H:57.55(40.28) sIaq:270.49(0) Stabilization:1 Run in:0
 0h01:13.135 2025/02/16T02:58:34z: DATA B(28),52,57,37,1006.09,0.05,26352,0,73,16,20,26,16,20,26,68,68,2256,674,80,11,7,1,270.49
 0h01:13.853 2025/02/16T02:58:34z: p:1006.08 gasR:1047570.31 iaq:136.20(0) T:11.57(17.17) H:57.55(40.29) sIaq:270.20(0) Stabilization:1 Run in:0
 0h01:13.971 2025/02/16T02:58:34z: DATA B(29),52,57,37,1006.08,0.05,26352,0,73,16,20,26,16,20,26,68,68,2256,674,80,11,7,1,270.20
 0h01:14.853 2025/02/16T02:58:35z: p:1006.09 gasR:1039593.94 iaq:136.17(0) T:11.59(17.19) H:57.54(40.31) sIaq:270.12(0) Stabilization:1 Run in:0
 0h01:14.877 2025/02/16T02:58:35z: DATA B(30),52,57,37,1006.09,0.05,26352,0,74,16,20,27,16,20,27,68,68,2256,666,86,11,7,1,270.12
 0h01:15.852 2025/02/16T02:58:36z: p:1006.09 gasR:1039593.94 iaq:136.14(0) T:11.60(17.20) H:57.52(40.31) sIaq:270.06(0) Stabilization:1 Run in:0
 0h01:16.676 2025/02/16T02:58:37z: DATA A(32),52,57,37,1006.09,0.05,26352,0,76,12,21,30,12,21,30,70,70,2256,656,104,24,14,3,270.06
 0h01:16.853 2025/02/16T02:58:37z: p:1006.09 gasR:1038802.94 iaq:136.13(0) T:11.61(17.21) H:57.52(40.30) sIaq:270.02(0) Stabilization:1 Run in:0
 0h01:17.581 2025/02/16T02:58:38z: DATA A(33),52,57,37,1006.09,0.05,26352,0,77,14,22,32,14,22,32,72,72,2295,669,115,29,15,3,270.02
 0h01:17.852 2025/02/16T02:58:38z: p:1006.09 gasR:1041974.06 iaq:136.08(0) T:11.62(17.22) H:57.52(40.31) sIaq:269.91(0) Stabilization:1 Run in:0
 0h01:18.416 2025/02/16T02:58:39z: DATA A(34),52,57,37,1006.09,0.05,26352,0,78,14,22,32,14,22,32,72,72,2295,669,115,29,15,3,269.91
 0h01:18.853 2025/02/16T02:58:39z: p:1006.09 gasR:1041974.06 iaq:136.05(0) T:11.63(17.24) H:57.50(40.31) sIaq:269.81(0) Stabilization:1 Run in:0
 0h01:19.251 2025/02/16T02:58:40z: DATA A(35),52,57,37,1006.09,0.05,26352,0,79,14,22,32,14,22,32,72,72,2295,669,115,29,15,3,269.81
 0h01:19.852 2025/02/16T02:58:40z: p:1006.09 gasR:1041179.44 iaq:136.02(0) T:11.64(17.24) H:57.49(40.31) sIaq:269.75(0) Stabilization:1 Run in:0
 0h01:20.156 2025/02/16T02:58:41z: DATA A(36),52,57,37,1006.09,0.05,26352,0,80,14,23,33,14,23,33,74,74,2313,678,113,32,16,3,269.75
 0h01:20.853 2025/02/16T02:58:41z: p:1006.09 gasR:1034082.31 iaq:136.06(0) T:11.65(17.25) H:57.49(40.31) sIaq:269.85(0) Stabilization:1 Run in:0
 0h01:21.703 2025/02/16T02:58:42z: DATA B(31),52,57,37,1006.09,0.05,26352,0,81,15,19,24,15,19,24,66,66,2112,610,80,10,5,1,269.85
 0h01:21.852 2025/02/16T02:58:42z: p:1006.12 gasR:1038802.94 iaq:136.06(0) T:11.66(17.26) H:57.50(40.31) sIaq:269.84(0) Stabilization:1 Run in:0
 0h01:22.610 2025/02/16T02:58:43z: DATA B(32),52,57,37,1006.12,0.05,26352,0,82,15,20,25,15,20,25,68,68,2184,630,86,13,6,1,269.84
 0h01:22.853 2025/02/16T02:58:43z: p:1006.07 gasR:1040386.06 iaq:136.04(0) T:11.66(17.26) H:57.53(40.31) sIaq:269.79(0) Stabilization:1 Run in:0
 0h01:23.445 2025/02/16T02:58:44z: DATA B(33),52,57,37,1006.07,0.05,26352,0,83,15,20,25,15,20,25,68,68,2184,630,86,13,6,1,269.79
 0h01:23.853 2025/02/16T02:58:44z: p:1006.07 gasR:1041179.44 iaq:136.01(0) T:11.66(17.26) H:57.52(40.30) sIaq:269.72(0) Stabilization:1 Run in:0
 0h01:24.280 2025/02/16T02:58:45z: DATA B(34),52,57,37,1006.07,0.05,26352,0,84,15,20,25,15,20,25,68,68,2184,630,86,13,6,1,269.72
 0h01:24.853 2025/02/16T02:58:45z: p:1006.10 gasR:1042769.88 iaq:135.98(0) T:11.67(17.27) H:57.51(40.29) sIaq:269.63(0) Stabilization:1 Run in:0
 0h01:25.187 2025/02/16T02:58:46z: DATA B(35),53,57,38,1006.10,0.05,26352,0,85,15,21,22,15,21,22,70,70,2178,636,90,9,2,0,269.63
 0h01:25.853 2025/02/16T02:58:46z: p:1006.07 gasR:1038802.94 iaq:135.98(0) T:11.67(17.27) H:57.49(40.26) sIaq:269.64(0) Stabilization:1 Run in:0
 0h01:26.853 2025/02/16T02:58:47z: p:1006.10 gasR:1045965.25 iaq:135.92(0) T:11.68(17.29) H:57.48(40.26) sIaq:269.49(0) Stabilization:1 Run in:0
 0h01:26.974 2025/02/16T02:58:47z: DATA A(37),53,57,38,1006.10,0.05,26352,0,86,14,23,31,14,23,31,74,74,2262,671,109,27,11,2,269.49
 0h01:27.853 2025/02/16T02:58:48z: p:1006.10 gasR:1041179.44 iaq:135.91(0) T:11.69(17.29) H:57.46(40.25) sIaq:269.46(0) Stabilization:1 Run in:0
 0h01:27.880 2025/02/16T02:58:48z: DATA A(38),53,57,38,1006.10,0.05,26352,0,87,14,23,31,14,23,31,74,74,2205,656,107,27,11,2,269.46
 0h01:28.714 2025/02/16T02:58:49z: DATA A(39),53,57,38,1006.10,0.05,26352,0,88,14,23,31,14,23,31,74,74,2205,656,107,27,11,2,269.46
 0h01:28.853 2025/02/16T02:58:49z: p:1006.10 gasR:1037224.62 iaq:135.94(0) T:11.70(17.30) H:57.42(40.22) sIaq:269.53(0) Stabilization:1 Run in:0
 0h01:29.549 2025/02/16T02:58:50z: DATA A(40),53,57,38,1006.10,0.05,26352,0,89,14,23,31,14,23,31,74,74,2205,656,107,27,11,2,269.53
 0h01:29.853 2025/02/16T02:58:50z: p:1006.10 gasR:1041179.44 iaq:135.92(0) T:11.69(17.29) H:57.48(40.23) sIaq:269.50(0) Stabilization:1 Run in:0
 0h01:30.853 2025/02/16T02:58:51z: p:1006.09 gasR:1044365.12 iaq:135.88(0) T:11.70(17.30) H:57.44(40.21) sIaq:269.40(0) Stabilization:1 Run in:0
 0h01:31.852 2025/02/16T02:58:52z: p:1006.08 gasR:1041179.44 iaq:135.88(0) T:11.70(17.30) H:57.43(40.19) sIaq:269.39(0) Stabilization:1 Run in:0
 0h01:32.013 2025/02/16T02:58:52z: DATA B(36),53,57,38,1006.08,0.05,26352,0,92,15,21,22,15,21,22,70,70,2172,646,90,8,2,0,269.39
 0h01:32.853 2025/02/16T02:58:53z: p:1006.10 gasR:1047570.31 iaq:135.82(0) T:11.70(17.30) H:57.45(40.19) sIaq:269.23(0) Stabilization:1 Run in:0
 0h01:32.919 2025/02/16T02:58:53z: DATA B(37),53,57,38,1006.10,0.05,26352,0,92,13,21,22,13,21,22,70,70,2076,622,96,7,2,0,269.23
 0h01:33.755 2025/02/16T02:58:54z: DATA B(38),53,57,38,1006.10,0.05,26040,0,93,13,21,22,13,21,22,70,70,2076,622,96,7,2,0,269.23
 0h01:33.852 2025/02/16T02:58:54z: p:1006.09 gasR:1045164.56 iaq:135.78(0) T:11.70(17.30) H:57.46(40.18) sIaq:269.15(0) Stabilization:1 Run in:0
 0h01:34.590 2025/02/16T02:58:55z: DATA B(39),53,57,38,1006.09,0.05,26352,0,94,13,21,22,13,21,22,70,70,2076,622,96,7,2,0,269.15
 0h01:34.853 2025/02/16T02:58:55z: p:1006.10 gasR:1049987.12 iaq:135.71(0) T:11.69(17.29) H:57.47(40.15) sIaq:268.96(0) Stabilization:1 Run in:0
 0h01:35.497 2025/02/16T02:58:56z: DATA B(40),53,57,38,1006.10,0.05,26352,0,95,13,20,21,13,20,21,68,68,2034,608,94,7,2,0,268.96
 0h01:35.853 2025/02/16T02:58:56z: p:1006.10 gasR:1041974.06 iaq:135.72(0) T:11.69(17.30) H:57.47(40.15) sIaq:268.98(0) Stabilization:1 Run in:0
 0h01:36.437 2025/02/16T02:58:57z: DATA A(41),53,57,38,1006.10,0.05,26352,0,96,14,22,29,14,22,29,72,72,2142,642,95,23,9,3,268.98
 0h01:36.853 2025/02/16T02:58:57z: p:1006.11 gasR:1042769.88 iaq:135.72(0) T:11.70(17.30) H:57.43(40.12) sIaq:268.98(0) Stabilization:1 Run in:0
 0h01:37.272 2025/02/16T02:58:58z: DATA A(42),53,57,38,1006.11,0.05,26352,0,97,13,22,29,13,22,29,72,72,2142,642,95,23,9,3,268.98
 0h01:37.853 2025/02/16T02:58:58z: p:1006.08 gasR:1037224.62 iaq:135.77(0) T:11.70(17.30) H:57.43(40.12) sIaq:269.11(0) Stabilization:1 Run in:0
 0h01:38.177 2025/02/16T02:58:59z: DATA A(43),53,57,38,1006.08,0.05,26352,0,98,13,22,29,13,22,29,72,72,2121,636,93,21,9,5,269.11
 0h01:38.853 2025/02/16T02:58:59z: p:1006.08 gasR:1043566.88 iaq:135.76(0) T:11.70(17.30) H:57.41(40.09) sIaq:269.08(0) Stabilization:1 Run in:0
 0h01:39.012 2025/02/16T02:58:59z: DATA A(44),53,57,38,1006.08,0.05,26352,0,99,13,22,29,13,22,29,72,72,2121,636,93,21,9,5,269.08
 0h01:39.846 2025/02/16T02:59:00z: DATA A(45),53,57,38,1006.08,0.05,26352,0,99,14,22,29,14,22,29,72,72,2121,636,93,21,9,5,269.08
 0h01:39.869 2025/02/16T02:59:00z: p:1006.10 gasR:1049987.12 iaq:135.69(0) T:11.82(17.31) H:56.97(40.09) sIaq:268.91(0) Stabilization:1 Run in:0
 0h01:40.868 2025/02/16T02:59:01z: p:1006.09 gasR:1048374.69 iaq:135.65(0) T:11.63(17.23) H:57.63(40.06) sIaq:268.79(0) Stabilization:1 Run in:0
 0h01:41.868 2025/02/16T02:59:02z: p:1006.10 gasR:1043566.88 iaq:135.65(0) T:11.71(17.31) H:57.35(40.07) sIaq:268.80(0) Stabilization:1 Run in:0
 0h01:42.322 2025/02/16T02:59:03z: DATA B(41),53,57,38,1006.10,0.05,26352,0,102,12,17,19,12,17,19,62,62,1878,556,80,7,2,0,268.80
 0h01:42.868 2025/02/16T02:59:03z: p:1006.11 gasR:1042769.88 iaq:135.66(0) T:11.73(17.33) H:57.32(40.09) sIaq:268.83(0) Stabilization:1 Run in:0
 0h01:43.229 2025/02/16T02:59:04z: DATA B(42),53,57,38,1006.11,0.05,26352,0,103,13,19,20,13,19,20,66,66,1914,570,86,7,3,0,268.83
{"SensorId":"a4:e5:7c:26:24:d4","DateTime":"2025/02/16T02:59:04z","Geo":"PurpleAir-24d4","Mem":26352,"memfrag":2,"memfb":25968,"memcs":568,"Id":1,"lat":0.000000,"lon":0.000000,"Adc":"nan","loggingrate":15,"place":"outside","version":"7.04","uptime":103,"rssi":0,"period":103,"httpsuccess":0,"httpsends":0,"hardwareversion":"3.0","hardwarediscovered":"3.0+RV3028+BME68X+PMSX003-A+PMSX003-B","current_temp_f":53,"current_humidity":57,"current_dewpoint_f":38,"pressure":1006.11,"current_temp_f_680":53,"current_humidity_680":57,"current_dewpoint_f_680":38,"pressure_680":1006.11,"gas_680":"nan","p25aqic_b":"rgb(255,248,0)","pm2.5_aqi_b":69,"pm1_0_cf_1_b":14.88,"p_0_3_um_b":2221.00,"pm2_5_cf_1_b":20.62,"p_0_5_um_b":650.19,"pm10_0_cf_1_b":25.05,"p_1_0_um_b":87.43,"pm1_0_atm_b":14.88,"p_2_5_um_b":10.36,"pm2_5_atm_b":20.62,"p_5_0_um_b":4.95,"pm10_0_atm_b":25.05,"p_10_0_um_b":1.17,"p25aqic":"rgb(255,248,0)","pm2.5_aqi":69,"pm1_0_cf_1":13.60,"p_0_3_um":2234.27,"pm2_5_cf_1":20.33,"p_0_5_um":652.47,"pm10_0_cf_1":29.13,"p_1_0_um":104.64,"pm1_0_atm":13.60,"p_2_5_um":22.04,"pm2_5_atm":20.33,"p_5_0_um":11.58,"pm10_0_atm":29.13,"p_10_0_um":2.27,"wlstate":"No SSID","status_0":0,"status_1":0,"status_2":0,"status_3":0,"status_4":2,"status_5":2,"status_7":0,"status_8":2,"status_9":2}
 0h01:43.980 2025/02/16T02:59:04z: update.purpleair.com:80/firmware/2mb/update.asp
 0h01:43.987 2025/02/16T02:59:04z: Error: -1
1 BSEC warning code : 100

UTCDateTime,mac_address,firmware_ver,hardware,current_temp_f,current_humidity,current_dewpoint_f,pressure,adc,mem,rssi,uptime,pm1_0_cf_1,pm2_5_cf_1,pm10_0_cf_1,pm1_0_atm,pm2_5_atm,pm10_0_atm,pm2.5_aqi_cf_1,pm2.5_aqi_atm,p_0_3_um,p_0_5_um,p_1_0_um,p_2_5_um,p_5_0_um,p_10_0_um,pm1_0_cf_1_b,pm2_5_cf_1_b,pm10_0_cf_1_b,pm1_0_atm_b,pm2_5_atm_b,pm10_0_atm_b,pm2.5_aqi_cf_1_b,pm2.5_aqi_atm_b,p_0_3_um_b,p_0_5_um_b,p_1_0_um_b,p_2_5_um_b,p_5_0_um_b,p_10_0_um_b,gas
2025/02/16T02:59:05z,a4:e5:7c:26:24:d4,7.04,3.0+RV3028+BME68X+PMSX003-A+PMSX003-B,53,57,38,1006.11,nan,26352,0,104,13.60,20.33,29.13,13.60,20.33,29.13,69,69,2234.27,652.47,104.64,22.04,11.58,2.27,14.88,20.62,25.05,14.88,20.62,25.05,69,69,2221.00,650.19,87.43,10.36,4.95,1.17,nan
1 BSEC warning code : 100

1 BSEC warning code : 100

1 BSEC warning code : 100

1 BSEC warning code : 100

1 BSEC warning code : 100

1 BSEC warning code : 100

1 BSEC warning code : 100

1 BSEC warning code : 100

1 BSEC warning code : 100

1 BSEC warning code : 100

 ets Jan  8 2013,rst cause:4, boot mode:(3,7)

wdt reset
load 0x4010f000, len 1384, room 16 
tail 8
chksum 0x2d
csum 0x2d
v8b899c12
~ld


7.04
 0h00:00.283 1970/01/01T08:00:00z: SPIFFS Active
 0h00:03.958 2025/02/16T04:55:48z: a4:e5:7c:26:24:d4
 0h00:03.959 2025/02/16T04:55:48z: SSID: NothingButSunshine
 0h00:11.910 2025/02/16T04:55:56z: PMSX003-A (946ms)
 0h00:12.997 2025/02/16T04:55:57z: PMSX003-B (1086ms)
 0h00:12.998 2025/02/16T04:55:57z: 3.0+RV3028+BME68X+PMSX003-A+PMSX003-B
 0h00:14.013 2025/02/16T04:55:58z: p:1004.37 gasR:974310.19 iaq:142.88(0) T:8.48(11.48) H:76.96(43.62) sIaq:287.27(0) Stabilization:1 Run in:0
 0h00:14.497 2025/02/16T04:55:58z: DATA A(2),47,76,40,1004.37,0.05,26448,0,14,8,11,13,8,11,13,46,46,1383,405,45,7,3,3,287.27
 0h00:15.013 2025/02/16T04:55:59z: p:1004.45 gasR:987701.94 iaq:142.49(0) T:9.09(14.69) H:74.26(44.37) sIaq:286.27(0) Stabilization:1 Run in:0
 0h00:15.331 2025/02/16T04:55:59z: DATA A(3),48,74,40,1004.45,0.05,26448,0,15,8,11,13,8,11,13,46,46,1383,405,45,7,3,3,286.27
 0h00:16.013 2025/02/16T04:56:00z: p:1004.52 gasR:1002202.12 iaq:142.01(0) T:9.90(15.50) H:70.19(44.61) sIaq:285.03(0) Stabilization:1 Run in:0
 0h00:16.166 2025/02/16T04:56:00z: DATA A(4),49,70,39,1004.52,0.05,26352,0,16,8,11,13,8,11,13,46,46,1383,405,45,7,3,3,285.03
 0h00:17.013 2025/02/16T04:56:01z: p:1004.50 gasR:1007378.25 iaq:141.53(0) T:10.22(15.82) H:68.28(44.57) sIaq:283.80(0) Stabilization:1 Run in:0
 0h00:17.071 2025/02/16T04:56:01z: DATA A(5),50,68,39,1004.50,0.05,26352,0,17,8,10,13,8,10,13,42,42,1389,403,39,7,3,3,283.80
 0h00:17.905 2025/02/16T04:56:02z: DATA A(6),50,68,39,1004.50,0.05,26352,0,17,8,10,13,8,10,13,42,42,1389,403,39,7,3,3,283.80
 0h00:18.012 2025/02/16T04:56:02z: p:1004.47 gasR:994174.75 iaq:141.23(0) T:10.41(16.01) H:66.98(44.43) sIaq:283.04(0) Stabilization:1 Run in:0
 0h00:19.013 2025/02/16T04:56:03z: p:1004.49 gasR:1014112.38 iaq:140.78(0) T:10.54(16.14) H:65.94(44.25) sIaq:281.89(0) Stabilization:1 Run in:0
 0h00:19.835 2025/02/16T04:56:04z: DATA B(2),50,65,39,1004.49,0.05,26352,0,19,7,10,12,7,10,12,42,42,1182,340,46,5,4,1,281.89
 0h00:20.013 2025/02/16T04:56:04z: p:1004.48 gasR:1020174.38 iaq:140.33(0) T:10.63(16.23) H:65.09(44.04) sIaq:280.73(0) Stabilization:1 Run in:0
 0h00:20.741 2025/02/16T04:56:05z: DATA B(3),51,65,39,1004.48,0.05,26352,0,20,7,10,12,7,10,12,42,42,1164,336,44,5,4,1,280.73
 0h00:21.013 2025/02/16T04:56:05z: p:1004.46 gasR:1013359.75 iaq:139.99(0) T:10.71(16.31) H:64.33(43.83) sIaq:279.86(0) Stabilization:1 Run in:0
 0h00:21.577 2025/02/16T04:56:05z: DATA B(4),51,64,39,1004.46,0.05,26352,0,21,7,10,12,7,10,12,42,42,1164,336,44,5,4,1,279.86
 0h00:22.012 2025/02/16T04:56:06z: p:1004.47 gasR:1008122.06 iaq:139.74(0) T:10.77(16.37) H:63.70(43.62) sIaq:279.22(0) Stabilization:1 Run in:0
 0h00:22.412 2025/02/16T04:56:06z: DATA B(5),51,63,39,1004.47,0.05,26352,0,22,7,10,12,7,10,12,42,42,1164,336,44,5,4,1,279.22
 0h00:23.013 2025/02/16T04:56:07z: p:1004.47 gasR:1027854.44 iaq:139.34(0) T:10.83(16.43) H:63.19(43.47) sIaq:278.20(0) Stabilization:1 Run in:0
 0h00:24.013 2025/02/16T04:56:08z: p:1004.46 gasR:1027854.44 iaq:138.98(0) T:10.88(16.48) H:62.67(43.29) sIaq:277.29(0) Stabilization:1 Run in:0
 0h00:24.794 2025/02/16T04:56:09z: DATA A(7),51,62,38,1004.46,0.05,26352,0,24,8,10,10,8,10,10,42,42,1386,404,39,4,0,0,277.29
 0h00:25.012 2025/02/16T04:56:09z: p:1004.47 gasR:1030181.06 iaq:138.65(0) T:10.92(16.52) H:62.26(43.14) sIaq:276.44(0) Stabilization:1 Run in:0
 0h00:25.628 2025/02/16T04:56:09z: DATA A(8),51,62,38,1004.47,0.05,26352,0,25,8,10,10,8,10,10,42,42,1386,404,39,4,0,0,276.44
 0h00:26.013 2025/02/16T04:56:10z: p:1004.47 gasR:1023232.56 iaq:138.42(0) T:10.97(16.57) H:61.88(43.01) sIaq:275.85(0) Stabilization:1 Run in:0
 0h00:26.462 2025/02/16T04:56:10z: DATA A(9),51,61,38,1004.47,0.05,26352,0,26,8,10,10,8,10,10,42,42,1386,404,39,4,0,0,275.85
 0h00:27.012 2025/02/16T04:56:11z: p:1004.47 gasR:1026309.19 iaq:138.18(0) T:11.01(16.61) H:61.54(42.88) sIaq:275.26(0) Stabilization:1 Run in:0
 0h00:27.368 2025/02/16T04:56:11z: DATA A(10),51,61,38,1004.47,0.05,26352,0,27,8,11,11,8,11,11,46,46,1416,411,44,4,0,0,275.26
 0h00:28.013 2025/02/16T04:56:12z: p:1004.49 gasR:1030181.06 iaq:137.94(0) T:11.05(16.66) H:61.19(42.75) sIaq:274.64(0) Stabilization:1 Run in:0
 0h00:28.202 2025/02/16T04:56:12z: DATA A(11),51,61,38,1004.49,0.05,26352,0,28,8,11,11,8,11,11,46,46,1416,411,44,4,0,0,274.64
 0h00:29.013 2025/02/16T04:56:13z: p:1004.45 gasR:1030181.06 iaq:137.73(0) T:11.08(16.68) H:61.01(42.66) sIaq:274.10(0) Stabilization:1 Run in:0
 0h00:29.308 2025/02/16T04:56:13z: DATA B(6),51,61,38,1004.45,0.05,26352,0,29,7,10,12,7,10,12,42,42,1116,318,41,4,4,1,274.10
 0h00:30.013 2025/02/16T04:56:14z: p:1004.48 gasR:1029404.38 iaq:137.55(0) T:11.12(16.73) H:60.73(42.58) sIaq:273.64(0) Stabilization:1 Run in:0
 0h00:30.143 2025/02/16T04:56:14z: DATA B(7),52,60,38,1004.48,0.05,26352,0,30,7,10,12,7,10,12,42,42,1116,318,41,4,4,1,273.64
 0h00:31.013 2025/02/16T04:56:15z: p:1004.47 gasR:1036437.25 iaq:137.33(0) T:11.15(16.76) H:60.57(42.52) sIaq:273.07(0) Stabilization:1 Run in:0
 0h00:31.049 2025/02/16T04:56:15z: DATA B(8),52,60,38,1004.47,0.05,26352,0,31,7,10,12,7,10,12,42,42,1158,330,45,4,4,1,273.07
 0h00:31.885 2025/02/16T04:56:16z: DATA B(9),52,60,38,1004.47,0.05,26352,0,31,7,10,12,7,10,12,42,42,1158,330,45,4,4,1,273.07
 0h00:32.013 2025/02/16T04:56:16z: p:1004.47 gasR:1029404.38 iaq:137.19(0) T:11.18(16.78) H:60.37(42.40) sIaq:272.73(0) Stabilization:1 Run in:0
 0h00:32.720 2025/02/16T04:56:17z: DATA B(10),52,60,38,1004.47,0.05,26352,0,32,7,10,12,7,10,12,42,42,1158,330,45,4,4,1,272.73
 0h00:33.013 2025/02/16T04:56:17z: p:1004.46 gasR:1033299.69 iaq:137.04(0) T:11.20(16.80) H:60.26(42.35) sIaq:272.34(0) Stabilization:1 Run in:0
 0h00:34.013 2025/02/16T04:56:18z: p:1004.49 gasR:1032518.25 iaq:136.91(0) T:11.22(16.82) H:60.16(42.29) sIaq:272.01(0) Stabilization:1 Run in:0
 0h00:35.012 2025/02/16T04:56:19z: p:1004.48 gasR:1038013.19 iaq:136.75(0) T:11.23(16.84) H:60.04(42.22) sIaq:271.60(0) Stabilization:1 Run in:0
 0h00:35.091 2025/02/16T04:56:19z: DATA A(12),52,60,38,1004.48,0.05,26352,0,35,8,10,10,8,10,10,42,42,1287,381,42,0,0,0,271.60
 0h00:35.925 2025/02/16T04:56:20z: DATA A(13),52,60,38,1004.48,0.05,26352,0,35,8,10,10,8,10,10,42,42,1287,381,42,0,0,0,271.60
 0h00:36.012 2025/02/16T04:56:20z: p:1004.47 gasR:1040386.06 iaq:136.59(0) T:11.24(16.84) H:60.00(42.18) sIaq:271.18(0) Stabilization:1 Run in:0
 0h00:36.760 2025/02/16T04:56:21z: DATA A(14),52,60,38,1004.47,0.05,26352,0,36,8,10,10,8,10,10,42,42,1287,381,42,0,0,0,271.18
 0h00:37.013 2025/02/16T04:56:21z: p:1004.47 gasR:1041974.06 iaq:136.43(0) T:11.27(16.87) H:59.86(42.12) sIaq:270.77(0) Stabilization:1 Run in:0
 0h00:37.665 2025/02/16T04:56:21z: DATA A(15),52,59,38,1004.47,0.05,26352,0,37,8,9,9,8,9,9,38,38,1248,370,40,0,0,0,270.77
 0h00:38.012 2025/02/16T04:56:22z: p:1004.47 gasR:1045164.56 iaq:136.26(0) T:11.29(16.89) H:59.81(42.09) sIaq:270.34(0) Stabilization:1 Run in:0
 0h00:38.500 2025/02/16T04:56:22z: DATA A(16),52,59,38,1004.47,0.05,26352,0,38,8,9,9,8,9,9,38,38,1248,370,40,0,0,0,270.34
 0h00:39.012 2025/02/16T04:56:23z: p:1004.49 gasR:1045164.56 iaq:136.11(0) T:11.31(16.91) H:59.73(42.06) sIaq:269.96(0) Stabilization:1 Run in:0
 0h00:39.617 2025/02/16T04:56:23z: DATA B(11),52,59,38,1004.49,0.05,26352,0,39,7,11,11,7,11,11,46,46,1194,356,47,2,1,0,269.96
 0h00:40.014 2025/02/16T04:56:24z: p:1004.46 gasR:1051604.62 iaq:135.92(0) T:11.34(16.94) H:59.61(42.01) sIaq:269.48(0) Stabilization:1 Run in:0
 0h00:40.452 2025/02/16T04:56:24z: DATA B(12),52,59,38,1004.46,0.05,26352,0,40,7,11,11,7,11,11,46,46,1194,356,47,2,1,0,269.48
 0h00:41.014 2025/02/16T04:56:25z: p:1004.49 gasR:1041179.44 iaq:135.85(0) T:11.35(16.96) H:59.57(41.98) sIaq:269.29(0) Stabilization:1 Run in:0
 0h00:41.358 2025/02/16T04:56:25z: DATA B(13),52,59,38,1004.49,0.05,26352,0,41,7,11,11,7,11,11,46,46,1158,340,46,2,1,0,269.29
 0h00:42.014 2025/02/16T04:56:26z: p:1004.49 gasR:1043566.88 iaq:135.76(0) T:11.38(16.98) H:59.50(41.96) sIaq:269.07(0) Stabilization:1 Run in:0
 0h00:42.194 2025/02/16T04:56:26z: DATA B(14),52,59,38,1004.49,0.05,26352,0,42,7,11,11,7,11,11,46,46,1158,340,46,2,1,0,269.07
 0h00:43.014 2025/02/16T04:56:27z: p:1004.49 gasR:1038802.94 iaq:135.73(0) T:11.39(17.00) H:59.45(41.92) sIaq:268.98(0) Stabilization:1 Run in:0
 0h00:43.031 2025/02/16T04:56:27z: DATA B(15),52,59,38,1004.49,0.05,26352,0,43,7,11,11,7,11,11,46,46,1158,340,46,2,1,0,268.98
 0h00:44.014 2025/02/16T04:56:28z: p:1004.49 gasR:1045164.56 iaq:135.64(0) T:11.41(17.01) H:59.43(41.90) sIaq:268.76(0) Stabilization:1 Run in:0
 0h00:45.014 2025/02/16T04:56:29z: p:1004.48 gasR:1050795.25 iaq:135.51(0) T:11.42(17.02) H:59.44(41.88) sIaq:268.43(0) Stabilization:1 Run in:0
 0h00:45.389 2025/02/16T04:56:29z: DATA A(17),52,59,38,1004.48,0.05,26352,0,45,8,9,10,8,9,10,38,38,1248,362,52,1,1,0,268.43
 0h00:46.014 2025/02/16T04:56:30z: p:1004.48 gasR:1050795.25 iaq:135.40(0) T:11.43(17.03) H:59.44(41.86) sIaq:268.15(0) Stabilization:1 Run in:0
 0h00:46.223 2025/02/16T04:56:30z: DATA A(18),52,59,38,1004.48,0.05,26352,0,46,8,9,10,8,9,10,38,38,1248,362,52,1,1,0,268.15
 0h00:47.014 2025/02/16T04:56:31z: p:1004.49 gasR:1045965.25 iaq:135.34(0) T:11.44(17.04) H:59.41(41.83) sIaq:268.00(0) Stabilization:1 Run in:0
 0h00:47.057 2025/02/16T04:56:31z: DATA A(19),52,59,38,1004.49,0.05,26352,0,47,8,9,10,8,9,10,38,38,1248,362,52,1,1,0,268.00
 0h00:47.963 2025/02/16T04:56:32z: DATA A(20),52,59,38,1004.49,0.05,26352,0,47,8,11,11,8,11,11,46,46,1332,387,58,4,1,0,268.00
 0h00:48.014 2025/02/16T04:56:32z: p:1004.49 gasR:1050795.25 iaq:135.25(0) T:11.45(17.05) H:59.34(41.78) sIaq:267.77(0) Stabilization:1 Run in:0
 0h00:48.798 2025/02/16T04:56:33z: DATA A(21),52,59,38,1004.49,0.05,26352,0,48,8,11,11,8,11,11,46,46,1332,387,58,4,1,0,267.77
 0h00:49.014 2025/02/16T04:56:33z: p:1004.49 gasR:1045965.25 iaq:135.21(0) T:11.47(17.07) H:59.32(41.77) sIaq:267.67(0) Stabilization:1 Run in:0
 0h00:49.925 2025/02/16T04:56:34z: DATA B(16),52,59,38,1004.49,0.05,26352,0,49,7,11,11,7,11,11,46,46,1200,346,42,3,1,0,267.67
 0h00:50.014 2025/02/16T04:56:34z: p:1004.48 gasR:1053227.00 iaq:135.12(0) T:11.49(17.09) H:59.28(41.76) sIaq:267.42(0) Stabilization:1 Run in:0
 0h00:50.761 2025/02/16T04:56:35z: DATA B(17),52,59,38,1004.48,0.05,26352,0,50,7,11,11,7,11,11,46,46,1200,346,42,3,1,0,267.42
 0h00:51.014 2025/02/16T04:56:35z: p:1004.48 gasR:1047570.31 iaq:135.08(0) T:11.50(17.10) H:59.28(41.74) sIaq:267.33(0) Stabilization:1 Run in:0
 0h00:51.667 2025/02/16T04:56:35z: DATA B(18),52,59,38,1004.48,0.05,26352,0,51,7,11,11,7,11,11,46,46,1218,352,42,3,1,0,267.33
 0h00:52.014 2025/02/16T04:56:36z: p:1004.49 gasR:1049987.12 iaq:135.03(0) T:11.51(17.11) H:59.26(41.72) sIaq:267.19(0) Stabilization:1 Run in:0
 0h00:52.503 2025/02/16T04:56:36z: DATA B(19),52,59,38,1004.49,0.05,26352,0,52,7,11,11,7,11,11,46,46,1218,352,42,3,1,0,267.19
 0h00:53.014 2025/02/16T04:56:37z: p:1004.48 gasR:1049987.12 iaq:134.98(0) T:11.53(17.13) H:59.21(41.70) sIaq:267.07(0) Stabilization:1 Run in:0
 0h00:53.338 2025/02/16T04:56:37z: DATA B(20),52,59,38,1004.48,0.05,26352,0,53,7,11,11,7,11,11,46,46,1218,352,42,3,1,0,267.07
 0h00:54.014 2025/02/16T04:56:38z: p:1004.46 gasR:1049987.12 iaq:134.94(0) T:11.53(17.14) H:59.21(41.68) sIaq:266.96(0) Stabilization:1 Run in:0
 0h00:54.780 2025/02/16T04:56:39z: DATA A(22),52,59,38,1004.46,0.05,26352,0,54,8,10,11,8,10,11,42,42,1230,359,54,4,1,0,266.96
 0h00:55.014 2025/02/16T04:56:39z: p:1004.48 gasR:1053227.00 iaq:134.87(0) T:11.55(17.16) H:59.19(41.68) sIaq:266.79(0) Stabilization:1 Run in:0
 0h00:55.686 2025/02/16T04:56:39z: DATA A(23),52,59,38,1004.48,0.05,26352,0,55,8,10,12,8,10,12,42,42,1242,366,52,7,2,1,266.79
 0h00:56.014 2025/02/16T04:56:40z: p:1004.49 gasR:1051604.62 iaq:134.83(0) T:11.56(17.16) H:59.22(41.67) sIaq:266.68(0) Stabilization:1 Run in:0
 0h00:56.520 2025/02/16T04:56:40z: DATA A(24),52,59,38,1004.49,0.05,26352,0,56,8,10,12,8,10,12,42,42,1242,366,52,7,2,1,266.68
 0h00:57.014 2025/02/16T04:56:41z: p:1004.47 gasR:1045965.25 iaq:134.84(0) T:11.55(17.15) H:59.25(41.65) sIaq:266.71(0) Stabilization:1 Run in:0
 0h00:57.355 2025/02/16T04:56:41z: DATA A(25),52,59,38,1004.47,0.05,26352,0,57,8,10,12,8,10,12,42,42,1242,366,52,7,2,1,266.71
 0h00:58.014 2025/02/16T04:56:42z: p:1004.47 gasR:1056487.00 iaq:134.76(0) T:11.56(17.16) H:59.23(41.63) sIaq:266.50(0) Stabilization:1 Run in:0
 0h00:58.260 2025/02/16T04:56:42z: DATA A(26),52,59,38,1004.47,0.05,26352,0,58,7,9,11,7,9,11,38,38,1212,356,46,7,2,1,266.50
 0h00:59.014 2025/02/16T04:56:43z: p:1004.47 gasR:1058124.50 iaq:134.67(0) T:11.56(17.16) H:59.26(41.62) sIaq:266.28(0) Stabilization:1 Run in:0
 0h01:00.014 2025/02/16T04:56:44z: p:1004.48 gasR:1054854.50 iaq:134.62(0) T:11.57(17.17) H:59.25(41.60) sIaq:266.16(0) Stabilization:1 Run in:0
 0h01:00.234 2025/02/16T04:56:44z: DATA B(21),52,59,38,1004.48,0.05,26352,0,60,7,9,9,7,9,9,38,38,1140,328,30,3,1,0,266.16
 0h01:01.014 2025/02/16T04:56:45z: p:1004.47 gasR:1052415.25 iaq:134.60(0) T:11.57(17.17) H:59.27(41.59) sIaq:266.10(0) Stabilization:1 Run in:0
 0h01:01.069 2025/02/16T04:56:45z: DATA B(22),52,59,38,1004.47,0.05,26352,0,61,7,9,9,7,9,9,38,38,1140,328,30,3,1,0,266.10
 0h01:01.976 2025/02/16T04:56:46z: DATA B(23),52,59,38,1004.47,0.05,26352,0,61,7,8,8,7,8,8,33,33,1152,332,24,2,0,0,266.10
 0h01:02.014 2025/02/16T04:56:46z: p:1004.48 gasR:1056487.00 iaq:134.55(0) T:11.58(17.18) H:59.22(41.56) sIaq:265.96(0) Stabilization:1 Run in:0
 0h01:02.811 2025/02/16T04:56:47z: DATA B(24),52,59,38,1004.48,0.05,26352,0,62,7,9,9,7,9,9,38,38,1152,332,24,2,0,0,265.96
 0h01:03.014 2025/02/16T04:56:47z: p:1004.45 gasR:1053227.00 iaq:134.53(0) T:11.57(17.17) H:59.23(41.51) sIaq:265.92(0) Stabilization:1 Run in:0
 0h01:03.647 2025/02/16T04:56:47z: DATA B(25),52,59,38,1004.45,0.05,26352,0,63,7,9,9,7,9,9,38,38,1152,332,24,2,0,0,265.92
 0h01:04.014 2025/02/16T04:56:48z: p:1004.44 gasR:1055670.12 iaq:134.49(0) T:11.57(17.17) H:59.22(41.49) sIaq:265.82(0) Stabilization:1 Run in:0
 0h01:05.014 2025/02/16T04:56:49z: p:1004.46 gasR:1050795.25 iaq:134.50(0) T:11.59(17.19) H:59.15(41.46) sIaq:265.84(0) Stabilization:1 Run in:0
 0h01:05.078 2025/02/16T04:56:49z: DATA A(27),52,59,38,1004.46,0.05,26352,0,65,6,9,12,6,9,12,38,38,1245,354,48,10,3,1,265.84
 0h01:05.983 2025/02/16T04:56:50z: DATA A(28),52,59,38,1004.46,0.05,26352,0,65,6,9,12,6,9,12,38,38,1221,347,44,10,3,1,265.84
 0h01:06.014 2025/02/16T04:56:50z: p:1004.48 gasR:1057305.12 iaq:134.45(0) T:11.60(17.20) H:59.11(41.44) sIaq:265.72(0) Stabilization:1 Run in:0
 0h01:06.818 2025/02/16T04:56:51z: DATA A(29),52,59,38,1004.48,0.05,26352,0,66,6,9,12,6,9,12,38,38,1221,347,44,10,3,1,265.72
 0h01:07.014 2025/02/16T04:56:51z: p:1004.46 gasR:1051604.62 iaq:134.46(0) T:11.60(17.20) H:59.08(41.41) sIaq:265.74(0) Stabilization:1 Run in:0
 0h01:07.652 2025/02/16T04:56:51z: DATA A(30),52,59,38,1004.46,0.05,26352,0,67,7,9,12,7,9,12,38,38,1221,347,44,10,3,1,265.74
 0h01:08.014 2025/02/16T04:56:52z: p:1004.47 gasR:1058945.25 iaq:134.40(0) T:11.61(17.21) H:59.07(41.39) sIaq:265.59(0) Stabilization:1 Run in:0
 0h01:08.558 2025/02/16T04:56:52z: DATA A(31),52,59,38,1004.47,0.05,26352,0,68,7,10,12,7,10,12,42,42,1251,364,48,10,3,2,265.59
 0h01:09.014 2025/02/16T04:56:53z: p:1004.46 gasR:1058124.50 iaq:134.36(0) T:11.60(17.21) H:59.07(41.37) sIaq:265.48(0) Stabilization:1 Run in:0
 0h01:10.014 2025/02/16T04:56:54z: p:1004.45 gasR:1051604.62 iaq:134.38(0) T:11.60(17.21) H:59.05(41.33) sIaq:265.53(0) Stabilization:1 Run in:0
 0h01:10.543 2025/02/16T04:56:54z: DATA B(26),52,59,38,1004.45,0.05,26352,0,70,7,10,10,7,10,10,42,42,1182,340,39,3,0,0,265.53
 0h01:11.013 2025/02/16T04:56:55z: p:1004.46 gasR:1050795.25 iaq:134.40(0) T:11.61(17.21) H:59.04(41.33) sIaq:265.59(0) Stabilization:1 Run in:0
 0h01:11.378 2025/02/16T04:56:55z: DATA B(27),52,59,38,1004.46,0.05,26352,0,71,7,10,10,7,10,10,42,42,1182,340,39,3,0,0,265.59
 0h01:12.014 2025/02/16T04:56:56z: p:1004.48 gasR:1054854.50 iaq:134.39(0) T:11.61(17.21) H:59.04(41.31) sIaq:265.56(0) Stabilization:1 Run in:0
 0h01:12.284 2025/02/16T04:56:56z: DATA B(28),52,59,38,1004.48,0.05,26352,0,72,8,11,11,8,11,11,46,46,1212,362,37,4,1,0,265.56
 0h01:13.014 2025/02/16T04:56:57z: p:1004.45 gasR:1059767.12 iaq:134.33(0) T:11.61(17.21) H:59.02(41.28) sIaq:265.42(0) Stabilization:1 Run in:0
 0h01:13.120 2025/02/16T04:56:57z: DATA B(29),52,59,38,1004.45,0.05,26352,0,73,8,11,11,8,11,11,46,46,1212,362,37,4,1,0,265.42
 0h01:13.955 2025/02/16T04:56:58z: DATA B(30),52,59,38,1004.45,0.05,26352,0,73,8,11,11,8,11,11,46,46,1212,362,37,4,1,0,265.42
 0h01:14.014 2025/02/16T04:56:58z: p:1004.45 gasR:1063067.75 iaq:134.25(0) T:11.61(17.21) H:59.01(41.27) sIaq:265.22(0) Stabilization:1 Run in:0
 0h01:15.014 2025/02/16T04:56:59z: p:1004.46 gasR:1056487.00 iaq:134.24(0) T:11.62(17.22) H:58.97(41.25) sIaq:265.19(0) Stabilization:1 Run in:0
 0h01:15.375 2025/02/16T04:56:59z: DATA A(32),52,58,38,1004.46,0.05,26352,0,75,7,9,12,7,9,12,38,38,1179,347,42,7,3,2,265.19
 0h01:16.014 2025/02/16T04:57:00z: p:1004.46 gasR:1058945.25 iaq:134.21(0) T:11.63(17.23) H:58.96(41.25) sIaq:265.12(0) Stabilization:1 Run in:0
 0h01:16.280 2025/02/16T04:57:00z: DATA A(33),52,58,38,1004.46,0.05,26352,0,76,7,9,12,7,9,12,38,38,1173,345,46,8,4,2,265.12
 0h01:17.014 2025/02/16T04:57:01z: p:1004.44 gasR:1060590.38 iaq:134.17(0) T:11.63(17.24) H:58.94(41.23) sIaq:265.01(0) Stabilization:1 Run in:0
 0h01:17.115 2025/02/16T04:57:01z: DATA A(34),52,58,38,1004.44,0.05,26352,0,77,7,9,12,7,9,12,38,38,1173,345,46,8,4,2,265.01
 0h01:17.949 2025/02/16T04:57:02z: DATA A(35),52,58,38,1004.44,0.05,26352,0,77,7,9,12,7,9,12,38,38,1173,345,46,8,4,2,265.01
 0h01:18.014 2025/02/16T04:57:02z: p:1004.45 gasR:1054040.12 iaq:134.19(0) T:11.65(17.25) H:58.89(41.22) sIaq:265.07(0) Stabilization:1 Run in:0
 0h01:18.855 2025/02/16T04:57:03z: DATA A(36),52,58,38,1004.45,0.05,26352,0,78,7,9,14,7,9,14,38,38,1212,355,48,9,5,2,265.07
 0h01:19.014 2025/02/16T04:57:03z: p:1004.45 gasR:1067222.50 iaq:134.10(0) T:11.66(17.26) H:58.89(41.23) sIaq:264.82(0) Stabilization:1 Run in:0
 0h01:20.014 2025/02/16T04:57:04z: p:1004.46 gasR:1064725.75 iaq:134.04(0) T:11.68(17.28) H:58.84(41.23) sIaq:264.66(0) Stabilization:1 Run in:0
 0h01:20.851 2025/02/16T04:57:05z: DATA B(31),53,58,38,1004.46,0.05,26352,0,80,8,11,12,8,11,12,46,46,1314,388,50,2,1,0,264.66
 0h01:21.014 2025/02/16T04:57:05z: p:1004.44 gasR:1067222.50 iaq:133.96(0) T:11.68(17.29) H:58.88(41.24) sIaq:264.46(0) Stabilization:1 Run in:0
 0h01:21.687 2025/02/16T04:57:05z: DATA B(32),53,58,39,1004.44,0.05,26352,0,81,8,11,12,8,11,12,46,46,1314,388,50,2,1,0,264.46
 0h01:22.014 2025/02/16T04:57:06z: p:1004.44 gasR:1057305.12 iaq:133.98(0) T:11.69(17.29) H:58.88(41.23) sIaq:264.51(0) Stabilization:1 Run in:0
 0h01:22.593 2025/02/16T04:57:06z: DATA B(33),53,58,39,1004.44,0.05,26352,0,82,8,11,11,8,11,11,46,46,1266,368,45,2,1,0,264.51
 0h01:23.014 2025/02/16T04:57:07z: p:1004.43 gasR:1068893.50 iaq:133.89(0) T:11.70(17.30) H:58.88(41.25) sIaq:264.30(0) Stabilization:1 Run in:0
 0h01:23.429 2025/02/16T04:57:07z: DATA B(34),53,58,39,1004.43,0.05,26352,0,83,8,11,11,8,11,11,46,46,1266,368,45,2,1,0,264.30
 0h01:24.014 2025/02/16T04:57:08z: p:1004.45 gasR:1068057.38 iaq:133.83(0) T:11.70(17.30) H:58.92(41.26) sIaq:264.12(0) Stabilization:1 Run in:0
 0h01:24.264 2025/02/16T04:57:08z: DATA B(35),53,58,39,1004.45,0.05,26352,0,84,8,11,11,8,11,11,46,46,1266,368,45,2,1,0,264.12
 0h01:25.014 2025/02/16T04:57:09z: p:1004.44 gasR:1063067.75 iaq:133.81(0) T:11.69(17.29) H:58.98(41.26) sIaq:264.08(0) Stabilization:1 Run in:0
 0h01:25.672 2025/02/16T04:57:09z: DATA A(37),53,58,39,1004.44,0.05,26352,0,85,7,9,11,7,9,11,38,38,1194,348,48,7,4,1,264.08
 0h01:26.014 2025/02/16T04:57:10z: p:1004.44 gasR:1073094.00 iaq:133.71(0) T:11.70(17.30) H:58.95(41.24) sIaq:263.83(0) Stabilization:1 Run in:0
 0h01:26.578 2025/02/16T04:57:10z: DATA A(38),53,58,39,1004.44,0.05,26352,0,86,7,9,12,7,9,12,38,38,1233,360,48,7,4,1,263.83
 0h01:27.014 2025/02/16T04:57:11z: p:1004.45 gasR:1070569.75 iaq:133.64(0) T:11.69(17.29) H:59.01(41.25) sIaq:263.66(0) Stabilization:1 Run in:0
 0h01:27.412 2025/02/16T04:57:11z: DATA A(39),53,59,39,1004.45,0.05,26352,0,87,7,9,12,7,9,12,38,38,1233,360,48,7,4,1,263.66
 0h01:28.015 2025/02/16T04:57:12z: p:1004.43 gasR:1068057.38 iaq:133.60(0) T:11.70(17.30) H:58.96(41.24) sIaq:263.56(0) Stabilization:1 Run in:0
 0h01:28.247 2025/02/16T04:57:12z: DATA A(40),53,58,39,1004.43,0.05,26352,0,88,7,9,12,7,9,12,38,38,1233,360,48,7,4,1,263.56
 0h01:29.015 2025/02/16T04:57:13z: p:1004.44 gasR:1060590.38 iaq:133.64(0) T:11.69(17.29) H:59.04(41.24) sIaq:263.64(0) Stabilization:1 Run in:0
 0h01:29.152 2025/02/16T04:57:13z: DATA A(41),53,59,39,1004.44,0.05,26352,0,89,7,9,11,7,9,11,38,38,1200,348,46,5,3,1,263.64
 0h01:30.015 2025/02/16T04:57:14z: p:1004.43 gasR:1065556.75 iaq:133.62(0) T:11.68(17.28) H:59.03(41.21) sIaq:263.61(0) Stabilization:1 Run in:0
 0h01:31.014 2025/02/16T04:57:15z: p:1004.44 gasR:1065556.75 iaq:133.61(0) T:11.68(17.28) H:59.07(41.22) sIaq:263.58(0) Stabilization:1 Run in:0
 0h01:31.160 2025/02/16T04:57:15z: DATA B(36),53,59,39,1004.44,0.05,26352,0,91,8,10,12,8,10,12,42,42,1230,368,45,3,2,1,263.58
 0h01:31.995 2025/02/16T04:57:16z: DATA B(37),53,59,39,1004.44,0.05,26352,0,91,8,10,12,8,10,12,42,42,1230,368,45,3,2,1,263.58
 0h01:32.014 2025/02/16T04:57:16z: p:1004.44 gasR:1065556.75 iaq:133.60(0) T:11.67(17.27) H:59.06(41.20) sIaq:263.55(0) Stabilization:1 Run in:0
 0h01:32.901 2025/02/16T04:57:17z: DATA B(38),53,59,39,1004.44,0.05,26352,0,92,8,10,12,8,10,12,42,42,1212,366,41,4,2,1,263.55
 0h01:33.014 2025/02/16T04:57:17z: p:1004.45 gasR:1067222.50 iaq:133.58(0) T:11.69(17.29) H:59.00(41.19) sIaq:263.49(0) Stabilization:1 Run in:0
 0h01:33.737 2025/02/16T04:57:18z: DATA B(39),53,58,39,1004.45,0.05,26352,0,93,8,10,12,8,10,12,42,42,1212,366,41,4,2,1,263.49
 0h01:34.014 2025/02/16T04:57:18z: p:1004.45 gasR:1066389.00 iaq:133.56(0) T:11.70(17.30) H:58.96(41.18) sIaq:263.45(0) Stabilization:1 Run in:0
 0h01:34.572 2025/02/16T04:57:18z: DATA B(40),53,58,39,1004.45,0.05,26352,0,94,8,10,12,8,10,12,42,42,1212,366,41,4,2,1,263.45
 0h01:35.014 2025/02/16T04:57:19z: p:1004.44 gasR:1056487.00 iaq:133.64(0) T:11.71(17.31) H:58.91(41.17) sIaq:263.64(0) Stabilization:1 Run in:0
 0h01:35.969 2025/02/16T04:57:20z: DATA A(42),53,58,39,1004.44,0.05,26352,0,95,7,9,10,7,9,10,38,38,1200,342,48,4,2,0,263.64
 0h01:36.014 2025/02/16T04:57:20z: p:1004.44 gasR:1068893.50 iaq:133.60(0) T:11.72(17.32) H:58.92(41.18) sIaq:263.54(0) Stabilization:1 Run in:0
 0h01:36.874 2025/02/16T04:57:21z: DATA A(43),53,58,39,1004.44,0.05,26352,0,96,5,8,10,5,8,10,33,33,1155,327,46,5,3,0,263.54
 0h01:37.015 2025/02/16T04:57:21z: p:1004.44 gasR:1063896.12 iaq:133.60(0) T:11.72(17.32) H:58.90(41.17) sIaq:263.55(0) Stabilization:1 Run in:0
 0h01:37.709 2025/02/16T04:57:22z: DATA A(44),53,58,39,1004.44,0.05,26352,0,97,5,8,10,5,8,10,33,33,1155,327,46,5,3,0,263.55
 0h01:38.014 2025/02/16T04:57:22z: p:1004.41 gasR:1073094.00 iaq:133.53(0) T:11.73(17.33) H:58.89(41.17) sIaq:263.36(0) Stabilization:1 Run in:0
 0h01:38.544 2025/02/16T04:57:22z: DATA A(45),53,58,39,1004.41,0.05,26352,0,98,5,8,10,5,8,10,33,33,1155,327,46,5,3,0,263.36
 0h01:39.015 2025/02/16T04:57:23z: p:1004.45 gasR:1065556.75 iaq:133.53(0) T:11.75(17.35) H:58.87(41.20) sIaq:263.36(0) Stabilization:1 Run in:0
 0h01:39.449 2025/02/16T04:57:23z: DATA A(46),53,58,38,1004.45,0.05,26168,0,99,7,9,11,7,9,11,38,38,1200,340,46,6,4,0,263.36
 0h01:40.015 2025/02/16T04:57:24z: p:1004.44 gasR:1068893.50 iaq:133.50(0) T:11.76(17.36) H:58.87(41.21) sIaq:263.29(0) Stabilization:1 Run in:0
 0h01:41.014 2025/02/16T04:57:25z: p:1004.46 gasR:1068893.50 iaq:133.47(0) T:11.78(17.38) H:58.85(41.23) sIaq:263.22(0) Stabilization:1 Run in:0
 0h01:41.468 2025/02/16T04:57:25z: DATA B(41),53,58,38,1004.46,0.05,26352,0,101,7,10,11,7,10,11,42,42,1146,332,49,2,1,1,263.22
 0h01:42.015 2025/02/16T04:57:26z: p:1004.44 gasR:1064725.75 iaq:133.49(0) T:11.78(17.38) H:58.90(41.25) sIaq:263.26(0) Stabilization:1 Run in:0
 0h01:42.303 2025/02/16T04:57:26z: DATA B(42),53,58,39,1004.44,0.05,26352,0,102,7,10,11,7,10,11,42,42,1146,332,49,2,1,1,263.26
{"SensorId":"a4:e5:7c:26:24:d4","DateTime":"2025/02/16T04:57:27z","Geo":"PurpleAir-24d4","Mem":26352,"memfrag":2,"memfb":25968,"memcs":800,"Id":1,"lat":0.000000,"lon":0.000000,"Adc":"nan","loggingrate":15,"place":"outside","version":"7.04","uptime":103,"rssi":0,"period":102,"httpsuccess":0,"httpsends":0,"hardwareversion":"3.0","hardwarediscovered":"3.0+RV3028+BME68X+PMSX003-A+PMSX003-B","current_temp_f":53,"current_humidity":58,"current_dewpoint_f":39,"pressure":1004.44,"current_temp_f_680":53,"current_humidity_680":58,"current_dewpoint_f_680":39,"pressure_680":1004.44,"gas_680":"nan","p25aqic_b":"rgb(162,245,0)","pm2.5_aqi_b":43,"pm1_0_cf_1_b":7.31,"p_0_3_um_b":1191.29,"pm2_5_cf_1_b":10.29,"p_0_5_um_b":347.38,"pm10_0_cf_1_b":11.19,"p_1_0_um_b":41.86,"pm1_0_atm_b":7.31,"p_2_5_um_b":3.21,"pm2_5_atm_b":10.29,"p_5_0_um_b":1.79,"pm10_0_atm_b":11.19,"p_10_0_um_b":0.48,"p25aqic":"rgb(131,242,0)","pm2.5_aqi":40,"pm1_0_cf_1":7.37,"p_0_3_um":1268.02,"pm2_5_cf_1":9.57,"p_0_5_um":368.87,"pm10_0_cf_1":11.28,"p_1_0_um":46.24,"pm1_0_atm":7.37,"p_2_5_um":5.50,"pm2_5_atm":9.57,"p_5_0_um":2.20,"pm10_0_atm":11.28,"p_10_0_um":0.93,"wlstate":"No SSID","status_0":0,"status_1":0,"status_2":0,"status_3":0,"status_4":2,"status_5":2,"status_7":0,"status_8":2,"status_9":2}
 0h01:43.139 2025/02/16T04:57:27z: update.purpleair.com:80/firmware/2mb/update.asp
 0h01:43.145 2025/02/16T04:57:27z: Error: -1
1 BSEC warning code : 100

UTCDateTime,mac_address,firmware_ver,hardware,current_temp_f,current_humidity,current_dewpoint_f,pressure,adc,mem,rssi,uptime,pm1_0_cf_1,pm2_5_cf_1,pm10_0_cf_1,pm1_0_atm,pm2_5_atm,pm10_0_atm,pm2.5_aqi_cf_1,pm2.5_aqi_atm,p_0_3_um,p_0_5_um,p_1_0_um,p_2_5_um,p_5_0_um,p_10_0_um,pm1_0_cf_1_b,pm2_5_cf_1_b,pm10_0_cf_1_b,pm1_0_atm_b,pm2_5_atm_b,pm10_0_atm_b,pm2.5_aqi_cf_1_b,pm2.5_aqi_atm_b,p_0_3_um_b,p_0_5_um_b,p_1_0_um_b,p_2_5_um_b,p_5_0_um_b,p_10_0_um_b,gas
2025/02/16T04:57:27z,a4:e5:7c:26:24:d4,7.04,3.0+RV3028+BME68X+PMSX003-A+PMSX003-B,53,58,39,1004.44,nan,26352,0,103,7.37,9.57,11.28,7.37,9.57,11.28,40,40,1268.02,368.87,46.24,5.50,2.20,0.93,7.31,10.29,11.19,7.31,10.29,11.19,43,43,1191.29,347.38,41.86,3.21,1.79,0.48,nan
1 BSEC warning code : 100

1 BSEC warning code : 100

1 BSEC warning code : 100

1 BSEC warning code : 100

1 BSEC warning code : 100

1 BSEC warning code : 100

1 BSEC warning code : 100

1 BSEC warning code : 100

1 BSEC warning code : 100

1 BSEC warning code : 100

 ets Jan  8 2013,rst cause:4, boot mode:(3,7)

wdt reset
load 0x4010f000, len 1384, room 16 
tail 8
chksum 0x2d
csum 0x2d
v8b899c12
~ld


7.04
 0h00:00.279 1970/01/01T08:00:00z: SPIFFS Active
 0h00:03.953 2025/02/16T13:28:58z: a4:e5:7c:26:24:d4
 0h00:03.954 2025/02/16T13:28:58z: SSID: NothingButSunshine
1 BSEC warning code : 100

1 BSEC warning code : 100

1 BSEC warning code : 100

1 BSEC warning code : 100

1 BSEC warning code : 100

1 BSEC warning code : 100

1 BSEC warning code : 100

1 BSEC warning code : 100

1 BSEC warning code : 100

1 BSEC warning code : 100

 ets Jan  8 2013,rst cause:4, boot mode:(3,7)

wdt reset
load 0x4010f000, len 1384, room 16 
tail 8
chksum 0x2d
csum 0x2d
v8b899c12
~ld


7.04
 0h00:00.282 1970/01/01T08:00:00z: SPIFFS Active
 0h00:03.956 2025/02/16T13:48:41z: a4:e5:7c:26:24:d4
 0h00:03.957 2025/02/16T13:48:41z: SSID: NothingButSunshine
1 BSEC warning code : 100

1 BSEC warning code : 100

1 BSEC warning code : 100

1 BSEC warning code : 100

1 BSEC warning code : 100

1 BSEC warning code : 100

1 BSEC warning code : 100

1 BSEC warning code : 100

1 BSEC warning code : 100

1 BSEC warning code : 100

 ets Jan  8 2013,rst cause:4, boot mode:(3,7)

wdt reset
load 0x4010f000, len 1384, room 16 
tail 8
chksum 0x2d
csum 0x2d
v8b899c12
~ld


7.04
 0h00:00.278 1970/01/01T08:00:00z: SPIFFS Active
 0h00:03.952 2025/02/16T14:08:23z: a4:e5:7c:26:24:d4
 0h00:03.953 2025/02/16T14:08:23z: SSID: NothingButSunshine
1 BSEC warning code : 100

1 BSEC warning code : 100

1 BSEC warning code : 100

1 BSEC warning code : 100

1 BSEC warning code : 100

1 BSEC warning code : 100

1 BSEC warning code : 100

1 BSEC warning code : 100

1 BSEC warning code : 100

1 BSEC warning code : 100

 ets Jan  8 2013,rst cause:4, boot mode:(3,7)

wdt reset
load 0x4010f000, len 1384, room 16 
tail 8
chksum 0x2d
csum 0x2d
v8b899c12
~ld


7.04
 0h00:00.281 1970/01/01T08:00:00z: SPIFFS Active
 0h00:03.954 2025/02/16T14:28:05z: a4:e5:7c:26:24:d4
 0h00:03.956 2025/02/16T14:28:05z: SSID: NothingButSunshine
1 BSEC warning code : 100

1 BSEC warning code : 100

1 BSEC warning code : 100

1 BSEC warning code : 100

1 BSEC warning code : 100

1 BSEC warning code : 100

1 BSEC warning code : 100

1 BSEC warning code : 100

1 BSEC warning code : 100

1 BSEC warning code : 100

 ets Jan  8 2013,rst cause:4, boot mode:(3,7)

wdt reset
load 0x4010f000, len 1384, room 16 
tail 8
chksum 0x2d
csum 0x2d
v8b899c12
~ld


7.04
 0h00:00.277 1970/01/01T08:00:00z: SPIFFS Active
 0h00:03.950 2025/02/16T14:47:48z: a4:e5:7c:26:24:d4
 0h00:03.952 2025/02/16T14:47:48z: SSID: NothingButSunshine
1 BSEC warning code : 100

1 BSEC warning code : 100

1 BSEC warning code : 100

1 BSEC warning code : 100

1 BSEC warning code : 100

1 BSEC warning code : 100

1 BSEC warning code : 100

1 BSEC warning code : 100

1 BSEC warning code : 100

1 BSEC warning code : 100

 ets Jan  8 2013,rst cause:4, boot mode:(3,7)

wdt reset
load 0x4010f000, len 1384, room 16 
tail 8
chksum 0x2d
csum 0x2d
v8b899c12
~ld


7.04
 0h00:00.278 1970/01/01T08:00:00z: SPIFFS Active
 0h00:03.951 2025/02/16T15:07:30z: a4:e5:7c:26:24:d4
 0h00:03.953 2025/02/16T15:07:30z: SSID: NothingButSunshine
1 BSEC warning code : 100

1 BSEC warning code : 100

1 BSEC warning code : 100

1 BSEC warning code : 100

1 BSEC warning code : 100

1 BSEC warning code : 100

1 BSEC warning code : 100

1 BSEC warning code : 100

1 BSEC warning code : 100

1 BSEC warning code : 100

 ets Jan  8 2013,rst cause:4, boot mode:(3,7)

wdt reset
load 0x4010f000, len 1384, room 16 
tail 8
chksum 0x2d
csum 0x2d
v8b899c12
~ld


7.04
 0h00:00.282 1970/01/01T08:00:00z: SPIFFS Active
 0h00:03.956 2025/02/16T15:27:13z: a4:e5:7c:26:24:d4
 0h00:03.957 2025/02/16T15:27:13z: SSID: NothingButSunshine
1 BSEC warning code : 100

1 BSEC warning code : 100

1 BSEC warning code : 100

1 BSEC warning code : 100

1 BSEC warning code : 100

1 BSEC warning code : 100

1 BSEC warning code : 100

1 BSEC warning code : 100

1 BSEC warning code : 100

1 BSEC warning code : 100

 ets Jan  8 2013,rst cause:4, boot mode:(3,7)

wdt reset
load 0x4010f000, len 1384, room 16 
tail 8
chksum 0x2d
csum 0x2d
v8b899c12
~ld


7.04
 0h00:00.285 1970/01/01T08:00:00z: SPIFFS Active
 0h00:03.959 2025/02/16T15:46:54z: a4:e5:7c:26:24:d4
 0h00:03.960 2025/02/16T15:46:54z: SSID: NothingButSunshine
1 BSEC warning code : 100

1 BSEC warning code : 100

1 BSEC warning code : 100

1 BSEC warning code : 100

1 BSEC warning code : 100

1 BSEC warning code : 100

1 BSEC warning code : 100

1 BSEC warning code : 100

1 BSEC warning code : 100

1 BSEC warning code : 100

 ets Jan  8 2013,rst cause:4, boot mode:(3,7)

wdt reset
load 0x4010f000, len 1384, room 16 
tail 8
chksum 0x2d
csum 0x2d
v8b899c12
~ld


7.04
 0h00:00.285 1970/01/01T08:00:00z: SPIFFS Active
 0h00:03.958 2025/02/16T16:06:37z: a4:e5:7c:26:24:d4
 0h00:03.960 2025/02/16T16:06:37z: SSID: NothingButSunshine
1 BSEC warning code : 100

1 BSEC warning code : 100

1 BSEC warning code : 100

1 BSEC warning code : 100

1 BSEC warning code : 100

1 BSEC warning code : 100

1 BSEC warning code : 100

1 BSEC warning code : 100

1 BSEC warning code : 100

1 BSEC warning code : 100

 ets Jan  8 2013,rst cause:4, boot mode:(3,7)

wdt reset
load 0x4010f000, len 1384, room 16 
tail 8
chksum 0x2d
csum 0x2d
v8b899c12
~ld


7.04
 0h00:00.280 1970/01/01T08:00:00z: SPIFFS Active
 0h00:03.953 2025/02/16T16:26:19z: a4:e5:7c:26:24:d4
 0h00:03.955 2025/02/16T16:26:19z: SSID: NothingButSunshine
1 BSEC warning code : 100

1 BSEC warning code : 100

1 BSEC warning code : 100

1 BSEC warning code : 100

1 BSEC warning code : 100

1 BSEC warning code : 100

1 BSEC warning code : 100

1 BSEC warning code : 100

1 BSEC warning code : 100

1 BSEC warning code : 100

 ets Jan  8 2013,rst cause:4, boot mode:(3,7)

wdt reset
load 0x4010f000, len 1384, room 16 
tail 8
chksum 0x2d
csum 0x2d
v8b899c12
~ld


7.04
 0h00:00.273 1970/01/01T08:00:00z: SPIFFS Active
 0h00:03.946 2025/02/16T16:46:01z: a4:e5:7c:26:24:d4
 0h00:03.948 2025/02/16T16:46:01z: SSID: NothingButSunshine
1 BSEC warning code : 100

1 BSEC warning code : 100

1 BSEC warning code : 100

1 BSEC warning code : 100

1 BSEC warning code : 100

1 BSEC warning code : 100

1 BSEC warning code : 100

1 BSEC warning code : 100

1 BSEC warning code : 100

1 BSEC warning code : 100

 ets Jan  8 2013,rst cause:4, boot mode:(3,7)

wdt reset
load 0x4010f000, len 1384, room 16 
tail 8
chksum 0x2d
csum 0x2d
v8b899c12
~ld


7.04
 0h00:00.277 1970/01/01T08:00:00z: SPIFFS Active
 0h00:03.951 2025/02/16T17:05:43z: a4:e5:7c:26:24:d4
 0h00:03.953 2025/02/16T17:05:43z: SSID: NothingButSunshine
1 BSEC warning code : 100

1 BSEC warning code : 100

1 BSEC warning code : 100

1 BSEC warning code : 100

1 BSEC warning code : 100

1 BSEC warning code : 100

1 BSEC warning code : 100

1 BSEC warning code : 100

1 BSEC warning code : 100

1 BSEC warning code : 100

 ets Jan  8 2013,rst cause:4, boot mode:(3,7)

wdt reset
load 0x4010f000, len 1384, room 16 
tail 8
chksum 0x2d
csum 0x2d
v8b899c12
~ld


7.04
 0h00:00.279 1970/01/01T08:00:00z: SPIFFS Active
 0h00:03.953 2025/02/16T17:25:25z: a4:e5:7c:26:24:d4
 0h00:03.954 2025/02/16T17:25:25z: SSID: NothingButSunshine
1 BSEC warning code : 100

1 BSEC warning code : 100

1 BSEC warning code : 100

1 BSEC warning code : 100

1 BSEC warning code : 100

1 BSEC warning code : 100

1 BSEC warning code : 100

1 BSEC warning code : 100

1 BSEC warning code : 100

1 BSEC warning code : 100

 ets Jan  8 2013,rst cause:4, boot mode:(3,7)

wdt reset
load 0x4010f000, len 1384, room 16 
tail 8
chksum 0x2d
csum 0x2d
v8b899c12
~ld


7.04
 0h00:00.279 1970/01/01T08:00:00z: SPIFFS Active
 0h00:03.953 2025/02/16T17:45:07z: a4:e5:7c:26:24:d4
 0h00:03.954 2025/02/16T17:45:07z: SSID: NothingButSunshine
1 BSEC warning code : 100

1 BSEC warning code : 100

1 BSEC warning code : 100

1 BSEC warning code : 100

1 BSEC warning code : 100

1 BSEC warning code : 100

1 BSEC warning code : 100

1 BSEC warning code : 100

1 BSEC warning code : 100

1 BSEC warning code : 100

 ets Jan  8 2013,rst cause:4, boot mode:(3,7)

wdt reset
load 0x4010f000, len 1384, room 16 
tail 8
chksum 0x2d
csum 0x2d
v8b899c12
~ld


7.04
 0h00:00.279 1970/01/01T08:00:00z: SPIFFS Active
 0h00:03.952 2025/02/16T18:04:49z: a4:e5:7c:26:24:d4
 0h00:03.954 2025/02/16T18:04:49z: SSID: NothingButSunshine
1 BSEC warning code : 100

1 BSEC warning code : 100

1 BSEC warning code : 100

1 BSEC warning code : 100

1 BSEC warning code : 100

1 BSEC warning code : 100

1 BSEC warning code : 100

1 BSEC warning code : 100

1 BSEC warning code : 100

1 BSEC warning code : 100

 ets Jan  8 2013,rst cause:4, boot mode:(3,7)

wdt reset
load 0x4010f000, len 1384, room 16 
tail 8
chksum 0x2d
csum 0x2d
v8b899c12
~ld


7.04
 0h00:00.276 1970/01/01T08:00:00z: SPIFFS Active
 0h00:03.950 2025/02/16T18:24:32z: a4:e5:7c:26:24:d4
 0h00:03.952 2025/02/16T18:24:32z: SSID: NothingButSunshine
1 BSEC warning code : 100

1 BSEC warning code : 100

1 BSEC warning code : 100

1 BSEC warning code : 100

1 BSEC warning code : 100

1 BSEC warning code : 100

1 BSEC warning code : 100

1 BSEC warning code : 100

1 BSEC warning code : 100

1 BSEC warning code : 100

 ets Jan  8 2013,rst cause:4, boot mode:(3,7)

wdt reset
load 0x4010f000, len 1384, room 16 
tail 8
chksum 0x2d
csum 0x2d
v8b899c12
~ld


7.04
 0h00:00.274 1970/01/01T08:00:00z: SPIFFS Active
 0h00:03.947 2025/02/16T18:44:14z: a4:e5:7c:26:24:d4
 0h00:03.949 2025/02/16T18:44:14z: SSID: NothingButSunshine
1 BSEC warning code : 100

1 BSEC warning code : 100

1 BSEC warning code : 100

1 BSEC warning code : 100

1 BSEC warning code : 100

1 BSEC warning code : 100

1 BSEC warning code : 100

1 BSEC warning code : 100

1 BSEC warning code : 100

1 BSEC warning code : 100

 ets Jan  8 2013,rst cause:4, boot mode:(3,7)

wdt reset
load 0x4010f000, len 1384, room 16 
tail 8
chksum 0x2d
csum 0x2d
v8b899c12
~ld


7.04
 0h00:00.283 1970/01/01T08:00:00z: SPIFFS Active
 0h00:03.957 2025/02/16T19:03:56z: a4:e5:7c:26:24:d4
 0h00:03.958 2025/02/16T19:03:56z: SSID: NothingButSunshine
1 BSEC warning code : 100

1 BSEC warning code : 100

1 BSEC warning code : 100

1 BSEC warning code : 100

1 BSEC warning code : 100

1 BSEC warning code : 100

1 BSEC warning code : 100

1 BSEC warning code : 100

1 BSEC warning code : 100

1 BSEC warning code : 100

 ets Jan  8 2013,rst cause:4, boot mode:(3,7)

wdt reset
load 0x4010f000, len 1384, room 16 
tail 8
chksum 0x2d
csum 0x2d
v8b899c12
~ld


7.04
 0h00:00.282 1970/01/01T08:00:00z: SPIFFS Active
 0h00:03.956 2025/02/16T19:23:38z: a4:e5:7c:26:24:d4
 0h00:03.958 2025/02/16T19:23:38z: SSID: NothingButSunshine
1 BSEC warning code : 100

1 BSEC warning code : 100

1 BSEC warning code : 100

1 BSEC warning code : 100

1 BSEC warning code : 100

1 BSEC warning code : 100

1 BSEC warning code : 100

1 BSEC warning code : 100

1 BSEC warning code : 100

1 BSEC warning code : 100

 ets Jan  8 2013,rst cause:4, boot mode:(3,7)

wdt reset
load 0x4010f000, len 1384, room 16 
tail 8
chksum 0x2d
csum 0x2d
v8b899c12
~ld


7.04
 0h00:00.281 1970/01/01T08:00:00z: SPIFFS Active
 0h00:03.955 2025/02/16T19:43:19z: a4:e5:7c:26:24:d4
 0h00:03.957 2025/02/16T19:43:19z: SSID: NothingButSunshine
1 BSEC warning code : 100

1 BSEC warning code : 100

1 BSEC warning code : 100

1 BSEC warning code : 100

1 BSEC warning code : 100

1 BSEC warning code : 100

1 BSEC warning code : 100

1 BSEC warning code : 100

1 BSEC warning code : 100

1 BSEC warning code : 100

 ets Jan  8 2013,rst cause:4, boot mode:(3,7)

wdt reset
load 0x4010f000, len 1384, room 16 
tail 8
chksum 0x2d
csum 0x2d
v8b899c12
~ld


7.04
 0h00:00.282 1970/01/01T08:00:00z: SPIFFS Active
 0h00:03.956 2025/02/16T20:03:02z: a4:e5:7c:26:24:d4
 0h00:03.957 2025/02/16T20:03:02z: SSID: NothingButSunshine
1 BSEC warning code : 100

1 BSEC warning code : 100

1 BSEC warning code : 100

1 BSEC warning code : 100

1 BSEC warning code : 100

1 BSEC warning code : 100

1 BSEC warning code : 100

1 BSEC warning code : 100

1 BSEC warning code : 100

1 BSEC warning code : 100

 ets Jan  8 2013,rst cause:4, boot mode:(3,7)

wdt reset
load 0x4010f000, len 1384, room 16 
tail 8
chksum 0x2d
csum 0x2d
v8b899c12
~ld


7.04
 0h00:00.286 1970/01/01T08:00:00z: SPIFFS Active
 0h00:03.960 2025/02/16T20:22:44z: a4:e5:7c:26:24:d4
 0h00:03.961 2025/02/16T20:22:44z: SSID: NothingButSunshine
1 BSEC warning code : 100

1 BSEC warning code : 100

1 BSEC warning code : 100

1 BSEC warning code : 100

1 BSEC warning code : 100

1 BSEC warning code : 100

1 BSEC warning code : 100

1 BSEC warning code : 100

1 BSEC warning code : 100

1 BSEC warning code : 100

 ets Jan  8 2013,rst cause:4, boot mode:(3,7)

wdt reset
load 0x4010f000, len 1384, room 16 
tail 8
chksum 0x2d
csum 0x2d
v8b899c12
~ld


7.04
 0h00:00.275 1970/01/01T08:00:00z: SPIFFS Active
 0h00:03.949 2025/02/16T20:42:25z: a4:e5:7c:26:24:d4
 0h00:03.950 2025/02/16T20:42:25z: SSID: NothingButSunshine
1 BSEC warning code : 100

1 BSEC warning code : 100

1 BSEC warning code : 100

1 BSEC warning code : 100

1 BSEC warning code : 100

1 BSEC warning code : 100

1 BSEC warning code : 100

1 BSEC warning code : 100

1 BSEC warning code : 100

1 BSEC warning code : 100

 ets Jan  8 2013,rst cause:4, boot mode:(3,7)

wdt reset
load 0x4010f000, len 1384, room 16 
tail 8
chksum 0x2d
csum 0x2d
v8b899c12
~ld


7.04
 0h00:00.282 1970/01/01T08:00:00z: SPIFFS Active
 0h00:03.956 2025/02/16T21:02:07z: a4:e5:7c:26:24:d4
 0h00:03.958 2025/02/16T21:02:07z: SSID: NothingButSunshine
1 BSEC warning code : 100

1 BSEC warning code : 100

1 BSEC warning code : 100

1 BSEC warning code : 100

1 BSEC warning code : 100

1 BSEC warning code : 100

1 BSEC warning code : 100

1 BSEC warning code : 100

1 BSEC warning code : 100

1 BSEC warning code : 100

 ets Jan  8 2013,rst cause:4, boot mode:(3,7)

wdt reset
load 0x4010f000, len 1384, room 16 
tail 8
chksum 0x2d
csum 0x2d
v8b899c12
~ld


7.04
 0h00:00.286 1970/01/01T08:00:00z: SPIFFS Active
 0h00:03.960 2025/02/16T21:21:50z: a4:e5:7c:26:24:d4
 0h00:03.962 2025/02/16T21:21:50z: SSID: NothingButSunshine
1 BSEC warning code : 100

1 BSEC warning code : 100

1 BSEC warning code : 100

1 BSEC warning code : 100

1 BSEC warning code : 100

1 BSEC warning code : 100

1 BSEC warning code : 100

1 BSEC warning code : 100

1 BSEC warning code : 100

1 BSEC warning code : 100

 ets Jan  8 2013,rst cause:4, boot mode:(3,7)

wdt reset
load 0x4010f000, len 1384, room 16 
tail 8
chksum 0x2d
csum 0x2d
v8b899c12
~ld


7.04
 0h00:00.283 1970/01/01T08:00:00z: SPIFFS Active
 0h00:03.957 2025/02/16T21:41:32z: a4:e5:7c:26:24:d4
 0h00:03.959 2025/02/16T21:41:32z: SSID: NothingButSunshine
1 BSEC warning code : 100

1 BSEC warning code : 100

1 BSEC warning code : 100

1 BSEC warning code : 100

1 BSEC warning code : 100

1 BSEC warning code : 100

1 BSEC warning code : 100

1 BSEC warning code : 100

1 BSEC warning code : 100

1 BSEC warning code : 100

 ets Jan  8 2013,rst cause:4, boot mode:(3,7)

wdt reset
load 0x4010f000, len 1384, room 16 
tail 8
chksum 0x2d
csum 0x2d
v8b899c12
~ld


7.04
 0h00:00.280 1970/01/01T08:00:00z: SPIFFS Active
 0h00:03.954 2025/02/16T22:01:14z: a4:e5:7c:26:24:d4
 0h00:03.956 2025/02/16T22:01:14z: SSID: NothingButSunshine
1 BSEC warning code : 100

1 BSEC warning code : 100

1 BSEC warning code : 100

1 BSEC warning code : 100

1 BSEC warning code : 100

1 BSEC warning code : 100

1 BSEC warning code : 100

1 BSEC warning code : 100

1 BSEC warning code : 100

1 BSEC warning code : 100

 ets Jan  8 2013,rst cause:4, boot mode:(3,7)

wdt reset
load 0x4010f000, len 1384, room 16 
tail 8
chksum 0x2d
csum 0x2d
v8b899c12
~ld


7.04
 0h00:00.281 1970/01/01T08:00:00z: SPIFFS Active
 0h00:03.955 2025/02/16T22:20:56z: a4:e5:7c:26:24:d4
 0h00:03.956 2025/02/16T22:20:56z: SSID: NothingButSunshine
1 BSEC warning code : 100

1 BSEC warning code : 100

1 BSEC warning code : 100

1 BSEC warning code : 100

1 BSEC warning code : 100

1 BSEC warning code : 100

1 BSEC warning code : 100

1 BSEC warning code : 100

1 BSEC warning code : 100

1 BSEC warning code : 100

 ets Jan  8 2013,rst cause:4, boot mode:(3,7)

wdt reset
load 0x4010f000, len 1384, room 16 
tail 8
chksum 0x2d
csum 0x2d
v8b899c12
~ld


7.04
 0h00:00.283 1970/01/01T08:00:00z: SPIFFS Active
 0h00:03.957 2025/02/16T22:40:39z: a4:e5:7c:26:24:d4
 0h00:03.959 2025/02/16T22:40:39z: SSID: NothingButSunshine
1 BSEC warning code : 100

1 BSEC warning code : 100

1 BSEC warning code : 100

1 BSEC warning code : 100

1 BSEC warning code : 100

1 BSEC warning code : 100

1 BSEC warning code : 100

1 BSEC warning code : 100

1 BSEC warning code : 100

1 BSEC warning code : 100

 ets Jan  8 2013,rst cause:4, boot mode:(3,7)

wdt reset
load 0x4010f000, len 1384, room 16 
tail 8
chksum 0x2d
csum 0x2d
v8b899c12
~ld


7.04
 0h00:00.281 1970/01/01T08:00:00z: SPIFFS Active
 0h00:03.956 2025/02/16T23:00:22z: a4:e5:7c:26:24:d4
 0h00:03.957 2025/02/16T23:00:22z: SSID: NothingButSunshine
1 BSEC warning code : 100

1 BSEC warning code : 100

1 BSEC warning code : 100

1 BSEC warning code : 100

1 BSEC warning code : 100

1 BSEC warning code : 100

1 BSEC warning code : 100

1 BSEC warning code : 100

1 BSEC warning code : 100

1 BSEC warning code : 100

 ets Jan  8 2013,rst cause:4, boot mode:(3,7)

wdt reset
load 0x4010f000, len 1384, room 16 
tail 8
chksum 0x2d
csum 0x2d
v8b899c12
~ld


7.04
 0h00:00.281 1970/01/01T08:00:00z: SPIFFS Active
 0h00:03.955 2025/02/16T23:20:04z: a4:e5:7c:26:24:d4
 0h00:03.956 2025/02/16T23:20:04z: SSID: NothingButSunshine
1 BSEC warning code : 100

1 BSEC warning code : 100

1 BSEC warning code : 100

1 BSEC warning code : 100

1 BSEC warning code : 100

1 BSEC warning code : 100

1 BSEC warning code : 100

1 BSEC warning code : 100

1 BSEC warning code : 100

1 BSEC warning code : 100

 ets Jan  8 2013,rst cause:4, boot mode:(3,7)

wdt reset
load 0x4010f000, len 1384, room 16 
tail 8
chksum 0x2d
csum 0x2d
v8b899c12
~ld


7.04
 0h00:00.280 1970/01/01T08:00:00z: SPIFFS Active
 0h00:03.955 2025/02/16T23:39:46z: a4:e5:7c:26:24:d4
 0h00:03.956 2025/02/16T23:39:46z: SSID: NothingButSunshine
1 BSEC warning code : 100

1 BSEC warning code : 100

1 BSEC warning code : 100

1 BSEC warning code : 100

1 BSEC warning code : 100

1 BSEC warning code : 100

1 BSEC warning code : 100

1 BSEC warning code : 100

1 BSEC warning code : 100

1 BSEC warning code : 100

 ets Jan  8 2013,rst cause:4, boot mode:(3,7)

wdt reset
load 0x4010f000, len 1384, room 16 
tail 8
chksum 0x2d
csum 0x2d
v8b899c12
~ld


7.04
 0h00:00.281 1970/01/01T08:00:00z: SPIFFS Active
 0h00:03.955 2025/02/16T23:59:28z: a4:e5:7c:26:24:d4
 0h00:03.956 2025/02/16T23:59:28z: SSID: NothingButSunshine