
1 BSEC warning code : 100

1 BSEC warning code : 100

1 BSEC warning code : 100

1 BSEC warning code : 100

1 BSEC warning code : 100

1 BSEC warning code : 100

1 BSEC warning code : 100

1 BSEC warning code : 100

1 BSEC warning code : 100

1 BSEC warning code : 100

 ets Jan  8 2013,rst cause:4, boot mode:(3,7)

wdt reset
load 0x4010f000, len 1384, room 16 
tail 8
chksum 0x2d
csum 0x2d
v8b899c12
~ld


7.04
 0h00:00.285 1970/01/01T08:00:00z: SPIFFS Active
 0h00:03.960 2025/02/14T22:41:00z: a4:e5:7c:26:24:d4
 0h00:03.961 2025/02/14T22:41:00z: SSID: NothingButSunshine
1 BSEC warning code : 100

1 BSEC warning code : 100

1 BSEC warning code : 100

1 BSEC warning code : 100

1 BSEC warning code : 100

1 BSEC warning code : 100

1 BSEC warning code : 100

1 BSEC warning code : 100

1 BSEC warning code : 100

1 BSEC warning code : 100

 ets Jan  8 2013,rst cause:4, boot mode:(3,7)

wdt reset
load 0x4010f000, len 1384, room 16 
tail 8
chksum 0x2d
csum 0x2d
v8b899c12
~ld


7.04
 0h00:00.283 1970/01/01T08:00:00z: SPIFFS Active
 0h00:03.958 2025/02/14T23:00:42z: a4:e5:7c:26:24:d4
 0h00:03.959 2025/02/14T23:00:42z: SSID: NothingButSunshine
 0h00:11.821 2025/02/14T23:00:50z: PMSX003-A (856ms)
 0h00:12.859 2025/02/14T23:00:51z: PMSX003-B (1037ms)
 0h00:12.860 2025/02/14T23:00:51z: 3.0+RV3028+BME68X+PMSX003-A+PMSX003-B
 0h00:13.875 2025/02/14T23:00:52z: p:1006.56 gasR:1685250.00 iaq:99.78(0) T:7.96(10.95) H:72.35(40.91) sIaq:177.30(0) Stabilization:1 Run in:0
 0h00:14.408 2025/02/14T23:00:53z: DATA A(2),46,72,37,1006.56,0.05,26448,0,14,3,4,5,3,4,5,17,17,636,193,23,2,2,1,177.30
 0h00:14.875 2025/02/14T23:00:53z: p:1006.65 gasR:1697823.88 iaq:99.71(0) T:8.58(14.18) H:69.83(41.67) sIaq:177.11(0) Stabilization:1 Run in:0
 0h00:15.242 2025/02/14T23:00:53z: DATA A(3),47,69,37,1006.65,0.05,26352,0,15,3,4,5,3,4,5,17,17,636,193,23,2,2,1,177.11
 0h00:15.874 2025/02/14T23:00:54z: p:1006.64 gasR:1692562.00 iaq:99.64(0) T:9.39(14.99) H:65.99(41.89) sIaq:176.94(0) Stabilization:1 Run in:0
 0h00:16.147 2025/02/14T23:00:54z: DATA A(4),48,65,37,1006.64,0.05,26352,0,16,3,4,6,3,4,6,17,17,669,202,25,2,2,1,176.94
 0h00:16.875 2025/02/14T23:00:55z: p:1006.69 gasR:1705245.62 iaq:99.51(0) T:9.73(15.33) H:64.17(41.89) sIaq:176.61(0) Stabilization:1 Run in:0
 0h00:16.982 2025/02/14T23:00:55z: DATA A(5),49,64,37,1006.69,0.05,26352,0,16,3,4,7,3,4,7,17,17,669,202,25,2,2,1,176.61
 0h00:17.816 2025/02/14T23:00:56z: DATA A(6),49,64,37,1006.69,0.05,26352,0,17,3,4,7,3,4,7,17,17,669,202,25,2,2,1,176.61
 0h00:17.874 2025/02/14T23:00:56z: p:1006.67 gasR:1703118.50 iaq:99.41(0) T:9.92(15.52) H:62.99(41.79) sIaq:176.34(0) Stabilization:1 Run in:0
 0h00:18.875 2025/02/14T23:00:57z: p:1006.66 gasR:1700996.62 iaq:99.32(0) T:10.04(15.64) H:62.13(41.66) sIaq:176.13(0) Stabilization:1 Run in:0
 0h00:19.699 2025/02/14T23:00:58z: DATA B(2),50,62,37,1006.66,0.05,26352,0,19,2,3,3,2,3,3,13,13,450,130,24,2,0,0,176.13
 0h00:19.875 2025/02/14T23:00:58z: p:1006.67 gasR:1696768.88 iaq:99.27(0) T:10.13(15.74) H:61.36(41.50) sIaq:175.99(0) Stabilization:1 Run in:0
 0h00:20.605 2025/02/14T23:00:59z: DATA B(3),50,61,37,1006.67,0.05,26352,0,20,2,3,5,2,3,5,13,13,462,138,24,3,1,0,175.99
 0h00:20.875 2025/02/14T23:00:59z: p:1006.66 gasR:1703118.50 iaq:99.19(0) T:10.21(15.81) H:60.70(41.33) sIaq:175.78(0) Stabilization:1 Run in:0
 0h00:21.441 2025/02/14T23:01:00z: DATA B(4),50,60,36,1006.66,0.05,26352,0,21,2,3,5,2,3,5,13,13,462,138,24,3,1,0,175.78
 0h00:21.875 2025/02/14T23:01:00z: p:1006.67 gasR:1709515.88 iaq:99.08(0) T:10.29(15.89) H:60.10(41.18) sIaq:175.51(0) Stabilization:1 Run in:0
 0h00:22.276 2025/02/14T23:01:00z: DATA B(5),50,60,36,1006.67,0.05,26352,0,22,2,3,5,2,3,5,13,13,462,138,24,3,1,0,175.51
 0h00:22.875 2025/02/14T23:01:01z: p:1006.66 gasR:1709515.88 iaq:98.98(0) T:10.35(15.95) H:59.61(41.03) sIaq:175.26(0) Stabilization:1 Run in:0
 0h00:23.875 2025/02/14T23:01:02z: p:1006.68 gasR:1719202.50 iaq:98.85(0) T:10.39(15.99) H:59.18(40.87) sIaq:174.91(0) Stabilization:1 Run in:0
 0h00:24.704 2025/02/14T23:01:03z: DATA A(7),50,59,36,1006.68,0.05,26352,0,24,3,4,4,3,4,4,17,17,642,187,17,1,1,1,174.91
 0h00:24.874 2025/02/14T23:01:03z: p:1006.65 gasR:1730095.00 iaq:98.67(0) T:10.43(16.03) H:58.85(40.75) sIaq:174.45(0) Stabilization:1 Run in:0
 0h00:25.538 2025/02/14T23:01:04z: DATA A(8),50,58,36,1006.65,0.05,26352,0,25,3,4,4,3,4,4,17,17,642,187,17,1,1,1,174.45
 0h00:25.875 2025/02/14T23:01:04z: p:1006.66 gasR:1704181.38 iaq:98.65(0) T:10.46(16.06) H:58.57(40.65) sIaq:174.40(0) Stabilization:1 Run in:0
 0h00:26.443 2025/02/14T23:01:05z: DATA A(9),50,58,36,1006.66,0.05,26352,0,26,3,3,4,3,3,4,13,13,642,185,19,1,1,1,174.40
 0h00:26.875 2025/02/14T23:01:05z: p:1006.66 gasR:1747813.12 iaq:98.40(0) T:10.50(16.10) H:58.28(40.54) sIaq:173.75(0) Stabilization:1 Run in:0
 0h00:27.278 2025/02/14T23:01:05z: DATA A(10),50,58,35,1006.66,0.05,26352,0,27,3,3,4,3,3,4,13,13,642,185,19,1,1,1,173.75
 0h00:27.875 2025/02/14T23:01:06z: p:1006.67 gasR:1695715.12 iaq:98.45(0) T:10.54(16.14) H:57.97(40.41) sIaq:173.90(0) Stabilization:1 Run in:0
 0h00:28.113 2025/02/14T23:01:06z: DATA A(11),50,57,35,1006.67,0.05,26352,0,28,3,3,4,3,3,4,13,13,642,185,19,1,1,1,173.90
 0h00:28.875 2025/02/14T23:01:07z: p:1006.67 gasR:1717040.50 iaq:98.38(0) T:10.57(16.17) H:57.73(40.31) sIaq:173.73(0) Stabilization:1 Run in:0
 0h00:29.174 2025/02/14T23:01:07z: DATA B(6),51,57,36,1006.67,0.05,26352,0,29,2,3,5,2,3,5,13,13,438,132,23,4,2,0,173.73
 0h00:29.875 2025/02/14T23:01:08z: p:1006.67 gasR:1726812.88 iaq:98.27(0) T:10.61(16.21) H:57.48(40.22) sIaq:173.44(0) Stabilization:1 Run in:0
 0h00:30.009 2025/02/14T23:01:08z: DATA B(7),51,57,36,1006.67,0.05,26352,0,30,2,3,5,2,3,5,13,13,438,132,23,4,2,0,173.44
 0h00:30.875 2025/02/14T23:01:09z: p:1006.70 gasR:1731191.88 iaq:98.15(0) T:10.64(16.24) H:57.26(40.13) sIaq:173.13(0) Stabilization:1 Run in:0
 0h00:30.915 2025/02/14T23:01:09z: DATA B(8),51,57,36,1006.70,0.05,26352,0,30,2,3,5,2,3,5,13,13,432,130,21,3,2,0,173.13
 0h00:31.751 2025/02/14T23:01:10z: DATA B(9),51,57,36,1006.70,0.05,26352,0,31,2,3,5,2,3,5,13,13,432,130,21,3,2,0,173.13
 0h00:31.874 2025/02/14T23:01:10z: p:1006.71 gasR:1711659.00 iaq:98.15(0) T:10.68(16.28) H:57.07(40.05) sIaq:173.12(0) Stabilization:1 Run in:0
 0h00:32.587 2025/02/14T23:01:11z: DATA B(10),51,57,36,1006.71,0.05,26352,0,32,2,3,5,2,3,5,13,13,432,130,21,3,2,0,173.12
 0h00:32.875 2025/02/14T23:01:11z: p:1006.70 gasR:1733389.75 iaq:98.03(0) T:10.70(16.30) H:56.97(39.99) sIaq:172.81(0) Stabilization:1 Run in:0
 0h00:33.875 2025/02/14T23:01:12z: p:1006.69 gasR:1712732.62 iaq:98.03(0) T:10.72(16.32) H:56.83(39.92) sIaq:172.82(0) Stabilization:1 Run in:0
 0h00:34.875 2025/02/14T23:01:13z: p:1006.67 gasR:1706311.12 iaq:98.07(0) T:10.74(16.34) H:56.74(39.87) sIaq:172.91(0) Stabilization:1 Run in:0
 0h00:35.001 2025/02/14T23:01:13z: DATA A(12),51,56,36,1006.67,0.05,26352,0,35,3,3,3,3,3,3,13,13,588,165,15,0,0,0,172.91
 0h00:35.835 2025/02/14T23:01:14z: DATA A(13),51,56,36,1006.67,0.05,26352,0,35,3,3,3,3,3,3,13,13,588,165,15,0,0,0,172.91
 0h00:35.874 2025/02/14T23:01:14z: p:1006.71 gasR:1745578.50 iaq:97.89(0) T:10.76(16.36) H:56.60(39.79) sIaq:172.46(0) Stabilization:1 Run in:0
 0h00:36.740 2025/02/14T23:01:15z: DATA A(14),51,56,36,1006.71,0.05,26352,0,36,3,3,3,3,3,3,13,13,582,163,16,0,0,0,172.46
 0h00:36.875 2025/02/14T23:01:15z: p:1006.68 gasR:1726812.88 iaq:97.83(0) T:10.78(16.38) H:56.54(39.75) sIaq:172.32(0) Stabilization:1 Run in:0
 0h00:37.575 2025/02/14T23:01:16z: DATA A(15),51,56,36,1006.68,0.05,26352,0,37,3,3,3,3,3,3,13,13,582,163,16,0,0,0,172.32
 0h00:37.875 2025/02/14T23:01:16z: p:1006.68 gasR:1715961.50 iaq:97.84(0) T:10.79(16.39) H:56.44(39.68) sIaq:172.34(0) Stabilization:1 Run in:0
 0h00:38.410 2025/02/14T23:01:17z: DATA A(16),51,56,36,1006.68,0.05,26352,0,38,3,3,3,3,3,3,13,13,582,163,16,0,0,0,172.34
 0h00:38.875 2025/02/14T23:01:17z: p:1006.68 gasR:1738908.88 iaq:97.73(0) T:10.79(16.39) H:56.41(39.61) sIaq:172.04(0) Stabilization:1 Run in:0
 0h00:39.484 2025/02/14T23:01:18z: DATA B(11),51,56,36,1006.68,0.05,26352,0,39,2,3,6,2,3,6,13,13,540,162,25,3,2,0,172.04
 0h00:39.875 2025/02/14T23:01:18z: p:1006.69 gasR:1728999.62 iaq:97.68(0) T:10.79(16.39) H:56.38(39.57) sIaq:171.91(0) Stabilization:1 Run in:0
 0h00:40.320 2025/02/14T23:01:18z: DATA B(12),51,56,36,1006.69,0.05,26352,0,40,2,3,6,2,3,6,13,13,540,162,25,3,2,0,171.91
 0h00:40.874 2025/02/14T23:01:19z: p:1006.72 gasR:1718120.75 iaq:97.69(0) T:10.80(16.40) H:56.30(39.50) sIaq:171.95(0) Stabilization:1 Run in:0
 0h00:41.226 2025/02/14T23:01:19z: DATA B(13),51,56,35,1006.72,0.05,26352,0,41,2,5,6,2,5,6,21,21,582,170,25,3,2,0,171.95
 0h00:41.875 2025/02/14T23:01:20z: p:1006.70 gasR:1738908.88 iaq:97.59(0) T:10.81(16.41) H:56.20(39.42) sIaq:171.70(0) Stabilization:1 Run in:0
 0h00:42.062 2025/02/14T23:01:20z: DATA B(14),51,56,35,1006.70,0.05,26352,0,42,2,5,6,2,5,6,21,21,582,170,25,3,2,0,171.70
 0h00:42.875 2025/02/14T23:01:21z: p:1006.70 gasR:1730095.00 iaq:97.55(0) T:10.82(16.43) H:56.13(39.38) sIaq:171.60(0) Stabilization:1 Run in:0
 0h00:42.897 2025/02/14T23:01:21z: DATA B(15),51,56,35,1006.70,0.05,26352,0,42,2,5,6,2,5,6,21,21,582,170,25,3,2,0,171.60
 0h00:43.875 2025/02/14T23:01:22z: p:1006.70 gasR:1742237.38 iaq:97.45(0) T:10.84(16.44) H:55.99(39.30) sIaq:171.34(0) Stabilization:1 Run in:0
 0h00:44.875 2025/02/14T23:01:23z: p:1006.71 gasR:1742237.38 iaq:97.37(0) T:10.86(16.46) H:55.93(39.28) sIaq:171.12(0) Stabilization:1 Run in:0
 0h00:45.298 2025/02/14T23:01:23z: DATA A(17),51,55,35,1006.71,0.05,26352,0,45,2,3,3,2,3,3,13,13,561,153,10,1,1,1,171.12
 0h00:45.875 2025/02/14T23:01:24z: p:1006.71 gasR:1725721.50 iaq:97.37(0) T:10.87(16.47) H:55.91(39.24) sIaq:171.14(0) Stabilization:1 Run in:0
 0h00:46.132 2025/02/14T23:01:24z: DATA A(18),51,55,35,1006.71,0.05,26352,0,46,2,3,3,2,3,3,13,13,561,153,10,1,1,1,171.14
 0h00:46.875 2025/02/14T23:01:25z: p:1006.73 gasR:1738908.88 iaq:97.31(0) T:10.88(16.48) H:55.85(39.21) sIaq:170.98(0) Stabilization:1 Run in:0
 0h00:47.037 2025/02/14T23:01:25z: DATA A(19),51,55,35,1006.73,0.05,26352,0,47,2,2,3,2,2,3,8,8,528,144,10,1,1,1,170.98
 0h00:47.872 2025/02/14T23:01:26z: DATA A(20),51,55,35,1006.73,0.05,26352,0,47,2,2,3,2,2,3,8,8,528,144,10,1,1,1,170.98
 0h00:47.892 2025/02/14T23:01:26z: p:1006.69 gasR:1744463.38 iaq:97.23(0) T:11.00(16.48) H:55.43(39.19) sIaq:170.77(0) Stabilization:1 Run in:0
 0h00:48.892 2025/02/14T23:01:27z: p:1006.72 gasR:1732290.12 iaq:97.22(0) T:10.80(16.40) H:56.14(39.15) sIaq:170.75(0) Stabilization:1 Run in:0
 0h00:49.795 2025/02/14T23:01:28z: DATA B(16),51,56,35,1006.72,0.05,26352,0,49,3,5,5,3,5,5,21,21,666,188,21,1,0,0,170.75
 0h00:49.891 2025/02/14T23:01:28z: p:1006.71 gasR:1734490.75 iaq:97.20(0) T:10.88(16.48) H:55.84(39.13) sIaq:170.70(0) Stabilization:1 Run in:0
 0h00:50.630 2025/02/14T23:01:29z: DATA B(17),51,55,35,1006.71,0.05,26168,0,50,3,5,5,3,5,5,21,21,666,188,21,1,0,0,170.70
 0h00:50.891 2025/02/14T23:01:29z: p:1006.71 gasR:1733389.75 iaq:97.19(0) T:10.90(16.51) H:55.80(39.13) sIaq:170.67(0) Stabilization:1 Run in:0
 0h00:51.537 2025/02/14T23:01:30z: DATA B(18),51,55,35,1006.71,0.05,26352,0,51,3,6,7,3,6,7,25,25,708,202,28,4,1,0,170.67
 0h00:51.891 2025/02/14T23:01:30z: p:1006.70 gasR:1737802.25 iaq:97.15(0) T:10.91(16.51) H:55.79(39.11) sIaq:170.58(0) Stabilization:1 Run in:0
 0h00:52.373 2025/02/14T23:01:31z: DATA B(19),51,55,35,1006.70,0.05,26352,0,52,3,6,7,3,6,7,25,25,708,202,28,4,1,0,170.58
 0h00:52.892 2025/02/14T23:01:31z: p:1006.71 gasR:1744463.38 iaq:97.09(0) T:10.92(16.52) H:55.74(39.08) sIaq:170.41(0) Stabilization:1 Run in:0
 0h00:53.208 2025/02/14T23:01:31z: DATA B(20),51,55,35,1006.71,0.05,26352,0,53,3,6,7,3,6,7,25,25,708,202,28,4,1,0,170.41
 0h00:53.892 2025/02/14T23:01:32z: p:1006.72 gasR:1748932.50 iaq:97.01(0) T:10.92(16.52) H:55.80(39.08) sIaq:170.20(0) Stabilization:1 Run in:0
 0h00:54.760 2025/02/14T23:01:33z: DATA A(21),51,55,35,1006.72,0.05,26352,0,54,2,3,4,2,3,4,13,13,519,141,16,4,1,1,170.20
 0h00:54.892 2025/02/14T23:01:33z: p:1006.71 gasR:1728999.62 iaq:97.04(0) T:10.92(16.52) H:55.83(39.07) sIaq:170.29(0) Stabilization:1 Run in:0
 0h00:55.595 2025/02/14T23:01:34z: DATA A(22),51,55,35,1006.71,0.05,26352,0,55,2,3,4,2,3,4,13,13,519,141,16,4,1,1,170.29
 0h00:55.892 2025/02/14T23:01:34z: p:1006.69 gasR:1737802.25 iaq:97.02(0) T:10.91(16.51) H:55.87(39.07) sIaq:170.24(0) Stabilization:1 Run in:0
 0h00:56.429 2025/02/14T23:01:35z: DATA A(23),51,55,35,1006.69,0.05,26352,0,56,2,3,4,2,3,4,13,13,519,141,16,4,1,1,170.24
 0h00:56.891 2025/02/14T23:01:35z: p:1006.72 gasR:1741126.50 iaq:96.99(0) T:10.94(16.54) H:55.79(39.05) sIaq:170.16(0) Stabilization:1 Run in:0
 0h00:57.335 2025/02/14T23:01:35z: DATA A(24),51,55,35,1006.72,0.05,26352,0,57,2,3,4,2,3,4,13,13,519,143,16,4,1,1,170.16
 0h00:57.892 2025/02/14T23:01:36z: p:1006.73 gasR:1740017.00 iaq:96.97(0) T:10.95(16.55) H:55.80(39.06) sIaq:170.10(0) Stabilization:1 Run in:0
 0h00:58.169 2025/02/14T23:01:36z: DATA A(25),51,55,35,1006.73,0.05,26352,0,58,2,3,4,2,3,4,13,13,519,143,16,4,1,1,170.10
 0h00:58.892 2025/02/14T23:01:37z: p:1006.71 gasR:1734490.75 iaq:96.97(0) T:10.95(16.56) H:55.79(39.05) sIaq:170.12(0) Stabilization:1 Run in:0
 0h00:59.891 2025/02/14T23:01:38z: p:1006.71 gasR:1711659.00 iaq:97.10(0) T:10.96(16.56) H:55.78(39.04) sIaq:170.44(0) Stabilization:1 Run in:0
 0h01:00.105 2025/02/14T23:01:38z: DATA B(21),51,55,35,1006.71,0.05,26352,0,60,3,6,7,3,6,7,25,25,738,212,30,7,2,0,170.44
 0h01:00.892 2025/02/14T23:01:39z: p:1006.71 gasR:1723543.00 iaq:97.15(0) T:10.98(16.58) H:55.76(39.04) sIaq:170.57(0) Stabilization:1 Run in:0
 0h01:00.941 2025/02/14T23:01:39z: DATA B(22),51,55,35,1006.71,0.05,26352,0,60,3,6,7,3,6,7,25,25,738,212,30,7,2,0,170.57
 0h01:01.847 2025/02/14T23:01:40z: DATA B(23),51,55,35,1006.71,0.05,26352,0,61,3,6,7,3,6,7,25,25,708,204,27,6,2,0,170.57
 0h01:01.891 2025/02/14T23:01:40z: p:1006.73 gasR:1735593.25 iaq:97.13(0) T:10.98(16.58) H:55.77(39.04) sIaq:170.51(0) Stabilization:1 Run in:0
 0h01:02.683 2025/02/14T23:01:41z: DATA B(24),51,55,35,1006.73,0.05,26352,0,62,3,6,7,3,6,7,25,25,708,204,27,6,2,0,170.51
 0h01:02.892 2025/02/14T23:01:41z: p:1006.72 gasR:1735593.25 iaq:97.11(0) T:11.00(16.60) H:55.71(39.02) sIaq:170.47(0) Stabilization:1 Run in:0
 0h01:03.519 2025/02/14T23:01:42z: DATA B(25),51,55,35,1006.72,0.05,26352,0,63,3,6,7,3,6,7,25,25,708,204,27,6,2,0,170.47
 0h01:03.891 2025/02/14T23:01:42z: p:1006.73 gasR:1725721.50 iaq:97.15(0) T:11.01(16.61) H:55.68(39.00) sIaq:170.56(0) Stabilization:1 Run in:0
 0h01:04.891 2025/02/14T23:01:43z: p:1006.72 gasR:1740017.00 iaq:97.10(0) T:11.03(16.63) H:55.63(38.99) sIaq:170.45(0) Stabilization:1 Run in:0
 0h01:05.058 2025/02/14T23:01:43z: DATA A(26),51,55,35,1006.72,0.05,26352,0,65,2,3,5,2,3,5,13,13,573,161,22,5,2,1,170.45
 0h01:05.892 2025/02/14T23:01:44z: DATA A(27),51,55,35,1006.72,0.05,26352,0,65,2,3,5,2,3,5,13,13,573,161,22,5,2,1,170.45
 0h01:05.911 2025/02/14T23:01:44z: p:1006.71 gasR:1734490.75 iaq:97.09(0) T:11.17(16.63) H:55.14(38.99) sIaq:170.42(0) Stabilization:1 Run in:0
 0h01:06.727 2025/02/14T23:01:45z: DATA A(28),52,55,36,1006.71,0.05,26352,0,66,2,3,5,2,3,5,13,13,573,161,22,5,2,1,170.42
 0h01:06.911 2025/02/14T23:01:45z: p:1006.74 gasR:1721370.00 iaq:97.15(0) T:10.94(16.54) H:55.91(38.94) sIaq:170.58(0) Stabilization:1 Run in:0
 0h01:07.632 2025/02/14T23:01:46z: DATA A(29),51,55,35,1006.74,0.05,26352,0,67,2,4,5,2,4,5,17,17,600,167,27,5,2,1,170.58
 0h01:07.911 2025/02/14T23:01:46z: p:1006.71 gasR:1727905.50 iaq:97.17(0) T:11.04(16.64) H:55.58(38.93) sIaq:170.62(0) Stabilization:1 Run in:0
 0h01:08.467 2025/02/14T23:01:47z: DATA A(30),51,55,35,1006.71,0.05,26352,0,68,2,4,5,2,4,5,17,17,600,167,27,5,2,1,170.62
 0h01:08.910 2025/02/14T23:01:47z: p:1006.73 gasR:1733389.75 iaq:97.16(0) T:11.07(16.67) H:55.52(38.94) sIaq:170.59(0) Stabilization:1 Run in:0
 0h01:09.911 2025/02/14T23:01:48z: p:1006.72 gasR:1737802.25 iaq:97.12(0) T:11.09(16.69) H:55.49(38.93) sIaq:170.50(0) Stabilization:1 Run in:0
 0h01:10.416 2025/02/14T23:01:49z: DATA B(26),51,55,35,1006.72,0.05,26352,0,70,3,6,7,3,6,7,25,25,666,192,33,6,2,0,170.50
 0h01:10.911 2025/02/14T23:01:49z: p:1006.72 gasR:1722455.88 iaq:97.17(0) T:11.09(16.69) H:55.53(38.94) sIaq:170.63(0) Stabilization:1 Run in:0
 0h01:11.251 2025/02/14T23:01:49z: DATA B(27),51,55,35,1006.72,0.05,26352,0,71,3,6,7,3,6,7,25,25,666,192,33,6,2,0,170.63
 0h01:11.911 2025/02/14T23:01:50z: p:1006.72 gasR:1722455.88 iaq:97.22(0) T:11.10(16.71) H:55.50(38.93) sIaq:170.74(0) Stabilization:1 Run in:0
 0h01:12.158 2025/02/14T23:01:50z: DATA B(28),51,55,35,1006.72,0.05,26352,0,72,3,6,7,3,6,7,25,25,630,182,35,7,3,0,170.74
 0h01:12.911 2025/02/14T23:01:51z: p:1006.71 gasR:1711659.00 iaq:97.31(0) T:11.10(16.71) H:55.52(38.92) sIaq:170.98(0) Stabilization:1 Run in:0
 0h01:12.993 2025/02/14T23:01:51z: DATA B(29),51,55,35,1006.71,0.05,26352,0,72,3,6,7,3,6,7,25,25,630,182,35,7,3,0,170.98
 0h01:13.829 2025/02/14T23:01:52z: DATA B(30),51,55,35,1006.71,0.05,26352,0,73,3,6,7,3,6,7,25,25,630,182,35,7,3,0,170.98
 0h01:13.910 2025/02/14T23:01:52z: p:1006.74 gasR:1727905.50 iaq:97.31(0) T:11.12(16.72) H:55.49(38.91) sIaq:170.97(0) Stabilization:1 Run in:0
 0h01:14.911 2025/02/14T23:01:53z: p:1006.74 gasR:1727905.50 iaq:97.31(0) T:11.12(16.73) H:55.50(38.90) sIaq:170.97(0) Stabilization:1 Run in:0
 0h01:15.355 2025/02/14T23:01:53z: DATA A(31),52,55,36,1006.74,0.05,26352,0,75,3,5,5,3,5,5,21,21,648,180,28,5,1,0,170.97
 0h01:15.911 2025/02/14T23:01:54z: p:1006.75 gasR:1711659.00 iaq:97.39(0) T:11.13(16.74) H:55.47(38.88) sIaq:171.18(0) Stabilization:1 Run in:0
 0h01:16.189 2025/02/14T23:01:54z: DATA A(32),52,55,36,1006.75,0.05,26352,0,76,3,5,5,3,5,5,21,21,648,180,28,5,1,0,171.18
 0h01:16.911 2025/02/14T23:01:55z: p:1006.74 gasR:1725721.50 iaq:97.39(0) T:11.14(16.75) H:55.44(38.86) sIaq:171.18(0) Stabilization:1 Run in:0
 0h01:17.024 2025/02/14T23:01:55z: DATA A(33),52,55,36,1006.74,0.05,26352,0,77,3,5,5,3,5,5,21,21,648,180,28,5,1,0,171.18
 0h01:17.911 2025/02/14T23:01:56z: p:1006.73 gasR:1726812.88 iaq:97.38(0) T:11.16(16.76) H:55.46(38.88) sIaq:171.16(0) Stabilization:1 Run in:0
 0h01:17.929 2025/02/14T23:01:56z: DATA A(34),52,55,36,1006.73,0.05,26352,0,77,3,5,5,3,5,5,21,21,633,182,27,5,1,0,171.16
 0h01:18.763 2025/02/14T23:01:57z: DATA A(35),52,55,36,1006.73,0.05,26352,0,78,3,5,5,3,5,5,21,21,633,182,27,5,1,0,171.16
 0h01:18.911 2025/02/14T23:01:57z: p:1006.73 gasR:1726812.88 iaq:97.38(0) T:11.15(16.76) H:55.48(38.86) sIaq:171.15(0) Stabilization:1 Run in:0
 0h01:19.911 2025/02/14T23:01:58z: p:1006.75 gasR:1724631.62 iaq:97.38(0) T:11.16(16.76) H:55.48(38.86) sIaq:171.16(0) Stabilization:1 Run in:0
 0h01:20.726 2025/02/14T23:01:59z: DATA B(31),52,55,36,1006.75,0.05,26352,0,80,3,5,5,3,5,5,21,21,582,166,28,2,1,0,171.16
 0h01:20.911 2025/02/14T23:01:59z: p:1006.74 gasR:1715961.50 iaq:97.43(0) T:11.17(16.77) H:55.46(38.84) sIaq:171.29(0) Stabilization:1 Run in:0
 0h01:21.562 2025/02/14T23:02:00z: DATA B(32),52,55,36,1006.74,0.05,26352,0,81,3,5,5,3,5,5,21,21,582,166,28,2,1,0,171.29
 0h01:21.910 2025/02/14T23:02:00z: p:1006.75 gasR:1725721.50 iaq:97.43(0) T:11.16(16.76) H:55.53(38.85) sIaq:171.27(0) Stabilization:1 Run in:0
 0h01:22.468 2025/02/14T23:02:01z: DATA B(33),52,55,36,1006.75,0.05,26352,0,82,2,5,5,2,5,5,21,21,552,156,25,2,1,0,171.27
 0h01:22.911 2025/02/14T23:02:01z: p:1006.73 gasR:1717040.50 iaq:97.47(0) T:11.17(16.77) H:55.54(38.85) sIaq:171.38(0) Stabilization:1 Run in:0
 0h01:23.304 2025/02/14T23:02:01z: DATA B(34),52,55,36,1006.73,0.05,26352,0,83,2,5,5,2,5,5,21,21,552,156,25,2,1,0,171.38
 0h01:23.911 2025/02/14T23:02:02z: p:1006.75 gasR:1714883.88 iaq:97.51(0) T:11.17(16.77) H:55.55(38.86) sIaq:171.49(0) Stabilization:1 Run in:0
 0h01:24.139 2025/02/14T23:02:02z: DATA B(35),52,55,36,1006.75,0.05,26352,0,84,2,5,5,2,5,5,21,21,552,156,25,2,1,0,171.49
 0h01:24.911 2025/02/14T23:02:03z: p:1006.75 gasR:1709515.88 iaq:97.58(0) T:11.18(16.78) H:55.54(38.84) sIaq:171.67(0) Stabilization:1 Run in:0
 0h01:25.651 2025/02/14T23:02:04z: DATA A(36),52,55,36,1006.75,0.05,26352,0,85,3,4,7,3,4,7,17,17,624,181,23,6,2,0,171.67
 0h01:25.911 2025/02/14T23:02:04z: p:1006.74 gasR:1728999.62 iaq:97.54(0) T:11.18(16.78) H:55.55(38.84) sIaq:171.56(0) Stabilization:1 Run in:0
 0h01:26.486 2025/02/14T23:02:05z: DATA A(37),52,55,36,1006.74,0.05,26352,0,86,3,4,7,3,4,7,17,17,624,181,23,6,2,0,171.56
 0h01:26.911 2025/02/14T23:02:05z: p:1006.73 gasR:1721370.00 iaq:97.54(0) T:11.18(16.78) H:55.57(38.84) sIaq:171.57(0) Stabilization:1 Run in:0
 0h01:27.321 2025/02/14T23:02:05z: DATA A(38),52,55,36,1006.73,0.05,26352,0,87,3,4,7,3,4,7,17,17,624,181,23,6,2,0,171.57
 0h01:27.911 2025/02/14T23:02:06z: p:1006.74 gasR:1721370.00 iaq:97.54(0) T:11.18(16.78) H:55.57(38.83) sIaq:171.57(0) Stabilization:1 Run in:0
 0h01:28.226 2025/02/14T23:02:06z: DATA A(39),52,55,36,1006.74,0.05,26352,0,88,3,4,7,3,4,7,17,17,603,172,26,6,2,0,171.57
 0h01:28.911 2025/02/14T23:02:07z: p:1006.73 gasR:1709515.88 iaq:97.61(0) T:11.19(16.79) H:55.57(38.83) sIaq:171.74(0) Stabilization:1 Run in:0
 0h01:29.060 2025/02/14T23:02:07z: DATA A(40),52,55,36,1006.73,0.05,26352,0,89,3,4,7,3,4,7,17,17,603,172,26,6,2,0,171.74
 0h01:29.911 2025/02/14T23:02:08z: p:1006.75 gasR:1722455.88 iaq:97.60(0) T:11.19(16.79) H:55.56(38.82) sIaq:171.71(0) Stabilization:1 Run in:0
 0h01:30.911 2025/02/14T23:02:09z: p:1006.75 gasR:1712732.62 iaq:97.64(0) T:11.20(16.80) H:55.56(38.83) sIaq:171.81(0) Stabilization:1 Run in:0
 0h01:31.036 2025/02/14T23:02:09z: DATA B(36),52,55,36,1006.75,0.05,26352,0,91,3,5,5,3,5,5,21,21,570,166,26,2,1,0,171.81
 0h01:31.872 2025/02/14T23:02:10z: DATA B(37),52,55,36,1006.75,0.05,26352,0,91,3,5,5,3,5,5,21,21,570,166,26,2,1,0,171.81
 0h01:31.911 2025/02/14T23:02:10z: p:1006.75 gasR:1714883.88 iaq:97.66(0) T:11.21(16.81) H:55.55(38.82) sIaq:171.87(0) Stabilization:1 Run in:0
 0h01:32.778 2025/02/14T23:02:11z: DATA B(38),52,55,36,1006.75,0.05,26352,0,92,3,5,5,3,5,5,21,21,576,168,19,2,1,0,171.87
 0h01:32.911 2025/02/14T23:02:11z: p:1006.74 gasR:1710586.75 iaq:97.70(0) T:11.21(16.81) H:55.56(38.82) sIaq:171.98(0) Stabilization:1 Run in:0
 0h01:33.614 2025/02/14T23:02:12z: DATA B(39),52,55,36,1006.74,0.05,26352,0,93,3,5,5,3,5,5,21,21,576,168,19,2,1,0,171.98
 0h01:33.911 2025/02/14T23:02:12z: p:1006.73 gasR:1714883.88 iaq:97.72(0) T:11.21(16.81) H:55.56(38.81) sIaq:172.03(0) Stabilization:1 Run in:0
 0h01:34.450 2025/02/14T23:02:13z: DATA B(40),52,55,36,1006.73,0.05,26352,0,94,3,5,5,3,5,5,21,21,576,168,19,2,1,0,172.03
 0h01:34.912 2025/02/14T23:02:13z: p:1006.76 gasR:1720285.62 iaq:97.71(0) T:11.23(16.82) H:55.48(38.79) sIaq:171.99(0) Stabilization:1 Run in:0
 0h01:35.912 2025/02/14T23:02:14z: p:1006.76 gasR:1712732.62 iaq:97.73(0) T:11.23(16.83) H:55.52(38.79) sIaq:172.06(0) Stabilization:1 Run in:0
 0h01:35.948 2025/02/14T23:02:14z: DATA A(41),52,55,36,1006.76,0.05,26352,0,95,3,4,5,3,4,5,17,17,597,173,21,5,2,0,172.06
 0h01:36.783 2025/02/14T23:02:15z: DATA A(42),52,55,36,1006.76,0.05,26352,0,96,3,4,5,3,4,5,17,17,597,173,21,5,2,0,172.06
 0h01:36.911 2025/02/14T23:02:15z: p:1006.74 gasR:1708446.25 iaq:97.78(0) T:11.24(16.84) H:55.50(38.79) sIaq:172.17(0) Stabilization:1 Run in:0
 0h01:37.617 2025/02/14T23:02:16z: DATA A(43),52,55,36,1006.74,0.05,26352,0,97,3,4,5,3,4,5,17,17,597,173,21,5,2,0,172.17
 0h01:37.911 2025/02/14T23:02:16z: p:1006.76 gasR:1717040.50 iaq:97.77(0) T:11.25(16.86) H:55.47(38.79) sIaq:172.16(0) Stabilization:1 Run in:0
 0h01:38.522 2025/02/14T23:02:17z: DATA A(44),52,55,36,1006.76,0.05,26352,0,98,3,4,5,3,4,5,17,17,564,168,21,5,2,0,172.16
 0h01:38.912 2025/02/14T23:02:17z: p:1006.74 gasR:1713807.50 iaq:97.78(0) T:11.27(16.87) H:55.44(38.79) sIaq:172.19(0) Stabilization:1 Run in:0
 0h01:39.356 2025/02/14T23:02:17z: DATA A(45),52,55,36,1006.74,0.05,26352,0,99,3,4,5,3,4,5,17,17,564,168,21,5,2,0,172.19
 0h01:39.912 2025/02/14T23:02:18z: p:1006.74 gasR:1706311.12 iaq:97.84(0) T:11.27(16.87) H:55.43(38.76) sIaq:172.32(0) Stabilization:1 Run in:0
 0h01:40.912 2025/02/14T23:02:19z: p:1006.72 gasR:1712732.62 iaq:97.84(0) T:11.27(16.87) H:55.46(38.78) sIaq:172.34(0) Stabilization:1 Run in:0
 0h01:41.347 2025/02/14T23:02:19z: DATA B(41),52,55,36,1006.72,0.05,26352,0,101,2,3,3,2,3,3,13,13,522,154,14,2,0,0,172.34
 0h01:41.912 2025/02/14T23:02:20z: p:1006.72 gasR:1714883.88 iaq:97.84(0) T:11.27(16.87) H:55.49(38.79) sIaq:172.34(0) Stabilization:1 Run in:0
 0h01:42.183 2025/02/14T23:02:20z: DATA B(42),52,55,36,1006.72,0.05,26352,0,102,2,3,3,2,3,3,13,13,522,154,14,2,0,0,172.34
{"SensorId":"a4:e5:7c:26:24:d4","DateTime":"2025/02/14T23:02:21z","Geo":"PurpleAir-24d4","Mem":26352,"memfrag":2,"memfb":25968,"memcs":504,"Id":1,"lat":0.000000,"lon":0.000000,"Adc":"nan","loggingrate":15,"place":"outside","version":"7.04","uptime":102,"rssi":0,"period":102,"httpsuccess":0,"httpsends":0,"hardwareversion":"3.0","hardwarediscovered":"3.0+RV3028+BME68X+PMSX003-A+PMSX003-B","current_temp_f":52,"current_humidity":55,"current_dewpoint_f":36,"pressure":1006.72,"current_temp_f_680":52,"current_humidity_680":55,"current_dewpoint_f_680":36,"pressure_680":1006.72,"gas_680":"nan","p25aqic_b":"rgb(14,229,0)","pm2.5_aqi_b":19,"pm1_0_cf_1_b":2.52,"p_0_3_um_b":578.57,"pm2_5_cf_1_b":4.64,"p_0_5_um_b":167.95,"pm10_0_cf_1_b":5.55,"p_1_0_um_b":25.26,"pm1_0_atm_b":2.52,"p_2_5_um_b":3.52,"pm2_5_atm_b":4.64,"p_5_0_um_b":1.40,"pm10_0_atm_b":5.55,"p_10_0_um_b":0.00,"p25aqic":"rgb(7,229,0)","pm2.5_aqi":15,"pm1_0_cf_1":2.69,"p_0_3_um":598.60,"pm2_5_cf_1":3.62,"p_0_5_um":170.98,"pm10_0_cf_1":4.71,"p_1_0_um":20.29,"pm1_0_atm":2.69,"p_2_5_um":3.24,"pm2_5_atm":3.62,"p_5_0_um":1.36,"pm10_0_atm":4.71,"p_10_0_um":0.56,"wlstate":"No SSID","status_0":0,"status_1":0,"status_2":0,"status_3":0,"status_4":2,"status_5":2,"status_7":0,"status_8":2,"status_9":2}
 0h01:42.999 2025/02/14T23:02:21z: update.purpleair.com:80/firmware/2mb/update.asp
 0h01:43.006 2025/02/14T23:02:21z: Error: -1
1 BSEC warning code : 100

UTCDateTime,mac_address,firmware_ver,hardware,current_temp_f,current_humidity,current_dewpoint_f,pressure,adc,mem,rssi,uptime,pm1_0_cf_1,pm2_5_cf_1,pm10_0_cf_1,pm1_0_atm,pm2_5_atm,pm10_0_atm,pm2.5_aqi_cf_1,pm2.5_aqi_atm,p_0_3_um,p_0_5_um,p_1_0_um,p_2_5_um,p_5_0_um,p_10_0_um,pm1_0_cf_1_b,pm2_5_cf_1_b,pm10_0_cf_1_b,pm1_0_atm_b,pm2_5_atm_b,pm10_0_atm_b,pm2.5_aqi_cf_1_b,pm2.5_aqi_atm_b,p_0_3_um_b,p_0_5_um_b,p_1_0_um_b,p_2_5_um_b,p_5_0_um_b,p_10_0_um_b,gas
2025/02/14T23:02:21z,a4:e5:7c:26:24:d4,7.04,3.0+RV3028+BME68X+PMSX003-A+PMSX003-B,52,55,36,1006.72,nan,26352,0,103,2.69,3.62,4.71,2.69,3.62,4.71,15,15,598.60,170.98,20.29,3.24,1.36,0.56,2.52,4.64,5.55,2.52,4.64,5.55,19,19,578.57,167.95,25.26,3.52,1.40,0.00,nan