
1 BSEC warning code : 100

1 BSEC warning code : 100

1 BSEC warning code : 100

1 BSEC warning code : 100

1 BSEC warning code : 100

1 BSEC warning code : 100

1 BSEC warning code : 100

1 BSEC warning code : 100

1 BSEC warning code : 100

 ets Jan  8 2013,rst cause:4, boot mode:(3,7)

wdt reset
load 0x4010f000, len 1384, room 16 
tail 8
chksum 0x2d
csum 0x2d
v8b899c12
~ld


7.04
 0h00:00.283 1970/01/01T08:00:00z: SPIFFS Active
 0h00:03.957 2025/03/05T00:16:20z: a4:e5:7c:26:24:d4
 0h00:03.958 2025/03/05T00:16:20z: SSID: NothingButSunshine
1 BSEC warning code : 100

1 BSEC warning code : 100

1 BSEC warning code : 100

1 BSEC warning code : 100

1 BSEC warning code : 100

1 BSEC warning code : 100

1 BSEC warning code : 100

1 BSEC warning code : 100

1 BSEC warning code : 100

1 BSEC warning code : 100

 ets Jan  8 2013,rst cause:4, boot mode:(3,7)

wdt reset
load 0x4010f000, len 1384, room 16 
tail 8
chksum 0x2d
csum 0x2d
v8b899c12
~ld


7.04
 0h00:00.286 1970/01/01T08:00:00z: SPIFFS Active
 0h00:03.959 2025/03/05T00:36:02z: a4:e5:7c:26:24:d4
 0h00:03.961 2025/03/05T00:36:02z: SSID: NothingButSunshine
1 BSEC warning code : 100

1 BSEC warning code : 100

1 BSEC warning code : 100

1 BSEC warning code : 100

1 BSEC warning code : 100

1 BSEC warning code : 100

1 BSEC warning code : 100

1 BSEC warning code : 100

1 BSEC warning code : 100

1 BSEC warning code : 100

 ets Jan  8 2013,rst cause:4, boot mode:(3,7)

wdt reset
load 0x4010f000, len 1384, room 16 
tail 8
chksum 0x2d
csum 0x2d
v8b899c12
~ld


7.04
 0h00:00.275 1970/01/01T08:00:00z: SPIFFS Active
 0h00:03.949 2025/03/05T00:55:45z: a4:e5:7c:26:24:d4
 0h00:03.950 2025/03/05T00:55:45z: SSID: NothingButSunshine
1 BSEC warning code : 100

1 BSEC warning code : 100

1 BSEC warning code : 100

1 BSEC warning code : 100

1 BSEC warning code : 100

1 BSEC warning code : 100

1 BSEC warning code : 100

1 BSEC warning code : 100

1 BSEC warning code : 100

1 BSEC warning code : 100

 ets Jan  8 2013,rst cause:4, boot mode:(3,7)

wdt reset
load 0x4010f000, len 1384, room 16 
tail 8
chksum 0x2d
csum 0x2d
v8b899c12
~ld


7.04
 0h00:00.276 1970/01/01T08:00:00z: SPIFFS Active
 0h00:03.950 2025/03/05T01:15:27z: a4:e5:7c:26:24:d4
 0h00:03.951 2025/03/05T01:15:27z: SSID: NothingButSunshine
1 BSEC warning code : 100

1 BSEC warning code : 100

1 BSEC warning code : 100

1 BSEC warning code : 100

1 BSEC warning code : 100

1 BSEC warning code : 100

1 BSEC warning code : 100

1 BSEC warning code : 100

1 BSEC warning code : 100

1 BSEC warning code : 100

 ets Jan  8 2013,rst cause:4, boot mode:(3,7)

wdt reset
load 0x4010f000, len 1384, room 16 
tail 8
chksum 0x2d
csum 0x2d
v8b899c12
~ld


7.04
 0h00:00.284 1970/01/01T08:00:00z: SPIFFS Active
 0h00:03.958 2025/03/05T01:35:09z: a4:e5:7c:26:24:d4
 0h00:03.959 2025/03/05T01:35:09z: SSID: NothingButSunshine
1 BSEC warning code : 100

1 BSEC warning code : 100

1 BSEC warning code : 100

1 BSEC warning code : 100

1 BSEC warning code : 100

1 BSEC warning code : 100

1 BSEC warning code : 100

1 BSEC warning code : 100

1 BSEC warning code : 100

1 BSEC warning code : 100

 ets Jan  8 2013,rst cause:4, boot mode:(3,7)

wdt reset
load 0x4010f000, len 1384, room 16 
tail 8
chksum 0x2d
csum 0x2d
v8b899c12
~ld


7.04
 0h00:00.282 1970/01/01T08:00:00z: SPIFFS Active
 0h00:03.956 2025/03/05T01:54:51z: a4:e5:7c:26:24:d4
 0h00:03.958 2025/03/05T01:54:51z: SSID: NothingButSunshine
1 BSEC warning code : 100

1 BSEC warning code : 100

1 BSEC warning code : 100

1 BSEC warning code : 100

1 BSEC warning code : 100

1 BSEC warning code : 100

1 BSEC warning code : 100

1 BSEC warning code : 100

1 BSEC warning code : 100

1 BSEC warning code : 100

 ets Jan  8 2013,rst cause:4, boot mode:(3,7)

wdt reset
load 0x4010f000, len 1384, room 16 
tail 8
chksum 0x2d
csum 0x2d
v8b899c12
~ld


7.04
 0h00:00.284 1970/01/01T08:00:00z: SPIFFS Active
 0h00:03.958 2025/03/05T02:14:34z: a4:e5:7c:26:24:d4
 0h00:03.960 2025/03/05T02:14:34z: SSID: NothingButSunshine
1 BSEC warning code : 100

1 BSEC warning code : 100

1 BSEC warning code : 100

1 BSEC warning code : 100

1 BSEC warning code : 100

1 BSEC warning code : 100

1 BSEC warning code : 100

1 BSEC warning code : 100

1 BSEC warning code : 100

1 BSEC warning code : 100

 ets Jan  8 2013,rst cause:4, boot mode:(3,7)

wdt reset
load 0x4010f000, len 1384, room 16 
tail 8
chksum 0x2d
csum 0x2d
v8b899c12
~ld


7.04
 0h00:00.281 1970/01/01T08:00:00z: SPIFFS Active
 0h00:03.955 2025/03/05T02:34:16z: a4:e5:7c:26:24:d4
 0h00:03.957 2025/03/05T02:34:16z: SSID: NothingButSunshine
1 BSEC warning code : 100

1 BSEC warning code : 100

1 BSEC warning code : 100

1 BSEC warning code : 100

1 BSEC warning code : 100

1 BSEC warning code : 100

1 BSEC warning code : 100

1 BSEC warning code : 100

1 BSEC warning code : 100

1 BSEC warning code : 100

 ets Jan  8 2013,rst cause:4, boot mode:(3,7)

wdt reset
load 0x4010f000, len 1384, room 16 
tail 8
chksum 0x2d
csum 0x2d
v8b899c12
~ld


7.04
 0h00:00.287 1970/01/01T08:00:00z: SPIFFS Active
 0h00:03.961 2025/03/05T02:53:58z: a4:e5:7c:26:24:d4
 0h00:03.962 2025/03/05T02:53:58z: SSID: NothingButSunshine
1 BSEC warning code : 100

1 BSEC warning code : 100

1 BSEC warning code : 100

1 BSEC warning code : 100

1 BSEC warning code : 100

1 BSEC warning code : 100

1 BSEC warning code : 100

1 BSEC warning code : 100

1 BSEC warning code : 100

1 BSEC warning code : 100

 ets Jan  8 2013,rst cause:4, boot mode:(3,7)

wdt reset
load 0x4010f000, len 1384, room 16 
tail 8
chksum 0x2d
csum 0x2d
v8b899c12
~ld


7.04
 0h00:00.284 1970/01/01T08:00:00z: SPIFFS Active
 0h00:03.958 2025/03/05T03:13:41z: a4:e5:7c:26:24:d4
 0h00:03.959 2025/03/05T03:13:41z: SSID: NothingButSunshine
1 BSEC warning code : 100

1 BSEC warning code : 100

1 BSEC warning code : 100

1 BSEC warning code : 100

1 BSEC warning code : 100

1 BSEC warning code : 100

1 BSEC warning code : 100

1 BSEC warning code : 100

1 BSEC warning code : 100

1 BSEC warning code : 100

 ets Jan  8 2013,rst cause:4, boot mode:(3,7)

wdt reset
load 0x4010f000, len 1384, room 16 
tail 8
chksum 0x2d
csum 0x2d
v8b899c12
~ld


7.04
 0h00:00.283 1970/01/01T08:00:00z: SPIFFS Active
 0h00:03.957 2025/03/05T03:33:24z: a4:e5:7c:26:24:d4
 0h00:03.959 2025/03/05T03:33:24z: SSID: NothingButSunshine
1 BSEC warning code : 100

1 BSEC warning code : 100

1 BSEC warning code : 100

1 BSEC warning code : 100

1 BSEC warning code : 100

1 BSEC warning code : 100

1 BSEC warning code : 100

1 BSEC warning code : 100

1 BSEC warning code : 100

1 BSEC warning code : 100

 ets Jan  8 2013,rst cause:4, boot mode:(3,7)

wdt reset
load 0x4010f000, len 1384, room 16 
tail 8
chksum 0x2d
csum 0x2d
v8b899c12
~ld


7.04
 0h00:00.279 1970/01/01T08:00:00z: SPIFFS Active
 0h00:03.953 2025/03/05T03:53:06z: a4:e5:7c:26:24:d4
 0h00:03.955 2025/03/05T03:53:06z: SSID: NothingButSunshine
1 BSEC warning code : 100

1 BSEC warning code : 100

1 BSEC warning code : 100

1 BSEC warning code : 100

1 BSEC warning code : 100

1 BSEC warning code : 100

1 BSEC warning code : 100

1 BSEC warning code : 100

1 BSEC warning code : 100

1 BSEC warning code : 100

 ets Jan  8 2013,rst cause:4, boot mode:(3,7)

wdt reset
load 0x4010f000, len 1384, room 16 
tail 8
chksum 0x2d
csum 0x2d
v8b899c12
~ld


7.04
 0h00:00.289 1970/01/01T08:00:00z: SPIFFS Active
 0h00:03.963 2025/03/05T04:12:48z: a4:e5:7c:26:24:d4
 0h00:03.965 2025/03/05T04:12:48z: SSID: NothingButSunshine
1 BSEC warning code : 100

1 BSEC warning code : 100

1 BSEC warning code : 100

1 BSEC warning code : 100

1 BSEC warning code : 100

1 BSEC warning code : 100

1 BSEC warning code : 100

1 BSEC warning code : 100

1 BSEC warning code : 100

1 BSEC warning code : 100

 ets Jan  8 2013,rst cause:4, boot mode:(3,7)

wdt reset
load 0x4010f000, len 1384, room 16 
tail 8
chksum 0x2d
csum 0x2d
v8b899c12
~ld


7.04
 0h00:00.277 1970/01/01T08:00:00z: SPIFFS Active
 0h00:03.951 2025/03/05T04:32:31z: a4:e5:7c:26:24:d4
 0h00:03.953 2025/03/05T04:32:31z: SSID: NothingButSunshine
1 BSEC warning code : 100

1 BSEC warning code : 100

1 BSEC warning code : 100

1 BSEC warning code : 100

1 BSEC warning code : 100

1 BSEC warning code : 100

1 BSEC warning code : 100

1 BSEC warning code : 100

1 BSEC warning code : 100

1 BSEC warning code : 100

 ets Jan  8 2013,rst cause:4, boot mode:(3,7)

wdt reset
load 0x4010f000, len 1384, room 16 
tail 8
chksum 0x2d
csum 0x2d
v8b899c12
~ld


7.04
 0h00:00.283 1970/01/01T08:00:00z: SPIFFS Active
 0h00:03.957 2025/03/05T04:52:13z: a4:e5:7c:26:24:d4
 0h00:03.959 2025/03/05T04:52:13z: SSID: NothingButSunshine
1 BSEC warning code : 100

1 BSEC warning code : 100

1 BSEC warning code : 100

1 BSEC warning code : 100

1 BSEC warning code : 100

1 BSEC warning code : 100

1 BSEC warning code : 100

1 BSEC warning code : 100

1 BSEC warning code : 100

1 BSEC warning code : 100

 ets Jan  8 2013,rst cause:4, boot mode:(3,7)

wdt reset
load 0x4010f000, len 1384, room 16 
tail 8
chksum 0x2d
csum 0x2d
v8b899c12
~ld


7.04
 0h00:00.285 1970/01/01T08:00:00z: SPIFFS Active
 0h00:03.959 2025/03/05T05:11:56z: a4:e5:7c:26:24:d4
 0h00:03.960 2025/03/05T05:11:56z: SSID: NothingButSunshine
1 BSEC warning code : 100

1 BSEC warning code : 100

1 BSEC warning code : 100

1 BSEC warning code : 100

1 BSEC warning code : 100

1 BSEC warning code : 100

1 BSEC warning code : 100

1 BSEC warning code : 100

1 BSEC warning code : 100

1 BSEC warning code : 100

 ets Jan  8 2013,rst cause:4, boot mode:(3,7)

wdt reset
load 0x4010f000, len 1384, room 16 
tail 8
chksum 0x2d
csum 0x2d
v8b899c12
~ld


7.04
 0h00:00.281 1970/01/01T08:00:00z: SPIFFS Active
 0h00:03.955 2025/03/05T05:31:38z: a4:e5:7c:26:24:d4
 0h00:03.956 2025/03/05T05:31:38z: SSID: NothingButSunshine
1 BSEC warning code : 100

1 BSEC warning code : 100

1 BSEC warning code : 100

1 BSEC warning code : 100

1 BSEC warning code : 100

1 BSEC warning code : 100

1 BSEC warning code : 100

1 BSEC warning code : 100

1 BSEC warning code : 100

1 BSEC warning code : 100

 ets Jan  8 2013,rst cause:4, boot mode:(3,7)

wdt reset
load 0x4010f000, len 1384, room 16 
tail 8
chksum 0x2d
csum 0x2d
v8b899c12
~ld


7.04
 0h00:00.280 1970/01/01T08:00:00z: SPIFFS Active
 0h00:03.954 2025/03/05T05:51:20z: a4:e5:7c:26:24:d4
 0h00:03.956 2025/03/05T05:51:20z: SSID: NothingButSunshine
1 BSEC warning code : 100

1 BSEC warning code : 100

1 BSEC warning code : 100

1 BSEC warning code : 100

1 BSEC warning code : 100

1 BSEC warning code : 100

1 BSEC warning code : 100

1 BSEC warning code : 100

1 BSEC warning code : 100

1 BSEC warning code : 100

 ets Jan  8 2013,rst cause:4, boot mode:(3,7)

wdt reset
load 0x4010f000, len 1384, room 16 
tail 8
chksum 0x2d
csum 0x2d
v8b899c12
~ld


7.04
 0h00:00.284 1970/01/01T08:00:00z: SPIFFS Active
 0h00:03.957 2025/03/05T06:11:02z: a4:e5:7c:26:24:d4
 0h00:03.959 2025/03/05T06:11:02z: SSID: NothingButSunshine
1 BSEC warning code : 100

1 BSEC warning code : 100

1 BSEC warning code : 100

1 BSEC warning code : 100

1 BSEC warning code : 100

1 BSEC warning code : 100

1 BSEC warning code : 100

1 BSEC warning code : 100

1 BSEC warning code : 100

1 BSEC warning code : 100

 ets Jan  8 2013,rst cause:4, boot mode:(3,7)

wdt reset
load 0x4010f000, len 1384, room 16 
tail 8
chksum 0x2d
csum 0x2d
v8b899c12
~ld


7.04
 0h00:00.284 1970/01/01T08:00:00z: SPIFFS Active
 0h00:03.958 2025/03/05T06:30:44z: a4:e5:7c:26:24:d4
 0h00:03.959 2025/03/05T06:30:44z: SSID: NothingButSunshine
1 BSEC warning code : 100

1 BSEC warning code : 100

1 BSEC warning code : 100

1 BSEC warning code : 100

1 BSEC warning code : 100

1 BSEC warning code : 100

1 BSEC warning code : 100

1 BSEC warning code : 100

1 BSEC warning code : 100

1 BSEC warning code : 100

 ets Jan  8 2013,rst cause:4, boot mode:(3,7)

wdt reset
load 0x4010f000, len 1384, room 16 
tail 8
chksum 0x2d
csum 0x2d
v8b899c12
~ld


7.04
 0h00:00.287 1970/01/01T08:00:00z: SPIFFS Active
 0h00:03.961 2025/03/05T06:50:26z: a4:e5:7c:26:24:d4
 0h00:03.962 2025/03/05T06:50:26z: SSID: NothingButSunshine
1 BSEC warning code : 100

1 BSEC warning code : 100

1 BSEC warning code : 100

1 BSEC warning code : 100

1 BSEC warning code : 100

1 BSEC warning code : 100

1 BSEC warning code : 100

1 BSEC warning code : 100

1 BSEC warning code : 100

1 BSEC warning code : 100

 ets Jan  8 2013,rst cause:4, boot mode:(3,7)

wdt reset
load 0x4010f000, len 1384, room 16 
tail 8
chksum 0x2d
csum 0x2d
v8b899c12
~ld


7.04
 0h00:00.281 1970/01/01T08:00:00z: SPIFFS Active
 0h00:03.955 2025/03/05T07:10:08z: a4:e5:7c:26:24:d4
 0h00:03.957 2025/03/05T07:10:08z: SSID: NothingButSunshine
1 BSEC warning code : 100

1 BSEC warning code : 100

1 BSEC warning code : 100

1 BSEC warning code : 100

1 BSEC warning code : 100

1 BSEC warning code : 100

1 BSEC warning code : 100

1 BSEC warning code : 100

1 BSEC warning code : 100

1 BSEC warning code : 100

 ets Jan  8 2013,rst cause:4, boot mode:(3,7)

wdt reset
load 0x4010f000, len 1384, room 16 
tail 8
chksum 0x2d
csum 0x2d
v8b899c12
~ld


7.04
 0h00:00.288 1970/01/01T08:00:00z: SPIFFS Active
 0h00:03.962 2025/03/05T07:29:50z: a4:e5:7c:26:24:d4
 0h00:03.963 2025/03/05T07:29:50z: SSID: NothingButSunshine
1 BSEC warning code : 100

1 BSEC warning code : 100

1 BSEC warning code : 100

1 BSEC warning code : 100

1 BSEC warning code : 100

1 BSEC warning code : 100

1 BSEC warning code : 100

1 BSEC warning code : 100

1 BSEC warning code : 100

1 BSEC warning code : 100

 ets Jan  8 2013,rst cause:4, boot mode:(3,7)

wdt reset
load 0x4010f000, len 1384, room 16 
tail 8
chksum 0x2d
csum 0x2d
v8b899c12
~ld


7.04
 0h00:00.283 1970/01/01T08:00:00z: SPIFFS Active
 0h00:03.957 2025/03/05T07:49:33z: a4:e5:7c:26:24:d4
 0h00:03.959 2025/03/05T07:49:33z: SSID: NothingButSunshine
1 BSEC warning code : 100

1 BSEC warning code : 100

1 BSEC warning code : 100

1 BSEC warning code : 100

1 BSEC warning code : 100

1 BSEC warning code : 100

1 BSEC warning code : 100

1 BSEC warning code : 100

1 BSEC warning code : 100

1 BSEC warning code : 100

 ets Jan  8 2013,rst cause:4, boot mode:(3,7)

wdt reset
load 0x4010f000, len 1384, room 16 
tail 8
chksum 0x2d
csum 0x2d
v8b899c12
~ld


7.04
 0h00:00.285 1970/01/01T08:00:00z: SPIFFS Active
 0h00:03.959 2025/03/05T08:09:16z: a4:e5:7c:26:24:d4
 0h00:03.960 2025/03/05T08:09:16z: SSID: NothingButSunshine
1 BSEC warning code : 100

1 BSEC warning code : 100

1 BSEC warning code : 100

1 BSEC warning code : 100

1 BSEC warning code : 100

1 BSEC warning code : 100

1 BSEC warning code : 100

1 BSEC warning code : 100

1 BSEC warning code : 100

1 BSEC warning code : 100

 ets Jan  8 2013,rst cause:4, boot mode:(3,7)

wdt reset
load 0x4010f000, len 1384, room 16 
tail 8
chksum 0x2d
csum 0x2d
v8b899c12
~ld


7.04
 0h00:00.277 1970/01/01T08:00:00z: SPIFFS Active
 0h00:03.951 2025/03/05T08:28:58z: a4:e5:7c:26:24:d4
 0h00:03.952 2025/03/05T08:28:58z: SSID: NothingButSunshine
1 BSEC warning code : 100

1 BSEC warning code : 100

1 BSEC warning code : 100

1 BSEC warning code : 100

1 BSEC warning code : 100

1 BSEC warning code : 100

1 BSEC warning code : 100

1 BSEC warning code : 100

1 BSEC warning code : 100

1 BSEC warning code : 100

 ets Jan  8 2013,rst cause:4, boot mode:(3,7)

wdt reset
load 0x4010f000, len 1384, room 16 
tail 8
chksum 0x2d
csum 0x2d
v8b899c12
~ld


7.04
 0h00:00.281 1970/01/01T08:00:00z: SPIFFS Active
 0h00:03.955 2025/03/05T08:48:39z: a4:e5:7c:26:24:d4
 0h00:03.957 2025/03/05T08:48:39z: SSID: NothingButSunshine
1 BSEC warning code : 100

1 BSEC warning code : 100

1 BSEC warning code : 100

1 BSEC warning code : 100

1 BSEC warning code : 100

1 BSEC warning code : 100

1 BSEC warning code : 100

1 BSEC warning code : 100

1 BSEC warning code : 100

1 BSEC warning code : 100

 ets Jan  8 2013,rst cause:4, boot mode:(3,7)

wdt reset
load 0x4010f000, len 1384, room 16 
tail 8
chksum 0x2d
csum 0x2d
v8b899c12
~ld


7.04
 0h00:00.276 1970/01/01T08:00:00z: SPIFFS Active
 0h00:03.950 2025/03/05T09:08:22z: a4:e5:7c:26:24:d4
 0h00:03.952 2025/03/05T09:08:22z: SSID: NothingButSunshine
1 BSEC warning code : 100

1 BSEC warning code : 100

1 BSEC warning code : 100

1 BSEC warning code : 100

1 BSEC warning code : 100

1 BSEC warning code : 100

1 BSEC warning code : 100

1 BSEC warning code : 100

1 BSEC warning code : 100

1 BSEC warning code : 100

 ets Jan  8 2013,rst cause:4, boot mode:(3,7)

wdt reset
load 0x4010f000, len 1384, room 16 
tail 8
chksum 0x2d
csum 0x2d
v8b899c12
~ld


7.04
 0h00:00.283 1970/01/01T08:00:00z: SPIFFS Active
 0h00:03.957 2025/03/05T09:28:05z: a4:e5:7c:26:24:d4
 0h00:03.959 2025/03/05T09:28:05z: SSID: NothingButSunshine
1 BSEC warning code : 100

1 BSEC warning code : 100

1 BSEC warning code : 100

1 BSEC warning code : 100

1 BSEC warning code : 100

1 BSEC warning code : 100

1 BSEC warning code : 100

1 BSEC warning code : 100

1 BSEC warning code : 100

1 BSEC warning code : 100

 ets Jan  8 2013,rst cause:4, boot mode:(3,7)

wdt reset
load 0x4010f000, len 1384, room 16 
tail 8
chksum 0x2d
csum 0x2d
v8b899c12
~ld


7.04
 0h00:00.280 1970/01/01T08:00:00z: SPIFFS Active
 0h00:03.955 2025/03/05T09:47:47z: a4:e5:7c:26:24:d4
 0h00:03.956 2025/03/05T09:47:47z: SSID: NothingButSunshine
1 BSEC warning code : 100

1 BSEC warning code : 100

1 BSEC warning code : 100

1 BSEC warning code : 100

1 BSEC warning code : 100

1 BSEC warning code : 100

1 BSEC warning code : 100

1 BSEC warning code : 100

1 BSEC warning code : 100

1 BSEC warning code : 100

 ets Jan  8 2013,rst cause:4, boot mode:(3,7)

wdt reset
load 0x4010f000, len 1384, room 16 
tail 8
chksum 0x2d
csum 0x2d
v8b899c12
~ld


7.04
 0h00:00.278 1970/01/01T08:00:00z: SPIFFS Active
 0h00:03.953 2025/03/05T10:07:29z: a4:e5:7c:26:24:d4
 0h00:03.954 2025/03/05T10:07:29z: SSID: NothingButSunshine
1 BSEC warning code : 100

1 BSEC warning code : 100

1 BSEC warning code : 100

1 BSEC warning code : 100

1 BSEC warning code : 100

1 BSEC warning code : 100

1 BSEC warning code : 100

1 BSEC warning code : 100

1 BSEC warning code : 100

1 BSEC warning code : 100

 ets Jan  8 2013,rst cause:4, boot mode:(3,7)

wdt reset
load 0x4010f000, len 1384, room 16 
tail 8
chksum 0x2d
csum 0x2d
v8b899c12
~ld


7.04
 0h00:00.280 1970/01/01T08:00:00z: SPIFFS Active
 0h00:03.955 2025/03/05T10:27:12z: a4:e5:7c:26:24:d4
 0h00:03.956 2025/03/05T10:27:12z: SSID: NothingButSunshine
1 BSEC warning code : 100

1 BSEC warning code : 100

1 BSEC warning code : 100

1 BSEC warning code : 100

1 BSEC warning code : 100

1 BSEC warning code : 100

1 BSEC warning code : 100

1 BSEC warning code : 100

1 BSEC warning code : 100

1 BSEC warning code : 100

 ets Jan  8 2013,rst cause:4, boot mode:(3,7)

wdt reset
load 0x4010f000, len 1384, room 16 
tail 8
chksum 0x2d
csum 0x2d
v8b899c12
~ld


7.04
 0h00:00.287 1970/01/01T08:00:00z: SPIFFS Active
 0h00:03.961 2025/03/05T10:46:54z: a4:e5:7c:26:24:d4
 0h00:03.963 2025/03/05T10:46:54z: SSID: NothingButSunshine
1 BSEC warning code : 100

1 BSEC warning code : 100

1 BSEC warning code : 100

1 BSEC warning code : 100

1 BSEC warning code : 100

1 BSEC warning code : 100

1 BSEC warning code : 100

1 BSEC warning code : 100

1 BSEC warning code : 100

1 BSEC warning code : 100

 ets Jan  8 2013,rst cause:4, boot mode:(3,7)

wdt reset
load 0x4010f000, len 1384, room 16 
tail 8
chksum 0x2d
csum 0x2d
v8b899c12
~ld


7.04
 0h00:00.283 1970/01/01T08:00:00z: SPIFFS Active
 0h00:03.957 2025/03/05T11:06:37z: a4:e5:7c:26:24:d4
 0h00:03.958 2025/03/05T11:06:37z: SSID: NothingButSunshine
 0h00:11.858 2025/03/05T11:06:45z: PMSX003-A (895ms)
 0h00:13.143 2025/03/05T11:06:46z: PMSX003-B (1283ms)
 0h00:13.145 2025/03/05T11:06:46z: 3.0+RV3028+BME68X+PMSX003-A+PMSX003-B
 0h00:14.160 2025/03/05T11:06:47z: p:1007.97 gasR:986275.00 iaq:140.68(0) T:8.38(11.38) H:75.73(43.61) sIaq:308.85(0) Stabilization:1 Run in:0
 0h00:14.445 2025/03/05T11:06:47z: DATA A(2),47,75,39,1007.97,0.05,26448,0,14,1,2,3,1,2,3,8,8,333,103,16,3,1,0,308.85
 0h00:15.160 2025/03/05T11:06:48z: p:1008.03 gasR:994174.75 iaq:140.68(0) T:8.99(14.59) H:73.20(44.40) sIaq:308.85(0) Stabilization:1 Run in:0
 0h00:15.350 2025/03/05T11:06:48z: DATA A(3),48,73,39,1008.03,0.05,26448,0,15,1,2,3,1,2,3,8,8,333,105,19,3,1,0,308.85
 0h00:16.160 2025/03/05T11:06:49z: p:1008.06 gasR:1006635.56 iaq:140.68(0) T:9.81(15.41) H:69.25(44.64) sIaq:308.85(0) Stabilization:1 Run in:0
 0h00:16.184 2025/03/05T11:06:49z: DATA A(4),49,69,39,1008.06,0.05,26448,0,16,1,2,3,1,2,3,8,8,333,105,19,3,1,0,308.85
 0h00:17.019 2025/03/05T11:06:50z: DATA A(5),49,69,39,1008.06,0.05,26448,0,17,1,2,3,1,2,3,8,8,333,105,19,3,1,0,308.85
 0h00:17.159 2025/03/05T11:06:50z: p:1008.07 gasR:1008122.06 iaq:140.68(0) T:10.16(15.76) H:67.39(44.64) sIaq:308.85(0) Stabilization:1 Run in:0
 0h00:17.924 2025/03/05T11:06:51z: DATA A(6),50,67,39,1008.07,0.05,26448,0,17,1,1,2,1,1,2,4,4,306,94,12,2,1,0,308.85
 0h00:18.159 2025/03/05T11:06:51z: p:1008.05 gasR:1018652.06 iaq:140.68(0) T:10.36(15.96) H:66.10(44.50) sIaq:308.85(0) Stabilization:1 Run in:0
 0h00:19.160 2025/03/05T11:06:52z: p:1008.09 gasR:1027081.25 iaq:140.68(0) T:10.50(16.11) H:65.13(44.33) sIaq:308.85(0) Stabilization:1 Run in:0
 0h00:20.062 2025/03/05T11:06:53z: DATA B(2),50,65,38,1008.09,0.05,26448,0,20,6246,6246,6246,4164,4164,4164,4292,2918,11838,2948,10,0,0,0,308.85
 0h00:20.160 2025/03/05T11:06:53z: p:1008.06 gasR:1015621.12 iaq:140.68(0) T:10.60(16.20) H:64.37(44.14) sIaq:308.85(0) Stabilization:1 Run in:0
 0h00:20.897 2025/03/05T11:06:54z: DATA B(3),51,64,39,1008.06,0.05,26352,0,20,6246,6246,6246,4164,4164,4164,4292,2918,11838,2948,10,0,0,0,308.85
 0h00:21.160 2025/03/05T11:06:54z: p:1008.09 gasR:1030959.00 iaq:140.69(0) T:10.69(16.29) H:63.67(43.94) sIaq:308.85(0) Stabilization:1 Run in:0
 0h00:21.733 2025/03/05T11:06:55z: DATA B(4),51,63,39,1008.09,0.05,26352,0,21,6246,6246,6246,4164,4164,4164,4292,2918,11838,2948,10,0,0,0,308.85
 0h00:22.160 2025/03/05T11:06:55z: p:1008.06 gasR:1029404.38 iaq:140.69(0) T:10.76(16.36) H:63.09(43.75) sIaq:308.85(0) Stabilization:1 Run in:0
 0h00:22.642 2025/03/05T11:06:55z: DATA B(5),51,63,38,1008.06,0.05,26352,0,22,6246,6246,6246,4164,4164,4164,4292,2918,11796,2946,10,0,0,0,308.85
 0h00:23.160 2025/03/05T11:06:56z: p:1008.06 gasR:1029404.38 iaq:140.69(0) T:10.81(16.41) H:62.63(43.58) sIaq:308.86(0) Stabilization:1 Run in:0
 0h00:24.160 2025/03/05T11:06:57z: p:1008.04 gasR:1030181.06 iaq:140.69(0) T:10.86(16.46) H:62.23(43.43) sIaq:308.86(0) Stabilization:1 Run in:0
 0h00:24.740 2025/03/05T11:06:58z: DATA A(7),51,62,38,1008.04,0.05,26352,0,24,1,1,1,1,1,1,4,4,300,94,8,1,0,0,308.86
 0h00:25.159 2025/03/05T11:06:58z: p:1008.06 gasR:1027854.44 iaq:140.69(0) T:10.91(16.51) H:61.84(43.28) sIaq:308.86(0) Stabilization:1 Run in:0
 0h00:25.645 2025/03/05T11:06:58z: DATA A(8),51,61,38,1008.06,0.05,26352,0,25,1,2,2,1,2,2,8,8,312,94,10,1,0,0,308.86
 0h00:26.160 2025/03/05T11:06:59z: p:1008.05 gasR:1038013.19 iaq:140.69(0) T:10.96(16.56) H:61.51(43.14) sIaq:308.86(0) Stabilization:1 Run in:0
 0h00:26.479 2025/03/05T11:06:59z: DATA A(9),51,61,38,1008.05,0.05,26352,0,26,1,2,2,1,2,2,8,8,312,94,10,1,0,0,308.86
 0h00:27.160 2025/03/05T11:07:00z: p:1008.07 gasR:1034082.31 iaq:140.69(0) T:11.00(16.61) H:61.15(42.99) sIaq:308.87(0) Stabilization:1 Run in:0
 0h00:27.314 2025/03/05T11:07:00z: DATA A(10),51,61,38,1008.07,0.05,26352,0,27,1,2,2,1,2,2,8,8,312,94,10,1,0,0,308.87
 0h00:28.160 2025/03/05T11:07:01z: p:1008.08 gasR:1038802.94 iaq:140.69(0) T:11.04(16.64) H:60.89(42.87) sIaq:308.87(0) Stabilization:1 Run in:0
 0h00:28.218 2025/03/05T11:07:01z: DATA A(11),51,60,37,1008.08,0.04,26352,0,28,1,2,2,1,2,2,8,8,312,94,10,0,0,0,308.87
 0h00:29.160 2025/03/05T11:07:02z: p:1008.07 gasR:1034866.12 iaq:140.69(0) T:11.08(16.68) H:60.65(42.76) sIaq:308.87(0) Stabilization:1 Run in:0
 0h00:29.472 2025/03/05T11:07:02z: DATA B(6),51,60,37,1008.07,0.05,26352,0,29,6262,6262,6262,4174,4174,4174,4303,2925,11220,2790,7,0,0,0,308.87
 0h00:30.160 2025/03/05T11:07:03z: p:1008.08 gasR:1036437.25 iaq:140.70(0) T:11.12(16.72) H:60.44(42.67) sIaq:308.88(0) Stabilization:1 Run in:0
 0h00:30.381 2025/03/05T11:07:03z: DATA B(7),52,60,38,1008.08,0.05,26352,0,30,6262,6262,6262,4174,4174,4174,4303,2925,10968,2702,8,1,1,1,308.88
 0h00:31.160 2025/03/05T11:07:04z: p:1008.08 gasR:1038013.19 iaq:140.70(0) T:11.14(16.75) H:60.28(42.57) sIaq:308.88(0) Stabilization:1 Run in:0
 0h00:31.216 2025/03/05T11:07:04z: DATA B(8),52,60,38,1008.08,0.05,26352,0,31,6262,6262,6262,4174,4174,4174,4303,2925,10968,2702,8,1,1,1,308.88
 0h00:32.052 2025/03/05T11:07:05z: DATA B(9),52,60,38,1008.08,0.05,26352,0,32,6262,6262,6262,4174,4174,4174,4303,2925,10968,2702,8,1,1,1,308.88
 0h00:32.159 2025/03/05T11:07:05z: p:1008.06 gasR:1039593.94 iaq:140.70(0) T:11.17(16.77) H:60.14(42.49) sIaq:308.89(0) Stabilization:1 Run in:0
 0h00:32.960 2025/03/05T11:07:06z: DATA B(10),52,60,38,1008.06,0.05,26168,0,32,6262,6262,6262,4174,4174,4174,4303,2925,10563,2573,9,1,1,1,308.89
 0h00:33.159 2025/03/05T11:07:06z: p:1008.07 gasR:1034082.31 iaq:140.70(0) T:11.20(16.80) H:59.99(42.40) sIaq:308.89(0) Stabilization:1 Run in:0
 0h00:34.160 2025/03/05T11:07:07z: p:1008.06 gasR:1038013.19 iaq:140.70(0) T:11.22(16.82) H:59.89(42.33) sIaq:308.90(0) Stabilization:1 Run in:0
 0h00:35.035 2025/03/05T11:07:08z: DATA A(12),52,59,38,1008.06,0.05,26352,0,35,1,2,3,1,2,3,8,8,339,100,13,1,1,1,308.90
 0h00:35.161 2025/03/05T11:07:08z: p:1008.08 gasR:1040386.06 iaq:140.70(0) T:11.25(16.84) H:59.74(42.25) sIaq:308.90(0) Stabilization:1 Run in:0
 0h00:35.940 2025/03/05T11:07:09z: DATA A(13),52,59,38,1008.08,0.05,26352,0,35,1,2,3,1,2,3,8,8,372,110,16,2,2,1,308.90
 0h00:36.161 2025/03/05T11:07:09z: p:1008.08 gasR:1042769.88 iaq:140.71(0) T:11.25(16.86) H:59.67(42.17) sIaq:308.91(0) Stabilization:1 Run in:0
 0h00:36.774 2025/03/05T11:07:10z: DATA A(14),52,59,38,1008.08,0.05,26352,0,36,1,2,3,1,2,3,8,8,372,110,16,2,2,1,308.91
 0h00:37.161 2025/03/05T11:07:10z: p:1008.10 gasR:1042769.88 iaq:140.71(0) T:11.29(16.89) H:59.54(42.11) sIaq:308.91(0) Stabilization:1 Run in:0
 0h00:37.609 2025/03/05T11:07:10z: DATA A(15),52,59,38,1008.10,0.05,26352,0,37,1,2,3,1,2,3,8,8,372,110,16,2,2,1,308.91
 0h00:38.160 2025/03/05T11:07:11z: p:1008.09 gasR:1039593.94 iaq:140.71(0) T:11.30(16.91) H:59.46(42.05) sIaq:308.92(0) Stabilization:1 Run in:0
 0h00:38.514 2025/03/05T11:07:11z: DATA A(16),52,59,38,1008.09,0.05,26352,0,38,1,2,3,1,2,3,8,8,366,108,19,2,2,1,308.92
 0h00:39.161 2025/03/05T11:07:12z: p:1008.07 gasR:1051604.62 iaq:140.71(0) T:11.33(16.93) H:59.36(41.99) sIaq:308.92(0) Stabilization:1 Run in:0
 0h00:39.792 2025/03/05T11:07:13z: DATA B(11),52,59,38,1008.07,0.05,26352,0,39,6246,6246,6246,4164,4164,4164,4292,2918,10062,2417,12,1,1,1,308.92
 0h00:40.161 2025/03/05T11:07:13z: p:1008.07 gasR:1038802.94 iaq:140.71(0) T:11.35(16.95) H:59.29(41.93) sIaq:308.93(0) Stabilization:1 Run in:0
 0h00:40.699 2025/03/05T11:07:13z: DATA B(12),52,59,38,1008.07,0.05,26352,0,40,6262,6262,6262,4174,4174,4174,4303,2925,9669,2323,14,2,1,1,308.93
 0h00:41.161 2025/03/05T11:07:14z: p:1008.06 gasR:1049987.12 iaq:140.71(0) T:11.37(16.98) H:59.22(41.90) sIaq:308.93(0) Stabilization:1 Run in:0
 0h00:41.535 2025/03/05T11:07:14z: DATA B(13),52,59,38,1008.06,0.05,26352,0,41,6262,6262,6262,4174,4174,4174,4303,2925,9669,2323,14,2,1,1,308.93
 0h00:42.161 2025/03/05T11:07:15z: p:1008.08 gasR:1052415.25 iaq:140.72(0) T:11.39(16.99) H:59.19(41.86) sIaq:308.94(0) Stabilization:1 Run in:0
 0h00:42.370 2025/03/05T11:07:15z: DATA B(14),52,59,38,1008.08,0.05,26352,0,42,6262,6262,6262,4174,4174,4174,4303,2925,9669,2323,14,2,1,1,308.94
 0h00:43.161 2025/03/05T11:07:16z: p:1008.08 gasR:1045965.25 iaq:140.72(0) T:11.41(17.01) H:59.11(41.80) sIaq:308.95(0) Stabilization:1 Run in:0
 0h00:43.279 2025/03/05T11:07:16z: DATA B(15),52,59,38,1008.08,0.05,26352,0,43,6246,6246,6246,4164,4164,4164,4292,2918,9561,2295,14,3,2,2,308.95
 0h00:44.161 2025/03/05T11:07:17z: p:1008.08 gasR:1043566.88 iaq:140.72(0) T:11.42(17.02) H:59.09(41.77) sIaq:308.95(0) Stabilization:1 Run in:0
 0h00:45.161 2025/03/05T11:07:18z: p:1008.06 gasR:1049180.38 iaq:140.72(0) T:11.44(17.04) H:59.08(41.75) sIaq:308.96(0) Stabilization:1 Run in:0
 0h00:45.330 2025/03/05T11:07:18z: DATA A(17),52,59,38,1008.06,0.05,26352,0,45,1,2,3,1,2,3,8,8,366,106,18,2,2,1,308.96
 0h00:46.161 2025/03/05T11:07:19z: p:1008.09 gasR:1049987.12 iaq:140.73(0) T:11.46(17.06) H:59.01(41.71) sIaq:308.96(0) Stabilization:1 Run in:0
 0h00:46.235 2025/03/05T11:07:19z: DATA A(18),52,59,38,1008.09,0.05,26352,0,46,1,2,3,1,2,3,8,8,366,104,17,2,2,1,308.96
 0h00:47.069 2025/03/05T11:07:20z: DATA A(19),52,59,38,1008.09,0.05,26352,0,47,1,2,3,1,2,3,8,8,366,104,17,2,2,1,308.96
 0h00:47.161 2025/03/05T11:07:20z: p:1008.10 gasR:1044365.12 iaq:140.73(0) T:11.48(17.08) H:58.96(41.68) sIaq:308.97(0) Stabilization:1 Run in:0
 0h00:47.904 2025/03/05T11:07:21z: DATA A(20),52,58,38,1008.10,0.05,26352,0,47,1,2,3,1,2,3,8,8,366,104,17,2,2,1,308.97
 0h00:48.161 2025/03/05T11:07:21z: p:1008.08 gasR:1049180.38 iaq:140.73(0) T:11.49(17.10) H:58.93(41.64) sIaq:308.98(0) Stabilization:1 Run in:0
 0h00:48.808 2025/03/05T11:07:22z: DATA A(21),52,58,38,1008.08,0.05,26352,0,48,1,2,3,1,2,3,8,8,372,106,17,3,2,1,308.98
 0h00:49.161 2025/03/05T11:07:22z: p:1008.09 gasR:1053227.00 iaq:140.73(0) T:11.51(17.12) H:58.88(41.61) sIaq:308.98(0) Stabilization:1 Run in:0
 0h00:50.108 2025/03/05T11:07:23z: DATA B(16),52,58,38,1008.09,0.05,26352,0,50,6246,6246,6246,4164,4164,4164,4292,2918,8946,2109,12,3,2,2,308.98
 0h00:50.161 2025/03/05T11:07:23z: p:1008.10 gasR:1049180.38 iaq:140.73(0) T:11.52(17.13) H:58.91(41.61) sIaq:308.99(0) Stabilization:1 Run in:0
 0h00:51.016 2025/03/05T11:07:24z: DATA B(17),52,58,38,1008.10,0.05,26352,0,51,6246,6246,6246,4164,4164,4164,4292,2918,8820,2070,11,3,2,2,308.99
 0h00:51.161 2025/03/05T11:07:24z: p:1008.07 gasR:1042769.88 iaq:140.74(0) T:11.52(17.13) H:58.95(41.59) sIaq:309.00(0) Stabilization:1 Run in:0
 0h00:51.852 2025/03/05T11:07:25z: DATA B(18),52,58,38,1008.07,0.05,26352,0,51,6246,6246,6246,4164,4164,4164,4292,2918,8820,2070,11,3,2,2,309.00
 0h00:52.161 2025/03/05T11:07:25z: p:1008.09 gasR:1049987.12 iaq:140.74(0) T:11.53(17.14) H:58.93(41.56) sIaq:309.01(0) Stabilization:1 Run in:0
 0h00:52.687 2025/03/05T11:07:25z: DATA B(19),52,58,38,1008.09,0.05,26352,0,52,6262,6262,6262,4174,4174,4174,4303,2925,8820,2070,11,3,2,2,309.01
 0h00:53.161 2025/03/05T11:07:26z: p:1008.10 gasR:1054854.50 iaq:140.74(0) T:11.54(17.14) H:58.94(41.55) sIaq:309.01(0) Stabilization:1 Run in:0
 0h00:53.596 2025/03/05T11:07:26z: DATA B(20),52,58,38,1008.10,0.05,26352,0,53,6262,6262,6262,4174,4174,4174,4303,2925,8736,2038,11,4,3,2,309.01
 0h00:54.161 2025/03/05T11:07:27z: p:1008.10 gasR:1048374.69 iaq:140.75(0) T:11.55(17.15) H:58.98(41.55) sIaq:309.02(0) Stabilization:1 Run in:0
 0h00:55.161 2025/03/05T11:07:28z: p:1008.08 gasR:1052415.25 iaq:140.75(0) T:11.54(17.15) H:58.98(41.50) sIaq:309.03(0) Stabilization:1 Run in:0
 0h00:55.624 2025/03/05T11:07:28z: DATA A(22),52,58,38,1008.08,0.05,26352,0,55,1,2,3,1,2,3,8,8,318,92,17,3,2,1,309.03
 0h00:56.161 2025/03/05T11:07:29z: p:1008.07 gasR:1049180.38 iaq:140.75(0) T:11.54(17.15) H:59.02(41.50) sIaq:309.04(0) Stabilization:1 Run in:0
 0h00:56.529 2025/03/05T11:07:29z: DATA A(23),52,59,38,1008.07,0.05,26352,0,56,1,2,2,1,2,2,8,8,291,86,15,2,1,0,309.04
 0h00:57.160 2025/03/05T11:07:30z: p:1008.08 gasR:1056487.00 iaq:140.75(0) T:11.54(17.14) H:59.06(41.49) sIaq:309.04(0) Stabilization:1 Run in:0
 0h00:57.364 2025/03/05T11:07:30z: DATA A(24),52,59,38,1008.08,0.05,26352,0,57,1,2,2,1,2,2,8,8,291,86,15,2,1,0,309.04
 0h00:58.161 2025/03/05T11:07:31z: p:1008.08 gasR:1051604.62 iaq:140.76(0) T:11.54(17.14) H:59.09(41.47) sIaq:309.05(0) Stabilization:1 Run in:0
 0h00:58.198 2025/03/05T11:07:31z: DATA A(25),52,59,38,1008.08,0.05,26352,0,58,1,2,2,1,2,2,8,8,291,86,15,2,1,0,309.05
 0h00:59.103 2025/03/05T11:07:32z: DATA A(26),52,59,38,1008.08,0.05,26352,0,59,1,1,3,1,1,3,4,4,273,80,15,3,2,1,309.05
 0h00:59.160 2025/03/05T11:07:32z: p:1008.10 gasR:1058124.50 iaq:140.76(0) T:11.54(17.14) H:59.14(41.48) sIaq:309.06(0) Stabilization:1 Run in:0
 0h01:00.161 2025/03/05T11:07:33z: p:1008.08 gasR:1051604.62 iaq:140.76(0) T:11.54(17.15) H:59.12(41.46) sIaq:309.07(0) Stabilization:1 Run in:0
 0h01:00.426 2025/03/05T11:07:33z: DATA B(21),52,59,38,1008.08,0.05,26352,0,60,6246,6246,6246,4164,4164,4164,4292,2918,8610,2041,11,3,2,1,309.07
 0h01:01.161 2025/03/05T11:07:34z: p:1008.08 gasR:1060590.38 iaq:140.76(0) T:11.55(17.15) H:59.14(41.45) sIaq:309.07(0) Stabilization:1 Run in:0
 0h01:01.334 2025/03/05T11:07:34z: DATA B(22),52,59,38,1008.08,0.05,26352,0,61,6262,6262,6262,4174,4174,4174,4303,2925,8418,1958,12,3,2,1,309.07
 0h01:02.161 2025/03/05T11:07:35z: p:1008.06 gasR:1062240.62 iaq:140.76(0) T:11.55(17.16) H:59.13(41.45) sIaq:309.07(0) Stabilization:1 Run in:0
 0h01:02.178 2025/03/05T11:07:35z: DATA B(23),52,59,38,1008.06,0.05,26352,0,62,6262,6262,6262,4174,4174,4174,4303,2925,8418,1958,12,3,2,1,309.07
 0h01:03.005 2025/03/05T11:07:36z: DATA B(24),52,59,38,1008.06,0.05,26352,0,63,6262,6262,6262,4174,4174,4174,4303,2925,8418,1958,12,3,2,1,309.07
 0h01:03.161 2025/03/05T11:07:36z: p:1008.09 gasR:1059767.12 iaq:140.77(0) T:11.57(17.17) H:59.07(41.43) sIaq:309.08(0) Stabilization:1 Run in:0
 0h01:03.912 2025/03/05T11:07:37z: DATA B(25),52,59,38,1008.09,0.05,26352,0,63,6262,6262,6262,4174,4174,4174,4303,2925,8049,1883,12,4,2,1,309.08
 0h01:04.161 2025/03/05T11:07:37z: p:1008.09 gasR:1057305.12 iaq:140.77(0) T:11.59(17.19) H:59.03(41.42) sIaq:309.09(0) Stabilization:1 Run in:0
 0h01:05.161 2025/03/05T11:07:38z: p:1008.09 gasR:1059767.12 iaq:140.77(0) T:11.60(17.20) H:59.03(41.41) sIaq:309.09(0) Stabilization:1 Run in:0
 0h01:05.918 2025/03/05T11:07:39z: DATA A(27),52,59,38,1008.09,0.05,26352,0,65,0,1,2,0,1,2,4,4,219,63,10,2,1,1,309.09
 0h01:06.160 2025/03/05T11:07:39z: p:1008.09 gasR:1058124.50 iaq:140.77(0) T:11.60(17.21) H:59.01(41.40) sIaq:309.10(0) Stabilization:1 Run in:0
 0h01:06.823 2025/03/05T11:07:40z: DATA A(28),52,59,38,1008.09,0.05,26352,0,66,0,1,2,0,1,2,4,4,213,61,9,2,1,1,309.10
 0h01:07.161 2025/03/05T11:07:40z: p:1008.08 gasR:1053227.00 iaq:140.78(0) T:11.60(17.21) H:59.05(41.40) sIaq:309.11(0) Stabilization:1 Run in:0
 0h01:07.657 2025/03/05T11:07:40z: DATA A(29),52,59,38,1008.08,0.05,26352,0,67,0,1,2,0,1,2,4,4,213,61,9,2,1,1,309.11
 0h01:08.161 2025/03/05T11:07:41z: p:1008.09 gasR:1062240.62 iaq:140.78(0) T:11.61(17.21) H:59.03(41.37) sIaq:309.12(0) Stabilization:1 Run in:0
 0h01:08.492 2025/03/05T11:07:41z: DATA A(30),52,59,38,1008.09,0.05,26352,0,68,0,1,2,0,1,2,4,4,213,61,9,2,1,1,309.12
 0h01:09.161 2025/03/05T11:07:42z: p:1008.08 gasR:1059767.12 iaq:140.78(0) T:11.60(17.21) H:59.06(41.37) sIaq:309.13(0) Stabilization:1 Run in:0
 0h01:10.161 2025/03/05T11:07:43z: p:1008.08 gasR:1059767.12 iaq:140.78(0) T:11.60(17.20) H:59.11(41.37) sIaq:309.13(0) Stabilization:1 Run in:0
 0h01:10.741 2025/03/05T11:07:44z: DATA B(26),52,59,38,1008.08,0.05,26352,0,70,6246,6246,6246,4164,4164,4164,4292,2918,7503,1707,11,2,1,0,309.13
 0h01:11.160 2025/03/05T11:07:44z: p:1008.10 gasR:1063067.75 iaq:140.79(0) T:11.61(17.21) H:59.07(41.35) sIaq:309.14(0) Stabilization:1 Run in:0
 0h01:11.648 2025/03/05T11:07:44z: DATA B(27),52,59,38,1008.10,0.05,26352,0,71,6246,6246,6246,4164,4164,4164,4292,2918,7359,1663,11,2,1,0,309.14
 0h01:12.161 2025/03/05T11:07:45z: p:1008.09 gasR:1065556.75 iaq:140.79(0) T:11.60(17.20) H:59.11(41.33) sIaq:309.14(0) Stabilization:1 Run in:0
 0h01:12.484 2025/03/05T11:07:45z: DATA B(28),52,59,38,1008.09,0.05,26352,0,72,6246,6246,6246,4164,4164,4164,4292,2918,7359,1663,11,2,1,0,309.14
 0h01:13.160 2025/03/05T11:07:46z: p:1008.07 gasR:1054854.50 iaq:140.79(0) T:11.59(17.19) H:59.14(41.32) sIaq:309.16(0) Stabilization:1 Run in:0
 0h01:13.319 2025/03/05T11:07:46z: DATA B(29),52,59,38,1008.07,0.05,26352,0,73,6262,6262,6262,4174,4174,4174,4303,2925,7359,1663,11,2,1,0,309.16
 0h01:14.161 2025/03/05T11:07:47z: p:1008.08 gasR:1064725.75 iaq:140.79(0) T:11.59(17.20) H:59.13(41.32) sIaq:309.16(0) Stabilization:1 Run in:0
 0h01:14.227 2025/03/05T11:07:47z: DATA B(30),52,59,38,1008.08,0.05,26352,0,74,6262,6262,6262,4174,4174,4174,4303,2925,7098,1595,10,2,1,0,309.16
 0h01:15.161 2025/03/05T11:07:48z: p:1008.08 gasR:1061414.88 iaq:140.80(0) T:11.59(17.19) H:59.16(41.31) sIaq:309.17(0) Stabilization:1 Run in:0
 0h01:15.378 2025/03/05T11:07:48z: DATA A(31),52,59,38,1008.08,0.05,26352,0,75,0,1,2,0,1,2,4,4,177,53,9,1,1,1,309.17
 0h01:16.161 2025/03/05T11:07:49z: p:1008.09 gasR:1060590.38 iaq:140.80(0) T:11.59(17.20) H:59.14(41.30) sIaq:309.18(0) Stabilization:1 Run in:0
 0h01:16.212 2025/03/05T11:07:49z: DATA A(32),52,59,38,1008.09,0.05,26352,0,76,0,1,2,0,1,2,4,4,177,53,9,1,1,1,309.18
 0h01:17.117 2025/03/05T11:07:50z: DATA A(33),52,59,38,1008.09,0.05,26352,0,77,0,1,2,0,1,2,4,4,207,61,7,1,1,1,309.18
 0h01:17.160 2025/03/05T11:07:50z: p:1008.09 gasR:1070569.75 iaq:140.80(0) T:11.60(17.20) H:59.11(41.29) sIaq:309.18(0) Stabilization:1 Run in:0
 0h01:17.952 2025/03/05T11:07:51z: DATA A(34),52,59,38,1008.09,0.05,26352,0,77,0,1,2,0,1,2,4,4,207,61,7,1,1,1,309.18
 0h01:18.161 2025/03/05T11:07:51z: p:1008.09 gasR:1061414.88 iaq:140.80(0) T:11.60(17.20) H:59.12(41.28) sIaq:309.19(0) Stabilization:1 Run in:0
 0h01:18.786 2025/03/05T11:07:52z: DATA A(35),52,59,38,1008.09,0.05,26352,0,78,0,1,2,0,1,2,4,4,207,61,7,1,1,1,309.19
 0h01:19.161 2025/03/05T11:07:52z: p:1008.08 gasR:1065556.75 iaq:140.81(0) T:11.61(17.21) H:59.09(41.27) sIaq:309.20(0) Stabilization:1 Run in:0
 0h01:20.160 2025/03/05T11:07:53z: p:1008.10 gasR:1065556.75 iaq:140.81(0) T:11.62(17.22) H:59.05(41.27) sIaq:309.20(0) Stabilization:1 Run in:0
 0h01:21.055 2025/03/05T11:07:54z: DATA B(31),52,59,38,1008.10,0.05,26352,0,81,6262,6262,6262,4174,4174,4174,4303,2925,6318,1408,12,2,1,0,309.20
 0h01:21.161 2025/03/05T11:07:54z: p:1008.09 gasR:1065556.75 iaq:140.81(0) T:11.62(17.22) H:59.07(41.27) sIaq:309.21(0) Stabilization:1 Run in:0
 0h01:21.962 2025/03/05T11:07:55z: DATA B(32),52,59,38,1008.09,0.05,26352,0,81,6262,6262,6262,4174,4174,4174,4303,2925,5961,1324,11,2,1,0,309.21
 0h01:22.160 2025/03/05T11:07:55z: p:1008.08 gasR:1066389.00 iaq:140.81(0) T:11.63(17.23) H:59.02(41.25) sIaq:309.22(0) Stabilization:1 Run in:0
 0h01:22.798 2025/03/05T11:07:56z: DATA B(33),52,59,38,1008.08,0.05,26352,0,82,6278,6278,6278,4185,4185,4185,4313,2932,5961,1324,11,2,1,0,309.22
 0h01:23.161 2025/03/05T11:07:56z: p:1008.09 gasR:1065556.75 iaq:140.82(0) T:11.65(17.25) H:58.97(41.25) sIaq:309.23(0) Stabilization:1 Run in:0
 0h01:23.633 2025/03/05T11:07:56z: DATA B(34),52,58,38,1008.09,0.05,26352,0,83,6278,6278,6278,4185,4185,4185,4313,2932,5961,1324,11,2,1,0,309.23
 0h01:24.161 2025/03/05T11:07:57z: p:1008.09 gasR:1063896.12 iaq:140.82(0) T:11.65(17.25) H:58.97(41.25) sIaq:309.24(0) Stabilization:1 Run in:0
 0h01:24.540 2025/03/05T11:07:57z: DATA B(35),52,58,38,1008.09,0.05,26040,0,84,6278,6278,6278,4185,4185,4185,4313,2932,5502,1202,13,2,1,0,309.24
 0h01:25.161 2025/03/05T11:07:58z: p:1008.08 gasR:1065556.75 iaq:140.82(0) T:11.66(17.26) H:58.94(41.22) sIaq:309.25(0) Stabilization:1 Run in:0
 0h01:25.672 2025/03/05T11:07:58z: DATA A(36),52,58,38,1008.08,0.05,26352,0,85,0,1,1,0,1,1,4,4,225,65,7,0,0,0,309.25
 0h01:26.160 2025/03/05T11:07:59z: p:1008.08 gasR:1070569.75 iaq:140.82(0) T:11.66(17.26) H:58.96(41.22) sIaq:309.25(0) Stabilization:1 Run in:0
 0h01:26.506 2025/03/05T11:07:59z: DATA A(37),52,58,38,1008.08,0.05,26352,0,86,0,1,1,0,1,1,4,4,225,65,7,0,0,0,309.25
 0h01:27.161 2025/03/05T11:08:00z: p:1008.07 gasR:1071409.88 iaq:140.83(0) T:11.65(17.25) H:58.97(41.20) sIaq:309.25(0) Stabilization:1 Run in:0
 0h01:27.411 2025/03/05T11:08:00z: DATA A(38),52,58,38,1008.07,0.05,26352,0,87,1,1,1,1,1,1,4,4,255,75,7,0,0,0,309.25
 0h01:28.161 2025/03/05T11:08:01z: p:1008.09 gasR:1072251.25 iaq:140.83(0) T:11.66(17.26) H:58.97(41.21) sIaq:309.25(0) Stabilization:1 Run in:0
 0h01:28.246 2025/03/05T11:08:01z: DATA A(39),52,58,38,1008.09,0.05,26352,0,88,1,1,1,1,1,1,4,4,255,75,7,0,0,0,309.25
 0h01:29.080 2025/03/05T11:08:02z: DATA A(40),52,58,38,1008.09,0.05,26352,0,89,1,1,1,1,1,1,4,4,255,75,7,0,0,0,309.25
 0h01:29.160 2025/03/05T11:08:02z: p:1008.08 gasR:1068893.50 iaq:140.83(0) T:11.66(17.26) H:58.94(41.18) sIaq:309.26(0) Stabilization:1 Run in:0
 0h01:30.161 2025/03/05T11:08:03z: p:1008.09 gasR:1068057.38 iaq:140.83(0) T:11.66(17.26) H:58.91(41.14) sIaq:309.27(0) Stabilization:1 Run in:0
 0h01:31.161 2025/03/05T11:08:04z: p:1008.08 gasR:1076478.38 iaq:140.83(0) T:11.66(17.26) H:58.90(41.13) sIaq:309.27(0) Stabilization:1 Run in:0
 0h01:31.367 2025/03/05T11:08:04z: DATA B(36),52,58,38,1008.08,0.05,26352,0,91,6262,6262,6262,4174,4174,4174,4303,2925,4821,1018,15,2,1,0,309.27
 0h01:32.161 2025/03/05T11:08:05z: p:1008.10 gasR:1068893.50 iaq:140.83(0) T:11.66(17.26) H:58.90(41.12) sIaq:309.28(0) Stabilization:1 Run in:0
 0h01:32.274 2025/03/05T11:08:05z: DATA B(37),52,58,38,1008.10,0.05,26352,0,92,6262,6262,6262,4174,4174,4174,4303,2925,4458,934,15,2,1,0,309.28
 0h01:33.110 2025/03/05T11:08:06z: DATA B(38),52,58,38,1008.10,0.05,26352,0,93,6262,6262,6262,4174,4174,4174,4303,2925,4458,934,15,2,1,0,309.28
 0h01:33.160 2025/03/05T11:08:06z: p:1008.10 gasR:1075630.25 iaq:140.83(0) T:11.67(17.27) H:58.84(41.09) sIaq:309.28(0) Stabilization:1 Run in:0
 0h01:33.945 2025/03/05T11:08:07z: DATA B(39),52,58,38,1008.10,0.05,26352,0,93,6262,6262,6262,4174,4174,4174,4303,2925,4458,934,15,2,1,0,309.28
 0h01:34.160 2025/03/05T11:08:07z: p:1008.11 gasR:1069731.00 iaq:140.84(0) T:11.67(17.27) H:58.78(41.06) sIaq:309.29(0) Stabilization:1 Run in:0
 0h01:34.852 2025/03/05T11:08:08z: DATA B(40),53,58,38,1008.11,0.05,26352,0,94,6262,6262,6262,4174,4174,4174,4303,2925,4095,872,12,2,1,0,309.29
 0h01:35.161 2025/03/05T11:08:08z: p:1008.08 gasR:1068893.50 iaq:140.84(0) T:11.67(17.27) H:58.83(41.09) sIaq:309.30(0) Stabilization:1 Run in:0
 0h01:35.966 2025/03/05T11:08:09z: DATA A(41),53,58,38,1008.08,0.05,26352,0,95,1,1,1,1,1,1,4,4,306,88,7,0,0,0,309.30
 0h01:36.160 2025/03/05T11:08:09z: p:1008.08 gasR:1067222.50 iaq:140.85(0) T:11.68(17.29) H:58.74(41.04) sIaq:309.31(0) Stabilization:1 Run in:0
 0h01:36.801 2025/03/05T11:08:10z: DATA A(42),53,58,38,1008.08,0.05,26352,0,96,1,1,1,1,1,1,4,4,306,88,7,0,0,0,309.31
 0h01:37.160 2025/03/05T11:08:10z: p:1008.08 gasR:1068893.50 iaq:140.85(0) T:11.70(17.31) H:58.69(41.04) sIaq:309.33(0) Stabilization:1 Run in:0
 0h01:37.706 2025/03/05T11:08:10z: DATA A(43),53,58,38,1008.08,0.05,26352,0,97,1,1,1,1,1,1,4,4,324,94,7,0,0,0,309.33
 0h01:38.160 2025/03/05T11:08:11z: p:1008.08 gasR:1065556.75 iaq:140.86(0) T:11.71(17.32) H:58.67(41.05) sIaq:309.34(0) Stabilization:1 Run in:0
 0h01:38.540 2025/03/05T11:08:11z: DATA A(44),53,58,38,1008.08,0.05,26352,0,98,1,1,1,1,1,1,4,4,324,94,7,0,0,0,309.34
 0h01:39.161 2025/03/05T11:08:12z: p:1008.09 gasR:1075630.25 iaq:140.86(0) T:11.73(17.33) H:58.61(41.02) sIaq:309.34(0) Stabilization:1 Run in:0
 0h01:39.375 2025/03/05T11:08:12z: DATA A(45),53,58,38,1008.09,0.05,26352,0,99,1,1,1,1,1,1,4,4,324,94,7,0,0,0,309.34
 0h01:40.160 2025/03/05T11:08:13z: p:1008.08 gasR:1068893.50 iaq:140.86(0) T:11.73(17.33) H:58.63(41.02) sIaq:309.36(0) Stabilization:1 Run in:0
 0h01:40.843 2025/03/05T11:08:14z: DATA B(41),53,58,38,1008.08,0.05,26352,0,100,6278,6278,6278,4185,4185,4185,4313,2932,3288,696,14,2,1,0,309.36
 0h01:41.161 2025/03/05T11:08:14z: p:1008.10 gasR:1068057.38 iaq:140.87(0) T:11.74(17.34) H:58.62(41.03) sIaq:309.37(0) Stabilization:1 Run in:0
 0h01:41.678 2025/03/05T11:08:14z: DATA B(42),53,58,38,1008.10,0.05,26352,0,101,6278,6278,6278,4185,4185,4185,4313,2932,3288,696,14,2,1,0,309.37
 0h01:42.162 2025/03/05T11:08:15z: p:1008.08 gasR:1075630.25 iaq:140.87(0) T:11.75(17.34) H:58.61(41.04) sIaq:309.37(0) Stabilization:1 Run in:0
 0h01:42.586 2025/03/05T11:08:15z: DATA B(43),53,58,38,1008.08,0.05,26352,0,102,6278,6278,6278,4185,4185,4185,4313,2932,2982,628,14,2,1,0,309.37
{"SensorId":"a4:e5:7c:26:24:d4","DateTime":"2025/03/05T11:08:16z","Geo":"PurpleAir-24d4","Mem":26352,"memfrag":2,"memfb":25968,"memcs":800,"Id":1,"lat":0.000000,"lon":0.000000,"Adc":"nan","loggingrate":15,"place":"outside","version":"7.04","uptime":103,"rssi":0,"period":102,"httpsuccess":0,"httpsends":0,"hardwareversion":"3.0","hardwarediscovered":"3.0+RV3028+BME68X+PMSX003-A+PMSX003-B","current_temp_f":53,"current_humidity":58,"current_dewpoint_f":38,"pressure":1008.08,"current_temp_f_680":53,"current_humidity_680":58,"current_dewpoint_f_680":38,"pressure_680":1008.08,"gas_680":"nan","p25aqic_b":"rgb(126,0,35)","pm2.5_aqi_b":2924,"pm1_0_cf_1_b":6259.02,"p_0_3_um_b":8067.35,"pm2_5_cf_1_b":6259.02,"p_0_5_um_b":1899.49,"pm10_0_cf_1_b":6259.02,"p_1_0_um_b":11.51,"pm1_0_atm_b":4172.28,"p_2_5_um_b":1.91,"pm2_5_atm_b":4172.28,"p_5_0_um_b":1.14,"pm10_0_atm_b":4172.28,"p_10_0_um_b":0.58,"p25aqic":"rgb(0,228,0)","pm2.5_aqi":6,"pm1_0_cf_1":0.76,"p_0_3_um":294.67,"pm2_5_cf_1":1.51,"p_0_5_um":87.18,"pm10_0_cf_1":2.13,"p_1_0_um":12.02,"pm1_0_atm":0.76,"p_2_5_um":1.47,"pm2_5_atm":1.51,"p_5_0_um":0.91,"pm10_0_atm":2.13,"p_10_0_um":0.47,"wlstate":"No SSID","status_0":0,"status_1":0,"status_2":0,"status_3":0,"status_4":2,"status_5":2,"status_7":0,"status_8":2,"status_9":2}
 0h01:43.285 2025/03/05T11:08:16z: update.purpleair.com:80/firmware/2mb/update.asp
 0h01:43.292 2025/03/05T11:08:16z: Error: -1
1 BSEC warning code : 100

UTCDateTime,mac_address,firmware_ver,hardware,current_temp_f,current_humidity,current_dewpoint_f,pressure,adc,mem,rssi,uptime,pm1_0_cf_1,pm2_5_cf_1,pm10_0_cf_1,pm1_0_atm,pm2_5_atm,pm10_0_atm,pm2.5_aqi_cf_1,pm2.5_aqi_atm,p_0_3_um,p_0_5_um,p_1_0_um,p_2_5_um,p_5_0_um,p_10_0_um,pm1_0_cf_1_b,pm2_5_cf_1_b,pm10_0_cf_1_b,pm1_0_atm_b,pm2_5_atm_b,pm10_0_atm_b,pm2.5_aqi_cf_1_b,pm2.5_aqi_atm_b,p_0_3_um_b,p_0_5_um_b,p_1_0_um_b,p_2_5_um_b,p_5_0_um_b,p_10_0_um_b,gas
2025/03/05T11:08:16z,a4:e5:7c:26:24:d4,7.04,3.0+RV3028+BME68X+PMSX003-A+PMSX003-B,53,58,38,1008.08,nan,26352,0,103,0.76,1.51,2.13,0.76,1.51,2.13,6,6,294.67,87.18,12.02,1.47,0.91,0.47,6259.02,6259.02,6259.02,4172.28,4172.28,4172.28,4301,2924,8067.35,1899.49,11.51,1.91,1.14,0.58,nan
1 BSEC warning code : 100

1 BSEC warning code : 100

1 BSEC warning code : 100

1 BSEC warning code : 100

1 BSEC warning code : 100

1 BSEC warning code : 100

1 BSEC warning code : 100

1 BSEC warning code : 100

1 BSEC warning code : 100

1 BSEC warning code : 100

 ets Jan  8 2013,rst cause:4, boot mode:(3,7)

wdt reset
load 0x4010f000, len 1384, room 16 
tail 8
chksum 0x2d
csum 0x2d
v8b899c12
~ld


7.04
 0h00:00.284 1970/01/01T08:00:00z: SPIFFS Active
 0h00:03.959 2025/03/05T17:01:54z: a4:e5:7c:26:24:d4
 0h00:03.960 2025/03/05T17:01:54z: SSID: NothingButSunshine
1 BSEC warning code : 100

1 BSEC warning code : 100

1 BSEC warning code : 100

1 BSEC warning code : 100

1 BSEC warning code : 100

1 BSEC warning code : 100

1 BSEC warning code : 100

1 BSEC warning code : 100

1 BSEC warning code : 100

1 BSEC warning code : 100

 ets Jan  8 2013,rst cause:4, boot mode:(3,7)

wdt reset
load 0x4010f000, len 1384, room 16 
tail 8
chksum 0x2d
csum 0x2d
v8b899c12
~ld


7.04
 0h00:00.276 1970/01/01T08:00:00z: SPIFFS Active
 0h00:03.951 2025/03/05T17:21:36z: a4:e5:7c:26:24:d4
 0h00:03.953 2025/03/05T17:21:36z: SSID: NothingButSunshine
1 BSEC warning code : 100

1 BSEC warning code : 100

1 BSEC warning code : 100

1 BSEC warning code : 100

1 BSEC warning code : 100

1 BSEC warning code : 100

1 BSEC warning code : 100

1 BSEC warning code : 100

1 BSEC warning code : 100

1 BSEC warning code : 100

 ets Jan  8 2013,rst cause:4, boot mode:(3,7)

wdt reset
load 0x4010f000, len 1384, room 16 
tail 8
chksum 0x2d
csum 0x2d
v8b899c12
~ld


7.04
 0h00:00.275 1970/01/01T08:00:00z: SPIFFS Active
 0h00:03.950 2025/03/05T17:41:18z: a4:e5:7c:26:24:d4
 0h00:03.951 2025/03/05T17:41:18z: SSID: NothingButSunshine
1 BSEC warning code : 100

1 BSEC warning code : 100

1 BSEC warning code : 100

1 BSEC warning code : 100

1 BSEC warning code : 100

1 BSEC warning code : 100

1 BSEC warning code : 100

1 BSEC warning code : 100

1 BSEC warning code : 100

1 BSEC warning code : 100

 ets Jan  8 2013,rst cause:4, boot mode:(3,7)

wdt reset
load 0x4010f000, len 1384, room 16 
tail 8
chksum 0x2d
csum 0x2d
v8b899c12
~ld


7.04
 0h00:00.286 1970/01/01T08:00:00z: SPIFFS Active
 0h00:03.961 2025/03/05T18:01:00z: a4:e5:7c:26:24:d4
 0h00:03.962 2025/03/05T18:01:00z: SSID: NothingButSunshine
1 BSEC warning code : 100

1 BSEC warning code : 100

1 BSEC warning code : 100

1 BSEC warning code : 100

1 BSEC warning code : 100

1 BSEC warning code : 100

1 BSEC warning code : 100

1 BSEC warning code : 100

1 BSEC warning code : 100

1 BSEC warning code : 100

 ets Jan  8 2013,rst cause:4, boot mode:(3,7)

wdt reset
load 0x4010f000, len 1384, room 16 
tail 8
chksum 0x2d
csum 0x2d
v8b899c12
~ld


7.04
 0h00:00.283 1970/01/01T08:00:00z: SPIFFS Active
 0h00:03.958 2025/03/05T18:20:42z: a4:e5:7c:26:24:d4
 0h00:03.959 2025/03/05T18:20:42z: SSID: NothingButSunshine
1 BSEC warning code : 100

1 BSEC warning code : 100

1 BSEC warning code : 100

1 BSEC warning code : 100

1 BSEC warning code : 100

1 BSEC warning code : 100

1 BSEC warning code : 100

1 BSEC warning code : 100

1 BSEC warning code : 100

1 BSEC warning code : 100

 ets Jan  8 2013,rst cause:4, boot mode:(3,7)

wdt reset
load 0x4010f000, len 1384, room 16 
tail 8
chksum 0x2d
csum 0x2d
v8b899c12
~ld


7.04
 0h00:00.283 1970/01/01T08:00:00z: SPIFFS Active
 0h00:03.958 2025/03/05T18:40:24z: a4:e5:7c:26:24:d4
 0h00:03.959 2025/03/05T18:40:24z: SSID: NothingButSunshine
1 BSEC warning code : 100

1 BSEC warning code : 100

1 BSEC warning code : 100

1 BSEC warning code : 100

1 BSEC warning code : 100

1 BSEC warning code : 100

1 BSEC warning code : 100

1 BSEC warning code : 100

1 BSEC warning code : 100

1 BSEC warning code : 100

 ets Jan  8 2013,rst cause:4, boot mode:(3,7)

wdt reset
load 0x4010f000, len 1384, room 16 
tail 8
chksum 0x2d
csum 0x2d
v8b899c12
~ld


7.04
 0h00:00.281 1970/01/01T08:00:00z: SPIFFS Active
 0h00:03.955 2025/03/05T19:00:06z: a4:e5:7c:26:24:d4
 0h00:03.957 2025/03/05T19:00:06z: SSID: NothingButSunshine
1 BSEC warning code : 100

1 BSEC warning code : 100

1 BSEC warning code : 100

1 BSEC warning code : 100

1 BSEC warning code : 100

1 BSEC warning code : 100

1 BSEC warning code : 100

1 BSEC warning code : 100

1 BSEC warning code : 100

1 BSEC warning code : 100

 ets Jan  8 2013,rst cause:4, boot mode:(3,7)

wdt reset
load 0x4010f000, len 1384, room 16 
tail 8
chksum 0x2d
csum 0x2d
v8b899c12
~ld


7.04
 0h00:00.282 1970/01/01T08:00:00z: SPIFFS Active
 0h00:03.955 2025/03/05T19:19:48z: a4:e5:7c:26:24:d4
 0h00:03.956 2025/03/05T19:19:48z: SSID: NothingButSunshine
1 BSEC warning code : 100

1 BSEC warning code : 100

1 BSEC warning code : 100

1 BSEC warning code : 100

1 BSEC warning code : 100

1 BSEC warning code : 100

1 BSEC warning code : 100

1 BSEC warning code : 100

1 BSEC warning code : 100

1 BSEC warning code : 100

 ets Jan  8 2013,rst cause:4, boot mode:(3,7)

wdt reset
load 0x4010f000, len 1384, room 16 
tail 8
chksum 0x2d
csum 0x2d
v8b899c12
~ld


7.04
 0h00:00.274 1970/01/01T08:00:00z: SPIFFS Active
 0h00:03.947 2025/03/05T19:39:30z: a4:e5:7c:26:24:d4
 0h00:03.949 2025/03/05T19:39:30z: SSID: NothingButSunshine
1 BSEC warning code : 100

1 BSEC warning code : 100

1 BSEC warning code : 100

1 BSEC warning code : 100

1 BSEC warning code : 100

1 BSEC warning code : 100

1 BSEC warning code : 100

1 BSEC warning code : 100

1 BSEC warning code : 100

1 BSEC warning code : 100

 ets Jan  8 2013,rst cause:4, boot mode:(3,7)

wdt reset
load 0x4010f000, len 1384, room 16 
tail 8
chksum 0x2d
csum 0x2d
v8b899c12
~ld


7.04
 0h00:00.284 1970/01/01T08:00:00z: SPIFFS Active
 0h00:03.957 2025/03/05T19:59:12z: a4:e5:7c:26:24:d4
 0h00:03.959 2025/03/05T19:59:12z: SSID: NothingButSunshine
1 BSEC warning code : 100

1 BSEC warning code : 100

1 BSEC warning code : 100

1 BSEC warning code : 100

1 BSEC warning code : 100

1 BSEC warning code : 100

1 BSEC warning code : 100

1 BSEC warning code : 100

1 BSEC warning code : 100

1 BSEC warning code : 100

 ets Jan  8 2013,rst cause:4, boot mode:(3,7)

wdt reset
load 0x4010f000, len 1384, room 16 
tail 8
chksum 0x2d
csum 0x2d
v8b899c12
~ld


7.04
 0h00:00.282 1970/01/01T08:00:00z: SPIFFS Active
 0h00:03.955 2025/03/05T20:18:54z: a4:e5:7c:26:24:d4
 0h00:03.957 2025/03/05T20:18:54z: SSID: NothingButSunshine
1 BSEC warning code : 100

1 BSEC warning code : 100

1 BSEC warning code : 100

1 BSEC warning code : 100

1 BSEC warning code : 100

1 BSEC warning code : 100

1 BSEC warning code : 100

1 BSEC warning code : 100

1 BSEC warning code : 100

1 BSEC warning code : 100

 ets Jan  8 2013,rst cause:4, boot mode:(3,7)

wdt reset
load 0x4010f000, len 1384, room 16 
tail 8
chksum 0x2d
csum 0x2d
v8b899c12
~ld


7.04
 0h00:00.288 1970/01/01T08:00:00z: SPIFFS Active
 0h00:03.961 2025/03/05T20:38:36z: a4:e5:7c:26:24:d4
 0h00:03.962 2025/03/05T20:38:36z: SSID: NothingButSunshine
1 BSEC warning code : 100

1 BSEC warning code : 100

1 BSEC warning code : 100

1 BSEC warning code : 100

1 BSEC warning code : 100

1 BSEC warning code : 100

1 BSEC warning code : 100

1 BSEC warning code : 100

1 BSEC warning code : 100

1 BSEC warning code : 100

 ets Jan  8 2013,rst cause:4, boot mode:(3,7)

wdt reset
load 0x4010f000, len 1384, room 16 
tail 8
chksum 0x2d
csum 0x2d
v8b899c12
~ld


7.04
 0h00:00.284 1970/01/01T08:00:00z: SPIFFS Active
 0h00:03.957 2025/03/05T20:58:18z: a4:e5:7c:26:24:d4
 0h00:03.959 2025/03/05T20:58:18z: SSID: NothingButSunshine
1 BSEC warning code : 100

1 BSEC warning code : 100

1 BSEC warning code : 100

1 BSEC warning code : 100

1 BSEC warning code : 100

1 BSEC warning code : 100

1 BSEC warning code : 100

1 BSEC warning code : 100

1 BSEC warning code : 100

1 BSEC warning code : 100

 ets Jan  8 2013,rst cause:4, boot mode:(3,7)

wdt reset
load 0x4010f000, len 1384, room 16 
tail 8
chksum 0x2d
csum 0x2d
v8b899c12
~ld


7.04
 0h00:00.279 1970/01/01T08:00:00z: SPIFFS Active
 0h00:03.952 2025/03/05T21:18:01z: a4:e5:7c:26:24:d4
 0h00:03.953 2025/03/05T21:18:01z: SSID: NothingButSunshine
1 BSEC warning code : 100

1 BSEC warning code : 100

1 BSEC warning code : 100

1 BSEC warning code : 100

1 BSEC warning code : 100

1 BSEC warning code : 100

1 BSEC warning code : 100

1 BSEC warning code : 100

1 BSEC warning code : 100

1 BSEC warning code : 100

 ets Jan  8 2013,rst cause:4, boot mode:(3,7)

wdt reset
load 0x4010f000, len 1384, room 16 
tail 8
chksum 0x2d
csum 0x2d
v8b899c12
~ld


7.04
 0h00:00.281 1970/01/01T08:00:00z: SPIFFS Active
 0h00:03.954 2025/03/05T21:37:43z: a4:e5:7c:26:24:d4
 0h00:03.956 2025/03/05T21:37:43z: SSID: NothingButSunshine
1 BSEC warning code : 100

1 BSEC warning code : 100

1 BSEC warning code : 100

1 BSEC warning code : 100

1 BSEC warning code : 100

1 BSEC warning code : 100

1 BSEC warning code : 100

1 BSEC warning code : 100

1 BSEC warning code : 100

1 BSEC warning code : 100

 ets Jan  8 2013,rst cause:4, boot mode:(3,7)

wdt reset
load 0x4010f000, len 1384, room 16 
tail 8
chksum 0x2d
csum 0x2d
v8b899c12
~ld


7.04
 0h00:00.272 1970/01/01T08:00:00z: SPIFFS Active
 0h00:03.945 2025/03/05T21:57:25z: a4:e5:7c:26:24:d4
 0h00:03.946 2025/03/05T21:57:25z: SSID: NothingButSunshine
1 BSEC warning code : 100

1 BSEC warning code : 100

1 BSEC warning code : 100

1 BSEC warning code : 100

1 BSEC warning code : 100

1 BSEC warning code : 100

1 BSEC warning code : 100

1 BSEC warning code : 100

1 BSEC warning code : 100

1 BSEC warning code : 100

 ets Jan  8 2013,rst cause:4, boot mode:(3,7)

wdt reset
load 0x4010f000, len 1384, room 16 
tail 8
chksum 0x2d
csum 0x2d
v8b899c12
~ld


7.04
 0h00:00.283 1970/01/01T08:00:00z: SPIFFS Active
 0h00:03.956 2025/03/05T22:17:08z: a4:e5:7c:26:24:d4
 0h00:03.958 2025/03/05T22:17:08z: SSID: NothingButSunshine
1 BSEC warning code : 100

1 BSEC warning code : 100

1 BSEC warning code : 100

1 BSEC warning code : 100

1 BSEC warning code : 100

1 BSEC warning code : 100

1 BSEC warning code : 100

1 BSEC warning code : 100

1 BSEC warning code : 100

1 BSEC warning code : 100

 ets Jan  8 2013,rst cause:4, boot mode:(3,7)

wdt reset
load 0x4010f000, len 1384, room 16 
tail 8
chksum 0x2d
csum 0x2d
v8b899c12
~ld


7.04
 0h00:00.273 1970/01/01T08:00:00z: SPIFFS Active
 0h00:03.946 2025/03/05T22:36:50z: a4:e5:7c:26:24:d4
 0h00:03.948 2025/03/05T22:36:50z: SSID: NothingButSunshine
1 BSEC warning code : 100

1 BSEC warning code : 100

1 BSEC warning code : 100

1 BSEC warning code : 100

1 BSEC warning code : 100

1 BSEC warning code : 100

1 BSEC warning code : 100

1 BSEC warning code : 100

1 BSEC warning code : 100

1 BSEC warning code : 100

 ets Jan  8 2013,rst cause:4, boot mode:(3,7)

wdt reset
load 0x4010f000, len 1384, room 16 
tail 8
chksum 0x2d
csum 0x2d
v8b899c12
~ld


7.04
 0h00:00.277 1970/01/01T08:00:00z: SPIFFS Active
 0h00:03.950 2025/03/05T22:56:32z: a4:e5:7c:26:24:d4
 0h00:03.952 2025/03/05T22:56:32z: SSID: NothingButSunshine
1 BSEC warning code : 100

1 BSEC warning code : 100

1 BSEC warning code : 100

1 BSEC warning code : 100

1 BSEC warning code : 100

1 BSEC warning code : 100

1 BSEC warning code : 100

1 BSEC warning code : 100

1 BSEC warning code : 100

1 BSEC warning code : 100

 ets Jan  8 2013,rst cause:4, boot mode:(3,7)

wdt reset
load 0x4010f000, len 1384, room 16 
tail 8
chksum 0x2d
csum 0x2d
v8b899c12
~ld


7.04
 0h00:00.278 1970/01/01T08:00:00z: SPIFFS Active
 0h00:03.951 2025/03/05T23:16:15z: a4:e5:7c:26:24:d4
 0h00:03.953 2025/03/05T23:16:15z: SSID: NothingButSunshine
1 BSEC warning code : 100

1 BSEC warning code : 100

1 BSEC warning code : 100

1 BSEC warning code : 100

1 BSEC warning code : 100

1 BSEC warning code : 100

1 BSEC warning code : 100

1 BSEC warning code : 100

1 BSEC warning code : 100

1 BSEC warning code : 100

 ets Jan  8 2013,rst cause:4, boot mode:(3,7)

wdt reset
load 0x4010f000, len 1384, room 16 
tail 8
chksum 0x2d
csum 0x2d
v8b899c12
~ld


7.04
 0h00:00.286 1970/01/01T08:00:00z: SPIFFS Active
 0h00:03.959 2025/03/05T23:35:58z: a4:e5:7c:26:24:d4
 0h00:03.960 2025/03/05T23:35:58z: SSID: NothingButSunshine
1 BSEC warning code : 100

1 BSEC warning code : 100

1 BSEC warning code : 100

1 BSEC warning code : 100

1 BSEC warning code : 100

1 BSEC warning code : 100

1 BSEC warning code : 100

1 BSEC warning code : 100

1 BSEC warning code : 100

1 BSEC warning code : 100

 ets Jan  8 2013,rst cause:4, boot mode:(3,7)

wdt reset
load 0x4010f000, len 1384, room 16 
tail 8
chksum 0x2d
csum 0x2d
v8b899c12
~ld


7.04
 0h00:00.272 1970/01/01T08:00:00z: SPIFFS Active
 0h00:03.946 2025/03/05T23:55:40z: a4:e5:7c:26:24:d4
 0h00:03.947 2025/03/05T23:55:40z: SSID: NothingButSunshine
1 BSEC warning code : 100

1 BSEC warning code : 100
