
1 BSEC warning code : 100

1 BSEC warning code : 100

1 BSEC warning code : 100

1 BSEC warning code : 100

1 BSEC warning code : 100

1 BSEC warning code : 100

1 BSEC warning code : 100

1 BSEC warning code : 100

 ets Jan  8 2013,rst cause:1, boot mode:(3,6)

load 0x4010f000, len 1384, room 16 
tail 8
chksum 0x2d
csum 0x2d
v8b899c12
~ld


7.04
 0h00:00.284 1970/01/01T08:00:00z: SPIFFS Active
 0h00:03.957 2025/08/05T00:15:03z: a4:e5:7c:26:24:d4
 0h00:03.958 2025/08/05T00:15:03z: SSID: NothingButSunshine
1 BSEC warning code : 100

1 BSEC warning code : 100

1 BSEC warning code : 100

1 BSEC warning code : 100

1 BSEC warning code : 100

1 BSEC warning code : 100

1 BSEC warning code : 100

1 BSEC warning code : 100

1 BSEC warning code : 100

1 BSEC warning code : 100

 ets Jan  8 2013,rst cause:1, boot mode:(3,6)

load 0x4010f000, len 1384, room 16 
tail 8
chksum 0x2d
csum 0x2d
v8b899c12
~ld


7.04
 0h00:00.283 1970/01/01T08:00:00z: SPIFFS Active
 0h00:03.956 2025/08/05T00:34:47z: a4:e5:7c:26:24:d4
 0h00:03.958 2025/08/05T00:34:47z: SSID: NothingButSunshine
1 BSEC warning code : 100

1 BSEC warning code : 100

1 BSEC warning code : 100

1 BSEC warning code : 100

1 BSEC warning code : 100

1 BSEC warning code : 100

1 BSEC warning code : 100

1 BSEC warning code : 100

1 BSEC warning code : 100

1 BSEC warning code : 100

 ets Jan  8 2013,rst cause:1, boot mode:(3,6)

load 0x4010f000, len 1384, room 16 
tail 8
chksum 0x2d
csum 0x2d
v8b899c12
~ld


7.04
 0h00:00.284 1970/01/01T08:00:00z: SPIFFS Active
 0h00:03.957 2025/08/05T00:54:31z: a4:e5:7c:26:24:d4
 0h00:03.958 2025/08/05T00:54:31z: SSID: NothingButSunshine
1 BSEC warning code : 100

1 BSEC warning code : 100

1 BSEC warning code : 100

1 BSEC warning code : 100

1 BSEC warning code : 100

1 BSEC warning code : 100

1 BSEC warning code : 100

1 BSEC warning code : 100

1 BSEC warning code : 100

1 BSEC warning code : 100

 ets Jan  8 2013,rst cause:1, boot mode:(3,6)

load 0x4010f000, len 1384, room 16 
tail 8
chksum 0x2d
csum 0x2d
v8b899c12
~ld


7.04
 0h00:00.289 1970/01/01T08:00:00z: SPIFFS Active
 0h00:03.962 2025/08/05T01:14:15z: a4:e5:7c:26:24:d4
 0h00:03.963 2025/08/05T01:14:15z: SSID: NothingButSunshine
1 BSEC warning code : 100

1 BSEC warning code : 100

1 BSEC warning code : 100

1 BSEC warning code : 100

1 BSEC warning code : 100

1 BSEC warning code : 100

1 BSEC warning code : 100

1 BSEC warning code : 100

1 BSEC warning code : 100

1 BSEC warning code : 100

 ets Jan  8 2013,rst cause:1, boot mode:(3,6)

load 0x4010f000, len 1384, room 16 
tail 8
chksum 0x2d
csum 0x2d
v8b899c12
~ld


7.04
 0h00:00.290 1970/01/01T08:00:00z: SPIFFS Active
 0h00:03.963 2025/08/05T01:33:58z: a4:e5:7c:26:24:d4
 0h00:03.965 2025/08/05T01:33:58z: SSID: NothingButSunshine
1 BSEC warning code : 100

1 BSEC warning code : 100

1 BSEC warning code : 100

1 BSEC warning code : 100

1 BSEC warning code : 100

1 BSEC warning code : 100

1 BSEC warning code : 100

1 BSEC warning code : 100

1 BSEC warning code : 100

1 BSEC warning code : 100

 ets Jan  8 2013,rst cause:1, boot mode:(3,6)

load 0x4010f000, len 1384, room 16 
tail 8
chksum 0x2d
csum 0x2d
v8b899c12
~ld


7.04
 0h00:00.286 1970/01/01T08:00:00z: SPIFFS Active
 0h00:03.959 2025/08/05T01:53:41z: a4:e5:7c:26:24:d4
 0h00:03.960 2025/08/05T01:53:41z: SSID: NothingButSunshine
1 BSEC warning code : 100

1 BSEC warning code : 100

1 BSEC warning code : 100

1 BSEC warning code : 100

1 BSEC warning code : 100

1 BSEC warning code : 100

1 BSEC warning code : 100

1 BSEC warning code : 100

1 BSEC warning code : 100

1 BSEC warning code : 100

 ets Jan  8 2013,rst cause:1, boot mode:(3,6)

load 0x4010f000, len 1384, room 16 
tail 8
chksum 0x2d
csum 0x2d
v8b899c12
~ld


7.04
 0h00:00.285 1970/01/01T08:00:00z: SPIFFS Active
 0h00:03.958 2025/08/05T02:13:25z: a4:e5:7c:26:24:d4
 0h00:03.960 2025/08/05T02:13:25z: SSID: NothingButSunshine
1 BSEC warning code : 100

1 BSEC warning code : 100

1 BSEC warning code : 100

1 BSEC warning code : 100

1 BSEC warning code : 100

1 BSEC warning code : 100

1 BSEC warning code : 100

1 BSEC warning code : 100

1 BSEC warning code : 100

1 BSEC warning code : 100

 ets Jan  8 2013,rst cause:1, boot mode:(3,6)

load 0x4010f000, len 1384, room 16 
tail 8
chksum 0x2d
csum 0x2d
v8b899c12
~ld


7.04
 0h00:00.288 1970/01/01T08:00:00z: SPIFFS Active
 0h00:03.961 2025/08/05T02:33:09z: a4:e5:7c:26:24:d4
 0h00:03.962 2025/08/05T02:33:09z: SSID: NothingButSunshine
1 BSEC warning code : 100

1 BSEC warning code : 100

1 BSEC warning code : 100

1 BSEC warning code : 100

1 BSEC warning code : 100

1 BSEC warning code : 100

1 BSEC warning code : 100

1 BSEC warning code : 100

1 BSEC warning code : 100

1 BSEC warning code : 100

 ets Jan  8 2013,rst cause:1, boot mode:(3,6)

load 0x4010f000, len 1384, room 16 
tail 8
chksum 0x2d
csum 0x2d
v8b899c12
~ld


7.04
 0h00:00.284 1970/01/01T08:00:00z: SPIFFS Active
 0h00:03.958 2025/08/05T02:52:52z: a4:e5:7c:26:24:d4
 0h00:03.959 2025/08/05T02:52:52z: SSID: NothingButSunshine
1 BSEC warning code : 100

1 BSEC warning code : 100

1 BSEC warning code : 100

1 BSEC warning code : 100

1 BSEC warning code : 100

1 BSEC warning code : 100

1 BSEC warning code : 100

1 BSEC warning code : 100

1 BSEC warning code : 100

1 BSEC warning code : 100

 ets Jan  8 2013,rst cause:1, boot mode:(3,6)

load 0x4010f000, len 1384, room 16 
tail 8
chksum 0x2d
csum 0x2d
v8b899c12
~ld


7.04
 0h00:00.282 1970/01/01T08:00:00z: SPIFFS Active
 0h00:03.956 2025/08/05T03:12:37z: a4:e5:7c:26:24:d4
 0h00:03.957 2025/08/05T03:12:37z: SSID: NothingButSunshine
1 BSEC warning code : 100

1 BSEC warning code : 100

1 BSEC warning code : 100

1 BSEC warning code : 100

1 BSEC warning code : 100

1 BSEC warning code : 100

1 BSEC warning code : 100

1 BSEC warning code : 100

1 BSEC warning code : 100

1 BSEC warning code : 100

 ets Jan  8 2013,rst cause:1, boot mode:(3,6)

load 0x4010f000, len 1384, room 16 
tail 8
chksum 0x2d
csum 0x2d
v8b899c12
~ld


7.04
 0h00:00.286 1970/01/01T08:00:00z: SPIFFS Active
 0h00:03.959 2025/08/05T03:32:21z: a4:e5:7c:26:24:d4
 0h00:03.961 2025/08/05T03:32:21z: SSID: NothingButSunshine
1 BSEC warning code : 100

1 BSEC warning code : 100

1 BSEC warning code : 100

1 BSEC warning code : 100

1 BSEC warning code : 100

1 BSEC warning code : 100

1 BSEC warning code : 100

1 BSEC warning code : 100

1 BSEC warning code : 100

1 BSEC warning code : 100

 ets Jan  8 2013,rst cause:1, boot mode:(3,6)

load 0x4010f000, len 1384, room 16 
tail 8
chksum 0x2d
csum 0x2d
v8b899c12
~ld


7.04
 0h00:00.282 1970/01/01T08:00:00z: SPIFFS Active
 0h00:03.956 2025/08/05T03:52:05z: a4:e5:7c:26:24:d4
 0h00:03.957 2025/08/05T03:52:05z: SSID: NothingButSunshine
1 BSEC warning code : 100

1 BSEC warning code : 100

1 BSEC warning code : 100

1 BSEC warning code : 100

1 BSEC warning code : 100

1 BSEC warning code : 100

1 BSEC warning code : 100

1 BSEC warning code : 100

1 BSEC warning code : 100

1 BSEC warning code : 100

 ets Jan  8 2013,rst cause:1, boot mode:(3,6)

load 0x4010f000, len 1384, room 16 
tail 8
chksum 0x2d
csum 0x2d
v8b899c12
~ld


7.04
 0h00:00.279 1970/01/01T08:00:00z: SPIFFS Active
 0h00:03.952 2025/08/05T04:11:49z: a4:e5:7c:26:24:d4
 0h00:03.953 2025/08/05T04:11:49z: SSID: NothingButSunshine
1 BSEC warning code : 100

1 BSEC warning code : 100

1 BSEC warning code : 100

1 BSEC warning code : 100

1 BSEC warning code : 100

1 BSEC warning code : 100

1 BSEC warning code : 100

1 BSEC warning code : 100

1 BSEC warning code : 100

1 BSEC warning code : 100

 ets Jan  8 2013,rst cause:1, boot mode:(3,6)

load 0x4010f000, len 1384, room 16 
tail 8
chksum 0x2d
csum 0x2d
v8b899c12
~ld


7.04
 0h00:00.279 1970/01/01T08:00:00z: SPIFFS Active
 0h00:03.953 2025/08/05T04:31:34z: a4:e5:7c:26:24:d4
 0h00:03.954 2025/08/05T04:31:34z: SSID: NothingButSunshine
1 BSEC warning code : 100

1 BSEC warning code : 100

1 BSEC warning code : 100

1 BSEC warning code : 100

1 BSEC warning code : 100

1 BSEC warning code : 100

1 BSEC warning code : 100

1 BSEC warning code : 100

1 BSEC warning code : 100

1 BSEC warning code : 100

 ets Jan  8 2013,rst cause:1, boot mode:(3,6)

load 0x4010f000, len 1384, room 16 
tail 8
chksum 0x2d
csum 0x2d
v8b899c12
~ld


7.04
 0h00:00.294 1970/01/01T08:00:00z: SPIFFS Active
 0h00:03.967 2025/08/05T04:51:17z: a4:e5:7c:26:24:d4
 0h00:03.969 2025/08/05T04:51:17z: SSID: NothingButSunshine
1 BSEC warning code : 100

1 BSEC warning code : 100

1 BSEC warning code : 100

1 BSEC warning code : 100

1 BSEC warning code : 100

1 BSEC warning code : 100

1 BSEC warning code : 100

1 BSEC warning code : 100

1 BSEC warning code : 100

1 BSEC warning code : 100

 ets Jan  8 2013,rst cause:1, boot mode:(3,6)

load 0x4010f000, len 1384, room 16 
tail 8
chksum 0x2d
csum 0x2d
v8b899c12
~ld


7.04
 0h00:00.292 1970/01/01T08:00:00z: SPIFFS Active
 0h00:03.965 2025/08/05T05:11:01z: a4:e5:7c:26:24:d4
 0h00:03.967 2025/08/05T05:11:01z: SSID: NothingButSunshine
1 BSEC warning code : 100

1 BSEC warning code : 100

1 BSEC warning code : 100

1 BSEC warning code : 100

1 BSEC warning code : 100

1 BSEC warning code : 100

1 BSEC warning code : 100

1 BSEC warning code : 100

1 BSEC warning code : 100

1 BSEC warning code : 100

 ets Jan  8 2013,rst cause:1, boot mode:(3,6)

load 0x4010f000, len 1384, room 16 
tail 8
chksum 0x2d
csum 0x2d
v8b899c12
~ld


7.04
 0h00:00.289 1970/01/01T08:00:00z: SPIFFS Active
 0h00:03.963 2025/08/05T05:30:45z: a4:e5:7c:26:24:d4
 0h00:03.964 2025/08/05T05:30:45z: SSID: NothingButSunshine
1 BSEC warning code : 100

1 BSEC warning code : 100

1 BSEC warning code : 100

1 BSEC warning code : 100

1 BSEC warning code : 100

1 BSEC warning code : 100

1 BSEC warning code : 100

1 BSEC warning code : 100

1 BSEC warning code : 100

1 BSEC warning code : 100

 ets Jan  8 2013,rst cause:1, boot mode:(3,6)

load 0x4010f000, len 1384, room 16 
tail 8
chksum 0x2d
csum 0x2d
v8b899c12
~ld


7.04
 0h00:00.280 1970/01/01T08:00:00z: SPIFFS Active
 0h00:03.953 2025/08/05T05:50:28z: a4:e5:7c:26:24:d4
 0h00:03.955 2025/08/05T05:50:28z: SSID: NothingButSunshine
1 BSEC warning code : 100

1 BSEC warning code : 100

1 BSEC warning code : 100

1 BSEC warning code : 100

1 BSEC warning code : 100

1 BSEC warning code : 100

1 BSEC warning code : 100

1 BSEC warning code : 100

1 BSEC warning code : 100

1 BSEC warning code : 100

 ets Jan  8 2013,rst cause:1, boot mode:(3,6)

load 0x4010f000, len 1384, room 16 
tail 8
chksum 0x2d
csum 0x2d
v8b899c12
~ld


7.04
 0h00:00.288 1970/01/01T08:00:00z: SPIFFS Active
 0h00:03.961 2025/08/05T06:10:12z: a4:e5:7c:26:24:d4
 0h00:03.963 2025/08/05T06:10:12z: SSID: NothingButSunshine
1 BSEC warning code : 100

1 BSEC warning code : 100

1 BSEC warning code : 100

1 BSEC warning code : 100

1 BSEC warning code : 100

1 BSEC warning code : 100

1 BSEC warning code : 100

1 BSEC warning code : 100

1 BSEC warning code : 100

1 BSEC warning code : 100

 ets Jan  8 2013,rst cause:1, boot mode:(3,6)

load 0x4010f000, len 1384, room 16 
tail 8
chksum 0x2d
csum 0x2d
v8b899c12
~ld


7.04
 0h00:00.288 1970/01/01T08:00:00z: SPIFFS Active
 0h00:03.962 2025/08/05T06:29:56z: a4:e5:7c:26:24:d4
 0h00:03.963 2025/08/05T06:29:56z: SSID: NothingButSunshine
1 BSEC warning code : 100

1 BSEC warning code : 100

1 BSEC warning code : 100

1 BSEC warning code : 100

1 BSEC warning code : 100

1 BSEC warning code : 100

1 BSEC warning code : 100

1 BSEC warning code : 100

1 BSEC warning code : 100

1 BSEC warning code : 100

 ets Jan  8 2013,rst cause:1, boot mode:(3,6)

load 0x4010f000, len 1384, room 16 
tail 8
chksum 0x2d
csum 0x2d
v8b899c12
~ld


7.04
 0h00:00.293 1970/01/01T08:00:00z: SPIFFS Active
 0h00:03.966 2025/08/05T06:49:41z: a4:e5:7c:26:24:d4
 0h00:03.968 2025/08/05T06:49:41z: SSID: NothingButSunshine
1 BSEC warning code : 100

1 BSEC warning code : 100

1 BSEC warning code : 100

1 BSEC warning code : 100

1 BSEC warning code : 100

1 BSEC warning code : 100

1 BSEC warning code : 100

1 BSEC warning code : 100

1 BSEC warning code : 100

1 BSEC warning code : 100

 ets Jan  8 2013,rst cause:1, boot mode:(3,6)

load 0x4010f000, len 1384, room 16 
tail 8
chksum 0x2d
csum 0x2d
v8b899c12
~ld


7.04
 0h00:00.292 1970/01/01T08:00:00z: SPIFFS Active
 0h00:03.965 2025/08/05T07:09:25z: a4:e5:7c:26:24:d4
 0h00:03.967 2025/08/05T07:09:25z: SSID: NothingButSunshine
1 BSEC warning code : 100

1 BSEC warning code : 100

1 BSEC warning code : 100

1 BSEC warning code : 100

1 BSEC warning code : 100

1 BSEC warning code : 100

1 BSEC warning code : 100

1 BSEC warning code : 100

1 BSEC warning code : 100

1 BSEC warning code : 100

 ets Jan  8 2013,rst cause:1, boot mode:(3,6)

load 0x4010f000, len 1384, room 16 
tail 8
chksum 0x2d
csum 0x2d
v8b899c12
~ld


7.04
 0h00:00.288 1970/01/01T08:00:00z: SPIFFS Active
 0h00:03.962 2025/08/05T07:29:09z: a4:e5:7c:26:24:d4
 0h00:03.963 2025/08/05T07:29:09z: SSID: NothingButSunshine
1 BSEC warning code : 100

1 BSEC warning code : 100

1 BSEC warning code : 100

1 BSEC warning code : 100

1 BSEC warning code : 100

1 BSEC warning code : 100

1 BSEC warning code : 100

1 BSEC warning code : 100

1 BSEC warning code : 100

1 BSEC warning code : 100

 ets Jan  8 2013,rst cause:1, boot mode:(3,6)

load 0x4010f000, len 1384, room 16 
tail 8
chksum 0x2d
csum 0x2d
v8b899c12
~ld


7.04
 0h00:00.293 1970/01/01T08:00:00z: SPIFFS Active
 0h00:03.966 2025/08/05T07:48:53z: a4:e5:7c:26:24:d4
 0h00:03.968 2025/08/05T07:48:53z: SSID: NothingButSunshine
1 BSEC warning code : 100

1 BSEC warning code : 100

1 BSEC warning code : 100

1 BSEC warning code : 100

1 BSEC warning code : 100

1 BSEC warning code : 100

1 BSEC warning code : 100

1 BSEC warning code : 100

1 BSEC warning code : 100

1 BSEC warning code : 100

 ets Jan  8 2013,rst cause:1, boot mode:(3,6)

load 0x4010f000, len 1384, room 16 
tail 8
chksum 0x2d
csum 0x2d
v8b899c12
~ld


7.04
 0h00:00.288 1970/01/01T08:00:00z: SPIFFS Active
 0h00:03.961 2025/08/05T08:08:36z: a4:e5:7c:26:24:d4
 0h00:03.963 2025/08/05T08:08:36z: SSID: NothingButSunshine
1 BSEC warning code : 100

1 BSEC warning code : 100

1 BSEC warning code : 100

1 BSEC warning code : 100

1 BSEC warning code : 100

1 BSEC warning code : 100

1 BSEC warning code : 100

1 BSEC warning code : 100

1 BSEC warning code : 100

1 BSEC warning code : 100

 ets Jan  8 2013,rst cause:1, boot mode:(3,6)

load 0x4010f000, len 1384, room 16 
tail 8
chksum 0x2d
csum 0x2d
v8b899c12
~ld


7.04
 0h00:00.291 1970/01/01T08:00:00z: SPIFFS Active
 0h00:03.964 2025/08/05T08:28:21z: a4:e5:7c:26:24:d4
 0h00:03.966 2025/08/05T08:28:21z: SSID: NothingButSunshine
1 BSEC warning code : 100

1 BSEC warning code : 100

1 BSEC warning code : 100

1 BSEC warning code : 100

1 BSEC warning code : 100

1 BSEC warning code : 100

1 BSEC warning code : 100

1 BSEC warning code : 100

1 BSEC warning code : 100

1 BSEC warning code : 100

 ets Jan  8 2013,rst cause:1, boot mode:(3,6)

load 0x4010f000, len 1384, room 16 
tail 8
chksum 0x2d
csum 0x2d
v8b899c12
~ld


7.04
 0h00:00.286 1970/01/01T08:00:00z: SPIFFS Active
 0h00:03.959 2025/08/05T08:48:05z: a4:e5:7c:26:24:d4
 0h00:03.961 2025/08/05T08:48:05z: SSID: NothingButSunshine
1 BSEC warning code : 100

1 BSEC warning code : 100

1 BSEC warning code : 100

1 BSEC warning code : 100

1 BSEC warning code : 100

1 BSEC warning code : 100

1 BSEC warning code : 100

1 BSEC warning code : 100

1 BSEC warning code : 100

1 BSEC warning code : 100

 ets Jan  8 2013,rst cause:1, boot mode:(3,6)

load 0x4010f000, len 1384, room 16 
tail 8
chksum 0x2d
csum 0x2d
v8b899c12
~ld


7.04
 0h00:00.289 1970/01/01T08:00:00z: SPIFFS Active
 0h00:03.962 2025/08/05T09:07:50z: a4:e5:7c:26:24:d4
 0h00:03.964 2025/08/05T09:07:50z: SSID: NothingButSunshine
1 BSEC warning code : 100

1 BSEC warning code : 100

1 BSEC warning code : 100

1 BSEC warning code : 100

1 BSEC warning code : 100

1 BSEC warning code : 100

1 BSEC warning code : 100

1 BSEC warning code : 100

1 BSEC warning code : 100

1 BSEC warning code : 100

 ets Jan  8 2013,rst cause:1, boot mode:(3,6)

load 0x4010f000, len 1384, room 16 
tail 8
chksum 0x2d
csum 0x2d
v8b899c12
~ld


7.04
 0h00:00.292 1970/01/01T08:00:00z: SPIFFS Active
 0h00:03.966 2025/08/05T09:27:34z: a4:e5:7c:26:24:d4
 0h00:03.967 2025/08/05T09:27:34z: SSID: NothingButSunshine
1 BSEC warning code : 100

1 BSEC warning code : 100

1 BSEC warning code : 100

1 BSEC warning code : 100

1 BSEC warning code : 100

1 BSEC warning code : 100

1 BSEC warning code : 100

1 BSEC warning code : 100

1 BSEC warning code : 100

1 BSEC warning code : 100

 ets Jan  8 2013,rst cause:1, boot mode:(3,6)

load 0x4010f000, len 1384, room 16 
tail 8
chksum 0x2d
csum 0x2d
v8b899c12
~ld


7.04
 0h00:00.297 1970/01/01T08:00:00z: SPIFFS Active
 0h00:03.971 2025/08/05T09:47:19z: a4:e5:7c:26:24:d4
 0h00:03.972 2025/08/05T09:47:19z: SSID: NothingButSunshine
1 BSEC warning code : 100

1 BSEC warning code : 100

1 BSEC warning code : 100

1 BSEC warning code : 100

1 BSEC warning code : 100

1 BSEC warning code : 100

1 BSEC warning code : 100

1 BSEC warning code : 100

1 BSEC warning code : 100

1 BSEC warning code : 100

 ets Jan  8 2013,rst cause:1, boot mode:(3,6)

load 0x4010f000, len 1384, room 16 
tail 8
chksum 0x2d
csum 0x2d
v8b899c12
~ld


7.04
 0h00:00.287 1970/01/01T08:00:00z: SPIFFS Active
 0h00:03.960 2025/08/05T10:07:02z: a4:e5:7c:26:24:d4
 0h00:03.962 2025/08/05T10:07:02z: SSID: NothingButSunshine
1 BSEC warning code : 100

1 BSEC warning code : 100

1 BSEC warning code : 100

1 BSEC warning code : 100

1 BSEC warning code : 100

1 BSEC warning code : 100

1 BSEC warning code : 100

1 BSEC warning code : 100

1 BSEC warning code : 100

1 BSEC warning code : 100

 ets Jan  8 2013,rst cause:1, boot mode:(3,6)

load 0x4010f000, len 1384, room 16 
tail 8
chksum 0x2d
csum 0x2d
v8b899c12
~ld


7.04
 0h00:00.278 1970/01/01T08:00:00z: SPIFFS Active
 0h00:03.952 2025/08/05T10:26:46z: a4:e5:7c:26:24:d4
 0h00:03.953 2025/08/05T10:26:46z: SSID: NothingButSunshine
1 BSEC warning code : 100

1 BSEC warning code : 100

1 BSEC warning code : 100

1 BSEC warning code : 100

1 BSEC warning code : 100

1 BSEC warning code : 100

1 BSEC warning code : 100

1 BSEC warning code : 100

1 BSEC warning code : 100

1 BSEC warning code : 100

 ets Jan  8 2013,rst cause:1, boot mode:(3,6)

load 0x4010f000, len 1384, room 16 
tail 8
chksum 0x2d
csum 0x2d
v8b899c12
~ld


7.04
 0h00:00.280 1970/01/01T08:00:00z: SPIFFS Active
 0h00:03.954 2025/08/05T10:46:30z: a4:e5:7c:26:24:d4
 0h00:03.956 2025/08/05T10:46:30z: SSID: NothingButSunshine
1 BSEC warning code : 100

1 BSEC warning code : 100

1 BSEC warning code : 100

1 BSEC warning code : 100

1 BSEC warning code : 100

1 BSEC warning code : 100

1 BSEC warning code : 100

1 BSEC warning code : 100

1 BSEC warning code : 100

1 BSEC warning code : 100

 ets Jan  8 2013,rst cause:1, boot mode:(3,6)

load 0x4010f000, len 1384, room 16 
tail 8
chksum 0x2d
csum 0x2d
v8b899c12
~ld


7.04
 0h00:00.288 1970/01/01T08:00:00z: SPIFFS Active
 0h00:03.962 2025/08/05T11:06:13z: a4:e5:7c:26:24:d4
 0h00:03.963 2025/08/05T11:06:13z: SSID: NothingButSunshine
1 BSEC warning code : 100

1 BSEC warning code : 100

1 BSEC warning code : 100

1 BSEC warning code : 100

1 BSEC warning code : 100

1 BSEC warning code : 100

1 BSEC warning code : 100

1 BSEC warning code : 100

1 BSEC warning code : 100

1 BSEC warning code : 100

 ets Jan  8 2013,rst cause:1, boot mode:(3,6)

load 0x4010f000, len 1384, room 16 
tail 8
chksum 0x2d
csum 0x2d
v8b899c12
~ld


7.04
 0h00:00.280 1970/01/01T08:00:00z: SPIFFS Active
 0h00:03.954 2025/08/05T11:25:57z: a4:e5:7c:26:24:d4
 0h00:03.955 2025/08/05T11:25:57z: SSID: NothingButSunshine
1 BSEC warning code : 100

1 BSEC warning code : 100

1 BSEC warning code : 100

1 BSEC warning code : 100

1 BSEC warning code : 100

1 BSEC warning code : 100

1 BSEC warning code : 100

1 BSEC warning code : 100

1 BSEC warning code : 100

1 BSEC warning code : 100

 ets Jan  8 2013,rst cause:1, boot mode:(3,6)

load 0x4010f000, len 1384, room 16 
tail 8
chksum 0x2d
csum 0x2d
v8b899c12
~ld


7.04
 0h00:00.285 1970/01/01T08:00:00z: SPIFFS Active
 0h00:03.959 2025/08/05T11:45:41z: a4:e5:7c:26:24:d4
 0h00:03.961 2025/08/05T11:45:41z: SSID: NothingButSunshine
1 BSEC warning code : 100

1 BSEC warning code : 100

1 BSEC warning code : 100

1 BSEC warning code : 100

1 BSEC warning code : 100

1 BSEC warning code : 100

1 BSEC warning code : 100

1 BSEC warning code : 100

1 BSEC warning code : 100

1 BSEC warning code : 100

 ets Jan  8 2013,rst cause:1, boot mode:(3,6)

load 0x4010f000, len 1384, room 16 
tail 8
chksum 0x2d
csum 0x2d
v8b899c12
~ld


7.04
 0h00:00.290 1970/01/01T08:00:00z: SPIFFS Active
 0h00:03.964 2025/08/05T12:05:24z: a4:e5:7c:26:24:d4
 0h00:03.966 2025/08/05T12:05:24z: SSID: NothingButSunshine
1 BSEC warning code : 100

1 BSEC warning code : 100

1 BSEC warning code : 100

1 BSEC warning code : 100

1 BSEC warning code : 100

1 BSEC warning code : 100

1 BSEC warning code : 100

1 BSEC warning code : 100

1 BSEC warning code : 100

1 BSEC warning code : 100

 ets Jan  8 2013,rst cause:1, boot mode:(3,6)

load 0x4010f000, len 1384, room 16 
tail 8
chksum 0x2d
csum 0x2d
v8b899c12
~ld


7.04
 0h00:00.289 1970/01/01T08:00:00z: SPIFFS Active
 0h00:03.963 2025/08/05T12:25:08z: a4:e5:7c:26:24:d4
 0h00:03.965 2025/08/05T12:25:08z: SSID: NothingButSunshine
1 BSEC warning code : 100

1 BSEC warning code : 100

1 BSEC warning code : 100

1 BSEC warning code : 100

1 BSEC warning code : 100

1 BSEC warning code : 100

1 BSEC warning code : 100

1 BSEC warning code : 100

1 BSEC warning code : 100

1 BSEC warning code : 100

 ets Jan  8 2013,rst cause:1, boot mode:(3,6)

load 0x4010f000, len 1384, room 16 
tail 8
chksum 0x2d
csum 0x2d
v8b899c12
~ld


7.04
 0h00:00.290 1970/01/01T08:00:00z: SPIFFS Active
 0h00:03.964 2025/08/05T12:44:51z: a4:e5:7c:26:24:d4
 0h00:03.965 2025/08/05T12:44:51z: SSID: NothingButSunshine
1 BSEC warning code : 100

1 BSEC warning code : 100

1 BSEC warning code : 100

1 BSEC warning code : 100

1 BSEC warning code : 100

1 BSEC warning code : 100

1 BSEC warning code : 100

1 BSEC warning code : 100

1 BSEC warning code : 100

1 BSEC warning code : 100

 ets Jan  8 2013,rst cause:1, boot mode:(3,6)

load 0x4010f000, len 1384, room 16 
tail 8
chksum 0x2d
csum 0x2d
v8b899c12
~ld


7.04
 0h00:00.290 1970/01/01T08:00:00z: SPIFFS Active
 0h00:03.964 2025/08/05T13:04:35z: a4:e5:7c:26:24:d4
 0h00:03.966 2025/08/05T13:04:35z: SSID: NothingButSunshine
1 BSEC warning code : 100

1 BSEC warning code : 100

1 BSEC warning code : 100

1 BSEC warning code : 100

1 BSEC warning code : 100

1 BSEC warning code : 100

1 BSEC warning code : 100

1 BSEC warning code : 100

1 BSEC warning code : 100

1 BSEC warning code : 100

 ets Jan  8 2013,rst cause:1, boot mode:(3,6)

load 0x4010f000, len 1384, room 16 
tail 8
chksum 0x2d
csum 0x2d
v8b899c12
~ld


7.04
 0h00:00.285 1970/01/01T08:00:00z: SPIFFS Active
 0h00:03.959 2025/08/05T13:24:19z: a4:e5:7c:26:24:d4
 0h00:03.961 2025/08/05T13:24:19z: SSID: NothingButSunshine
1 BSEC warning code : 100

1 BSEC warning code : 100

1 BSEC warning code : 100

1 BSEC warning code : 100

1 BSEC warning code : 100

1 BSEC warning code : 100

1 BSEC warning code : 100

1 BSEC warning code : 100

1 BSEC warning code : 100

1 BSEC warning code : 100

 ets Jan  8 2013,rst cause:1, boot mode:(3,6)

load 0x4010f000, len 1384, room 16 
tail 8
chksum 0x2d
csum 0x2d
v8b899c12
~ld


7.04
 0h00:00.294 1970/01/01T08:00:00z: SPIFFS Active
 0h00:03.968 2025/08/05T13:44:03z: a4:e5:7c:26:24:d4
 0h00:03.969 2025/08/05T13:44:03z: SSID: NothingButSunshine
1 BSEC warning code : 100

1 BSEC warning code : 100

1 BSEC warning code : 100

1 BSEC warning code : 100

1 BSEC warning code : 100

1 BSEC warning code : 100

1 BSEC warning code : 100

1 BSEC warning code : 100

1 BSEC warning code : 100

1 BSEC warning code : 100

 ets Jan  8 2013,rst cause:1, boot mode:(3,6)

load 0x4010f000, len 1384, room 16 
tail 8
chksum 0x2d
csum 0x2d
v8b899c12
~ld


7.04
 0h00:00.289 1970/01/01T08:00:00z: SPIFFS Active
 0h00:03.963 2025/08/05T14:03:47z: a4:e5:7c:26:24:d4
 0h00:03.965 2025/08/05T14:03:47z: SSID: NothingButSunshine
1 BSEC warning code : 100

1 BSEC warning code : 100

1 BSEC warning code : 100

1 BSEC warning code : 100

1 BSEC warning code : 100

1 BSEC warning code : 100

1 BSEC warning code : 100

1 BSEC warning code : 100

1 BSEC warning code : 100

1 BSEC warning code : 100

 ets Jan  8 2013,rst cause:1, boot mode:(3,6)

load 0x4010f000, len 1384, room 16 
tail 8
chksum 0x2d
csum 0x2d
v8b899c12
~ld


7.04
 0h00:00.293 1970/01/01T08:00:00z: SPIFFS Active
 0h00:03.967 2025/08/05T14:23:31z: a4:e5:7c:26:24:d4
 0h00:03.969 2025/08/05T14:23:31z: SSID: NothingButSunshine
1 BSEC warning code : 100

1 BSEC warning code : 100

1 BSEC warning code : 100

1 BSEC warning code : 100

1 BSEC warning code : 100

1 BSEC warning code : 100

1 BSEC warning code : 100

1 BSEC warning code : 100

1 BSEC warning code : 100

1 BSEC warning code : 100

 ets Jan  8 2013,rst cause:1, boot mode:(3,6)

load 0x4010f000, len 1384, room 16 
tail 8
chksum 0x2d
csum 0x2d
v8b899c12
~ld


7.04
 0h00:00.287 1970/01/01T08:00:00z: SPIFFS Active
 0h00:03.962 2025/08/05T14:43:14z: a4:e5:7c:26:24:d4
 0h00:03.963 2025/08/05T14:43:14z: SSID: NothingButSunshine
1 BSEC warning code : 100

1 BSEC warning code : 100

1 BSEC warning code : 100

1 BSEC warning code : 100

1 BSEC warning code : 100

1 BSEC warning code : 100

1 BSEC warning code : 100

1 BSEC warning code : 100

1 BSEC warning code : 100

1 BSEC warning code : 100

 ets Jan  8 2013,rst cause:1, boot mode:(3,6)

load 0x4010f000, len 1384, room 16 
tail 8
chksum 0x2d
csum 0x2d
v8b899c12
~ld


7.04
 0h00:00.290 1970/01/01T08:00:00z: SPIFFS Active
 0h00:03.964 2025/08/05T15:02:58z: a4:e5:7c:26:24:d4
 0h00:03.966 2025/08/05T15:02:58z: SSID: NothingButSunshine
1 BSEC warning code : 100

1 BSEC warning code : 100

1 BSEC warning code : 100

1 BSEC warning code : 100

1 BSEC warning code : 100

1 BSEC warning code : 100

1 BSEC warning code : 100

1 BSEC warning code : 100

1 BSEC warning code : 100

1 BSEC warning code : 100

 ets Jan  8 2013,rst cause:1, boot mode:(3,6)

load 0x4010f000, len 1384, room 16 
tail 8
chksum 0x2d
csum 0x2d
v8b899c12
~ld


7.04
 0h00:00.292 1970/01/01T08:00:00z: SPIFFS Active
 0h00:03.966 2025/08/05T15:22:42z: a4:e5:7c:26:24:d4
 0h00:03.967 2025/08/05T15:22:42z: SSID: NothingButSunshine
1 BSEC warning code : 100

1 BSEC warning code : 100

1 BSEC warning code : 100

1 BSEC warning code : 100

1 BSEC warning code : 100

1 BSEC warning code : 100

1 BSEC warning code : 100

1 BSEC warning code : 100

1 BSEC warning code : 100

1 BSEC warning code : 100

 ets Jan  8 2013,rst cause:1, boot mode:(3,6)

load 0x4010f000, len 1384, room 16 
tail 8
chksum 0x2d
csum 0x2d
v8b899c12
~ld


7.04
 0h00:00.297 1970/01/01T08:00:00z: SPIFFS Active
 0h00:03.971 2025/08/05T15:42:25z: a4:e5:7c:26:24:d4
 0h00:03.973 2025/08/05T15:42:25z: SSID: NothingButSunshine
1 BSEC warning code : 100

1 BSEC warning code : 100

1 BSEC warning code : 100

1 BSEC warning code : 100

1 BSEC warning code : 100

1 BSEC warning code : 100

1 BSEC warning code : 100

1 BSEC warning code : 100

1 BSEC warning code : 100

1 BSEC warning code : 100

 ets Jan  8 2013,rst cause:1, boot mode:(3,6)

load 0x4010f000, len 1384, room 16 
tail 8
chksum 0x2d
csum 0x2d
v8b899c12
~ld


7.04
 0h00:00.286 1970/01/01T08:00:00z: SPIFFS Active
 0h00:03.960 2025/08/05T16:02:09z: a4:e5:7c:26:24:d4
 0h00:03.962 2025/08/05T16:02:09z: SSID: NothingButSunshine
1 BSEC warning code : 100

1 BSEC warning code : 100

1 BSEC warning code : 100

1 BSEC warning code : 100

1 BSEC warning code : 100

1 BSEC warning code : 100

1 BSEC warning code : 100

1 BSEC warning code : 100

1 BSEC warning code : 100

1 BSEC warning code : 100

 ets Jan  8 2013,rst cause:1, boot mode:(3,6)

load 0x4010f000, len 1384, room 16 
tail 8
chksum 0x2d
csum 0x2d
v8b899c12
~ld


7.04
 0h00:00.283 1970/01/01T08:00:00z: SPIFFS Active
 0h00:03.958 2025/08/05T16:21:52z: a4:e5:7c:26:24:d4
 0h00:03.959 2025/08/05T16:21:52z: SSID: NothingButSunshine
1 BSEC warning code : 100

1 BSEC warning code : 100

1 BSEC warning code : 100

1 BSEC warning code : 100

1 BSEC warning code : 100

1 BSEC warning code : 100

1 BSEC warning code : 100

1 BSEC warning code : 100

1 BSEC warning code : 100

1 BSEC warning code : 100

 ets Jan  8 2013,rst cause:1, boot mode:(3,6)

load 0x4010f000, len 1384, room 16 
tail 8
chksum 0x2d
csum 0x2d
v8b899c12
~ld


7.04
 0h00:00.288 1970/01/01T08:00:00z: SPIFFS Active
 0h00:03.963 2025/08/05T16:41:36z: a4:e5:7c:26:24:d4
 0h00:03.964 2025/08/05T16:41:36z: SSID: NothingButSunshine
1 BSEC warning code : 100

1 BSEC warning code : 100

1 BSEC warning code : 100

1 BSEC warning code : 100

1 BSEC warning code : 100

1 BSEC warning code : 100

1 BSEC warning code : 100

1 BSEC warning code : 100

1 BSEC warning code : 100

1 BSEC warning code : 100

 ets Jan  8 2013,rst cause:1, boot mode:(3,6)

load 0x4010f000, len 1384, room 16 
tail 8
chksum 0x2d
csum 0x2d
v8b899c12
~ld


7.04
 0h00:00.285 1970/01/01T08:00:00z: SPIFFS Active
 0h00:03.959 2025/08/05T17:01:19z: a4:e5:7c:26:24:d4
 0h00:03.961 2025/08/05T17:01:19z: SSID: NothingButSunshine
1 BSEC warning code : 100

1 BSEC warning code : 100

1 BSEC warning code : 100

1 BSEC warning code : 100

1 BSEC warning code : 100

1 BSEC warning code : 100

1 BSEC warning code : 100

1 BSEC warning code : 100

1 BSEC warning code : 100

1 BSEC warning code : 100

 ets Jan  8 2013,rst cause:1, boot mode:(3,6)

load 0x4010f000, len 1384, room 16 
tail 8
chksum 0x2d
csum 0x2d
v8b899c12
~ld


7.04
 0h00:00.289 1970/01/01T08:00:00z: SPIFFS Active
 0h00:03.964 2025/08/05T17:21:03z: a4:e5:7c:26:24:d4
 0h00:03.965 2025/08/05T17:21:03z: SSID: NothingButSunshine
1 BSEC warning code : 100

1 BSEC warning code : 100

1 BSEC warning code : 100

1 BSEC warning code : 100

1 BSEC warning code : 100

1 BSEC warning code : 100

1 BSEC warning code : 100

1 BSEC warning code : 100

1 BSEC warning code : 100

1 BSEC warning code : 100

 ets Jan  8 2013,rst cause:1, boot mode:(3,6)

load 0x4010f000, len 1384, room 16 
tail 8
chksum 0x2d
csum 0x2d
v8b899c12
~ld


7.04
 0h00:00.290 1970/01/01T08:00:00z: SPIFFS Active
 0h00:03.965 2025/08/05T17:40:47z: a4:e5:7c:26:24:d4
 0h00:03.966 2025/08/05T17:40:47z: SSID: NothingButSunshine
1 BSEC warning code : 100

1 BSEC warning code : 100

1 BSEC warning code : 100

1 BSEC warning code : 100

1 BSEC warning code : 100

1 BSEC warning code : 100

1 BSEC warning code : 100

1 BSEC warning code : 100

1 BSEC warning code : 100

1 BSEC warning code : 100

 ets Jan  8 2013,rst cause:1, boot mode:(3,6)

load 0x4010f000, len 1384, room 16 
tail 8
chksum 0x2d
csum 0x2d
v8b899c12
~ld


7.04
 0h00:00.288 1970/01/01T08:00:00z: SPIFFS Active
 0h00:03.962 2025/08/05T18:00:32z: a4:e5:7c:26:24:d4
 0h00:03.964 2025/08/05T18:00:32z: SSID: NothingButSunshine
1 BSEC warning code : 100

1 BSEC warning code : 100

1 BSEC warning code : 100

1 BSEC warning code : 100

1 BSEC warning code : 100

1 BSEC warning code : 100

1 BSEC warning code : 100

1 BSEC warning code : 100

1 BSEC warning code : 100

1 BSEC warning code : 100

 ets Jan  8 2013,rst cause:1, boot mode:(3,6)

load 0x4010f000, len 1384, room 16 
tail 8
chksum 0x2d
csum 0x2d
v8b899c12
~ld


7.04
 0h00:00.289 1970/01/01T08:00:00z: SPIFFS Active
 0h00:03.964 2025/08/05T18:20:17z: a4:e5:7c:26:24:d4
 0h00:03.965 2025/08/05T18:20:17z: SSID: NothingButSunshine
1 BSEC warning code : 100

1 BSEC warning code : 100

1 BSEC warning code : 100

1 BSEC warning code : 100

1 BSEC warning code : 100

1 BSEC warning code : 100

1 BSEC warning code : 100

1 BSEC warning code : 100

1 BSEC warning code : 100

1 BSEC warning code : 100

 ets Jan  8 2013,rst cause:1, boot mode:(3,6)

load 0x4010f000, len 1384, room 16 
tail 8
chksum 0x2d
csum 0x2d
v8b899c12
~ld


7.04
 0h00:00.287 1970/01/01T08:00:00z: SPIFFS Active
 0h00:03.961 2025/08/05T18:40:01z: a4:e5:7c:26:24:d4
 0h00:03.963 2025/08/05T18:40:01z: SSID: NothingButSunshine
1 BSEC warning code : 100

1 BSEC warning code : 100

1 BSEC warning code : 100

1 BSEC warning code : 100

1 BSEC warning code : 100

1 BSEC warning code : 100

1 BSEC warning code : 100

1 BSEC warning code : 100

1 BSEC warning code : 100

1 BSEC warning code : 100

 ets Jan  8 2013,rst cause:1, boot mode:(3,6)

load 0x4010f000, len 1384, room 16 
tail 8
chksum 0x2d
csum 0x2d
v8b899c12
~ld


7.04
 0h00:00.292 1970/01/01T08:00:00z: SPIFFS Active
 0h00:03.966 2025/08/05T18:59:45z: a4:e5:7c:26:24:d4
 0h00:03.967 2025/08/05T18:59:45z: SSID: NothingButSunshine
1 BSEC warning code : 100

1 BSEC warning code : 100

1 BSEC warning code : 100

1 BSEC warning code : 100

1 BSEC warning code : 100

1 BSEC warning code : 100

1 BSEC warning code : 100

1 BSEC warning code : 100

1 BSEC warning code : 100

1 BSEC warning code : 100

 ets Jan  8 2013,rst cause:1, boot mode:(3,6)

load 0x4010f000, len 1384, room 16 
tail 8
chksum 0x2d
csum 0x2d
v8b899c12
~ld


7.04
 0h00:00.290 1970/01/01T08:00:00z: SPIFFS Active
 0h00:03.965 2025/08/05T19:19:28z: a4:e5:7c:26:24:d4
 0h00:03.966 2025/08/05T19:19:28z: SSID: NothingButSunshine
1 BSEC warning code : 100

1 BSEC warning code : 100

1 BSEC warning code : 100

1 BSEC warning code : 100

1 BSEC warning code : 100

1 BSEC warning code : 100

1 BSEC warning code : 100

1 BSEC warning code : 100

1 BSEC warning code : 100

1 BSEC warning code : 100

 ets Jan  8 2013,rst cause:1, boot mode:(3,6)

load 0x4010f000, len 1384, room 16 
tail 8
chksum 0x2d
csum 0x2d
v8b899c12
~ld


7.04
 0h00:00.293 1970/01/01T08:00:00z: SPIFFS Active
 0h00:03.967 2025/08/05T19:39:11z: a4:e5:7c:26:24:d4
 0h00:03.969 2025/08/05T19:39:11z: SSID: NothingButSunshine
1 BSEC warning code : 100

1 BSEC warning code : 100

1 BSEC warning code : 100

1 BSEC warning code : 100

1 BSEC warning code : 100

1 BSEC warning code : 100

1 BSEC warning code : 100

1 BSEC warning code : 100

1 BSEC warning code : 100

1 BSEC warning code : 100

 ets Jan  8 2013,rst cause:1, boot mode:(3,6)

load 0x4010f000, len 1384, room 16 
tail 8
chksum 0x2d
csum 0x2d
v8b899c12
~ld


7.04
 0h00:00.294 1970/01/01T08:00:00z: SPIFFS Active
 0h00:03.968 2025/08/05T19:58:55z: a4:e5:7c:26:24:d4
 0h00:03.970 2025/08/05T19:58:55z: SSID: NothingButSunshine
1 BSEC warning code : 100

1 BSEC warning code : 100

1 BSEC warning code : 100

1 BSEC warning code : 100

1 BSEC warning code : 100

1 BSEC warning code : 100

1 BSEC warning code : 100

1 BSEC warning code : 100

1 BSEC warning code : 100

1 BSEC warning code : 100

 ets Jan  8 2013,rst cause:1, boot mode:(3,6)

load 0x4010f000, len 1384, room 16 
tail 8
chksum 0x2d
csum 0x2d
v8b899c12
~ld


7.04
 0h00:00.291 1970/01/01T08:00:00z: SPIFFS Active
 0h00:03.965 2025/08/05T20:18:39z: a4:e5:7c:26:24:d4
 0h00:03.967 2025/08/05T20:18:39z: SSID: NothingButSunshine
1 BSEC warning code : 100

1 BSEC warning code : 100

1 BSEC warning code : 100

1 BSEC warning code : 100

1 BSEC warning code : 100

1 BSEC warning code : 100

1 BSEC warning code : 100

1 BSEC warning code : 100

1 BSEC warning code : 100

1 BSEC warning code : 100

 ets Jan  8 2013,rst cause:1, boot mode:(3,6)

load 0x4010f000, len 1384, room 16 
tail 8
chksum 0x2d
csum 0x2d
v8b899c12
~ld


7.04
 0h00:00.296 1970/01/01T08:00:00z: SPIFFS Active
 0h00:03.970 2025/08/05T20:38:23z: a4:e5:7c:26:24:d4
 0h00:03.972 2025/08/05T20:38:23z: SSID: NothingButSunshine
1 BSEC warning code : 100

1 BSEC warning code : 100

1 BSEC warning code : 100

1 BSEC warning code : 100

1 BSEC warning code : 100

1 BSEC warning code : 100

1 BSEC warning code : 100

1 BSEC warning code : 100

1 BSEC warning code : 100

1 BSEC warning code : 100

 ets Jan  8 2013,rst cause:1, boot mode:(3,6)

load 0x4010f000, len 1384, room 16 
tail 8
chksum 0x2d
csum 0x2d
v8b899c12
~ld


7.04
 0h00:00.278 1970/01/01T08:00:00z: SPIFFS Active
 0h00:03.953 2025/08/05T20:58:07z: a4:e5:7c:26:24:d4
 0h00:03.954 2025/08/05T20:58:07z: SSID: NothingButSunshine
1 BSEC warning code : 100

1 BSEC warning code : 100

1 BSEC warning code : 100

1 BSEC warning code : 100

1 BSEC warning code : 100

1 BSEC warning code : 100

1 BSEC warning code : 100

1 BSEC warning code : 100

1 BSEC warning code : 100

1 BSEC warning code : 100

 ets Jan  8 2013,rst cause:1, boot mode:(3,6)

load 0x4010f000, len 1384, room 16 
tail 8
chksum 0x2d
csum 0x2d
v8b899c12
~ld


7.04
 0h00:00.282 1970/01/01T08:00:00z: SPIFFS Active
 0h00:03.957 2025/08/05T21:17:51z: a4:e5:7c:26:24:d4
 0h00:03.958 2025/08/05T21:17:51z: SSID: NothingButSunshine
1 BSEC warning code : 100

1 BSEC warning code : 100

1 BSEC warning code : 100

1 BSEC warning code : 100

1 BSEC warning code : 100

1 BSEC warning code : 100

1 BSEC warning code : 100

1 BSEC warning code : 100

1 BSEC warning code : 100

1 BSEC warning code : 100

 ets Jan  8 2013,rst cause:1, boot mode:(3,6)

load 0x4010f000, len 1384, room 16 
tail 8
chksum 0x2d
csum 0x2d
v8b899c12
~ld


7.04
 0h00:00.287 1970/01/01T08:00:00z: SPIFFS Active
 0h00:03.962 2025/08/05T21:37:35z: a4:e5:7c:26:24:d4
 0h00:03.963 2025/08/05T21:37:35z: SSID: NothingButSunshine
1 BSEC warning code : 100

1 BSEC warning code : 100

1 BSEC warning code : 100

1 BSEC warning code : 100

1 BSEC warning code : 100

1 BSEC warning code : 100

1 BSEC warning code : 100

1 BSEC warning code : 100

1 BSEC warning code : 100

1 BSEC warning code : 100

 ets Jan  8 2013,rst cause:1, boot mode:(3,6)

load 0x4010f000, len 1384, room 16 
tail 8
chksum 0x2d
csum 0x2d
v8b899c12
~ld


7.04
 0h00:00.279 1970/01/01T08:00:00z: SPIFFS Active
 0h00:03.954 2025/08/05T21:57:19z: a4:e5:7c:26:24:d4
 0h00:03.955 2025/08/05T21:57:19z: SSID: NothingButSunshine
1 BSEC warning code : 100

1 BSEC warning code : 100

1 BSEC warning code : 100

1 BSEC warning code : 100

1 BSEC warning code : 100

1 BSEC warning code : 100

1 BSEC warning code : 100

1 BSEC warning code : 100

1 BSEC warning code : 100

1 BSEC warning code : 100

 ets Jan  8 2013,rst cause:1, boot mode:(3,6)

load 0x4010f000, len 1384, room 16 
tail 8
chksum 0x2d
csum 0x2d
v8b899c12
~ld


7.04
 0h00:00.277 1970/01/01T08:00:00z: SPIFFS Active
 0h00:03.951 2025/08/05T22:17:03z: a4:e5:7c:26:24:d4
 0h00:03.953 2025/08/05T22:17:03z: SSID: NothingButSunshine
1 BSEC warning code : 100

1 BSEC warning code : 100

1 BSEC warning code : 100

1 BSEC warning code : 100

1 BSEC warning code : 100

1 BSEC warning code : 100

1 BSEC warning code : 100

1 BSEC warning code : 100

1 BSEC warning code : 100

1 BSEC warning code : 100

 ets Jan  8 2013,rst cause:1, boot mode:(3,6)

load 0x4010f000, len 1384, room 16 
tail 8
chksum 0x2d
csum 0x2d
v8b899c12
~ld


7.04
 0h00:00.292 1970/01/01T08:00:00z: SPIFFS Active
 0h00:03.967 2025/08/05T22:36:47z: a4:e5:7c:26:24:d4
 0h00:03.969 2025/08/05T22:36:47z: SSID: NothingButSunshine
1 BSEC warning code : 100

1 BSEC warning code : 100

1 BSEC warning code : 100

1 BSEC warning code : 100

1 BSEC warning code : 100

1 BSEC warning code : 100

1 BSEC warning code : 100

1 BSEC warning code : 100

1 BSEC warning code : 100

1 BSEC warning code : 100

 ets Jan  8 2013,rst cause:1, boot mode:(3,6)

load 0x4010f000, len 1384, room 16 
tail 8
chksum 0x2d
csum 0x2d
v8b899c12
~ld


7.04
 0h00:00.287 1970/01/01T08:00:00z: SPIFFS Active
 0h00:03.962 2025/08/05T22:56:30z: a4:e5:7c:26:24:d4
 0h00:03.963 2025/08/05T22:56:30z: SSID: NothingButSunshine
1 BSEC warning code : 100

1 BSEC warning code : 100

1 BSEC warning code : 100

1 BSEC warning code : 100

1 BSEC warning code : 100

1 BSEC warning code : 100

1 BSEC warning code : 100

1 BSEC warning code : 100

1 BSEC warning code : 100

1 BSEC warning code : 100

 ets Jan  8 2013,rst cause:1, boot mode:(3,6)

load 0x4010f000, len 1384, room 16 
tail 8
chksum 0x2d
csum 0x2d
v8b899c12
~ld


7.04
 0h00:00.285 1970/01/01T08:00:00z: SPIFFS Active
 0h00:03.960 2025/08/05T23:16:14z: a4:e5:7c:26:24:d4
 0h00:03.961 2025/08/05T23:16:14z: SSID: NothingButSunshine
1 BSEC warning code : 100

1 BSEC warning code : 100

1 BSEC warning code : 100

1 BSEC warning code : 100

1 BSEC warning code : 100

1 BSEC warning code : 100

1 BSEC warning code : 100

1 BSEC warning code : 100

1 BSEC warning code : 100

1 BSEC warning code : 100

 ets Jan  8 2013,rst cause:1, boot mode:(3,6)

load 0x4010f000, len 1384, room 16 
tail 8
chksum 0x2d
csum 0x2d
v8b899c12
~ld


7.04
 0h00:00.293 1970/01/01T08:00:00z: SPIFFS Active
 0h00:03.968 2025/08/05T23:35:58z: a4:e5:7c:26:24:d4
 0h00:03.969 2025/08/05T23:35:58z: SSID: NothingButSunshine
1 BSEC warning code : 100

1 BSEC warning code : 100

1 BSEC warning code : 100

1 BSEC warning code : 100

1 BSEC warning code : 100

1 BSEC warning code : 100

1 BSEC warning code : 100

1 BSEC warning code : 100

1 BSEC warning code : 100

1 BSEC warning code : 100

 ets Jan  8 2013,rst cause:1, boot mode:(3,6)

load 0x4010f000, len 1384, room 16 
tail 8
chksum 0x2d
csum 0x2d
v8b899c12
~ld


7.04
 0h00:00.292 1970/01/01T08:00:00z: SPIFFS Active
 0h00:03.966 2025/08/05T23:55:42z: a4:e5:7c:26:24:d4
 0h00:03.968 2025/08/05T23:55:42z: SSID: NothingButSunshine
1 BSEC warning code : 100

1 BSEC warning code : 100
