
1 BSEC warning code : 100

 ets Jan  8 2013,rst cause:4, boot mode:(3,7)

wdt reset
load 0x4010f000, len 1384, room 16 
tail 8
chksum 0x2d
csum 0x2d
v8b899c12
~ld


7.04
 0h00:00.275 1970/01/01T08:00:00z: SPIFFS Active
 0h00:03.949 2025/03/22T00:00:13z: a4:e5:7c:26:24:d4
 0h00:03.950 2025/03/22T00:00:13z: SSID: NothingButSunshine
1 BSEC warning code : 100

1 BSEC warning code : 100

1 BSEC warning code : 100

1 BSEC warning code : 100

1 BSEC warning code : 100

1 BSEC warning code : 100

1 BSEC warning code : 100

1 BSEC warning code : 100

1 BSEC warning code : 100

1 BSEC warning code : 100

 ets Jan  8 2013,rst cause:4, boot mode:(3,7)

wdt reset
load 0x4010f000, len 1384, room 16 
tail 8
chksum 0x2d
csum 0x2d
v8b899c12
~ld


7.04
 0h00:00.281 1970/01/01T08:00:00z: SPIFFS Active
 0h00:03.956 2025/03/22T00:19:55z: a4:e5:7c:26:24:d4
 0h00:03.957 2025/03/22T00:19:55z: SSID: NothingButSunshine
1 BSEC warning code : 100

1 BSEC warning code : 100

1 BSEC warning code : 100

1 BSEC warning code : 100

1 BSEC warning code : 100

1 BSEC warning code : 100

1 BSEC warning code : 100

1 BSEC warning code : 100

1 BSEC warning code : 100

1 BSEC warning code : 100

 ets Jan  8 2013,rst cause:4, boot mode:(3,7)

wdt reset
load 0x4010f000, len 1384, room 16 
tail 8
chksum 0x2d
csum 0x2d
v8b899c12
~ld


7.04
 0h00:00.277 1970/01/01T08:00:00z: SPIFFS Active
 0h00:03.952 2025/03/22T00:39:37z: a4:e5:7c:26:24:d4
 0h00:03.953 2025/03/22T00:39:37z: SSID: NothingButSunshine
1 BSEC warning code : 100

1 BSEC warning code : 100

1 BSEC warning code : 100

1 BSEC warning code : 100

1 BSEC warning code : 100

1 BSEC warning code : 100

1 BSEC warning code : 100

1 BSEC warning code : 100

1 BSEC warning code : 100

1 BSEC warning code : 100

 ets Jan  8 2013,rst cause:4, boot mode:(3,7)

wdt reset
load 0x4010f000, len 1384, room 16 
tail 8
chksum 0x2d
csum 0x2d
v8b899c12
~ld


7.04
 0h00:00.277 1970/01/01T08:00:00z: SPIFFS Active
 0h00:03.951 2025/03/22T00:59:19z: a4:e5:7c:26:24:d4
 0h00:03.953 2025/03/22T00:59:19z: SSID: NothingButSunshine
1 BSEC warning code : 100

1 BSEC warning code : 100

1 BSEC warning code : 100

1 BSEC warning code : 100

1 BSEC warning code : 100

1 BSEC warning code : 100

1 BSEC warning code : 100

1 BSEC warning code : 100

1 BSEC warning code : 100

1 BSEC warning code : 100

 ets Jan  8 2013,rst cause:4, boot mode:(3,7)

wdt reset
load 0x4010f000, len 1384, room 16 
tail 8
chksum 0x2d
csum 0x2d
v8b899c12
~ld


7.04
 0h00:00.278 1970/01/01T08:00:00z: SPIFFS Active
 0h00:03.952 2025/03/22T01:19:02z: a4:e5:7c:26:24:d4
 0h00:03.954 2025/03/22T01:19:02z: SSID: NothingButSunshine
1 BSEC warning code : 100

1 BSEC warning code : 100

1 BSEC warning code : 100

1 BSEC warning code : 100

1 BSEC warning code : 100

1 BSEC warning code : 100

1 BSEC warning code : 100

1 BSEC warning code : 100

1 BSEC warning code : 100

1 BSEC warning code : 100

 ets Jan  8 2013,rst cause:4, boot mode:(3,7)

wdt reset
load 0x4010f000, len 1384, room 16 
tail 8
chksum 0x2d
csum 0x2d
v8b899c12
~ld


7.04
 0h00:00.272 1970/01/01T08:00:00z: SPIFFS Active
 0h00:03.947 2025/03/22T01:38:44z: a4:e5:7c:26:24:d4
 0h00:03.948 2025/03/22T01:38:44z: SSID: NothingButSunshine
1 BSEC warning code : 100

1 BSEC warning code : 100

1 BSEC warning code : 100

1 BSEC warning code : 100

1 BSEC warning code : 100

1 BSEC warning code : 100

1 BSEC warning code : 100

1 BSEC warning code : 100

1 BSEC warning code : 100

1 BSEC warning code : 100

 ets Jan  8 2013,rst cause:4, boot mode:(3,7)

wdt reset
load 0x4010f000, len 1384, room 16 
tail 8
chksum 0x2d
csum 0x2d
v8b899c12
~ld


7.04
 0h00:00.282 1970/01/01T08:00:00z: SPIFFS Active
 0h00:03.956 2025/03/22T01:58:26z: a4:e5:7c:26:24:d4
 0h00:03.958 2025/03/22T01:58:26z: SSID: NothingButSunshine
1 BSEC warning code : 100

1 BSEC warning code : 100

1 BSEC warning code : 100

1 BSEC warning code : 100

1 BSEC warning code : 100

1 BSEC warning code : 100

1 BSEC warning code : 100

1 BSEC warning code : 100

1 BSEC warning code : 100

1 BSEC warning code : 100

 ets Jan  8 2013,rst cause:4, boot mode:(3,7)

wdt reset
load 0x4010f000, len 1384, room 16 
tail 8
chksum 0x2d
csum 0x2d
v8b899c12
~ld


7.04
 0h00:00.271 1970/01/01T08:00:00z: SPIFFS Active
 0h00:03.946 2025/03/22T02:18:09z: a4:e5:7c:26:24:d4
 0h00:03.947 2025/03/22T02:18:09z: SSID: NothingButSunshine
1 BSEC warning code : 100

1 BSEC warning code : 100

1 BSEC warning code : 100

1 BSEC warning code : 100

1 BSEC warning code : 100

1 BSEC warning code : 100

1 BSEC warning code : 100

1 BSEC warning code : 100

1 BSEC warning code : 100

1 BSEC warning code : 100

 ets Jan  8 2013,rst cause:4, boot mode:(3,7)

wdt reset
load 0x4010f000, len 1384, room 16 
tail 8
chksum 0x2d
csum 0x2d
v8b899c12
~ld


7.04
 0h00:00.275 1970/01/01T08:00:00z: SPIFFS Active
 0h00:03.950 2025/03/22T02:37:52z: a4:e5:7c:26:24:d4
 0h00:03.951 2025/03/22T02:37:52z: SSID: NothingButSunshine
1 BSEC warning code : 100

1 BSEC warning code : 100

1 BSEC warning code : 100

1 BSEC warning code : 100

1 BSEC warning code : 100

1 BSEC warning code : 100

1 BSEC warning code : 100

1 BSEC warning code : 100

1 BSEC warning code : 100

1 BSEC warning code : 100

 ets Jan  8 2013,rst cause:4, boot mode:(3,7)

wdt reset
load 0x4010f000, len 1384, room 16 
tail 8
chksum 0x2d
csum 0x2d
v8b899c12
~ld


7.04
 0h00:00.273 1970/01/01T08:00:00z: SPIFFS Active
 0h00:03.948 2025/03/22T02:57:34z: a4:e5:7c:26:24:d4
 0h00:03.950 2025/03/22T02:57:34z: SSID: NothingButSunshine
1 BSEC warning code : 100

1 BSEC warning code : 100

1 BSEC warning code : 100

1 BSEC warning code : 100

1 BSEC warning code : 100

1 BSEC warning code : 100

1 BSEC warning code : 100

1 BSEC warning code : 100

1 BSEC warning code : 100

1 BSEC warning code : 100

 ets Jan  8 2013,rst cause:4, boot mode:(3,7)

wdt reset
load 0x4010f000, len 1384, room 16 
tail 8
chksum 0x2d
csum 0x2d
v8b899c12
~ld


7.04
 0h00:00.274 1970/01/01T08:00:00z: SPIFFS Active
 0h00:03.948 2025/03/22T03:17:16z: a4:e5:7c:26:24:d4
 0h00:03.950 2025/03/22T03:17:16z: SSID: NothingButSunshine
1 BSEC warning code : 100

1 BSEC warning code : 100

1 BSEC warning code : 100

1 BSEC warning code : 100

1 BSEC warning code : 100

1 BSEC warning code : 100

1 BSEC warning code : 100

1 BSEC warning code : 100

1 BSEC warning code : 100

1 BSEC warning code : 100

 ets Jan  8 2013,rst cause:4, boot mode:(3,7)

wdt reset
load 0x4010f000, len 1384, room 16 
tail 8
chksum 0x2d
csum 0x2d
v8b899c12
~ld


7.04
 0h00:00.276 1970/01/01T08:00:00z: SPIFFS Active
 0h00:03.950 2025/03/22T03:36:59z: a4:e5:7c:26:24:d4
 0h00:03.952 2025/03/22T03:36:59z: SSID: NothingButSunshine
1 BSEC warning code : 100

1 BSEC warning code : 100

1 BSEC warning code : 100

1 BSEC warning code : 100

1 BSEC warning code : 100

1 BSEC warning code : 100

1 BSEC warning code : 100

1 BSEC warning code : 100

1 BSEC warning code : 100

1 BSEC warning code : 100

 ets Jan  8 2013,rst cause:4, boot mode:(3,7)

wdt reset
load 0x4010f000, len 1384, room 16 
tail 8
chksum 0x2d
csum 0x2d
v8b899c12
~ld


7.04
 0h00:00.281 1970/01/01T08:00:00z: SPIFFS Active
 0h00:03.956 2025/03/22T03:56:42z: a4:e5:7c:26:24:d4
 0h00:03.957 2025/03/22T03:56:42z: SSID: NothingButSunshine
1 BSEC warning code : 100

1 BSEC warning code : 100

1 BSEC warning code : 100

1 BSEC warning code : 100

1 BSEC warning code : 100

1 BSEC warning code : 100

1 BSEC warning code : 100

1 BSEC warning code : 100

1 BSEC warning code : 100

1 BSEC warning code : 100

 ets Jan  8 2013,rst cause:4, boot mode:(3,7)

wdt reset
load 0x4010f000, len 1384, room 16 
tail 8
chksum 0x2d
csum 0x2d
v8b899c12
~ld


7.04
 0h00:00.284 1970/01/01T08:00:00z: SPIFFS Active
 0h00:03.959 2025/03/22T04:16:24z: a4:e5:7c:26:24:d4
 0h00:03.961 2025/03/22T04:16:24z: SSID: NothingButSunshine
1 BSEC warning code : 100

1 BSEC warning code : 100

1 BSEC warning code : 100

1 BSEC warning code : 100

1 BSEC warning code : 100

1 BSEC warning code : 100

1 BSEC warning code : 100

1 BSEC warning code : 100

1 BSEC warning code : 100

1 BSEC warning code : 100

 ets Jan  8 2013,rst cause:4, boot mode:(3,7)

wdt reset
load 0x4010f000, len 1384, room 16 
tail 8
chksum 0x2d
csum 0x2d
v8b899c12
~ld


7.04
 0h00:00.280 1970/01/01T08:00:00z: SPIFFS Active
 0h00:03.954 2025/03/22T04:36:07z: a4:e5:7c:26:24:d4
 0h00:03.956 2025/03/22T04:36:07z: SSID: NothingButSunshine
 0h00:12.147 2025/03/22T04:36:15z: PMSX003-A (1186ms)
 0h00:13.104 2025/03/22T04:36:16z: PMSX003-B (955ms)
 0h00:13.106 2025/03/22T04:36:16z: 3.0+RV3028+BME68X+PMSX003-A+PMSX003-B
 0h00:14.121 2025/03/22T04:36:17z: p:997.25 gasR:4203181.00 iaq:50.41(0) T:8.24(11.24) H:81.85(48.31) sIaq:51.22(0) Stabilization:1 Run in:0
 0h00:14.732 2025/03/22T04:36:18z: DATA A(2),46,81,40,997.25,0.05,26448,0,14,2,3,8,2,3,8,13,13,432,132,26,8,6,3,51.22
 0h00:15.121 2025/03/22T04:36:18z: p:997.27 gasR:4206418.50 iaq:50.41(0) T:8.85(14.45) H:79.23(49.15) sIaq:51.22(0) Stabilization:1 Run in:0
 0h00:15.637 2025/03/22T04:36:19z: DATA A(3),47,79,40,997.27,0.05,26448,0,15,1,3,8,1,3,8,13,13,435,132,30,8,5,2,51.22
 0h00:16.121 2025/03/22T04:36:19z: p:997.32 gasR:4203181.00 iaq:50.41(0) T:9.66(15.26) H:75.04(49.37) sIaq:51.22(0) Stabilization:1 Run in:0
 0h00:16.472 2025/03/22T04:36:19z: DATA A(4),49,75,41,997.32,0.05,26448,0,16,1,3,8,1,3,8,13,13,435,132,30,8,5,2,51.22
 0h00:17.121 2025/03/22T04:36:20z: p:997.30 gasR:4265556.00 iaq:50.41(0) T:10.00(15.61) H:73.07(49.31) sIaq:51.22(0) Stabilization:1 Run in:0
 0h00:17.306 2025/03/22T04:36:20z: DATA A(5),50,73,41,997.30,0.05,26448,0,17,1,3,8,1,3,8,13,13,435,132,30,8,5,2,51.22
 0h00:18.121 2025/03/22T04:36:21z: p:997.33 gasR:4225948.00 iaq:50.41(0) T:10.20(15.80) H:71.80(49.15) sIaq:51.22(0) Stabilization:1 Run in:0
 0h00:18.211 2025/03/22T04:36:21z: DATA A(6),50,71,41,997.33,0.05,26448,0,18,1,3,8,1,3,8,13,13,426,128,32,9,5,2,51.22
 0h00:19.121 2025/03/22T04:36:22z: p:997.34 gasR:4203181.00 iaq:50.41(0) T:10.32(15.92) H:70.83(48.90) sIaq:51.22(0) Stabilization:1 Run in:0
 0h00:19.998 2025/03/22T04:36:23z: DATA B(2),50,70,40,997.34,0.05,26136,0,20,6246,6246,6246,4164,4164,4164,4292,2918,47625,12495,6,1,1,1,51.22
 0h00:20.121 2025/03/22T04:36:23z: p:997.33 gasR:4209661.00 iaq:50.41(0) T:10.42(16.02) H:70.06(48.68) sIaq:51.22(0) Stabilization:1 Run in:0
 0h00:20.833 2025/03/22T04:36:24z: DATA B(3),50,70,40,997.33,0.05,26448,0,20,6246,6246,6246,4164,4164,4164,4292,2918,47625,12495,6,1,1,1,51.22
 0h00:21.121 2025/03/22T04:36:24z: p:997.30 gasR:4309311.00 iaq:50.41(0) T:10.49(16.09) H:69.40(48.43) sIaq:51.22(0) Stabilization:1 Run in:0
 0h00:21.668 2025/03/22T04:36:25z: DATA B(4),50,69,40,997.30,0.05,26448,0,21,6246,6246,6246,4164,4164,4164,4292,2918,47625,12495,6,1,1,1,51.22
 0h00:22.121 2025/03/22T04:36:25z: p:997.28 gasR:4278924.00 iaq:50.41(0) T:10.55(16.15) H:68.84(48.20) sIaq:51.22(0) Stabilization:1 Run in:0
 0h00:22.554 2025/03/22T04:36:25z: DATA B(5),50,68,40,997.28,0.05,26448,0,22,6246,6246,6246,4164,4164,4164,4292,2918,47565,12469,5,1,1,1,51.22
 0h00:23.122 2025/03/22T04:36:26z: p:997.29 gasR:4222680.50 iaq:50.41(0) T:10.62(16.21) H:68.33(48.01) sIaq:51.22(0) Stabilization:1 Run in:0
 0h00:23.390 2025/03/22T04:36:26z: DATA B(6),51,68,40,997.29,0.05,26448,0,23,6246,6246,6246,4164,4164,4164,4292,2918,47565,12469,5,1,1,1,51.22
 0h00:24.122 2025/03/22T04:36:27z: p:997.28 gasR:4203181.00 iaq:50.41(0) T:10.64(16.24) H:67.98(47.79) sIaq:51.23(0) Stabilization:1 Run in:0
 0h00:25.026 2025/03/22T04:36:28z: DATA A(7),51,67,40,997.28,0.05,26448,0,25,1,3,6,1,3,6,13,13,405,122,29,8,4,1,51.23
 0h00:25.121 2025/03/22T04:36:28z: p:997.29 gasR:4309311.00 iaq:50.42(0) T:10.69(16.29) H:67.58(47.61) sIaq:51.23(0) Stabilization:1 Run in:0
 0h00:25.931 2025/03/22T04:36:29z: DATA A(8),51,67,40,997.29,0.05,26448,0,25,1,3,5,1,3,5,13,13,366,107,24,7,3,1,51.23
 0h00:26.121 2025/03/22T04:36:29z: p:997.29 gasR:4322955.00 iaq:50.42(0) T:10.72(16.32) H:67.27(47.41) sIaq:51.23(0) Stabilization:1 Run in:0
 0h00:26.765 2025/03/22T04:36:30z: DATA A(9),51,67,40,997.29,0.05,26448,0,26,1,3,5,1,3,5,13,13,366,107,24,7,3,1,51.23
 0h00:27.121 2025/03/22T04:36:30z: p:997.31 gasR:4322955.00 iaq:50.42(0) T:10.75(16.36) H:66.95(47.24) sIaq:51.23(0) Stabilization:1 Run in:0
 0h00:27.600 2025/03/22T04:36:30z: DATA A(10),51,66,40,997.31,0.05,26448,0,27,1,3,5,1,3,5,13,13,366,107,24,7,3,1,51.23
 0h00:28.121 2025/03/22T04:36:31z: p:997.32 gasR:4285639.50 iaq:50.42(0) T:10.78(16.39) H:66.68(47.08) sIaq:51.23(0) Stabilization:1 Run in:0
 0h00:28.505 2025/03/22T04:36:31z: DATA A(11),51,66,40,997.32,0.05,26448,0,28,1,3,5,1,3,5,13,13,360,105,24,7,2,1,51.23
 0h00:29.121 2025/03/22T04:36:32z: p:997.35 gasR:4258903.00 iaq:50.42(0) T:10.82(16.42) H:66.44(46.95) sIaq:51.24(0) Stabilization:1 Run in:0
 0h00:29.385 2025/03/22T04:36:32z: DATA B(7),51,66,40,997.35,0.05,26448,0,29,6246,6246,6246,4164,4164,4164,4292,2918,47505,12280,4,1,1,1,51.24
 0h00:30.122 2025/03/22T04:36:33z: p:997.36 gasR:4272229.50 iaq:50.42(0) T:10.83(16.44) H:66.25(46.80) sIaq:51.24(0) Stabilization:1 Run in:0
 0h00:30.300 2025/03/22T04:36:33z: DATA B(8),51,66,40,997.36,0.05,26448,0,30,6246,6246,6246,4164,4164,4164,4292,2918,47112,12145,4,1,1,1,51.24
 0h00:31.122 2025/03/22T04:36:34z: p:997.33 gasR:4245659.50 iaq:50.42(0) T:10.85(16.45) H:66.10(46.67) sIaq:51.24(0) Stabilization:1 Run in:0
 0h00:31.138 2025/03/22T04:36:34z: DATA B(9),51,66,40,997.33,0.05,26448,0,31,6246,6246,6246,4164,4164,4164,4292,2918,47112,12145,4,1,1,1,51.24
 0h00:31.971 2025/03/22T04:36:35z: DATA B(10),51,66,40,997.33,0.05,26448,0,31,6231,6231,6231,4153,4153,4153,4282,2911,47112,12145,4,1,1,1,51.24
 0h00:32.121 2025/03/22T04:36:35z: p:997.32 gasR:4319536.00 iaq:50.42(0) T:10.86(16.46) H:65.92(46.53) sIaq:51.24(0) Stabilization:1 Run in:0
 0h00:32.890 2025/03/22T04:36:36z: DATA B(11),51,65,40,997.32,0.05,26448,0,32,6231,6231,6231,4153,4153,4153,4282,2911,46908,12080,4,2,2,2,51.24
 0h00:33.121 2025/03/22T04:36:36z: p:997.31 gasR:4343584.50 iaq:50.42(0) T:10.88(16.48) H:65.82(46.46) sIaq:51.24(0) Stabilization:1 Run in:0
 0h00:34.121 2025/03/22T04:36:37z: p:997.30 gasR:4292376.00 iaq:50.42(0) T:10.89(16.50) H:65.68(46.35) sIaq:51.25(0) Stabilization:1 Run in:0
 0h00:35.121 2025/03/22T04:36:38z: p:997.28 gasR:4295752.50 iaq:50.42(0) T:10.92(16.52) H:65.56(46.27) sIaq:51.25(0) Stabilization:1 Run in:0
 0h00:35.320 2025/03/22T04:36:38z: DATA A(12),51,65,39,997.28,0.05,26448,0,35,1,3,4,1,3,4,13,13,417,118,22,6,1,0,51.25
 0h00:36.121 2025/03/22T04:36:39z: p:997.29 gasR:4336686.00 iaq:50.42(0) T:10.94(16.54) H:65.41(46.17) sIaq:51.25(0) Stabilization:1 Run in:0
 0h00:36.225 2025/03/22T04:36:39z: DATA A(13),51,65,39,997.29,0.05,26448,0,36,1,3,4,1,3,4,13,13,396,111,18,4,1,1,51.25
 0h00:37.059 2025/03/22T04:36:40z: DATA A(14),51,65,39,997.29,0.05,26448,0,37,1,3,4,1,3,4,13,13,396,111,18,4,1,1,51.25
 0h00:37.121 2025/03/22T04:36:40z: p:997.30 gasR:4336686.00 iaq:50.42(0) T:10.95(16.55) H:65.36(46.11) sIaq:51.25(0) Stabilization:1 Run in:0
 0h00:37.894 2025/03/22T04:36:41z: DATA A(15),51,65,39,997.30,0.05,26448,0,37,1,3,4,1,3,4,13,13,396,111,18,4,1,1,51.25
 0h00:38.121 2025/03/22T04:36:41z: p:997.33 gasR:4285639.50 iaq:50.43(0) T:10.96(16.56) H:65.30(46.03) sIaq:51.26(0) Stabilization:1 Run in:0
 0h00:39.122 2025/03/22T04:36:42z: p:997.34 gasR:4316122.00 iaq:50.43(0) T:10.96(16.57) H:65.27(45.98) sIaq:51.26(0) Stabilization:1 Run in:0
 0h00:39.700 2025/03/22T04:36:43z: DATA B(12),51,65,39,997.34,0.05,26448,0,39,6246,6246,6246,4164,4164,4164,4292,2918,46965,11991,11,2,2,2,51.26
 0h00:40.122 2025/03/22T04:36:43z: p:997.37 gasR:4343584.50 iaq:50.43(0) T:10.98(16.58) H:65.20(45.92) sIaq:51.26(0) Stabilization:1 Run in:0
 0h00:40.612 2025/03/22T04:36:44z: DATA B(13),51,65,39,997.37,0.05,26448,0,40,6246,6246,6246,4164,4164,4164,4292,2918,46923,12001,14,2,2,2,51.26
 0h00:41.121 2025/03/22T04:36:44z: p:997.37 gasR:4343584.50 iaq:50.43(0) T:10.98(16.58) H:65.20(45.88) sIaq:51.26(0) Stabilization:1 Run in:0
 0h00:41.447 2025/03/22T04:36:44z: DATA B(14),51,65,39,997.37,0.05,26448,0,41,6246,6246,6246,4164,4164,4164,4292,2918,46923,12001,14,2,2,2,51.26
 0h00:42.121 2025/03/22T04:36:45z: p:997.39 gasR:4326379.50 iaq:50.43(0) T:10.99(16.59) H:65.14(45.83) sIaq:51.27(0) Stabilization:1 Run in:0
 0h00:42.283 2025/03/22T04:36:45z: DATA B(15),51,65,39,997.39,0.05,26448,0,42,6246,6246,6246,4164,4164,4164,4292,2918,46923,12001,14,2,2,2,51.27
 0h00:43.121 2025/03/22T04:36:46z: p:997.39 gasR:4326379.50 iaq:50.43(0) T:11.00(16.60) H:65.08(45.77) sIaq:51.27(0) Stabilization:1 Run in:0
 0h00:43.170 2025/03/22T04:36:46z: DATA B(16),51,65,39,997.39,0.05,26448,0,43,6246,6246,6246,4164,4164,4164,4292,2918,46977,12074,14,2,2,2,51.27
 0h00:44.122 2025/03/22T04:36:47z: p:997.40 gasR:4319536.00 iaq:50.43(0) T:11.01(16.61) H:65.05(45.73) sIaq:51.27(0) Stabilization:1 Run in:0
 0h00:44.780 2025/03/22T04:36:48z: DATA A(16),51,65,39,997.40,0.05,26448,0,44,1,2,4,1,2,4,8,8,423,120,12,3,2,1,51.27
 0h00:45.121 2025/03/22T04:36:48z: p:997.39 gasR:4343584.50 iaq:50.43(0) T:11.02(16.62) H:65.02(45.71) sIaq:51.28(0) Stabilization:1 Run in:0
 0h00:45.614 2025/03/22T04:36:49z: DATA A(17),51,65,39,997.39,0.05,26448,0,45,1,2,4,1,2,4,8,8,423,120,12,3,2,1,51.28
 0h00:46.122 2025/03/22T04:36:49z: p:997.37 gasR:4343584.50 iaq:50.43(0) T:11.03(16.63) H:64.98(45.67) sIaq:51.28(0) Stabilization:1 Run in:0
 0h00:46.519 2025/03/22T04:36:49z: DATA A(18),51,64,39,997.37,0.05,26448,0,46,1,2,4,1,2,4,8,8,429,122,13,3,2,1,51.28
 0h00:47.122 2025/03/22T04:36:50z: p:997.36 gasR:4350504.50 iaq:50.43(0) T:11.04(16.65) H:64.92(45.63) sIaq:51.28(0) Stabilization:1 Run in:0
 0h00:47.353 2025/03/22T04:36:50z: DATA A(19),51,64,39,997.36,0.05,26448,0,47,1,2,4,1,2,4,8,8,429,122,13,3,2,1,51.28
 0h00:48.122 2025/03/22T04:36:51z: p:997.34 gasR:4329809.50 iaq:50.43(0) T:11.06(16.67) H:64.86(45.60) sIaq:51.28(0) Stabilization:1 Run in:0
 0h00:48.187 2025/03/22T04:36:51z: DATA A(20),51,64,39,997.34,0.05,26448,0,48,1,2,4,1,2,4,8,8,429,122,13,3,2,1,51.28
 0h00:49.122 2025/03/22T04:36:52z: p:997.35 gasR:4347041.50 iaq:50.43(0) T:11.08(16.68) H:64.85(45.60) sIaq:51.29(0) Stabilization:1 Run in:0
 0h00:49.945 2025/03/22T04:36:53z: DATA B(17),51,64,39,997.35,0.05,26448,0,49,6246,6246,6246,4164,4164,4164,4292,2918,47157,12096,15,2,2,2,51.29
 0h00:50.121 2025/03/22T04:36:53z: p:997.35 gasR:4312714.00 iaq:50.44(0) T:11.09(16.69) H:64.81(45.57) sIaq:51.29(0) Stabilization:1 Run in:0
 0h00:50.857 2025/03/22T04:36:54z: DATA B(18),51,64,39,997.35,0.05,26448,0,50,6246,6246,6246,4164,4164,4164,4292,2918,47073,12122,16,2,2,2,51.29
 0h00:51.122 2025/03/22T04:36:54z: p:997.36 gasR:4312714.00 iaq:50.44(0) T:11.11(16.71) H:64.79(45.56) sIaq:51.30(0) Stabilization:1 Run in:0
 0h00:51.692 2025/03/22T04:36:55z: DATA B(19),51,64,39,997.36,0.05,26448,0,51,6246,6246,6246,4164,4164,4164,4292,2918,47073,12122,16,2,2,2,51.30
 0h00:52.121 2025/03/22T04:36:55z: p:997.40 gasR:4340132.50 iaq:50.44(0) T:11.14(16.74) H:64.75(45.58) sIaq:51.30(0) Stabilization:1 Run in:0
 0h00:52.528 2025/03/22T04:36:55z: DATA B(20),52,64,40,997.40,0.05,26448,0,52,6246,6246,6246,4164,4164,4164,4292,2918,47073,12122,16,2,2,2,51.30
 0h00:53.121 2025/03/22T04:36:56z: p:997.39 gasR:4336686.00 iaq:50.44(0) T:11.14(16.74) H:64.79(45.56) sIaq:51.30(0) Stabilization:1 Run in:0
 0h00:53.436 2025/03/22T04:36:56z: DATA B(21),52,64,40,997.39,0.05,26448,0,53,6246,6246,6246,4164,4164,4164,4292,2918,47097,12173,17,2,2,2,51.30
 0h00:54.121 2025/03/22T04:36:57z: p:997.40 gasR:4312714.00 iaq:50.44(0) T:11.15(16.76) H:64.73(45.53) sIaq:51.31(0) Stabilization:1 Run in:0
 0h00:55.073 2025/03/22T04:36:58z: DATA A(21),52,64,40,997.40,0.05,26448,0,55,2,3,5,2,3,5,13,13,459,132,18,5,4,3,51.31
 0h00:55.121 2025/03/22T04:36:58z: p:997.38 gasR:4326379.50 iaq:50.44(0) T:11.17(16.77) H:64.75(45.54) sIaq:51.31(0) Stabilization:1 Run in:0
 0h00:55.908 2025/03/22T04:36:59z: DATA A(22),52,64,40,997.38,0.05,26448,0,55,2,3,5,2,3,5,13,13,459,132,18,5,4,3,51.31
 0h00:56.121 2025/03/22T04:36:59z: p:997.37 gasR:4268890.00 iaq:50.45(0) T:11.19(16.79) H:64.70(45.52) sIaq:51.32(0) Stabilization:1 Run in:0
 0h00:56.812 2025/03/22T04:37:00z: DATA A(23),52,64,40,997.37,0.05,26448,0,56,2,3,5,2,3,5,13,13,477,134,18,5,4,3,51.32
 0h00:57.121 2025/03/22T04:37:00z: p:997.37 gasR:4305913.50 iaq:50.45(0) T:11.20(16.81) H:64.70(45.52) sIaq:51.33(0) Stabilization:1 Run in:0
 0h00:57.647 2025/03/22T04:37:01z: DATA A(24),52,64,40,997.37,0.05,26448,0,57,2,3,5,2,3,5,13,13,477,134,18,5,4,3,51.33
 0h00:58.122 2025/03/22T04:37:01z: p:997.35 gasR:4312714.00 iaq:50.45(0) T:11.22(16.82) H:64.69(45.52) sIaq:51.33(0) Stabilization:1 Run in:0
 0h00:58.481 2025/03/22T04:37:01z: DATA A(25),52,64,40,997.35,0.05,26448,0,58,2,3,5,2,3,5,13,13,477,134,18,5,4,3,51.33
 0h00:59.121 2025/03/22T04:37:02z: p:997.35 gasR:4295752.50 iaq:50.45(0) T:11.23(16.83) H:64.71(45.52) sIaq:51.34(0) Stabilization:1 Run in:0
 0h01:00.122 2025/03/22T04:37:03z: p:997.35 gasR:4302521.00 iaq:50.46(0) T:11.23(16.83) H:64.76(45.52) sIaq:51.35(0) Stabilization:1 Run in:0
 0h01:00.181 2025/03/22T04:37:03z: DATA B(22),52,64,40,997.35,0.05,26448,0,60,6246,6246,6246,4164,4164,4164,4292,2918,48135,12415,17,1,1,1,51.35
 0h01:01.063 2025/03/22T04:37:04z: DATA B(23),52,64,40,997.35,0.05,26448,0,61,6246,6246,6246,4164,4164,4164,4292,2918,48384,12459,10,0,0,0,51.35
 0h01:01.121 2025/03/22T04:37:04z: p:997.36 gasR:4292376.00 iaq:50.46(0) T:11.23(16.83) H:64.84(45.54) sIaq:51.36(0) Stabilization:1 Run in:0
 0h01:01.899 2025/03/22T04:37:05z: DATA B(24),52,64,40,997.36,0.05,26448,0,61,6246,6246,6246,4164,4164,4164,4292,2918,48384,12459,10,0,0,0,51.36
 0h01:02.122 2025/03/22T04:37:05z: p:997.37 gasR:4309311.00 iaq:50.46(0) T:11.24(16.84) H:64.87(45.56) sIaq:51.36(0) Stabilization:1 Run in:0
 0h01:02.734 2025/03/22T04:37:06z: DATA B(25),52,64,40,997.37,0.05,26448,0,62,6246,6246,6246,4164,4164,4164,4292,2918,48384,12459,10,0,0,0,51.36
 0h01:03.121 2025/03/22T04:37:06z: p:997.35 gasR:4319536.00 iaq:50.46(0) T:11.24(16.84) H:64.92(45.55) sIaq:51.37(0) Stabilization:1 Run in:0
 0h01:03.587 2025/03/22T04:37:06z: DATA B(26),52,64,40,997.35,0.05,26448,0,63,6246,6246,6246,4164,4164,4164,4292,2918,48732,12610,10,0,0,0,51.37
 0h01:04.121 2025/03/22T04:37:07z: p:997.35 gasR:4305913.50 iaq:50.47(0) T:11.25(16.85) H:64.93(45.56) sIaq:51.38(0) Stabilization:1 Run in:0
 0h01:05.121 2025/03/22T04:37:08z: p:997.35 gasR:4295752.50 iaq:50.47(0) T:11.26(16.86) H:64.94(45.57) sIaq:51.38(0) Stabilization:1 Run in:0
 0h01:05.367 2025/03/22T04:37:08z: DATA A(26),52,64,40,997.35,0.05,26448,0,65,1,2,4,1,2,4,8,8,381,110,15,5,3,2,51.38
 0h01:06.121 2025/03/22T04:37:09z: p:997.35 gasR:4309311.00 iaq:50.47(0) T:11.26(16.87) H:64.94(45.55) sIaq:51.39(0) Stabilization:1 Run in:0
 0h01:06.201 2025/03/22T04:37:09z: DATA A(27),52,64,40,997.35,0.05,26448,0,66,1,2,4,1,2,4,8,8,381,110,15,5,3,2,51.39
 0h01:07.106 2025/03/22T04:37:10z: DATA A(28),52,64,40,997.35,0.05,26448,0,67,1,2,4,1,2,4,8,8,399,116,15,5,3,2,51.39
 0h01:07.128 2025/03/22T04:37:10z: p:997.37 gasR:4285639.50 iaq:50.47(0) T:11.32(16.88) H:64.74(45.56) sIaq:51.40(0) Stabilization:1 Run in:0
 0h01:07.940 2025/03/22T04:37:11z: DATA A(29),52,64,40,997.37,0.05,26448,0,67,1,2,4,1,2,4,8,8,399,116,15,5,3,2,51.40
 0h01:08.127 2025/03/22T04:37:11z: p:997.34 gasR:4322955.00 iaq:50.47(0) T:11.24(16.84) H:65.12(45.53) sIaq:51.40(0) Stabilization:1 Run in:0
 0h01:08.774 2025/03/22T04:37:12z: DATA A(30),52,65,40,997.34,0.05,26448,0,68,1,2,4,1,2,4,8,8,399,116,15,5,3,2,51.40
 0h01:09.128 2025/03/22T04:37:12z: p:997.36 gasR:4312714.00 iaq:50.48(0) T:11.27(16.87) H:65.03(45.54) sIaq:51.41(0) Stabilization:1 Run in:0
 0h01:10.127 2025/03/22T04:37:13z: p:997.34 gasR:4329809.50 iaq:50.48(0) T:11.27(16.87) H:65.02(45.51) sIaq:51.41(0) Stabilization:1 Run in:0
 0h01:10.402 2025/03/22T04:37:13z: DATA B(27),52,65,40,997.34,0.05,26448,0,70,6246,6246,6246,4164,4164,4164,4292,2918,48693,12503,7,0,0,0,51.41
 0h01:11.127 2025/03/22T04:37:14z: p:997.39 gasR:4381920.50 iaq:50.48(0) T:11.27(16.87) H:65.00(45.49) sIaq:51.41(0) Stabilization:1 Run in:0
 0h01:11.254 2025/03/22T04:37:14z: DATA B(28),52,65,40,997.39,0.05,26448,0,71,6246,6246,6246,4164,4164,4164,4292,2918,48909,12511,9,0,0,0,51.41
 0h01:12.089 2025/03/22T04:37:15z: DATA B(29),52,65,40,997.39,0.05,26448,0,72,6246,6246,6246,4164,4164,4164,4292,2918,48909,12511,9,0,0,0,51.41
 0h01:12.127 2025/03/22T04:37:15z: p:997.41 gasR:4329809.50 iaq:50.48(0) T:11.27(16.87) H:65.02(45.47) sIaq:51.41(0) Stabilization:1 Run in:0
 0h01:12.925 2025/03/22T04:37:16z: DATA B(30),52,65,40,997.41,0.05,26448,0,72,6246,6246,6246,4164,4164,4164,4292,2918,48909,12511,9,0,0,0,51.41
 0h01:13.127 2025/03/22T04:37:16z: p:997.35 gasR:4360926.50 iaq:50.48(0) T:11.27(16.87) H:65.04(45.47) sIaq:51.41(0) Stabilization:1 Run in:0
 0h01:13.809 2025/03/22T04:37:17z: DATA B(31),52,65,40,997.35,0.05,26448,0,73,6246,6246,6246,4164,4164,4164,4292,2918,48873,12503,8,0,0,0,51.41
 0h01:14.127 2025/03/22T04:37:17z: p:997.34 gasR:4319536.00 iaq:50.48(0) T:11.28(16.88) H:64.98(45.45) sIaq:51.41(0) Stabilization:1 Run in:0
 0h01:15.127 2025/03/22T04:37:18z: p:997.31 gasR:4322955.00 iaq:50.48(0) T:11.26(16.86) H:65.03(45.41) sIaq:51.42(0) Stabilization:1 Run in:0
 0h01:15.660 2025/03/22T04:37:19z: DATA A(31),52,65,40,997.31,0.05,26448,0,75,1,2,3,1,2,3,8,8,348,102,11,3,2,2,51.42
 0h01:16.128 2025/03/22T04:37:19z: p:997.32 gasR:4319536.00 iaq:50.48(0) T:11.26(16.86) H:65.06(45.40) sIaq:51.43(0) Stabilization:1 Run in:0
 0h01:16.494 2025/03/22T04:37:19z: DATA A(32),52,65,40,997.32,0.05,26448,0,76,1,2,3,1,2,3,8,8,348,102,11,3,2,2,51.43
 0h01:17.128 2025/03/22T04:37:20z: p:997.31 gasR:4322955.00 iaq:50.49(0) T:11.26(16.86) H:65.04(45.39) sIaq:51.44(0) Stabilization:1 Run in:0
 0h01:17.399 2025/03/22T04:37:20z: DATA A(33),52,65,40,997.31,0.05,26448,0,77,1,2,2,1,2,2,8,8,324,96,9,2,1,1,51.44
 0h01:18.127 2025/03/22T04:37:21z: p:997.30 gasR:4326379.50 iaq:50.49(0) T:11.25(16.85) H:65.08(45.36) sIaq:51.44(0) Stabilization:1 Run in:0
 0h01:18.233 2025/03/22T04:37:21z: DATA A(34),52,65,40,997.30,0.05,26448,0,78,1,2,2,1,2,2,8,8,324,96,9,2,1,1,51.44
 0h01:19.067 2025/03/22T04:37:22z: DATA A(35),52,65,40,997.30,0.05,26448,0,79,1,2,2,1,2,2,8,8,324,96,9,2,1,1,51.44
 0h01:19.127 2025/03/22T04:37:22z: p:997.31 gasR:4340132.50 iaq:50.49(0) T:11.25(16.85) H:65.06(45.36) sIaq:51.45(0) Stabilization:1 Run in:0
 0h01:20.127 2025/03/22T04:37:23z: p:997.32 gasR:4343584.50 iaq:50.49(0) T:11.24(16.85) H:65.03(45.31) sIaq:51.45(0) Stabilization:1 Run in:0
 0h01:20.617 2025/03/22T04:37:24z: DATA B(32),52,65,40,997.32,0.05,26448,0,80,6246,6246,6246,4164,4164,4164,4292,2918,49032,12591,8,0,0,0,51.45
 0h01:21.127 2025/03/22T04:37:24z: p:997.34 gasR:4381920.50 iaq:50.49(0) T:11.25(16.85) H:64.98(45.28) sIaq:51.44(0) Stabilization:1 Run in:0
 0h01:21.467 2025/03/22T04:37:24z: DATA B(33),52,64,40,997.34,0.05,26448,0,81,6246,6246,6246,4164,4164,4164,4292,2918,49422,12689,9,0,0,0,51.44
 0h01:22.127 2025/03/22T04:37:25z: p:997.33 gasR:4347041.50 iaq:50.49(0) T:11.24(16.84) H:64.99(45.26) sIaq:51.44(0) Stabilization:1 Run in:0
 0h01:22.302 2025/03/22T04:37:25z: DATA B(34),52,64,40,997.33,0.05,26448,0,82,6246,6246,6246,4164,4164,4164,4292,2918,49422,12689,9,0,0,0,51.44
 0h01:23.129 2025/03/22T04:37:26z: p:997.34 gasR:4399570.50 iaq:50.48(0) T:11.23(16.84) H:64.98(45.23) sIaq:51.43(0) Stabilization:1 Run in:0
 0h01:23.145 2025/03/22T04:37:26z: DATA B(35),52,64,40,997.34,0.05,26448,0,83,6246,6246,6246,4164,4164,4164,4292,2918,49422,12689,9,0,0,0,51.43
 0h01:24.057 2025/03/22T04:37:27z: DATA B(36),52,64,40,997.34,0.05,26448,0,84,6246,6246,6246,4164,4164,4164,4292,2918,48102,12400,13,0,0,0,51.43
 0h01:24.127 2025/03/22T04:37:27z: p:997.35 gasR:4336686.00 iaq:50.49(0) T:11.23(16.83) H:64.97(45.20) sIaq:51.44(0) Stabilization:1 Run in:0
 0h01:25.127 2025/03/22T04:37:28z: p:997.35 gasR:4357447.00 iaq:50.49(0) T:11.24(16.84) H:64.90(45.18) sIaq:51.44(0) Stabilization:1 Run in:0
 0h01:25.953 2025/03/22T04:37:29z: DATA A(36),52,64,40,997.35,0.05,26448,0,85,1,1,2,1,1,2,4,4,312,90,13,1,1,1,51.44
 0h01:26.128 2025/03/22T04:37:29z: p:997.34 gasR:4340132.50 iaq:50.49(0) T:11.22(16.82) H:64.92(45.13) sIaq:51.45(0) Stabilization:1 Run in:0
 0h01:26.787 2025/03/22T04:37:30z: DATA A(37),52,64,40,997.34,0.05,26448,0,86,1,1,2,1,1,2,4,4,312,90,13,1,1,1,51.45
 0h01:27.127 2025/03/22T04:37:30z: p:997.33 gasR:4347041.50 iaq:50.49(0) T:11.20(16.80) H:64.97(45.12) sIaq:51.46(0) Stabilization:1 Run in:0
 0h01:27.692 2025/03/22T04:37:31z: DATA A(38),52,64,40,997.33,0.05,26448,0,87,1,2,3,1,2,3,8,8,324,94,14,2,1,1,51.46
 0h01:28.128 2025/03/22T04:37:31z: p:997.33 gasR:4364411.50 iaq:50.49(0) T:11.19(16.79) H:64.93(45.08) sIaq:51.46(0) Stabilization:1 Run in:0
 0h01:28.526 2025/03/22T04:37:31z: DATA A(39),52,64,40,997.33,0.05,26448,0,88,1,2,3,1,2,3,8,8,324,94,14,2,1,1,51.46
 0h01:29.127 2025/03/22T04:37:32z: p:997.32 gasR:4378407.50 iaq:50.49(0) T:11.18(16.78) H:64.89(45.04) sIaq:51.45(0) Stabilization:1 Run in:0
 0h01:29.361 2025/03/22T04:37:32z: DATA A(40),52,64,40,997.32,0.05,26448,0,89,1,2,3,1,2,3,8,8,324,94,14,2,1,1,51.45
 0h01:30.127 2025/03/22T04:37:33z: p:997.34 gasR:4399570.50 iaq:50.49(0) T:11.19(16.79) H:64.83(45.02) sIaq:51.44(0) Stabilization:1 Run in:0
 0h01:30.839 2025/03/22T04:37:34z: DATA B(37),52,64,40,997.34,0.05,26448,0,90,6246,6246,6246,4164,4164,4164,4292,2918,47685,12260,13,0,0,0,51.44
 0h01:31.127 2025/03/22T04:37:34z: p:997.35 gasR:4417363.00 iaq:50.48(0) T:11.20(16.80) H:64.77(45.00) sIaq:51.43(0) Stabilization:1 Run in:0
 0h01:31.751 2025/03/22T04:37:35z: DATA B(38),52,64,40,997.35,0.05,26448,0,91,6246,6246,6246,4164,4164,4164,4292,2918,47841,12242,13,0,0,0,51.43
 0h01:32.128 2025/03/22T04:37:35z: p:997.37 gasR:4392493.50 iaq:50.48(0) T:11.20(16.80) H:64.72(44.98) sIaq:51.42(0) Stabilization:1 Run in:0
 0h01:32.587 2025/03/22T04:37:35z: DATA B(39),52,64,40,997.37,0.05,26448,0,92,6246,6246,6246,4164,4164,4164,4292,2918,47841,12242,13,0,0,0,51.42
 0h01:33.128 2025/03/22T04:37:36z: p:997.34 gasR:4357447.00 iaq:50.48(0) T:11.20(16.80) H:64.73(44.99) sIaq:51.43(0) Stabilization:1 Run in:0
 0h01:33.422 2025/03/22T04:37:36z: DATA B(40),52,64,40,997.34,0.05,26448,0,93,6246,6246,6246,4164,4164,4164,4292,2918,47841,12242,13,0,0,0,51.43
 0h01:34.127 2025/03/22T04:37:37z: p:997.35 gasR:4385439.00 iaq:50.48(0) T:11.21(16.81) H:64.67(44.97) sIaq:51.43(0) Stabilization:1 Run in:0
 0h01:34.303 2025/03/22T04:37:37z: DATA B(41),52,64,40,997.35,0.05,26448,0,94,6246,6246,6246,4164,4164,4164,4292,2918,47889,12292,13,0,0,0,51.43
 0h01:35.128 2025/03/22T04:37:38z: p:997.34 gasR:4378407.50 iaq:50.48(0) T:11.21(16.82) H:64.66(44.98) sIaq:51.43(0) Stabilization:1 Run in:0
 0h01:36.128 2025/03/22T04:37:39z: p:997.35 gasR:4385439.00 iaq:50.48(0) T:11.21(16.81) H:64.68(44.98) sIaq:51.43(0) Stabilization:1 Run in:0
 0h01:36.246 2025/03/22T04:37:39z: DATA A(41),52,64,40,997.35,0.05,26448,0,96,1,2,3,1,2,3,8,8,330,98,20,3,1,1,51.43
 0h01:37.081 2025/03/22T04:37:40z: DATA A(42),52,64,40,997.35,0.05,26448,0,97,1,2,3,1,2,3,8,8,330,98,20,3,1,1,51.43
 0h01:37.127 2025/03/22T04:37:40z: p:997.34 gasR:4381920.50 iaq:50.48(0) T:11.22(16.82) H:64.68(45.01) sIaq:51.43(0) Stabilization:1 Run in:0
 0h01:37.986 2025/03/22T04:37:41z: DATA A(43),52,64,40,997.34,0.05,26448,0,97,1,2,3,1,2,3,8,8,336,98,23,3,1,1,51.43
 0h01:38.127 2025/03/22T04:37:41z: p:997.34 gasR:4364411.50 iaq:50.49(0) T:11.23(16.83) H:64.64(45.00) sIaq:51.44(0) Stabilization:1 Run in:0
 0h01:38.820 2025/03/22T04:37:42z: DATA A(44),52,64,40,997.34,0.05,26448,0,98,1,2,3,1,2,3,8,8,336,98,23,3,1,1,51.44
 0h01:39.128 2025/03/22T04:37:42z: p:997.34 gasR:4410229.00 iaq:50.48(0) T:11.23(16.83) H:64.67(45.03) sIaq:51.43(0) Stabilization:1 Run in:0
 0h01:39.654 2025/03/22T04:37:43z: DATA A(45),52,64,40,997.34,0.05,26448,0,99,1,2,3,1,2,3,8,8,336,98,23,3,1,1,51.43
 0h01:40.127 2025/03/22T04:37:43z: p:997.35 gasR:4385439.00 iaq:50.48(0) T:11.24(16.84) H:64.63(45.02) sIaq:51.43(0) Stabilization:1 Run in:0
 0h01:41.080 2025/03/22T04:37:44z: DATA B(42),52,64,40,997.35,0.05,26448,0,101,6246,6246,6246,4164,4164,4164,4292,2918,47643,12240,20,0,0,0,51.43
 0h01:41.127 2025/03/22T04:37:44z: p:997.34 gasR:4322955.00 iaq:50.49(0) T:11.24(16.84) H:64.67(45.04) sIaq:51.46(0) Stabilization:1 Run in:0
 0h01:41.989 2025/03/22T04:37:45z: DATA B(43),52,64,40,997.34,0.05,26448,0,101,6246,6246,6246,4164,4164,4164,4292,2918,47817,12212,24,1,1,1,51.46
 0h01:42.128 2025/03/22T04:37:45z: p:997.33 gasR:4378407.50 iaq:50.49(0) T:11.24(16.85) H:64.64(45.03) sIaq:51.46(0) Stabilization:1 Run in:0
 0h01:42.824 2025/03/22T04:37:46z: DATA B(44),52,64,40,997.33,0.05,26448,0,102,6246,6246,6246,4164,4164,4164,4292,2918,47817,12212,24,1,1,1,51.46
{"SensorId":"a4:e5:7c:26:24:d4","DateTime":"2025/03/22T04:37:46z","Geo":"PurpleAir-24d4","Mem":26448,"memfrag":2,"memfb":25968,"memcs":800,"Id":1,"lat":0.000000,"lon":0.000000,"Adc":"nan","loggingrate":15,"place":"outside","version":"7.04","uptime":103,"rssi":0,"period":102,"httpsuccess":0,"httpsends":0,"hardwareversion":"3.0","hardwarediscovered":"3.0+RV3028+BME68X+PMSX003-A+PMSX003-B","current_temp_f":52,"current_humidity":64,"current_dewpoint_f":40,"pressure":997.33,"current_temp_f_680":52,"current_humidity_680":64,"current_dewpoint_f_680":40,"pressure_680":997.33,"gas_680":"nan","p25aqic_b":"rgb(126,0,35)","pm2.5_aqi_b":2918,"pm1_0_cf_1_b":6244.98,"p_0_3_um_b":47842.50,"pm2_5_cf_1_b":6244.98,"p_0_5_um_b":12322.50,"pm10_0_cf_1_b":6244.98,"p_1_0_um_b":11.05,"pm1_0_atm_b":4163.25,"p_2_5_um_b":0.80,"pm2_5_atm_b":4163.25,"p_5_0_um_b":0.80,"pm10_0_atm_b":4163.25,"p_10_0_um_b":0.80,"p25aqic":"rgb(2,228,0)","pm2.5_aqi":10,"pm1_0_cf_1":1.16,"p_0_3_um":388.60,"pm2_5_cf_1":2.40,"p_0_5_um":113.02,"pm10_0_cf_1":4.36,"p_1_0_um":18.56,"pm1_0_atm":1.16,"p_2_5_um":4.53,"pm2_5_atm":2.40,"p_5_0_um":2.53,"pm10_0_atm":4.36,"p_10_0_um":1.53,"wlstate":"No SSID","status_0":0,"status_1":0,"status_2":0,"status_3":0,"status_4":2,"status_5":2,"status_7":0,"status_8":2,"status_9":2}
 0h01:43.246 2025/03/22T04:37:46z: update.purpleair.com:80/firmware/2mb/update.asp
 0h01:43.253 2025/03/22T04:37:46z: Error: -1
1 BSEC warning code : 100

UTCDateTime,mac_address,firmware_ver,hardware,current_temp_f,current_humidity,current_dewpoint_f,pressure,adc,mem,rssi,uptime,pm1_0_cf_1,pm2_5_cf_1,pm10_0_cf_1,pm1_0_atm,pm2_5_atm,pm10_0_atm,pm2.5_aqi_cf_1,pm2.5_aqi_atm,p_0_3_um,p_0_5_um,p_1_0_um,p_2_5_um,p_5_0_um,p_10_0_um,pm1_0_cf_1_b,pm2_5_cf_1_b,pm10_0_cf_1_b,pm1_0_atm_b,pm2_5_atm_b,pm10_0_atm_b,pm2.5_aqi_cf_1_b,pm2.5_aqi_atm_b,p_0_3_um_b,p_0_5_um_b,p_1_0_um_b,p_2_5_um_b,p_5_0_um_b,p_10_0_um_b,gas
2025/03/22T04:37:46z,a4:e5:7c:26:24:d4,7.04,3.0+RV3028+BME68X+PMSX003-A+PMSX003-B,52,64,40,997.33,nan,26448,0,103,1.16,2.40,4.36,1.16,2.40,4.36,10,10,388.60,113.02,18.56,4.53,2.53,1.53,6244.98,6244.98,6244.98,4163.25,4163.25,4163.25,4292,2918,47842.50,12322.50,11.05,0.80,0.80,0.80,nan
1 BSEC warning code : 100

1 BSEC warning code : 100

1 BSEC warning code : 100

1 BSEC warning code : 100

1 BSEC warning code : 100

1 BSEC warning code : 100

1 BSEC warning code : 100

1 BSEC warning code : 100

1 BSEC warning code : 100

1 BSEC warning code : 100

 ets Jan  8 2013,rst cause:4, boot mode:(3,7)

wdt reset
load 0x4010f000, len 1384, room 16 
tail 8
chksum 0x2d
csum 0x2d
v8b899c12
~ld


7.04
 0h00:00.272 1970/01/01T08:00:00z: SPIFFS Active
 0h00:03.946 2025/03/22T15:47:12z: a4:e5:7c:26:24:d4
 0h00:03.947 2025/03/22T15:47:12z: SSID: NothingButSunshine
1 BSEC warning code : 100

1 BSEC warning code : 100

1 BSEC warning code : 100

1 BSEC warning code : 100

1 BSEC warning code : 100

1 BSEC warning code : 100

1 BSEC warning code : 100

1 BSEC warning code : 100

1 BSEC warning code : 100

1 BSEC warning code : 100

 ets Jan  8 2013,rst cause:4, boot mode:(3,7)

wdt reset
load 0x4010f000, len 1384, room 16 
tail 8
chksum 0x2d
csum 0x2d
v8b899c12
~ld


7.04
 0h00:00.270 1970/01/01T08:00:00z: SPIFFS Active
 0h00:03.944 2025/03/22T16:06:54z: a4:e5:7c:26:24:d4
 0h00:03.945 2025/03/22T16:06:54z: SSID: NothingButSunshine
1 BSEC warning code : 100

1 BSEC warning code : 100

1 BSEC warning code : 100

1 BSEC warning code : 100

1 BSEC warning code : 100

1 BSEC warning code : 100

1 BSEC warning code : 100

1 BSEC warning code : 100

1 BSEC warning code : 100

1 BSEC warning code : 100

 ets Jan  8 2013,rst cause:4, boot mode:(3,7)

wdt reset
load 0x4010f000, len 1384, room 16 
tail 8
chksum 0x2d
csum 0x2d
v8b899c12
~ld


7.04
 0h00:00.275 1970/01/01T08:00:00z: SPIFFS Active
 0h00:03.949 2025/03/22T16:26:36z: a4:e5:7c:26:24:d4
 0h00:03.951 2025/03/22T16:26:36z: SSID: NothingButSunshine
1 BSEC warning code : 100

1 BSEC warning code : 100

1 BSEC warning code : 100

1 BSEC warning code : 100

1 BSEC warning code : 100

1 BSEC warning code : 100

1 BSEC warning code : 100

1 BSEC warning code : 100

1 BSEC warning code : 100

1 BSEC warning code : 100

 ets Jan  8 2013,rst cause:4, boot mode:(3,7)

wdt reset
load 0x4010f000, len 1384, room 16 
tail 8
chksum 0x2d
csum 0x2d
v8b899c12
~ld


7.04
 0h00:00.278 1970/01/01T08:00:00z: SPIFFS Active
 0h00:03.952 2025/03/22T16:46:18z: a4:e5:7c:26:24:d4
 0h00:03.954 2025/03/22T16:46:18z: SSID: NothingButSunshine
1 BSEC warning code : 100

1 BSEC warning code : 100

1 BSEC warning code : 100

1 BSEC warning code : 100

1 BSEC warning code : 100

1 BSEC warning code : 100

1 BSEC warning code : 100

1 BSEC warning code : 100

1 BSEC warning code : 100

1 BSEC warning code : 100

 ets Jan  8 2013,rst cause:4, boot mode:(3,7)

wdt reset
load 0x4010f000, len 1384, room 16 
tail 8
chksum 0x2d
csum 0x2d
v8b899c12
~ld


7.04
 0h00:00.279 1970/01/01T08:00:00z: SPIFFS Active
 0h00:03.953 2025/03/22T17:06:00z: a4:e5:7c:26:24:d4
 0h00:03.954 2025/03/22T17:06:00z: SSID: NothingButSunshine
1 BSEC warning code : 100

1 BSEC warning code : 100

1 BSEC warning code : 100

1 BSEC warning code : 100

1 BSEC warning code : 100

1 BSEC warning code : 100

1 BSEC warning code : 100

1 BSEC warning code : 100

1 BSEC warning code : 100

1 BSEC warning code : 100

 ets Jan  8 2013,rst cause:4, boot mode:(3,7)

wdt reset
load 0x4010f000, len 1384, room 16 
tail 8
chksum 0x2d
csum 0x2d
v8b899c12
~ld


7.04
 0h00:00.275 1970/01/01T08:00:00z: SPIFFS Active
 0h00:03.949 2025/03/22T17:25:42z: a4:e5:7c:26:24:d4
 0h00:03.950 2025/03/22T17:25:42z: SSID: NothingButSunshine
1 BSEC warning code : 100

1 BSEC warning code : 100

1 BSEC warning code : 100

1 BSEC warning code : 100

1 BSEC warning code : 100

1 BSEC warning code : 100

1 BSEC warning code : 100

1 BSEC warning code : 100

1 BSEC warning code : 100

1 BSEC warning code : 100

 ets Jan  8 2013,rst cause:4, boot mode:(3,7)

wdt reset
load 0x4010f000, len 1384, room 16 
tail 8
chksum 0x2d
csum 0x2d
v8b899c12
~ld


7.04
 0h00:00.281 1970/01/01T08:00:00z: SPIFFS Active
 0h00:03.955 2025/03/22T17:45:24z: a4:e5:7c:26:24:d4
 0h00:03.956 2025/03/22T17:45:24z: SSID: NothingButSunshine
1 BSEC warning code : 100

1 BSEC warning code : 100

1 BSEC warning code : 100

1 BSEC warning code : 100

1 BSEC warning code : 100

1 BSEC warning code : 100

1 BSEC warning code : 100

1 BSEC warning code : 100

1 BSEC warning code : 100

1 BSEC warning code : 100

 ets Jan  8 2013,rst cause:4, boot mode:(3,7)

wdt reset
load 0x4010f000, len 1384, room 16 
tail 8
chksum 0x2d
csum 0x2d
v8b899c12
~ld


7.04
 0h00:00.278 1970/01/01T08:00:00z: SPIFFS Active
 0h00:03.952 2025/03/22T18:05:07z: a4:e5:7c:26:24:d4
 0h00:03.954 2025/03/22T18:05:07z: SSID: NothingButSunshine
1 BSEC warning code : 100

1 BSEC warning code : 100

1 BSEC warning code : 100

1 BSEC warning code : 100

1 BSEC warning code : 100

1 BSEC warning code : 100

1 BSEC warning code : 100

1 BSEC warning code : 100

1 BSEC warning code : 100

1 BSEC warning code : 100

 ets Jan  8 2013,rst cause:4, boot mode:(3,7)

wdt reset
load 0x4010f000, len 1384, room 16 
tail 8
chksum 0x2d
csum 0x2d
v8b899c12
~ld


7.04
 0h00:00.278 1970/01/01T08:00:00z: SPIFFS Active
 0h00:03.952 2025/03/22T18:24:50z: a4:e5:7c:26:24:d4
 0h00:03.953 2025/03/22T18:24:50z: SSID: NothingButSunshine
1 BSEC warning code : 100

1 BSEC warning code : 100

1 BSEC warning code : 100

1 BSEC warning code : 100

1 BSEC warning code : 100

1 BSEC warning code : 100

1 BSEC warning code : 100

1 BSEC warning code : 100

1 BSEC warning code : 100

1 BSEC warning code : 100

 ets Jan  8 2013,rst cause:4, boot mode:(3,7)

wdt reset
load 0x4010f000, len 1384, room 16 
tail 8
chksum 0x2d
csum 0x2d
v8b899c12
~ld


7.04
 0h00:00.287 1970/01/01T08:00:00z: SPIFFS Active
 0h00:03.961 2025/03/22T18:44:33z: a4:e5:7c:26:24:d4
 0h00:03.962 2025/03/22T18:44:33z: SSID: NothingButSunshine
1 BSEC warning code : 100

1 BSEC warning code : 100

1 BSEC warning code : 100

1 BSEC warning code : 100

1 BSEC warning code : 100

1 BSEC warning code : 100

1 BSEC warning code : 100

1 BSEC warning code : 100

1 BSEC warning code : 100

1 BSEC warning code : 100

 ets Jan  8 2013,rst cause:4, boot mode:(3,7)

wdt reset
load 0x4010f000, len 1384, room 16 
tail 8
chksum 0x2d
csum 0x2d
v8b899c12
~ld


7.04
 0h00:00.283 1970/01/01T08:00:00z: SPIFFS Active
 0h00:03.957 2025/03/22T19:04:16z: a4:e5:7c:26:24:d4
 0h00:03.959 2025/03/22T19:04:16z: SSID: NothingButSunshine
1 BSEC warning code : 100

1 BSEC warning code : 100

1 BSEC warning code : 100

1 BSEC warning code : 100

1 BSEC warning code : 100

1 BSEC warning code : 100

1 BSEC warning code : 100

1 BSEC warning code : 100

1 BSEC warning code : 100

1 BSEC warning code : 100

 ets Jan  8 2013,rst cause:4, boot mode:(3,7)

wdt reset
load 0x4010f000, len 1384, room 16 
tail 8
chksum 0x2d
csum 0x2d
v8b899c12
~ld


7.04
 0h00:00.276 1970/01/01T08:00:00z: SPIFFS Active
 0h00:03.950 2025/03/22T19:23:59z: a4:e5:7c:26:24:d4
 0h00:03.951 2025/03/22T19:23:59z: SSID: NothingButSunshine
1 BSEC warning code : 100

1 BSEC warning code : 100

1 BSEC warning code : 100

1 BSEC warning code : 100

1 BSEC warning code : 100

1 BSEC warning code : 100

1 BSEC warning code : 100

1 BSEC warning code : 100

1 BSEC warning code : 100

1 BSEC warning code : 100

 ets Jan  8 2013,rst cause:4, boot mode:(3,7)

wdt reset
load 0x4010f000, len 1384, room 16 
tail 8
chksum 0x2d
csum 0x2d
v8b899c12
~ld


7.04
 0h00:00.285 1970/01/01T08:00:00z: SPIFFS Active
 0h00:03.959 2025/03/22T19:43:42z: a4:e5:7c:26:24:d4
 0h00:03.960 2025/03/22T19:43:42z: SSID: NothingButSunshine
1 BSEC warning code : 100

1 BSEC warning code : 100

1 BSEC warning code : 100

1 BSEC warning code : 100

1 BSEC warning code : 100

1 BSEC warning code : 100

1 BSEC warning code : 100

1 BSEC warning code : 100

1 BSEC warning code : 100

1 BSEC warning code : 100

 ets Jan  8 2013,rst cause:4, boot mode:(3,7)

wdt reset
load 0x4010f000, len 1384, room 16 
tail 8
chksum 0x2d
csum 0x2d
v8b899c12
~ld


7.04
 0h00:00.279 1970/01/01T08:00:00z: SPIFFS Active
 0h00:03.953 2025/03/22T20:03:23z: a4:e5:7c:26:24:d4
 0h00:03.955 2025/03/22T20:03:23z: SSID: NothingButSunshine
1 BSEC warning code : 100

1 BSEC warning code : 100

1 BSEC warning code : 100

1 BSEC warning code : 100

1 BSEC warning code : 100

1 BSEC warning code : 100

1 BSEC warning code : 100

1 BSEC warning code : 100

1 BSEC warning code : 100

1 BSEC warning code : 100

 ets Jan  8 2013,rst cause:4, boot mode:(3,7)

wdt reset
load 0x4010f000, len 1384, room 16 
tail 8
chksum 0x2d
csum 0x2d
v8b899c12
~ld


7.04
 0h00:00.283 1970/01/01T08:00:00z: SPIFFS Active
 0h00:03.957 2025/03/22T20:23:06z: a4:e5:7c:26:24:d4
 0h00:03.958 2025/03/22T20:23:06z: SSID: NothingButSunshine
1 BSEC warning code : 100

1 BSEC warning code : 100

1 BSEC warning code : 100

1 BSEC warning code : 100

1 BSEC warning code : 100

1 BSEC warning code : 100

1 BSEC warning code : 100

1 BSEC warning code : 100

1 BSEC warning code : 100

1 BSEC warning code : 100

 ets Jan  8 2013,rst cause:4, boot mode:(3,7)

wdt reset
load 0x4010f000, len 1384, room 16 
tail 8
chksum 0x2d
csum 0x2d
v8b899c12
~ld


7.04
 0h00:00.273 1970/01/01T08:00:00z: SPIFFS Active
 0h00:03.947 2025/03/22T20:42:48z: a4:e5:7c:26:24:d4
 0h00:03.948 2025/03/22T20:42:48z: SSID: NothingButSunshine
1 BSEC warning code : 100

1 BSEC warning code : 100

1 BSEC warning code : 100

1 BSEC warning code : 100

1 BSEC warning code : 100

1 BSEC warning code : 100

1 BSEC warning code : 100

1 BSEC warning code : 100

1 BSEC warning code : 100

1 BSEC warning code : 100

 ets Jan  8 2013,rst cause:4, boot mode:(3,7)

wdt reset
load 0x4010f000, len 1384, room 16 
tail 8
chksum 0x2d
csum 0x2d
v8b899c12
~ld


7.04
 0h00:00.283 1970/01/01T08:00:00z: SPIFFS Active
 0h00:03.957 2025/03/22T21:02:31z: a4:e5:7c:26:24:d4
 0h00:03.958 2025/03/22T21:02:31z: SSID: NothingButSunshine
1 BSEC warning code : 100

1 BSEC warning code : 100

1 BSEC warning code : 100

1 BSEC warning code : 100

1 BSEC warning code : 100

1 BSEC warning code : 100

1 BSEC warning code : 100

1 BSEC warning code : 100

1 BSEC warning code : 100

1 BSEC warning code : 100

 ets Jan  8 2013,rst cause:4, boot mode:(3,7)

wdt reset
load 0x4010f000, len 1384, room 16 
tail 8
chksum 0x2d
csum 0x2d
v8b899c12
~ld


7.04
 0h00:00.283 1970/01/01T08:00:00z: SPIFFS Active
 0h00:03.957 2025/03/22T21:22:14z: a4:e5:7c:26:24:d4
 0h00:03.959 2025/03/22T21:22:14z: SSID: NothingButSunshine
1 BSEC warning code : 100

1 BSEC warning code : 100

1 BSEC warning code : 100

1 BSEC warning code : 100

1 BSEC warning code : 100

1 BSEC warning code : 100

1 BSEC warning code : 100

1 BSEC warning code : 100

1 BSEC warning code : 100

1 BSEC warning code : 100

 ets Jan  8 2013,rst cause:4, boot mode:(3,7)

wdt reset
load 0x4010f000, len 1384, room 16 
tail 8
chksum 0x2d
csum 0x2d
v8b899c12
~ld


7.04
 0h00:00.273 1970/01/01T08:00:00z: SPIFFS Active
 0h00:03.947 2025/03/22T21:41:56z: a4:e5:7c:26:24:d4
 0h00:03.949 2025/03/22T21:41:56z: SSID: NothingButSunshine
1 BSEC warning code : 100

1 BSEC warning code : 100

1 BSEC warning code : 100

1 BSEC warning code : 100

1 BSEC warning code : 100

1 BSEC warning code : 100

1 BSEC warning code : 100

1 BSEC warning code : 100

1 BSEC warning code : 100

1 BSEC warning code : 100

 ets Jan  8 2013,rst cause:4, boot mode:(3,7)

wdt reset
load 0x4010f000, len 1384, room 16 
tail 8
chksum 0x2d
csum 0x2d
v8b899c12
~ld


7.04
 0h00:00.282 1970/01/01T08:00:00z: SPIFFS Active
 0h00:03.956 2025/03/22T22:01:38z: a4:e5:7c:26:24:d4
 0h00:03.957 2025/03/22T22:01:38z: SSID: NothingButSunshine
1 BSEC warning code : 100

1 BSEC warning code : 100

1 BSEC warning code : 100

1 BSEC warning code : 100

1 BSEC warning code : 100

1 BSEC warning code : 100

1 BSEC warning code : 100

1 BSEC warning code : 100

1 BSEC warning code : 100

1 BSEC warning code : 100

 ets Jan  8 2013,rst cause:4, boot mode:(3,7)

wdt reset
load 0x4010f000, len 1384, room 16 
tail 8
chksum 0x2d
csum 0x2d
v8b899c12
~ld


7.04
 0h00:00.281 1970/01/01T08:00:00z: SPIFFS Active
 0h00:03.955 2025/03/22T22:21:20z: a4:e5:7c:26:24:d4
 0h00:03.956 2025/03/22T22:21:20z: SSID: NothingButSunshine
1 BSEC warning code : 100

1 BSEC warning code : 100

1 BSEC warning code : 100

1 BSEC warning code : 100

1 BSEC warning code : 100

1 BSEC warning code : 100

1 BSEC warning code : 100

1 BSEC warning code : 100

1 BSEC warning code : 100

1 BSEC warning code : 100

 ets Jan  8 2013,rst cause:4, boot mode:(3,7)

wdt reset
load 0x4010f000, len 1384, room 16 
tail 8
chksum 0x2d
csum 0x2d
v8b899c12
~ld


7.04
 0h00:00.283 1970/01/01T08:00:00z: SPIFFS Active
 0h00:03.957 2025/03/22T22:41:03z: a4:e5:7c:26:24:d4
 0h00:03.959 2025/03/22T22:41:03z: SSID: NothingButSunshine
1 BSEC warning code : 100

1 BSEC warning code : 100

1 BSEC warning code : 100

1 BSEC warning code : 100

1 BSEC warning code : 100

1 BSEC warning code : 100

1 BSEC warning code : 100

1 BSEC warning code : 100

1 BSEC warning code : 100

1 BSEC warning code : 100

 ets Jan  8 2013,rst cause:4, boot mode:(3,7)

wdt reset
load 0x4010f000, len 1384, room 16 
tail 8
chksum 0x2d
csum 0x2d
v8b899c12
~ld


7.04
 0h00:00.283 1970/01/01T08:00:00z: SPIFFS Active
 0h00:03.957 2025/03/22T23:00:45z: a4:e5:7c:26:24:d4
 0h00:03.959 2025/03/22T23:00:45z: SSID: NothingButSunshine
1 BSEC warning code : 100

1 BSEC warning code : 100

1 BSEC warning code : 100

1 BSEC warning code : 100

1 BSEC warning code : 100

1 BSEC warning code : 100

1 BSEC warning code : 100

1 BSEC warning code : 100

1 BSEC warning code : 100

1 BSEC warning code : 100

 ets Jan  8 2013,rst cause:4, boot mode:(3,7)

wdt reset
load 0x4010f000, len 1384, room 16 
tail 8
chksum 0x2d
csum 0x2d
v8b899c12
~ld


7.04
 0h00:00.279 1970/01/01T08:00:00z: SPIFFS Active
 0h00:03.953 2025/03/22T23:20:28z: a4:e5:7c:26:24:d4
 0h00:03.955 2025/03/22T23:20:28z: SSID: NothingButSunshine
1 BSEC warning code : 100

1 BSEC warning code : 100

1 BSEC warning code : 100

1 BSEC warning code : 100

1 BSEC warning code : 100

1 BSEC warning code : 100

1 BSEC warning code : 100

1 BSEC warning code : 100

1 BSEC warning code : 100

1 BSEC warning code : 100

 ets Jan  8 2013,rst cause:4, boot mode:(3,7)

wdt reset
load 0x4010f000, len 1384, room 16 
tail 8
chksum 0x2d
csum 0x2d
v8b899c12
~ld


7.04
 0h00:00.282 1970/01/01T08:00:00z: SPIFFS Active
 0h00:03.957 2025/03/22T23:40:10z: a4:e5:7c:26:24:d4
 0h00:03.958 2025/03/22T23:40:10z: SSID: NothingButSunshine
1 BSEC warning code : 100

1 BSEC warning code : 100

1 BSEC warning code : 100

1 BSEC warning code : 100

1 BSEC warning code : 100

1 BSEC warning code : 100

1 BSEC warning code : 100

1 BSEC warning code : 100

1 BSEC warning code : 100

1 BSEC warning code : 100

 ets Jan  8 2013,rst cause:4, boot mode:(3,7)

wdt reset
load 0x4010f000, len 1384, room 16 
tail 8
chksum 0x2d
csum 0x2d
v8b899c12
~ld


7.04
 0h00:00.282 1970/01/01T08:00:00z: SPIFFS Active
 0h00:03.956 2025/03/22T23:59:52z: a4:e5:7c:26:24:d4
 0h00:03.958 2025/03/22T23:59:52z: SSID: NothingButSunshine