
1 BSEC warning code : 100

1 BSEC warning code : 100

 ets Jan  8 2013,rst cause:1, boot mode:(3,7)

load 0x4010f000, len 1384, room 16 
tail 8
chksum 0x2d
csum 0x2d
v8b899c12
~ld


7.04
 0h00:00.286 1970/01/01T08:00:00z: SPIFFS Active
 0h00:03.959 2026/01/07T00:02:11z: a4:e5:7c:26:24:d4
 0h00:03.961 2026/01/07T00:02:11z: SSID: NothingButSunshine
1 BSEC warning code : 100

1 BSEC warning code : 100

1 BSEC warning code : 100

1 BSEC warning code : 100

1 BSEC warning code : 100

1 BSEC warning code : 100

1 BSEC warning code : 100

1 BSEC warning code : 100

1 BSEC warning code : 100

1 BSEC warning code : 100

 ets Jan  8 2013,rst cause:1, boot mode:(3,7)

load 0x4010f000, len 1384, room 16 
tail 8
chksum 0x2d
csum 0x2d
v8b899c12
~ld


7.04
 0h00:00.283 1970/01/01T08:00:00z: SPIFFS Active
 0h00:03.956 2026/01/07T00:21:57z: a4:e5:7c:26:24:d4
 0h00:03.958 2026/01/07T00:21:57z: SSID: NothingButSunshine
1 BSEC warning code : 100

1 BSEC warning code : 100

1 BSEC warning code : 100

1 BSEC warning code : 100

1 BSEC warning code : 100

1 BSEC warning code : 100

1 BSEC warning code : 100

1 BSEC warning code : 100

1 BSEC warning code : 100

1 BSEC warning code : 100

 ets Jan  8 2013,rst cause:1, boot mode:(3,7)

load 0x4010f000, len 1384, room 16 
tail 8
chksum 0x2d
csum 0x2d
v8b899c12
~ld


7.04
 0h00:00.290 1970/01/01T08:00:00z: SPIFFS Active
 0h00:03.963 2026/01/07T00:41:43z: a4:e5:7c:26:24:d4
 0h00:03.965 2026/01/07T00:41:43z: SSID: NothingButSunshine
1 BSEC warning code : 100

1 BSEC warning code : 100

1 BSEC warning code : 100

1 BSEC warning code : 100

1 BSEC warning code : 100

1 BSEC warning code : 100

1 BSEC warning code : 100

1 BSEC warning code : 100

1 BSEC warning code : 100

1 BSEC warning code : 100

 ets Jan  8 2013,rst cause:1, boot mode:(3,7)

load 0x4010f000, len 1384, room 16 
tail 8
chksum 0x2d
csum 0x2d
v8b899c12
~ld


7.04
 0h00:00.287 1970/01/01T08:00:00z: SPIFFS Active
 0h00:03.960 2026/01/07T01:01:28z: a4:e5:7c:26:24:d4
 0h00:03.962 2026/01/07T01:01:28z: SSID: NothingButSunshine
1 BSEC warning code : 100

1 BSEC warning code : 100

1 BSEC warning code : 100

1 BSEC warning code : 100

1 BSEC warning code : 100

1 BSEC warning code : 100

1 BSEC warning code : 100

1 BSEC warning code : 100

1 BSEC warning code : 100

1 BSEC warning code : 100

 ets Jan  8 2013,rst cause:1, boot mode:(3,7)

load 0x4010f000, len 1384, room 16 
tail 8
chksum 0x2d
csum 0x2d
v8b899c12
~ld


7.04
 0h00:00.293 1970/01/01T08:00:00z: SPIFFS Active
 0h00:03.966 2026/01/07T01:21:13z: a4:e5:7c:26:24:d4
 0h00:03.968 2026/01/07T01:21:13z: SSID: NothingButSunshine
1 BSEC warning code : 100

1 BSEC warning code : 100

1 BSEC warning code : 100

1 BSEC warning code : 100

1 BSEC warning code : 100

1 BSEC warning code : 100

1 BSEC warning code : 100

1 BSEC warning code : 100

1 BSEC warning code : 100

1 BSEC warning code : 100

 ets Jan  8 2013,rst cause:1, boot mode:(3,7)

load 0x4010f000, len 1384, room 16 
tail 8
chksum 0x2d
csum 0x2d
v8b899c12
~ld


7.04
 0h00:00.295 1970/01/01T08:00:00z: SPIFFS Active
 0h00:03.968 2026/01/07T01:40:59z: a4:e5:7c:26:24:d4
 0h00:03.970 2026/01/07T01:40:59z: SSID: NothingButSunshine
1 BSEC warning code : 100

1 BSEC warning code : 100

1 BSEC warning code : 100

1 BSEC warning code : 100

1 BSEC warning code : 100

1 BSEC warning code : 100

1 BSEC warning code : 100

1 BSEC warning code : 100

1 BSEC warning code : 100

1 BSEC warning code : 100

 ets Jan  8 2013,rst cause:1, boot mode:(3,7)

load 0x4010f000, len 1384, room 16 
tail 8
chksum 0x2d
csum 0x2d
v8b899c12
~ld


7.04
 0h00:00.293 1970/01/01T08:00:00z: SPIFFS Active
 0h00:03.967 2026/01/07T02:00:45z: a4:e5:7c:26:24:d4
 0h00:03.968 2026/01/07T02:00:45z: SSID: NothingButSunshine
1 BSEC warning code : 100

1 BSEC warning code : 100

1 BSEC warning code : 100

1 BSEC warning code : 100

1 BSEC warning code : 100

1 BSEC warning code : 100

1 BSEC warning code : 100

1 BSEC warning code : 100

1 BSEC warning code : 100

1 BSEC warning code : 100

 ets Jan  8 2013,rst cause:1, boot mode:(3,7)

load 0x4010f000, len 1384, room 16 
tail 8
chksum 0x2d
csum 0x2d
v8b899c12
~ld


7.04
 0h00:00.287 1970/01/01T08:00:00z: SPIFFS Active
 0h00:03.961 2026/01/07T02:20:31z: a4:e5:7c:26:24:d4
 0h00:03.963 2026/01/07T02:20:31z: SSID: NothingButSunshine
1 BSEC warning code : 100

1 BSEC warning code : 100

1 BSEC warning code : 100

1 BSEC warning code : 100

1 BSEC warning code : 100

1 BSEC warning code : 100

1 BSEC warning code : 100

1 BSEC warning code : 100

1 BSEC warning code : 100

1 BSEC warning code : 100

 ets Jan  8 2013,rst cause:1, boot mode:(3,7)

load 0x4010f000, len 1384, room 16 
tail 8
chksum 0x2d
csum 0x2d
v8b899c12
~ld


7.04
 0h00:00.286 1970/01/01T08:00:00z: SPIFFS Active
 0h00:03.959 2026/01/07T02:40:15z: a4:e5:7c:26:24:d4
 0h00:03.961 2026/01/07T02:40:15z: SSID: NothingButSunshine
1 BSEC warning code : 100

1 BSEC warning code : 100

1 BSEC warning code : 100

1 BSEC warning code : 100

1 BSEC warning code : 100

1 BSEC warning code : 100

1 BSEC warning code : 100

1 BSEC warning code : 100

1 BSEC warning code : 100

1 BSEC warning code : 100

 ets Jan  8 2013,rst cause:1, boot mode:(3,7)

load 0x4010f000, len 1384, room 16 
tail 8
chksum 0x2d
csum 0x2d
v8b899c12
~ld


7.04
 0h00:00.296 1970/01/01T08:00:00z: SPIFFS Active
 0h00:03.970 2026/01/07T03:00:01z: a4:e5:7c:26:24:d4
 0h00:03.971 2026/01/07T03:00:01z: SSID: NothingButSunshine
1 BSEC warning code : 100

1 BSEC warning code : 100

1 BSEC warning code : 100

1 BSEC warning code : 100

1 BSEC warning code : 100

1 BSEC warning code : 100

1 BSEC warning code : 100

1 BSEC warning code : 100

1 BSEC warning code : 100

1 BSEC warning code : 100

 ets Jan  8 2013,rst cause:1, boot mode:(3,7)

load 0x4010f000, len 1384, room 16 
tail 8
chksum 0x2d
csum 0x2d
v8b899c12
~ld


7.04
 0h00:00.287 1970/01/01T08:00:00z: SPIFFS Active
 0h00:03.961 2026/01/07T03:19:47z: a4:e5:7c:26:24:d4
 0h00:03.962 2026/01/07T03:19:47z: SSID: NothingButSunshine
1 BSEC warning code : 100

1 BSEC warning code : 100

1 BSEC warning code : 100

1 BSEC warning code : 100

1 BSEC warning code : 100

1 BSEC warning code : 100

1 BSEC warning code : 100

1 BSEC warning code : 100

1 BSEC warning code : 100

1 BSEC warning code : 100

 ets Jan  8 2013,rst cause:1, boot mode:(3,7)

load 0x4010f000, len 1384, room 16 
tail 8
chksum 0x2d
csum 0x2d
v8b899c12
~ld


7.04
 0h00:00.283 1970/01/01T08:00:00z: SPIFFS Active
 0h00:03.957 2026/01/07T03:39:33z: a4:e5:7c:26:24:d4
 0h00:03.958 2026/01/07T03:39:33z: SSID: NothingButSunshine
1 BSEC warning code : 100

1 BSEC warning code : 100

1 BSEC warning code : 100

1 BSEC warning code : 100

1 BSEC warning code : 100

1 BSEC warning code : 100

1 BSEC warning code : 100

1 BSEC warning code : 100

1 BSEC warning code : 100

1 BSEC warning code : 100

 ets Jan  8 2013,rst cause:1, boot mode:(3,7)

load 0x4010f000, len 1384, room 16 
tail 8
chksum 0x2d
csum 0x2d
v8b899c12
~ld


7.04
 0h00:00.296 1970/01/01T08:00:00z: SPIFFS Active
 0h00:03.970 2026/01/07T03:59:18z: a4:e5:7c:26:24:d4
 0h00:03.971 2026/01/07T03:59:18z: SSID: NothingButSunshine
1 BSEC warning code : 100

1 BSEC warning code : 100

1 BSEC warning code : 100

1 BSEC warning code : 100

1 BSEC warning code : 100

1 BSEC warning code : 100

1 BSEC warning code : 100

1 BSEC warning code : 100

1 BSEC warning code : 100

1 BSEC warning code : 100

 ets Jan  8 2013,rst cause:1, boot mode:(3,7)

load 0x4010f000, len 1384, room 16 
tail 8
chksum 0x2d
csum 0x2d
v8b899c12
~ld


7.04
 0h00:00.293 1970/01/01T08:00:00z: SPIFFS Active
 0h00:03.967 2026/01/07T04:19:03z: a4:e5:7c:26:24:d4
 0h00:03.969 2026/01/07T04:19:03z: SSID: NothingButSunshine
1 BSEC warning code : 100

1 BSEC warning code : 100

1 BSEC warning code : 100

1 BSEC warning code : 100

1 BSEC warning code : 100

1 BSEC warning code : 100

1 BSEC warning code : 100

1 BSEC warning code : 100

1 BSEC warning code : 100

1 BSEC warning code : 100

 ets Jan  8 2013,rst cause:1, boot mode:(3,7)

load 0x4010f000, len 1384, room 16 
tail 8
chksum 0x2d
csum 0x2d
v8b899c12
~ld


7.04
 0h00:00.290 1970/01/01T08:00:00z: SPIFFS Active
 0h00:03.964 2026/01/07T04:38:49z: a4:e5:7c:26:24:d4
 0h00:03.966 2026/01/07T04:38:49z: SSID: NothingButSunshine
 0h00:12.542 2026/01/07T04:38:58z: PMSX003-A (1570ms)
 0h00:13.930 2026/01/07T04:38:59z: PMSX003-B (1387ms)
 0h00:13.932 2026/01/07T04:38:59z: 3.0+RV3028+BME68X+PMSX003-A+PMSX003-B
 0h00:14.947 2026/01/07T04:39:00z: p:993.16 gasR:8348535.00 iaq:85.11(0) T:7.67(10.66) H:87.25(48.09) sIaq:241.09(0) Stabilization:1 Run in:0
 0h00:15.127 2026/01/07T04:39:00z: DATA A(2),45,87,41,993.16,0.05,26448,0,15,0,1,2,0,1,2,4,4,147,45,8,3,2,0,241.09
 0h00:15.947 2026/01/07T04:39:01z: p:993.19 gasR:8354921.00 iaq:83.96(0) T:8.28(13.88) H:83.99(48.94) sIaq:234.83(0) Stabilization:1 Run in:0
 0h00:15.964 2026/01/07T04:39:01z: DATA A(3),46,83,41,993.19,0.05,26448,0,15,0,1,2,0,1,2,4,4,147,45,8,3,2,0,234.83
 0h00:16.795 2026/01/07T04:39:02z: DATA A(4),46,83,41,993.19,0.05,26448,0,16,0,1,2,0,1,2,4,4,147,45,8,3,2,0,234.83
 0h00:16.947 2026/01/07T04:39:02z: p:993.27 gasR:8210473.50 iaq:83.02(0) T:9.11(14.71) H:79.10(49.16) sIaq:229.72(0) Stabilization:1 Run in:0
 0h00:17.699 2026/01/07T04:39:03z: DATA A(5),48,79,41,993.27,0.05,26448,0,17,0,0,2,0,0,2,0,0,147,45,7,2,2,0,229.72
 0h00:17.947 2026/01/07T04:39:03z: p:993.28 gasR:8247672.00 iaq:82.17(0) T:9.45(15.06) H:76.78(49.16) sIaq:225.09(0) Stabilization:1 Run in:0
 0h00:18.533 2026/01/07T04:39:04z: DATA A(6),49,76,42,993.28,0.05,26264,0,18,0,0,2,0,0,2,0,0,147,45,7,2,2,0,225.09
 0h00:18.947 2026/01/07T04:39:04z: p:993.28 gasR:8229030.50 iaq:81.43(0) T:9.66(15.26) H:75.09(48.99) sIaq:221.06(0) Stabilization:1 Run in:0
 0h00:19.947 2026/01/07T04:39:05z: p:993.29 gasR:8247672.00 iaq:80.76(0) T:9.79(15.40) H:73.81(48.78) sIaq:217.45(0) Stabilization:1 Run in:0
 0h00:20.836 2026/01/07T04:39:06z: DATA B(2),49,73,41,993.29,0.05,26448,0,20,0,0,2,0,0,2,0,0,144,40,10,2,2,2,217.45
 0h00:20.947 2026/01/07T04:39:06z: p:993.28 gasR:8316751.50 iaq:80.14(0) T:9.89(15.49) H:72.76(48.55) sIaq:214.07(0) Stabilization:1 Run in:0
 0h00:21.671 2026/01/07T04:39:07z: DATA B(3),49,72,40,993.28,0.05,26448,0,21,0,0,2,0,0,2,0,0,144,40,10,2,2,2,214.07
 0h00:21.947 2026/01/07T04:39:07z: p:993.29 gasR:8291498.00 iaq:79.61(0) T:9.98(15.58) H:71.81(48.31) sIaq:211.16(0) Stabilization:1 Run in:0
 0h00:22.576 2026/01/07T04:39:08z: DATA B(4),49,71,40,993.29,0.05,26448,0,22,0,1,2,0,1,2,4,4,192,54,12,1,1,1,211.16
 0h00:22.947 2026/01/07T04:39:08z: p:993.30 gasR:8374137.50 iaq:79.09(0) T:10.05(15.65) H:70.98(48.09) sIaq:208.37(0) Stabilization:1 Run in:0
 0h00:23.412 2026/01/07T04:39:09z: DATA B(5),50,70,40,993.30,0.05,26448,0,23,0,1,2,0,1,2,4,4,192,54,12,1,1,1,208.37
 0h00:23.947 2026/01/07T04:39:09z: p:993.32 gasR:8342159.00 iaq:78.66(0) T:10.11(15.72) H:70.27(47.88) sIaq:205.99(0) Stabilization:1 Run in:0
 0h00:24.247 2026/01/07T04:39:09z: DATA B(6),50,70,40,993.32,0.05,26448,0,24,0,1,2,0,1,2,4,4,192,54,12,1,1,1,205.99
 0h00:24.947 2026/01/07T04:39:10z: p:993.32 gasR:8348535.00 iaq:78.27(0) T:10.18(15.78) H:69.60(47.67) sIaq:203.87(0) Stabilization:1 Run in:0
 0h00:25.416 2026/01/07T04:39:11z: DATA A(7),50,69,40,993.32,0.05,26448,0,25,0,0,1,0,0,1,0,0,117,33,5,2,2,0,203.87
 0h00:25.947 2026/01/07T04:39:11z: p:993.31 gasR:8304105.50 iaq:77.95(0) T:10.23(15.83) H:69.08(47.50) sIaq:202.14(0) Stabilization:1 Run in:0
 0h00:26.250 2026/01/07T04:39:11z: DATA A(8),50,69,40,993.31,0.05,26448,0,26,0,0,1,0,0,1,0,0,117,33,5,2,2,0,202.14
 0h00:26.947 2026/01/07T04:39:12z: p:993.30 gasR:8329435.50 iaq:77.65(0) T:10.27(15.87) H:68.56(47.30) sIaq:200.53(0) Stabilization:1 Run in:0
 0h00:27.084 2026/01/07T04:39:12z: DATA A(9),50,68,40,993.30,0.05,26448,0,27,0,0,1,0,0,1,0,0,117,33,5,2,2,0,200.53
 0h00:27.947 2026/01/07T04:39:13z: p:993.31 gasR:8335792.50 iaq:77.39(0) T:10.32(15.92) H:68.15(47.19) sIaq:199.10(0) Stabilization:1 Run in:0
 0h00:27.988 2026/01/07T04:39:13z: DATA A(10),50,68,39,993.31,0.05,26448,0,27,0,0,1,0,0,1,0,0,132,36,6,2,2,0,199.10
 0h00:28.822 2026/01/07T04:39:14z: DATA A(11),50,68,39,993.31,0.05,26448,0,28,0,0,1,0,0,1,0,0,132,36,6,2,2,0,199.10
 0h00:28.947 2026/01/07T04:39:14z: p:993.31 gasR:8348535.00 iaq:77.15(0) T:10.37(15.97) H:67.73(47.04) sIaq:197.80(0) Stabilization:1 Run in:0
 0h00:29.947 2026/01/07T04:39:15z: p:993.34 gasR:8335792.50 iaq:76.95(0) T:10.40(16.00) H:67.43(46.91) sIaq:196.69(0) Stabilization:1 Run in:0
 0h00:30.304 2026/01/07T04:39:15z: DATA B(7),50,67,39,993.34,0.05,26448,0,30,0,1,2,0,1,2,4,4,237,67,11,1,1,1,196.69
 0h00:30.947 2026/01/07T04:39:16z: p:993.33 gasR:8329435.50 iaq:76.77(0) T:10.42(16.02) H:67.19(46.81) sIaq:195.73(0) Stabilization:1 Run in:0
 0h00:31.139 2026/01/07T04:39:16z: DATA B(8),50,67,39,993.33,0.05,26448,0,31,0,1,2,0,1,2,4,4,237,67,11,1,1,1,195.73
 0h00:31.947 2026/01/07T04:39:17z: p:993.32 gasR:8386997.50 iaq:76.59(0) T:10.45(16.05) H:66.93(46.71) sIaq:194.73(0) Stabilization:1 Run in:0
 0h00:31.975 2026/01/07T04:39:17z: DATA B(9),50,66,39,993.32,0.05,26448,0,31,0,1,2,0,1,2,4,4,237,67,11,1,1,1,194.73
 0h00:32.880 2026/01/07T04:39:18z: DATA B(10),50,66,39,993.32,0.05,26448,0,32,0,1,2,0,1,2,4,4,231,67,11,1,1,1,194.73
 0h00:32.947 2026/01/07T04:39:18z: p:993.29 gasR:8367722.00 iaq:76.43(0) T:10.48(16.08) H:66.70(46.59) sIaq:193.89(0) Stabilization:1 Run in:0
 0h00:33.715 2026/01/07T04:39:19z: DATA B(11),50,66,39,993.29,0.05,26448,0,33,0,1,2,0,1,2,4,4,231,67,11,1,1,1,193.89
 0h00:33.947 2026/01/07T04:39:19z: p:993.26 gasR:8342159.00 iaq:76.31(0) T:10.51(16.12) H:66.46(46.51) sIaq:193.23(0) Stabilization:1 Run in:0
 0h00:34.948 2026/01/07T04:39:20z: p:993.22 gasR:8348535.00 iaq:76.20(0) T:10.54(16.14) H:66.25(46.42) sIaq:192.63(0) Stabilization:1 Run in:0
 0h00:35.705 2026/01/07T04:39:21z: DATA A(12),50,66,39,993.22,0.05,26448,0,35,0,0,1,0,0,1,0,0,108,28,9,2,1,0,192.63
 0h00:35.947 2026/01/07T04:39:21z: p:993.20 gasR:8504542.00 iaq:76.02(0) T:10.57(16.17) H:66.08(46.33) sIaq:191.66(0) Stabilization:1 Run in:0
 0h00:36.539 2026/01/07T04:39:22z: DATA A(13),51,66,40,993.20,0.05,26448,0,36,0,0,1,0,0,1,0,0,108,28,9,2,1,0,191.66
 0h00:36.948 2026/01/07T04:39:22z: p:993.21 gasR:8323088.50 iaq:75.96(0) T:10.60(16.21) H:65.86(46.26) sIaq:191.32(0) Stabilization:1 Run in:0
 0h00:37.373 2026/01/07T04:39:22z: DATA A(14),51,65,39,993.21,0.05,26448,0,37,0,0,1,0,0,1,0,0,108,28,9,2,1,0,191.32
 0h00:37.948 2026/01/07T04:39:23z: p:993.22 gasR:8348535.00 iaq:75.89(0) T:10.63(16.23) H:65.73(46.20) sIaq:190.94(0) Stabilization:1 Run in:0
 0h00:38.278 2026/01/07T04:39:23z: DATA A(15),51,65,39,993.22,0.05,26448,0,38,0,0,3,0,0,3,0,0,120,30,12,5,4,3,190.94
 0h00:38.947 2026/01/07T04:39:24z: p:993.26 gasR:8425816.00 iaq:75.79(0) T:10.66(16.26) H:65.57(46.13) sIaq:190.39(0) Stabilization:1 Run in:0
 0h00:39.112 2026/01/07T04:39:24z: DATA A(16),51,65,39,993.26,0.05,26448,0,39,0,0,3,0,0,3,0,0,120,30,12,5,4,3,190.39
 0h00:39.948 2026/01/07T04:39:25z: p:993.24 gasR:8342159.00 iaq:75.75(0) T:10.66(16.27) H:65.55(46.08) sIaq:190.15(0) Stabilization:1 Run in:0
 0h00:40.608 2026/01/07T04:39:26z: DATA B(12),51,65,39,993.24,0.05,26448,0,40,0,1,2,0,1,2,4,4,228,66,12,2,1,1,190.15
 0h00:40.947 2026/01/07T04:39:26z: p:993.24 gasR:8412837.00 iaq:75.67(0) T:10.68(16.28) H:65.46(46.01) sIaq:189.73(0) Stabilization:1 Run in:0
 0h00:41.443 2026/01/07T04:39:27z: DATA B(13),51,65,39,993.24,0.05,26448,0,41,0,1,2,0,1,2,4,4,228,66,12,2,1,1,189.73
 0h00:41.947 2026/01/07T04:39:27z: p:993.24 gasR:8386997.50 iaq:75.62(0) T:10.70(16.30) H:65.34(45.93) sIaq:189.44(0) Stabilization:1 Run in:0
 0h00:42.278 2026/01/07T04:39:27z: DATA B(14),51,65,39,993.24,0.05,26264,0,42,0,1,2,0,1,2,4,4,228,66,12,2,1,1,189.44
 0h00:42.947 2026/01/07T04:39:28z: p:993.23 gasR:8335792.50 iaq:75.60(0) T:10.71(16.31) H:65.24(45.86) sIaq:189.32(0) Stabilization:1 Run in:0
 0h00:43.184 2026/01/07T04:39:28z: DATA B(15),51,65,39,993.23,0.05,26448,0,43,0,1,2,0,1,2,4,4,222,64,14,2,1,1,189.32
 0h00:43.948 2026/01/07T04:39:29z: p:993.24 gasR:8425816.00 iaq:75.53(0) T:10.74(16.34) H:65.14(45.83) sIaq:188.97(0) Stabilization:1 Run in:0
 0h00:44.019 2026/01/07T04:39:29z: DATA B(16),51,65,39,993.24,0.05,26448,0,44,0,1,2,0,1,2,4,4,222,64,14,2,1,1,188.97
 0h00:44.948 2026/01/07T04:39:30z: p:993.23 gasR:8393443.00 iaq:75.49(0) T:10.77(16.37) H:64.99(45.77) sIaq:188.75(0) Stabilization:1 Run in:0
 0h00:45.947 2026/01/07T04:39:31z: p:993.21 gasR:8361316.50 iaq:75.47(0) T:10.80(16.40) H:64.89(45.74) sIaq:188.65(0) Stabilization:1 Run in:0
 0h00:45.995 2026/01/07T04:39:31z: DATA A(17),51,64,39,993.21,0.05,26448,0,45,0,0,4,0,0,4,0,0,156,42,13,6,5,3,188.65
 0h00:46.829 2026/01/07T04:39:32z: DATA A(18),51,64,39,993.21,0.05,26448,0,46,0,0,4,0,0,4,0,0,156,42,13,6,5,3,188.65
 0h00:46.948 2026/01/07T04:39:32z: p:993.23 gasR:8419322.00 iaq:75.42(0) T:10.83(16.43) H:64.81(45.70) sIaq:188.40(0) Stabilization:1 Run in:0
 0h00:47.663 2026/01/07T04:39:33z: DATA A(19),51,64,39,993.23,0.05,26448,0,47,0,0,4,0,0,4,0,0,156,42,13,6,5,3,188.40
 0h00:47.947 2026/01/07T04:39:33z: p:993.23 gasR:8361316.50 iaq:75.41(0) T:10.86(16.46) H:64.71(45.68) sIaq:188.33(0) Stabilization:1 Run in:0
 0h00:48.567 2026/01/07T04:39:34z: DATA A(20),51,64,39,993.23,0.05,26448,0,48,0,0,4,0,0,4,0,0,174,48,14,6,5,3,188.33
 0h00:48.947 2026/01/07T04:39:34z: p:993.24 gasR:8374137.50 iaq:75.40(0) T:10.88(16.49) H:64.68(45.67) sIaq:188.24(0) Stabilization:1 Run in:0
 0h00:49.401 2026/01/07T04:39:35z: DATA A(21),51,64,39,993.24,0.05,26448,0,49,0,0,4,0,0,4,0,0,174,48,14,6,5,3,188.24
 0h00:49.947 2026/01/07T04:39:35z: p:993.24 gasR:8380562.50 iaq:75.38(0) T:10.90(16.50) H:64.68(45.66) sIaq:188.15(0) Stabilization:1 Run in:0
 0h00:50.912 2026/01/07T04:39:36z: DATA B(17),51,64,39,993.24,0.05,26448,0,50,0,1,1,0,1,1,4,4,150,42,7,1,0,0,188.15
 0h00:50.947 2026/01/07T04:39:36z: p:993.25 gasR:8406362.00 iaq:75.35(0) T:10.92(16.52) H:64.63(45.62) sIaq:187.99(0) Stabilization:1 Run in:0
 0h00:51.747 2026/01/07T04:39:37z: DATA B(18),51,64,39,993.25,0.05,26448,0,51,0,1,1,0,1,1,4,4,150,42,7,1,0,0,187.99
 0h00:51.947 2026/01/07T04:39:37z: p:993.24 gasR:8399897.00 iaq:75.33(0) T:10.94(16.54) H:64.71(45.66) sIaq:187.87(0) Stabilization:1 Run in:0
 0h00:52.582 2026/01/07T04:39:38z: DATA B(19),51,64,39,993.24,0.05,26448,0,52,0,1,1,0,1,1,4,4,150,42,7,1,0,0,187.87
 0h00:52.948 2026/01/07T04:39:38z: p:993.24 gasR:8571279.00 iaq:75.22(0) T:10.96(16.56) H:64.70(45.68) sIaq:187.28(0) Stabilization:1 Run in:0
 0h00:53.488 2026/01/07T04:39:39z: DATA B(20),51,64,39,993.24,0.05,26448,0,53,0,1,1,0,1,1,4,4,195,57,8,1,0,0,187.28
 0h00:53.947 2026/01/07T04:39:39z: p:993.25 gasR:8551148.00 iaq:75.14(0) T:10.97(16.58) H:64.75(45.69) sIaq:186.82(0) Stabilization:1 Run in:0
 0h00:54.323 2026/01/07T04:39:39z: DATA B(21),51,64,39,993.25,0.05,26448,0,54,0,1,1,0,1,1,4,4,195,57,8,1,0,0,186.82
 0h00:54.947 2026/01/07T04:39:40z: p:993.27 gasR:8380562.50 iaq:75.15(0) T:11.01(16.61) H:64.69(45.69) sIaq:186.89(0) Stabilization:1 Run in:0
 0h00:55.947 2026/01/07T04:39:41z: p:993.27 gasR:8425816.00 iaq:75.14(0) T:11.03(16.63) H:64.67(45.68) sIaq:186.82(0) Stabilization:1 Run in:0
 0h00:56.284 2026/01/07T04:39:41z: DATA A(22),51,64,39,993.27,0.05,26448,0,56,0,0,5,0,0,5,0,0,168,48,16,6,6,4,186.82
 0h00:56.947 2026/01/07T04:39:42z: p:993.26 gasR:8419322.00 iaq:75.13(0) T:11.05(16.65) H:64.68(45.70) sIaq:186.78(0) Stabilization:1 Run in:0
 0h00:57.118 2026/01/07T04:39:42z: DATA A(23),51,64,39,993.26,0.05,26448,0,57,0,0,5,0,0,5,0,0,168,48,16,6,6,4,186.78
 0h00:57.948 2026/01/07T04:39:43z: p:993.25 gasR:8329435.50 iaq:75.17(0) T:11.08(16.68) H:64.68(45.72) sIaq:186.99(0) Stabilization:1 Run in:0
 0h00:57.964 2026/01/07T04:39:43z: DATA A(24),51,64,39,993.25,0.05,26448,0,57,0,0,5,0,0,5,0,0,168,48,16,6,6,4,186.99
 0h00:58.857 2026/01/07T04:39:44z: DATA A(25),51,64,39,993.25,0.05,26448,0,58,0,0,4,0,0,4,0,0,162,48,13,5,5,4,186.99
 0h00:58.947 2026/01/07T04:39:44z: p:993.25 gasR:8348535.00 iaq:75.19(0) T:11.10(16.71) H:64.65(45.71) sIaq:187.12(0) Stabilization:1 Run in:0
 0h00:59.690 2026/01/07T04:39:45z: DATA A(26),51,64,39,993.25,0.05,26448,0,59,0,0,4,0,0,4,0,0,162,48,13,5,5,4,187.12
 0h00:59.948 2026/01/07T04:39:45z: p:993.26 gasR:8564558.00 iaq:75.10(0) T:11.14(16.74) H:64.62(45.74) sIaq:186.64(0) Stabilization:1 Run in:0
 0h01:00.947 2026/01/07T04:39:46z: p:993.25 gasR:8524454.00 iaq:75.04(0) T:11.17(16.77) H:64.64(45.75) sIaq:186.32(0) Stabilization:1 Run in:0
 0h01:01.215 2026/01/07T04:39:46z: DATA B(22),52,64,40,993.25,0.05,26448,0,61,0,1,1,0,1,1,4,4,219,63,8,1,0,0,186.32
 0h01:01.948 2026/01/07T04:39:47z: p:993.23 gasR:8451896.00 iaq:75.03(0) T:11.19(16.79) H:64.67(45.77) sIaq:186.23(0) Stabilization:1 Run in:0
 0h01:02.050 2026/01/07T04:39:47z: DATA B(23),52,64,40,993.23,0.05,26448,0,62,0,1,1,0,1,1,4,4,219,63,8,1,0,0,186.23
 0h01:02.886 2026/01/07T04:39:48z: DATA B(24),52,64,40,993.23,0.05,26448,0,62,0,1,1,0,1,1,4,4,219,63,8,1,0,0,186.23
 0h01:02.947 2026/01/07T04:39:48z: p:993.23 gasR:8531112.00 iaq:74.97(0) T:11.20(16.80) H:64.71(45.77) sIaq:185.94(0) Stabilization:1 Run in:0
 0h01:03.791 2026/01/07T04:39:49z: DATA B(25),52,64,40,993.23,0.05,26448,0,63,0,1,1,0,1,1,4,4,228,66,9,1,0,0,185.94
 0h01:03.947 2026/01/07T04:39:49z: p:993.23 gasR:8438836.00 iaq:74.97(0) T:11.20(16.81) H:64.80(45.79) sIaq:185.94(0) Stabilization:1 Run in:0
 0h01:04.626 2026/01/07T04:39:50z: DATA B(26),52,64,40,993.23,0.05,26448,0,64,0,1,1,0,1,1,4,4,228,66,9,1,0,0,185.94
 0h01:04.948 2026/01/07T04:39:50z: p:993.23 gasR:8380562.50 iaq:75.00(0) T:11.21(16.81) H:64.84(45.77) sIaq:186.10(0) Stabilization:1 Run in:0
 0h01:05.947 2026/01/07T04:39:51z: p:993.21 gasR:8380562.50 iaq:75.03(0) T:11.21(16.81) H:64.90(45.77) sIaq:186.24(0) Stabilization:1 Run in:0
 0h01:06.573 2026/01/07T04:39:52z: DATA A(27),52,64,40,993.21,0.05,26448,0,66,0,0,2,0,0,2,0,0,156,46,9,3,3,2,186.24
 0h01:06.947 2026/01/07T04:39:52z: p:993.21 gasR:8458441.00 iaq:75.01(0) T:11.22(16.82) H:64.92(45.76) sIaq:186.14(0) Stabilization:1 Run in:0
 0h01:07.407 2026/01/07T04:39:53z: DATA A(28),52,64,40,993.21,0.05,26448,0,67,0,0,2,0,0,2,0,0,156,46,9,3,3,2,186.14
 0h01:07.948 2026/01/07T04:39:53z: p:993.23 gasR:8412837.00 iaq:75.02(0) T:11.22(16.83) H:64.94(45.74) sIaq:186.18(0) Stabilization:1 Run in:0
 0h01:08.241 2026/01/07T04:39:53z: DATA A(29),52,64,40,993.23,0.05,26448,0,68,0,0,2,0,0,2,0,0,156,46,9,3,3,2,186.18
 0h01:08.947 2026/01/07T04:39:54z: p:993.22 gasR:8632244.00 iaq:74.91(0) T:11.22(16.82) H:64.99(45.72) sIaq:185.61(0) Stabilization:1 Run in:0
 0h01:09.145 2026/01/07T04:39:54z: DATA A(30),52,64,40,993.22,0.05,26448,0,69,0,0,2,0,0,2,0,0,138,40,8,2,2,2,185.61
 0h01:09.948 2026/01/07T04:39:55z: p:993.24 gasR:8578010.00 iaq:74.85(0) T:11.21(16.81) H:65.06(45.70) sIaq:185.26(0) Stabilization:1 Run in:0
 0h01:09.979 2026/01/07T04:39:55z: DATA A(31),52,65,40,993.24,0.05,26448,0,69,0,0,2,0,0,2,0,0,138,40,8,2,2,2,185.26
 0h01:10.948 2026/01/07T04:39:56z: p:993.22 gasR:8707946.00 iaq:74.73(0) T:11.20(16.80) H:65.08(45.66) sIaq:184.59(0) Stabilization:1 Run in:0
 0h01:11.519 2026/01/07T04:39:57z: DATA B(27),52,65,40,993.22,0.05,26448,0,71,0,1,1,0,1,1,4,4,222,68,5,1,0,0,184.59
 0h01:11.948 2026/01/07T04:39:57z: p:993.21 gasR:8406362.00 iaq:74.77(0) T:11.20(16.80) H:65.03(45.59) sIaq:184.84(0) Stabilization:1 Run in:0
 0h01:12.354 2026/01/07T04:39:57z: DATA B(28),52,65,40,993.21,0.05,26448,0,72,0,1,1,0,1,1,4,4,222,68,5,1,0,0,184.84
 0h01:12.947 2026/01/07T04:39:58z: p:993.24 gasR:8458441.00 iaq:74.78(0) T:11.20(16.81) H:65.00(45.55) sIaq:184.91(0) Stabilization:1 Run in:0
 0h01:13.189 2026/01/07T04:39:58z: DATA B(29),52,65,40,993.24,0.05,26448,0,73,0,1,1,0,1,1,4,4,222,68,5,1,0,0,184.91
 0h01:13.948 2026/01/07T04:39:59z: p:993.24 gasR:8491319.00 iaq:74.78(0) T:11.19(16.79) H:64.97(45.48) sIaq:184.88(0) Stabilization:1 Run in:0
 0h01:14.095 2026/01/07T04:39:59z: DATA B(30),52,64,40,993.24,0.05,26448,0,74,0,1,1,0,1,1,4,4,204,62,5,1,0,0,184.88
 0h01:14.930 2026/01/07T04:40:00z: DATA B(31),52,64,40,993.24,0.05,26448,0,74,0,1,1,0,1,1,4,4,204,62,5,1,0,0,184.88
 0h01:14.950 2026/01/07T04:40:00z: p:993.22 gasR:8497925.00 iaq:74.77(0) T:11.21(16.79) H:64.86(45.43) sIaq:184.83(0) Stabilization:1 Run in:0
 0h01:15.951 2026/01/07T04:40:01z: p:993.22 gasR:8584752.00 iaq:74.72(0) T:11.17(16.77) H:64.97(45.36) sIaq:184.56(0) Stabilization:1 Run in:0
 0h01:16.862 2026/01/07T04:40:02z: DATA A(32),52,64,40,993.22,0.05,26448,0,76,0,0,4,0,0,4,0,0,150,44,14,6,5,3,184.56
 0h01:16.950 2026/01/07T04:40:02z: p:993.22 gasR:8438836.00 iaq:74.75(0) T:11.18(16.78) H:64.88(45.32) sIaq:184.72(0) Stabilization:1 Run in:0
 0h01:17.696 2026/01/07T04:40:03z: DATA A(33),52,64,40,993.22,0.05,26448,0,77,0,0,4,0,0,4,0,0,150,44,14,6,5,3,184.72
 0h01:17.950 2026/01/07T04:40:03z: p:993.22 gasR:8652759.00 iaq:74.67(0) T:11.18(16.78) H:64.80(45.25) sIaq:184.27(0) Stabilization:1 Run in:0
 0h01:18.530 2026/01/07T04:40:04z: DATA A(34),52,64,40,993.22,0.05,26264,0,78,0,0,4,0,0,4,0,0,150,44,14,6,5,3,184.27
 0h01:18.951 2026/01/07T04:40:04z: p:993.21 gasR:8618622.00 iaq:74.61(0) T:11.18(16.78) H:64.75(45.21) sIaq:183.97(0) Stabilization:1 Run in:0
 0h01:19.434 2026/01/07T04:40:05z: DATA A(35),52,64,40,993.21,0.05,26448,0,79,0,0,3,0,0,3,0,0,150,44,12,5,4,2,183.97
 0h01:19.950 2026/01/07T04:40:05z: p:993.24 gasR:8471562.00 iaq:74.64(0) T:11.20(16.80) H:64.63(45.16) sIaq:184.12(0) Stabilization:1 Run in:0
 0h01:20.268 2026/01/07T04:40:05z: DATA A(36),52,64,40,993.24,0.05,26448,0,80,0,0,3,0,0,3,0,0,150,44,12,5,4,2,184.12
 0h01:20.951 2026/01/07T04:40:06z: p:993.23 gasR:8451896.00 iaq:74.67(0) T:11.21(16.81) H:64.57(45.12) sIaq:184.30(0) Stabilization:1 Run in:0
 0h01:21.822 2026/01/07T04:40:07z: DATA B(32),52,64,40,993.23,0.05,26448,0,81,0,0,2,0,0,2,0,0,162,42,9,5,2,1,184.30
 0h01:21.950 2026/01/07T04:40:07z: p:993.25 gasR:8524454.00 iaq:74.66(0) T:11.22(16.82) H:64.49(45.08) sIaq:184.26(0) Stabilization:1 Run in:0
 0h01:22.657 2026/01/07T04:40:08z: DATA B(33),52,64,40,993.25,0.05,26448,0,82,0,0,2,0,0,2,0,0,162,42,9,5,2,1,184.26
 0h01:22.951 2026/01/07T04:40:08z: p:993.26 gasR:8511169.00 iaq:74.66(0) T:11.24(16.84) H:64.41(45.06) sIaq:184.26(0) Stabilization:1 Run in:0
 0h01:23.492 2026/01/07T04:40:09z: DATA B(34),52,64,40,993.26,0.05,26448,0,83,0,0,2,0,0,2,0,0,162,42,9,5,2,1,184.26
 0h01:23.951 2026/01/07T04:40:09z: p:993.26 gasR:8605042.00 iaq:74.62(0) T:11.24(16.84) H:64.40(45.05) sIaq:184.00(0) Stabilization:1 Run in:0
 0h01:24.398 2026/01/07T04:40:10z: DATA B(35),52,64,40,993.26,0.05,26448,0,84,0,0,2,0,0,2,0,0,141,39,9,5,2,1,184.00
 0h01:24.950 2026/01/07T04:40:10z: p:993.27 gasR:8425816.00 iaq:74.67(0) T:11.25(16.85) H:64.37(45.04) sIaq:184.27(0) Stabilization:1 Run in:0
 0h01:25.233 2026/01/07T04:40:10z: DATA B(36),52,64,40,993.27,0.05,26448,0,85,0,0,2,0,0,2,0,0,141,39,9,5,2,1,184.27
 0h01:25.951 2026/01/07T04:40:11z: p:993.28 gasR:8625428.00 iaq:74.61(0) T:11.27(16.87) H:64.34(45.04) sIaq:183.95(0) Stabilization:1 Run in:0
 0h01:26.951 2026/01/07T04:40:12z: p:993.28 gasR:8605042.00 iaq:74.57(0) T:11.29(16.89) H:64.27(45.03) sIaq:183.73(0) Stabilization:1 Run in:0
 0h01:27.151 2026/01/07T04:40:12z: DATA A(37),52,64,40,993.28,0.05,26448,0,87,0,0,3,0,0,3,0,0,174,52,13,5,4,2,183.73
 0h01:27.951 2026/01/07T04:40:13z: p:993.28 gasR:8584752.00 iaq:74.54(0) T:11.30(16.91) H:64.31(45.07) sIaq:183.59(0) Stabilization:1 Run in:0
 0h01:27.985 2026/01/07T04:40:13z: DATA A(38),52,64,40,993.28,0.05,26448,0,87,0,0,3,0,0,3,0,0,174,52,13,5,4,2,183.59
 0h01:28.818 2026/01/07T04:40:14z: DATA A(39),52,64,40,993.28,0.05,26448,0,88,0,0,3,0,0,3,0,0,174,52,13,5,4,2,183.59
 0h01:28.950 2026/01/07T04:40:14z: p:993.27 gasR:8584752.00 iaq:74.52(0) T:11.32(16.92) H:64.28(45.07) sIaq:183.47(0) Stabilization:1 Run in:0
 0h01:29.723 2026/01/07T04:40:15z: DATA A(40),52,64,40,993.27,0.05,26448,0,89,0,0,3,0,0,3,0,0,168,50,13,5,4,2,183.47
 0h01:29.950 2026/01/07T04:40:15z: p:993.24 gasR:8639072.00 iaq:74.47(0) T:11.34(16.94) H:64.27(45.08) sIaq:183.21(0) Stabilization:1 Run in:0
 0h01:30.951 2026/01/07T04:40:16z: p:993.23 gasR:8497925.00 iaq:74.50(0) T:11.34(16.95) H:64.32(45.11) sIaq:183.37(0) Stabilization:1 Run in:0
 0h01:31.950 2026/01/07T04:40:17z: p:993.24 gasR:8605042.00 iaq:74.47(0) T:11.36(16.97) H:64.32(45.14) sIaq:183.21(0) Stabilization:1 Run in:0
 0h01:32.126 2026/01/07T04:40:17z: DATA B(37),52,64,40,993.24,0.05,26448,0,92,0,1,4,0,1,4,4,4,183,51,16,7,3,2,183.21
 0h01:32.951 2026/01/07T04:40:18z: p:993.22 gasR:8406362.00 iaq:74.55(0) T:11.38(16.98) H:64.35(45.17) sIaq:183.63(0) Stabilization:1 Run in:0
 0h01:32.969 2026/01/07T04:40:18z: DATA B(38),52,64,40,993.22,0.05,26448,0,92,0,1,4,0,1,4,4,4,183,51,16,7,3,2,183.63
 0h01:33.796 2026/01/07T04:40:19z: DATA B(39),52,64,40,993.22,0.05,26448,0,93,0,1,4,0,1,4,4,4,183,51,16,7,3,2,183.63
 0h01:33.950 2026/01/07T04:40:19z: p:993.21 gasR:8571279.00 iaq:74.53(0) T:11.39(17.00) H:64.40(45.22) sIaq:183.53(0) Stabilization:1 Run in:0
 0h01:34.702 2026/01/07T04:40:20z: DATA B(40),52,64,40,993.21,0.05,26448,0,94,0,1,4,0,1,4,4,4,195,53,18,6,3,2,183.53
 0h01:34.951 2026/01/07T04:40:20z: p:993.23 gasR:8639072.00 iaq:74.48(0) T:11.42(17.02) H:64.35(45.22) sIaq:183.26(0) Stabilization:1 Run in:0
 0h01:35.537 2026/01/07T04:40:21z: DATA B(41),52,64,40,993.23,0.05,26448,0,95,0,1,4,0,1,4,4,4,195,53,18,6,3,2,183.26
 0h01:35.951 2026/01/07T04:40:21z: p:993.20 gasR:8632244.00 iaq:74.44(0) T:11.43(17.03) H:64.38(45.24) sIaq:183.04(0) Stabilization:1 Run in:0
 0h01:36.535 2026/01/07T04:40:22z: DATA A(41),52,64,40,993.20,0.05,26448,0,96,0,0,2,0,0,2,0,0,150,48,12,4,3,1,183.04
 0h01:36.951 2026/01/07T04:40:22z: p:993.18 gasR:8537780.00 iaq:74.45(0) T:11.43(17.03) H:64.46(45.27) sIaq:183.10(0) Stabilization:1 Run in:0
 0h01:37.439 2026/01/07T04:40:23z: DATA A(42),52,64,40,993.18,0.05,26448,0,97,0,0,0,0,0,0,0,0,132,42,5,1,0,0,183.10
 0h01:37.951 2026/01/07T04:40:23z: p:993.18 gasR:8458441.00 iaq:74.50(0) T:11.42(17.02) H:64.55(45.27) sIaq:183.38(0) Stabilization:1 Run in:0
 0h01:38.273 2026/01/07T04:40:23z: DATA A(43),52,64,40,993.18,0.05,26448,0,98,0,0,0,0,0,0,0,0,132,42,5,1,0,0,183.38
 0h01:38.951 2026/01/07T04:40:24z: p:993.15 gasR:8578010.00 iaq:74.49(0) T:11.41(17.01) H:64.63(45.27) sIaq:183.29(0) Stabilization:1 Run in:0
 0h01:39.107 2026/01/07T04:40:24z: DATA A(44),52,64,40,993.15,0.05,26448,0,99,0,0,0,0,0,0,0,0,132,42,5,1,0,0,183.29
 0h01:39.950 2026/01/07T04:40:25z: p:993.16 gasR:8645910.00 iaq:74.44(0) T:11.40(17.00) H:64.70(45.26) sIaq:183.02(0) Stabilization:1 Run in:0
 0h01:40.011 2026/01/07T04:40:25z: DATA A(45),52,64,40,993.16,0.05,26448,0,100,0,0,1,0,0,1,0,0,150,48,6,1,0,0,183.02
 0h01:40.950 2026/01/07T04:40:26z: p:993.14 gasR:8605042.00 iaq:74.42(0) T:11.40(17.00) H:64.65(45.22) sIaq:182.90(0) Stabilization:1 Run in:0
 0h01:41.950 2026/01/07T04:40:27z: p:993.15 gasR:8491319.00 iaq:74.45(0) T:11.41(17.01) H:64.59(45.19) sIaq:183.11(0) Stabilization:1 Run in:0
 0h01:42.429 2026/01/07T04:40:28z: DATA B(42),52,64,40,993.15,0.05,26448,0,102,0,1,3,0,1,3,4,4,225,57,18,6,2,2,183.11
 0h01:42.951 2026/01/07T04:40:28z: p:993.16 gasR:8571279.00 iaq:74.45(0) T:11.43(17.03) H:64.54(45.17) sIaq:183.07(0) Stabilization:1 Run in:0
 0h01:43.265 2026/01/07T04:40:28z: DATA B(43),52,64,40,993.16,0.05,26448,0,103,0,1,3,0,1,3,4,4,225,57,18,6,2,2,183.07
{"SensorId":"a4:e5:7c:26:24:d4","DateTime":"2026/01/07T04:40:29z","Geo":"PurpleAir-24d4","Mem":26448,"memfrag":2,"memfb":25968,"memcs":800,"Id":1,"lat":0.000000,"lon":0.000000,"Adc":"nan","loggingrate":15,"place":"outside","version":"7.04","uptime":103,"rssi":0,"period":103,"httpsuccess":0,"httpsends":0,"hardwareversion":"3.0","hardwarediscovered":"3.0+RV3028+BME68X+PMSX003-A+PMSX003-B","current_temp_f":52,"current_humidity":64,"current_dewpoint_f":40,"pressure":993.16,"current_temp_f_680":52,"current_humidity_680":64,"current_dewpoint_f_680":40,"pressure_680":993.16,"gas_680":"nan","p25aqic_b":"rgb(0,228,0)","pm2.5_aqi_b":3,"pm1_0_cf_1_b":0.00,"p_0_3_um_b":196.95,"pm2_5_cf_1_b":0.81,"p_0_5_um_b":55.79,"pm10_0_cf_1_b":1.91,"p_1_0_um_b":10.47,"pm1_0_atm_b":0.00,"p_2_5_um_b":2.53,"pm2_5_atm_b":0.81,"p_5_0_um_b":1.09,"pm10_0_atm_b":1.91,"p_10_0_um_b":0.86,"p25aqic":"rgb(0,228,0)","pm2.5_aqi":0,"pm1_0_cf_1":0.00,"p_0_3_um":146.47,"pm2_5_cf_1":0.09,"p_0_5_um":42.56,"pm10_0_cf_1":2.49,"p_1_0_um":10.20,"pm1_0_atm":0.00,"p_2_5_um":3.76,"pm2_5_atm":0.09,"p_5_0_um":3.13,"pm10_0_atm":2.49,"p_10_0_um":1.62,"wlstate":"No SSID","status_0":0,"status_1":0,"status_2":0,"status_3":0,"status_4":2,"status_5":2,"status_7":0,"status_8":2,"status_9":2}
 0h01:44.070 2026/01/07T04:40:29z: update.purpleair.com:80/firmware/2mb/update.asp
 0h01:44.076 2026/01/07T04:40:29z: Error: -1
1 BSEC warning code : 100

UTCDateTime,mac_address,firmware_ver,hardware,current_temp_f,current_humidity,current_dewpoint_f,pressure,adc,mem,rssi,uptime,pm1_0_cf_1,pm2_5_cf_1,pm10_0_cf_1,pm1_0_atm,pm2_5_atm,pm10_0_atm,pm2.5_aqi_cf_1,pm2.5_aqi_atm,p_0_3_um,p_0_5_um,p_1_0_um,p_2_5_um,p_5_0_um,p_10_0_um,pm1_0_cf_1_b,pm2_5_cf_1_b,pm10_0_cf_1_b,pm1_0_atm_b,pm2_5_atm_b,pm10_0_atm_b,pm2.5_aqi_cf_1_b,pm2.5_aqi_atm_b,p_0_3_um_b,p_0_5_um_b,p_1_0_um_b,p_2_5_um_b,p_5_0_um_b,p_10_0_um_b,gas
2026/01/07T04:40:29z,a4:e5:7c:26:24:d4,7.04,3.0+RV3028+BME68X+PMSX003-A+PMSX003-B,52,64,40,993.16,nan,26448,0,104,0.00,0.09,2.49,0.00,0.09,2.49,0,0,146.47,42.56,10.20,3.76,3.13,1.62,0.00,0.81,1.91,0.00,0.81,1.91,3,3,196.95,55.79,10.47,2.53,1.09,0.86,nan
1 BSEC warning code : 100

1 BSEC warning code : 100

1 BSEC warning code : 100

1 BSEC warning code : 100

1 BSEC warning code : 100

1 BSEC warning code : 100

1 BSEC warning code : 100

1 BSEC warning code : 100

1 BSEC warning code : 100

1 BSEC warning code : 100

 ets Jan  8 2013,rst cause:1, boot mode:(3,7)

load 0x4010f000, len 1384, room 16 
tail 8
chksum 0x2d
csum 0x2d
v8b899c12
~ld


7.04
 0h00:00.284 1970/01/01T08:00:00z: SPIFFS Active
 0h00:03.957 2026/01/07T22:44:34z: a4:e5:7c:26:24:d4
 0h00:03.959 2026/01/07T22:44:34z: SSID: NothingButSunshine
1 BSEC warning code : 100

1 BSEC warning code : 100

1 BSEC warning code : 100

1 BSEC warning code : 100

1 BSEC warning code : 100

1 BSEC warning code : 100

1 BSEC warning code : 100

1 BSEC warning code : 100

1 BSEC warning code : 100

1 BSEC warning code : 100

 ets Jan  8 2013,rst cause:1, boot mode:(3,7)

load 0x4010f000, len 1384, room 16 
tail 8
chksum 0x2d
csum 0x2d
v8b899c12
~ld


7.04
 0h00:00.282 1970/01/01T08:00:00z: SPIFFS Active
 0h00:03.955 2026/01/07T23:04:19z: a4:e5:7c:26:24:d4
 0h00:03.956 2026/01/07T23:04:19z: SSID: NothingButSunshine
 0h00:12.428 2026/01/07T23:04:28z: PMSX003-A (1466ms)
 0h00:13.843 2026/01/07T23:04:29z: PMSX003-B (1414ms)
 0h00:13.845 2026/01/07T23:04:29z: 3.0+RV3028+BME68X+PMSX003-A+PMSX003-B
 0h00:14.860 2026/01/07T23:04:30z: p:992.94 gasR:2843457.25 iaq:119.86(0) T:8.19(11.19) H:77.36(43.34) sIaq:430.02(0) Stabilization:1 Run in:0
 0h00:15.012 2026/01/07T23:04:30z: DATA A(2),46,77,39,992.94,0.05,26448,0,15,0,0,0,0,0,0,0,0,30,8,2,1,1,1,430.02
 0h00:15.860 2026/01/07T23:04:31z: p:993.05 gasR:2849391.25 iaq:119.38(0) T:8.81(14.41) H:74.55(44.11) sIaq:427.40(0) Stabilization:1 Run in:0
 0h00:15.916 2026/01/07T23:04:31z: DATA A(3),47,74,39,993.05,0.05,26448,0,15,0,0,0,0,0,0,0,0,15,5,1,1,1,1,427.40
 0h00:16.750 2026/01/07T23:04:32z: DATA A(4),47,74,39,993.05,0.05,26448,0,16,0,0,0,0,0,0,0,0,15,5,1,1,1,1,427.40
 0h00:16.859 2026/01/07T23:04:32z: p:993.05 gasR:2855350.25 iaq:118.95(0) T:9.62(15.22) H:70.36(44.30) sIaq:425.05(0) Stabilization:1 Run in:0
 0h00:17.584 2026/01/07T23:04:33z: DATA A(5),49,70,39,993.05,0.05,26448,0,17,0,0,0,0,0,0,0,0,15,5,1,1,1,1,425.05
 0h00:17.859 2026/01/07T23:04:33z: p:993.07 gasR:2846421.25 iaq:118.58(0) T:9.95(15.55) H:68.42(44.29) sIaq:423.05(0) Stabilization:1 Run in:0
 0h00:18.489 2026/01/07T23:04:34z: DATA A(6),49,68,39,993.07,0.05,26448,0,18,0,0,0,0,0,0,0,0,21,7,1,1,1,1,423.05
 0h00:18.860 2026/01/07T23:04:34z: p:993.06 gasR:2855350.25 iaq:118.24(0) T:10.13(15.74) H:67.08(44.16) sIaq:421.21(0) Stabilization:1 Run in:0
 0h00:19.860 2026/01/07T23:04:35z: p:993.05 gasR:2852367.75 iaq:117.95(0) T:10.25(15.86) H:66.06(43.98) sIaq:419.61(0) Stabilization:1 Run in:0
 0h00:20.748 2026/01/07T23:04:36z: DATA B(2),50,66,39,993.05,0.05,26448,0,20,0,0,0,0,0,0,0,0,51,10,0,0,0,0,419.61
 0h00:20.860 2026/01/07T23:04:36z: p:993.06 gasR:2882477.25 iaq:117.64(0) T:10.35(15.95) H:65.11(43.75) sIaq:417.95(0) Stabilization:1 Run in:0
 0h00:21.583 2026/01/07T23:04:37z: DATA B(3),50,65,38,993.06,0.05,26448,0,21,0,0,0,0,0,0,0,0,51,10,0,0,0,0,417.95
 0h00:21.859 2026/01/07T23:04:37z: p:993.08 gasR:2855350.25 iaq:117.41(0) T:10.43(16.03) H:64.34(43.54) sIaq:416.71(0) Stabilization:1 Run in:0
 0h00:22.419 2026/01/07T23:04:38z: DATA B(4),50,64,38,993.08,0.05,26448,0,22,0,0,0,0,0,0,0,0,51,10,0,0,0,0,416.71
 0h00:22.860 2026/01/07T23:04:38z: p:993.08 gasR:2873377.75 iaq:117.18(0) T:10.50(16.10) H:63.62(43.33) sIaq:415.46(0) Stabilization:1 Run in:0
 0h00:23.324 2026/01/07T23:04:39z: DATA B(5),50,63,38,993.08,0.05,26448,0,23,0,0,0,0,0,0,0,0,81,21,3,1,0,0,415.46
 0h00:23.860 2026/01/07T23:04:39z: p:993.07 gasR:2870357.50 iaq:116.98(0) T:10.56(16.16) H:62.98(43.13) sIaq:414.38(0) Stabilization:1 Run in:0
 0h00:24.159 2026/01/07T23:04:39z: DATA B(6),51,62,38,993.07,0.05,26448,0,24,0,0,0,0,0,0,0,0,81,21,3,1,0,0,414.38
 0h00:24.860 2026/01/07T23:04:40z: p:993.06 gasR:2867343.25 iaq:116.81(0) T:10.62(16.23) H:62.41(42.95) sIaq:413.45(0) Stabilization:1 Run in:0
 0h00:25.301 2026/01/07T23:04:41z: DATA A(7),51,62,38,993.06,0.05,26448,0,25,0,0,1,0,0,1,0,0,51,17,2,2,2,1,413.45
 0h00:25.860 2026/01/07T23:04:41z: p:993.06 gasR:2849391.25 iaq:116.69(0) T:10.68(16.28) H:61.92(42.79) sIaq:412.78(0) Stabilization:1 Run in:0
 0h00:26.205 2026/01/07T23:04:41z: DATA A(8),51,61,38,993.06,0.05,26448,0,26,0,0,1,0,0,1,0,0,57,19,3,2,2,1,412.78
 0h00:26.859 2026/01/07T23:04:42z: p:993.07 gasR:2858339.25 iaq:116.57(0) T:10.73(16.33) H:61.54(42.66) sIaq:412.11(0) Stabilization:1 Run in:0
 0h00:27.039 2026/01/07T23:04:42z: DATA A(9),51,61,38,993.07,0.05,26448,0,27,0,0,1,0,0,1,0,0,57,19,3,2,2,1,412.11
 0h00:27.860 2026/01/07T23:04:43z: p:993.08 gasR:2873377.75 iaq:116.44(0) T:10.78(16.38) H:61.12(42.51) sIaq:411.40(0) Stabilization:1 Run in:0
 0h00:27.877 2026/01/07T23:04:43z: DATA A(10),51,61,38,993.08,0.05,26448,0,27,0,0,1,0,0,1,0,0,57,19,3,2,2,1,411.40
 0h00:28.777 2026/01/07T23:04:44z: DATA A(11),51,61,38,993.08,0.05,26448,0,28,0,0,1,0,0,1,0,0,63,19,3,2,2,1,411.40
 0h00:28.859 2026/01/07T23:04:44z: p:993.08 gasR:2864335.75 iaq:116.33(0) T:10.81(16.42) H:60.80(42.38) sIaq:410.84(0) Stabilization:1 Run in:0
 0h00:29.859 2026/01/07T23:04:45z: p:993.07 gasR:2879437.50 iaq:116.22(0) T:10.86(16.46) H:60.49(42.26) sIaq:410.22(0) Stabilization:1 Run in:0
 0h00:30.146 2026/01/07T23:04:45z: DATA B(7),51,60,37,993.07,0.05,26448,0,30,0,0,0,0,0,0,0,0,114,25,3,1,0,0,410.22
 0h00:30.860 2026/01/07T23:04:46z: p:993.08 gasR:2873377.75 iaq:116.13(0) T:10.89(16.49) H:60.25(42.17) sIaq:409.73(0) Stabilization:1 Run in:0
 0h00:31.052 2026/01/07T23:04:46z: DATA B(8),51,60,37,993.08,0.05,26448,0,31,0,0,0,0,0,0,0,0,117,26,3,1,0,0,409.73
 0h00:31.860 2026/01/07T23:04:47z: p:993.10 gasR:2861334.25 iaq:116.07(0) T:10.93(16.53) H:60.00(42.07) sIaq:409.39(0) Stabilization:1 Run in:0
 0h00:31.887 2026/01/07T23:04:47z: DATA B(9),51,60,37,993.10,0.05,26448,0,31,0,0,0,0,0,0,0,0,117,26,3,1,0,0,409.39
 0h00:32.722 2026/01/07T23:04:48z: DATA B(10),51,60,37,993.10,0.05,26264,0,32,0,0,0,0,0,0,0,0,117,26,3,1,0,0,409.39
 0h00:32.860 2026/01/07T23:04:48z: p:993.08 gasR:2870357.50 iaq:116.00(0) T:10.97(16.57) H:59.76(41.97) sIaq:409.01(0) Stabilization:1 Run in:0
 0h00:33.627 2026/01/07T23:04:49z: DATA B(11),51,59,37,993.08,0.05,26448,0,33,0,0,0,0,0,0,0,0,108,23,3,1,0,0,409.01
 0h00:33.859 2026/01/07T23:04:49z: p:993.08 gasR:2876404.50 iaq:115.93(0) T:11.00(16.60) H:59.62(41.92) sIaq:408.63(0) Stabilization:1 Run in:0
 0h00:34.859 2026/01/07T23:04:50z: p:993.10 gasR:2879437.50 iaq:115.86(0) T:11.03(16.63) H:59.43(41.81) sIaq:408.27(0) Stabilization:1 Run in:0
 0h00:35.589 2026/01/07T23:04:51z: DATA A(12),51,59,37,993.10,0.05,26448,0,35,0,0,0,0,0,0,0,0,60,18,2,1,1,0,408.27
 0h00:35.860 2026/01/07T23:04:51z: p:993.10 gasR:2897771.50 iaq:115.77(0) T:11.06(16.67) H:59.26(41.76) sIaq:407.80(0) Stabilization:1 Run in:0
 0h00:36.493 2026/01/07T23:04:52z: DATA A(13),51,59,37,993.10,0.05,26448,0,36,0,0,0,0,0,0,0,0,75,19,2,1,1,0,407.80
 0h00:36.860 2026/01/07T23:04:52z: p:993.09 gasR:2861334.25 iaq:115.75(0) T:11.09(16.69) H:59.17(41.71) sIaq:407.69(0) Stabilization:1 Run in:0
 0h00:37.327 2026/01/07T23:04:53z: DATA A(14),51,59,37,993.09,0.05,26448,0,37,0,0,0,0,0,0,0,0,75,19,2,1,1,0,407.69
 0h00:37.860 2026/01/07T23:04:53z: p:993.08 gasR:2885523.00 iaq:115.70(0) T:11.11(16.71) H:59.03(41.63) sIaq:407.39(0) Stabilization:1 Run in:0
 0h00:38.161 2026/01/07T23:04:53z: DATA A(15),51,59,37,993.08,0.05,26448,0,38,0,0,0,0,0,0,0,0,75,19,2,1,1,0,407.39
 0h00:38.859 2026/01/07T23:04:54z: p:993.09 gasR:2870357.50 iaq:115.67(0) T:11.14(16.74) H:58.94(41.60) sIaq:407.25(0) Stabilization:1 Run in:0
 0h00:39.065 2026/01/07T23:04:54z: DATA A(16),52,58,38,993.09,0.05,26448,0,39,0,0,0,0,0,0,0,0,90,24,2,1,1,0,407.25
 0h00:39.860 2026/01/07T23:04:55z: p:993.09 gasR:2849391.25 iaq:115.68(0) T:11.17(16.77) H:58.82(41.53) sIaq:407.30(0) Stabilization:1 Run in:0
 0h00:40.449 2026/01/07T23:04:56z: DATA B(12),52,58,38,993.09,0.05,26448,0,40,0,0,1,0,0,1,0,0,111,24,4,2,1,0,407.30
 0h00:40.859 2026/01/07T23:04:56z: p:993.10 gasR:2852367.75 iaq:115.69(0) T:11.18(16.78) H:58.79(41.48) sIaq:407.31(0) Stabilization:1 Run in:0
 0h00:41.355 2026/01/07T23:04:57z: DATA B(13),52,58,38,993.10,0.05,26448,0,41,0,0,1,0,0,1,0,0,111,24,4,2,1,0,407.31
 0h00:41.861 2026/01/07T23:04:57z: p:993.10 gasR:2903934.75 iaq:115.61(0) T:11.20(16.79) H:58.71(41.45) sIaq:406.91(0) Stabilization:1 Run in:0
 0h00:42.190 2026/01/07T23:04:57z: DATA B(14),52,58,37,993.10,0.05,26448,0,42,0,0,1,0,0,1,0,0,111,24,4,2,1,0,406.91
 0h00:42.861 2026/01/07T23:04:58z: p:993.10 gasR:2910124.25 iaq:115.53(0) T:11.19(16.79) H:58.76(41.40) sIaq:406.50(0) Stabilization:1 Run in:0
 0h00:43.025 2026/01/07T23:04:58z: DATA B(15),52,58,38,993.10,0.05,26448,0,43,0,0,1,0,0,1,0,0,111,24,4,2,1,0,406.50
 0h00:43.860 2026/01/07T23:04:59z: p:993.09 gasR:2882477.25 iaq:115.51(0) T:11.21(16.82) H:58.68(41.37) sIaq:406.36(0) Stabilization:1 Run in:0
 0h00:43.930 2026/01/07T23:04:59z: DATA B(16),52,58,37,993.09,0.05,26448,0,43,0,0,1,0,0,1,0,0,111,24,4,2,1,0,406.36
 0h00:44.861 2026/01/07T23:05:00z: p:993.12 gasR:2894699.75 iaq:115.47(0) T:11.22(16.82) H:58.71(41.36) sIaq:406.14(0) Stabilization:1 Run in:0
 0h00:45.861 2026/01/07T23:05:01z: p:993.11 gasR:2903934.75 iaq:115.42(0) T:11.23(16.83) H:58.69(41.34) sIaq:405.87(0) Stabilization:1 Run in:0
 0h00:45.879 2026/01/07T23:05:01z: DATA A(17),52,58,37,993.11,0.05,26448,0,45,0,0,1,0,0,1,0,0,117,33,3,2,2,1,405.87
 0h00:46.781 2026/01/07T23:05:02z: DATA A(18),52,58,37,993.11,0.05,26448,0,46,0,0,1,0,0,1,0,0,99,27,2,1,1,1,405.87
 0h00:46.861 2026/01/07T23:05:02z: p:993.10 gasR:2852367.75 iaq:115.45(0) T:11.25(16.86) H:58.60(41.29) sIaq:406.06(0) Stabilization:1 Run in:0
 0h00:47.615 2026/01/07T23:05:03z: DATA A(19),52,58,37,993.10,0.05,26448,0,47,0,0,1,0,0,1,0,0,99,27,2,1,1,1,406.06
 0h00:47.860 2026/01/07T23:05:03z: p:993.12 gasR:2916340.25 iaq:115.39(0) T:11.27(16.87) H:58.59(41.28) sIaq:405.70(0) Stabilization:1 Run in:0
 0h00:48.449 2026/01/07T23:05:04z: DATA A(20),52,58,37,993.12,0.05,26448,0,48,0,0,1,0,0,1,0,0,99,27,2,1,1,1,405.70
 0h00:48.861 2026/01/07T23:05:04z: p:993.10 gasR:2928852.25 iaq:115.31(0) T:11.27(16.88) H:58.59(41.26) sIaq:405.28(0) Stabilization:1 Run in:0
 0h00:49.353 2026/01/07T23:05:05z: DATA A(21),52,58,37,993.10,0.05,26448,0,49,0,0,1,0,0,1,0,0,93,25,2,1,1,1,405.28
 0h00:49.860 2026/01/07T23:05:05z: p:993.10 gasR:2834602.00 iaq:115.39(0) T:11.29(16.89) H:58.52(41.22) sIaq:405.68(0) Stabilization:1 Run in:0
 0h00:50.752 2026/01/07T23:05:06z: DATA B(17),52,58,37,993.10,0.05,26448,0,50,0,0,0,0,0,0,0,0,90,17,1,1,1,0,405.68
 0h00:50.861 2026/01/07T23:05:06z: p:993.10 gasR:2897771.50 iaq:115.35(0) T:11.30(16.90) H:58.50(41.19) sIaq:405.52(0) Stabilization:1 Run in:0
 0h00:51.657 2026/01/07T23:05:07z: DATA B(18),52,58,37,993.10,0.05,26448,0,51,0,0,0,0,0,0,0,0,90,18,1,1,1,0,405.52
 0h00:51.860 2026/01/07T23:05:07z: p:993.11 gasR:2870357.50 iaq:115.37(0) T:11.32(16.93) H:58.44(41.16) sIaq:405.60(0) Stabilization:1 Run in:0
 0h00:52.492 2026/01/07T23:05:08z: DATA B(19),52,58,37,993.11,0.05,26448,0,52,0,0,0,0,0,0,0,0,90,18,1,1,1,0,405.60
 0h00:52.860 2026/01/07T23:05:08z: p:993.10 gasR:2885523.00 iaq:115.36(0) T:11.34(16.94) H:58.41(41.14) sIaq:405.55(0) Stabilization:1 Run in:0
 0h00:53.328 2026/01/07T23:05:09z: DATA B(20),52,58,37,993.10,0.05,26448,0,53,0,0,0,0,0,0,0,0,90,18,1,1,1,0,405.55
 0h00:53.861 2026/01/07T23:05:09z: p:993.10 gasR:2873377.75 iaq:115.37(0) T:11.35(16.95) H:58.39(41.11) sIaq:405.60(0) Stabilization:1 Run in:0
 0h00:54.233 2026/01/07T23:05:09z: DATA B(21),52,58,37,993.10,0.05,26448,0,54,0,0,0,0,0,0,0,0,48,16,2,2,1,0,405.60
 0h00:54.860 2026/01/07T23:05:10z: p:993.11 gasR:2849391.25 iaq:115.42(0) T:11.36(16.96) H:58.42(41.12) sIaq:405.84(0) Stabilization:1 Run in:0
 0h00:55.861 2026/01/07T23:05:11z: p:993.12 gasR:2897771.50 iaq:115.38(0) T:11.37(16.97) H:58.36(41.07) sIaq:405.66(0) Stabilization:1 Run in:0
 0h00:56.165 2026/01/07T23:05:11z: DATA A(22),52,58,37,993.12,0.05,26448,0,56,0,0,1,0,0,1,0,0,105,31,1,1,1,1,405.66
 0h00:56.861 2026/01/07T23:05:12z: p:993.11 gasR:2903934.75 iaq:115.34(0) T:11.37(16.97) H:58.36(41.05) sIaq:405.46(0) Stabilization:1 Run in:0
 0h00:57.069 2026/01/07T23:05:12z: DATA A(23),52,58,37,993.11,0.05,26448,0,57,0,0,1,0,0,1,0,0,105,31,1,1,1,1,405.46
 0h00:57.862 2026/01/07T23:05:13z: p:993.12 gasR:2925714.25 iaq:115.28(0) T:11.38(16.98) H:58.35(41.02) sIaq:405.10(0) Stabilization:1 Run in:0
 0h00:57.903 2026/01/07T23:05:13z: DATA A(24),52,58,37,993.12,0.05,26448,0,57,0,0,1,0,0,1,0,0,105,31,1,1,1,1,405.10
 0h00:58.737 2026/01/07T23:05:14z: DATA A(25),52,58,37,993.12,0.05,26448,0,58,0,0,1,0,0,1,0,0,105,31,1,1,1,1,405.10
 0h00:58.860 2026/01/07T23:05:14z: p:993.13 gasR:2903934.75 iaq:115.25(0) T:11.38(16.99) H:58.33(40.99) sIaq:404.96(0) Stabilization:1 Run in:0
 0h00:59.641 2026/01/07T23:05:15z: DATA A(26),52,58,37,993.13,0.05,26448,0,59,0,0,1,0,0,1,0,0,102,30,1,1,1,1,404.96
 0h00:59.861 2026/01/07T23:05:15z: p:993.13 gasR:2919458.25 iaq:115.21(0) T:11.40(17.00) H:58.30(40.97) sIaq:404.71(0) Stabilization:1 Run in:0
 0h01:00.860 2026/01/07T23:05:16z: p:993.11 gasR:2867343.25 iaq:115.24(0) T:11.40(17.00) H:58.31(40.95) sIaq:404.92(0) Stabilization:1 Run in:0
 0h01:01.055 2026/01/07T23:05:16z: DATA B(22),52,58,37,993.11,0.05,26448,0,61,0,0,0,0,0,0,0,0,51,17,2,2,1,0,404.92
 0h01:01.860 2026/01/07T23:05:17z: p:993.12 gasR:2849391.25 iaq:115.31(0) T:11.41(17.01) H:58.27(40.91) sIaq:405.25(0) Stabilization:1 Run in:0
 0h01:01.960 2026/01/07T23:05:17z: DATA B(23),52,58,37,993.12,0.05,26448,0,61,0,0,1,0,0,1,0,0,63,21,2,2,1,0,405.25
 0h01:02.796 2026/01/07T23:05:18z: DATA B(24),52,58,37,993.12,0.05,26448,0,62,0,0,1,0,0,1,0,0,63,21,2,2,1,0,405.25
 0h01:02.861 2026/01/07T23:05:18z: p:993.12 gasR:2858339.25 iaq:115.35(0) T:11.41(17.01) H:58.29(40.91) sIaq:405.47(0) Stabilization:1 Run in:0
 0h01:03.631 2026/01/07T23:05:19z: DATA B(25),52,58,37,993.12,0.05,26448,0,63,0,0,1,0,0,1,0,0,63,21,2,2,1,0,405.47
 0h01:03.860 2026/01/07T23:05:19z: p:993.11 gasR:2907026.25 iaq:115.31(0) T:11.41(17.01) H:58.33(40.91) sIaq:405.26(0) Stabilization:1 Run in:0
 0h01:04.537 2026/01/07T23:05:20z: DATA B(26),52,58,37,993.11,0.05,26448,0,64,0,0,0,0,0,0,0,0,81,27,1,1,0,0,405.26
 0h01:04.861 2026/01/07T23:05:20z: p:993.11 gasR:2867343.25 iaq:115.33(0) T:11.41(17.01) H:58.30(40.86) sIaq:405.41(0) Stabilization:1 Run in:0
 0h01:05.860 2026/01/07T23:05:21z: p:993.12 gasR:2882477.25 iaq:115.34(0) T:11.43(17.03) H:58.28(40.86) sIaq:405.41(0) Stabilization:1 Run in:0
 0h01:06.453 2026/01/07T23:05:22z: DATA A(27),52,58,37,993.12,0.05,26448,0,66,0,0,1,0,0,1,0,0,78,26,1,1,1,1,405.41
 0h01:06.861 2026/01/07T23:05:22z: p:993.12 gasR:2907026.25 iaq:115.30(0) T:11.44(17.04) H:58.27(40.86) sIaq:405.22(0) Stabilization:1 Run in:0
 0h01:07.357 2026/01/07T23:05:23z: DATA A(28),52,58,37,993.12,0.05,26448,0,67,0,0,0,0,0,0,0,0,63,21,0,0,0,0,405.22
 0h01:07.861 2026/01/07T23:05:23z: p:993.13 gasR:2919458.25 iaq:115.25(0) T:11.45(17.05) H:58.24(40.85) sIaq:404.95(0) Stabilization:1 Run in:0
 0h01:08.191 2026/01/07T23:05:23z: DATA A(29),52,58,37,993.13,0.05,26448,0,68,0,0,0,0,0,0,0,0,63,21,0,0,0,0,404.95
 0h01:08.861 2026/01/07T23:05:24z: p:993.13 gasR:2894699.75 iaq:115.24(0) T:11.45(17.05) H:58.23(40.82) sIaq:404.91(0) Stabilization:1 Run in:0
 0h01:09.025 2026/01/07T23:05:24z: DATA A(30),52,58,37,993.13,0.05,26448,0,69,0,0,0,0,0,0,0,0,63,21,0,0,0,0,404.91
 0h01:09.861 2026/01/07T23:05:25z: p:993.11 gasR:2897771.50 iaq:115.23(0) T:11.47(17.07) H:58.21(40.83) sIaq:404.85(0) Stabilization:1 Run in:0
 0h01:09.929 2026/01/07T23:05:25z: DATA A(31),52,58,37,993.11,0.05,26448,0,69,0,0,0,0,0,0,0,0,45,15,0,0,0,0,404.85
 0h01:10.860 2026/01/07T23:05:26z: p:993.13 gasR:2913229.00 iaq:115.20(0) T:11.48(17.08) H:58.23(40.84) sIaq:404.67(0) Stabilization:1 Run in:0
 0h01:11.359 2026/01/07T23:05:27z: DATA B(27),52,58,37,993.13,0.05,26448,0,71,0,0,0,0,0,0,0,0,84,28,1,1,0,0,404.67
 0h01:11.861 2026/01/07T23:05:27z: p:993.12 gasR:2891634.25 iaq:115.20(0) T:11.49(17.09) H:58.18(40.82) sIaq:404.70(0) Stabilization:1 Run in:0
 0h01:12.264 2026/01/07T23:05:28z: DATA B(28),52,58,37,993.12,0.05,26448,0,72,0,0,0,0,0,0,0,0,93,31,1,1,0,0,404.70
 0h01:12.860 2026/01/07T23:05:28z: p:993.12 gasR:2907026.25 iaq:115.18(0) T:11.50(17.10) H:58.20(40.83) sIaq:404.59(0) Stabilization:1 Run in:0
 0h01:13.099 2026/01/07T23:05:28z: DATA B(29),52,58,37,993.12,0.05,26448,0,73,0,0,0,0,0,0,0,0,93,31,1,1,0,0,404.59
 0h01:13.861 2026/01/07T23:05:29z: p:993.12 gasR:2913229.00 iaq:115.16(0) T:11.52(17.12) H:58.18(40.83) sIaq:404.45(0) Stabilization:1 Run in:0
 0h01:13.935 2026/01/07T23:05:29z: DATA B(30),52,58,37,993.12,0.05,26448,0,73,0,0,0,0,0,0,0,0,93,31,1,1,0,0,404.45
 0h01:14.840 2026/01/07T23:05:30z: DATA B(31),52,58,37,993.12,0.05,26448,0,74,0,0,0,0,0,0,0,0,75,25,1,1,0,0,404.45
 0h01:14.860 2026/01/07T23:05:30z: p:993.12 gasR:2900849.75 iaq:115.15(0) T:11.52(17.13) H:58.20(40.84) sIaq:404.43(0) Stabilization:1 Run in:0
 0h01:15.860 2026/01/07T23:05:31z: p:993.13 gasR:2888575.50 iaq:115.17(0) T:11.53(17.13) H:58.21(40.84) sIaq:404.51(0) Stabilization:1 Run in:0
 0h01:16.740 2026/01/07T23:05:32z: DATA A(32),52,58,37,993.13,0.05,26448,0,76,0,0,0,0,0,0,0,0,48,16,0,0,0,0,404.51
 0h01:16.861 2026/01/07T23:05:32z: p:993.12 gasR:2897771.50 iaq:115.17(0) T:11.53(17.13) H:58.24(40.83) sIaq:404.50(0) Stabilization:1 Run in:0
 0h01:17.644 2026/01/07T23:05:33z: DATA A(33),52,58,37,993.12,0.05,26448,0,77,0,0,0,0,0,0,0,0,27,9,0,0,0,0,404.50
 0h01:17.860 2026/01/07T23:05:33z: p:993.14 gasR:2903934.75 iaq:115.16(0) T:11.54(17.14) H:58.24(40.83) sIaq:404.45(0) Stabilization:1 Run in:0
 0h01:18.478 2026/01/07T23:05:34z: DATA A(34),52,58,37,993.14,0.05,26264,0,78,0,0,0,0,0,0,0,0,27,9,0,0,0,0,404.45
 0h01:18.861 2026/01/07T23:05:34z: p:993.11 gasR:2928852.25 iaq:115.11(0) T:11.53(17.14) H:58.29(40.84) sIaq:404.21(0) Stabilization:1 Run in:0
 0h01:19.312 2026/01/07T23:05:35z: DATA A(35),52,58,37,993.11,0.05,26448,0,79,0,0,0,0,0,0,0,0,27,9,0,0,0,0,404.21
 0h01:19.860 2026/01/07T23:05:35z: p:993.14 gasR:2897771.50 iaq:115.12(0) T:11.55(17.15) H:58.27(40.84) sIaq:404.24(0) Stabilization:1 Run in:0
 0h01:20.217 2026/01/07T23:05:35z: DATA A(36),52,58,37,993.14,0.05,26448,0,80,0,0,0,0,0,0,0,0,27,9,1,1,1,1,404.24
 0h01:20.861 2026/01/07T23:05:36z: p:993.12 gasR:2907026.25 iaq:115.11(0) T:11.56(17.16) H:58.23(40.82) sIaq:404.20(0) Stabilization:1 Run in:0
 0h01:21.662 2026/01/07T23:05:37z: DATA B(32),52,58,37,993.12,0.05,26448,0,81,0,0,0,0,0,0,0,0,69,23,0,0,0,0,404.20
 0h01:21.860 2026/01/07T23:05:37z: p:993.16 gasR:2919458.25 iaq:115.09(0) T:11.59(17.19) H:58.17(40.83) sIaq:404.06(0) Stabilization:1 Run in:0
 0h01:22.567 2026/01/07T23:05:38z: DATA B(33),52,58,37,993.16,0.05,26448,0,82,0,0,0,0,0,0,0,0,75,25,0,0,0,0,404.06
 0h01:22.861 2026/01/07T23:05:38z: p:993.15 gasR:2916340.25 iaq:115.07(0) T:11.60(17.21) H:58.16(40.83) sIaq:403.97(0) Stabilization:1 Run in:0
 0h01:23.403 2026/01/07T23:05:39z: DATA B(34),52,58,37,993.15,0.05,26448,0,83,0,0,0,0,0,0,0,0,75,25,0,0,0,0,403.97
 0h01:23.860 2026/01/07T23:05:39z: p:993.14 gasR:2885523.00 iaq:115.10(0) T:11.62(17.22) H:58.13(40.83) sIaq:404.14(0) Stabilization:1 Run in:0
 0h01:24.238 2026/01/07T23:05:39z: DATA B(35),52,58,37,993.14,0.05,26448,0,84,0,0,0,0,0,0,0,0,75,25,0,0,0,0,404.14
 0h01:24.860 2026/01/07T23:05:40z: p:993.11 gasR:2903934.75 iaq:115.10(0) T:11.63(17.23) H:58.14(40.83) sIaq:404.14(0) Stabilization:1 Run in:0
 0h01:25.143 2026/01/07T23:05:40z: DATA B(36),52,58,37,993.11,0.05,26448,0,85,0,0,0,0,0,0,0,0,75,25,0,0,0,0,404.14
 0h01:25.861 2026/01/07T23:05:41z: p:993.12 gasR:2907026.25 iaq:115.10(0) T:11.65(17.25) H:58.12(40.84) sIaq:404.11(0) Stabilization:1 Run in:0
 0h01:26.860 2026/01/07T23:05:42z: p:993.11 gasR:2888575.50 iaq:115.12(0) T:11.67(17.27) H:58.09(40.85) sIaq:404.24(0) Stabilization:1 Run in:0
 0h01:27.029 2026/01/07T23:05:42z: DATA A(37),53,58,38,993.11,0.05,26448,0,87,0,0,0,0,0,0,0,0,51,15,1,1,1,1,404.24
 0h01:27.861 2026/01/07T23:05:43z: p:993.12 gasR:2903934.75 iaq:115.12(0) T:11.68(17.28) H:58.11(40.85) sIaq:404.23(0) Stabilization:1 Run in:0
 0h01:27.933 2026/01/07T23:05:43z: DATA A(38),53,58,38,993.12,0.05,26448,0,87,0,0,0,0,0,0,0,0,57,17,1,1,1,1,404.23
 0h01:28.767 2026/01/07T23:05:44z: DATA A(39),53,58,38,993.12,0.05,26448,0,88,0,0,0,0,0,0,0,0,57,17,1,1,1,1,404.23
 0h01:28.860 2026/01/07T23:05:44z: p:993.11 gasR:2897771.50 iaq:115.13(0) T:11.69(17.30) H:58.10(40.85) sIaq:404.28(0) Stabilization:1 Run in:0
 0h01:29.601 2026/01/07T23:05:45z: DATA A(40),53,58,38,993.11,0.05,26448,0,89,0,0,0,0,0,0,0,0,57,17,1,1,1,1,404.28
 0h01:29.860 2026/01/07T23:05:45z: p:993.11 gasR:2876404.50 iaq:115.17(0) T:11.69(17.29) H:58.18(40.85) sIaq:404.49(0) Stabilization:1 Run in:0
 0h01:30.861 2026/01/07T23:05:46z: p:993.12 gasR:2903934.75 iaq:115.16(0) T:11.69(17.30) H:58.19(40.85) sIaq:404.46(0) Stabilization:1 Run in:0
 0h01:31.860 2026/01/07T23:05:47z: p:993.13 gasR:2900849.75 iaq:115.16(0) T:11.70(17.30) H:58.22(40.86) sIaq:404.45(0) Stabilization:1 Run in:0
 0h01:31.965 2026/01/07T23:05:47z: DATA B(37),53,58,38,993.13,0.05,26448,0,91,0,0,0,0,0,0,0,0,48,16,0,0,0,0,404.45
 0h01:32.861 2026/01/07T23:05:48z: p:993.11 gasR:2882477.25 iaq:115.19(0) T:11.70(17.30) H:58.25(40.86) sIaq:404.60(0) Stabilization:1 Run in:0
 0h01:32.880 2026/01/07T23:05:48z: DATA B(38),53,58,38,993.11,0.05,26448,0,92,0,0,0,0,0,0,0,0,45,15,0,0,0,0,404.60
 0h01:33.706 2026/01/07T23:05:49z: DATA B(39),53,58,38,993.11,0.05,26448,0,93,0,0,0,0,0,0,0,0,45,15,0,0,0,0,404.60
 0h01:33.860 2026/01/07T23:05:49z: p:993.11 gasR:2900849.75 iaq:115.18(0) T:11.70(17.30) H:58.26(40.84) sIaq:404.58(0) Stabilization:1 Run in:0
 0h01:34.541 2026/01/07T23:05:50z: DATA B(40),53,58,38,993.11,0.05,26448,0,94,0,0,0,0,0,0,0,0,45,15,0,0,0,0,404.58
 0h01:34.861 2026/01/07T23:05:50z: p:993.12 gasR:2870357.50 iaq:115.23(0) T:11.71(17.31) H:58.24(40.83) sIaq:404.82(0) Stabilization:1 Run in:0
 0h01:35.446 2026/01/07T23:05:51z: DATA B(41),53,58,38,993.12,0.05,26448,0,95,0,0,0,0,0,0,0,0,48,16,1,0,0,0,404.82
 0h01:35.860 2026/01/07T23:05:51z: p:993.12 gasR:2867343.25 iaq:115.27(0) T:11.71(17.31) H:58.24(40.82) sIaq:405.05(0) Stabilization:1 Run in:0
 0h01:36.483 2026/01/07T23:05:52z: DATA A(41),53,58,38,993.12,0.05,26448,0,96,0,0,0,0,0,0,0,0,72,18,1,1,1,1,405.05
 0h01:36.861 2026/01/07T23:05:52z: p:993.11 gasR:2870357.50 iaq:115.30(0) T:11.72(17.32) H:58.26(40.83) sIaq:405.23(0) Stabilization:1 Run in:0
 0h01:37.317 2026/01/07T23:05:53z: DATA A(42),53,58,38,993.11,0.05,26448,0,97,0,0,0,0,0,0,0,0,72,18,1,1,1,1,405.23
 0h01:37.861 2026/01/07T23:05:53z: p:993.11 gasR:2852367.75 iaq:115.36(0) T:11.72(17.32) H:58.25(40.81) sIaq:405.54(0) Stabilization:1 Run in:0
 0h01:38.221 2026/01/07T23:05:53z: DATA A(43),53,58,38,993.11,0.05,26448,0,98,0,0,0,0,0,0,0,0,63,15,1,1,1,1,405.54
 0h01:38.861 2026/01/07T23:05:54z: p:993.10 gasR:2891634.25 iaq:115.35(0) T:11.71(17.32) H:58.26(40.79) sIaq:405.49(0) Stabilization:1 Run in:0
 0h01:39.055 2026/01/07T23:05:54z: DATA A(44),53,58,38,993.10,0.05,26448,0,99,0,0,0,0,0,0,0,0,63,15,1,1,1,1,405.49
 0h01:39.861 2026/01/07T23:05:55z: p:993.11 gasR:2900849.75 iaq:115.33(0) T:11.72(17.32) H:58.25(40.78) sIaq:405.38(0) Stabilization:1 Run in:0
 0h01:39.889 2026/01/07T23:05:55z: DATA A(45),53,58,38,993.11,0.05,26448,0,99,0,0,0,0,0,0,0,0,63,15,1,1,1,1,405.38
 0h01:40.860 2026/01/07T23:05:56z: p:993.12 gasR:2867343.25 iaq:115.36(0) T:11.72(17.32) H:58.26(40.77) sIaq:405.55(0) Stabilization:1 Run in:0
 0h01:41.861 2026/01/07T23:05:57z: p:993.13 gasR:2891634.25 iaq:115.35(0) T:11.72(17.32) H:58.25(40.75) sIaq:405.50(0) Stabilization:1 Run in:0
 0h01:42.268 2026/01/07T23:05:58z: DATA B(42),53,58,38,993.13,0.05,26448,0,102,0,0,0,0,0,0,0,0,45,15,1,0,0,0,405.50
 0h01:42.861 2026/01/07T23:05:58z: p:993.10 gasR:2900849.75 iaq:115.33(0) T:11.71(17.31) H:58.30(40.75) sIaq:405.39(0) Stabilization:1 Run in:0
 0h01:43.174 2026/01/07T23:05:58z: DATA B(43),53,58,38,993.10,0.05,26448,0,103,0,0,0,0,0,0,0,0,36,12,1,0,0,0,405.39
{"SensorId":"a4:e5:7c:26:24:d4","DateTime":"2026/01/07T23:05:59z","Geo":"PurpleAir-24d4","Mem":26448,"memfrag":2,"memfb":25968,"memcs":552,"Id":1,"lat":0.000000,"lon":0.000000,"Adc":"nan","loggingrate":15,"place":"outside","version":"7.04","uptime":103,"rssi":0,"period":103,"httpsuccess":0,"httpsends":0,"hardwareversion":"3.0","hardwarediscovered":"3.0+RV3028+BME68X+PMSX003-A+PMSX003-B","current_temp_f":53,"current_humidity":58,"current_dewpoint_f":38,"pressure":993.10,"current_temp_f_680":53,"current_humidity_680":58,"current_dewpoint_f_680":38,"pressure_680":993.10,"gas_680":"nan","p25aqic_b":"rgb(0,228,0)","pm2.5_aqi_b":0,"pm1_0_cf_1_b":0.00,"p_0_3_um_b":77.65,"pm2_5_cf_1_b":0.00,"p_0_5_um_b":20.79,"pm10_0_cf_1_b":0.19,"p_1_0_um_b":1.49,"pm1_0_atm_b":0.00,"p_2_5_um_b":0.86,"pm2_5_atm_b":0.00,"p_5_0_um_b":0.33,"pm10_0_atm_b":0.19,"p_10_0_um_b":0.00,"p25aqic":"rgb(0,228,0)","pm2.5_aqi":0,"pm1_0_cf_1":0.00,"p_0_3_um":63.93,"pm2_5_cf_1":0.00,"p_0_5_um":18.47,"pm10_0_cf_1":0.36,"p_1_0_um":1.31,"pm1_0_atm":0.00,"p_2_5_um":0.96,"pm2_5_atm":0.00,"p_5_0_um":0.96,"pm10_0_atm":0.36,"p_10_0_um":0.71,"wlstate":"No SSID","status_0":0,"status_1":0,"status_2":0,"status_3":0,"status_4":2,"status_5":2,"status_7":0,"status_8":2,"status_9":2}
 0h01:43.984 2026/01/07T23:05:59z: update.purpleair.com:80/firmware/2mb/update.asp
 0h01:43.991 2026/01/07T23:05:59z: Error: -1
1 BSEC warning code : 100

 0h01:44.011 2026/01/07T23:05:59z: DATA B(1),53,58,38,993.10,0.05,26448,0,104,0,0,0,0,0,0,0,0,36,12,1,0,0,0,405.39
UTCDateTime,mac_address,firmware_ver,hardware,current_temp_f,current_humidity,current_dewpoint_f,pressure,adc,mem,rssi,uptime,pm1_0_cf_1,pm2_5_cf_1,pm10_0_cf_1,pm1_0_atm,pm2_5_atm,pm10_0_atm,pm2.5_aqi_cf_1,pm2.5_aqi_atm,p_0_3_um,p_0_5_um,p_1_0_um,p_2_5_um,p_5_0_um,p_10_0_um,pm1_0_cf_1_b,pm2_5_cf_1_b,pm10_0_cf_1_b,pm1_0_atm_b,pm2_5_atm_b,pm10_0_atm_b,pm2.5_aqi_cf_1_b,pm2.5_aqi_atm_b,p_0_3_um_b,p_0_5_um_b,p_1_0_um_b,p_2_5_um_b,p_5_0_um_b,p_10_0_um_b,gas
2026/01/07T23:05:59z,a4:e5:7c:26:24:d4,7.04,3.0+RV3028+BME68X+PMSX003-A+PMSX003-B,53,58,38,993.10,nan,26448,0,104,0.00,0.00,0.36,0.00,0.00,0.36,0,0,63.93,18.47,1.31,0.96,0.96,0.71,0.00,0.00,0.19,0.00,0.00,0.19,0,0,77.65,20.79,1.49,0.86,0.33,0.00,nan