
1 BSEC warning code : 100

1 BSEC warning code : 100

 ets Jan  8 2013,rst cause:1, boot mode:(3,7)

load 0x4010f000, len 1384, room 16 
tail 8
chksum 0x2d
csum 0x2d
v8b899c12
~ld


7.04
 0h00:00.285 1970/01/01T08:00:00z: SPIFFS Active
 0h00:03.959 2025/10/16T00:07:41z: c4:5b:be:e7:8:a0
 0h00:03.960 2025/10/16T00:07:41z: SSID: TP-LINK_87DF
1 BSEC warning code : 100

 ets Jan  8 2013,rst cause:1, boot mode:(3,7)

load 0x4010f000, len 1384, room 16 
tail 8
chksum 0x2d
csum 0x2d
v8b899c12
~ld


7.04
 0h00:00.286 1970/01/01T08:00:00z: SPIFFS Active
 0h00:03.960 2025/10/16T00:27:22z: c4:5b:be:e7:8:a0
 0h00:03.962 2025/10/16T00:27:22z: SSID: TP-LINK_87DF
1 BSEC warning code : 100

 ets Jan  8 2013,rst cause:1, boot mode:(3,7)

load 0x4010f000, len 1384, room 16 
tail 8
chksum 0x2d
csum 0x2d
v8b899c12
~ld


7.04
 0h00:00.283 1970/01/01T08:00:00z: SPIFFS Active
 0h00:03.956 2025/10/16T00:47:03z: c4:5b:be:e7:8:a0
 0h00:03.958 2025/10/16T00:47:03z: SSID: TP-LINK_87DF
1 BSEC warning code : 100

1 BSEC warning code : 100

1 BSEC warning code : 100

 ets Jan  8 2013,rst cause:1, boot mode:(3,7)

load 0x4010f000, len 1384, room 16 
tail 8
chksum 0x2d
csum 0x2d
v8b899c12
~ld


7.04
 0h00:00.285 1970/01/01T08:00:00z: SPIFFS Active
 0h00:03.959 2025/10/16T01:06:44z: c4:5b:be:e7:8:a0
 0h00:03.960 2025/10/16T01:06:44z: SSID: TP-LINK_87DF
1 BSEC warning code : 100

 ets Jan  8 2013,rst cause:1, boot mode:(3,7)

load 0x4010f000, len 1384, room 16 
tail 8
chksum 0x2d
csum 0x2d
v8b899c12
~ld


7.04
 0h00:00.288 1970/01/01T08:00:00z: SPIFFS Active
 0h00:03.962 2025/10/16T01:26:24z: c4:5b:be:e7:8:a0
 0h00:03.964 2025/10/16T01:26:24z: SSID: TP-LINK_87DF
1 BSEC warning code : 100

1 BSEC warning code : 100

1 BSEC warning code : 100

 ets Jan  8 2013,rst cause:1, boot mode:(3,7)

load 0x4010f000, len 1384, room 16 
tail 8
chksum 0x2d
csum 0x2d
v8b899c12
~ld


7.04
 0h00:00.281 1970/01/01T08:00:00z: SPIFFS Active
 0h00:03.955 2025/10/16T01:46:05z: c4:5b:be:e7:8:a0
 0h00:03.956 2025/10/16T01:46:05z: SSID: TP-LINK_87DF
1 BSEC warning code : 100

 ets Jan  8 2013,rst cause:1, boot mode:(3,7)

load 0x4010f000, len 1384, room 16 
tail 8
chksum 0x2d
csum 0x2d
v8b899c12
~ld


7.04
 0h00:00.285 1970/01/01T08:00:00z: SPIFFS Active
 0h00:03.958 2025/10/16T02:05:47z: c4:5b:be:e7:8:a0
 0h00:03.960 2025/10/16T02:05:47z: SSID: TP-LINK_87DF
1 BSEC warning code : 100

1 BSEC warning code : 100

1 BSEC warning code : 100

 ets Jan  8 2013,rst cause:1, boot mode:(3,7)

load 0x4010f000, len 1384, room 16 
tail 8
chksum 0x2d
csum 0x2d
v8b899c12
~ld


7.04
 0h00:00.285 1970/01/01T08:00:00z: SPIFFS Active
 0h00:03.959 2025/10/16T02:25:28z: c4:5b:be:e7:8:a0
 0h00:03.961 2025/10/16T02:25:28z: SSID: TP-LINK_87DF
1 BSEC warning code : 100

1 BSEC warning code : 100

 ets Jan  8 2013,rst cause:1, boot mode:(3,7)

load 0x4010f000, len 1384, room 16 
tail 8
chksum 0x2d
csum 0x2d
v8b899c12
~ld


7.04
 0h00:00.286 1970/01/01T08:00:00z: SPIFFS Active
 0h00:03.960 2025/10/16T02:45:09z: c4:5b:be:e7:8:a0
 0h00:03.961 2025/10/16T02:45:09z: SSID: TP-LINK_87DF
1 BSEC warning code : 100

1 BSEC warning code : 100

 ets Jan  8 2013,rst cause:1, boot mode:(3,7)

load 0x4010f000, len 1384, room 16 
tail 8
chksum 0x2d
csum 0x2d
v8b899c12
~ld


7.04
 0h00:00.289 1970/01/01T08:00:00z: SPIFFS Active
 0h00:03.963 2025/10/16T03:04:50z: c4:5b:be:e7:8:a0
 0h00:03.964 2025/10/16T03:04:50z: SSID: TP-LINK_87DF
1 BSEC warning code : 100

 ets Jan  8 2013,rst cause:1, boot mode:(3,7)

load 0x4010f000, len 1384, room 16 
tail 8
chksum 0x2d
csum 0x2d
v8b899c12
~ld


7.04
 0h00:00.289 1970/01/01T08:00:00z: SPIFFS Active
 0h00:03.963 2025/10/16T03:24:31z: c4:5b:be:e7:8:a0
 0h00:03.964 2025/10/16T03:24:31z: SSID: TP-LINK_87DF
1 BSEC warning code : 100

1 BSEC warning code : 100

1 BSEC warning code : 100

 ets Jan  8 2013,rst cause:1, boot mode:(3,7)

load 0x4010f000, len 1384, room 16 
tail 8
chksum 0x2d
csum 0x2d
v8b899c12
~ld


7.04
 0h00:00.288 1970/01/01T08:00:00z: SPIFFS Active
 0h00:03.962 2025/10/16T03:44:11z: c4:5b:be:e7:8:a0
 0h00:03.963 2025/10/16T03:44:11z: SSID: TP-LINK_87DF
1 BSEC warning code : 100

 ets Jan  8 2013,rst cause:1, boot mode:(3,7)

load 0x4010f000, len 1384, room 16 
tail 8
chksum 0x2d
csum 0x2d
v8b899c12
~ld


7.04
 0h00:00.289 1970/01/01T08:00:00z: SPIFFS Active
 0h00:03.963 2025/10/16T04:03:52z: c4:5b:be:e7:8:a0
 0h00:03.964 2025/10/16T04:03:52z: SSID: TP-LINK_87DF
1 BSEC warning code : 100

 ets Jan  8 2013,rst cause:1, boot mode:(3,7)

load 0x4010f000, len 1384, room 16 
tail 8
chksum 0x2d
csum 0x2d
v8b899c12
~ld


7.04
 0h00:00.288 1970/01/01T08:00:00z: SPIFFS Active
 0h00:03.962 2025/10/16T04:23:33z: c4:5b:be:e7:8:a0
 0h00:03.964 2025/10/16T04:23:33z: SSID: TP-LINK_87DF
1 BSEC warning code : 100

1 BSEC warning code : 100

1 BSEC warning code : 100

1 BSEC warning code : 100

 ets Jan  8 2013,rst cause:1, boot mode:(3,7)

load 0x4010f000, len 1384, room 16 
tail 8
chksum 0x2d
csum 0x2d
v8b899c12
~ld


7.04
 0h00:00.286 1970/01/01T08:00:00z: SPIFFS Active
 0h00:03.960 2025/10/16T04:43:15z: c4:5b:be:e7:8:a0
 0h00:03.962 2025/10/16T04:43:15z: SSID: TP-LINK_87DF
1 BSEC warning code : 100

1 BSEC warning code : 100

 ets Jan  8 2013,rst cause:1, boot mode:(3,7)

load 0x4010f000, len 1384, room 16 
tail 8
chksum 0x2d
csum 0x2d
v8b899c12
~ld


7.04
 0h00:00.288 1970/01/01T08:00:00z: SPIFFS Active
 0h00:03.961 2025/10/16T05:02:56z: c4:5b:be:e7:8:a0
 0h00:03.963 2025/10/16T05:02:56z: SSID: TP-LINK_87DF
1 BSEC warning code : 100

1 BSEC warning code : 100

 ets Jan  8 2013,rst cause:1, boot mode:(3,7)

load 0x4010f000, len 1384, room 16 
tail 8
chksum 0x2d
csum 0x2d
v8b899c12
~ld


7.04
 0h00:00.287 1970/01/01T08:00:00z: SPIFFS Active
 0h00:03.961 2025/10/16T05:22:38z: c4:5b:be:e7:8:a0
 0h00:03.962 2025/10/16T05:22:38z: SSID: TP-LINK_87DF
1 BSEC warning code : 100

 ets Jan  8 2013,rst cause:1, boot mode:(3,7)

load 0x4010f000, len 1384, room 16 
tail 8
chksum 0x2d
csum 0x2d
v8b899c12
~ld


7.04
 0h00:00.286 1970/01/01T08:00:00z: SPIFFS Active
 0h00:03.959 2025/10/16T05:42:18z: c4:5b:be:e7:8:a0
 0h00:03.961 2025/10/16T05:42:18z: SSID: TP-LINK_87DF
1 BSEC warning code : 100

 ets Jan  8 2013,rst cause:1, boot mode:(3,7)

load 0x4010f000, len 1384, room 16 
tail 8
chksum 0x2d
csum 0x2d
v8b899c12
~ld


7.04
 0h00:00.286 1970/01/01T08:00:00z: SPIFFS Active
 0h00:03.961 2025/10/16T06:01:59z: c4:5b:be:e7:8:a0
 0h00:03.962 2025/10/16T06:01:59z: SSID: TP-LINK_87DF
1 BSEC warning code : 100

1 BSEC warning code : 100

1 BSEC warning code : 100

 ets Jan  8 2013,rst cause:1, boot mode:(3,7)

load 0x4010f000, len 1384, room 16 
tail 8
chksum 0x2d
csum 0x2d
v8b899c12
~ld


7.04
 0h00:00.287 1970/01/01T08:00:00z: SPIFFS Active
 0h00:03.962 2025/10/16T06:21:40z: c4:5b:be:e7:8:a0
 0h00:03.963 2025/10/16T06:21:40z: SSID: TP-LINK_87DF
1 BSEC warning code : 100

 ets Jan  8 2013,rst cause:1, boot mode:(3,7)

load 0x4010f000, len 1384, room 16 
tail 8
chksum 0x2d
csum 0x2d
v8b899c12
~ld


7.04
 0h00:00.290 1970/01/01T08:00:00z: SPIFFS Active
 0h00:03.964 2025/10/16T06:41:20z: c4:5b:be:e7:8:a0
 0h00:03.965 2025/10/16T06:41:20z: SSID: TP-LINK_87DF
1 BSEC warning code : 100

1 BSEC warning code : 100

1 BSEC warning code : 100

 ets Jan  8 2013,rst cause:1, boot mode:(3,7)

load 0x4010f000, len 1384, room 16 
tail 8
chksum 0x2d
csum 0x2d
v8b899c12
~ld


7.04
 0h00:00.283 1970/01/01T08:00:00z: SPIFFS Active
 0h00:03.957 2025/10/16T07:01:01z: c4:5b:be:e7:8:a0
 0h00:03.958 2025/10/16T07:01:01z: SSID: TP-LINK_87DF
1 BSEC warning code : 100

1 BSEC warning code : 100

1 BSEC warning code : 100

 ets Jan  8 2013,rst cause:1, boot mode:(3,7)

load 0x4010f000, len 1384, room 16 
tail 8
chksum 0x2d
csum 0x2d
v8b899c12
~ld


7.04
 0h00:00.282 1970/01/01T08:00:00z: SPIFFS Active
 0h00:03.956 2025/10/16T07:20:42z: c4:5b:be:e7:8:a0
 0h00:03.958 2025/10/16T07:20:42z: SSID: TP-LINK_87DF
1 BSEC warning code : 100

1 BSEC warning code : 100

1 BSEC warning code : 100

 ets Jan  8 2013,rst cause:1, boot mode:(3,7)

load 0x4010f000, len 1384, room 16 
tail 8
chksum 0x2d
csum 0x2d
v8b899c12
~ld


7.04
 0h00:00.288 1970/01/01T08:00:00z: SPIFFS Active
 0h00:03.962 2025/10/16T07:40:23z: c4:5b:be:e7:8:a0
 0h00:03.963 2025/10/16T07:40:23z: SSID: TP-LINK_87DF
1 BSEC warning code : 100

 ets Jan  8 2013,rst cause:1, boot mode:(3,7)

load 0x4010f000, len 1384, room 16 
tail 8
chksum 0x2d
csum 0x2d
v8b899c12
~ld


7.04
 0h00:00.284 1970/01/01T08:00:00z: SPIFFS Active
 0h00:03.958 2025/10/16T08:00:04z: c4:5b:be:e7:8:a0
 0h00:03.959 2025/10/16T08:00:04z: SSID: TP-LINK_87DF
1 BSEC warning code : 100

1 BSEC warning code : 100

1 BSEC warning code : 100

 ets Jan  8 2013,rst cause:1, boot mode:(3,7)

load 0x4010f000, len 1384, room 16 
tail 8
chksum 0x2d
csum 0x2d
v8b899c12
~ld


7.04
 0h00:00.284 1970/01/01T08:00:00z: SPIFFS Active
 0h00:03.958 2025/10/16T08:19:45z: c4:5b:be:e7:8:a0
 0h00:03.960 2025/10/16T08:19:45z: SSID: TP-LINK_87DF
1 BSEC warning code : 100

 ets Jan  8 2013,rst cause:1, boot mode:(3,7)

load 0x4010f000, len 1384, room 16 
tail 8
chksum 0x2d
csum 0x2d
v8b899c12
~ld


7.04
 0h00:00.285 1970/01/01T08:00:00z: SPIFFS Active
 0h00:03.959 2025/10/16T08:39:26z: c4:5b:be:e7:8:a0
 0h00:03.961 2025/10/16T08:39:26z: SSID: TP-LINK_87DF
 0h00:12.063 2025/10/16T08:39:34z: PMSX003-A (1098ms)
 0h00:12.913 2025/10/16T08:39:35z: PMSX003-B (848ms)
 0h00:12.914 2025/10/16T08:39:35z: 3.0+RV3028+BME68X+PMSX003-A+PMSX003-B
 0h00:13.929 2025/10/16T08:39:36z: p:1010.22 gasR:1056487.00 iaq:105.22(0) T:9.12(12.11) H:70.97(40.89) sIaq:96.05(0) Stabilization:1 Run in:0
 0h00:14.652 2025/10/16T08:39:36z: DATA A(2),48,70,39,1010.22,0.02,26448,0,14,15,19,21,15,19,21,66,66,2514,724,82,8,4,0,96.05
 0h00:14.929 2025/10/16T08:39:37z: p:1010.26 gasR:1052415.25 iaq:105.22(0) T:9.75(15.35) H:68.57(41.66) sIaq:96.05(0) Stabilization:1 Run in:0
 0h00:15.487 2025/10/16T08:39:37z: DATA A(3),49,68,39,1010.26,0.03,26448,0,15,15,19,21,15,19,21,66,66,2514,724,82,8,4,0,96.05
 0h00:15.928 2025/10/16T08:39:38z: p:1010.29 gasR:1053227.00 iaq:105.22(0) T:10.47(16.08) H:65.25(41.88) sIaq:96.05(0) Stabilization:1 Run in:0
 0h00:16.322 2025/10/16T08:39:38z: DATA A(4),50,65,38,1010.29,0.03,26448,0,16,15,19,22,15,19,22,66,66,2514,724,82,8,4,0,96.05
 0h00:16.929 2025/10/16T08:39:39z: p:1010.31 gasR:1054040.12 iaq:105.22(0) T:10.78(16.38) H:63.65(41.88) sIaq:96.05(0) Stabilization:1 Run in:0
 0h00:17.227 2025/10/16T08:39:39z: DATA A(5),51,63,39,1010.31,0.03,26352,0,17,15,19,22,15,19,22,66,66,2526,726,86,7,3,0,96.05
 0h00:17.929 2025/10/16T08:39:40z: p:1010.31 gasR:1063896.12 iaq:105.22(0) T:10.96(16.57) H:62.50(41.77) sIaq:96.05(0) Stabilization:1 Run in:0
 0h00:18.062 2025/10/16T08:39:40z: DATA A(6),51,62,38,1010.31,0.03,26352,0,18,15,19,22,15,19,22,66,66,2526,726,86,7,3,0,96.05
 0h00:18.929 2025/10/16T08:39:41z: p:1010.31 gasR:1064725.75 iaq:105.23(0) T:11.08(16.68) H:61.67(41.63) sIaq:96.05(0) Stabilization:1 Run in:0
 0h00:19.810 2025/10/16T08:39:42z: DATA B(2),51,61,38,1010.31,0.03,26352,0,19,10,17,20,10,17,20,62,62,1821,525,100,15,4,0,96.05
 0h00:19.928 2025/10/16T08:39:42z: p:1010.31 gasR:1064725.75 iaq:105.23(0) T:11.17(16.77) H:60.91(41.45) sIaq:96.05(0) Stabilization:1 Run in:0
 0h00:20.644 2025/10/16T08:39:42z: DATA B(3),52,60,38,1010.31,0.03,26352,0,20,10,17,20,10,17,20,62,62,1821,525,100,15,4,0,96.05
 0h00:20.929 2025/10/16T08:39:43z: p:1010.31 gasR:1063067.75 iaq:105.23(0) T:11.24(16.84) H:60.30(41.29) sIaq:96.05(0) Stabilization:1 Run in:0
 0h00:21.478 2025/10/16T08:39:43z: DATA B(4),52,60,38,1010.31,0.03,26352,0,21,10,17,20,10,17,20,62,62,1821,525,100,15,4,0,96.05
 0h00:21.929 2025/10/16T08:39:44z: p:1010.33 gasR:1063067.75 iaq:105.23(0) T:11.31(16.92) H:59.74(41.13) sIaq:96.05(0) Stabilization:1 Run in:0
 0h00:22.383 2025/10/16T08:39:44z: DATA B(5),52,59,38,1010.33,0.03,26352,0,22,10,17,20,10,17,20,62,62,1842,531,110,14,4,0,96.05
 0h00:22.929 2025/10/16T08:39:45z: p:1010.30 gasR:1092849.50 iaq:105.23(0) T:11.36(16.96) H:59.27(40.96) sIaq:96.05(0) Stabilization:1 Run in:0
 0h00:23.217 2025/10/16T08:39:45z: DATA B(6),52,59,38,1010.30,0.03,26352,0,23,10,17,20,10,17,20,62,62,1842,531,110,14,4,0,96.05
 0h00:23.929 2025/10/16T08:39:46z: p:1010.28 gasR:1085033.12 iaq:105.23(0) T:11.40(17.01) H:58.88(40.82) sIaq:96.05(0) Stabilization:1 Run in:0
 0h00:24.929 2025/10/16T08:39:47z: p:1010.30 gasR:1083311.25 iaq:105.23(0) T:11.45(17.05) H:58.50(40.68) sIaq:96.05(0) Stabilization:1 Run in:0
 0h00:24.954 2025/10/16T08:39:47z: DATA A(7),52,58,37,1010.30,0.03,26352,0,24,16,22,27,16,22,27,72,72,2736,792,108,14,7,2,96.05
 0h00:25.789 2025/10/16T08:39:48z: DATA A(8),52,58,37,1010.30,0.03,26352,0,25,16,22,27,16,22,27,72,72,2736,792,108,14,7,2,96.05
 0h00:25.929 2025/10/16T08:39:48z: p:1010.29 gasR:1066389.00 iaq:105.23(0) T:11.48(17.08) H:58.22(40.56) sIaq:96.05(0) Stabilization:1 Run in:0
 0h00:26.624 2025/10/16T08:39:48z: DATA A(9),52,58,37,1010.29,0.03,26352,0,26,16,22,27,16,22,27,72,72,2736,792,108,14,7,2,96.05
 0h00:26.928 2025/10/16T08:39:49z: p:1010.28 gasR:1075630.25 iaq:105.24(0) T:11.51(17.12) H:57.94(40.45) sIaq:96.06(0) Stabilization:1 Run in:0
 0h00:27.529 2025/10/16T08:39:49z: DATA A(10),52,57,37,1010.28,0.03,26352,0,27,16,23,26,16,23,26,74,74,2736,796,108,13,6,2,96.06
 0h00:27.929 2025/10/16T08:39:50z: p:1010.28 gasR:1071409.88 iaq:105.24(0) T:11.54(17.14) H:57.72(40.36) sIaq:96.06(0) Stabilization:1 Run in:0
 0h00:28.930 2025/10/16T08:39:51z: p:1010.30 gasR:1074783.50 iaq:105.24(0) T:11.57(17.17) H:57.48(40.25) sIaq:96.06(0) Stabilization:1 Run in:0
 0h00:29.930 2025/10/16T08:39:52z: p:1010.29 gasR:1073938.12 iaq:105.24(0) T:11.58(17.19) H:57.30(40.13) sIaq:96.06(0) Stabilization:1 Run in:0
 0h00:30.101 2025/10/16T08:39:52z: DATA B(7),52,57,37,1010.29,0.03,26352,0,30,9,16,18,9,16,18,60,60,1713,496,100,13,4,0,96.06
 0h00:30.930 2025/10/16T08:39:53z: p:1010.29 gasR:1083311.25 iaq:105.24(0) T:11.61(17.21) H:57.11(40.05) sIaq:96.06(0) Stabilization:1 Run in:0
 0h00:30.947 2025/10/16T08:39:53z: DATA B(8),52,57,37,1010.29,0.03,26352,0,30,9,16,18,9,16,18,60,60,1713,496,100,13,4,0,96.06
 0h00:31.769 2025/10/16T08:39:54z: DATA B(9),52,57,37,1010.29,0.03,26352,0,31,9,16,18,9,16,18,60,60,1713,496,100,13,4,0,96.06
 0h00:31.929 2025/10/16T08:39:54z: p:1010.27 gasR:1091975.50 iaq:105.24(0) T:11.63(17.23) H:56.96(39.97) sIaq:96.06(0) Stabilization:1 Run in:0
 0h00:32.674 2025/10/16T08:39:54z: DATA B(10),52,56,37,1010.27,0.03,26352,0,32,9,16,18,9,16,18,60,60,1719,498,102,13,4,0,96.06
 0h00:32.930 2025/10/16T08:39:55z: p:1010.29 gasR:1087626.12 iaq:105.25(0) T:11.66(17.26) H:56.78(39.89) sIaq:96.06(0) Stabilization:1 Run in:0
 0h00:33.930 2025/10/16T08:39:56z: p:1010.29 gasR:1069731.00 iaq:105.25(0) T:11.68(17.28) H:56.68(39.85) sIaq:96.07(0) Stabilization:1 Run in:0
 0h00:34.349 2025/10/16T08:39:56z: DATA A(11),53,56,38,1010.29,0.02,26352,0,34,16,23,28,16,23,28,74,74,2724,788,120,18,8,2,96.07
 0h00:34.930 2025/10/16T08:39:57z: p:1010.28 gasR:1080738.75 iaq:105.25(0) T:11.70(17.30) H:56.54(39.77) sIaq:96.07(0) Stabilization:1 Run in:0
 0h00:35.255 2025/10/16T08:39:57z: DATA A(12),53,56,37,1010.28,0.03,26352,0,35,16,24,28,16,24,28,77,77,2730,788,126,19,8,2,96.07
 0h00:35.930 2025/10/16T08:39:58z: p:1010.28 gasR:1099892.62 iaq:105.25(0) T:11.72(17.32) H:56.47(39.73) sIaq:96.07(0) Stabilization:1 Run in:0
 0h00:36.090 2025/10/16T08:39:58z: DATA A(13),53,56,37,1010.28,0.03,26352,0,36,16,24,28,16,24,28,77,77,2730,788,126,19,8,2,96.07
 0h00:36.925 2025/10/16T08:39:59z: DATA A(14),53,56,37,1010.28,0.03,26352,0,36,16,24,28,16,24,28,77,77,2730,788,126,19,8,2,96.07
 0h00:36.946 2025/10/16T08:39:59z: p:1010.31 gasR:1068893.50 iaq:105.26(0) T:11.86(17.35) H:55.88(39.66) sIaq:96.07(0) Stabilization:1 Run in:0
 0h00:37.830 2025/10/16T08:40:00z: DATA A(15),53,55,37,1010.31,0.02,26352,0,37,16,23,28,16,23,28,74,74,2694,780,128,19,8,2,96.07
 0h00:37.946 2025/10/16T08:40:00z: p:1010.31 gasR:1090231.62 iaq:105.26(0) T:11.66(17.26) H:56.59(39.61) sIaq:96.07(0) Stabilization:1 Run in:0
 0h00:38.945 2025/10/16T08:40:01z: p:1010.30 gasR:1083311.25 iaq:105.26(0) T:11.77(17.37) H:56.18(39.57) sIaq:96.08(0) Stabilization:1 Run in:0
 0h00:39.488 2025/10/16T08:40:01z: DATA B(11),53,56,37,1010.30,0.03,26352,0,39,9,16,20,9,16,20,60,60,1734,501,106,18,7,1,96.08
 0h00:39.946 2025/10/16T08:40:02z: p:1010.27 gasR:1071409.88 iaq:105.26(0) T:11.79(17.39) H:56.13(39.55) sIaq:96.08(0) Stabilization:1 Run in:0
 0h00:40.393 2025/10/16T08:40:02z: DATA B(12),53,56,37,1010.27,0.03,26352,0,40,9,17,21,9,17,21,62,62,1797,528,108,21,7,1,96.08
 0h00:40.945 2025/10/16T08:40:03z: p:1010.29 gasR:1084171.50 iaq:105.27(0) T:11.81(17.41) H:56.05(39.52) sIaq:96.08(0) Stabilization:1 Run in:0
 0h00:41.227 2025/10/16T08:40:03z: DATA B(13),53,56,37,1010.29,0.03,26352,0,41,9,17,21,9,17,21,62,62,1797,528,108,21,7,1,96.08
 0h00:41.946 2025/10/16T08:40:04z: p:1010.29 gasR:1089361.75 iaq:105.27(0) T:11.84(17.44) H:55.96(39.47) sIaq:96.08(0) Stabilization:1 Run in:0
 0h00:42.061 2025/10/16T08:40:04z: DATA B(14),53,55,37,1010.29,0.03,26352,0,42,9,17,21,9,17,21,62,62,1797,528,108,21,7,1,96.08
 0h00:42.946 2025/10/16T08:40:05z: p:1010.28 gasR:1069731.00 iaq:105.27(0) T:11.85(17.45) H:55.94(39.45) sIaq:96.09(0) Stabilization:1 Run in:0
 0h00:42.966 2025/10/16T08:40:05z: DATA B(15),53,55,37,1010.28,0.03,26352,0,42,9,17,19,9,17,19,62,62,1746,511,106,17,4,1,96.09
 0h00:43.946 2025/10/16T08:40:06z: p:1010.29 gasR:1073094.00 iaq:105.28(0) T:11.86(17.46) H:55.90(39.42) sIaq:96.09(0) Stabilization:1 Run in:0
 0h00:44.650 2025/10/16T08:40:06z: DATA A(16),53,55,37,1010.29,0.03,26352,0,44,15,23,28,15,23,28,74,74,2646,760,120,19,8,3,96.09
 0h00:44.946 2025/10/16T08:40:07z: p:1010.28 gasR:1081594.88 iaq:105.28(0) T:11.88(17.48) H:55.88(39.41) sIaq:96.09(0) Stabilization:1 Run in:0
 0h00:45.556 2025/10/16T08:40:07z: DATA A(17),53,55,37,1010.28,0.03,26352,0,45,15,23,28,15,23,28,74,74,2568,740,120,23,8,3,96.09
 0h00:45.946 2025/10/16T08:40:08z: p:1010.27 gasR:1081594.88 iaq:105.28(0) T:11.87(17.48) H:55.91(39.38) sIaq:96.10(0) Stabilization:1 Run in:0
 0h00:46.391 2025/10/16T08:40:08z: DATA A(18),53,55,37,1010.27,0.03,26352,0,46,15,23,28,15,23,28,74,74,2568,740,120,23,8,3,96.10
 0h00:46.946 2025/10/16T08:40:09z: p:1010.28 gasR:1099007.25 iaq:105.28(0) T:11.89(17.49) H:55.86(39.35) sIaq:96.10(0) Stabilization:1 Run in:0
 0h00:47.225 2025/10/16T08:40:09z: DATA A(19),53,55,37,1010.28,0.03,26352,0,47,15,23,28,15,23,28,74,74,2568,740,120,23,8,3,96.10
 0h00:47.946 2025/10/16T08:40:10z: p:1010.28 gasR:1081594.88 iaq:105.29(0) T:11.89(17.50) H:55.85(39.32) sIaq:96.10(0) Stabilization:1 Run in:0
 0h00:48.131 2025/10/16T08:40:10z: DATA A(20),53,55,37,1010.28,0.03,26352,0,48,15,23,28,15,23,28,74,74,2490,736,118,20,7,2,96.10
 0h00:48.946 2025/10/16T08:40:11z: p:1010.25 gasR:1091975.50 iaq:105.29(0) T:11.90(17.50) H:55.84(39.30) sIaq:96.10(0) Stabilization:1 Run in:0
 0h00:49.780 2025/10/16T08:40:12z: DATA B(16),53,55,37,1010.25,0.03,26352,0,49,9,16,19,9,16,19,60,60,1806,524,100,15,5,1,96.10
 0h00:49.946 2025/10/16T08:40:12z: p:1010.27 gasR:1085033.12 iaq:105.29(0) T:11.92(17.52) H:55.80(39.29) sIaq:96.10(0) Stabilization:1 Run in:0
 0h00:50.685 2025/10/16T08:40:13z: DATA B(17),53,55,37,1010.27,0.03,26352,0,50,9,16,20,9,16,20,60,60,1785,503,100,18,6,2,96.10
 0h00:50.946 2025/10/16T08:40:13z: p:1010.28 gasR:1083311.25 iaq:105.29(0) T:11.92(17.52) H:55.82(39.27) sIaq:96.10(0) Stabilization:1 Run in:0
 0h00:51.519 2025/10/16T08:40:13z: DATA B(18),53,55,37,1010.28,0.03,26352,0,51,9,16,20,9,16,20,60,60,1785,503,100,18,6,2,96.10
 0h00:51.946 2025/10/16T08:40:14z: p:1010.30 gasR:1090231.62 iaq:105.29(0) T:11.93(17.53) H:55.78(39.24) sIaq:96.10(0) Stabilization:1 Run in:0
 0h00:52.353 2025/10/16T08:40:14z: DATA B(19),53,55,37,1010.30,0.03,26352,0,52,9,16,20,9,16,20,60,60,1785,503,100,18,6,2,96.10
 0h00:52.946 2025/10/16T08:40:15z: p:1010.27 gasR:1086760.38 iaq:105.30(0) T:11.93(17.53) H:55.78(39.22) sIaq:96.11(0) Stabilization:1 Run in:0
 0h00:53.258 2025/10/16T08:40:15z: DATA B(20),53,55,37,1010.27,0.03,26352,0,53,9,17,20,9,17,20,62,62,1869,530,106,17,5,2,96.11
 0h00:53.946 2025/10/16T08:40:16z: p:1010.28 gasR:1085896.12 iaq:105.30(0) T:11.94(17.54) H:55.78(39.21) sIaq:96.11(0) Stabilization:1 Run in:0
 0h00:54.946 2025/10/16T08:40:17z: p:1010.26 gasR:1091975.50 iaq:105.30(0) T:11.95(17.55) H:55.72(39.16) sIaq:96.11(0) Stabilization:1 Run in:0
 0h00:54.962 2025/10/16T08:40:17z: DATA A(21),53,55,37,1010.26,0.03,26352,0,54,15,23,26,15,23,26,74,74,2562,750,112,17,4,2,96.11
 0h00:55.857 2025/10/16T08:40:18z: DATA A(22),53,55,37,1010.26,0.03,26168,0,55,15,20,24,15,20,24,68,68,2454,726,96,12,3,2,96.11
 0h00:55.946 2025/10/16T08:40:18z: p:1010.27 gasR:1086760.38 iaq:105.30(0) T:11.96(17.56) H:55.73(39.17) sIaq:96.11(0) Stabilization:1 Run in:0
 0h00:56.691 2025/10/16T08:40:19z: DATA A(23),53,55,37,1010.27,0.03,26352,0,56,15,20,24,15,20,24,68,68,2454,726,96,12,3,2,96.11
 0h00:56.946 2025/10/16T08:40:19z: p:1010.28 gasR:1086760.38 iaq:105.31(0) T:11.96(17.57) H:55.72(39.15) sIaq:96.11(0) Stabilization:1 Run in:0
 0h00:57.526 2025/10/16T08:40:19z: DATA A(24),53,55,37,1010.28,0.03,26352,0,57,15,20,24,15,20,24,68,68,2454,726,96,12,3,2,96.11
 0h00:57.946 2025/10/16T08:40:20z: p:1010.26 gasR:1078178.50 iaq:105.31(0) T:11.97(17.58) H:55.68(39.13) sIaq:96.12(0) Stabilization:1 Run in:0
 0h00:58.432 2025/10/16T08:40:20z: DATA A(25),53,55,37,1010.26,0.03,26352,0,58,15,19,25,15,19,25,66,66,2406,712,98,12,5,5,96.12
 0h00:58.945 2025/10/16T08:40:21z: p:1010.28 gasR:1093725.00 iaq:105.31(0) T:11.99(17.59) H:55.67(39.13) sIaq:96.12(0) Stabilization:1 Run in:0
 0h00:59.946 2025/10/16T08:40:22z: p:1010.27 gasR:1088493.25 iaq:105.31(0) T:12.00(17.60) H:55.66(39.12) sIaq:96.12(0) Stabilization:1 Run in:0
 0h01:00.072 2025/10/16T08:40:22z: DATA B(21),53,55,37,1010.27,0.03,26040,0,60,10,18,21,10,18,21,64,64,1878,538,98,22,5,2,96.12
 0h01:00.946 2025/10/16T08:40:23z: p:1010.27 gasR:1088493.25 iaq:105.32(0) T:12.01(17.61) H:55.64(39.11) sIaq:96.12(0) Stabilization:1 Run in:0
 0h01:00.977 2025/10/16T08:40:23z: DATA B(22),53,55,37,1010.27,0.03,26352,0,60,9,17,19,9,17,19,62,62,1821,513,90,19,2,1,96.12
 0h01:01.811 2025/10/16T08:40:24z: DATA B(23),53,55,37,1010.27,0.03,26352,0,61,9,17,19,9,17,19,62,62,1821,513,90,19,2,1,96.12
 0h01:01.946 2025/10/16T08:40:24z: p:1010.29 gasR:1093725.00 iaq:105.32(0) T:12.03(17.63) H:55.60(39.10) sIaq:96.12(0) Stabilization:1 Run in:0
 0h01:02.645 2025/10/16T08:40:24z: DATA B(24),53,55,37,1010.29,0.03,26352,0,62,9,17,19,9,17,19,62,62,1821,513,90,19,2,1,96.12
 0h01:02.946 2025/10/16T08:40:25z: p:1010.27 gasR:1085896.12 iaq:105.32(0) T:12.03(17.63) H:55.61(39.09) sIaq:96.13(0) Stabilization:1 Run in:0
 0h01:03.550 2025/10/16T08:40:25z: DATA B(25),53,55,37,1010.27,0.03,26352,0,63,10,16,18,10,16,18,60,60,1821,518,88,14,2,1,96.13
 0h01:03.946 2025/10/16T08:40:26z: p:1010.27 gasR:1085896.12 iaq:105.32(0) T:12.04(17.64) H:55.66(39.11) sIaq:96.13(0) Stabilization:1 Run in:0
 0h01:04.946 2025/10/16T08:40:27z: p:1010.26 gasR:1084171.50 iaq:105.33(0) T:12.05(17.66) H:55.62(39.10) sIaq:96.13(0) Stabilization:1 Run in:0
 0h01:05.252 2025/10/16T08:40:27z: DATA A(26),53,55,37,1010.26,0.03,26352,0,65,16,20,26,16,20,26,68,68,2472,732,104,14,5,5,96.13
 0h01:05.945 2025/10/16T08:40:28z: p:1010.26 gasR:1088493.25 iaq:105.33(0) T:12.07(17.68) H:55.58(39.09) sIaq:96.14(0) Stabilization:1 Run in:0
 0h01:06.159 2025/10/16T08:40:28z: DATA A(27),53,55,37,1010.26,0.03,26352,0,66,16,20,26,16,20,26,68,68,2544,742,104,14,5,5,96.14
 0h01:06.946 2025/10/16T08:40:29z: p:1010.27 gasR:1085896.12 iaq:105.34(0) T:12.09(17.69) H:55.61(39.12) sIaq:96.14(0) Stabilization:1 Run in:0
 0h01:06.993 2025/10/16T08:40:29z: DATA A(28),53,55,37,1010.27,0.03,26352,0,66,16,20,26,16,20,26,68,68,2544,742,104,14,5,5,96.14
 0h01:07.828 2025/10/16T08:40:30z: DATA A(29),53,55,37,1010.27,0.03,26040,0,67,16,20,26,16,20,26,68,68,2544,742,104,14,5,5,96.14
 0h01:07.945 2025/10/16T08:40:30z: p:1010.27 gasR:1083311.25 iaq:105.34(0) T:12.09(17.69) H:55.65(39.12) sIaq:96.15(0) Stabilization:1 Run in:0
 0h01:08.734 2025/10/16T08:40:31z: DATA A(30),53,55,37,1010.27,0.03,26352,0,68,16,22,27,16,22,27,72,72,2586,764,106,15,6,5,96.15
 0h01:08.946 2025/10/16T08:40:31z: p:1010.25 gasR:1085033.12 iaq:105.35(0) T:12.10(17.70) H:55.61(39.09) sIaq:96.15(0) Stabilization:1 Run in:0
 0h01:09.946 2025/10/16T08:40:32z: p:1010.26 gasR:1093725.00 iaq:105.35(0) T:12.09(17.69) H:55.68(39.10) sIaq:96.15(0) Stabilization:1 Run in:0
 0h01:10.364 2025/10/16T08:40:32z: DATA B(26),53,55,37,1010.26,0.03,26352,0,70,9,16,18,9,16,18,60,60,1767,506,90,13,3,1,96.15
 0h01:10.946 2025/10/16T08:40:33z: p:1010.26 gasR:1085896.12 iaq:105.35(0) T:12.10(17.70) H:55.70(39.11) sIaq:96.15(0) Stabilization:1 Run in:0
 0h01:11.268 2025/10/16T08:40:33z: DATA B(27),53,55,37,1010.26,0.03,26168,0,71,9,15,17,9,15,17,57,57,1683,489,80,15,2,1,96.15
 0h01:11.946 2025/10/16T08:40:34z: p:1010.27 gasR:1086760.38 iaq:105.36(0) T:12.10(17.70) H:55.67(39.08) sIaq:96.16(0) Stabilization:1 Run in:0
 0h01:12.102 2025/10/16T08:40:34z: DATA B(28),53,55,37,1010.27,0.03,26352,0,72,9,15,17,9,15,17,57,57,1683,489,80,15,2,1,96.16
 0h01:12.936 2025/10/16T08:40:35z: DATA B(29),53,55,37,1010.27,0.03,26352,0,72,9,15,17,9,15,17,57,57,1683,489,80,15,2,1,96.16
 0h01:12.956 2025/10/16T08:40:35z: p:1010.27 gasR:1085896.12 iaq:105.36(0) T:12.18(17.71) H:55.42(39.09) sIaq:96.16(0) Stabilization:1 Run in:0
 0h01:13.841 2025/10/16T08:40:36z: DATA B(30),53,55,37,1010.27,0.03,26352,0,73,9,15,18,9,15,18,57,57,1662,476,82,16,3,1,96.16
 0h01:13.956 2025/10/16T08:40:36z: p:1010.29 gasR:1083311.25 iaq:105.37(0) T:12.05(17.66) H:55.87(39.07) sIaq:96.17(0) Stabilization:1 Run in:0
 0h01:14.956 2025/10/16T08:40:37z: p:1010.26 gasR:1085033.12 iaq:105.38(0) T:12.11(17.71) H:55.69(39.06) sIaq:96.17(0) Stabilization:1 Run in:0
 0h01:15.554 2025/10/16T08:40:37z: DATA A(31),53,55,37,1010.26,0.03,26352,0,75,16,20,24,16,20,24,68,68,2574,752,102,8,5,4,96.17
 0h01:15.956 2025/10/16T08:40:38z: p:1010.25 gasR:1087626.12 iaq:105.38(0) T:12.11(17.72) H:55.70(39.07) sIaq:96.18(0) Stabilization:1 Run in:0
 0h01:16.460 2025/10/16T08:40:38z: DATA A(32),53,55,37,1010.25,0.03,26352,0,76,17,22,25,17,22,25,72,72,2670,788,106,8,5,4,96.18
 0h01:16.956 2025/10/16T08:40:39z: p:1010.26 gasR:1084171.50 iaq:105.39(0) T:12.12(17.73) H:55.69(39.06) sIaq:96.18(0) Stabilization:1 Run in:0
 0h01:17.295 2025/10/16T08:40:39z: DATA A(33),53,55,37,1010.26,0.03,26352,0,77,17,22,25,17,22,25,72,72,2670,788,106,8,5,4,96.18
 0h01:17.956 2025/10/16T08:40:40z: p:1010.25 gasR:1079030.50 iaq:105.40(0) T:12.13(17.74) H:55.66(39.05) sIaq:96.19(0) Stabilization:1 Run in:0
 0h01:18.130 2025/10/16T08:40:40z: DATA A(34),53,55,37,1010.25,0.03,26352,0,78,17,22,25,17,22,25,72,72,2670,788,106,8,5,4,96.19
 0h01:18.956 2025/10/16T08:40:41z: p:1010.26 gasR:1081594.88 iaq:105.41(0) T:12.14(17.74) H:55.66(39.04) sIaq:96.20(0) Stabilization:1 Run in:0
 0h01:19.036 2025/10/16T08:40:41z: DATA A(35),53,55,37,1010.26,0.02,26352,0,79,16,22,25,16,22,25,72,72,2586,758,104,11,5,4,96.20
 0h01:19.956 2025/10/16T08:40:42z: p:1010.25 gasR:1076478.38 iaq:105.42(0) T:12.14(17.74) H:55.69(39.04) sIaq:96.21(0) Stabilization:1 Run in:0
 0h01:20.655 2025/10/16T08:40:42z: DATA B(31),53,55,37,1010.25,0.03,26352,0,80,8,15,17,8,15,17,57,57,1611,457,82,19,2,0,96.21
 0h01:20.956 2025/10/16T08:40:43z: p:1010.26 gasR:1083311.25 iaq:105.43(0) T:12.14(17.75) H:55.67(39.03) sIaq:96.22(0) Stabilization:1 Run in:0
 0h01:21.560 2025/10/16T08:40:43z: DATA B(32),53,55,37,1010.26,0.03,26352,0,81,8,15,18,8,15,18,57,57,1539,438,86,19,3,0,96.22
 0h01:21.955 2025/10/16T08:40:44z: p:1010.26 gasR:1078178.50 iaq:105.44(0) T:12.14(17.75) H:55.67(39.01) sIaq:96.23(0) Stabilization:1 Run in:0
 0h01:22.394 2025/10/16T08:40:44z: DATA B(33),53,55,37,1010.26,0.03,26352,0,82,8,15,18,8,15,18,57,57,1539,438,86,19,3,0,96.23
 0h01:22.956 2025/10/16T08:40:45z: p:1010.26 gasR:1074783.50 iaq:105.46(0) T:12.16(17.76) H:55.66(39.02) sIaq:96.24(0) Stabilization:1 Run in:0
 0h01:23.228 2025/10/16T08:40:45z: DATA B(34),53,55,37,1010.26,0.03,26352,0,83,8,15,18,8,15,18,57,57,1539,438,86,19,3,0,96.24
 0h01:23.956 2025/10/16T08:40:46z: p:1010.26 gasR:1078178.50 iaq:105.47(0) T:12.15(17.75) H:55.66(39.00) sIaq:96.25(0) Stabilization:1 Run in:0
 0h01:24.133 2025/10/16T08:40:46z: DATA B(35),53,55,37,1010.26,0.03,26352,0,84,8,15,17,8,15,17,57,57,1629,463,84,15,3,0,96.25
 0h01:24.956 2025/10/16T08:40:47z: p:1010.26 gasR:1079884.00 iaq:105.48(0) T:12.16(17.76) H:55.63(38.97) sIaq:96.26(0) Stabilization:1 Run in:0
 0h01:25.856 2025/10/16T08:40:48z: DATA A(36),53,55,37,1010.26,0.03,26352,0,85,17,23,24,17,23,24,74,74,2730,792,96,11,2,1,96.26
 0h01:25.955 2025/10/16T08:40:48z: p:1010.26 gasR:1077327.75 iaq:105.50(0) T:12.16(17.76) H:55.61(38.96) sIaq:96.27(0) Stabilization:1 Run in:0
 0h01:26.762 2025/10/16T08:40:49z: DATA A(37),53,55,37,1010.26,0.03,26352,0,86,17,22,24,17,22,24,72,72,2718,778,90,9,3,1,96.27
 0h01:26.955 2025/10/16T08:40:49z: p:1010.25 gasR:1079030.50 iaq:105.51(0) T:12.17(17.77) H:55.64(38.97) sIaq:96.28(0) Stabilization:1 Run in:0
 0h01:27.597 2025/10/16T08:40:49z: DATA A(38),53,55,37,1010.25,0.03,26168,0,87,17,22,24,17,22,24,72,72,2718,778,90,9,3,1,96.28
 0h01:27.956 2025/10/16T08:40:50z: p:1010.26 gasR:1075630.25 iaq:105.52(0) T:12.18(17.78) H:55.59(38.95) sIaq:96.29(0) Stabilization:1 Run in:0
 0h01:28.432 2025/10/16T08:40:50z: DATA A(39),53,55,37,1010.26,0.03,26352,0,88,17,22,24,17,22,24,72,72,2718,778,90,9,3,1,96.29
 0h01:28.956 2025/10/16T08:40:51z: p:1010.26 gasR:1076478.38 iaq:105.54(0) T:12.19(17.79) H:55.56(38.95) sIaq:96.31(0) Stabilization:1 Run in:0
 0h01:29.337 2025/10/16T08:40:51z: DATA A(40),53,55,37,1010.26,0.02,26352,0,89,16,20,24,16,20,24,68,68,2640,758,88,10,4,2,96.31
 0h01:29.956 2025/10/16T08:40:52z: p:1010.23 gasR:1079030.50 iaq:105.54(0) T:12.19(17.79) H:55.56(38.94) sIaq:96.31(0) Stabilization:1 Run in:0
 0h01:30.947 2025/10/16T08:40:53z: DATA B(36),53,55,37,1010.23,0.03,26352,0,90,9,16,19,9,16,19,60,60,1704,492,90,17,4,0,96.31
 0h01:30.966 2025/10/16T08:40:53z: p:1010.27 gasR:1076478.38 iaq:105.56(0) T:12.28(17.81) H:55.26(38.94) sIaq:96.32(0) Stabilization:1 Run in:0
 0h01:31.852 2025/10/16T08:40:54z: DATA B(37),54,55,38,1010.27,0.03,26352,0,91,9,16,19,9,16,19,60,60,1734,496,94,15,3,0,96.32
 0h01:31.966 2025/10/16T08:40:54z: p:1010.27 gasR:1071409.88 iaq:105.58(0) T:12.14(17.75) H:55.73(38.91) sIaq:96.34(0) Stabilization:1 Run in:0
 0h01:32.685 2025/10/16T08:40:55z: DATA B(38),53,55,37,1010.27,0.03,26352,0,92,9,16,19,9,16,19,60,60,1734,496,94,15,3,0,96.34
 0h01:32.965 2025/10/16T08:40:55z: p:1010.26 gasR:1068893.50 iaq:105.61(0) T:12.20(17.80) H:55.59(38.94) sIaq:96.36(0) Stabilization:1 Run in:0
 0h01:33.519 2025/10/16T08:40:55z: DATA B(39),53,55,37,1010.26,0.03,26352,0,93,9,16,19,9,16,19,60,60,1734,496,94,15,3,0,96.36
 0h01:33.966 2025/10/16T08:40:56z: p:1010.27 gasR:1076478.38 iaq:105.62(0) T:12.19(17.80) H:55.60(38.92) sIaq:96.37(0) Stabilization:1 Run in:0
 0h01:34.425 2025/10/16T08:40:56z: DATA B(40),53,55,37,1010.27,0.03,26352,0,94,10,17,21,10,17,21,62,62,1818,526,90,18,6,0,96.37
 0h01:34.966 2025/10/16T08:40:57z: p:1010.27 gasR:1069731.00 iaq:105.64(0) T:12.20(17.80) H:55.59(38.91) sIaq:96.39(0) Stabilization:1 Run in:0
 0h01:35.966 2025/10/16T08:40:58z: p:1010.27 gasR:1073938.12 iaq:105.65(0) T:12.20(17.81) H:55.58(38.91) sIaq:96.40(0) Stabilization:1 Run in:0
 0h01:36.157 2025/10/16T08:40:58z: DATA A(41),53,55,37,1010.27,0.03,26352,0,96,15,19,22,15,19,22,66,66,2472,716,82,8,2,1,96.40
 0h01:36.967 2025/10/16T08:40:59z: p:1010.27 gasR:1069731.00 iaq:105.68(0) T:12.21(17.81) H:55.54(38.90) sIaq:96.42(0) Stabilization:1 Run in:0
 0h01:37.064 2025/10/16T08:40:59z: DATA A(42),53,55,37,1010.27,0.03,26352,0,97,16,22,23,16,22,23,72,72,2556,744,94,9,2,1,96.42
 0h01:37.898 2025/10/16T08:41:00z: DATA A(43),53,55,37,1010.27,0.03,26352,0,97,16,22,23,16,22,23,72,72,2556,744,94,9,2,1,96.42
 0h01:37.966 2025/10/16T08:41:00z: p:1010.25 gasR:1069731.00 iaq:105.70(0) T:12.19(17.79) H:55.62(38.88) sIaq:96.44(0) Stabilization:1 Run in:0
 0h01:38.733 2025/10/16T08:41:01z: DATA A(44),53,55,37,1010.25,0.03,26352,0,98,16,22,23,16,22,23,72,72,2556,744,94,9,2,1,96.44
 0h01:38.967 2025/10/16T08:41:01z: p:1010.26 gasR:1064725.75 iaq:105.73(0) T:12.20(17.80) H:55.56(38.86) sIaq:96.47(0) Stabilization:1 Run in:0
 0h01:39.639 2025/10/16T08:41:01z: DATA A(45),53,55,37,1010.26,0.03,26352,0,99,15,21,23,15,21,23,70,70,2472,730,90,9,2,1,96.47
 0h01:39.966 2025/10/16T08:41:02z: p:1010.25 gasR:1067222.50 iaq:105.76(0) T:12.19(17.79) H:55.58(38.84) sIaq:96.49(0) Stabilization:1 Run in:0
 0h01:40.966 2025/10/16T08:41:03z: p:1010.28 gasR:1063067.75 iaq:105.79(0) T:12.21(17.81) H:55.51(38.83) sIaq:96.52(0) Stabilization:1 Run in:0
 0h01:41.238 2025/10/16T08:41:03z: DATA B(41),53,55,37,1010.28,0.03,26352,0,101,10,17,20,10,17,20,62,62,1845,539,98,15,5,0,96.52
 0h01:41.967 2025/10/16T08:41:04z: p:1010.25 gasR:1069731.00 iaq:105.81(0) T:12.21(17.81) H:55.49(38.81) sIaq:96.53(0) Stabilization:1 Run in:0
 0h01:42.143 2025/10/16T08:41:04z: DATA B(42),53,55,37,1010.25,0.03,26352,0,102,10,17,22,10,17,22,62,62,1890,553,100,17,8,1,96.53
{"SensorId":"c4:5b:be:e7:8:a0","DateTime":"2025/10/16T08:41:05z","Geo":"PurpleAir-8a0","Mem":26352,"memfrag":2,"memfb":25968,"memcs":512,"Id":1,"lat":0.000000,"lon":0.000000,"Adc":"nan","loggingrate":15,"place":"outside","version":"7.04","uptime":102,"rssi":0,"period":102,"httpsuccess":0,"httpsends":0,"hardwareversion":"3.0","hardwarediscovered":"3.0+RV3028+BME68X+PMSX003-A+PMSX003-B","current_temp_f":53,"current_humidity":55,"current_dewpoint_f":37,"pressure":1010.25,"current_temp_f_680":53,"current_humidity_680":55,"current_dewpoint_f_680":37,"pressure_680":1010.25,"gas_680":"nan","p25aqic_b":"rgb(255,254,0)","pm2.5_aqi_b":60,"pm1_0_cf_1_b":9.14,"p_0_3_um_b":1752.93,"pm2_5_cf_1_b":16.21,"p_0_5_um_b":503.93,"pm10_0_cf_1_b":19.10,"p_1_0_um_b":95.33,"pm1_0_atm_b":9.14,"p_2_5_um_b":16.52,"pm2_5_atm_b":16.21,"p_5_0_um_b":4.07,"pm10_0_atm_b":19.10,"p_10_0_um_b":0.62,"p25aqic":"rgb(255,245,0)","pm2.5_aqi":71,"pm1_0_cf_1":15.76,"p_0_3_um":2594.67,"pm2_5_cf_1":21.40,"p_0_5_um":754.31,"pm10_0_cf_1":25.04,"p_1_0_um":102.22,"pm1_0_atm":15.76,"p_2_5_um":12.76,"pm2_5_atm":21.40,"p_5_0_um":4.91,"pm10_0_atm":25.04,"p_10_0_um":2.24,"wlstate":"No SSID","status_0":0,"status_1":0,"status_2":0,"status_3":0,"status_4":2,"status_5":2,"status_7":0,"status_8":2,"status_9":2}
 0h01:43.056 2025/10/16T08:41:05z: update.purpleair.com:80/firmware/2mb/update.asp
 0h01:43.062 2025/10/16T08:41:05z: Error: -1
 0h01:43.082 2025/10/16T08:41:05z: DATA B(1),53,55,37,1010.25,0.03,26352,0,103,10,17,22,10,17,22,62,62,1890,553,100,17,8,1,96.53
1 BSEC warning code : 100

UTCDateTime,mac_address,firmware_ver,hardware,current_temp_f,current_humidity,current_dewpoint_f,pressure,adc,mem,rssi,uptime,pm1_0_cf_1,pm2_5_cf_1,pm10_0_cf_1,pm1_0_atm,pm2_5_atm,pm10_0_atm,pm2.5_aqi_cf_1,pm2.5_aqi_atm,p_0_3_um,p_0_5_um,p_1_0_um,p_2_5_um,p_5_0_um,p_10_0_um,pm1_0_cf_1_b,pm2_5_cf_1_b,pm10_0_cf_1_b,pm1_0_atm_b,pm2_5_atm_b,pm10_0_atm_b,pm2.5_aqi_cf_1_b,pm2.5_aqi_atm_b,p_0_3_um_b,p_0_5_um_b,p_1_0_um_b,p_2_5_um_b,p_5_0_um_b,p_10_0_um_b,gas
2025/10/16T08:41:05z,c4:5b:be:e7:8:a0,7.04,3.0+RV3028+BME68X+PMSX003-A+PMSX003-B,53,55,37,1010.25,nan,26352,0,103,15.76,21.40,25.04,15.76,21.40,25.04,71,71,2594.67,754.31,102.22,12.76,4.91,2.24,9.14,16.21,19.10,9.14,16.21,19.10,60,60,1752.93,503.93,95.33,16.52,4.07,0.62,nan
1 BSEC warning code : 100

 ets Jan  8 2013,rst cause:1, boot mode:(3,7)

load 0x4010f000, len 1384, room 16 
tail 8
chksum 0x2d
csum 0x2d
v8b899c12
~ld


7.04
 0h00:00.283 1970/01/01T08:00:00z: SPIFFS Active
 0h00:03.957 2025/10/16T16:38:40z: c4:5b:be:e7:8:a0
 0h00:03.959 2025/10/16T16:38:40z: SSID: TP-LINK_87DF
1 BSEC warning code : 100

1 BSEC warning code : 100

1 BSEC warning code : 100

1 BSEC warning code : 100

 ets Jan  8 2013,rst cause:1, boot mode:(3,7)

load 0x4010f000, len 1384, room 16 
tail 8
chksum 0x2d
csum 0x2d
v8b899c12
~ld


7.04
 0h00:00.284 1970/01/01T08:00:00z: SPIFFS Active
 0h00:03.959 2025/10/16T16:58:21z: c4:5b:be:e7:8:a0
 0h00:03.960 2025/10/16T16:58:21z: SSID: TP-LINK_87DF
1 BSEC warning code : 100

 ets Jan  8 2013,rst cause:1, boot mode:(3,7)

load 0x4010f000, len 1384, room 16 
tail 8
chksum 0x2d
csum 0x2d
v8b899c12
~ld


7.04
 0h00:00.289 1970/01/01T08:00:00z: SPIFFS Active
 0h00:03.963 2025/10/16T17:18:03z: c4:5b:be:e7:8:a0
 0h00:03.965 2025/10/16T17:18:03z: SSID: TP-LINK_87DF
1 BSEC warning code : 100

1 BSEC warning code : 100

1 BSEC warning code : 100

 ets Jan  8 2013,rst cause:1, boot mode:(3,7)

load 0x4010f000, len 1384, room 16 
tail 8
chksum 0x2d
csum 0x2d
v8b899c12
~ld


7.04
 0h00:00.286 1970/01/01T08:00:00z: SPIFFS Active
 0h00:03.960 2025/10/16T17:37:43z: c4:5b:be:e7:8:a0
 0h00:03.962 2025/10/16T17:37:43z: SSID: TP-LINK_87DF
1 BSEC warning code : 100

1 BSEC warning code : 100

1 BSEC warning code : 100

 ets Jan  8 2013,rst cause:1, boot mode:(3,7)

load 0x4010f000, len 1384, room 16 
tail 8
chksum 0x2d
csum 0x2d
v8b899c12
~ld


7.04
 0h00:00.288 1970/01/01T08:00:00z: SPIFFS Active
 0h00:03.963 2025/10/16T17:57:24z: c4:5b:be:e7:8:a0
 0h00:03.964 2025/10/16T17:57:24z: SSID: TP-LINK_87DF
1 BSEC warning code : 100

 ets Jan  8 2013,rst cause:1, boot mode:(3,7)

load 0x4010f000, len 1384, room 16 
tail 8
chksum 0x2d
csum 0x2d
v8b899c12
~ld


7.04
 0h00:00.287 1970/01/01T08:00:00z: SPIFFS Active
 0h00:03.960 2025/10/16T18:17:05z: c4:5b:be:e7:8:a0
 0h00:03.961 2025/10/16T18:17:05z: SSID: TP-LINK_87DF
1 BSEC warning code : 100

 ets Jan  8 2013,rst cause:1, boot mode:(3,7)

load 0x4010f000, len 1384, room 16 
tail 8
chksum 0x2d
csum 0x2d
v8b899c12
~ld


7.04
 0h00:00.284 1970/01/01T08:00:00z: SPIFFS Active
 0h00:03.957 2025/10/16T18:36:46z: c4:5b:be:e7:8:a0
 0h00:03.959 2025/10/16T18:36:46z: SSID: TP-LINK_87DF
1 BSEC warning code : 100

1 BSEC warning code : 100

 ets Jan  8 2013,rst cause:1, boot mode:(3,7)

load 0x4010f000, len 1384, room 16 
tail 8
chksum 0x2d
csum 0x2d
v8b899c12
~ld


7.04
 0h00:00.281 1970/01/01T08:00:00z: SPIFFS Active
 0h00:03.954 2025/10/16T18:56:27z: c4:5b:be:e7:8:a0
 0h00:03.955 2025/10/16T18:56:27z: SSID: TP-LINK_87DF
1 BSEC warning code : 100

1 BSEC warning code : 100

1 BSEC warning code : 100

 ets Jan  8 2013,rst cause:1, boot mode:(3,7)

load 0x4010f000, len 1384, room 16 
tail 8
chksum 0x2d
csum 0x2d
v8b899c12
~ld


7.04
 0h00:00.283 1970/01/01T08:00:00z: SPIFFS Active
 0h00:03.956 2025/10/16T19:16:09z: c4:5b:be:e7:8:a0
 0h00:03.957 2025/10/16T19:16:09z: SSID: TP-LINK_87DF
1 BSEC warning code : 100

1 BSEC warning code : 100

1 BSEC warning code : 100

 ets Jan  8 2013,rst cause:1, boot mode:(3,7)

load 0x4010f000, len 1384, room 16 
tail 8
chksum 0x2d
csum 0x2d
v8b899c12
~ld


7.04
 0h00:00.286 1970/01/01T08:00:00z: SPIFFS Active
 0h00:03.959 2025/10/16T19:35:49z: c4:5b:be:e7:8:a0
 0h00:03.960 2025/10/16T19:35:49z: SSID: TP-LINK_87DF
1 BSEC warning code : 100

1 BSEC warning code : 100

1 BSEC warning code : 100

 ets Jan  8 2013,rst cause:1, boot mode:(3,7)

load 0x4010f000, len 1384, room 16 
tail 8
chksum 0x2d
csum 0x2d
v8b899c12
~ld


7.04
 0h00:00.286 1970/01/01T08:00:00z: SPIFFS Active
 0h00:03.959 2025/10/16T19:55:30z: c4:5b:be:e7:8:a0
 0h00:03.960 2025/10/16T19:55:30z: SSID: TP-LINK_87DF
1 BSEC warning code : 100

1 BSEC warning code : 100

1 BSEC warning code : 100

 ets Jan  8 2013,rst cause:1, boot mode:(3,7)

load 0x4010f000, len 1384, room 16 
tail 8
chksum 0x2d
csum 0x2d
v8b899c12
~ld


7.04
 0h00:00.283 1970/01/01T08:00:00z: SPIFFS Active
 0h00:03.956 2025/10/16T20:15:11z: c4:5b:be:e7:8:a0
 0h00:03.958 2025/10/16T20:15:11z: SSID: TP-LINK_87DF
1 BSEC warning code : 100

1 BSEC warning code : 100

 ets Jan  8 2013,rst cause:1, boot mode:(3,7)

load 0x4010f000, len 1384, room 16 
tail 8
chksum 0x2d
csum 0x2d
v8b899c12
~ld


7.04
 0h00:00.287 1970/01/01T08:00:00z: SPIFFS Active
 0h00:03.960 2025/10/16T20:34:53z: c4:5b:be:e7:8:a0
 0h00:03.962 2025/10/16T20:34:53z: SSID: TP-LINK_87DF
1 BSEC warning code : 100

 ets Jan  8 2013,rst cause:1, boot mode:(3,7)

load 0x4010f000, len 1384, room 16 
tail 8
chksum 0x2d
csum 0x2d
v8b899c12
~ld


7.04
 0h00:00.287 1970/01/01T08:00:00z: SPIFFS Active
 0h00:03.960 2025/10/16T20:54:33z: c4:5b:be:e7:8:a0
 0h00:03.962 2025/10/16T20:54:33z: SSID: TP-LINK_87DF
1 BSEC warning code : 100

 ets Jan  8 2013,rst cause:1, boot mode:(3,7)

load 0x4010f000, len 1384, room 16 
tail 8
chksum 0x2d
csum 0x2d
v8b899c12
~ld


7.04
 0h00:00.290 1970/01/01T08:00:00z: SPIFFS Active
 0h00:03.963 2025/10/16T21:14:14z: c4:5b:be:e7:8:a0
 0h00:03.964 2025/10/16T21:14:14z: SSID: TP-LINK_87DF
1 BSEC warning code : 100

1 BSEC warning code : 100

1 BSEC warning code : 100

 ets Jan  8 2013,rst cause:1, boot mode:(3,7)

load 0x4010f000, len 1384, room 16 
tail 8
chksum 0x2d
csum 0x2d
v8b899c12
~ld


7.04
 0h00:00.283 1970/01/01T08:00:00z: SPIFFS Active
 0h00:03.956 2025/10/16T21:33:54z: c4:5b:be:e7:8:a0
 0h00:03.958 2025/10/16T21:33:54z: SSID: TP-LINK_87DF
1 BSEC warning code : 100

1 BSEC warning code : 100

1 BSEC warning code : 100

 ets Jan  8 2013,rst cause:1, boot mode:(3,7)

load 0x4010f000, len 1384, room 16 
tail 8
chksum 0x2d
csum 0x2d
v8b899c12
~ld


7.04
 0h00:00.285 1970/01/01T08:00:00z: SPIFFS Active
 0h00:03.958 2025/10/16T21:53:35z: c4:5b:be:e7:8:a0
 0h00:03.959 2025/10/16T21:53:35z: SSID: TP-LINK_87DF
1 BSEC warning code : 100

 ets Jan  8 2013,rst cause:1, boot mode:(3,7)

load 0x4010f000, len 1384, room 16 
tail 8
chksum 0x2d
csum 0x2d
v8b899c12
~ld


7.04
 0h00:00.287 1970/01/01T08:00:00z: SPIFFS Active
 0h00:03.961 2025/10/16T22:13:16z: c4:5b:be:e7:8:a0
 0h00:03.962 2025/10/16T22:13:16z: SSID: TP-LINK_87DF
1 BSEC warning code : 100

 ets Jan  8 2013,rst cause:1, boot mode:(3,7)

load 0x4010f000, len 1384, room 16 
tail 8
chksum 0x2d
csum 0x2d
v8b899c12
~ld


7.04
 0h00:00.282 1970/01/01T08:00:00z: SPIFFS Active
 0h00:03.955 2025/10/16T22:32:57z: c4:5b:be:e7:8:a0
 0h00:03.957 2025/10/16T22:32:57z: SSID: TP-LINK_87DF
1 BSEC warning code : 100

 ets Jan  8 2013,rst cause:1, boot mode:(3,7)

load 0x4010f000, len 1384, room 16 
tail 8
chksum 0x2d
csum 0x2d
v8b899c12
~ld


7.04
 0h00:00.285 1970/01/01T08:00:00z: SPIFFS Active
 0h00:03.958 2025/10/16T22:52:38z: c4:5b:be:e7:8:a0
 0h00:03.959 2025/10/16T22:52:38z: SSID: TP-LINK_87DF
1 BSEC warning code : 100

1 BSEC warning code : 100

1 BSEC warning code : 100

 ets Jan  8 2013,rst cause:1, boot mode:(3,7)

load 0x4010f000, len 1384, room 16 
tail 8
chksum 0x2d
csum 0x2d
v8b899c12
~ld


7.04
 0h00:00.285 1970/01/01T08:00:00z: SPIFFS Active
 0h00:03.959 2025/10/16T23:12:20z: c4:5b:be:e7:8:a0
 0h00:03.960 2025/10/16T23:12:20z: SSID: TP-LINK_87DF
1 BSEC warning code : 100

1 BSEC warning code : 100

1 BSEC warning code : 100

 ets Jan  8 2013,rst cause:1, boot mode:(3,7)

load 0x4010f000, len 1384, room 16 
tail 8
chksum 0x2d
csum 0x2d
v8b899c12
~ld


7.04
 0h00:00.279 1970/01/01T08:00:00z: SPIFFS Active
 0h00:03.953 2025/10/16T23:32:01z: c4:5b:be:e7:8:a0
 0h00:03.954 2025/10/16T23:32:01z: SSID: TP-LINK_87DF
1 BSEC warning code : 100

1 BSEC warning code : 100

1 BSEC warning code : 100

 ets Jan  8 2013,rst cause:1, boot mode:(3,7)

load 0x4010f000, len 1384, room 16 
tail 8
chksum 0x2d
csum 0x2d
v8b899c12
~ld


7.04
 0h00:00.286 1970/01/01T08:00:00z: SPIFFS Active
 0h00:03.960 2025/10/16T23:51:41z: c4:5b:be:e7:8:a0
 0h00:03.961 2025/10/16T23:51:41z: SSID: TP-LINK_87DF
1 BSEC warning code : 100
